###############################################################################
#                                                                             #
# IAR ANSI C/C++ Compiler V6.10.2.52244/W32 for ARM     14/Jul/2015  18:59:24 #
# Copyright 1999-2010 IAR Systems AB.                                         #
#                                                                             #
#    Cpu mode     =  arm                                                      #
#    Endian       =  little                                                   #
#    Source file  =  C:\DUII\DUII\Graphics\Alarm2Active.c                     #
#    Command line =  C:\DUII\DUII\Graphics\Alarm2Active.c -D DEBUG=1 -D       #
#                    SDRAM_TARGET=1 -D USB_IS_HIGH_SPEED -D                   #
#                    XIGNORE_TEMPERATURE -D BUILD_DEBUG_PORT -D PROFILER      #
#                    -lCN C:\DUII\TargetHW\Output\AT91SAM9RL64\Debug_SDRAM\Li #
#                    st\ -o C:\DUII\TargetHW\Output\AT91SAM9RL64\Debug_SDRAM\ #
#                    Obj\ --debug --endian=little --cpu=ARM926EJ-S -e         #
#                    --fpu=None --dlib_config "C:\Program Files (x86)\IAR     #
#                    Systems\Embedded Workbench 6.0\arm\INC\c\DLib_Config_Ful #
#                    l.h" -I C:\DUII\TargetHW\Application\SEGGERDEMO\ -I      #
#                    C:\DUII\TargetHW\Application\SEGGERDEMO\Src\ -I          #
#                    C:\DUII\TargetHW\Config\ -I C:\DUII\TargetHW\FS\ -I      #
#                    C:\DUII\TargetHW\GUI\ -I C:\DUII\TargetHW\Inc\ -I        #
#                    C:\DUII\TargetHW\OS\ -I C:\DUII\TargetHW\Setup\ -I       #
#                    \DUII\DUII\ -I \DUII\DUII\Graphics\ -I PROFILER\         #
#                    --cpu_mode arm -Ohs --use_c++_inline                     #
#                    --require_prototypes                                     #
#    List file    =  C:\DUII\TargetHW\Output\AT91SAM9RL64\Debug_SDRAM\List\Al #
#                    arm2Active.lst                                           #
#    Object file  =  C:\DUII\TargetHW\Output\AT91SAM9RL64\Debug_SDRAM\Obj\Ala #
#                    rm2Active.o                                              #
#                                                                             #
#                                                                             #
###############################################################################

C:\DUII\DUII\Graphics\Alarm2Active.c
      1          /*********************************************************************
      2          *                SEGGER MICROCONTROLLER SYSTEME GmbH                 *
      3          *        Solutions for real time microcontroller applications        *
      4          *                           www.segger.com                           *
      5          **********************************************************************
      6          *
      7          * C-file generated by
      8          *
      9          *        Bitmap converter for emWin V5.04.
     10          *        Compiled Jan  8 2010, 16:37:17
     11          *        (C) 1998 - 2005 Segger Microcontroller Systeme GmbH
     12          *
     13          **********************************************************************
     14          *
     15          * Source file: Alarm2Active
     16          * Dimensions:  200 * 40
     17          * NumColors:   3
     18          *
     19          **********************************************************************
     20          */
     21          
     22          #include <stdlib.h>
     23          
     24          #include "GUI.h"
     25          
     26          #ifndef GUI_CONST_STORAGE
     27            #define GUI_CONST_STORAGE const
     28          #endif
     29          
     30          /*   Palette
     31          The following are the entries of the palette table.
     32          Every entry is a 32-bit value (of which 24 bits are actually used)
     33          the lower   8 bits represent the Red component,
     34          the middle  8 bits represent the Green component,
     35          the highest 8 bits (of the 24 bits used) represent the Blue component
     36          as follows:   0xBBGGRR
     37          */
     38          

   \                                 In section .rodata, align 4, keep-with-next
     39          static GUI_CONST_STORAGE GUI_COLOR ColorsAlarm2Active[] = {
   \                     ColorsAlarm2Active:
   \   00000000                      ; Initializer data, 12 bytes
   \   00000000   00FF0000FF00       DC32 65280, 255, 0
   \              000000000000
     40               0x00FF00,0x0000FF,0x000000
     41          };
     42          

   \                                 In section .rodata, align 4, keep-with-next
     43          static GUI_CONST_STORAGE GUI_LOGPALETTE PalAlarm2Active = {
   \                     PalAlarm2Active:
   \   00000000                      ; Initializer data, 12 bytes
   \   00000000   03000000           DC32 3
   \   00000004   01000000           DC8 1, 0, 0, 0
   \   00000008   ........           DC32 ColorsAlarm2Active
     44            3,	/* number of entries */
     45            1, 	/* Has transparency */
     46            &ColorsAlarm2Active[0]
     47          };
     48          

   \                                 In section .rodata, align 4, keep-with-next
     49          static GUI_CONST_STORAGE unsigned char acAlarm2Active[] = {
   \                     acAlarm2Active:
   \   00000000                      ; Initializer data, 2000 bytes
   \   00000000   000000000000       DC8 0, 0, 0, 0, 0, 0, 0, 0, 0, 0
   \              00000000    
   \   0000000A   000000000000       DC8 0, 0, 0, 0, 0, 0, 0, 0, 0, 0
   \              00000000    
   \   00000014   000000000000       DC8 0, 0, 0, 0, 0, 0, 0, 0, 0, 0
   \              00000000    
   \   0000001E   000000000000       DC8 0, 0, 0, 0, 0, 0, 0, 0, 0, 0
   \              00000000    
   \   00000028   000000000000       DC8 0, 0, 0, 0, 0, 0, 0, 0, 0, 0
   \              00000000    
   \   00000032   155555555555       DC8 21, 85, 85, 85, 85, 85, 85, 85, 85, 85
   \              55555555    
   \   0000003C   555555555555       DC8 85, 85, 85, 85, 85, 85, 85, 85, 85, 85
   \              55555555    
   \   00000046   555555555555       DC8 85, 85, 85, 85, 85, 85, 85, 85, 85, 85
   \              55555555    
   \   00000050   555555555555       DC8 85, 85, 85, 85, 85, 85, 85, 85, 85, 85
   \              55555555    
   \   0000005A   555555555555       DC8 85, 85, 85, 85, 85, 85, 85, 85, 85, 84
   \              55555554    
   \   00000064   155555555555       DC8 21, 85, 85, 85, 85, 85, 85, 85, 85, 85
   \              55555555    
   \   0000006E   555555555555       DC8 85, 85, 85, 85, 85, 85, 85, 85, 85, 85
   \              55555555    
   \   00000078   555555555555       DC8 85, 85, 85, 85, 85, 85, 85, 85, 85, 85
   \              55555555    
   \   00000082   555555555555       DC8 85, 85, 85, 85, 85, 85, 85, 85, 85, 85
   \              55555555    
   \   0000008C   555555555555       DC8 85, 85, 85, 85, 85, 85, 85, 85, 85, 84
   \              55555554    
   \   00000096   155555555555       DC8 21, 85, 85, 85, 85, 85, 85, 85, 85, 85
   \              55555555    
   \   000000A0   555555555555       DC8 85, 85, 85, 85, 85, 85, 85, 85, 85, 85
   \              55555555    
   \   000000AA   555555555555       DC8 85, 85, 85, 85, 85, 85, 85, 85, 85, 85
   \              55555555    
   \   000000B4   555555555555       DC8 85, 85, 85, 85, 85, 85, 85, 85, 85, 85
   \              55555555    
   \   000000BE   555555555555       DC8 85, 85, 85, 85, 85, 85, 85, 85, 85, 84
   \              55555554    
   \   000000C8   155555555555       DC8 21, 85, 85, 85, 85, 85, 85, 85, 85, 85
   \              55555555    
   \   000000D2   555555555555       DC8 85, 85, 85, 85, 85, 85, 85, 85, 85, 85
   \              55555555    
   \   000000DC   555555555555       DC8 85, 85, 85, 85, 85, 85, 85, 85, 85, 85
   \              55555555    
   \   000000E6   555555555555       DC8 85, 85, 85, 85, 85, 85, 85, 85, 85, 85
   \              55555555    
   \   000000F0   555555555555       DC8 85, 85, 85, 85, 85, 85, 85, 85, 85, 84
   \              55555554    
   \   000000FA   156AAAAAAAAA       DC8 21, 106, 170, 170, 170, 170, 170, 170, 170, 170
   \              AAAAAAAA    
   \   00000104   AAAAAAAAAAAA       DC8 170, 170, 170, 170, 170, 170, 170, 170, 170, 170
   \              AAAAAAAA    
   \   0000010E   AAAAAAAAAAAA       DC8 170, 170, 170, 170, 170, 170, 170, 170, 170, 170
   \              AAAAAAAA    
   \   00000118   AAAAAAAAAAAA       DC8 170, 170, 170, 170, 170, 170, 170, 170, 170, 170
   \              AAAAAAAA    
   \   00000122   AAAAAAAAAAAA       DC8 170, 170, 170, 170, 170, 170, 170, 170, 149, 84
   \              AAAA9554    
   \   0000012C   156AAAAAAAAA       DC8 21, 106, 170, 170, 170, 170, 170, 170, 170, 170
   \              AAAAAAAA    
   \   00000136   AAAAAAAAAAAA       DC8 170, 170, 170, 170, 170, 170, 170, 170, 170, 170
   \              AAAAAAAA    
   \   00000140   AAAAAAAAAAAA       DC8 170, 170, 170, 170, 170, 170, 170, 170, 170, 170
   \              AAAAAAAA    
   \   0000014A   AAAAAAAAAAAA       DC8 170, 170, 170, 170, 170, 170, 170, 170, 170, 170
   \              AAAAAAAA    
   \   00000154   AAAAAAAAAAAA       DC8 170, 170, 170, 170, 170, 170, 170, 170, 149, 84
   \              AAAA9554    
   \   0000015E   156AAAAAAAAA       DC8 21, 106, 170, 170, 170, 170, 170, 170, 170, 170
   \              AAAAAAAA    
   \   00000168   AAAAAAAAAAAA       DC8 170, 170, 170, 170, 170, 170, 170, 170, 170, 170
   \              AAAAAAAA    
   \   00000172   AAAAAAAAAAAA       DC8 170, 170, 170, 170, 170, 170, 170, 170, 170, 170
   \              AAAAAAAA    
   \   0000017C   AAAAAAAAAAAA       DC8 170, 170, 170, 170, 170, 170, 170, 170, 170, 170
   \              AAAAAAAA    
   \   00000186   AAAAAAAAAAAA       DC8 170, 170, 170, 170, 170, 170, 170, 170, 149, 84
   \              AAAA9554    
   \   00000190   156AAAAAAAAA       DC8 21, 106, 170, 170, 170, 170, 170, 170, 170, 170
   \              AAAAAAAA    
   \   0000019A   AAAAAAAAAAAA       DC8 170, 170, 170, 170, 170, 170, 170, 170, 170, 170
   \              AAAAAAAA    
   \   000001A4   AAAAAAAAAAAA       DC8 170, 170, 170, 170, 170, 170, 170, 170, 170, 170
   \              AAAAAAAA    
   \   000001AE   AAAAAAAAAAAA       DC8 170, 170, 170, 170, 170, 170, 170, 170, 170, 170
   \              AAAAAAAA    
   \   000001B8   AAAAAAAAAAAA       DC8 170, 170, 170, 170, 170, 170, 170, 170, 149, 84
   \              AAAA9554    
   \   000001C2   156AAAAAAAAA       DC8 21, 106, 170, 170, 170, 170, 170, 170, 170, 170
   \              AAAAAAAA    
   \   000001CC   AAAAAAAAAAAA       DC8 170, 170, 170, 170, 170, 170, 170, 170, 170, 170
   \              AAAAAAAA    
   \   000001D6   AAAAAAAAAAAA       DC8 170, 170, 170, 170, 170, 170, 170, 170, 170, 170
   \              AAAAAAAA    
   \   000001E0   AAAAAAAAAAAA       DC8 170, 170, 170, 170, 170, 170, 170, 170, 170, 170
   \              AAAAAAAA    
   \   000001EA   AAAAAAAAAAAA       DC8 170, 170, 170, 170, 170, 170, 170, 170, 149, 84
   \              AAAA9554    
   \   000001F4   156AAAAAAAAA       DC8 21, 106, 170, 170, 170, 170, 170, 170, 170, 170
   \              AAAAAAAA    
   \   000001FE   AAAAAAAAAAAA       DC8 170, 170, 170, 170, 170, 170, 170, 170, 170, 170
   \              AAAAAAAA    
   \   00000208   AAAAAAAAAAAA       DC8 170, 170, 170, 170, 170, 170, 170, 170, 170, 170
   \              AAAAAAAA    
   \   00000212   AAAAAAAAAAAA       DC8 170, 170, 170, 170, 170, 170, 170, 170, 170, 170
   \              AAAAAAAA    
   \   0000021C   AAAAAAAAAAAA       DC8 170, 170, 170, 170, 170, 170, 170, 170, 149, 84
   \              AAAA9554    
   \   00000226   156AAAAAAAAA       DC8 21, 106, 170, 170, 170, 170, 170, 170, 170, 170
   \              AAAAAAAA    
   \   00000230   AAAAAAAAAAAA       DC8 170, 170, 170, 170, 170, 170, 170, 170, 170, 170
   \              AAAAAAAA    
   \   0000023A   AAAAAAAAAAAA       DC8 170, 170, 170, 170, 170, 170, 170, 170, 170, 170
   \              AAAAAAAA    
   \   00000244   AAAAAAAAAAAA       DC8 170, 170, 170, 170, 170, 170, 170, 170, 170, 170
   \              AAAAAAAA    
   \   0000024E   AAAAAAAAAAAA       DC8 170, 170, 170, 170, 170, 170, 170, 170, 149, 84
   \              AAAA9554    
   \   00000258   156AAAAAAAAA       DC8 21, 106, 170, 170, 170, 170, 170, 170, 170, 170
   \              AAAAAAAA    
   \   00000262   AAAAAAAAAAAA       DC8 170, 170, 170, 170, 170, 170, 170, 170, 170, 170
   \              AAAAAAAA    
   \   0000026C   AAAAAAAAAAAA       DC8 170, 170, 170, 170, 170, 170, 170, 170, 170, 170
   \              AAAAAAAA    
   \   00000276   AAAAAAAAAAAA       DC8 170, 170, 170, 170, 170, 170, 170, 170, 170, 170
   \              AAAAAAAA    
   \   00000280   AAAAAAAAAAAA       DC8 170, 170, 170, 170, 170, 170, 170, 170, 149, 84
   \              AAAA9554    
   \   0000028A   156AAAAAAAAA       DC8 21, 106, 170, 170, 170, 170, 170, 170, 170, 170
   \              AAAAAAAA    
   \   00000294   AAAAAA6AAAAA       DC8 170, 170, 170, 106, 170, 170, 170, 170, 170, 170
   \              AAAAAAAA    
   \   0000029E   AAAAAAAAAAAA       DC8 170, 170, 170, 170, 170, 170, 170, 170, 170, 170
   \              AAAAAAAA    
   \   000002A8   AAAAAAAAAAAA       DC8 170, 170, 170, 170, 170, 170, 170, 170, 170, 170
   \              AAAAAAAA    
   \   000002B2   AAAAAAAAAAAA       DC8 170, 170, 170, 170, 170, 170, 170, 170, 149, 84
   \              AAAA9554    
   \   000002BC   156AAAAAAAAA       DC8 21, 106, 170, 170, 170, 170, 170, 170, 170, 170
   \              AAAAAAAA    
   \   000002C6   A6AAA56AAAAA       DC8 166, 170, 165, 106, 170, 170, 170, 170, 170, 170
   \              AAAAAAAA    
   \   000002D0   AAA955AAAAA9       DC8 170, 169, 85, 170, 170, 169, 170, 170, 170, 170
   \              AAAAAAAA    
   \   000002DA   AAAAAAAAAAAA       DC8 170, 170, 170, 170, 170, 170, 150, 170, 170, 170
   \              96AAAAAA    
   \   000002E4   AAAAAAAAAAAA       DC8 170, 170, 170, 170, 170, 170, 170, 170, 149, 84
   \              AAAA9554    
   \   000002EE   156AAAAAAAAA       DC8 21, 106, 170, 170, 170, 170, 170, 170, 170, 170
   \              AAAAAAAA    
   \   000002F8   95AAA96AAAAA       DC8 149, 170, 169, 106, 170, 170, 170, 170, 170, 170
   \              AAAAAAAA    
   \   00000302   AAA5A56AAAA5       DC8 170, 165, 165, 106, 170, 165, 106, 170, 170, 169
   \              6AAAAAA9    
   \   0000030C   AA5AAAAAAAAA       DC8 170, 90, 170, 170, 170, 170, 150, 170, 170, 170
   \              96AAAAAA    
   \   00000316   AAAAAAAAAAAA       DC8 170, 170, 170, 170, 170, 170, 170, 170, 149, 84
   \              AAAA9554    
   \   00000320   156AAAAAAAAA       DC8 21, 106, 170, 170, 170, 170, 170, 170, 170, 170
   \              AAAAAAAA    
   \   0000032A   95AAA96AAAAA       DC8 149, 170, 169, 106, 170, 170, 170, 170, 170, 170
   \              AAAAAAAA    
   \   00000334   AAA6A96AAAA5       DC8 170, 166, 169, 106, 170, 165, 106, 170, 170, 165
   \              6AAAAAA5    
   \   0000033E   AA5AAAAAAAAA       DC8 170, 90, 170, 170, 170, 170, 150, 170, 170, 170
   \              96AAAAAA    
   \   00000348   AAAAAAAAAAAA       DC8 170, 170, 170, 170, 170, 170, 170, 170, 149, 84
   \              AAAA9554    
   \   00000352   156AAAAAAAAA       DC8 21, 106, 170, 170, 170, 170, 170, 170, 170, 170
   \              AAAAAAAA    
   \   0000035C   996AA96AAAAA       DC8 153, 106, 169, 106, 170, 170, 170, 170, 170, 170
   \              AAAAAAAA    
   \   00000366   AAA6A96AAAA6       DC8 170, 166, 169, 106, 170, 166, 90, 170, 170, 165
   \              5AAAAAA5    
   \   00000370   AAAAAAAAAAAA       DC8 170, 170, 170, 170, 170, 170, 150, 170, 170, 170
   \              96AAAAAA    
   \   0000037A   AAAAAAAAAAAA       DC8 170, 170, 170, 170, 170, 170, 170, 170, 149, 84
   \              AAAA9554    
   \   00000384   156AAAAAAAAA       DC8 21, 106, 170, 170, 170, 170, 170, 170, 170, 170
   \              AAAAAAAA    
   \   0000038E   696AA96A95AA       DC8 105, 106, 169, 106, 149, 170, 153, 169, 149, 101
   \              99A99565    
   \   00000398   6AAAA96AAA9A       DC8 106, 170, 169, 106, 170, 154, 90, 170, 85, 149
   \              5AAA5595    
   \   000003A2   5A9A5595A95A       DC8 90, 154, 85, 149, 169, 90, 150, 170, 170, 170
   \              96AAAAAA    
   \   000003AC   AAAAAAAAAAAA       DC8 170, 170, 170, 170, 170, 170, 170, 170, 149, 84
   \              AAAA9554    
   \   000003B6   156AAAAAAAAA       DC8 21, 106, 170, 170, 170, 170, 170, 170, 170, 170
   \              AAAAAAAA    
   \   000003C0   6A5AA96A6969       DC8 106, 90, 169, 106, 105, 105, 85, 149, 105, 90
   \              5595695A    
   \   000003CA   5AAAA5AAAA9A       DC8 90, 170, 165, 170, 170, 154, 150, 169, 169, 165
   \              96A9A9A5    
   \   000003D4   A95A96A69696       DC8 169, 90, 150, 166, 150, 150, 154, 170, 170, 170
   \              9AAAAAAA    
   \   000003DE   AAAAAAAAAAAA       DC8 170, 170, 170, 170, 170, 170, 170, 170, 149, 84
   \              AAAA9554    
   \   000003E8   156AAAAAAAAA       DC8 21, 106, 170, 170, 170, 170, 170, 170, 170, 169
   \              AAAAAAA9    
   \   000003F2   AA5AA96AA96A       DC8 170, 90, 169, 106, 169, 106, 90, 165, 169, 106
   \              5AA5A96A    
   \   000003FC   5AAAA6AAAA6A       DC8 90, 170, 166, 170, 170, 106, 150, 165, 169, 165
   \              96A5A9A5    
   \   00000406   AA5A96A69696       DC8 170, 90, 150, 166, 150, 150, 154, 170, 170, 170
   \              9AAAAAAA    
   \   00000410   AAAAAAAAAAAA       DC8 170, 170, 170, 170, 170, 170, 170, 170, 149, 84
   \              AAAA9554    
   \   0000041A   156AAAAAAAAA       DC8 21, 106, 170, 170, 170, 170, 170, 170, 170, 169
   \              AAAAAAA9    
   \   00000424   5556A96A956A       DC8 85, 86, 169, 106, 149, 106, 90, 165, 169, 106
   \              5AA5A96A    
   \   0000042E   5AAA9AAAAA55       DC8 90, 170, 154, 170, 170, 85, 85, 165, 170, 165
   \              55A5AAA5    
   \   00000438   AA5AA59A9556       DC8 170, 90, 165, 154, 149, 86, 170, 170, 170, 170
   \              AAAAAAAA    
   \   00000442   AAAAAAAAAAAA       DC8 170, 170, 170, 170, 170, 170, 170, 170, 149, 84
   \              AAAA9554    
   \   0000044C   156AAAAAAAAA       DC8 21, 106, 170, 170, 170, 170, 170, 170, 170, 169
   \              AAAAAAA9    
   \   00000456   AA96A969696A       DC8 170, 150, 169, 105, 105, 106, 90, 165, 169, 106
   \              5AA5A96A    
   \   00000460   5AAA6AAAAA6A       DC8 90, 170, 106, 170, 170, 106, 165, 165, 170, 165
   \              A5A5AAA5    
   \   0000046A   AA5AA59A96AA       DC8 170, 90, 165, 154, 150, 170, 170, 170, 170, 170
   \              AAAAAAAA    
   \   00000474   AAAAAAAAAAAA       DC8 170, 170, 170, 170, 170, 170, 170, 170, 149, 84
   \              AAAA9554    
   \   0000047E   156AAAAAAAAA       DC8 21, 106, 170, 170, 170, 170, 170, 170, 170, 166
   \              AAAAAAA6    
   \   00000488   AA95A969696A       DC8 170, 149, 169, 105, 105, 106, 90, 165, 169, 106
   \              5AA5A96A    
   \   00000492   5AA9556AA9AA       DC8 90, 169, 85, 106, 169, 170, 165, 101, 106, 165
   \              A5656AA5    
   \   0000049C   AA5AA55A95AA       DC8 170, 90, 165, 90, 149, 170, 150, 170, 170, 170
   \              96AAAAAA    
   \   000004A6   AAAAAAAAAAAA       DC8 170, 170, 170, 170, 170, 170, 170, 170, 149, 84
   \              AAAA9554    
   \   000004B0   156AAAAAAAAA       DC8 21, 106, 170, 170, 170, 170, 170, 170, 170, 149
   \              AAAAAA95    
   \   000004BA   AA5565595559       DC8 170, 85, 101, 89, 85, 89, 86, 149, 101, 90
   \              5695655A    
   \   000004C4   56A5556AA56A       DC8 86, 165, 85, 106, 165, 106, 149, 89, 85, 165
   \              955955A5    
   \   000004CE   5956A96AA55A       DC8 89, 86, 169, 106, 165, 90, 150, 170, 170, 170
   \              96AAAAAA    
   \   000004D8   AAAAAAAAAAAA       DC8 170, 170, 170, 170, 170, 170, 170, 170, 149, 84
   \              AAAA9554    
   \   000004E2   156AAAAAAAAA       DC8 21, 106, 170, 170, 170, 170, 170, 170, 170, 170
   \              AAAAAAAA    
   \   000004EC   AAAAAAAAAAAA       DC8 170, 170, 170, 170, 170, 170, 170, 170, 170, 170
   \              AAAAAAAA    
   \   000004F6   AAAAAAAAAAAA       DC8 170, 170, 170, 170, 170, 170, 170, 170, 170, 170
   \              AAAAAAAA    
   \   00000500   AAAAAAAAAAAA       DC8 170, 170, 170, 170, 170, 170, 170, 170, 170, 170
   \              AAAAAAAA    
   \   0000050A   AAAAAAAAAAAA       DC8 170, 170, 170, 170, 170, 170, 170, 170, 149, 84
   \              AAAA9554    
   \   00000514   156AAAAAAAAA       DC8 21, 106, 170, 170, 170, 170, 170, 170, 170, 170
   \              AAAAAAAA    
   \   0000051E   AAAAAAAAAAAA       DC8 170, 170, 170, 170, 170, 170, 170, 170, 170, 170
   \              AAAAAAAA    
   \   00000528   AAAAAAAAAAAA       DC8 170, 170, 170, 170, 170, 170, 170, 170, 170, 170
   \              AAAAAAAA    
   \   00000532   AAAAAAAAAAAA       DC8 170, 170, 170, 170, 170, 170, 170, 170, 170, 170
   \              AAAAAAAA    
   \   0000053C   AAAAAAAAAAAA       DC8 170, 170, 170, 170, 170, 170, 170, 170, 149, 84
   \              AAAA9554    
   \   00000546   156AAAAAAAAA       DC8 21, 106, 170, 170, 170, 170, 170, 170, 170, 170
   \              AAAAAAAA    
   \   00000550   AAAAAAAAAAAA       DC8 170, 170, 170, 170, 170, 170, 170, 170, 170, 170
   \              AAAAAAAA    
   \   0000055A   AAAAAAAAAAAA       DC8 170, 170, 170, 170, 170, 170, 170, 170, 170, 170
   \              AAAAAAAA    
   \   00000564   AAAAAAAAAAAA       DC8 170, 170, 170, 170, 170, 170, 170, 170, 170, 170
   \              AAAAAAAA    
   \   0000056E   AAAAAAAAAAAA       DC8 170, 170, 170, 170, 170, 170, 170, 170, 149, 84
   \              AAAA9554    
   \   00000578   156AAAAAAAAA       DC8 21, 106, 170, 170, 170, 170, 170, 170, 170, 170
   \              AAAAAAAA    
   \   00000582   AAAAAAAAAAAA       DC8 170, 170, 170, 170, 170, 170, 170, 170, 170, 170
   \              AAAAAAAA    
   \   0000058C   AAAAAAAAAAAA       DC8 170, 170, 170, 170, 170, 170, 170, 170, 170, 170
   \              AAAAAAAA    
   \   00000596   AAAAAAAAAAAA       DC8 170, 170, 170, 170, 170, 170, 170, 170, 170, 170
   \              AAAAAAAA    
   \   000005A0   AAAAAAAAAAAA       DC8 170, 170, 170, 170, 170, 170, 170, 170, 149, 84
   \              AAAA9554    
   \   000005AA   156AAAAAAAAA       DC8 21, 106, 170, 170, 170, 170, 170, 170, 170, 170
   \              AAAAAAAA    
   \   000005B4   AAAAAAAAAAAA       DC8 170, 170, 170, 170, 170, 170, 170, 170, 170, 170
   \              AAAAAAAA    
   \   000005BE   AAAAAAAAAAAA       DC8 170, 170, 170, 170, 170, 170, 170, 170, 170, 170
   \              AAAAAAAA    
   \   000005C8   AAAAAAAAAAAA       DC8 170, 170, 170, 170, 170, 170, 170, 170, 170, 170
   \              AAAAAAAA    
   \   000005D2   AAAAAAAAAAAA       DC8 170, 170, 170, 170, 170, 170, 170, 170, 149, 84
   \              AAAA9554    
   \   000005DC   156AAAAAAAAA       DC8 21, 106, 170, 170, 170, 170, 170, 170, 170, 170
   \              AAAAAAAA    
   \   000005E6   AAAAAAAAAAAA       DC8 170, 170, 170, 170, 170, 170, 170, 170, 170, 170
   \              AAAAAAAA    
   \   000005F0   AAAAAAAAAAAA       DC8 170, 170, 170, 170, 170, 170, 170, 170, 170, 170
   \              AAAAAAAA    
   \   000005FA   AAAAAAAAAAAA       DC8 170, 170, 170, 170, 170, 170, 170, 170, 170, 170
   \              AAAAAAAA    
   \   00000604   AAAAAAAAAAAA       DC8 170, 170, 170, 170, 170, 170, 170, 170, 149, 84
   \              AAAA9554    
   \   0000060E   156AAAAAAAAA       DC8 21, 106, 170, 170, 170, 170, 170, 170, 170, 170
   \              AAAAAAAA    
   \   00000618   AAAAAAAAAAAA       DC8 170, 170, 170, 170, 170, 170, 170, 170, 170, 170
   \              AAAAAAAA    
   \   00000622   AAAAAAAAAAAA       DC8 170, 170, 170, 170, 170, 170, 170, 170, 170, 170
   \              AAAAAAAA    
   \   0000062C   AAAAAAAAAAAA       DC8 170, 170, 170, 170, 170, 170, 170, 170, 170, 170
   \              AAAAAAAA    
   \   00000636   AAAAAAAAAAAA       DC8 170, 170, 170, 170, 170, 170, 170, 170, 149, 84
   \              AAAA9554    
   \   00000640   156AAAAAAAAA       DC8 21, 106, 170, 170, 170, 170, 170, 170, 170, 170
   \              AAAAAAAA    
   \   0000064A   AAAAAAAAAAAA       DC8 170, 170, 170, 170, 170, 170, 170, 170, 170, 170
   \              AAAAAAAA    
   \   00000654   AAAAAAAAAAAA       DC8 170, 170, 170, 170, 170, 170, 170, 170, 170, 170
   \              AAAAAAAA    
   \   0000065E   AAAAAAAAAAAA       DC8 170, 170, 170, 170, 170, 170, 170, 170, 170, 170
   \              AAAAAAAA    
   \   00000668   AAAAAAAAAAAA       DC8 170, 170, 170, 170, 170, 170, 170, 170, 149, 84
   \              AAAA9554    
   \   00000672   156AAAAAAAAA       DC8 21, 106, 170, 170, 170, 170, 170, 170, 170, 170
   \              AAAAAAAA    
   \   0000067C   AAAAAAAAAAAA       DC8 170, 170, 170, 170, 170, 170, 170, 170, 170, 170
   \              AAAAAAAA    
   \   00000686   AAAAAAAAAAAA       DC8 170, 170, 170, 170, 170, 170, 170, 170, 170, 170
   \              AAAAAAAA    
   \   00000690   AAAAAAAAAAAA       DC8 170, 170, 170, 170, 170, 170, 170, 170, 170, 170
   \              AAAAAAAA    
   \   0000069A   AAAAAAAAAAAA       DC8 170, 170, 170, 170, 170, 170, 170, 170, 149, 84
   \              AAAA9554    
   \   000006A4   155555555555       DC8 21, 85, 85, 85, 85, 85, 85, 85, 85, 85
   \              55555555    
   \   000006AE   555555555555       DC8 85, 85, 85, 85, 85, 85, 85, 85, 85, 85
   \              55555555    
   \   000006B8   555555555555       DC8 85, 85, 85, 85, 85, 85, 85, 85, 85, 85
   \              55555555    
   \   000006C2   555555555555       DC8 85, 85, 85, 85, 85, 85, 85, 85, 85, 85
   \              55555555    
   \   000006CC   555555555555       DC8 85, 85, 85, 85, 85, 85, 85, 85, 85, 84
   \              55555554    
   \   000006D6   155555555555       DC8 21, 85, 85, 85, 85, 85, 85, 85, 85, 85
   \              55555555    
   \   000006E0   555555555555       DC8 85, 85, 85, 85, 85, 85, 85, 85, 85, 85
   \              55555555    
   \   000006EA   555555555555       DC8 85, 85, 85, 85, 85, 85, 85, 85, 85, 85
   \              55555555    
   \   000006F4   555555555555       DC8 85, 85, 85, 85, 85, 85, 85, 85, 85, 85
   \              55555555    
   \   000006FE   555555555555       DC8 85, 85, 85, 85, 85, 85, 85, 85, 85, 84
   \              55555554    
   \   00000708   155555555555       DC8 21, 85, 85, 85, 85, 85, 85, 85, 85, 85
   \              55555555    
   \   00000712   555555555555       DC8 85, 85, 85, 85, 85, 85, 85, 85, 85, 85
   \              55555555    
   \   0000071C   555555555555       DC8 85, 85, 85, 85, 85, 85, 85, 85, 85, 85
   \              55555555    
   \   00000726   555555555555       DC8 85, 85, 85, 85, 85, 85, 85, 85, 85, 85
   \              55555555    
   \   00000730   555555555555       DC8 85, 85, 85, 85, 85, 85, 85, 85, 85, 84
   \              55555554    
   \   0000073A   155555555555       DC8 21, 85, 85, 85, 85, 85, 85, 85, 85, 85
   \              55555555    
   \   00000744   555555555555       DC8 85, 85, 85, 85, 85, 85, 85, 85, 85, 85
   \              55555555    
   \   0000074E   555555555555       DC8 85, 85, 85, 85, 85, 85, 85, 85, 85, 85
   \              55555555    
   \   00000758   555555555555       DC8 85, 85, 85, 85, 85, 85, 85, 85, 85, 85
   \              55555555    
   \   00000762   555555555555       DC8 85, 85, 85, 85, 85, 85, 85, 85, 85, 84
   \              55555554    
   \   0000076C   155555555555       DC8 21, 85, 85, 85, 85, 85, 85, 85, 85, 85
   \              55555555    
   \   00000776   555555555555       DC8 85, 85, 85, 85, 85, 85, 85, 85, 85, 85
   \              55555555    
   \   00000780   555555555555       DC8 85, 85, 85, 85, 85, 85, 85, 85, 85, 85
   \              55555555    
   \   0000078A   555555555555       DC8 85, 85, 85, 85, 85, 85, 85, 85, 85, 85
   \              55555555    
   \   00000794   555555555555       DC8 85, 85, 85, 85, 85, 85, 85, 85, 85, 84
   \              55555554    
   \   0000079E   000000000000       DC8 0, 0, 0, 0, 0, 0, 0, 0, 0, 0
   \              00000000    
   \   000007A8   000000000000       DC8 0, 0, 0, 0, 0, 0, 0, 0, 0, 0
   \              00000000    
   \   000007B2   000000000000       DC8 0, 0, 0, 0, 0, 0, 0, 0, 0, 0
   \              00000000    
   \   000007BC   000000000000       DC8 0, 0, 0, 0, 0, 0, 0, 0, 0, 0
   \              00000000    
   \   000007C6   000000000000       DC8 0, 0, 0, 0, 0, 0, 0, 0, 0, 0
   \              00000000    
     50            0x00, 0x00, 0x00, 0x00, 0x00, 0x00, 0x00, 0x00, 0x00, 0x00, 0x00, 0x00, 0x00, 0x00, 0x00, 0x00, 0x00, 0x00, 0x00, 0x00, 0x00, 0x00, 0x00, 0x00, 0x00, 0x00, 0x00, 0x00, 0x00, 0x00, 0x00, 0x00, 0x00, 0x00, 0x00, 0x00, 0x00, 0x00, 0x00, 0x00, 0x00, 0x00, 
     51                  0x00, 0x00, 0x00, 0x00, 0x00, 0x00, 0x00, 0x00,
     52            0x15, 0x55, 0x55, 0x55, 0x55, 0x55, 0x55, 0x55, 0x55, 0x55, 0x55, 0x55, 0x55, 0x55, 0x55, 0x55, 0x55, 0x55, 0x55, 0x55, 0x55, 0x55, 0x55, 0x55, 0x55, 0x55, 0x55, 0x55, 0x55, 0x55, 0x55, 0x55, 0x55, 0x55, 0x55, 0x55, 0x55, 0x55, 0x55, 0x55, 0x55, 0x55, 
     53                  0x55, 0x55, 0x55, 0x55, 0x55, 0x55, 0x55, 0x54,
     54            0x15, 0x55, 0x55, 0x55, 0x55, 0x55, 0x55, 0x55, 0x55, 0x55, 0x55, 0x55, 0x55, 0x55, 0x55, 0x55, 0x55, 0x55, 0x55, 0x55, 0x55, 0x55, 0x55, 0x55, 0x55, 0x55, 0x55, 0x55, 0x55, 0x55, 0x55, 0x55, 0x55, 0x55, 0x55, 0x55, 0x55, 0x55, 0x55, 0x55, 0x55, 0x55, 
     55                  0x55, 0x55, 0x55, 0x55, 0x55, 0x55, 0x55, 0x54,
     56            0x15, 0x55, 0x55, 0x55, 0x55, 0x55, 0x55, 0x55, 0x55, 0x55, 0x55, 0x55, 0x55, 0x55, 0x55, 0x55, 0x55, 0x55, 0x55, 0x55, 0x55, 0x55, 0x55, 0x55, 0x55, 0x55, 0x55, 0x55, 0x55, 0x55, 0x55, 0x55, 0x55, 0x55, 0x55, 0x55, 0x55, 0x55, 0x55, 0x55, 0x55, 0x55, 
     57                  0x55, 0x55, 0x55, 0x55, 0x55, 0x55, 0x55, 0x54,
     58            0x15, 0x55, 0x55, 0x55, 0x55, 0x55, 0x55, 0x55, 0x55, 0x55, 0x55, 0x55, 0x55, 0x55, 0x55, 0x55, 0x55, 0x55, 0x55, 0x55, 0x55, 0x55, 0x55, 0x55, 0x55, 0x55, 0x55, 0x55, 0x55, 0x55, 0x55, 0x55, 0x55, 0x55, 0x55, 0x55, 0x55, 0x55, 0x55, 0x55, 0x55, 0x55, 
     59                  0x55, 0x55, 0x55, 0x55, 0x55, 0x55, 0x55, 0x54,
     60            0x15, 0x6A, 0xAA, 0xAA, 0xAA, 0xAA, 0xAA, 0xAA, 0xAA, 0xAA, 0xAA, 0xAA, 0xAA, 0xAA, 0xAA, 0xAA, 0xAA, 0xAA, 0xAA, 0xAA, 0xAA, 0xAA, 0xAA, 0xAA, 0xAA, 0xAA, 0xAA, 0xAA, 0xAA, 0xAA, 0xAA, 0xAA, 0xAA, 0xAA, 0xAA, 0xAA, 0xAA, 0xAA, 0xAA, 0xAA, 0xAA, 0xAA, 
     61                  0xAA, 0xAA, 0xAA, 0xAA, 0xAA, 0xAA, 0x95, 0x54,
     62            0x15, 0x6A, 0xAA, 0xAA, 0xAA, 0xAA, 0xAA, 0xAA, 0xAA, 0xAA, 0xAA, 0xAA, 0xAA, 0xAA, 0xAA, 0xAA, 0xAA, 0xAA, 0xAA, 0xAA, 0xAA, 0xAA, 0xAA, 0xAA, 0xAA, 0xAA, 0xAA, 0xAA, 0xAA, 0xAA, 0xAA, 0xAA, 0xAA, 0xAA, 0xAA, 0xAA, 0xAA, 0xAA, 0xAA, 0xAA, 0xAA, 0xAA, 
     63                  0xAA, 0xAA, 0xAA, 0xAA, 0xAA, 0xAA, 0x95, 0x54,
     64            0x15, 0x6A, 0xAA, 0xAA, 0xAA, 0xAA, 0xAA, 0xAA, 0xAA, 0xAA, 0xAA, 0xAA, 0xAA, 0xAA, 0xAA, 0xAA, 0xAA, 0xAA, 0xAA, 0xAA, 0xAA, 0xAA, 0xAA, 0xAA, 0xAA, 0xAA, 0xAA, 0xAA, 0xAA, 0xAA, 0xAA, 0xAA, 0xAA, 0xAA, 0xAA, 0xAA, 0xAA, 0xAA, 0xAA, 0xAA, 0xAA, 0xAA, 
     65                  0xAA, 0xAA, 0xAA, 0xAA, 0xAA, 0xAA, 0x95, 0x54,
     66            0x15, 0x6A, 0xAA, 0xAA, 0xAA, 0xAA, 0xAA, 0xAA, 0xAA, 0xAA, 0xAA, 0xAA, 0xAA, 0xAA, 0xAA, 0xAA, 0xAA, 0xAA, 0xAA, 0xAA, 0xAA, 0xAA, 0xAA, 0xAA, 0xAA, 0xAA, 0xAA, 0xAA, 0xAA, 0xAA, 0xAA, 0xAA, 0xAA, 0xAA, 0xAA, 0xAA, 0xAA, 0xAA, 0xAA, 0xAA, 0xAA, 0xAA, 
     67                  0xAA, 0xAA, 0xAA, 0xAA, 0xAA, 0xAA, 0x95, 0x54,
     68            0x15, 0x6A, 0xAA, 0xAA, 0xAA, 0xAA, 0xAA, 0xAA, 0xAA, 0xAA, 0xAA, 0xAA, 0xAA, 0xAA, 0xAA, 0xAA, 0xAA, 0xAA, 0xAA, 0xAA, 0xAA, 0xAA, 0xAA, 0xAA, 0xAA, 0xAA, 0xAA, 0xAA, 0xAA, 0xAA, 0xAA, 0xAA, 0xAA, 0xAA, 0xAA, 0xAA, 0xAA, 0xAA, 0xAA, 0xAA, 0xAA, 0xAA, 
     69                  0xAA, 0xAA, 0xAA, 0xAA, 0xAA, 0xAA, 0x95, 0x54,
     70            0x15, 0x6A, 0xAA, 0xAA, 0xAA, 0xAA, 0xAA, 0xAA, 0xAA, 0xAA, 0xAA, 0xAA, 0xAA, 0xAA, 0xAA, 0xAA, 0xAA, 0xAA, 0xAA, 0xAA, 0xAA, 0xAA, 0xAA, 0xAA, 0xAA, 0xAA, 0xAA, 0xAA, 0xAA, 0xAA, 0xAA, 0xAA, 0xAA, 0xAA, 0xAA, 0xAA, 0xAA, 0xAA, 0xAA, 0xAA, 0xAA, 0xAA, 
     71                  0xAA, 0xAA, 0xAA, 0xAA, 0xAA, 0xAA, 0x95, 0x54,
     72            0x15, 0x6A, 0xAA, 0xAA, 0xAA, 0xAA, 0xAA, 0xAA, 0xAA, 0xAA, 0xAA, 0xAA, 0xAA, 0xAA, 0xAA, 0xAA, 0xAA, 0xAA, 0xAA, 0xAA, 0xAA, 0xAA, 0xAA, 0xAA, 0xAA, 0xAA, 0xAA, 0xAA, 0xAA, 0xAA, 0xAA, 0xAA, 0xAA, 0xAA, 0xAA, 0xAA, 0xAA, 0xAA, 0xAA, 0xAA, 0xAA, 0xAA, 
     73                  0xAA, 0xAA, 0xAA, 0xAA, 0xAA, 0xAA, 0x95, 0x54,
     74            0x15, 0x6A, 0xAA, 0xAA, 0xAA, 0xAA, 0xAA, 0xAA, 0xAA, 0xAA, 0xAA, 0xAA, 0xAA, 0xAA, 0xAA, 0xAA, 0xAA, 0xAA, 0xAA, 0xAA, 0xAA, 0xAA, 0xAA, 0xAA, 0xAA, 0xAA, 0xAA, 0xAA, 0xAA, 0xAA, 0xAA, 0xAA, 0xAA, 0xAA, 0xAA, 0xAA, 0xAA, 0xAA, 0xAA, 0xAA, 0xAA, 0xAA, 
     75                  0xAA, 0xAA, 0xAA, 0xAA, 0xAA, 0xAA, 0x95, 0x54,
     76            0x15, 0x6A, 0xAA, 0xAA, 0xAA, 0xAA, 0xAA, 0xAA, 0xAA, 0xAA, 0xAA, 0xAA, 0xAA, 0x6A, 0xAA, 0xAA, 0xAA, 0xAA, 0xAA, 0xAA, 0xAA, 0xAA, 0xAA, 0xAA, 0xAA, 0xAA, 0xAA, 0xAA, 0xAA, 0xAA, 0xAA, 0xAA, 0xAA, 0xAA, 0xAA, 0xAA, 0xAA, 0xAA, 0xAA, 0xAA, 0xAA, 0xAA, 
     77                  0xAA, 0xAA, 0xAA, 0xAA, 0xAA, 0xAA, 0x95, 0x54,
     78            0x15, 0x6A, 0xAA, 0xAA, 0xAA, 0xAA, 0xAA, 0xAA, 0xAA, 0xAA, 0xA6, 0xAA, 0xA5, 0x6A, 0xAA, 0xAA, 0xAA, 0xAA, 0xAA, 0xAA, 0xAA, 0xA9, 0x55, 0xAA, 0xAA, 0xA9, 0xAA, 0xAA, 0xAA, 0xAA, 0xAA, 0xAA, 0xAA, 0xAA, 0xAA, 0xAA, 0x96, 0xAA, 0xAA, 0xAA, 0xAA, 0xAA, 
     79                  0xAA, 0xAA, 0xAA, 0xAA, 0xAA, 0xAA, 0x95, 0x54,
     80            0x15, 0x6A, 0xAA, 0xAA, 0xAA, 0xAA, 0xAA, 0xAA, 0xAA, 0xAA, 0x95, 0xAA, 0xA9, 0x6A, 0xAA, 0xAA, 0xAA, 0xAA, 0xAA, 0xAA, 0xAA, 0xA5, 0xA5, 0x6A, 0xAA, 0xA5, 0x6A, 0xAA, 0xAA, 0xA9, 0xAA, 0x5A, 0xAA, 0xAA, 0xAA, 0xAA, 0x96, 0xAA, 0xAA, 0xAA, 0xAA, 0xAA, 
     81                  0xAA, 0xAA, 0xAA, 0xAA, 0xAA, 0xAA, 0x95, 0x54,
     82            0x15, 0x6A, 0xAA, 0xAA, 0xAA, 0xAA, 0xAA, 0xAA, 0xAA, 0xAA, 0x95, 0xAA, 0xA9, 0x6A, 0xAA, 0xAA, 0xAA, 0xAA, 0xAA, 0xAA, 0xAA, 0xA6, 0xA9, 0x6A, 0xAA, 0xA5, 0x6A, 0xAA, 0xAA, 0xA5, 0xAA, 0x5A, 0xAA, 0xAA, 0xAA, 0xAA, 0x96, 0xAA, 0xAA, 0xAA, 0xAA, 0xAA, 
     83                  0xAA, 0xAA, 0xAA, 0xAA, 0xAA, 0xAA, 0x95, 0x54,
     84            0x15, 0x6A, 0xAA, 0xAA, 0xAA, 0xAA, 0xAA, 0xAA, 0xAA, 0xAA, 0x99, 0x6A, 0xA9, 0x6A, 0xAA, 0xAA, 0xAA, 0xAA, 0xAA, 0xAA, 0xAA, 0xA6, 0xA9, 0x6A, 0xAA, 0xA6, 0x5A, 0xAA, 0xAA, 0xA5, 0xAA, 0xAA, 0xAA, 0xAA, 0xAA, 0xAA, 0x96, 0xAA, 0xAA, 0xAA, 0xAA, 0xAA, 
     85                  0xAA, 0xAA, 0xAA, 0xAA, 0xAA, 0xAA, 0x95, 0x54,
     86            0x15, 0x6A, 0xAA, 0xAA, 0xAA, 0xAA, 0xAA, 0xAA, 0xAA, 0xAA, 0x69, 0x6A, 0xA9, 0x6A, 0x95, 0xAA, 0x99, 0xA9, 0x95, 0x65, 0x6A, 0xAA, 0xA9, 0x6A, 0xAA, 0x9A, 0x5A, 0xAA, 0x55, 0x95, 0x5A, 0x9A, 0x55, 0x95, 0xA9, 0x5A, 0x96, 0xAA, 0xAA, 0xAA, 0xAA, 0xAA, 
     87                  0xAA, 0xAA, 0xAA, 0xAA, 0xAA, 0xAA, 0x95, 0x54,
     88            0x15, 0x6A, 0xAA, 0xAA, 0xAA, 0xAA, 0xAA, 0xAA, 0xAA, 0xAA, 0x6A, 0x5A, 0xA9, 0x6A, 0x69, 0x69, 0x55, 0x95, 0x69, 0x5A, 0x5A, 0xAA, 0xA5, 0xAA, 0xAA, 0x9A, 0x96, 0xA9, 0xA9, 0xA5, 0xA9, 0x5A, 0x96, 0xA6, 0x96, 0x96, 0x9A, 0xAA, 0xAA, 0xAA, 0xAA, 0xAA, 
     89                  0xAA, 0xAA, 0xAA, 0xAA, 0xAA, 0xAA, 0x95, 0x54,
     90            0x15, 0x6A, 0xAA, 0xAA, 0xAA, 0xAA, 0xAA, 0xAA, 0xAA, 0xA9, 0xAA, 0x5A, 0xA9, 0x6A, 0xA9, 0x6A, 0x5A, 0xA5, 0xA9, 0x6A, 0x5A, 0xAA, 0xA6, 0xAA, 0xAA, 0x6A, 0x96, 0xA5, 0xA9, 0xA5, 0xAA, 0x5A, 0x96, 0xA6, 0x96, 0x96, 0x9A, 0xAA, 0xAA, 0xAA, 0xAA, 0xAA, 
     91                  0xAA, 0xAA, 0xAA, 0xAA, 0xAA, 0xAA, 0x95, 0x54,
     92            0x15, 0x6A, 0xAA, 0xAA, 0xAA, 0xAA, 0xAA, 0xAA, 0xAA, 0xA9, 0x55, 0x56, 0xA9, 0x6A, 0x95, 0x6A, 0x5A, 0xA5, 0xA9, 0x6A, 0x5A, 0xAA, 0x9A, 0xAA, 0xAA, 0x55, 0x55, 0xA5, 0xAA, 0xA5, 0xAA, 0x5A, 0xA5, 0x9A, 0x95, 0x56, 0xAA, 0xAA, 0xAA, 0xAA, 0xAA, 0xAA, 
     93                  0xAA, 0xAA, 0xAA, 0xAA, 0xAA, 0xAA, 0x95, 0x54,
     94            0x15, 0x6A, 0xAA, 0xAA, 0xAA, 0xAA, 0xAA, 0xAA, 0xAA, 0xA9, 0xAA, 0x96, 0xA9, 0x69, 0x69, 0x6A, 0x5A, 0xA5, 0xA9, 0x6A, 0x5A, 0xAA, 0x6A, 0xAA, 0xAA, 0x6A, 0xA5, 0xA5, 0xAA, 0xA5, 0xAA, 0x5A, 0xA5, 0x9A, 0x96, 0xAA, 0xAA, 0xAA, 0xAA, 0xAA, 0xAA, 0xAA, 
     95                  0xAA, 0xAA, 0xAA, 0xAA, 0xAA, 0xAA, 0x95, 0x54,
     96            0x15, 0x6A, 0xAA, 0xAA, 0xAA, 0xAA, 0xAA, 0xAA, 0xAA, 0xA6, 0xAA, 0x95, 0xA9, 0x69, 0x69, 0x6A, 0x5A, 0xA5, 0xA9, 0x6A, 0x5A, 0xA9, 0x55, 0x6A, 0xA9, 0xAA, 0xA5, 0x65, 0x6A, 0xA5, 0xAA, 0x5A, 0xA5, 0x5A, 0x95, 0xAA, 0x96, 0xAA, 0xAA, 0xAA, 0xAA, 0xAA, 
     97                  0xAA, 0xAA, 0xAA, 0xAA, 0xAA, 0xAA, 0x95, 0x54,
     98            0x15, 0x6A, 0xAA, 0xAA, 0xAA, 0xAA, 0xAA, 0xAA, 0xAA, 0x95, 0xAA, 0x55, 0x65, 0x59, 0x55, 0x59, 0x56, 0x95, 0x65, 0x5A, 0x56, 0xA5, 0x55, 0x6A, 0xA5, 0x6A, 0x95, 0x59, 0x55, 0xA5, 0x59, 0x56, 0xA9, 0x6A, 0xA5, 0x5A, 0x96, 0xAA, 0xAA, 0xAA, 0xAA, 0xAA, 
     99                  0xAA, 0xAA, 0xAA, 0xAA, 0xAA, 0xAA, 0x95, 0x54,
    100            0x15, 0x6A, 0xAA, 0xAA, 0xAA, 0xAA, 0xAA, 0xAA, 0xAA, 0xAA, 0xAA, 0xAA, 0xAA, 0xAA, 0xAA, 0xAA, 0xAA, 0xAA, 0xAA, 0xAA, 0xAA, 0xAA, 0xAA, 0xAA, 0xAA, 0xAA, 0xAA, 0xAA, 0xAA, 0xAA, 0xAA, 0xAA, 0xAA, 0xAA, 0xAA, 0xAA, 0xAA, 0xAA, 0xAA, 0xAA, 0xAA, 0xAA, 
    101                  0xAA, 0xAA, 0xAA, 0xAA, 0xAA, 0xAA, 0x95, 0x54,
    102            0x15, 0x6A, 0xAA, 0xAA, 0xAA, 0xAA, 0xAA, 0xAA, 0xAA, 0xAA, 0xAA, 0xAA, 0xAA, 0xAA, 0xAA, 0xAA, 0xAA, 0xAA, 0xAA, 0xAA, 0xAA, 0xAA, 0xAA, 0xAA, 0xAA, 0xAA, 0xAA, 0xAA, 0xAA, 0xAA, 0xAA, 0xAA, 0xAA, 0xAA, 0xAA, 0xAA, 0xAA, 0xAA, 0xAA, 0xAA, 0xAA, 0xAA, 
    103                  0xAA, 0xAA, 0xAA, 0xAA, 0xAA, 0xAA, 0x95, 0x54,
    104            0x15, 0x6A, 0xAA, 0xAA, 0xAA, 0xAA, 0xAA, 0xAA, 0xAA, 0xAA, 0xAA, 0xAA, 0xAA, 0xAA, 0xAA, 0xAA, 0xAA, 0xAA, 0xAA, 0xAA, 0xAA, 0xAA, 0xAA, 0xAA, 0xAA, 0xAA, 0xAA, 0xAA, 0xAA, 0xAA, 0xAA, 0xAA, 0xAA, 0xAA, 0xAA, 0xAA, 0xAA, 0xAA, 0xAA, 0xAA, 0xAA, 0xAA, 
    105                  0xAA, 0xAA, 0xAA, 0xAA, 0xAA, 0xAA, 0x95, 0x54,
    106            0x15, 0x6A, 0xAA, 0xAA, 0xAA, 0xAA, 0xAA, 0xAA, 0xAA, 0xAA, 0xAA, 0xAA, 0xAA, 0xAA, 0xAA, 0xAA, 0xAA, 0xAA, 0xAA, 0xAA, 0xAA, 0xAA, 0xAA, 0xAA, 0xAA, 0xAA, 0xAA, 0xAA, 0xAA, 0xAA, 0xAA, 0xAA, 0xAA, 0xAA, 0xAA, 0xAA, 0xAA, 0xAA, 0xAA, 0xAA, 0xAA, 0xAA, 
    107                  0xAA, 0xAA, 0xAA, 0xAA, 0xAA, 0xAA, 0x95, 0x54,
    108            0x15, 0x6A, 0xAA, 0xAA, 0xAA, 0xAA, 0xAA, 0xAA, 0xAA, 0xAA, 0xAA, 0xAA, 0xAA, 0xAA, 0xAA, 0xAA, 0xAA, 0xAA, 0xAA, 0xAA, 0xAA, 0xAA, 0xAA, 0xAA, 0xAA, 0xAA, 0xAA, 0xAA, 0xAA, 0xAA, 0xAA, 0xAA, 0xAA, 0xAA, 0xAA, 0xAA, 0xAA, 0xAA, 0xAA, 0xAA, 0xAA, 0xAA, 
    109                  0xAA, 0xAA, 0xAA, 0xAA, 0xAA, 0xAA, 0x95, 0x54,
    110            0x15, 0x6A, 0xAA, 0xAA, 0xAA, 0xAA, 0xAA, 0xAA, 0xAA, 0xAA, 0xAA, 0xAA, 0xAA, 0xAA, 0xAA, 0xAA, 0xAA, 0xAA, 0xAA, 0xAA, 0xAA, 0xAA, 0xAA, 0xAA, 0xAA, 0xAA, 0xAA, 0xAA, 0xAA, 0xAA, 0xAA, 0xAA, 0xAA, 0xAA, 0xAA, 0xAA, 0xAA, 0xAA, 0xAA, 0xAA, 0xAA, 0xAA, 
    111                  0xAA, 0xAA, 0xAA, 0xAA, 0xAA, 0xAA, 0x95, 0x54,
    112            0x15, 0x6A, 0xAA, 0xAA, 0xAA, 0xAA, 0xAA, 0xAA, 0xAA, 0xAA, 0xAA, 0xAA, 0xAA, 0xAA, 0xAA, 0xAA, 0xAA, 0xAA, 0xAA, 0xAA, 0xAA, 0xAA, 0xAA, 0xAA, 0xAA, 0xAA, 0xAA, 0xAA, 0xAA, 0xAA, 0xAA, 0xAA, 0xAA, 0xAA, 0xAA, 0xAA, 0xAA, 0xAA, 0xAA, 0xAA, 0xAA, 0xAA, 
    113                  0xAA, 0xAA, 0xAA, 0xAA, 0xAA, 0xAA, 0x95, 0x54,
    114            0x15, 0x6A, 0xAA, 0xAA, 0xAA, 0xAA, 0xAA, 0xAA, 0xAA, 0xAA, 0xAA, 0xAA, 0xAA, 0xAA, 0xAA, 0xAA, 0xAA, 0xAA, 0xAA, 0xAA, 0xAA, 0xAA, 0xAA, 0xAA, 0xAA, 0xAA, 0xAA, 0xAA, 0xAA, 0xAA, 0xAA, 0xAA, 0xAA, 0xAA, 0xAA, 0xAA, 0xAA, 0xAA, 0xAA, 0xAA, 0xAA, 0xAA, 
    115                  0xAA, 0xAA, 0xAA, 0xAA, 0xAA, 0xAA, 0x95, 0x54,
    116            0x15, 0x6A, 0xAA, 0xAA, 0xAA, 0xAA, 0xAA, 0xAA, 0xAA, 0xAA, 0xAA, 0xAA, 0xAA, 0xAA, 0xAA, 0xAA, 0xAA, 0xAA, 0xAA, 0xAA, 0xAA, 0xAA, 0xAA, 0xAA, 0xAA, 0xAA, 0xAA, 0xAA, 0xAA, 0xAA, 0xAA, 0xAA, 0xAA, 0xAA, 0xAA, 0xAA, 0xAA, 0xAA, 0xAA, 0xAA, 0xAA, 0xAA, 
    117                  0xAA, 0xAA, 0xAA, 0xAA, 0xAA, 0xAA, 0x95, 0x54,
    118            0x15, 0x55, 0x55, 0x55, 0x55, 0x55, 0x55, 0x55, 0x55, 0x55, 0x55, 0x55, 0x55, 0x55, 0x55, 0x55, 0x55, 0x55, 0x55, 0x55, 0x55, 0x55, 0x55, 0x55, 0x55, 0x55, 0x55, 0x55, 0x55, 0x55, 0x55, 0x55, 0x55, 0x55, 0x55, 0x55, 0x55, 0x55, 0x55, 0x55, 0x55, 0x55, 
    119                  0x55, 0x55, 0x55, 0x55, 0x55, 0x55, 0x55, 0x54,
    120            0x15, 0x55, 0x55, 0x55, 0x55, 0x55, 0x55, 0x55, 0x55, 0x55, 0x55, 0x55, 0x55, 0x55, 0x55, 0x55, 0x55, 0x55, 0x55, 0x55, 0x55, 0x55, 0x55, 0x55, 0x55, 0x55, 0x55, 0x55, 0x55, 0x55, 0x55, 0x55, 0x55, 0x55, 0x55, 0x55, 0x55, 0x55, 0x55, 0x55, 0x55, 0x55, 
    121                  0x55, 0x55, 0x55, 0x55, 0x55, 0x55, 0x55, 0x54,
    122            0x15, 0x55, 0x55, 0x55, 0x55, 0x55, 0x55, 0x55, 0x55, 0x55, 0x55, 0x55, 0x55, 0x55, 0x55, 0x55, 0x55, 0x55, 0x55, 0x55, 0x55, 0x55, 0x55, 0x55, 0x55, 0x55, 0x55, 0x55, 0x55, 0x55, 0x55, 0x55, 0x55, 0x55, 0x55, 0x55, 0x55, 0x55, 0x55, 0x55, 0x55, 0x55, 
    123                  0x55, 0x55, 0x55, 0x55, 0x55, 0x55, 0x55, 0x54,
    124            0x15, 0x55, 0x55, 0x55, 0x55, 0x55, 0x55, 0x55, 0x55, 0x55, 0x55, 0x55, 0x55, 0x55, 0x55, 0x55, 0x55, 0x55, 0x55, 0x55, 0x55, 0x55, 0x55, 0x55, 0x55, 0x55, 0x55, 0x55, 0x55, 0x55, 0x55, 0x55, 0x55, 0x55, 0x55, 0x55, 0x55, 0x55, 0x55, 0x55, 0x55, 0x55, 
    125                  0x55, 0x55, 0x55, 0x55, 0x55, 0x55, 0x55, 0x54,
    126            0x15, 0x55, 0x55, 0x55, 0x55, 0x55, 0x55, 0x55, 0x55, 0x55, 0x55, 0x55, 0x55, 0x55, 0x55, 0x55, 0x55, 0x55, 0x55, 0x55, 0x55, 0x55, 0x55, 0x55, 0x55, 0x55, 0x55, 0x55, 0x55, 0x55, 0x55, 0x55, 0x55, 0x55, 0x55, 0x55, 0x55, 0x55, 0x55, 0x55, 0x55, 0x55, 
    127                  0x55, 0x55, 0x55, 0x55, 0x55, 0x55, 0x55, 0x54,
    128            0x00, 0x00, 0x00, 0x00, 0x00, 0x00, 0x00, 0x00, 0x00, 0x00, 0x00, 0x00, 0x00, 0x00, 0x00, 0x00, 0x00, 0x00, 0x00, 0x00, 0x00, 0x00, 0x00, 0x00, 0x00, 0x00, 0x00, 0x00, 0x00, 0x00, 0x00, 0x00, 0x00, 0x00, 0x00, 0x00, 0x00, 0x00, 0x00, 0x00, 0x00, 0x00, 
    129                  0x00, 0x00, 0x00, 0x00, 0x00, 0x00, 0x00, 0x00
    130          };
    131          

   \                                 In section .rodata, align 4, keep-with-next
    132          GUI_CONST_STORAGE GUI_BITMAP bmAlarm2Active = {
   \                     bmAlarm2Active:
   \   00000000                      ; Initializer data, 20 bytes
   \   00000000   C80028003200       DC16 200, 40, 50, 2
   \              0200        
   \   00000008   ............       DC32 acAlarm2Active, PalAlarm2Active
   \              ....        
   \   00000010   00000000           DC8 0, 0, 0, 0
    133            200, /* XSize */
    134            40, /* YSize */
    135            50, /* BytesPerLine */
    136            2, /* BitsPerPixel */
    137            acAlarm2Active,  /* Pointer to picture data (indices) */
    138            &PalAlarm2Active  /* Pointer to palette */
    139          };
    140          
    141          /* *** End of file *** */


   Section sizes:

     Function/Label     Bytes
     --------------     -----
     ColorsAlarm2Active   12
     PalAlarm2Active      12
     acAlarm2Active     2000
     bmAlarm2Active       20

 
 2 044 bytes in section .rodata
 
 2 044 bytes of CONST memory

Errors: none
Warnings: none
