###############################################################################
#                                                                             #
# IAR ANSI C/C++ Compiler V6.10.2.52244/W32 for ARM     14/Jul/2015  18:59:34 #
# Copyright 1999-2010 IAR Systems AB.                                         #
#                                                                             #
#    Cpu mode     =  arm                                                      #
#    Endian       =  little                                                   #
#    Source file  =  C:\DUII\DUII\Graphics\CameraRecordIcon.c                 #
#    Command line =  C:\DUII\DUII\Graphics\CameraRecordIcon.c -D DEBUG=1 -D   #
#                    SDRAM_TARGET=1 -D USB_IS_HIGH_SPEED -D                   #
#                    XIGNORE_TEMPERATURE -D BUILD_DEBUG_PORT -D PROFILER      #
#                    -lCN C:\DUII\TargetHW\Output\AT91SAM9RL64\Debug_SDRAM\Li #
#                    st\ -o C:\DUII\TargetHW\Output\AT91SAM9RL64\Debug_SDRAM\ #
#                    Obj\ --debug --endian=little --cpu=ARM926EJ-S -e         #
#                    --fpu=None --dlib_config "C:\Program Files (x86)\IAR     #
#                    Systems\Embedded Workbench 6.0\arm\INC\c\DLib_Config_Ful #
#                    l.h" -I C:\DUII\TargetHW\Application\SEGGERDEMO\ -I      #
#                    C:\DUII\TargetHW\Application\SEGGERDEMO\Src\ -I          #
#                    C:\DUII\TargetHW\Config\ -I C:\DUII\TargetHW\FS\ -I      #
#                    C:\DUII\TargetHW\GUI\ -I C:\DUII\TargetHW\Inc\ -I        #
#                    C:\DUII\TargetHW\OS\ -I C:\DUII\TargetHW\Setup\ -I       #
#                    \DUII\DUII\ -I \DUII\DUII\Graphics\ -I PROFILER\         #
#                    --cpu_mode arm -Ohs --use_c++_inline                     #
#                    --require_prototypes                                     #
#    List file    =  C:\DUII\TargetHW\Output\AT91SAM9RL64\Debug_SDRAM\List\Ca #
#                    meraRecordIcon.lst                                       #
#    Object file  =  C:\DUII\TargetHW\Output\AT91SAM9RL64\Debug_SDRAM\Obj\Cam #
#                    eraRecordIcon.o                                          #
#                                                                             #
#                                                                             #
###############################################################################

C:\DUII\DUII\Graphics\CameraRecordIcon.c
      1          /*********************************************************************
      2          *                SEGGER MICROCONTROLLER SYSTEME GmbH                 *
      3          *        Solutions for real time microcontroller applications        *
      4          *                           www.segger.com                           *
      5          **********************************************************************
      6          *
      7          * C-file generated by
      8          *
      9          *        Bitmap converter for emWin V5.04.
     10          *        Compiled Jan  8 2010, 16:37:17
     11          *        (C) 1998 - 2005 Segger Microcontroller Systeme GmbH
     12          *
     13          **********************************************************************
     14          *
     15          * Source file: CameraRecordIcon
     16          * Dimensions:  31 * 35
     17          * NumColors:   179
     18          *
     19          **********************************************************************
     20          */
     21          
     22          #include <stdlib.h>
     23          
     24          #include "GUI.h"
     25          
     26          #ifndef GUI_CONST_STORAGE
     27            #define GUI_CONST_STORAGE const
     28          #endif
     29          
     30          /*   Palette
     31          The following are the entries of the palette table.
     32          Every entry is a 32-bit value (of which 24 bits are actually used)
     33          the lower   8 bits represent the Red component,
     34          the middle  8 bits represent the Green component,
     35          the highest 8 bits (of the 24 bits used) represent the Blue component
     36          as follows:   0xBBGGRR
     37          */
     38          

   \                                 In section .rodata, align 4, keep-with-next
     39          static GUI_CONST_STORAGE GUI_COLOR ColorsCameraRecordIcon[] = {
   \                     ColorsCameraRecordIcon:
   \   00000000                      ; Initializer data, 716 bytes
   \   00000000   000000003939       DC32 0, 3750201, 4276545, 4325375, 2236962, 2302755, 2894892, 3487029, 3881787, 4079166
   \              390041414100
   \              FFFF41002222
   \              220023232300
   \              2C2C2C003535
   \              35003B3B3B00
   \              3E3E3E00    
   \   00000028   3F3F3F004242       DC32 4144959, 4342338, 4193023, 4193279, 3288622, 3161405, 4456447, 3460561, 4194047, 4056553
   \              4200FFFA3F00
   \              FFFB3F002E2E
   \              32003D3D3000
   \              FFFF4300D1CD
   \              3400FFFE3F00
   \              E9E53D00    
   \   00000050   FFFF42000403       DC32 4390911, 66308, 328965, 526344, 723723, 986895, 1641484, 1250067, 1513239, 3115404
   \              010005050500
   \              080808000B0B
   \              0B000F0F0F00
   \              0C0C19001313
   \              130017171700
   \              8C892F00    
   \   00000078   9C9926000404       DC32 2529692, 66564, 3289650, 4192766, 3026478, 2829099, 4259327, 4259839, 2565927, 3993331
   \              010032323200
   \              FEF93F002E2E
   \              2E002B2B2B00
   \              FFFD4000FFFF
   \              400027272700
   \              F3EE3C00    
   \   000000A0   28281D00D6D2       DC32 1910824, 3527382, 4059124, 4193535, 4194303, 4521983, 65536, 257, 196608, 514
   \              3500F4EF3D00
   \              FFFC3F00FFFF
   \              3F00FFFF4400
   \              000001000101
   \              000000000300
   \              02020000    
   \   000000C8   000004000202       DC32 262144, 459266, 132871, 524288, 786432, 656645, 199178, 199692, 331278, 919817
   \              070007070200
   \              000008000000
   \              0C0005050A00
   \              0A0A03000C0C
   \              03000E0E0500
   \              09090E00    
   \   000000F0   000017000404       DC32 1507328, 1049604, 1574406, 1574664, 1312776, 1182989, 1641998, 1838092, 332563, 466205
   \              100006061800
   \              080718000808
   \              14000D0D1200
   \              0E0E19000C0C
   \              1C0013130500
   \              1D1D0700    
   \   00000118   111116001515       DC32 1446161, 2168085, 2234649, 2497307, 532513, 794914, 926757, 1124135, 1387051, 1584686
   \              210019192200
   \              1B1B26002120
   \              080022210C00
   \              25240E002727
   \              11002B2A1500
   \              2E2E1800    
   \   00000140   30300D003332       DC32 864304, 1061427, 1127476, 1193013, 1193526, 1324855, 1847602, 1848887, 1390649, 1587771
   \              100034341100
   \              353412003636
   \              120037371400
   \              32311C003736
   \              1C0039381500
   \              3B3A1800    
   \   00000168   3C3B18003E3D       DC32 1588028, 1785150, 1785407, 2301984, 2499363, 2303012, 2499620, 2565156, 2369319, 2107689
   \              1B003F3E1B00
   \              202023002323
   \              260024242300
   \              242426002424
   \              270027272400
   \              29292000    
   \   00000190   2D2D24002828       DC32 2370861, 2828328, 3025707, 3288879, 2437939, 3092528, 3027249, 2309181, 2898491, 3289136
   \              2B002B2B2E00
   \              2F2F32003333
   \              250030302F00
   \              31312E003D3C
   \              23003B3A2C00
   \              30303200    
   \   000001B8   403F1F004140       DC32 2047808, 1982529, 2048835, 2245700, 1597025, 1664359, 1861738, 1993324, 1863794, 2061430
   \              1E0043431F00
   \              44442200615E
   \              180067651900
   \              6A681C006C6A
   \              1E0072701C00
   \              76741F00    
   \   000001E0   7B791F006E6C       DC32 2062715, 2124910, 2256496, 2453619, 2192760, 2258809, 2782840, 2455931, 2587518, 2652796
   \              2000706E2200
   \              737025007875
   \              210079772200
   \              78762A007B79
   \              25007E7B2700
   \              7C7A2800    
   \   00000208   7D7C2D00827F       DC32 2980989, 2129794, 2719360, 2196101, 3048069, 2918024, 3049097, 3310469, 3182481, 2397078
   \              2000807E2900
   \              858221008582
   \              2E0088862C00
   \              89862E008583
   \              3200918F3000
   \              96932400    
   \   00000230   969325009996       DC32 2462614, 2463385, 2661535, 3314582, 3184538, 2729127, 3385000, 3451823, 3714224, 2995127
   \              25009F9C2800
   \              969332009A97
   \              3000A7A42900
   \              A8A63300AFAB
   \              3400B0AC3800
   \              B7B32D00    
   \   00000258   BCB82F00B8B5       DC32 3127484, 3716536, 3586750, 3195076, 3327691, 3655112, 3721420, 3460560, 3723477, 3790554
   \              3800BEBA3600
   \              C4C03000CBC6
   \              3200C8C53700
   \              CCC83800D0CD
   \              3400D5D03800
   \              DAD63900    
   \   00000280   DCD83A00E4E0       DC32 3856604, 3924196, 3925481, 4056810, 3991532, 4057324, 4057581, 4058865, 4059123, 4125683
   \              3B00E9E53B00
   \              EAE63D00ECE7
   \              3C00ECE83D00
   \              EDE93D00F1EE
   \              3D00F3EF3D00
   \              F3F33E00    
   \   000002A8   F4F13D00F4F4       DC32 4059636, 4125940, 4192252, 4193533, 4259071, 4324863, 4325119, 4456191, 4587519
   \              3E00FCF73F00
   \              FDFC3F00FFFC
   \              4000FFFD4100
   \              FFFE4100FFFE
   \              4300FFFF4500
     40               0x000000,0x393939,0x414141,0x41FFFF
     41              ,0x222222,0x232323,0x2C2C2C,0x353535
     42              ,0x3B3B3B,0x3E3E3E,0x3F3F3F,0x424242
     43              ,0x3FFAFF,0x3FFBFF,0x322E2E,0x303D3D
     44              ,0x43FFFF,0x34CDD1,0x3FFEFF,0x3DE5E9
     45              ,0x42FFFF,0x010304,0x050505,0x080808
     46              ,0x0B0B0B,0x0F0F0F,0x190C0C,0x131313
     47              ,0x171717,0x2F898C,0x26999C,0x010404
     48              ,0x323232,0x3FF9FE,0x2E2E2E,0x2B2B2B
     49              ,0x40FDFF,0x40FFFF,0x272727,0x3CEEF3
     50              ,0x1D2828,0x35D2D6,0x3DEFF4,0x3FFCFF
     51              ,0x3FFFFF,0x44FFFF,0x010000,0x000101
     52              ,0x030000,0x000202,0x040000,0x070202
     53              ,0x020707,0x080000,0x0C0000,0x0A0505
     54              ,0x030A0A,0x030C0C,0x050E0E,0x0E0909
     55              ,0x170000,0x100404,0x180606,0x180708
     56              ,0x140808,0x120D0D,0x190E0E,0x1C0C0C
     57              ,0x051313,0x071D1D,0x161111,0x211515
     58              ,0x221919,0x261B1B,0x082021,0x0C2122
     59              ,0x0E2425,0x112727,0x152A2B,0x182E2E
     60              ,0x0D3030,0x103233,0x113434,0x123435
     61              ,0x123636,0x143737,0x1C3132,0x1C3637
     62              ,0x153839,0x183A3B,0x183B3C,0x1B3D3E
     63              ,0x1B3E3F,0x232020,0x262323,0x232424
     64              ,0x262424,0x272424,0x242727,0x202929
     65              ,0x242D2D,0x2B2828,0x2E2B2B,0x322F2F
     66              ,0x253333,0x2F3030,0x2E3131,0x233C3D
     67              ,0x2C3A3B,0x323030,0x1F3F40,0x1E4041
     68              ,0x1F4343,0x224444,0x185E61,0x196567
     69              ,0x1C686A,0x1E6A6C,0x1C7072,0x1F7476
     70              ,0x1F797B,0x206C6E,0x226E70,0x257073
     71              ,0x217578,0x227779,0x2A7678,0x25797B
     72              ,0x277B7E,0x287A7C,0x2D7C7D,0x207F82
     73              ,0x297E80,0x218285,0x2E8285,0x2C8688
     74              ,0x2E8689,0x328385,0x308F91,0x249396
     75              ,0x259396,0x259699,0x289C9F,0x329396
     76              ,0x30979A,0x29A4A7,0x33A6A8,0x34ABAF
     77              ,0x38ACB0,0x2DB3B7,0x2FB8BC,0x38B5B8
     78              ,0x36BABE,0x30C0C4,0x32C6CB,0x37C5C8
     79              ,0x38C8CC,0x34CDD0,0x38D0D5,0x39D6DA
     80              ,0x3AD8DC,0x3BE0E4,0x3BE5E9,0x3DE6EA
     81              ,0x3CE7EC,0x3DE8EC,0x3DE9ED,0x3DEEF1
     82              ,0x3DEFF3,0x3EF3F3,0x3DF1F4,0x3EF4F4
     83              ,0x3FF7FC,0x3FFCFD,0x40FCFF,0x41FDFF
     84              ,0x41FEFF,0x43FEFF,0x45FFFF
     85          };
     86          

   \                                 In section .rodata, align 4, keep-with-next
     87          static GUI_CONST_STORAGE GUI_LOGPALETTE PalCameraRecordIcon = {
   \                     PalCameraRecordIcon:
   \   00000000                      ; Initializer data, 12 bytes
   \   00000000   B3000000           DC32 179
   \   00000004   00000000           DC8 0, 0, 0, 0
   \   00000008   ........           DC32 ColorsCameraRecordIcon
     88            179,	/* number of entries */
     89            0, 	/* No transparency */
     90            &ColorsCameraRecordIcon[0]
     91          };
     92          

   \                                 In section .rodata, align 4, keep-with-next
     93          static GUI_CONST_STORAGE unsigned char acCameraRecordIcon[] = {
   \                     acCameraRecordIcon:
   \   00000000                      ; Initializer data, 1088 bytes
   \   00000000   040404040404       DC8 4, 4, 4, 4, 4, 4, 4, 4, 4, 4
   \              04040404    
   \   0000000A   040404040404       DC8 4, 4, 4, 4, 4, 4, 4, 4, 4, 4
   \              04040404    
   \   00000014   040404040404       DC8 4, 4, 4, 4, 4, 4, 4, 4, 4, 4
   \              04040404    
   \   0000001E   040505050505       DC8 4, 5, 5, 5, 5, 5, 5, 5, 5, 5
   \              05050505    
   \   00000028   050505050505       DC8 5, 5, 5, 5, 5, 5, 5, 5, 5, 5
   \              05050505    
   \   00000032   050505050505       DC8 5, 5, 5, 5, 5, 5, 5, 5, 5, 5
   \              05050505    
   \   0000003C   050506060606       DC8 5, 5, 6, 6, 6, 6, 6, 6, 6, 6
   \              06060606    
   \   00000046   060606060606       DC8 6, 6, 6, 6, 6, 6, 6, 6, 6, 6
   \              06060606    
   \   00000050   060606060606       DC8 6, 6, 6, 6, 6, 6, 6, 6, 6, 6
   \              06060606    
   \   0000005A   060606010101       DC8 6, 6, 6, 1, 1, 1, 1, 1, 1, 1
   \              01010101    
   \   00000064   010101010101       DC8 1, 1, 1, 1, 1, 1, 1, 1, 1, 1
   \              01010101    
   \   0000006E   010101010101       DC8 1, 1, 1, 1, 1, 1, 1, 1, 1, 1
   \              01010101    
   \   00000078   010101010202       DC8 1, 1, 1, 1, 2, 2, 2, 2, 2, 2
   \              02020202    
   \   00000082   020202020202       DC8 2, 2, 2, 2, 2, 2, 2, 2, 2, 2
   \              02020202    
   \   0000008C   020202020202       DC8 2, 2, 2, 2, 2, 2, 2, 2, 2, 2
   \              02020202    
   \   00000096   02020202020B       DC8 2, 2, 2, 2, 2, 11, 11, 11, 11, 11
   \              0B0B0B0B    
   \   000000A0   0B0B0B0B0B0B       DC8 11, 11, 11, 11, 11, 11, 11, 11, 11, 11
   \              0B0B0B0B    
   \   000000AA   0B0B0B0B0B0B       DC8 11, 11, 11, 11, 11, 11, 11, 11, 11, 11
   \              0B0B0B0B    
   \   000000B4   0B0B0B0B0B0B       DC8 11, 11, 11, 11, 11, 11, 2, 2, 2, 2
   \              02020202    
   \   000000BE   020202020202       DC8 2, 2, 2, 2, 2, 2, 2, 2, 2, 2
   \              02020202    
   \   000000C8   020202020202       DC8 2, 2, 2, 2, 2, 2, 2, 2, 2, 2
   \              02020202    
   \   000000D2   020202020202       DC8 2, 2, 2, 2, 2, 2, 2, 10, 10, 10
   \              020A0A0A    
   \   000000DC   0A0A0A0A0A0A       DC8 10, 10, 10, 10, 10, 10, 10, 10, 10, 10
   \              0A0A0A0A    
   \   000000E6   0A0A0A0A0A0A       DC8 10, 10, 10, 10, 10, 10, 10, 10, 10, 10
   \              0A0A0A0A    
   \   000000F0   0A0A0A0A0A0A       DC8 10, 10, 10, 10, 10, 10, 10, 10, 9, 9
   \              0A0A0909    
   \   000000FA   090909090909       DC8 9, 9, 9, 9, 9, 9, 9, 9, 9, 9
   \              09090909    
   \   00000104   090909090909       DC8 9, 9, 9, 9, 9, 9, 9, 9, 9, 9
   \              09090909    
   \   0000010E   090909090909       DC8 9, 9, 9, 9, 9, 9, 9, 9, 9, 8
   \              09090908    
   \   00000118   080808080808       DC8 8, 8, 8, 8, 8, 8, 8, 8, 8, 8
   \              08080808    
   \   00000122   080808080808       DC8 8, 8, 8, 8, 8, 8, 8, 8, 8, 8
   \              08080808    
   \   0000012C   080808080808       DC8 8, 8, 8, 8, 8, 8, 8, 8, 8, 8
   \              08080808    
   \   00000136   010101010101       DC8 1, 1, 1, 1, 1, 1, 1, 1, 1, 1
   \              01010101    
   \   00000140   010101010101       DC8 1, 1, 1, 1, 1, 1, 1, 1, 1, 1
   \              01010101    
   \   0000014A   010101010101       DC8 1, 1, 1, 1, 1, 1, 1, 1, 1, 1
   \              01010101    
   \   00000154   010707070707       DC8 1, 7, 7, 7, 7, 7, 7, 7, 7, 7
   \              07070707    
   \   0000015E   070707070707       DC8 7, 7, 7, 7, 7, 7, 7, 7, 7, 7
   \              07070707    
   \   00000168   070707070707       DC8 7, 7, 7, 7, 7, 7, 7, 7, 7, 7
   \              07070707    
   \   00000172   070720202020       DC8 7, 7, 32, 32, 32, 32, 32, 32, 32, 32
   \              20202020    
   \   0000017C   670E0E0E0E0E       DC8 103, 14, 14, 14, 14, 14, 14, 14, 14, 14
   \              0E0E0E0E    
   \   00000186   0E0E0E0E0E0E       DC8 14, 14, 14, 14, 14, 14, 14, 14, 14, 14
   \              0E0E0E0E    
   \   00000190   0E0E6D222222       DC8 14, 14, 109, 34, 34, 34, 34, 34, 34, 34
   \              22222222    
   \   0000019A   666A0F0F0F0F       DC8 102, 106, 15, 15, 15, 15, 15, 15, 15, 15
   \              0F0F0F0F    
   \   000001A4   0F0F0F0F0F0F       DC8 15, 15, 15, 15, 15, 15, 15, 15, 15, 15
   \              0F0F0F0F    
   \   000001AE   0F0F0F692323       DC8 15, 15, 15, 105, 35, 35, 35, 35, 35, 35
   \              23232323    
   \   000001B8   656C97A5A313       DC8 101, 108, 151, 165, 163, 19, 19, 19, 19, 19
   \              13131313    
   \   000001C2   131313131313       DC8 19, 19, 19, 19, 19, 19, 19, 19, 19, 19
   \              13131313    
   \   000001CC   131313A69426       DC8 19, 19, 19, 166, 148, 38, 96, 94, 97, 38
   \              605E6126    
   \   000001D6   264989252C12       DC8 38, 73, 137, 37, 44, 18, 18, 18, 18, 18
   \              12121212    
   \   000001E0   121212121212       DC8 18, 18, 18, 18, 18, 18, 18, 18, 18, 18
   \              12121212    
   \   000001EA   121212122CAD       DC8 18, 18, 18, 18, 44, 173, 95, 100, 104, 98
   \              5F646862    
   \   000001F4   485D478F030D       DC8 72, 93, 71, 143, 3, 13, 3, 3, 13, 36
   \              03030D24    
   \   000001FE   030303030303       DC8 3, 3, 3, 3, 3, 3, 3, 3, 3, 3
   \              03030303    
   \   00000208   03030303B00C       DC8 3, 3, 3, 3, 176, 12, 13, 107, 156, 161
   \              0D6B9CA1    
   \   00000212   9B8263438A03       DC8 155, 130, 99, 67, 138, 3, 172, 147, 146, 43
   \              AC93922B    
   \   0000021C   98861D1D1D1D       DC8 152, 134, 29, 29, 29, 29, 29, 29, 29, 29
   \              1D1D1D1D    
   \   00000226   1D1D1D1D8890       DC8 29, 29, 29, 29, 136, 144, 12, 13, 113, 171
   \              0C0D71AB    
   \   00000230   2525259E2887       DC8 37, 37, 37, 158, 40, 135, 20, 160, 66, 63
   \              14A0423F    
   \   0000023A   9F7E3C1A1A1A       DC8 159, 126, 60, 26, 26, 26, 26, 26, 26, 26
   \              1A1A1A1A    
   \   00000244   1A1A1A1A1A3E       DC8 26, 26, 26, 26, 26, 62, 40, 33, 13, 111
   \              28210D6F    
   \   0000024E   2A0D0C0D1070       DC8 42, 13, 12, 13, 16, 112, 132, 20, 162, 110
   \              8414A26E    
   \   00000258   57A481401C1C       DC8 87, 164, 129, 64, 28, 28, 28, 28, 28, 28
   \              1C1C1C1C    
   \   00000262   1C1C1C1C1C1C       DC8 28, 28, 28, 28, 28, 28, 70, 86, 33, 13
   \              4656210D    
   \   0000026C   5B2A0D0C0C14       DC8 91, 42, 13, 12, 12, 20, 92, 128, 3, 36
   \              5C800324    
   \   00000276   AAA7107B3D1B       DC8 170, 167, 16, 123, 61, 27, 27, 27, 27, 27
   \              1B1B1B1B    
   \   00000280   1B1B1B1B1B1B       DC8 27, 27, 27, 27, 27, 27, 27, 65, 79, 33
   \              1B414F21    
   \   0000028A   0D59A80D0C0C       DC8 13, 89, 168, 13, 12, 12, 20, 90, 127, 20
   \              145A7F14    
   \   00000294   0CAE24147A36       DC8 12, 174, 36, 20, 122, 54, 25, 25, 25, 25
   \              19191919    
   \   0000029E   191919191919       DC8 25, 25, 25, 25, 25, 25, 25, 25, 59, 78
   \              19193B4E    
   \   000002A8   210D55270D0C       DC8 33, 13, 85, 39, 13, 12, 12, 20, 88, 125
   \              0C14587D    
   \   000002B2   140D0C0C1079       DC8 20, 13, 12, 12, 16, 121, 53, 24, 24, 24
   \              35181818    
   \   000002BC   181818181818       DC8 24, 24, 24, 24, 24, 24, 24, 24, 24, 55
   \              18181837    
   \   000002C6   4D210D53270D       DC8 77, 33, 13, 83, 39, 13, 12, 12, 20, 84
   \              0C0C1454    
   \   000002D0   7C140D0C0C10       DC8 124, 20, 13, 12, 12, 16, 117, 50, 23, 23
   \              75321717    
   \   000002DA   171717171717       DC8 23, 23, 23, 23, 23, 23, 23, 23, 23, 23
   \              17171717    
   \   000002E4   334C210D5127       DC8 51, 76, 33, 13, 81, 39, 13, 12, 43, 178
   \              0D0C2BB2    
   \   000002EE   5277140D0C0C       DC8 82, 119, 20, 13, 12, 12, 16, 116, 46, 22
   \              10742E16    
   \   000002F8   161616161616       DC8 22, 22, 22, 22, 22, 22, 22, 22, 22, 22
   \              16161616    
   \   00000302   16304B210D50       DC8 22, 48, 75, 33, 13, 80, 169, 3, 20, 3
   \              A9031403    
   \   0000030C   9A3A78140C0C       DC8 154, 58, 120, 20, 12, 12, 12, 45, 115, 0
   \              0C2D7300    
   \   00000316   000000000000       DC8 0, 0, 0, 0, 0, 0, 0, 0, 0, 0
   \              00000000    
   \   00000320   00000045210D       DC8 0, 0, 0, 69, 33, 13, 74, 150, 157, 149
   \              4A969D95    
   \   0000032A   72380083140C       DC8 114, 56, 0, 131, 20, 12, 12, 12, 3, 153
   \              0C0C0399    
   \   00000334   8B1E1E1E1E1E       DC8 139, 30, 30, 30, 30, 30, 30, 30, 30, 30
   \              1E1E1E1E    
   \   0000033E   1E1E1E8D910C       DC8 30, 30, 30, 141, 145, 12, 13, 0, 52, 57
   \              0D003439    
   \   00000348   310000008510       DC8 49, 0, 0, 0, 133, 16, 12, 12, 12, 12
   \              0C0C0C0C    
   \   00000352   AF1010101010       DC8 175, 16, 16, 16, 16, 16, 16, 16, 16, 16
   \              10101010    
   \   0000035C   1010101010B1       DC8 16, 16, 16, 16, 16, 177, 12, 13, 0, 0
   \              0C0D0000    
   \   00000366   000000000076       DC8 0, 0, 0, 0, 0, 118, 45, 3, 3, 3
   \              2D030303    
   \   00000370   030303030303       DC8 3, 3, 3, 3, 3, 3, 3, 3, 3, 3
   \              03030303    
   \   0000037A   030303030303       DC8 3, 3, 3, 3, 3, 3, 3, 3, 36, 0
   \              03032400    
   \   00000384   000000000000       DC8 0, 0, 0, 0, 0, 0, 68, 142, 41, 17
   \              448E2911    
   \   0000038E   111111111111       DC8 17, 17, 17, 17, 17, 17, 17, 17, 17, 17
   \              11111111    
   \   00000398   111111111111       DC8 17, 17, 17, 17, 17, 17, 17, 17, 41, 140
   \              1111298C    
   \   000003A2   000000000000       DC8 0, 0, 0, 0, 0, 0, 0, 0, 47, 21
   \              00002F15    
   \   000003AC   1F151515151F       DC8 31, 21, 21, 21, 21, 31, 31, 21, 21, 31
   \              1F15151F    
   \   000003B6   15151F1F1515       DC8 21, 21, 31, 31, 21, 21, 21, 31, 21, 31
   \              151F151F    
   \   000003C0   000000000000       DC8 0, 0, 0, 0, 0, 0, 0, 0, 0, 0
   \              00000000    
   \   000003CA   000000000000       DC8 0, 0, 0, 0, 0, 0, 0, 0, 0, 0
   \              00000000    
   \   000003D4   000000000000       DC8 0, 0, 0, 0, 0, 0, 0, 0, 0, 0
   \              00000000    
   \   000003DE   000000000000       DC8 0, 0, 0, 0, 0, 0, 0, 0, 0, 0
   \              00000000    
   \   000003E8   000000000000       DC8 0, 0, 0, 0, 0, 0, 0, 0, 0, 0
   \              00000000    
   \   000003F2   000000000000       DC8 0, 0, 0, 0, 0, 0, 0, 0, 0, 0
   \              00000000    
   \   000003FC   000000000000       DC8 0, 0, 0, 0, 0, 0, 0, 0, 0, 0
   \              00000000    
   \   00000406   000000000000       DC8 0, 0, 0, 0, 0, 0, 0, 0, 0, 0
   \              00000000    
   \   00000410   000000000000       DC8 0, 0, 0, 0, 0, 0, 0, 0, 0, 0
   \              00000000    
   \   0000041A   000000000000       DC8 0, 0, 0, 0, 0, 0, 0, 0, 0, 0
   \              00000000    
   \   00000424   000000000000       DC8 0, 0, 0, 0, 0, 0, 0, 0, 0, 0
   \              00000000    
   \   0000042E   000000000000       DC8 0, 0, 0, 0, 0, 0, 0, 0, 0, 0
   \              00000000    
   \   00000438   000000000000       DC8 0, 0, 0, 0, 0, 0, 0, 0
   \              0000        
     94            0x04, 0x04, 0x04, 0x04, 0x04, 0x04, 0x04, 0x04, 0x04, 0x04, 0x04, 0x04, 0x04, 0x04, 0x04, 0x04, 0x04, 0x04, 0x04, 0x04, 0x04, 0x04, 0x04, 0x04, 0x04, 0x04, 0x04, 0x04, 0x04, 0x04, 0x04,
     95            0x05, 0x05, 0x05, 0x05, 0x05, 0x05, 0x05, 0x05, 0x05, 0x05, 0x05, 0x05, 0x05, 0x05, 0x05, 0x05, 0x05, 0x05, 0x05, 0x05, 0x05, 0x05, 0x05, 0x05, 0x05, 0x05, 0x05, 0x05, 0x05, 0x05, 0x05,
     96            0x06, 0x06, 0x06, 0x06, 0x06, 0x06, 0x06, 0x06, 0x06, 0x06, 0x06, 0x06, 0x06, 0x06, 0x06, 0x06, 0x06, 0x06, 0x06, 0x06, 0x06, 0x06, 0x06, 0x06, 0x06, 0x06, 0x06, 0x06, 0x06, 0x06, 0x06,
     97            0x01, 0x01, 0x01, 0x01, 0x01, 0x01, 0x01, 0x01, 0x01, 0x01, 0x01, 0x01, 0x01, 0x01, 0x01, 0x01, 0x01, 0x01, 0x01, 0x01, 0x01, 0x01, 0x01, 0x01, 0x01, 0x01, 0x01, 0x01, 0x01, 0x01, 0x01,
     98            0x02, 0x02, 0x02, 0x02, 0x02, 0x02, 0x02, 0x02, 0x02, 0x02, 0x02, 0x02, 0x02, 0x02, 0x02, 0x02, 0x02, 0x02, 0x02, 0x02, 0x02, 0x02, 0x02, 0x02, 0x02, 0x02, 0x02, 0x02, 0x02, 0x02, 0x02,
     99            0x0B, 0x0B, 0x0B, 0x0B, 0x0B, 0x0B, 0x0B, 0x0B, 0x0B, 0x0B, 0x0B, 0x0B, 0x0B, 0x0B, 0x0B, 0x0B, 0x0B, 0x0B, 0x0B, 0x0B, 0x0B, 0x0B, 0x0B, 0x0B, 0x0B, 0x0B, 0x0B, 0x0B, 0x0B, 0x0B, 0x0B,
    100            0x02, 0x02, 0x02, 0x02, 0x02, 0x02, 0x02, 0x02, 0x02, 0x02, 0x02, 0x02, 0x02, 0x02, 0x02, 0x02, 0x02, 0x02, 0x02, 0x02, 0x02, 0x02, 0x02, 0x02, 0x02, 0x02, 0x02, 0x02, 0x02, 0x02, 0x02,
    101            0x0A, 0x0A, 0x0A, 0x0A, 0x0A, 0x0A, 0x0A, 0x0A, 0x0A, 0x0A, 0x0A, 0x0A, 0x0A, 0x0A, 0x0A, 0x0A, 0x0A, 0x0A, 0x0A, 0x0A, 0x0A, 0x0A, 0x0A, 0x0A, 0x0A, 0x0A, 0x0A, 0x0A, 0x0A, 0x0A, 0x0A,
    102            0x09, 0x09, 0x09, 0x09, 0x09, 0x09, 0x09, 0x09, 0x09, 0x09, 0x09, 0x09, 0x09, 0x09, 0x09, 0x09, 0x09, 0x09, 0x09, 0x09, 0x09, 0x09, 0x09, 0x09, 0x09, 0x09, 0x09, 0x09, 0x09, 0x09, 0x09,
    103            0x08, 0x08, 0x08, 0x08, 0x08, 0x08, 0x08, 0x08, 0x08, 0x08, 0x08, 0x08, 0x08, 0x08, 0x08, 0x08, 0x08, 0x08, 0x08, 0x08, 0x08, 0x08, 0x08, 0x08, 0x08, 0x08, 0x08, 0x08, 0x08, 0x08, 0x08,
    104            0x01, 0x01, 0x01, 0x01, 0x01, 0x01, 0x01, 0x01, 0x01, 0x01, 0x01, 0x01, 0x01, 0x01, 0x01, 0x01, 0x01, 0x01, 0x01, 0x01, 0x01, 0x01, 0x01, 0x01, 0x01, 0x01, 0x01, 0x01, 0x01, 0x01, 0x01,
    105            0x07, 0x07, 0x07, 0x07, 0x07, 0x07, 0x07, 0x07, 0x07, 0x07, 0x07, 0x07, 0x07, 0x07, 0x07, 0x07, 0x07, 0x07, 0x07, 0x07, 0x07, 0x07, 0x07, 0x07, 0x07, 0x07, 0x07, 0x07, 0x07, 0x07, 0x07,
    106            0x20, 0x20, 0x20, 0x20, 0x20, 0x20, 0x20, 0x20, 0x67, 0x0E, 0x0E, 0x0E, 0x0E, 0x0E, 0x0E, 0x0E, 0x0E, 0x0E, 0x0E, 0x0E, 0x0E, 0x0E, 0x0E, 0x0E, 0x0E, 0x0E, 0x0E, 0x0E, 0x0E, 0x0E, 0x6D,
    107            0x22, 0x22, 0x22, 0x22, 0x22, 0x22, 0x22, 0x66, 0x6A, 0x0F, 0x0F, 0x0F, 0x0F, 0x0F, 0x0F, 0x0F, 0x0F, 0x0F, 0x0F, 0x0F, 0x0F, 0x0F, 0x0F, 0x0F, 0x0F, 0x0F, 0x0F, 0x0F, 0x0F, 0x0F, 0x69,
    108            0x23, 0x23, 0x23, 0x23, 0x23, 0x23, 0x65, 0x6C, 0x97, 0xA5, 0xA3, 0x13, 0x13, 0x13, 0x13, 0x13, 0x13, 0x13, 0x13, 0x13, 0x13, 0x13, 0x13, 0x13, 0x13, 0x13, 0x13, 0x13, 0x13, 0xA6, 0x94,
    109            0x26, 0x60, 0x5E, 0x61, 0x26, 0x26, 0x49, 0x89, 0x25, 0x2C, 0x12, 0x12, 0x12, 0x12, 0x12, 0x12, 0x12, 0x12, 0x12, 0x12, 0x12, 0x12, 0x12, 0x12, 0x12, 0x12, 0x12, 0x12, 0x12, 0x2C, 0xAD,
    110            0x5F, 0x64, 0x68, 0x62, 0x48, 0x5D, 0x47, 0x8F, 0x03, 0x0D, 0x03, 0x03, 0x0D, 0x24, 0x03, 0x03, 0x03, 0x03, 0x03, 0x03, 0x03, 0x03, 0x03, 0x03, 0x03, 0x03, 0x03, 0x03, 0xB0, 0x0C, 0x0D,
    111            0x6B, 0x9C, 0xA1, 0x9B, 0x82, 0x63, 0x43, 0x8A, 0x03, 0xAC, 0x93, 0x92, 0x2B, 0x98, 0x86, 0x1D, 0x1D, 0x1D, 0x1D, 0x1D, 0x1D, 0x1D, 0x1D, 0x1D, 0x1D, 0x1D, 0x1D, 0x88, 0x90, 0x0C, 0x0D,
    112            0x71, 0xAB, 0x25, 0x25, 0x25, 0x9E, 0x28, 0x87, 0x14, 0xA0, 0x42, 0x3F, 0x9F, 0x7E, 0x3C, 0x1A, 0x1A, 0x1A, 0x1A, 0x1A, 0x1A, 0x1A, 0x1A, 0x1A, 0x1A, 0x1A, 0x1A, 0x3E, 0x28, 0x21, 0x0D,
    113            0x6F, 0x2A, 0x0D, 0x0C, 0x0D, 0x10, 0x70, 0x84, 0x14, 0xA2, 0x6E, 0x57, 0xA4, 0x81, 0x40, 0x1C, 0x1C, 0x1C, 0x1C, 0x1C, 0x1C, 0x1C, 0x1C, 0x1C, 0x1C, 0x1C, 0x1C, 0x46, 0x56, 0x21, 0x0D,
    114            0x5B, 0x2A, 0x0D, 0x0C, 0x0C, 0x14, 0x5C, 0x80, 0x03, 0x24, 0xAA, 0xA7, 0x10, 0x7B, 0x3D, 0x1B, 0x1B, 0x1B, 0x1B, 0x1B, 0x1B, 0x1B, 0x1B, 0x1B, 0x1B, 0x1B, 0x1B, 0x41, 0x4F, 0x21, 0x0D,
    115            0x59, 0xA8, 0x0D, 0x0C, 0x0C, 0x14, 0x5A, 0x7F, 0x14, 0x0C, 0xAE, 0x24, 0x14, 0x7A, 0x36, 0x19, 0x19, 0x19, 0x19, 0x19, 0x19, 0x19, 0x19, 0x19, 0x19, 0x19, 0x19, 0x3B, 0x4E, 0x21, 0x0D,
    116            0x55, 0x27, 0x0D, 0x0C, 0x0C, 0x14, 0x58, 0x7D, 0x14, 0x0D, 0x0C, 0x0C, 0x10, 0x79, 0x35, 0x18, 0x18, 0x18, 0x18, 0x18, 0x18, 0x18, 0x18, 0x18, 0x18, 0x18, 0x18, 0x37, 0x4D, 0x21, 0x0D,
    117            0x53, 0x27, 0x0D, 0x0C, 0x0C, 0x14, 0x54, 0x7C, 0x14, 0x0D, 0x0C, 0x0C, 0x10, 0x75, 0x32, 0x17, 0x17, 0x17, 0x17, 0x17, 0x17, 0x17, 0x17, 0x17, 0x17, 0x17, 0x17, 0x33, 0x4C, 0x21, 0x0D,
    118            0x51, 0x27, 0x0D, 0x0C, 0x2B, 0xB2, 0x52, 0x77, 0x14, 0x0D, 0x0C, 0x0C, 0x10, 0x74, 0x2E, 0x16, 0x16, 0x16, 0x16, 0x16, 0x16, 0x16, 0x16, 0x16, 0x16, 0x16, 0x16, 0x30, 0x4B, 0x21, 0x0D,
    119            0x50, 0xA9, 0x03, 0x14, 0x03, 0x9A, 0x3A, 0x78, 0x14, 0x0C, 0x0C, 0x0C, 0x2D, 0x73, 0x00, 0x00, 0x00, 0x00, 0x00, 0x00, 0x00, 0x00, 0x00, 0x00, 0x00, 0x00, 0x00, 0x00, 0x45, 0x21, 0x0D,
    120            0x4A, 0x96, 0x9D, 0x95, 0x72, 0x38, 0x00, 0x83, 0x14, 0x0C, 0x0C, 0x0C, 0x03, 0x99, 0x8B, 0x1E, 0x1E, 0x1E, 0x1E, 0x1E, 0x1E, 0x1E, 0x1E, 0x1E, 0x1E, 0x1E, 0x1E, 0x8D, 0x91, 0x0C, 0x0D,
    121            0x00, 0x34, 0x39, 0x31, 0x00, 0x00, 0x00, 0x85, 0x10, 0x0C, 0x0C, 0x0C, 0x0C, 0xAF, 0x10, 0x10, 0x10, 0x10, 0x10, 0x10, 0x10, 0x10, 0x10, 0x10, 0x10, 0x10, 0x10, 0x10, 0xB1, 0x0C, 0x0D,
    122            0x00, 0x00, 0x00, 0x00, 0x00, 0x00, 0x00, 0x76, 0x2D, 0x03, 0x03, 0x03, 0x03, 0x03, 0x03, 0x03, 0x03, 0x03, 0x03, 0x03, 0x03, 0x03, 0x03, 0x03, 0x03, 0x03, 0x03, 0x03, 0x03, 0x03, 0x24,
    123            0x00, 0x00, 0x00, 0x00, 0x00, 0x00, 0x00, 0x44, 0x8E, 0x29, 0x11, 0x11, 0x11, 0x11, 0x11, 0x11, 0x11, 0x11, 0x11, 0x11, 0x11, 0x11, 0x11, 0x11, 0x11, 0x11, 0x11, 0x11, 0x11, 0x29, 0x8C,
    124            0x00, 0x00, 0x00, 0x00, 0x00, 0x00, 0x00, 0x00, 0x2F, 0x15, 0x1F, 0x15, 0x15, 0x15, 0x15, 0x1F, 0x1F, 0x15, 0x15, 0x1F, 0x15, 0x15, 0x1F, 0x1F, 0x15, 0x15, 0x15, 0x1F, 0x15, 0x1F, 0x00,
    125            0x00, 0x00, 0x00, 0x00, 0x00, 0x00, 0x00, 0x00, 0x00, 0x00, 0x00, 0x00, 0x00, 0x00, 0x00, 0x00, 0x00, 0x00, 0x00, 0x00, 0x00, 0x00, 0x00, 0x00, 0x00, 0x00, 0x00, 0x00, 0x00, 0x00, 0x00,
    126            0x00, 0x00, 0x00, 0x00, 0x00, 0x00, 0x00, 0x00, 0x00, 0x00, 0x00, 0x00, 0x00, 0x00, 0x00, 0x00, 0x00, 0x00, 0x00, 0x00, 0x00, 0x00, 0x00, 0x00, 0x00, 0x00, 0x00, 0x00, 0x00, 0x00, 0x00,
    127            0x00, 0x00, 0x00, 0x00, 0x00, 0x00, 0x00, 0x00, 0x00, 0x00, 0x00, 0x00, 0x00, 0x00, 0x00, 0x00, 0x00, 0x00, 0x00, 0x00, 0x00, 0x00, 0x00, 0x00, 0x00, 0x00, 0x00, 0x00, 0x00, 0x00, 0x00,
    128            0x00, 0x00, 0x00, 0x00, 0x00, 0x00, 0x00, 0x00, 0x00, 0x00, 0x00, 0x00, 0x00, 0x00, 0x00, 0x00, 0x00, 0x00, 0x00, 0x00, 0x00, 0x00, 0x00, 0x00, 0x00, 0x00, 0x00, 0x00, 0x00, 0x00, 0x00
    129          };
    130          

   \                                 In section .rodata, align 4, keep-with-next
    131          GUI_CONST_STORAGE GUI_BITMAP bmCameraRecordIcon = {
   \                     bmCameraRecordIcon:
   \   00000000                      ; Initializer data, 20 bytes
   \   00000000   1F0023001F00       DC16 31, 35, 31, 8
   \              0800        
   \   00000008   ............       DC32 acCameraRecordIcon, PalCameraRecordIcon
   \              ....        
   \   00000010   00000000           DC8 0, 0, 0, 0
    132            31, /* XSize */
    133            35, /* YSize */
    134            31, /* BytesPerLine */
    135            8, /* BitsPerPixel */
    136            acCameraRecordIcon,  /* Pointer to picture data (indices) */
    137            &PalCameraRecordIcon  /* Pointer to palette */
    138          };
    139          
    140          /* *** End of file *** */


   Section sizes:

     Function/Label         Bytes
     --------------         -----
     ColorsCameraRecordIcon  716
     PalCameraRecordIcon      12
     acCameraRecordIcon     1088
     bmCameraRecordIcon       20

 
 1 836 bytes in section .rodata
 
 1 836 bytes of CONST memory

Errors: none
Warnings: none
