###############################################################################
#                                                                             #
# IAR ANSI C/C++ Compiler V6.10.2.52244/W32 for ARM     14/Jul/2015  18:59:44 #
# Copyright 1999-2010 IAR Systems AB.                                         #
#                                                                             #
#    Cpu mode     =  arm                                                      #
#    Endian       =  little                                                   #
#    Source file  =  C:\DUII\TargetHW\GUI\DROPDOWN_SetAutoScroll.c            #
#    Command line =  C:\DUII\TargetHW\GUI\DROPDOWN_SetAutoScroll.c -D         #
#                    DEBUG=1 -D SDRAM_TARGET=1 -D USB_IS_HIGH_SPEED -D        #
#                    XIGNORE_TEMPERATURE -D BUILD_DEBUG_PORT -D PROFILER      #
#                    -lCN C:\DUII\TargetHW\Output\AT91SAM9RL64\Debug_SDRAM\Li #
#                    st\ -o C:\DUII\TargetHW\Output\AT91SAM9RL64\Debug_SDRAM\ #
#                    Obj\ --debug --endian=little --cpu=ARM926EJ-S -e         #
#                    --fpu=None --dlib_config "C:\Program Files (x86)\IAR     #
#                    Systems\Embedded Workbench 6.0\arm\INC\c\DLib_Config_Ful #
#                    l.h" -I C:\DUII\TargetHW\Application\SEGGERDEMO\ -I      #
#                    C:\DUII\TargetHW\Application\SEGGERDEMO\Src\ -I          #
#                    C:\DUII\TargetHW\Config\ -I C:\DUII\TargetHW\FS\ -I      #
#                    C:\DUII\TargetHW\GUI\ -I C:\DUII\TargetHW\Inc\ -I        #
#                    C:\DUII\TargetHW\OS\ -I C:\DUII\TargetHW\Setup\ -I       #
#                    \DUII\DUII\ -I \DUII\DUII\Graphics\ -I PROFILER\         #
#                    --cpu_mode arm -Ohs --use_c++_inline                     #
#                    --require_prototypes                                     #
#    List file    =  C:\DUII\TargetHW\Output\AT91SAM9RL64\Debug_SDRAM\List\DR #
#                    OPDOWN_SetAutoScroll.lst                                 #
#    Object file  =  C:\DUII\TargetHW\Output\AT91SAM9RL64\Debug_SDRAM\Obj\DRO #
#                    PDOWN_SetAutoScroll.o                                    #
#                                                                             #
#                                                                             #
###############################################################################

C:\DUII\TargetHW\GUI\DROPDOWN_SetAutoScroll.c
      1          /*********************************************************************
      2          *                SEGGER Microcontroller GmbH & Co. KG                *
      3          *        Solutions for real time microcontroller applications        *
      4          **********************************************************************
      5          *                                                                    *
      6          *        (c) 1996 - 2010  SEGGER Microcontroller GmbH & Co. KG       *
      7          *                                                                    *
      8          *        Internet: www.segger.com    Support:  support@segger.com    *
      9          *                                                                    *
     10          **********************************************************************
     11          
     12          ** emWin V5.06 - Graphical user interface for embedded applications **
     13          emWin is protected by international copyright laws.   Knowledge of the
     14          source code may not be used to write a similar product.  This file may
     15          only be used in accordance with a license and should not be re-
     16          distributed in any way. We appreciate your understanding and fairness.
     17          ----------------------------------------------------------------------
     18          File        : DROPDOWN_SetAutoScroll.c
     19          Purpose     : Implementation of dropdown widget
     20          ---------------------------END-OF-HEADER------------------------------
     21          */
     22          
     23          #include "DROPDOWN_Private.h"
     24          #include "LISTBOX.h"
     25          
     26          #if GUI_WINSUPPORT
     27          
     28          /*********************************************************************
     29          *
     30          *       Public routines
     31          *
     32          **********************************************************************
     33          */
     34          
     35          /*********************************************************************
     36          *
     37          *       DROPDOWN_SetAutoScroll
     38          */

   \                                 In section .text, align 4, keep-with-next
     39          void DROPDOWN_SetAutoScroll(DROPDOWN_Handle hObj, int OnOff) {
   \                     DROPDOWN_SetAutoScroll:
   \   00000000   70402DE9           PUSH     {R4-R6,LR}
   \   00000004   0040A0E1           MOV      R4,R0
   \   00000008   0150A0E1           MOV      R5,R1
     40            if (hObj) {
   \   0000000C   000054E3           CMP      R4,#+0
   \   00000010   1300000A           BEQ      ??DROPDOWN_SetAutoScroll_0
     41              DROPDOWN_Obj * pObj;
     42              char Flags;
     43              WM_HWIN hListWin;
     44          
     45              WM_LOCK();
   \   00000014   ........           BL       GUI_Lock
     46              pObj = DROPDOWN_LOCK_H(hObj);
   \   00000018   0400A0E1           MOV      R0,R4
   \   0000001C   ........           BL       GUI_ALLOC_LockH
     47              hListWin = pObj->hListWin;
     48              Flags = pObj->Flags & (~DROPDOWN_SF_AUTOSCROLLBAR);
   \   00000020   8C10D0E5           LDRB     R1,[R0, #+140]
     49              if (OnOff) {
   \   00000024   000055E3           CMP      R5,#+0
   \   00000028   884090E5           LDR      R4,[R0, #+136]
   \   0000002C   FE6001E2           AND      R6,R1,#0xFE
     50                Flags |= DROPDOWN_SF_AUTOSCROLLBAR;
   \   00000030   01608613           ORRNE    R6,R6,#0x1
     51              }
     52              if (pObj->Flags != Flags) {
   \   00000034   060051E1           CMP      R1,R6
   \   00000038   0700000A           BEQ      ??DROPDOWN_SetAutoScroll_1
     53                pObj->Flags = Flags;
   \   0000003C   8C60C0E5           STRB     R6,[R0, #+140]
     54                GUI_UNLOCK_H(pObj);
   \   00000040   ........           BL       GUI_ALLOC_UnlockH
     55                if (hListWin) {
   \   00000044   000054E3           CMP      R4,#+0
   \   00000048   0400000A           BEQ      ??DROPDOWN_SetAutoScroll_2
     56                  LISTBOX_SetAutoScrollV(hListWin, (Flags & DROPDOWN_SF_AUTOSCROLLBAR) ? 1 : 0);
   \   0000004C   011006E2           AND      R1,R6,#0x1
   \   00000050   0400A0E1           MOV      R0,R4
   \   00000054   ........           BL       LISTBOX_SetAutoScrollV
   \   00000058   000000EA           B        ??DROPDOWN_SetAutoScroll_2
     57                }
     58              } else {
     59                GUI_UNLOCK_H(pObj);
   \                     ??DROPDOWN_SetAutoScroll_1:
   \   0000005C   ........           BL       GUI_ALLOC_UnlockH
     60              }
     61              WM_UNLOCK();
   \                     ??DROPDOWN_SetAutoScroll_2:
   \   00000060   ........           BL       GUI_Unlock
     62            }
     63          }
   \                     ??DROPDOWN_SetAutoScroll_0:
   \   00000064   7080BDE8           POP      {R4-R6,PC}       ;; return
     64          
     65          #else                            /* Avoid problems with empty object modules */
     66            void DROPDOWN_SetAutoScroll_C(void);
     67            void DROPDOWN_SetAutoScroll_C(void) {}
     68          #endif

   Maximum stack usage in bytes:

     Function               .cstack
     --------               -------
     DROPDOWN_SetAutoScroll     16


   Section sizes:

     Function/Label         Bytes
     --------------         -----
     DROPDOWN_SetAutoScroll  104

 
 104 bytes in section .text
 
 104 bytes of CODE memory

Errors: none
Warnings: none
