###############################################################################
#                                                                             #
# IAR ANSI C/C++ Compiler V6.10.2.52244/W32 for ARM     14/Jul/2015  18:59:44 #
# Copyright 1999-2010 IAR Systems AB.                                         #
#                                                                             #
#    Cpu mode     =  arm                                                      #
#    Endian       =  little                                                   #
#    Source file  =  C:\DUII\TargetHW\GUI\DROPDOWN_SetColor.c                 #
#    Command line =  C:\DUII\TargetHW\GUI\DROPDOWN_SetColor.c -D DEBUG=1 -D   #
#                    SDRAM_TARGET=1 -D USB_IS_HIGH_SPEED -D                   #
#                    XIGNORE_TEMPERATURE -D BUILD_DEBUG_PORT -D PROFILER      #
#                    -lCN C:\DUII\TargetHW\Output\AT91SAM9RL64\Debug_SDRAM\Li #
#                    st\ -o C:\DUII\TargetHW\Output\AT91SAM9RL64\Debug_SDRAM\ #
#                    Obj\ --debug --endian=little --cpu=ARM926EJ-S -e         #
#                    --fpu=None --dlib_config "C:\Program Files (x86)\IAR     #
#                    Systems\Embedded Workbench 6.0\arm\INC\c\DLib_Config_Ful #
#                    l.h" -I C:\DUII\TargetHW\Application\SEGGERDEMO\ -I      #
#                    C:\DUII\TargetHW\Application\SEGGERDEMO\Src\ -I          #
#                    C:\DUII\TargetHW\Config\ -I C:\DUII\TargetHW\FS\ -I      #
#                    C:\DUII\TargetHW\GUI\ -I C:\DUII\TargetHW\Inc\ -I        #
#                    C:\DUII\TargetHW\OS\ -I C:\DUII\TargetHW\Setup\ -I       #
#                    \DUII\DUII\ -I \DUII\DUII\Graphics\ -I PROFILER\         #
#                    --cpu_mode arm -Ohs --use_c++_inline                     #
#                    --require_prototypes                                     #
#    List file    =  C:\DUII\TargetHW\Output\AT91SAM9RL64\Debug_SDRAM\List\DR #
#                    OPDOWN_SetColor.lst                                      #
#    Object file  =  C:\DUII\TargetHW\Output\AT91SAM9RL64\Debug_SDRAM\Obj\DRO #
#                    PDOWN_SetColor.o                                         #
#                                                                             #
#                                                                             #
###############################################################################

C:\DUII\TargetHW\GUI\DROPDOWN_SetColor.c
      1          /*********************************************************************
      2          *                SEGGER Microcontroller GmbH & Co. KG                *
      3          *        Solutions for real time microcontroller applications        *
      4          **********************************************************************
      5          *                                                                    *
      6          *        (c) 1996 - 2010  SEGGER Microcontroller GmbH & Co. KG       *
      7          *                                                                    *
      8          *        Internet: www.segger.com    Support:  support@segger.com    *
      9          *                                                                    *
     10          **********************************************************************
     11          
     12          ** emWin V5.06 - Graphical user interface for embedded applications **
     13          emWin is protected by international copyright laws.   Knowledge of the
     14          source code may not be used to write a similar product.  This file may
     15          only be used in accordance with a license and should not be re-
     16          distributed in any way. We appreciate your understanding and fairness.
     17          ----------------------------------------------------------------------
     18          File        : DROPDOWN_SetColor.c
     19          Purpose     : Implementation of dropdown widget
     20          ---------------------------END-OF-HEADER------------------------------
     21          */
     22          
     23          #include "LISTBOX.h"
     24          #include "DROPDOWN_Private.h"
     25          
     26          #if GUI_WINSUPPORT
     27          
     28          /*********************************************************************
     29          *
     30          *       Public routines
     31          *
     32          **********************************************************************
     33          */
     34          /*********************************************************************
     35          *
     36          *       DROPDOWN_SetColor
     37          */

   \                                 In section .text, align 4, keep-with-next
     38          void DROPDOWN_SetColor(DROPDOWN_Handle hObj, unsigned int Index, GUI_COLOR Color) {
   \                     DROPDOWN_SetColor:
   \   00000000   70402DE9           PUSH     {R4-R6,LR}
   \   00000004   0040A0E1           MOV      R4,R0
   \   00000008   0150A0E1           MOV      R5,R1
   \   0000000C   0260A0E1           MOV      R6,R2
     39            DROPDOWN_Obj * pObj;
     40            if (hObj) {
   \   00000010   000054E3           CMP      R4,#+0
   \   00000014   0F00000A           BEQ      ??DROPDOWN_SetColor_0
     41              if (Index < GUI_COUNTOF(pObj->Props.aColor)) {
   \   00000018   020055E3           CMP      R5,#+2
   \   0000001C   0D00002A           BCS      ??DROPDOWN_SetColor_0
     42                WM_LOCK();
   \   00000020   ........           BL       GUI_Lock
     43                pObj = DROPDOWN_LOCK_H(hObj);
   \   00000024   0400A0E1           MOV      R0,R4
   \   00000028   ........           BL       GUI_ALLOC_LockH
     44                if (pObj->Props.aColor[Index] != Color) {
   \   0000002C   050180E0           ADD      R0,R0,R5, LSL #+2
   \   00000030   681090E5           LDR      R1,[R0, #+104]
   \   00000034   060051E1           CMP      R1,R6
   \   00000038   0400000A           BEQ      ??DROPDOWN_SetColor_1
     45                  pObj->Props.aColor[Index] = Color;
   \   0000003C   686080E5           STR      R6,[R0, #+104]
     46                  GUI_UNLOCK_H(pObj);
   \   00000040   ........           BL       GUI_ALLOC_UnlockH
     47                  DROPDOWN_Invalidate(hObj);
   \   00000044   0400A0E1           MOV      R0,R4
   \   00000048   ........           BL       WM_InvalidateWindow
   \   0000004C   000000EA           B        ??DROPDOWN_SetColor_2
     48                } else {
     49                  GUI_UNLOCK_H(pObj);
   \                     ??DROPDOWN_SetColor_1:
   \   00000050   ........           BL       GUI_ALLOC_UnlockH
     50                }
     51                WM_UNLOCK();
   \                     ??DROPDOWN_SetColor_2:
   \   00000054   ........           BL       GUI_Unlock
     52              }
     53            }
     54          }
   \                     ??DROPDOWN_SetColor_0:
   \   00000058   7080BDE8           POP      {R4-R6,PC}       ;; return
     55          
     56          #else                            /* Avoid problems with empty object modules */
     57            void DROPDOWN_SetColor_C(void);
     58            void DROPDOWN_SetColor_C(void) {}
     59          #endif

   Maximum stack usage in bytes:

     Function          .cstack
     --------          -------
     DROPDOWN_SetColor     16


   Section sizes:

     Function/Label    Bytes
     --------------    -----
     DROPDOWN_SetColor   92

 
 92 bytes in section .text
 
 92 bytes of CODE memory

Errors: none
Warnings: none
