###############################################################################
#                                                                             #
# IAR ANSI C/C++ Compiler V6.10.2.52244/W32 for ARM     14/Jul/2015  18:59:43 #
# Copyright 1999-2010 IAR Systems AB.                                         #
#                                                                             #
#    Cpu mode     =  arm                                                      #
#    Endian       =  little                                                   #
#    Source file  =  C:\DUII\TargetHW\GUI\DROPDOWN_DeleteItem.c               #
#    Command line =  C:\DUII\TargetHW\GUI\DROPDOWN_DeleteItem.c -D DEBUG=1    #
#                    -D SDRAM_TARGET=1 -D USB_IS_HIGH_SPEED -D                #
#                    XIGNORE_TEMPERATURE -D BUILD_DEBUG_PORT -D PROFILER      #
#                    -lCN C:\DUII\TargetHW\Output\AT91SAM9RL64\Debug_SDRAM\Li #
#                    st\ -o C:\DUII\TargetHW\Output\AT91SAM9RL64\Debug_SDRAM\ #
#                    Obj\ --debug --endian=little --cpu=ARM926EJ-S -e         #
#                    --fpu=None --dlib_config "C:\Program Files (x86)\IAR     #
#                    Systems\Embedded Workbench 6.0\arm\INC\c\DLib_Config_Ful #
#                    l.h" -I C:\DUII\TargetHW\Application\SEGGERDEMO\ -I      #
#                    C:\DUII\TargetHW\Application\SEGGERDEMO\Src\ -I          #
#                    C:\DUII\TargetHW\Config\ -I C:\DUII\TargetHW\FS\ -I      #
#                    C:\DUII\TargetHW\GUI\ -I C:\DUII\TargetHW\Inc\ -I        #
#                    C:\DUII\TargetHW\OS\ -I C:\DUII\TargetHW\Setup\ -I       #
#                    \DUII\DUII\ -I \DUII\DUII\Graphics\ -I PROFILER\         #
#                    --cpu_mode arm -Ohs --use_c++_inline                     #
#                    --require_prototypes                                     #
#    List file    =  C:\DUII\TargetHW\Output\AT91SAM9RL64\Debug_SDRAM\List\DR #
#                    OPDOWN_DeleteItem.lst                                    #
#    Object file  =  C:\DUII\TargetHW\Output\AT91SAM9RL64\Debug_SDRAM\Obj\DRO #
#                    PDOWN_DeleteItem.o                                       #
#                                                                             #
#                                                                             #
###############################################################################

C:\DUII\TargetHW\GUI\DROPDOWN_DeleteItem.c
      1          /*********************************************************************
      2          *                SEGGER Microcontroller GmbH & Co. KG                *
      3          *        Solutions for real time microcontroller applications        *
      4          **********************************************************************
      5          *                                                                    *
      6          *        (c) 1996 - 2010  SEGGER Microcontroller GmbH & Co. KG       *
      7          *                                                                    *
      8          *        Internet: www.segger.com    Support:  support@segger.com    *
      9          *                                                                    *
     10          **********************************************************************
     11          
     12          ** emWin V5.06 - Graphical user interface for embedded applications **
     13          emWin is protected by international copyright laws.   Knowledge of the
     14          source code may not be used to write a similar product.  This file may
     15          only be used in accordance with a license and should not be re-
     16          distributed in any way. We appreciate your understanding and fairness.
     17          ----------------------------------------------------------------------
     18          File        : DROPDOWN_DeleteItem.c
     19          Purpose     : Implementation of dropdown widget
     20          ---------------------------END-OF-HEADER------------------------------
     21          */
     22          
     23          #include "DROPDOWN_Private.h"
     24          #include "LISTBOX.h"
     25          
     26          #if GUI_WINSUPPORT
     27          
     28          /*********************************************************************
     29          *
     30          *       Public routines
     31          *
     32          **********************************************************************
     33          */
     34          
     35          /*********************************************************************
     36          *
     37          *       DROPDOWN_DeleteItem
     38          */

   \                                 In section .text, align 4, keep-with-next
     39          void DROPDOWN_DeleteItem(DROPDOWN_Handle hObj, unsigned int Index) {
   \                     DROPDOWN_DeleteItem:
   \   00000000   70402DE9           PUSH     {R4-R6,LR}
   \   00000004   0040A0E1           MOV      R4,R0
   \   00000008   0150A0E1           MOV      R5,R1
     40            if (hObj) {
   \   0000000C   000054E3           CMP      R4,#+0
   \   00000010   1200000A           BEQ      ??DROPDOWN_DeleteItem_0
     41              DROPDOWN_Obj * pObj;
     42              unsigned int NumItems;
     43              WM_HWIN hListWin;
     44          
     45              NumItems = DROPDOWN_GetNumItems(hObj);
     46              if (Index < NumItems) {
   \   00000014   ........           BL       DROPDOWN_GetNumItems
   \   00000018   000055E1           CMP      R5,R0
   \   0000001C   0F00002A           BCS      ??DROPDOWN_DeleteItem_0
     47                WM_LOCK();
   \   00000020   ........           BL       GUI_Lock
     48                pObj = DROPDOWN_LOCK_H(hObj);
   \   00000024   0400A0E1           MOV      R0,R4
   \   00000028   ........           BL       GUI_ALLOC_LockH
     49                hListWin = pObj->hListWin;
   \   0000002C   886090E5           LDR      R6,[R0, #+136]
     50                GUI_ARRAY_DeleteItem(pObj->Handles, Index);
   \   00000030   0510A0E1           MOV      R1,R5
   \   00000034   3C0090E5           LDR      R0,[R0, #+60]
   \   00000038   ........           BL       GUI_ARRAY_DeleteItem
     51                GUI_UNLOCK_H(pObj);
   \   0000003C   ........           BL       GUI_ALLOC_UnlockH
     52                WM_InvalidateWindow(hObj);
   \   00000040   0400A0E1           MOV      R0,R4
   \   00000044   ........           BL       WM_InvalidateWindow
     53                if (hListWin) {
   \   00000048   000056E3           CMP      R6,#+0
   \   0000004C   0200000A           BEQ      ??DROPDOWN_DeleteItem_1
     54                  LISTBOX_DeleteItem(hListWin, Index);
   \   00000050   0510A0E1           MOV      R1,R5
   \   00000054   0600A0E1           MOV      R0,R6
   \   00000058   ........           BL       LISTBOX_DeleteItem
     55                }
     56                WM_UNLOCK();
   \                     ??DROPDOWN_DeleteItem_1:
   \   0000005C   ........           BL       GUI_Unlock
     57              }
     58            }
     59          }
   \                     ??DROPDOWN_DeleteItem_0:
   \   00000060   7080BDE8           POP      {R4-R6,PC}       ;; return
     60          
     61          #else                            /* Avoid problems with empty object modules */
     62            void DROPDOWN_DeleteItem_C(void);
     63            void DROPDOWN_DeleteItem_C(void) {}
     64          #endif

   Maximum stack usage in bytes:

     Function            .cstack
     --------            -------
     DROPDOWN_DeleteItem     16


   Section sizes:

     Function/Label      Bytes
     --------------      -----
     DROPDOWN_DeleteItem  100

 
 100 bytes in section .text
 
 100 bytes of CODE memory

Errors: none
Warnings: none
