###############################################################################
#                                                                             #
# IAR ANSI C/C++ Compiler V6.10.2.52244/W32 for ARM     14/Jul/2015  18:59:44 #
# Copyright 1999-2010 IAR Systems AB.                                         #
#                                                                             #
#    Cpu mode     =  arm                                                      #
#    Endian       =  little                                                   #
#    Source file  =  C:\DUII\TargetHW\GUI\DROPDOWN_SetBkColor.c               #
#    Command line =  C:\DUII\TargetHW\GUI\DROPDOWN_SetBkColor.c -D DEBUG=1    #
#                    -D SDRAM_TARGET=1 -D USB_IS_HIGH_SPEED -D                #
#                    XIGNORE_TEMPERATURE -D BUILD_DEBUG_PORT -D PROFILER      #
#                    -lCN C:\DUII\TargetHW\Output\AT91SAM9RL64\Debug_SDRAM\Li #
#                    st\ -o C:\DUII\TargetHW\Output\AT91SAM9RL64\Debug_SDRAM\ #
#                    Obj\ --debug --endian=little --cpu=ARM926EJ-S -e         #
#                    --fpu=None --dlib_config "C:\Program Files (x86)\IAR     #
#                    Systems\Embedded Workbench 6.0\arm\INC\c\DLib_Config_Ful #
#                    l.h" -I C:\DUII\TargetHW\Application\SEGGERDEMO\ -I      #
#                    C:\DUII\TargetHW\Application\SEGGERDEMO\Src\ -I          #
#                    C:\DUII\TargetHW\Config\ -I C:\DUII\TargetHW\FS\ -I      #
#                    C:\DUII\TargetHW\GUI\ -I C:\DUII\TargetHW\Inc\ -I        #
#                    C:\DUII\TargetHW\OS\ -I C:\DUII\TargetHW\Setup\ -I       #
#                    \DUII\DUII\ -I \DUII\DUII\Graphics\ -I PROFILER\         #
#                    --cpu_mode arm -Ohs --use_c++_inline                     #
#                    --require_prototypes                                     #
#    List file    =  C:\DUII\TargetHW\Output\AT91SAM9RL64\Debug_SDRAM\List\DR #
#                    OPDOWN_SetBkColor.lst                                    #
#    Object file  =  C:\DUII\TargetHW\Output\AT91SAM9RL64\Debug_SDRAM\Obj\DRO #
#                    PDOWN_SetBkColor.o                                       #
#                                                                             #
#                                                                             #
###############################################################################

C:\DUII\TargetHW\GUI\DROPDOWN_SetBkColor.c
      1          /*********************************************************************
      2          *                SEGGER Microcontroller GmbH & Co. KG                *
      3          *        Solutions for real time microcontroller applications        *
      4          **********************************************************************
      5          *                                                                    *
      6          *        (c) 1996 - 2010  SEGGER Microcontroller GmbH & Co. KG       *
      7          *                                                                    *
      8          *        Internet: www.segger.com    Support:  support@segger.com    *
      9          *                                                                    *
     10          **********************************************************************
     11          
     12          ** emWin V5.06 - Graphical user interface for embedded applications **
     13          emWin is protected by international copyright laws.   Knowledge of the
     14          source code may not be used to write a similar product.  This file may
     15          only be used in accordance with a license and should not be re-
     16          distributed in any way. We appreciate your understanding and fairness.
     17          ----------------------------------------------------------------------
     18          File        : DROPDOWN_SetBkColor.c
     19          Purpose     : Implementation of dropdown widget
     20          ---------------------------END-OF-HEADER------------------------------
     21          */
     22          
     23          #include "LISTBOX.h"
     24          #include "DROPDOWN_Private.h"
     25          
     26          #if GUI_WINSUPPORT
     27          
     28          /*********************************************************************
     29          *
     30          *       Public routines
     31          *
     32          **********************************************************************
     33          */
     34          /*********************************************************************
     35          *
     36          *       DROPDOWN_SetBkColor
     37          */

   \                                 In section .text, align 4, keep-with-next
     38          void DROPDOWN_SetBkColor(DROPDOWN_Handle hObj, unsigned int Index, GUI_COLOR Color) {
   \                     DROPDOWN_SetBkColor:
   \   00000000   F0402DE9           PUSH     {R4-R7,LR}
   \   00000004   0040A0E1           MOV      R4,R0
   \   00000008   04D04DE2           SUB      SP,SP,#+4
   \   0000000C   0150A0E1           MOV      R5,R1
   \   00000010   0260A0E1           MOV      R6,R2
     39            DROPDOWN_Obj * pObj;
     40            WM_HWIN hListWin;
     41            if (hObj) {
   \   00000014   000054E3           CMP      R4,#+0
   \   00000018   1600000A           BEQ      ??DROPDOWN_SetBkColor_0
     42              if (Index < GUI_COUNTOF(pObj->Props.aBackColor)) {
   \   0000001C   030055E3           CMP      R5,#+3
   \   00000020   1400002A           BCS      ??DROPDOWN_SetBkColor_0
     43                WM_LOCK();
   \   00000024   ........           BL       GUI_Lock
     44                pObj = DROPDOWN_LOCK_H(hObj);
   \   00000028   0400A0E1           MOV      R0,R4
   \   0000002C   ........           BL       GUI_ALLOC_LockH
     45                hListWin = pObj->hListWin;
   \   00000030   887090E5           LDR      R7,[R0, #+136]
     46                if (pObj->Props.aBackColor[Index] != Color) {
   \   00000034   050180E0           ADD      R0,R0,R5, LSL #+2
   \   00000038   501090E5           LDR      R1,[R0, #+80]
   \   0000003C   060051E1           CMP      R1,R6
   \   00000040   0A00000A           BEQ      ??DROPDOWN_SetBkColor_1
     47                  pObj->Props.aBackColor[Index] = Color;
   \   00000044   506080E5           STR      R6,[R0, #+80]
     48                  GUI_UNLOCK_H(pObj);
   \   00000048   ........           BL       GUI_ALLOC_UnlockH
     49                  DROPDOWN_Invalidate(hObj);
   \   0000004C   0400A0E1           MOV      R0,R4
   \   00000050   ........           BL       WM_InvalidateWindow
     50                  if (hListWin) {
   \   00000054   000057E3           CMP      R7,#+0
   \   00000058   0500000A           BEQ      ??DROPDOWN_SetBkColor_2
     51                    LISTBOX_SetBkColor(hListWin, Index, Color);
   \   0000005C   0620A0E1           MOV      R2,R6
   \   00000060   0510A0E1           MOV      R1,R5
   \   00000064   0700A0E1           MOV      R0,R7
   \   00000068   ........           BL       LISTBOX_SetBkColor
   \   0000006C   000000EA           B        ??DROPDOWN_SetBkColor_2
     52                  }
     53                } else {
     54                  GUI_UNLOCK_H(pObj);
   \                     ??DROPDOWN_SetBkColor_1:
   \   00000070   ........           BL       GUI_ALLOC_UnlockH
     55                }
     56                WM_UNLOCK();
   \                     ??DROPDOWN_SetBkColor_2:
   \   00000074   ........           BL       GUI_Unlock
     57              }
     58            }
     59          }
   \                     ??DROPDOWN_SetBkColor_0:
   \   00000078   04D08DE2           ADD      SP,SP,#+4        ;; stack cleaning
   \   0000007C   F080BDE8           POP      {R4-R7,PC}       ;; return
     60          
     61          #else                            /* Avoid problems with empty object modules */
     62            void DROPDOWN_SetBkColor_C(void);
     63            void DROPDOWN_SetBkColor_C(void) {}
     64          #endif

   Maximum stack usage in bytes:

     Function            .cstack
     --------            -------
     DROPDOWN_SetBkColor     24


   Section sizes:

     Function/Label      Bytes
     --------------      -----
     DROPDOWN_SetBkColor  128

 
 128 bytes in section .text
 
 128 bytes of CODE memory

Errors: none
Warnings: none
