###############################################################################
#                                                                             #
# IAR ANSI C/C++ Compiler V6.10.2.52244/W32 for ARM     14/Jul/2015  19:00:09 #
# Copyright 1999-2010 IAR Systems AB.                                         #
#                                                                             #
#    Cpu mode     =  arm                                                      #
#    Endian       =  little                                                   #
#    Source file  =  C:\DUII\TargetHW\GUI\FD48.c                              #
#    Command line =  C:\DUII\TargetHW\GUI\FD48.c -D DEBUG=1 -D                #
#                    SDRAM_TARGET=1 -D USB_IS_HIGH_SPEED -D                   #
#                    XIGNORE_TEMPERATURE -D BUILD_DEBUG_PORT -D PROFILER      #
#                    -lCN C:\DUII\TargetHW\Output\AT91SAM9RL64\Debug_SDRAM\Li #
#                    st\ -o C:\DUII\TargetHW\Output\AT91SAM9RL64\Debug_SDRAM\ #
#                    Obj\ --debug --endian=little --cpu=ARM926EJ-S -e         #
#                    --fpu=None --dlib_config "C:\Program Files (x86)\IAR     #
#                    Systems\Embedded Workbench 6.0\arm\INC\c\DLib_Config_Ful #
#                    l.h" -I C:\DUII\TargetHW\Application\SEGGERDEMO\ -I      #
#                    C:\DUII\TargetHW\Application\SEGGERDEMO\Src\ -I          #
#                    C:\DUII\TargetHW\Config\ -I C:\DUII\TargetHW\FS\ -I      #
#                    C:\DUII\TargetHW\GUI\ -I C:\DUII\TargetHW\Inc\ -I        #
#                    C:\DUII\TargetHW\OS\ -I C:\DUII\TargetHW\Setup\ -I       #
#                    \DUII\DUII\ -I \DUII\DUII\Graphics\ -I PROFILER\         #
#                    --cpu_mode arm -Ohs --use_c++_inline                     #
#                    --require_prototypes                                     #
#    List file    =  C:\DUII\TargetHW\Output\AT91SAM9RL64\Debug_SDRAM\List\FD #
#                    48.lst                                                   #
#    Object file  =  C:\DUII\TargetHW\Output\AT91SAM9RL64\Debug_SDRAM\Obj\FD4 #
#                    8.o                                                      #
#                                                                             #
#                                                                             #
###############################################################################

C:\DUII\TargetHW\GUI\FD48.c
      1          /*********************************************************************
      2          *                SEGGER Microcontroller GmbH & Co. KG                *
      3          *        Solutions for real time microcontroller applications        *
      4          **********************************************************************
      5          *                                                                    *
      6          *        (c) 1996 - 2010  SEGGER Microcontroller GmbH & Co. KG       *
      7          *                                                                    *
      8          *        Internet: www.segger.com    Support:  support@segger.com    *
      9          *                                                                    *
     10          **********************************************************************
     11          
     12          ** emWin V5.06 - Graphical user interface for embedded applications **
     13          emWin is protected by international copyright laws.   Knowledge of the
     14          source code may not be used to write a similar product.  This file may
     15          only be used in accordance with a license and should not be re-
     16          distributed in any way. We appreciate your understanding and fairness.
     17          ----------------------------------------------------------------------
     18          File        : FD48.C
     19          Purpose     : Implementation of the proportional 48 pixel digit
     20          Height      : 48
     21          ---------------------------END-OF-HEADER------------------------------
     22          */
     23          
     24          #include "GUI_FontIntern.h"
     25          

   \                                 In section .rodata, align 4, keep-with-next
     26          GUI_CONST_STORAGE unsigned char acFontD48_Space[144] = { /* code 0020 */
   \                     acFontD48_Space:
   \   00000000                      ; Initializer data, 144 bytes
   \   00000000   000000000000       DC8 0, 0, 0, 0, 0, 0, 0, 0, 0, 0
   \              00000000    
   \   0000000A   000000000000       DC8 0, 0, 0, 0, 0, 0, 0, 0, 0, 0
   \              00000000    
   \   00000014   000000000000       DC8 0, 0, 0, 0, 0, 0, 0, 0, 0, 0
   \              00000000    
   \   0000001E   000000000000       DC8 0, 0, 0, 0, 0, 0, 0, 0, 0, 0
   \              00000000    
   \   00000028   000000000000       DC8 0, 0, 0, 0, 0, 0, 0, 0, 0, 0
   \              00000000    
   \   00000032   000000000000       DC8 0, 0, 0, 0, 0, 0, 0, 0, 0, 0
   \              00000000    
   \   0000003C   000000000000       DC8 0, 0, 0, 0, 0, 0, 0, 0, 0, 0
   \              00000000    
   \   00000046   000000000000       DC8 0, 0, 0, 0, 0, 0, 0, 0, 0, 0
   \              00000000    
   \   00000050   000000000000       DC8 0, 0, 0, 0, 0, 0, 0, 0, 0, 0
   \              00000000    
   \   0000005A   000000000000       DC8 0, 0, 0, 0, 0, 0, 0, 0, 0, 0
   \              00000000    
   \   00000064   000000000000       DC8 0, 0, 0, 0, 0, 0, 0, 0, 0, 0
   \              00000000    
   \   0000006E   000000000000       DC8 0, 0, 0, 0, 0, 0, 0, 0, 0, 0
   \              00000000    
   \   00000078   000000000000       DC8 0, 0, 0, 0, 0, 0, 0, 0, 0, 0
   \              00000000    
   \   00000082   000000000000       DC8 0, 0, 0, 0, 0, 0, 0, 0, 0, 0
   \              00000000    
   \   0000008C   00000000           DC8 0, 0, 0, 0
     27            ________,________,________,
     28            ________,________,________,
     29            ________,________,________,
     30            ________,________,________,
     31            ________,________,________,
     32            ________,________,________,
     33            ________,________,________,
     34            ________,________,________,
     35            ________,________,________,
     36            ________,________,________,
     37            ________,________,________,
     38            ________,________,________,
     39            ________,________,________,
     40            ________,________,________,
     41            ________,________,________,
     42            ________,________,________,
     43            ________,________,________,
     44            ________,________,________,
     45            ________,________,________,
     46            ________,________,________,
     47            ________,________,________,
     48            ________,________,________,
     49            ________,________,________,
     50            ________,________,________,
     51            ________,________,________,
     52            ________,________,________,
     53            ________,________,________,
     54            ________,________,________,
     55            ________,________,________,
     56            ________,________,________,
     57            ________,________,________,
     58            ________,________,________,
     59            ________,________,________,
     60            ________,________,________,
     61            ________,________,________,
     62            ________,________,________,
     63            ________,________,________,
     64            ________,________,________,
     65            ________,________,________,
     66            ________,________,________,
     67            ________,________,________,
     68            ________,________,________,
     69            ________,________,________,
     70            ________,________,________,
     71            ________,________,________,
     72            ________,________,________,
     73            ________,________,________,
     74            ________,________,________};
     75          

   \                                 In section .rodata, align 4, keep-with-next
     76          GUI_CONST_STORAGE unsigned char acFontD48_Add[240] = {
   \                     acFontD48_Add:
   \   00000000                      ; Initializer data, 240 bytes
   \   00000000   000000000000       DC8 0, 0, 0, 0, 0, 0, 0, 0, 0, 0
   \              00000000    
   \   0000000A   000000000000       DC8 0, 0, 0, 0, 0, 0, 0, 0, 0, 0
   \              00000000    
   \   00000014   000000000000       DC8 0, 0, 0, 0, 0, 0, 0, 0, 0, 0
   \              00000000    
   \   0000001E   000000000000       DC8 0, 0, 0, 0, 0, 0, 0, 0, 0, 0
   \              00000000    
   \   00000028   000000000000       DC8 0, 0, 0, 0, 0, 0, 0, 0, 0, 0
   \              00000000    
   \   00000032   000000000000       DC8 0, 0, 0, 0, 0, 0, 0, 0, 0, 0
   \              00000000    
   \   0000003C   000000000000       DC8 0, 0, 0, 0, 0, 0, 1, 252, 0, 0
   \              01FC0000    
   \   00000046   0001FC000000       DC8 0, 1, 252, 0, 0, 0, 1, 252, 0, 0
   \              01FC0000    
   \   00000050   0001FC000000       DC8 0, 1, 252, 0, 0, 0, 1, 252, 0, 0
   \              01FC0000    
   \   0000005A   0001FC000000       DC8 0, 1, 252, 0, 0, 0, 1, 252, 0, 0
   \              01FC0000    
   \   00000064   0001FC000000       DC8 0, 1, 252, 0, 0, 0, 1, 252, 0, 0
   \              01FC0000    
   \   0000006E   0001FC000000       DC8 0, 1, 252, 0, 0, 0, 1, 252, 0, 0
   \              01FC0000    
   \   00000078   0001FC000000       DC8 0, 1, 252, 0, 0, 0, 1, 252, 0, 0
   \              01FC0000    
   \   00000082   1FFFFFFFC01F       DC8 31, 255, 255, 255, 192, 31, 255, 255, 255, 192
   \              FFFFFFC0    
   \   0000008C   1FFFFFFFC01F       DC8 31, 255, 255, 255, 192, 31, 255, 255, 255, 192
   \              FFFFFFC0    
   \   00000096   1FFFFFFFC01F       DC8 31, 255, 255, 255, 192, 31, 255, 255, 255, 192
   \              FFFFFFC0    
   \   000000A0   1FFFFFFFC000       DC8 31, 255, 255, 255, 192, 0, 1, 252, 0, 0
   \              01FC0000    
   \   000000AA   0001FC000000       DC8 0, 1, 252, 0, 0, 0, 1, 252, 0, 0
   \              01FC0000    
   \   000000B4   0001FC000000       DC8 0, 1, 252, 0, 0, 0, 1, 252, 0, 0
   \              01FC0000    
   \   000000BE   0001FC000000       DC8 0, 1, 252, 0, 0, 0, 1, 252, 0, 0
   \              01FC0000    
   \   000000C8   0001FC000000       DC8 0, 1, 252, 0, 0, 0, 1, 252, 0, 0
   \              01FC0000    
   \   000000D2   0001FC000000       DC8 0, 1, 252, 0, 0, 0, 1, 252, 0, 0
   \              01FC0000    
   \   000000DC   0001FC000000       DC8 0, 1, 252, 0, 0, 0, 1, 252, 0, 0
   \              01FC0000    
   \   000000E6   000000000000       DC8 0, 0, 0, 0, 0, 0, 0, 0, 0, 0
   \              00000000    
     77            ________,________,________,________,________,
     78            ________,________,________,________,________,
     79            ________,________,________,________,________,
     80            ________,________,________,________,________,
     81            ________,________,________,________,________,
     82            ________,________,________,________,________,
     83            ________,________,________,________,________,
     84            ________,________,________,________,________,
     85            ________,________,________,________,________,
     86            ________,________,________,________,________,
     87            ________,________,________,________,________,
     88            ________,________,________,________,________,
     89            ________,________,________,________,________,
     90            ________,_______X,XXXXXX__,________,________,
     91            ________,_______X,XXXXXX__,________,________,
     92            ________,_______X,XXXXXX__,________,________,
     93            ________,_______X,XXXXXX__,________,________,
     94            ________,_______X,XXXXXX__,________,________,
     95            ________,_______X,XXXXXX__,________,________,
     96            ________,_______X,XXXXXX__,________,________,
     97            ________,_______X,XXXXXX__,________,________,
     98            ________,_______X,XXXXXX__,________,________,
     99            ________,_______X,XXXXXX__,________,________,
    100            ________,_______X,XXXXXX__,________,________,
    101            ________,_______X,XXXXXX__,________,________,
    102            ________,_______X,XXXXXX__,________,________,
    103            ___XXXXX,XXXXXXXX,XXXXXXXX,XXXXXXXX,XX______,
    104            ___XXXXX,XXXXXXXX,XXXXXXXX,XXXXXXXX,XX______,
    105            ___XXXXX,XXXXXXXX,XXXXXXXX,XXXXXXXX,XX______,
    106            ___XXXXX,XXXXXXXX,XXXXXXXX,XXXXXXXX,XX______,
    107            ___XXXXX,XXXXXXXX,XXXXXXXX,XXXXXXXX,XX______,
    108            ___XXXXX,XXXXXXXX,XXXXXXXX,XXXXXXXX,XX______,
    109            ___XXXXX,XXXXXXXX,XXXXXXXX,XXXXXXXX,XX______,
    110            ________,_______X,XXXXXX__,________,________,
    111            ________,_______X,XXXXXX__,________,________,
    112            ________,_______X,XXXXXX__,________,________,
    113            ________,_______X,XXXXXX__,________,________,
    114            ________,_______X,XXXXXX__,________,________,
    115            ________,_______X,XXXXXX__,________,________,
    116            ________,_______X,XXXXXX__,________,________,
    117            ________,_______X,XXXXXX__,________,________,
    118            ________,_______X,XXXXXX__,________,________,
    119            ________,_______X,XXXXXX__,________,________,
    120            ________,_______X,XXXXXX__,________,________,
    121            ________,_______X,XXXXXX__,________,________,
    122            ________,_______X,XXXXXX__,________,________,
    123            ________,________,________,________,________,
    124            ________,________,________,________,________};
    125          

   \                                 In section .rodata, align 4, keep-with-next
    126          GUI_CONST_STORAGE unsigned char acFontD48_Sub[240] = {
   \                     acFontD48_Sub:
   \   00000000                      ; Initializer data, 240 bytes
   \   00000000   000000000000       DC8 0, 0, 0, 0, 0, 0, 0, 0, 0, 0
   \              00000000    
   \   0000000A   000000000000       DC8 0, 0, 0, 0, 0, 0, 0, 0, 0, 0
   \              00000000    
   \   00000014   000000000000       DC8 0, 0, 0, 0, 0, 0, 0, 0, 0, 0
   \              00000000    
   \   0000001E   000000000000       DC8 0, 0, 0, 0, 0, 0, 0, 0, 0, 0
   \              00000000    
   \   00000028   000000000000       DC8 0, 0, 0, 0, 0, 0, 0, 0, 0, 0
   \              00000000    
   \   00000032   000000000000       DC8 0, 0, 0, 0, 0, 0, 0, 0, 0, 0
   \              00000000    
   \   0000003C   000000000000       DC8 0, 0, 0, 0, 0, 0, 0, 0, 0, 0
   \              00000000    
   \   00000046   000000000000       DC8 0, 0, 0, 0, 0, 0, 0, 0, 0, 0
   \              00000000    
   \   00000050   000000000000       DC8 0, 0, 0, 0, 0, 0, 0, 0, 0, 0
   \              00000000    
   \   0000005A   000000000000       DC8 0, 0, 0, 0, 0, 0, 0, 0, 0, 0
   \              00000000    
   \   00000064   000000000000       DC8 0, 0, 0, 0, 0, 0, 0, 0, 0, 0
   \              00000000    
   \   0000006E   000000000000       DC8 0, 0, 0, 0, 0, 0, 0, 0, 0, 0
   \              00000000    
   \   00000078   000000000000       DC8 0, 0, 0, 0, 0, 0, 0, 0, 0, 0
   \              00000000    
   \   00000082   1FFFFFFFC01F       DC8 31, 255, 255, 255, 192, 31, 255, 255, 255, 192
   \              FFFFFFC0    
   \   0000008C   1FFFFFFFC01F       DC8 31, 255, 255, 255, 192, 31, 255, 255, 255, 192
   \              FFFFFFC0    
   \   00000096   1FFFFFFFC01F       DC8 31, 255, 255, 255, 192, 31, 255, 255, 255, 192
   \              FFFFFFC0    
   \   000000A0   1FFFFFFFC000       DC8 31, 255, 255, 255, 192, 0, 0, 0, 0, 0
   \              00000000    
   \   000000AA   000000000000       DC8 0, 0, 0, 0, 0, 0, 0, 0, 0, 0
   \              00000000    
   \   000000B4   000000000000       DC8 0, 0, 0, 0, 0, 0, 0, 0, 0, 0
   \              00000000    
   \   000000BE   000000000000       DC8 0, 0, 0, 0, 0, 0, 0, 0, 0, 0
   \              00000000    
   \   000000C8   000000000000       DC8 0, 0, 0, 0, 0, 0, 0, 0, 0, 0
   \              00000000    
   \   000000D2   000000000000       DC8 0, 0, 0, 0, 0, 0, 0, 0, 0, 0
   \              00000000    
   \   000000DC   000000000000       DC8 0, 0, 0, 0, 0, 0, 0, 0, 0, 0
   \              00000000    
   \   000000E6   000000000000       DC8 0, 0, 0, 0, 0, 0, 0, 0, 0, 0
   \              00000000    
    127            ________,________,________,________,________,
    128            ________,________,________,________,________,
    129            ________,________,________,________,________,
    130            ________,________,________,________,________,
    131            ________,________,________,________,________,
    132            ________,________,________,________,________,
    133            ________,________,________,________,________,
    134            ________,________,________,________,________,
    135            ________,________,________,________,________,
    136            ________,________,________,________,________,
    137            ________,________,________,________,________,
    138            ________,________,________,________,________,
    139            ________,________,________,________,________,
    140            ________,________,________,________,________,
    141            ________,________,________,________,________,
    142            ________,________,________,________,________,
    143            ________,________,________,________,________,
    144            ________,________,________,________,________,
    145            ________,________,________,________,________,
    146            ________,________,________,________,________,
    147            ________,________,________,________,________,
    148            ________,________,________,________,________,
    149            ________,________,________,________,________,
    150            ________,________,________,________,________,
    151            ________,________,________,________,________,
    152            ________,________,________,________,________,
    153            ___XXXXX,XXXXXXXX,XXXXXXXX,XXXXXXXX,XX______,
    154            ___XXXXX,XXXXXXXX,XXXXXXXX,XXXXXXXX,XX______,
    155            ___XXXXX,XXXXXXXX,XXXXXXXX,XXXXXXXX,XX______,
    156            ___XXXXX,XXXXXXXX,XXXXXXXX,XXXXXXXX,XX______,
    157            ___XXXXX,XXXXXXXX,XXXXXXXX,XXXXXXXX,XX______,
    158            ___XXXXX,XXXXXXXX,XXXXXXXX,XXXXXXXX,XX______,
    159            ___XXXXX,XXXXXXXX,XXXXXXXX,XXXXXXXX,XX______,
    160            ________,________,________,________,________,
    161            ________,________,________,________,________,
    162            ________,________,________,________,________,
    163            ________,________,________,________,________,
    164            ________,________,________,________,________,
    165            ________,________,________,________,________,
    166            ________,________,________,________,________,
    167            ________,________,________,________,________,
    168            ________,________,________,________,________,
    169            ________,________,________,________,________,
    170            ________,________,________,________,________,
    171            ________,________,________,________,________,
    172            ________,________,________,________,________,
    173            ________,________,________,________,________,
    174            ________,________,________,________,________};
    175          

   \                                 In section .rodata, align 4, keep-with-next
    176          GUI_CONST_STORAGE unsigned char acFontD48_DP[144] = { /* code 002E */
   \                     acFontD48_DP:
   \   00000000                      ; Initializer data, 144 bytes
   \   00000000   000000000000       DC8 0, 0, 0, 0, 0, 0, 0, 0, 0, 0
   \              00000000    
   \   0000000A   000000000000       DC8 0, 0, 0, 0, 0, 0, 0, 0, 0, 0
   \              00000000    
   \   00000014   000000000000       DC8 0, 0, 0, 0, 0, 0, 0, 0, 0, 0
   \              00000000    
   \   0000001E   000000000000       DC8 0, 0, 0, 0, 0, 0, 0, 0, 0, 0
   \              00000000    
   \   00000028   000000000000       DC8 0, 0, 0, 0, 0, 0, 0, 0, 0, 0
   \              00000000    
   \   00000032   000000000000       DC8 0, 0, 0, 0, 0, 0, 0, 0, 0, 0
   \              00000000    
   \   0000003C   000000000000       DC8 0, 0, 0, 0, 0, 0, 0, 0, 0, 0
   \              00000000    
   \   00000046   000000000000       DC8 0, 0, 0, 0, 0, 0, 0, 0, 0, 0
   \              00000000    
   \   00000050   000000000000       DC8 0, 0, 0, 0, 0, 0, 0, 0, 0, 0
   \              00000000    
   \   0000005A   000000000000       DC8 0, 0, 0, 0, 0, 0, 0, 0, 0, 0
   \              00000000    
   \   00000064   000000000000       DC8 0, 0, 0, 0, 0, 0, 0, 0, 0, 0
   \              00000000    
   \   0000006E   0000000007FC       DC8 0, 0, 0, 0, 7, 252, 0, 7, 252, 0
   \              0007FC00    
   \   00000078   07FC0007FC00       DC8 7, 252, 0, 7, 252, 0, 7, 252, 0, 7
   \              07FC0007    
   \   00000082   FC0007FC0007       DC8 252, 0, 7, 252, 0, 7, 252, 0, 7, 252
   \              FC0007FC    
   \   0000008C   00000000           DC8 0, 0, 0, 0
    177            ________,________,________,
    178            ________,________,________,
    179            ________,________,________,
    180            ________,________,________,
    181            ________,________,________,
    182            ________,________,________,
    183            ________,________,________,
    184            ________,________,________,
    185            ________,________,________,
    186            ________,________,________,
    187            ________,________,________,
    188            ________,________,________,
    189            ________,________,________,
    190            ________,________,________,
    191            ________,________,________,
    192            ________,________,________,
    193            ________,________,________,
    194            ________,________,________,
    195            ________,________,________,
    196            ________,________,________,
    197            ________,________,________,
    198            ________,________,________,
    199            ________,________,________,
    200            ________,________,________,
    201            ________,________,________,
    202            ________,________,________,
    203            ________,________,________,
    204            ________,________,________,
    205            ________,________,________,
    206            ________,________,________,
    207            ________,________,________,
    208            ________,________,________,
    209            ________,________,________,
    210            ________,________,________,
    211            ________,________,________,
    212            ________,________,________,
    213            ________,________,________,
    214            ________,________,________,
    215            _____XXX,XXXXXX__,________,
    216            _____XXX,XXXXXX__,________,
    217            _____XXX,XXXXXX__,________,
    218            _____XXX,XXXXXX__,________,
    219            _____XXX,XXXXXX__,________,
    220            _____XXX,XXXXXX__,________,
    221            _____XXX,XXXXXX__,________,
    222            _____XXX,XXXXXX__,________,
    223            _____XXX,XXXXXX__,________,
    224            ________,________,________};
    225          

   \                                 In section .rodata, align 4, keep-with-next
    226          GUI_CONST_STORAGE unsigned char acFontD48[10][240] = {
   \                     acFontD48:
   \   00000000                      ; Initializer data, 2400 bytes
   \   00000000   0001FC000000       DC8 0, 1, 252, 0, 0, 0, 15, 255, 128, 0
   \              0FFF8000    
   \   0000000A   003FFFE00000       DC8 0, 63, 255, 224, 0, 0, 127, 255, 240, 0
   \              7FFFF000    
   \   00000014   00FFFFF80001       DC8 0, 255, 255, 248, 0, 1, 255, 255, 248, 0
   \              FFFFF800    
   \   0000001E   01FF07FC0003       DC8 1, 255, 7, 252, 0, 3, 252, 1, 254, 0
   \              FC01FE00    
   \   00000028   03F800FE0007       DC8 3, 248, 0, 254, 0, 7, 248, 0, 255, 0
   \              F800FF00    
   \   00000032   07F0007F0007       DC8 7, 240, 0, 127, 0, 7, 240, 0, 127, 0
   \              F0007F00    
   \   0000003C   0FE0003F800F       DC8 15, 224, 0, 63, 128, 15, 224, 0, 63, 128
   \              E0003F80    
   \   00000046   0FE0003F800F       DC8 15, 224, 0, 63, 128, 15, 224, 0, 63, 128
   \              E0003F80    
   \   00000050   0FC0001F801F       DC8 15, 192, 0, 31, 128, 31, 192, 0, 31, 192
   \              C0001FC0    
   \   0000005A   1FC0001FC01F       DC8 31, 192, 0, 31, 192, 31, 192, 0, 31, 192
   \              C0001FC0    
   \   00000064   1FC0001FC01F       DC8 31, 192, 0, 31, 192, 31, 192, 0, 31, 192
   \              C0001FC0    
   \   0000006E   1FC0001FC01F       DC8 31, 192, 0, 31, 192, 31, 192, 0, 31, 192
   \              C0001FC0    
   \   00000078   1FC0001FC01F       DC8 31, 192, 0, 31, 192, 31, 192, 0, 31, 192
   \              C0001FC0    
   \   00000082   1FC0001FC01F       DC8 31, 192, 0, 31, 192, 31, 192, 0, 31, 192
   \              C0001FC0    
   \   0000008C   1FC0001FC01F       DC8 31, 192, 0, 31, 192, 31, 192, 0, 31, 192
   \              C0001FC0    
   \   00000096   1FC0001FC00F       DC8 31, 192, 0, 31, 192, 15, 192, 0, 31, 128
   \              C0001F80    
   \   000000A0   0FE0003F800F       DC8 15, 224, 0, 63, 128, 15, 224, 0, 63, 128
   \              E0003F80    
   \   000000AA   0FE0003F800F       DC8 15, 224, 0, 63, 128, 15, 224, 0, 63, 128
   \              E0003F80    
   \   000000B4   07F0007F0007       DC8 7, 240, 0, 127, 0, 7, 240, 0, 127, 0
   \              F0007F00    
   \   000000BE   07F800FF0003       DC8 7, 248, 0, 255, 0, 3, 248, 0, 254, 0
   \              F800FE00    
   \   000000C8   03FC01FE0001       DC8 3, 252, 1, 254, 0, 1, 255, 7, 252, 0
   \              FF07FC00    
   \   000000D2   01FFFFFC0000       DC8 1, 255, 255, 252, 0, 0, 255, 255, 248, 0
   \              FFFFF800    
   \   000000DC   007FFFF00000       DC8 0, 127, 255, 240, 0, 0, 63, 255, 224, 0
   \              3FFFE000    
   \   000000E6   000FFF800000       DC8 0, 15, 255, 128, 0, 0, 1, 252, 0, 0
   \              01FC0000    
   \   000000F0   00007E000000       DC8 0, 0, 126, 0, 0, 0, 0, 126, 0, 0
   \              007E0000    
   \   000000FA   0000FE000000       DC8 0, 0, 254, 0, 0, 0, 0, 254, 0, 0
   \              00FE0000    
   \   00000104   0001FE000000       DC8 0, 1, 254, 0, 0, 0, 3, 254, 0, 0
   \              03FE0000    
   \   0000010E   0007FE000000       DC8 0, 7, 254, 0, 0, 0, 31, 254, 0, 0
   \              1FFE0000    
   \   00000118   007FFE00000F       DC8 0, 127, 254, 0, 0, 15, 255, 254, 0, 0
   \              FFFE0000    
   \   00000122   0FFFFE00000F       DC8 15, 255, 254, 0, 0, 15, 255, 254, 0, 0
   \              FFFE0000    
   \   0000012C   0FFFFE00000F       DC8 15, 255, 254, 0, 0, 15, 255, 254, 0, 0
   \              FFFE0000    
   \   00000136   0FFFFE000000       DC8 15, 255, 254, 0, 0, 0, 1, 254, 0, 0
   \              01FE0000    
   \   00000140   0001FE000000       DC8 0, 1, 254, 0, 0, 0, 1, 254, 0, 0
   \              01FE0000    
   \   0000014A   0001FE000000       DC8 0, 1, 254, 0, 0, 0, 1, 254, 0, 0
   \              01FE0000    
   \   00000154   0001FE000000       DC8 0, 1, 254, 0, 0, 0, 1, 254, 0, 0
   \              01FE0000    
   \   0000015E   0001FE000000       DC8 0, 1, 254, 0, 0, 0, 1, 254, 0, 0
   \              01FE0000    
   \   00000168   0001FE000000       DC8 0, 1, 254, 0, 0, 0, 1, 254, 0, 0
   \              01FE0000    
   \   00000172   0001FE000000       DC8 0, 1, 254, 0, 0, 0, 1, 254, 0, 0
   \              01FE0000    
   \   0000017C   0001FE000000       DC8 0, 1, 254, 0, 0, 0, 1, 254, 0, 0
   \              01FE0000    
   \   00000186   0001FE000000       DC8 0, 1, 254, 0, 0, 0, 1, 254, 0, 0
   \              01FE0000    
   \   00000190   0001FE000000       DC8 0, 1, 254, 0, 0, 0, 1, 254, 0, 0
   \              01FE0000    
   \   0000019A   0001FE000000       DC8 0, 1, 254, 0, 0, 0, 1, 254, 0, 0
   \              01FE0000    
   \   000001A4   0001FE000000       DC8 0, 1, 254, 0, 0, 0, 1, 254, 0, 0
   \              01FE0000    
   \   000001AE   0001FE000000       DC8 0, 1, 254, 0, 0, 0, 1, 254, 0, 0
   \              01FE0000    
   \   000001B8   0001FE000000       DC8 0, 1, 254, 0, 0, 0, 1, 254, 0, 0
   \              01FE0000    
   \   000001C2   0001FE000000       DC8 0, 1, 254, 0, 0, 0, 1, 254, 0, 0
   \              01FE0000    
   \   000001CC   0001FE000000       DC8 0, 1, 254, 0, 0, 0, 1, 254, 0, 0
   \              01FE0000    
   \   000001D6   0001FE000000       DC8 0, 1, 254, 0, 0, 0, 1, 254, 0, 0
   \              01FE0000    
   \   000001E0   0000FF000000       DC8 0, 0, 255, 0, 0, 0, 15, 255, 224, 0
   \              0FFFE000    
   \   000001EA   001FFFF00000       DC8 0, 31, 255, 240, 0, 0, 127, 255, 252, 0
   \              7FFFFC00    
   \   000001F4   00FFFFFE0000       DC8 0, 255, 255, 254, 0, 0, 255, 255, 254, 0
   \              FFFFFE00    
   \   000001FE   01FF03FF0003       DC8 1, 255, 3, 255, 0, 3, 252, 0, 255, 128
   \              FC00FF80    
   \   00000208   03F8007F8007       DC8 3, 248, 0, 127, 128, 7, 248, 0, 63, 128
   \              F8003F80    
   \   00000212   07F0003FC007       DC8 7, 240, 0, 63, 192, 7, 240, 0, 31, 192
   \              F0001FC0    
   \   0000021C   07F0001FC00F       DC8 7, 240, 0, 31, 192, 15, 224, 0, 31, 192
   \              E0001FC0    
   \   00000226   0FE0001FC00F       DC8 15, 224, 0, 31, 192, 15, 224, 0, 31, 192
   \              E0001FC0    
   \   00000230   0FE0001FC00F       DC8 15, 224, 0, 31, 192, 15, 224, 0, 63, 128
   \              E0003F80    
   \   0000023A   0000003F8000       DC8 0, 0, 0, 63, 128, 0, 0, 0, 127, 128
   \              00007F80    
   \   00000244   000000FF0000       DC8 0, 0, 0, 255, 0, 0, 0, 0, 255, 0
   \              0000FF00    
   \   0000024E   000001FE0000       DC8 0, 0, 1, 254, 0, 0, 0, 7, 254, 0
   \              0007FE00    
   \   00000258   00000FFC0000       DC8 0, 0, 15, 252, 0, 0, 0, 63, 248, 0
   \              003FF800    
   \   00000262   00007FF00000       DC8 0, 0, 127, 240, 0, 0, 0, 255, 224, 0
   \              00FFE000    
   \   0000026C   0003FF800000       DC8 0, 3, 255, 128, 0, 0, 7, 255, 0, 0
   \              07FF0000    
   \   00000276   001FFE000000       DC8 0, 31, 254, 0, 0, 0, 63, 248, 0, 0
   \              3FF80000    
   \   00000280   007FF0000000       DC8 0, 127, 240, 0, 0, 0, 255, 192, 0, 0
   \              FFC00000    
   \   0000028A   00FF80000001       DC8 0, 255, 128, 0, 0, 1, 254, 0, 0, 0
   \              FE000000    
   \   00000294   03FC00000003       DC8 3, 252, 0, 0, 0, 3, 248, 0, 0, 0
   \              F8000000    
   \   0000029E   07F000000007       DC8 7, 240, 0, 0, 0, 7, 240, 0, 0, 0
   \              F0000000    
   \   000002A8   0FE00000000F       DC8 15, 224, 0, 0, 0, 15, 255, 255, 255, 192
   \              FFFFFFC0    
   \   000002B2   0FFFFFFFC00F       DC8 15, 255, 255, 255, 192, 15, 255, 255, 255, 192
   \              FFFFFFC0    
   \   000002BC   1FFFFFFFC01F       DC8 31, 255, 255, 255, 192, 31, 255, 255, 255, 192
   \              FFFFFFC0    
   \   000002C6   1FFFFFFFC01F       DC8 31, 255, 255, 255, 192, 31, 255, 255, 255, 192
   \              FFFFFFC0    
   \   000002D0   0003FC000000       DC8 0, 3, 252, 0, 0, 0, 31, 255, 128, 0
   \              1FFF8000    
   \   000002DA   007FFFE00000       DC8 0, 127, 255, 224, 0, 0, 255, 255, 240, 0
   \              FFFFF000    
   \   000002E4   01FFFFF80003       DC8 1, 255, 255, 248, 0, 3, 255, 255, 252, 0
   \              FFFFFC00    
   \   000002EE   03FE07FE0007       DC8 3, 254, 7, 254, 0, 7, 248, 1, 254, 0
   \              F801FE00    
   \   000002F8   07F000FE000F       DC8 7, 240, 0, 254, 0, 15, 240, 0, 255, 0
   \              F000FF00    
   \   00000302   0FE0007F000F       DC8 15, 224, 0, 127, 0, 15, 224, 0, 127, 0
   \              E0007F00    
   \   0000030C   1FC0007F001F       DC8 31, 192, 0, 127, 0, 31, 192, 0, 127, 0
   \              C0007F00    
   \   00000316   1FC0007F0000       DC8 31, 192, 0, 127, 0, 0, 0, 0, 254, 0
   \              0000FE00    
   \   00000320   000000FE0000       DC8 0, 0, 0, 254, 0, 0, 0, 1, 254, 0
   \              0001FE00    
   \   0000032A   000003FC0000       DC8 0, 0, 3, 252, 0, 0, 0, 31, 248, 0
   \              001FF800    
   \   00000334   0001FFF80000       DC8 0, 1, 255, 248, 0, 0, 1, 255, 224, 0
   \              01FFE000    
   \   0000033E   0001FFF00000       DC8 0, 1, 255, 240, 0, 0, 1, 255, 248, 0
   \              01FFF800    
   \   00000348   0001FFFC0000       DC8 0, 1, 255, 252, 0, 0, 1, 255, 254, 0
   \              01FFFE00    
   \   00000352   000007FF0000       DC8 0, 0, 7, 255, 0, 0, 0, 0, 255, 0
   \              0000FF00    
   \   0000035C   0000007F8000       DC8 0, 0, 0, 127, 128, 0, 0, 0, 63, 128
   \              00003F80    
   \   00000366   0000003F8000       DC8 0, 0, 0, 63, 128, 0, 0, 0, 31, 192
   \              00001FC0    
   \   00000370   3F80001FC03F       DC8 63, 128, 0, 31, 192, 63, 128, 0, 31, 192
   \              80001FC0    
   \   0000037A   3F80001FC03F       DC8 63, 128, 0, 31, 192, 63, 128, 0, 31, 192
   \              80001FC0    
   \   00000384   1FC0001FC01F       DC8 31, 192, 0, 31, 192, 31, 192, 0, 63, 192
   \              C0003FC0    
   \   0000038E   1FE0007F801F       DC8 31, 224, 0, 127, 128, 31, 224, 0, 127, 128
   \              E0007F80    
   \   00000398   0FF001FF000F       DC8 15, 240, 1, 255, 0, 15, 254, 3, 255, 0
   \              FE03FF00    
   \   000003A2   07FFFFFE0003       DC8 7, 255, 255, 254, 0, 3, 255, 255, 252, 0
   \              FFFFFC00    
   \   000003AC   01FFFFF80000       DC8 1, 255, 255, 248, 0, 0, 255, 255, 240, 0
   \              FFFFF000    
   \   000003B6   003FFFC00000       DC8 0, 63, 255, 192, 0, 0, 3, 252, 0, 0
   \              03FC0000    
   \   000003C0   000007F00000       DC8 0, 0, 7, 240, 0, 0, 0, 15, 240, 0
   \              000FF000    
   \   000003CA   00001FF00000       DC8 0, 0, 31, 240, 0, 0, 0, 31, 240, 0
   \              001FF000    
   \   000003D4   00003FF00000       DC8 0, 0, 63, 240, 0, 0, 0, 127, 240, 0
   \              007FF000    
   \   000003DE   00007FF00000       DC8 0, 0, 127, 240, 0, 0, 0, 255, 240, 0
   \              00FFF000    
   \   000003E8   0001FFF00000       DC8 0, 1, 255, 240, 0, 0, 1, 255, 240, 0
   \              01FFF000    
   \   000003F2   0003F7F00000       DC8 0, 3, 247, 240, 0, 0, 7, 231, 240, 0
   \              07E7F000    
   \   000003FC   000FE7F00000       DC8 0, 15, 231, 240, 0, 0, 15, 199, 240, 0
   \              0FC7F000    
   \   00000406   001F87F00000       DC8 0, 31, 135, 240, 0, 0, 63, 135, 240, 0
   \              3F87F000    
   \   00000410   003F07F00000       DC8 0, 63, 7, 240, 0, 0, 126, 7, 240, 0
   \              7E07F000    
   \   0000041A   00FE07F00000       DC8 0, 254, 7, 240, 0, 0, 252, 7, 240, 0
   \              FC07F000    
   \   00000424   01F807F00003       DC8 1, 248, 7, 240, 0, 3, 248, 7, 240, 0
   \              F807F000    
   \   0000042E   03F007F00007       DC8 3, 240, 7, 240, 0, 7, 224, 7, 240, 0
   \              E007F000    
   \   00000438   0FE007F0001F       DC8 15, 224, 7, 240, 0, 31, 192, 7, 240, 0
   \              C007F000    
   \   00000442   1FC007F0003F       DC8 31, 192, 7, 240, 0, 63, 128, 7, 240, 0
   \              8007F000    
   \   0000044C   7F0007F0007F       DC8 127, 0, 7, 240, 0, 127, 0, 7, 240, 0
   \              0007F000    
   \   00000456   7FFFFFFFC07F       DC8 127, 255, 255, 255, 192, 127, 255, 255, 255, 192
   \              FFFFFFC0    
   \   00000460   7FFFFFFFC07F       DC8 127, 255, 255, 255, 192, 127, 255, 255, 255, 192
   \              FFFFFFC0    
   \   0000046A   7FFFFFFFC07F       DC8 127, 255, 255, 255, 192, 127, 255, 255, 255, 192
   \              FFFFFFC0    
   \   00000474   000007F00000       DC8 0, 0, 7, 240, 0, 0, 0, 7, 240, 0
   \              0007F000    
   \   0000047E   000007F00000       DC8 0, 0, 7, 240, 0, 0, 0, 7, 240, 0
   \              0007F000    
   \   00000488   000007F00000       DC8 0, 0, 7, 240, 0, 0, 0, 7, 240, 0
   \              0007F000    
   \   00000492   000007F00000       DC8 0, 0, 7, 240, 0, 0, 0, 7, 240, 0
   \              0007F000    
   \   0000049C   000007F00000       DC8 0, 0, 7, 240, 0, 0, 0, 7, 240, 0
   \              0007F000    
   \   000004A6   000007F00000       DC8 0, 0, 7, 240, 0, 0, 0, 7, 240, 0
   \              0007F000    
   \   000004B0   00FFFFFF0000       DC8 0, 255, 255, 255, 0, 0, 255, 255, 255, 0
   \              FFFFFF00    
   \   000004BA   00FFFFFF0000       DC8 0, 255, 255, 255, 0, 0, 255, 255, 255, 0
   \              FFFFFF00    
   \   000004C4   00FFFFFF0001       DC8 0, 255, 255, 255, 0, 1, 255, 255, 255, 0
   \              FFFFFF00    
   \   000004CE   01FFFFFF0001       DC8 1, 255, 255, 255, 0, 1, 252, 0, 0, 0
   \              FC000000    
   \   000004D8   01FC00000001       DC8 1, 252, 0, 0, 0, 1, 248, 0, 0, 0
   \              F8000000    
   \   000004E2   01F800000003       DC8 1, 248, 0, 0, 0, 3, 248, 0, 0, 0
   \              F8000000    
   \   000004EC   03F800000003       DC8 3, 248, 0, 0, 0, 3, 248, 0, 0, 0
   \              F8000000    
   \   000004F6   03F000000003       DC8 3, 240, 0, 0, 0, 3, 240, 0, 0, 0
   \              F0000000    
   \   00000500   03F07F000007       DC8 3, 240, 127, 0, 0, 7, 243, 255, 224, 0
   \              F3FFE000    
   \   0000050A   07F7FFF00007       DC8 7, 247, 255, 240, 0, 7, 255, 255, 248, 0
   \              FFFFF800    
   \   00000514   07FFFFFC0007       DC8 7, 255, 255, 252, 0, 7, 255, 255, 254, 0
   \              FFFFFE00    
   \   0000051E   0FFE07FF000F       DC8 15, 254, 7, 255, 0, 15, 248, 1, 255, 0
   \              F801FF00    
   \   00000528   0FF0007F800F       DC8 15, 240, 0, 127, 128, 15, 224, 0, 127, 128
   \              E0007F80    
   \   00000532   0000003F8000       DC8 0, 0, 0, 63, 128, 0, 0, 0, 63, 192
   \              00003FC0    
   \   0000053C   0000001FC000       DC8 0, 0, 0, 31, 192, 0, 0, 0, 31, 192
   \              00001FC0    
   \   00000546   0000001FC000       DC8 0, 0, 0, 31, 192, 0, 0, 0, 31, 192
   \              00001FC0    
   \   00000550   0000001FC000       DC8 0, 0, 0, 31, 192, 0, 0, 0, 31, 192
   \              00001FC0    
   \   0000055A   1FC0001FC01F       DC8 31, 192, 0, 31, 192, 31, 192, 0, 31, 192
   \              C0001FC0    
   \   00000564   1FE0003F801F       DC8 31, 224, 0, 63, 128, 31, 224, 0, 63, 128
   \              E0003F80    
   \   0000056E   0FE0007F800F       DC8 15, 224, 0, 127, 128, 15, 240, 0, 127, 0
   \              F0007F00    
   \   00000578   07F800FF0007       DC8 7, 248, 0, 255, 0, 7, 254, 3, 254, 0
   \              FE03FE00    
   \   00000582   03FFFFFC0001       DC8 3, 255, 255, 252, 0, 1, 255, 255, 252, 0
   \              FFFFFC00    
   \   0000058C   00FFFFF80000       DC8 0, 255, 255, 248, 0, 0, 127, 255, 224, 0
   \              7FFFE000    
   \   00000596   001FFFC00000       DC8 0, 31, 255, 192, 0, 0, 3, 254, 0, 0
   \              03FE0000    
   \   000005A0   0000FE000000       DC8 0, 0, 254, 0, 0, 0, 7, 255, 192, 0
   \              07FFC000    
   \   000005AA   001FFFF00000       DC8 0, 31, 255, 240, 0, 0, 63, 255, 248, 0
   \              3FFFF800    
   \   000005B4   00FFFFFC0001       DC8 0, 255, 255, 252, 0, 1, 255, 255, 254, 0
   \              FFFFFE00    
   \   000005BE   01FF03FE0003       DC8 1, 255, 3, 254, 0, 3, 252, 0, 255, 0
   \              FC00FF00    
   \   000005C8   07F8007F0007       DC8 7, 248, 0, 127, 0, 7, 240, 0, 127, 0
   \              F0007F00    
   \   000005D2   0FF0003F800F       DC8 15, 240, 0, 63, 128, 15, 224, 0, 63, 128
   \              E0003F80    
   \   000005DC   0FE00000001F       DC8 15, 224, 0, 0, 0, 31, 224, 0, 0, 0
   \              E0000000    
   \   000005E6   1FC00000001F       DC8 31, 192, 0, 0, 0, 31, 192, 0, 0, 0
   \              C0000000    
   \   000005F0   1FC00000001F       DC8 31, 192, 0, 0, 0, 31, 192, 254, 0, 0
   \              C0FE0000    
   \   000005FA   3FC3FFC0003F       DC8 63, 195, 255, 192, 0, 63, 207, 255, 240, 0
   \              CFFFF000    
   \   00000604   3F9FFFF8003F       DC8 63, 159, 255, 248, 0, 63, 191, 255, 252, 0
   \              BFFFFC00    
   \   0000060E   3FFFFFFE003F       DC8 63, 255, 255, 254, 0, 63, 254, 3, 255, 0
   \              FE03FF00    
   \   00000618   3FFC00FF003F       DC8 63, 252, 0, 255, 0, 63, 240, 0, 127, 128
   \              F0007F80    
   \   00000622   3FF0007F803F       DC8 63, 240, 0, 127, 128, 63, 224, 0, 63, 128
   \              E0003F80    
   \   0000062C   3FE0003FC03F       DC8 63, 224, 0, 63, 192, 63, 192, 0, 31, 192
   \              C0001FC0    
   \   00000636   3FC0001FC01F       DC8 63, 192, 0, 31, 192, 31, 192, 0, 31, 192
   \              C0001FC0    
   \   00000640   1FC0001FC01F       DC8 31, 192, 0, 31, 192, 31, 192, 0, 31, 192
   \              C0001FC0    
   \   0000064A   1FC0001FC01F       DC8 31, 192, 0, 31, 192, 31, 192, 0, 31, 192
   \              C0001FC0    
   \   00000654   0FE0003F800F       DC8 15, 224, 0, 63, 128, 15, 224, 0, 63, 128
   \              E0003F80    
   \   0000065E   0FF0007F8007       DC8 15, 240, 0, 127, 128, 7, 248, 0, 127, 128
   \              F8007F80    
   \   00000668   07FC01FF0003       DC8 7, 252, 1, 255, 0, 3, 255, 3, 255, 0
   \              FF03FF00    
   \   00000672   03FFFFFE0001       DC8 3, 255, 255, 254, 0, 1, 255, 255, 252, 0
   \              FFFFFC00    
   \   0000067C   00FFFFF80000       DC8 0, 255, 255, 248, 0, 0, 63, 255, 240, 0
   \              3FFFF000    
   \   00000686   000FFFC00000       DC8 0, 15, 255, 192, 0, 0, 3, 254, 0, 0
   \              03FE0000    
   \   00000690   1FFFFFFFC01F       DC8 31, 255, 255, 255, 192, 31, 255, 255, 255, 192
   \              FFFFFFC0    
   \   0000069A   1FFFFFFFC01F       DC8 31, 255, 255, 255, 192, 31, 255, 255, 255, 192
   \              FFFFFFC0    
   \   000006A4   1FFFFFFFC01F       DC8 31, 255, 255, 255, 192, 31, 255, 255, 255, 192
   \              FFFFFFC0    
   \   000006AE   1FFFFFFFC000       DC8 31, 255, 255, 255, 192, 0, 0, 0, 63, 128
   \              00003F80    
   \   000006B8   0000007F0000       DC8 0, 0, 0, 127, 0, 0, 0, 0, 254, 0
   \              0000FE00    
   \   000006C2   000000FC0000       DC8 0, 0, 0, 252, 0, 0, 0, 1, 252, 0
   \              0001FC00    
   \   000006CC   000003F80000       DC8 0, 0, 3, 248, 0, 0, 0, 7, 240, 0
   \              0007F000    
   \   000006D6   000007E00000       DC8 0, 0, 7, 224, 0, 0, 0, 15, 224, 0
   \              000FE000    
   \   000006E0   00001FC00000       DC8 0, 0, 31, 192, 0, 0, 0, 31, 192, 0
   \              001FC000    
   \   000006EA   00003F800000       DC8 0, 0, 63, 128, 0, 0, 0, 63, 0, 0
   \              003F0000    
   \   000006F4   00007F000000       DC8 0, 0, 127, 0, 0, 0, 0, 254, 0, 0
   \              00FE0000    
   \   000006FE   0000FE000000       DC8 0, 0, 254, 0, 0, 0, 0, 252, 0, 0
   \              00FC0000    
   \   00000708   0001FC000000       DC8 0, 1, 252, 0, 0, 0, 1, 252, 0, 0
   \              01FC0000    
   \   00000712   0003F8000000       DC8 0, 3, 248, 0, 0, 0, 3, 248, 0, 0
   \              03F80000    
   \   0000071C   0007F8000000       DC8 0, 7, 248, 0, 0, 0, 7, 240, 0, 0
   \              07F00000    
   \   00000726   0007F0000000       DC8 0, 7, 240, 0, 0, 0, 15, 240, 0, 0
   \              0FF00000    
   \   00000730   000FE0000000       DC8 0, 15, 224, 0, 0, 0, 15, 224, 0, 0
   \              0FE00000    
   \   0000073A   001FE0000000       DC8 0, 31, 224, 0, 0, 0, 31, 224, 0, 0
   \              1FE00000    
   \   00000744   001FC0000000       DC8 0, 31, 192, 0, 0, 0, 31, 192, 0, 0
   \              1FC00000    
   \   0000074E   003FC0000000       DC8 0, 63, 192, 0, 0, 0, 63, 192, 0, 0
   \              3FC00000    
   \   00000758   003FC0000000       DC8 0, 63, 192, 0, 0, 0, 63, 192, 0, 0
   \              3FC00000    
   \   00000762   003F80000000       DC8 0, 63, 128, 0, 0, 0, 127, 128, 0, 0
   \              7F800000    
   \   0000076C   007F80000000       DC8 0, 127, 128, 0, 0, 0, 127, 128, 0, 0
   \              7F800000    
   \   00000776   007F80000000       DC8 0, 127, 128, 0, 0, 0, 127, 128, 0, 0
   \              7F800000    
   \   00000780   0003FE000000       DC8 0, 3, 254, 0, 0, 0, 31, 255, 192, 0
   \              1FFFC000    
   \   0000078A   007FFFF00000       DC8 0, 127, 255, 240, 0, 0, 255, 255, 248, 0
   \              FFFFF800    
   \   00000794   01FFFFFC0003       DC8 1, 255, 255, 252, 0, 3, 255, 255, 254, 0
   \              FFFFFE00    
   \   0000079E   07FE03FF0007       DC8 7, 254, 3, 255, 0, 7, 252, 1, 255, 0
   \              FC01FF00    
   \   000007A8   07F800FF000F       DC8 7, 248, 0, 255, 0, 15, 240, 0, 127, 128
   \              F0007F80    
   \   000007B2   0FE0003F800F       DC8 15, 224, 0, 63, 128, 15, 224, 0, 63, 128
   \              E0003F80    
   \   000007BC   0FE0003F800F       DC8 15, 224, 0, 63, 128, 15, 224, 0, 63, 128
   \              E0003F80    
   \   000007C6   0FE0003F800F       DC8 15, 224, 0, 63, 128, 15, 224, 0, 63, 128
   \              E0003F80    
   \   000007D0   07F0007F0007       DC8 7, 240, 0, 127, 0, 7, 248, 0, 255, 0
   \              F800FF00    
   \   000007DA   03FC01FE0001       DC8 3, 252, 1, 254, 0, 1, 254, 3, 252, 0
   \              FE03FC00    
   \   000007E4   00FFFFF80000       DC8 0, 255, 255, 248, 0, 0, 63, 255, 224, 0
   \              3FFFE000    
   \   000007EE   007FFFE00001       DC8 0, 127, 255, 224, 0, 1, 255, 255, 248, 0
   \              FFFFF800    
   \   000007F8   03FFFFFC0007       DC8 3, 255, 255, 252, 0, 7, 255, 255, 254, 0
   \              FFFFFE00    
   \   00000802   0FFC03FF000F       DC8 15, 252, 3, 255, 0, 15, 240, 1, 255, 128
   \              F001FF80    
   \   0000080C   1FE0007F801F       DC8 31, 224, 0, 127, 128, 31, 192, 0, 63, 128
   \              C0003F80    
   \   00000816   3FC0003FC03F       DC8 63, 192, 0, 63, 192, 63, 128, 0, 31, 192
   \              80001FC0    
   \   00000820   3F80001FC03F       DC8 63, 128, 0, 31, 192, 63, 128, 0, 31, 192
   \              80001FC0    
   \   0000082A   3F80001FC03F       DC8 63, 128, 0, 31, 192, 63, 128, 0, 31, 192
   \              80001FC0    
   \   00000834   3F80001FC01F       DC8 63, 128, 0, 31, 192, 31, 192, 0, 63, 128
   \              C0003F80    
   \   0000083E   1FE0007F801F       DC8 31, 224, 0, 127, 128, 31, 224, 0, 127, 128
   \              E0007F80    
   \   00000848   0FF801FF000F       DC8 15, 248, 1, 255, 0, 15, 254, 3, 255, 0
   \              FE03FF00    
   \   00000852   07FFFFFE0003       DC8 7, 255, 255, 254, 0, 3, 255, 255, 252, 0
   \              FFFFFC00    
   \   0000085C   01FFFFF80000       DC8 1, 255, 255, 248, 0, 0, 255, 255, 240, 0
   \              FFFFF000    
   \   00000866   003FFFC00000       DC8 0, 63, 255, 192, 0, 0, 3, 252, 0, 0
   \              03FC0000    
   \   00000870   0003FC000000       DC8 0, 3, 252, 0, 0, 0, 63, 255, 128, 0
   \              3FFF8000    
   \   0000087A   00FFFFE00001       DC8 0, 255, 255, 224, 0, 1, 255, 255, 240, 0
   \              FFFFF000    
   \   00000884   03FFFFF80007       DC8 3, 255, 255, 248, 0, 7, 255, 255, 252, 0
   \              FFFFFC00    
   \   0000088E   0FFC0FFC000F       DC8 15, 252, 15, 252, 0, 15, 240, 3, 254, 0
   \              F003FE00    
   \   00000898   1FE000FE001F       DC8 31, 224, 0, 254, 0, 31, 224, 0, 255, 0
   \              E000FF00    
   \   000008A2   1FC0007F003F       DC8 31, 192, 0, 127, 0, 63, 192, 0, 127, 0
   \              C0007F00    
   \   000008AC   3F80003F803F       DC8 63, 128, 0, 63, 128, 63, 128, 0, 63, 128
   \              80003F80    
   \   000008B6   3F80003F803F       DC8 63, 128, 0, 63, 128, 63, 128, 0, 63, 128
   \              80003F80    
   \   000008C0   3F80003F803F       DC8 63, 128, 0, 63, 128, 63, 128, 0, 63, 192
   \              80003FC0    
   \   000008CA   3F80003FC03F       DC8 63, 128, 0, 63, 192, 63, 192, 0, 127, 192
   \              C0007FC0    
   \   000008D4   1FC0007FC01F       DC8 31, 192, 0, 127, 192, 31, 224, 0, 255, 192
   \              E000FFC0    
   \   000008DE   1FE000FFC00F       DC8 31, 224, 0, 255, 192, 15, 240, 3, 255, 192
   \              F003FFC0    
   \   000008E8   0FFC0FFFC007       DC8 15, 252, 15, 255, 192, 7, 255, 255, 255, 192
   \              FFFFFFC0    
   \   000008F2   03FFFFDFC001       DC8 3, 255, 255, 223, 192, 1, 255, 255, 159, 192
   \              FFFF9FC0    
   \   000008FC   00FFFF3FC000       DC8 0, 255, 255, 63, 192, 0, 63, 252, 63, 192
   \              3FFC3FC0    
   \   00000906   0007F03F8000       DC8 0, 7, 240, 63, 128, 0, 0, 0, 63, 128
   \              00003F80    
   \   00000910   0000003F8000       DC8 0, 0, 0, 63, 128, 0, 0, 0, 63, 128
   \              00003F80    
   \   0000091A   0000007F8000       DC8 0, 0, 0, 127, 128, 0, 0, 0, 127, 0
   \              00007F00    
   \   00000924   1FC0007F001F       DC8 31, 192, 0, 127, 0, 31, 192, 0, 254, 0
   \              C000FE00    
   \   0000092E   1FE000FE000F       DC8 31, 224, 0, 254, 0, 15, 224, 1, 254, 0
   \              E001FE00    
   \   00000938   0FF003FC0007       DC8 15, 240, 3, 252, 0, 7, 252, 15, 248, 0
   \              FC0FF800    
   \   00000942   07FFFFF80003       DC8 7, 255, 255, 248, 0, 3, 255, 255, 240, 0
   \              FFFFF000    
   \   0000094C   01FFFFC00000       DC8 1, 255, 255, 192, 0, 0, 255, 255, 128, 0
   \              FFFF8000    
   \   00000956   003FFE000000       DC8 0, 63, 254, 0, 0, 0, 7, 240, 0, 0
   \              07F00000    
    227          {
    228            ________,_______X,XXXXXX__,________,________,
    229            ________,____XXXX,XXXXXXXX,X_______,________,
    230            ________,__XXXXXX,XXXXXXXX,XXX_____,________,
    231            ________,_XXXXXXX,XXXXXXXX,XXXX____,________,
    232            ________,XXXXXXXX,XXXXXXXX,XXXXX___,________,
    233            _______X,XXXXXXXX,XXXXXXXX,XXXXX___,________,
    234            _______X,XXXXXXXX,_____XXX,XXXXXX__,________,
    235            ______XX,XXXXXX__,_______X,XXXXXXX_,________,
    236            ______XX,XXXXX___,________,XXXXXXX_,________,
    237            _____XXX,XXXXX___,________,XXXXXXXX,________,
    238            _____XXX,XXXX____,________,_XXXXXXX,________,
    239            _____XXX,XXXX____,________,_XXXXXXX,________,
    240            ____XXXX,XXX_____,________,__XXXXXX,X_______,
    241            ____XXXX,XXX_____,________,__XXXXXX,X_______,
    242            ____XXXX,XXX_____,________,__XXXXXX,X_______,
    243            ____XXXX,XXX_____,________,__XXXXXX,X_______,
    244            ____XXXX,XX______,________,___XXXXX,X_______,
    245            ___XXXXX,XX______,________,___XXXXX,XX______,
    246            ___XXXXX,XX______,________,___XXXXX,XX______,
    247            ___XXXXX,XX______,________,___XXXXX,XX______,
    248            ___XXXXX,XX______,________,___XXXXX,XX______,
    249            ___XXXXX,XX______,________,___XXXXX,XX______,
    250            ___XXXXX,XX______,________,___XXXXX,XX______,
    251            ___XXXXX,XX______,________,___XXXXX,XX______,
    252            ___XXXXX,XX______,________,___XXXXX,XX______,
    253            ___XXXXX,XX______,________,___XXXXX,XX______,
    254            ___XXXXX,XX______,________,___XXXXX,XX______,
    255            ___XXXXX,XX______,________,___XXXXX,XX______,
    256            ___XXXXX,XX______,________,___XXXXX,XX______,
    257            ___XXXXX,XX______,________,___XXXXX,XX______,
    258            ___XXXXX,XX______,________,___XXXXX,XX______,
    259            ____XXXX,XX______,________,___XXXXX,X_______,
    260            ____XXXX,XXX_____,________,__XXXXXX,X_______,
    261            ____XXXX,XXX_____,________,__XXXXXX,X_______,
    262            ____XXXX,XXX_____,________,__XXXXXX,X_______,
    263            ____XXXX,XXX_____,________,__XXXXXX,X_______,
    264            _____XXX,XXXX____,________,_XXXXXXX,________,
    265            _____XXX,XXXX____,________,_XXXXXXX,________,
    266            _____XXX,XXXXX___,________,XXXXXXXX,________,
    267            ______XX,XXXXX___,________,XXXXXXX_,________,
    268            ______XX,XXXXXX__,_______X,XXXXXXX_,________,
    269            _______X,XXXXXXXX,_____XXX,XXXXXX__,________,
    270            _______X,XXXXXXXX,XXXXXXXX,XXXXXX__,________,
    271            ________,XXXXXXXX,XXXXXXXX,XXXXX___,________,
    272            ________,_XXXXXXX,XXXXXXXX,XXXX____,________,
    273            ________,__XXXXXX,XXXXXXXX,XXX_____,________,
    274            ________,____XXXX,XXXXXXXX,X_______,________,
    275            ________,_______X,XXXXXX__,________,________},
    276          
    277          {
    278            ________,________,_XXXXXX_,________,________,
    279            ________,________,_XXXXXX_,________,________,
    280            ________,________,XXXXXXX_,________,________,
    281            ________,________,XXXXXXX_,________,________,
    282            ________,_______X,XXXXXXX_,________,________,
    283            ________,______XX,XXXXXXX_,________,________,
    284            ________,_____XXX,XXXXXXX_,________,________,
    285            ________,___XXXXX,XXXXXXX_,________,________,
    286            ________,_XXXXXXX,XXXXXXX_,________,________,
    287            ____XXXX,XXXXXXXX,XXXXXXX_,________,________,
    288            ____XXXX,XXXXXXXX,XXXXXXX_,________,________,
    289            ____XXXX,XXXXXXXX,XXXXXXX_,________,________,
    290            ____XXXX,XXXXXXXX,XXXXXXX_,________,________,
    291            ____XXXX,XXXXXXXX,XXXXXXX_,________,________,
    292            ____XXXX,XXXXXXXX,XXXXXXX_,________,________,
    293            ________,_______X,XXXXXXX_,________,________,
    294            ________,_______X,XXXXXXX_,________,________,
    295            ________,_______X,XXXXXXX_,________,________,
    296            ________,_______X,XXXXXXX_,________,________,
    297            ________,_______X,XXXXXXX_,________,________,
    298            ________,_______X,XXXXXXX_,________,________,
    299            ________,_______X,XXXXXXX_,________,________,
    300            ________,_______X,XXXXXXX_,________,________,
    301            ________,_______X,XXXXXXX_,________,________,
    302            ________,_______X,XXXXXXX_,________,________,
    303            ________,_______X,XXXXXXX_,________,________,
    304            ________,_______X,XXXXXXX_,________,________,
    305            ________,_______X,XXXXXXX_,________,________,
    306            ________,_______X,XXXXXXX_,________,________,
    307            ________,_______X,XXXXXXX_,________,________,
    308            ________,_______X,XXXXXXX_,________,________,
    309            ________,_______X,XXXXXXX_,________,________,
    310            ________,_______X,XXXXXXX_,________,________,
    311            ________,_______X,XXXXXXX_,________,________,
    312            ________,_______X,XXXXXXX_,________,________,
    313            ________,_______X,XXXXXXX_,________,________,
    314            ________,_______X,XXXXXXX_,________,________,
    315            ________,_______X,XXXXXXX_,________,________,
    316            ________,_______X,XXXXXXX_,________,________,
    317            ________,_______X,XXXXXXX_,________,________,
    318            ________,_______X,XXXXXXX_,________,________,
    319            ________,_______X,XXXXXXX_,________,________,
    320            ________,_______X,XXXXXXX_,________,________,
    321            ________,_______X,XXXXXXX_,________,________,
    322            ________,_______X,XXXXXXX_,________,________,
    323            ________,_______X,XXXXXXX_,________,________,
    324            ________,_______X,XXXXXXX_,________,________,
    325            ________,_______X,XXXXXXX_,________,________},
    326          
    327          {
    328            ________,________,XXXXXXXX,________,________,
    329            ________,____XXXX,XXXXXXXX,XXX_____,________,
    330            ________,___XXXXX,XXXXXXXX,XXXX____,________,
    331            ________,_XXXXXXX,XXXXXXXX,XXXXXX__,________,
    332            ________,XXXXXXXX,XXXXXXXX,XXXXXXX_,________,
    333            ________,XXXXXXXX,XXXXXXXX,XXXXXXX_,________,
    334            _______X,XXXXXXXX,______XX,XXXXXXXX,________,
    335            ______XX,XXXXXX__,________,XXXXXXXX,X_______,
    336            ______XX,XXXXX___,________,_XXXXXXX,X_______,
    337            _____XXX,XXXXX___,________,__XXXXXX,X_______,
    338            _____XXX,XXXX____,________,__XXXXXX,XX______,
    339            _____XXX,XXXX____,________,___XXXXX,XX______,
    340            _____XXX,XXXX____,________,___XXXXX,XX______,
    341            ____XXXX,XXX_____,________,___XXXXX,XX______,
    342            ____XXXX,XXX_____,________,___XXXXX,XX______,
    343            ____XXXX,XXX_____,________,___XXXXX,XX______,
    344            ____XXXX,XXX_____,________,___XXXXX,XX______,
    345            ____XXXX,XXX_____,________,__XXXXXX,X_______,
    346            ________,________,________,__XXXXXX,X_______,
    347            ________,________,________,_XXXXXXX,X_______,
    348            ________,________,________,XXXXXXXX,________,
    349            ________,________,________,XXXXXXXX,________,
    350            ________,________,_______X,XXXXXXX_,________,
    351            ________,________,_____XXX,XXXXXXX_,________,
    352            ________,________,____XXXX,XXXXXX__,________,
    353            ________,________,__XXXXXX,XXXXX___,________,
    354            ________,________,_XXXXXXX,XXXX____,________,
    355            ________,________,XXXXXXXX,XXX_____,________,
    356            ________,______XX,XXXXXXXX,X_______,________,
    357            ________,_____XXX,XXXXXXXX,________,________,
    358            ________,___XXXXX,XXXXXXX_,________,________,
    359            ________,__XXXXXX,XXXXX___,________,________,
    360            ________,_XXXXXXX,XXXX____,________,________,
    361            ________,XXXXXXXX,XX______,________,________,
    362            ________,XXXXXXXX,X_______,________,________,
    363            _______X,XXXXXXX_,________,________,________,
    364            ______XX,XXXXXX__,________,________,________,
    365            ______XX,XXXXX___,________,________,________,
    366            _____XXX,XXXX____,________,________,________,
    367            _____XXX,XXXX____,________,________,________,
    368            ____XXXX,XXX_____,________,________,________,
    369            ____XXXX,XXXXXXXX,XXXXXXXX,XXXXXXXX,XX______,
    370            ____XXXX,XXXXXXXX,XXXXXXXX,XXXXXXXX,XX______,
    371            ____XXXX,XXXXXXXX,XXXXXXXX,XXXXXXXX,XX______,
    372            ___XXXXX,XXXXXXXX,XXXXXXXX,XXXXXXXX,XX______,
    373            ___XXXXX,XXXXXXXX,XXXXXXXX,XXXXXXXX,XX______,
    374            ___XXXXX,XXXXXXXX,XXXXXXXX,XXXXXXXX,XX______,
    375            ___XXXXX,XXXXXXXX,XXXXXXXX,XXXXXXXX,XX______},
    376          
    377          {
    378            ________,______XX,XXXXXX__,________,________,
    379            ________,___XXXXX,XXXXXXXX,X_______,________,
    380            ________,_XXXXXXX,XXXXXXXX,XXX_____,________,
    381            ________,XXXXXXXX,XXXXXXXX,XXXX____,________,
    382            _______X,XXXXXXXX,XXXXXXXX,XXXXX___,________,
    383            ______XX,XXXXXXXX,XXXXXXXX,XXXXXX__,________,
    384            ______XX,XXXXXXX_,_____XXX,XXXXXXX_,________,
    385            _____XXX,XXXXX___,_______X,XXXXXXX_,________,
    386            _____XXX,XXXX____,________,XXXXXXX_,________,
    387            ____XXXX,XXXX____,________,XXXXXXXX,________,
    388            ____XXXX,XXX_____,________,_XXXXXXX,________,
    389            ____XXXX,XXX_____,________,_XXXXXXX,________,
    390            ___XXXXX,XX______,________,_XXXXXXX,________,
    391            ___XXXXX,XX______,________,_XXXXXXX,________,
    392            ___XXXXX,XX______,________,_XXXXXXX,________,
    393            ________,________,________,XXXXXXX_,________,
    394            ________,________,________,XXXXXXX_,________,
    395            ________,________,_______X,XXXXXXX_,________,
    396            ________,________,______XX,XXXXXX__,________,
    397            ________,________,___XXXXX,XXXXX___,________,
    398            ________,_______X,XXXXXXXX,XXXXX___,________,
    399            ________,_______X,XXXXXXXX,XXX_____,________,
    400            ________,_______X,XXXXXXXX,XXXX____,________,
    401            ________,_______X,XXXXXXXX,XXXXX___,________,
    402            ________,_______X,XXXXXXXX,XXXXXX__,________,
    403            ________,_______X,XXXXXXXX,XXXXXXX_,________,
    404            ________,________,_____XXX,XXXXXXXX,________,
    405            ________,________,________,XXXXXXXX,________,
    406            ________,________,________,_XXXXXXX,X_______,
    407            ________,________,________,__XXXXXX,X_______,
    408            ________,________,________,__XXXXXX,X_______,
    409            ________,________,________,___XXXXX,XX______,
    410            __XXXXXX,X_______,________,___XXXXX,XX______,
    411            __XXXXXX,X_______,________,___XXXXX,XX______,
    412            __XXXXXX,X_______,________,___XXXXX,XX______,
    413            __XXXXXX,X_______,________,___XXXXX,XX______,
    414            ___XXXXX,XX______,________,___XXXXX,XX______,
    415            ___XXXXX,XX______,________,__XXXXXX,XX______,
    416            ___XXXXX,XXX_____,________,_XXXXXXX,X_______,
    417            ___XXXXX,XXX_____,________,_XXXXXXX,X_______,
    418            ____XXXX,XXXX____,_______X,XXXXXXXX,________,
    419            ____XXXX,XXXXXXX_,______XX,XXXXXXXX,________,
    420            _____XXX,XXXXXXXX,XXXXXXXX,XXXXXXX_,________,
    421            ______XX,XXXXXXXX,XXXXXXXX,XXXXXX__,________,
    422            _______X,XXXXXXXX,XXXXXXXX,XXXXX___,________,
    423            ________,XXXXXXXX,XXXXXXXX,XXXX____,________,
    424            ________,__XXXXXX,XXXXXXXX,XX______,________,
    425            ________,______XX,XXXXXX__,________,________},
    426          
    427          {
    428            ________,________,_____XXX,XXXX____,________,
    429            ________,________,____XXXX,XXXX____,________,
    430            ________,________,___XXXXX,XXXX____,________,
    431            ________,________,___XXXXX,XXXX____,________,
    432            ________,________,__XXXXXX,XXXX____,________,
    433            ________,________,_XXXXXXX,XXXX____,________,
    434            ________,________,_XXXXXXX,XXXX____,________,
    435            ________,________,XXXXXXXX,XXXX____,________,
    436            ________,_______X,XXXXXXXX,XXXX____,________,
    437            ________,_______X,XXXXXXXX,XXXX____,________,
    438            ________,______XX,XXXX_XXX,XXXX____,________,
    439            ________,_____XXX,XXX__XXX,XXXX____,________,
    440            ________,____XXXX,XXX__XXX,XXXX____,________,
    441            ________,____XXXX,XX___XXX,XXXX____,________,
    442            ________,___XXXXX,X____XXX,XXXX____,________,
    443            ________,__XXXXXX,X____XXX,XXXX____,________,
    444            ________,__XXXXXX,_____XXX,XXXX____,________,
    445            ________,_XXXXXX_,_____XXX,XXXX____,________,
    446            ________,XXXXXXX_,_____XXX,XXXX____,________,
    447            ________,XXXXXX__,_____XXX,XXXX____,________,
    448            _______X,XXXXX___,_____XXX,XXXX____,________,
    449            ______XX,XXXXX___,_____XXX,XXXX____,________,
    450            ______XX,XXXX____,_____XXX,XXXX____,________,
    451            _____XXX,XXX_____,_____XXX,XXXX____,________,
    452            ____XXXX,XXX_____,_____XXX,XXXX____,________,
    453            ___XXXXX,XX______,_____XXX,XXXX____,________,
    454            ___XXXXX,XX______,_____XXX,XXXX____,________,
    455            __XXXXXX,X_______,_____XXX,XXXX____,________,
    456            _XXXXXXX,________,_____XXX,XXXX____,________,
    457            _XXXXXXX,________,_____XXX,XXXX____,________,
    458            _XXXXXXX,XXXXXXXX,XXXXXXXX,XXXXXXXX,XX______,
    459            _XXXXXXX,XXXXXXXX,XXXXXXXX,XXXXXXXX,XX______,
    460            _XXXXXXX,XXXXXXXX,XXXXXXXX,XXXXXXXX,XX______,
    461            _XXXXXXX,XXXXXXXX,XXXXXXXX,XXXXXXXX,XX______,
    462            _XXXXXXX,XXXXXXXX,XXXXXXXX,XXXXXXXX,XX______,
    463            _XXXXXXX,XXXXXXXX,XXXXXXXX,XXXXXXXX,XX______,
    464            ________,________,_____XXX,XXXX____,________,
    465            ________,________,_____XXX,XXXX____,________,
    466            ________,________,_____XXX,XXXX____,________,
    467            ________,________,_____XXX,XXXX____,________,
    468            ________,________,_____XXX,XXXX____,________,
    469            ________,________,_____XXX,XXXX____,________,
    470            ________,________,_____XXX,XXXX____,________,
    471            ________,________,_____XXX,XXXX____,________,
    472            ________,________,_____XXX,XXXX____,________,
    473            ________,________,_____XXX,XXXX____,________,
    474            ________,________,_____XXX,XXXX____,________,
    475            ________,________,_____XXX,XXXX____,________},
    476          
    477          {
    478            ________,XXXXXXXX,XXXXXXXX,XXXXXXXX,________,
    479            ________,XXXXXXXX,XXXXXXXX,XXXXXXXX,________,
    480            ________,XXXXXXXX,XXXXXXXX,XXXXXXXX,________,
    481            ________,XXXXXXXX,XXXXXXXX,XXXXXXXX,________,
    482            ________,XXXXXXXX,XXXXXXXX,XXXXXXXX,________,
    483            _______X,XXXXXXXX,XXXXXXXX,XXXXXXXX,________,
    484            _______X,XXXXXXXX,XXXXXXXX,XXXXXXXX,________,
    485            _______X,XXXXXX__,________,________,________,
    486            _______X,XXXXXX__,________,________,________,
    487            _______X,XXXXX___,________,________,________,
    488            _______X,XXXXX___,________,________,________,
    489            ______XX,XXXXX___,________,________,________,
    490            ______XX,XXXXX___,________,________,________,
    491            ______XX,XXXXX___,________,________,________,
    492            ______XX,XXXX____,________,________,________,
    493            ______XX,XXXX____,________,________,________,
    494            ______XX,XXXX____,_XXXXXXX,________,________,
    495            _____XXX,XXXX__XX,XXXXXXXX,XXX_____,________,
    496            _____XXX,XXXX_XXX,XXXXXXXX,XXXX____,________,
    497            _____XXX,XXXXXXXX,XXXXXXXX,XXXXX___,________,
    498            _____XXX,XXXXXXXX,XXXXXXXX,XXXXXX__,________,
    499            _____XXX,XXXXXXXX,XXXXXXXX,XXXXXXX_,________,
    500            ____XXXX,XXXXXXX_,_____XXX,XXXXXXXX,________,
    501            ____XXXX,XXXXX___,_______X,XXXXXXXX,________,
    502            ____XXXX,XXXX____,________,_XXXXXXX,X_______,
    503            ____XXXX,XXX_____,________,_XXXXXXX,X_______,
    504            ________,________,________,__XXXXXX,X_______,
    505            ________,________,________,__XXXXXX,XX______,
    506            ________,________,________,___XXXXX,XX______,
    507            ________,________,________,___XXXXX,XX______,
    508            ________,________,________,___XXXXX,XX______,
    509            ________,________,________,___XXXXX,XX______,
    510            ________,________,________,___XXXXX,XX______,
    511            ________,________,________,___XXXXX,XX______,
    512            ___XXXXX,XX______,________,___XXXXX,XX______,
    513            ___XXXXX,XX______,________,___XXXXX,XX______,
    514            ___XXXXX,XXX_____,________,__XXXXXX,X_______,
    515            ___XXXXX,XXX_____,________,__XXXXXX,X_______,
    516            ____XXXX,XXX_____,________,_XXXXXXX,X_______,
    517            ____XXXX,XXXX____,________,_XXXXXXX,________,
    518            _____XXX,XXXXX___,________,XXXXXXXX,________,
    519            _____XXX,XXXXXXX_,______XX,XXXXXXX_,________,
    520            ______XX,XXXXXXXX,XXXXXXXX,XXXXXX__,________,
    521            _______X,XXXXXXXX,XXXXXXXX,XXXXXX__,________,
    522            ________,XXXXXXXX,XXXXXXXX,XXXXX___,________,
    523            ________,_XXXXXXX,XXXXXXXX,XXX_____,________,
    524            ________,___XXXXX,XXXXXXXX,XX______,________,
    525            ________,______XX,XXXXXXX_,________,________},
    526          
    527          {
    528            ________,________,XXXXXXX_,________,________,
    529            ________,_____XXX,XXXXXXXX,XX______,________,
    530            ________,___XXXXX,XXXXXXXX,XXXX____,________,
    531            ________,__XXXXXX,XXXXXXXX,XXXXX___,________,
    532            ________,XXXXXXXX,XXXXXXXX,XXXXXX__,________,
    533            _______X,XXXXXXXX,XXXXXXXX,XXXXXXX_,________,
    534            _______X,XXXXXXXX,______XX,XXXXXXX_,________,
    535            ______XX,XXXXXX__,________,XXXXXXXX,________,
    536            _____XXX,XXXXX___,________,_XXXXXXX,________,
    537            _____XXX,XXXX____,________,_XXXXXXX,________,
    538            ____XXXX,XXXX____,________,__XXXXXX,X_______,
    539            ____XXXX,XXX_____,________,__XXXXXX,X_______,
    540            ____XXXX,XXX_____,________,________,________,
    541            ___XXXXX,XXX_____,________,________,________,
    542            ___XXXXX,XX______,________,________,________,
    543            ___XXXXX,XX______,________,________,________,
    544            ___XXXXX,XX______,________,________,________,
    545            ___XXXXX,XX______,XXXXXXX_,________,________,
    546            __XXXXXX,XX____XX,XXXXXXXX,XX______,________,
    547            __XXXXXX,XX__XXXX,XXXXXXXX,XXXX____,________,
    548            __XXXXXX,X__XXXXX,XXXXXXXX,XXXXX___,________,
    549            __XXXXXX,X_XXXXXX,XXXXXXXX,XXXXXX__,________,
    550            __XXXXXX,XXXXXXXX,XXXXXXXX,XXXXXXX_,________,
    551            __XXXXXX,XXXXXXX_,______XX,XXXXXXXX,________,
    552            __XXXXXX,XXXXXX__,________,XXXXXXXX,________,
    553            __XXXXXX,XXXX____,________,_XXXXXXX,X_______,
    554            __XXXXXX,XXXX____,________,_XXXXXXX,X_______,
    555            __XXXXXX,XXX_____,________,__XXXXXX,X_______,
    556            __XXXXXX,XXX_____,________,__XXXXXX,XX______,
    557            __XXXXXX,XX______,________,___XXXXX,XX______,
    558            __XXXXXX,XX______,________,___XXXXX,XX______,
    559            ___XXXXX,XX______,________,___XXXXX,XX______,
    560            ___XXXXX,XX______,________,___XXXXX,XX______,
    561            ___XXXXX,XX______,________,___XXXXX,XX______,
    562            ___XXXXX,XX______,________,___XXXXX,XX______,
    563            ___XXXXX,XX______,________,___XXXXX,XX______,
    564            ____XXXX,XXX_____,________,__XXXXXX,X_______,
    565            ____XXXX,XXX_____,________,__XXXXXX,X_______,
    566            ____XXXX,XXXX____,________,_XXXXXXX,X_______,
    567            _____XXX,XXXXX___,________,_XXXXXXX,X_______,
    568            _____XXX,XXXXXX__,_______X,XXXXXXXX,________,
    569            ______XX,XXXXXXXX,______XX,XXXXXXXX,________,
    570            ______XX,XXXXXXXX,XXXXXXXX,XXXXXXX_,________,
    571            _______X,XXXXXXXX,XXXXXXXX,XXXXXX__,________,
    572            ________,XXXXXXXX,XXXXXXXX,XXXXX___,________,
    573            ________,__XXXXXX,XXXXXXXX,XXXX____,________,
    574            ________,____XXXX,XXXXXXXX,XX______,________,
    575            ________,______XX,XXXXXXX_,________,________},
    576          
    577          {
    578            ___XXXXX,XXXXXXXX,XXXXXXXX,XXXXXXXX,XX______,
    579            ___XXXXX,XXXXXXXX,XXXXXXXX,XXXXXXXX,XX______,
    580            ___XXXXX,XXXXXXXX,XXXXXXXX,XXXXXXXX,XX______,
    581            ___XXXXX,XXXXXXXX,XXXXXXXX,XXXXXXXX,XX______,
    582            ___XXXXX,XXXXXXXX,XXXXXXXX,XXXXXXXX,XX______,
    583            ___XXXXX,XXXXXXXX,XXXXXXXX,XXXXXXXX,XX______,
    584            ___XXXXX,XXXXXXXX,XXXXXXXX,XXXXXXXX,XX______,
    585            ________,________,________,__XXXXXX,X_______,
    586            ________,________,________,_XXXXXXX,________,
    587            ________,________,________,XXXXXXX_,________,
    588            ________,________,________,XXXXXX__,________,
    589            ________,________,_______X,XXXXXX__,________,
    590            ________,________,______XX,XXXXX___,________,
    591            ________,________,_____XXX,XXXX____,________,
    592            ________,________,_____XXX,XXX_____,________,
    593            ________,________,____XXXX,XXX_____,________,
    594            ________,________,___XXXXX,XX______,________,
    595            ________,________,___XXXXX,XX______,________,
    596            ________,________,__XXXXXX,X_______,________,
    597            ________,________,__XXXXXX,________,________,
    598            ________,________,_XXXXXXX,________,________,
    599            ________,________,XXXXXXX_,________,________,
    600            ________,________,XXXXXXX_,________,________,
    601            ________,________,XXXXXX__,________,________,
    602            ________,_______X,XXXXXX__,________,________,
    603            ________,_______X,XXXXXX__,________,________,
    604            ________,______XX,XXXXX___,________,________,
    605            ________,______XX,XXXXX___,________,________,
    606            ________,_____XXX,XXXXX___,________,________,
    607            ________,_____XXX,XXXX____,________,________,
    608            ________,_____XXX,XXXX____,________,________,
    609            ________,____XXXX,XXXX____,________,________,
    610            ________,____XXXX,XXX_____,________,________,
    611            ________,____XXXX,XXX_____,________,________,
    612            ________,___XXXXX,XXX_____,________,________,
    613            ________,___XXXXX,XXX_____,________,________,
    614            ________,___XXXXX,XX______,________,________,
    615            ________,___XXXXX,XX______,________,________,
    616            ________,__XXXXXX,XX______,________,________,
    617            ________,__XXXXXX,XX______,________,________,
    618            ________,__XXXXXX,XX______,________,________,
    619            ________,__XXXXXX,XX______,________,________,
    620            ________,__XXXXXX,X_______,________,________,
    621            ________,_XXXXXXX,X_______,________,________,
    622            ________,_XXXXXXX,X_______,________,________,
    623            ________,_XXXXXXX,X_______,________,________,
    624            ________,_XXXXXXX,X_______,________,________,
    625            ________,_XXXXXXX,X_______,________,________},
    626          
    627          {
    628            ________,______XX,XXXXXXX_,________,________,
    629            ________,___XXXXX,XXXXXXXX,XX______,________,
    630            ________,_XXXXXXX,XXXXXXXX,XXXX____,________,
    631            ________,XXXXXXXX,XXXXXXXX,XXXXX___,________,
    632            _______X,XXXXXXXX,XXXXXXXX,XXXXXX__,________,
    633            ______XX,XXXXXXXX,XXXXXXXX,XXXXXXX_,________,
    634            _____XXX,XXXXXXX_,______XX,XXXXXXXX,________,
    635            _____XXX,XXXXXX__,_______X,XXXXXXXX,________,
    636            _____XXX,XXXXX___,________,XXXXXXXX,________,
    637            ____XXXX,XXXX____,________,_XXXXXXX,X_______,
    638            ____XXXX,XXX_____,________,__XXXXXX,X_______,
    639            ____XXXX,XXX_____,________,__XXXXXX,X_______,
    640            ____XXXX,XXX_____,________,__XXXXXX,X_______,
    641            ____XXXX,XXX_____,________,__XXXXXX,X_______,
    642            ____XXXX,XXX_____,________,__XXXXXX,X_______,
    643            ____XXXX,XXX_____,________,__XXXXXX,X_______,
    644            _____XXX,XXXX____,________,_XXXXXXX,________,
    645            _____XXX,XXXXX___,________,XXXXXXXX,________,
    646            ______XX,XXXXXX__,_______X,XXXXXXX_,________,
    647            _______X,XXXXXXX_,______XX,XXXXXX__,________,
    648            ________,XXXXXXXX,XXXXXXXX,XXXXX___,________,
    649            ________,__XXXXXX,XXXXXXXX,XXX_____,________,
    650            ________,_XXXXXXX,XXXXXXXX,XXX_____,________,
    651            _______X,XXXXXXXX,XXXXXXXX,XXXXX___,________,
    652            ______XX,XXXXXXXX,XXXXXXXX,XXXXXX__,________,
    653            _____XXX,XXXXXXXX,XXXXXXXX,XXXXXXX_,________,
    654            ____XXXX,XXXXXX__,______XX,XXXXXXXX,________,
    655            ____XXXX,XXXX____,_______X,XXXXXXXX,X_______,
    656            ___XXXXX,XXX_____,________,_XXXXXXX,X_______,
    657            ___XXXXX,XX______,________,__XXXXXX,X_______,
    658            __XXXXXX,XX______,________,__XXXXXX,XX______,
    659            __XXXXXX,X_______,________,___XXXXX,XX______,
    660            __XXXXXX,X_______,________,___XXXXX,XX______,
    661            __XXXXXX,X_______,________,___XXXXX,XX______,
    662            __XXXXXX,X_______,________,___XXXXX,XX______,
    663            __XXXXXX,X_______,________,___XXXXX,XX______,
    664            __XXXXXX,X_______,________,___XXXXX,XX______,
    665            ___XXXXX,XX______,________,__XXXXXX,X_______,
    666            ___XXXXX,XXX_____,________,_XXXXXXX,X_______,
    667            ___XXXXX,XXX_____,________,_XXXXXXX,X_______,
    668            ____XXXX,XXXXX___,_______X,XXXXXXXX,________,
    669            ____XXXX,XXXXXXX_,______XX,XXXXXXXX,________,
    670            _____XXX,XXXXXXXX,XXXXXXXX,XXXXXXX_,________,
    671            ______XX,XXXXXXXX,XXXXXXXX,XXXXXX__,________,
    672            _______X,XXXXXXXX,XXXXXXXX,XXXXX___,________,
    673            ________,XXXXXXXX,XXXXXXXX,XXXX____,________,
    674            ________,__XXXXXX,XXXXXXXX,XX______,________,
    675            ________,______XX,XXXXXX__,________,________},
    676          
    677          {
    678            ________,______XX,XXXXXX__,________,________,
    679            ________,__XXXXXX,XXXXXXXX,X_______,________,
    680            ________,XXXXXXXX,XXXXXXXX,XXX_____,________,
    681            _______X,XXXXXXXX,XXXXXXXX,XXXX____,________,
    682            ______XX,XXXXXXXX,XXXXXXXX,XXXXX___,________,
    683            _____XXX,XXXXXXXX,XXXXXXXX,XXXXXX__,________,
    684            ____XXXX,XXXXXX__,____XXXX,XXXXXX__,________,
    685            ____XXXX,XXXX____,______XX,XXXXXXX_,________,
    686            ___XXXXX,XXX_____,________,XXXXXXX_,________,
    687            ___XXXXX,XXX_____,________,XXXXXXXX,________,
    688            ___XXXXX,XX______,________,_XXXXXXX,________,
    689            __XXXXXX,XX______,________,_XXXXXXX,________,
    690            __XXXXXX,X_______,________,__XXXXXX,X_______,
    691            __XXXXXX,X_______,________,__XXXXXX,X_______,
    692            __XXXXXX,X_______,________,__XXXXXX,X_______,
    693            __XXXXXX,X_______,________,__XXXXXX,X_______,
    694            __XXXXXX,X_______,________,__XXXXXX,X_______,
    695            __XXXXXX,X_______,________,__XXXXXX,XX______,
    696            __XXXXXX,X_______,________,__XXXXXX,XX______,
    697            __XXXXXX,XX______,________,_XXXXXXX,XX______,
    698            ___XXXXX,XX______,________,_XXXXXXX,XX______,
    699            ___XXXXX,XXX_____,________,XXXXXXXX,XX______,
    700            ___XXXXX,XXX_____,________,XXXXXXXX,XX______,
    701            ____XXXX,XXXX____,______XX,XXXXXXXX,XX______,
    702            ____XXXX,XXXXXX__,____XXXX,XXXXXXXX,XX______,
    703            _____XXX,XXXXXXXX,XXXXXXXX,XXXXXXXX,XX______,
    704            ______XX,XXXXXXXX,XXXXXXXX,XX_XXXXX,XX______,
    705            _______X,XXXXXXXX,XXXXXXXX,X__XXXXX,XX______,
    706            ________,XXXXXXXX,XXXXXXXX,__XXXXXX,XX______,
    707            ________,__XXXXXX,XXXXXX__,__XXXXXX,XX______,
    708            ________,_____XXX,XXXX____,__XXXXXX,X_______,
    709            ________,________,________,__XXXXXX,X_______,
    710            ________,________,________,__XXXXXX,X_______,
    711            ________,________,________,__XXXXXX,X_______,
    712            ________,________,________,_XXXXXXX,X_______,
    713            ________,________,________,_XXXXXXX,________,
    714            ___XXXXX,XX______,________,_XXXXXXX,________,
    715            ___XXXXX,XX______,________,XXXXXXX_,________,
    716            ___XXXXX,XXX_____,________,XXXXXXX_,________,
    717            ____XXXX,XXX_____,_______X,XXXXXXX_,________,
    718            ____XXXX,XXXX____,______XX,XXXXXX__,________,
    719            _____XXX,XXXXXX__,____XXXX,XXXXX___,________,
    720            _____XXX,XXXXXXXX,XXXXXXXX,XXXXX___,________,
    721            ______XX,XXXXXXXX,XXXXXXXX,XXXX____,________,
    722            _______X,XXXXXXXX,XXXXXXXX,XX______,________,
    723            ________,XXXXXXXX,XXXXXXXX,X_______,________,
    724            ________,__XXXXXX,XXXXXXX_,________,________,
    725            ________,_____XXX,XXXX____,________,________},
    726          };
    727          

   \                                 In section .rodata, align 4, keep-with-next
    728          GUI_CONST_STORAGE unsigned char acFontD48_Colon[144] = { /* code 003A */
   \                     acFontD48_Colon:
   \   00000000                      ; Initializer data, 144 bytes
   \   00000000   000000000000       DC8 0, 0, 0, 0, 0, 0, 0, 0, 0, 0
   \              00000000    
   \   0000000A   000000000000       DC8 0, 0, 0, 0, 0, 0, 0, 0, 0, 0
   \              00000000    
   \   00000014   000000000000       DC8 0, 0, 0, 0, 0, 0, 0, 0, 0, 0
   \              00000000    
   \   0000001E   000000000000       DC8 0, 0, 0, 0, 0, 0, 0, 0, 0, 0
   \              00000000    
   \   00000028   000007FC0007       DC8 0, 0, 7, 252, 0, 7, 252, 0, 7, 252
   \              FC0007FC    
   \   00000032   0007FC0007FC       DC8 0, 7, 252, 0, 7, 252, 0, 7, 252, 0
   \              0007FC00    
   \   0000003C   07FC0007FC00       DC8 7, 252, 0, 7, 252, 0, 7, 252, 0, 0
   \              07FC0000    
   \   00000046   000000000000       DC8 0, 0, 0, 0, 0, 0, 0, 0, 0, 0
   \              00000000    
   \   00000050   000000000000       DC8 0, 0, 0, 0, 0, 0, 0, 0, 0, 0
   \              00000000    
   \   0000005A   000000000000       DC8 0, 0, 0, 0, 0, 0, 0, 0, 0, 0
   \              00000000    
   \   00000064   000000000000       DC8 0, 0, 0, 0, 0, 0, 0, 0, 0, 0
   \              00000000    
   \   0000006E   0000000007FC       DC8 0, 0, 0, 0, 7, 252, 0, 7, 252, 0
   \              0007FC00    
   \   00000078   07FC0007FC00       DC8 7, 252, 0, 7, 252, 0, 7, 252, 0, 7
   \              07FC0007    
   \   00000082   FC0007FC0007       DC8 252, 0, 7, 252, 0, 7, 252, 0, 7, 252
   \              FC0007FC    
   \   0000008C   00000000           DC8 0, 0, 0, 0
    729            ________,________,________,
    730            ________,________,________,
    731            ________,________,________,
    732            ________,________,________,
    733            ________,________,________,
    734            ________,________,________,
    735            ________,________,________,
    736            ________,________,________,
    737            ________,________,________,
    738            ________,________,________,
    739            ________,________,________,
    740            ________,________,________,
    741            ________,________,________,
    742            ________,________,________,
    743            _____XXX,XXXXXX__,________,
    744            _____XXX,XXXXXX__,________,
    745            _____XXX,XXXXXX__,________,
    746            _____XXX,XXXXXX__,________,
    747            _____XXX,XXXXXX__,________,
    748            _____XXX,XXXXXX__,________,
    749            _____XXX,XXXXXX__,________,
    750            _____XXX,XXXXXX__,________,
    751            _____XXX,XXXXXX__,________,
    752            ________,________,________,
    753            ________,________,________,
    754            ________,________,________,
    755            ________,________,________,
    756            ________,________,________,
    757            ________,________,________,
    758            ________,________,________,
    759            ________,________,________,
    760            ________,________,________,
    761            ________,________,________,
    762            ________,________,________,
    763            ________,________,________,
    764            ________,________,________,
    765            ________,________,________,
    766            ________,________,________,
    767            _____XXX,XXXXXX__,________,
    768            _____XXX,XXXXXX__,________,
    769            _____XXX,XXXXXX__,________,
    770            _____XXX,XXXXXX__,________,
    771            _____XXX,XXXXXX__,________,
    772            _____XXX,XXXXXX__,________,
    773            _____XXX,XXXXXX__,________,
    774            _____XXX,XXXXXX__,________,
    775            _____XXX,XXXXXX__,________,
    776            ________,________,________};
    777          

   \                                 In section .rodata, align 4, keep-with-next
    778          GUI_CONST_STORAGE GUI_CHARINFO GUI_FontD48_CharInfo[15] = {
   \                     GUI_FontD48_CharInfo:
   \   00000000                      ; Initializer data, 120 bytes
   \   00000000   12120300           DC8 18, 18, 3, 0
   \   00000004   ........           DC32 acFontD48_Space
   \   00000008   25250500           DC8 37, 37, 5, 0
   \   0000000C   ........           DC32 acFontD48_Add
   \   00000010   25250500           DC8 37, 37, 5, 0
   \   00000014   ........           DC32 acFontD48_Sub
   \   00000018   12120300           DC8 18, 18, 3, 0
   \   0000001C   ........           DC32 acFontD48_DP
   \   00000020   25250500           DC8 37, 37, 5, 0
   \   00000024   ........           DC32 acFontD48
   \   00000028   25250500           DC8 37, 37, 5, 0
   \   0000002C   ........           DC32 acFontD48 + 240
   \   00000030   25250500           DC8 37, 37, 5, 0
   \   00000034   ........           DC32 acFontD48 + 480
   \   00000038   25250500           DC8 37, 37, 5, 0
   \   0000003C   ........           DC32 acFontD48 + 720
   \   00000040   25250500           DC8 37, 37, 5, 0
   \   00000044   ........           DC32 acFontD48 + 960
   \   00000048   25250500           DC8 37, 37, 5, 0
   \   0000004C   ........           DC32 acFontD48 + 1200
   \   00000050   25250500           DC8 37, 37, 5, 0
   \   00000054   ........           DC32 acFontD48 + 1440
   \   00000058   25250500           DC8 37, 37, 5, 0
   \   0000005C   ........           DC32 acFontD48 + 1680
   \   00000060   25250500           DC8 37, 37, 5, 0
   \   00000064   ........           DC32 acFontD48 + 1920
   \   00000068   25250500           DC8 37, 37, 5, 0
   \   0000006C   ........           DC32 acFontD48 + 2160
   \   00000070   12120300           DC8 18, 18, 3, 0
   \   00000074   ........           DC32 acFontD48_Colon
    779             {  18,  18,  3, acFontD48_Space } /* code 0020 ' ' */
    780            ,{  37,  37,  5, acFontD48_Add   } /* code 002B '+' */
    781            ,{  37,  37,  5, acFontD48_Sub   } /* code 002D '-' */
    782            ,{  18,  18,  3, acFontD48_DP    } /* code 002E '.' */
    783            ,{  37,  37,  5, acFontD48[0]    } /* code 0030 '0' */
    784            ,{  37,  37,  5, acFontD48[1]    } /* code 0031 '1' */
    785            ,{  37,  37,  5, acFontD48[2]    } /* code 0032 '2' */
    786            ,{  37,  37,  5, acFontD48[3]    } /* code 0033 '3' */
    787            ,{  37,  37,  5, acFontD48[4]    } /* code 0034 '4' */
    788            ,{  37,  37,  5, acFontD48[5]    } /* code 0035 '5' */
    789            ,{  37,  37,  5, acFontD48[6]    } /* code 0036 '6' */
    790            ,{  37,  37,  5, acFontD48[7]    } /* code 0037 '7' */
    791            ,{  37,  37,  5, acFontD48[8]    } /* code 0038 '8' */
    792            ,{  37,  37,  5, acFontD48[9]    } /* code 0039 '9' */
    793            ,{  18,  18,  3, acFontD48_Colon } /* code 003A ':' */
    794          };
    795          

   \                                 In section .rodata, align 4, keep-with-next
    796          GUI_CONST_STORAGE GUI_FONT_PROP GUI_FontD48_Prop4 = {
   \                     GUI_FontD48_Prop4:
   \   00000000                      ; Initializer data, 12 bytes
   \   00000000   30003A00           DC16 48, 58
   \   00000004   ........0000       DC32 GUI_FontD48_CharInfo + 32, 0
   \              0000        
    797             0x0030                              /* first character */
    798            ,0x003A                              /* last character  */
    799            ,&GUI_FontD48_CharInfo[  4]          /* address of first character */
    800            ,(GUI_CONST_STORAGE GUI_FONT_PROP*)0 /* pointer to next GUI_FONT_PROP */
    801          };
    802          

   \                                 In section .rodata, align 4, keep-with-next
    803          GUI_CONST_STORAGE GUI_FONT_PROP GUI_FontD48_Prop3 = {
   \                     GUI_FontD48_Prop3:
   \   00000000                      ; Initializer data, 12 bytes
   \   00000000   2D002E00           DC16 45, 46
   \   00000004   ............       DC32 GUI_FontD48_CharInfo + 16, GUI_FontD48_Prop4
   \              ....        
    804             0x002D                              /* first character */
    805            ,0x002E                              /* last character  */
    806            ,&GUI_FontD48_CharInfo[  2]          /* address of first character */
    807            ,&GUI_FontD48_Prop4                  /* pointer to next GUI_FONT_PROP */
    808          };
    809          

   \                                 In section .rodata, align 4, keep-with-next
    810          GUI_CONST_STORAGE GUI_FONT_PROP GUI_FontD48_Prop2 = {
   \                     GUI_FontD48_Prop2:
   \   00000000                      ; Initializer data, 12 bytes
   \   00000000   2B002B00           DC16 43, 43
   \   00000004   ............       DC32 GUI_FontD48_CharInfo + 8, GUI_FontD48_Prop3
   \              ....        
    811             0x002B                              /* first character */
    812            ,0x002B                              /* last character  */
    813            ,&GUI_FontD48_CharInfo[  1]          /* address of first character */
    814            ,&GUI_FontD48_Prop3                  /* pointer to next GUI_FONT_PROP */
    815          };
    816          

   \                                 In section .rodata, align 4, keep-with-next
    817          GUI_CONST_STORAGE GUI_FONT_PROP GUI_FontD48_Prop1 = {
   \                     GUI_FontD48_Prop1:
   \   00000000                      ; Initializer data, 12 bytes
   \   00000000   20002000           DC16 32, 32
   \   00000004   ............       DC32 GUI_FontD48_CharInfo, GUI_FontD48_Prop2
   \              ....        
    818             0x0020                              /* first character */
    819            ,0x0020                              /* last character  */
    820            ,&GUI_FontD48_CharInfo[  0]          /* address of first character */
    821            ,&GUI_FontD48_Prop2                  /* pointer to next GUI_FONT_PROP */
    822          };
    823          

   \                                 In section .rodata, align 4, keep-with-next
    824          GUI_CONST_STORAGE GUI_FONT GUI_FontD48 = {
   \                     GUI_FontD48:
   \   00000000                      ; Initializer data, 36 bytes
   \   00000000   ............       DC32 GUIPROP_DispChar, GUIPROP_GetCharDistX, GUIPROP_GetFontInfo, GUIPROP_IsInFont, 0, 0
   \              ............
   \              ........0000
   \              000000000000
   \   00000018   30300101           DC8 48, 48, 1, 1
   \   0000001C   ........           DC32 GUI_FontD48_Prop1
   \   00000020   30003000           DC8 48, 0, 48, 0
    825             GUI_FONTTYPE_PROP                   /* type of font    */
    826            ,48                                  /* height of font  */
    827            ,48                                  /* space of font y */
    828            ,1                                   /* magnification x */
    829            ,1                                   /* magnification y */
    830            ,{&GUI_FontD48_Prop1}
    831            ,48                                  /* Baseline */
    832            ,0                                   /* LHeight */
    833            ,48                                  /* CHeight */
    834          };
    835          


   Section sizes:

     Function/Label       Bytes
     --------------       -----
     acFontD48_Space       144
     acFontD48_Add         240
     acFontD48_Sub         240
     acFontD48_DP          144
     acFontD48            2400
     acFontD48_Colon       144
     GUI_FontD48_CharInfo  120
     GUI_FontD48_Prop4      12
     GUI_FontD48_Prop3      12
     GUI_FontD48_Prop2      12
     GUI_FontD48_Prop1      12
     GUI_FontD48            36

 
 3 516 bytes in section .rodata
 
 3 516 bytes of CONST memory

Errors: none
Warnings: none
