###############################################################################
#                                                                             #
# IAR ANSI C/C++ Compiler V6.10.2.52244/W32 for ARM     14/Jul/2015  19:00:51 #
# Copyright 1999-2010 IAR Systems AB.                                         #
#                                                                             #
#    Cpu mode     =  arm                                                      #
#    Endian       =  little                                                   #
#    Source file  =  C:\DUII\TargetHW\GUI\GUI_DrawHLine.c                     #
#    Command line =  C:\DUII\TargetHW\GUI\GUI_DrawHLine.c -D DEBUG=1 -D       #
#                    SDRAM_TARGET=1 -D USB_IS_HIGH_SPEED -D                   #
#                    XIGNORE_TEMPERATURE -D BUILD_DEBUG_PORT -D PROFILER      #
#                    -lCN C:\DUII\TargetHW\Output\AT91SAM9RL64\Debug_SDRAM\Li #
#                    st\ -o C:\DUII\TargetHW\Output\AT91SAM9RL64\Debug_SDRAM\ #
#                    Obj\ --debug --endian=little --cpu=ARM926EJ-S -e         #
#                    --fpu=None --dlib_config "C:\Program Files (x86)\IAR     #
#                    Systems\Embedded Workbench 6.0\arm\INC\c\DLib_Config_Ful #
#                    l.h" -I C:\DUII\TargetHW\Application\SEGGERDEMO\ -I      #
#                    C:\DUII\TargetHW\Application\SEGGERDEMO\Src\ -I          #
#                    C:\DUII\TargetHW\Config\ -I C:\DUII\TargetHW\FS\ -I      #
#                    C:\DUII\TargetHW\GUI\ -I C:\DUII\TargetHW\Inc\ -I        #
#                    C:\DUII\TargetHW\OS\ -I C:\DUII\TargetHW\Setup\ -I       #
#                    \DUII\DUII\ -I \DUII\DUII\Graphics\ -I PROFILER\         #
#                    --cpu_mode arm -Ohs --use_c++_inline                     #
#                    --require_prototypes                                     #
#    List file    =  C:\DUII\TargetHW\Output\AT91SAM9RL64\Debug_SDRAM\List\GU #
#                    I_DrawHLine.lst                                          #
#    Object file  =  C:\DUII\TargetHW\Output\AT91SAM9RL64\Debug_SDRAM\Obj\GUI #
#                    _DrawHLine.o                                             #
#                                                                             #
#                                                                             #
###############################################################################

C:\DUII\TargetHW\GUI\GUI_DrawHLine.c
      1          /*********************************************************************
      2          *                SEGGER Microcontroller GmbH & Co. KG                *
      3          *        Solutions for real time microcontroller applications        *
      4          **********************************************************************
      5          *                                                                    *
      6          *        (c) 1996 - 2010  SEGGER Microcontroller GmbH & Co. KG       *
      7          *                                                                    *
      8          *        Internet: www.segger.com    Support:  support@segger.com    *
      9          *                                                                    *
     10          **********************************************************************
     11          
     12          ** emWin V5.06 - Graphical user interface for embedded applications **
     13          emWin is protected by international copyright laws.   Knowledge of the
     14          source code may not be used to write a similar product.  This file may
     15          only be used in accordance with a license and should not be re-
     16          distributed in any way. We appreciate your understanding and fairness.
     17          ----------------------------------------------------------------------
     18          File        : GUI_DrawHLine.C
     19          Purpose     : Implementation of GUI_DrawHLine
     20          ---------------------------END-OF-HEADER------------------------------
     21          */
     22          
     23          #include "GUI_Private.h"
     24          
     25          /*********************************************************************
     26          *
     27          *       Public code
     28          *
     29          **********************************************************************
     30          */
     31          /*********************************************************************
     32          *
     33          *       GUI_DrawHLine
     34          */

   \                                 In section .text, align 4, keep-with-next
     35          void GUI_DrawHLine(int y0, int x0, int x1) {
   \                     GUI_DrawHLine:
   \   00000000   F0402DE9           PUSH     {R4-R7,LR}
   \   00000004   0CD04DE2           SUB      SP,SP,#+12
   \   00000008   0060A0E1           MOV      R6,R0
   \   0000000C   0150A0E1           MOV      R5,R1
   \   00000010   0270A0E1           MOV      R7,R2
     36            #if (GUI_WINSUPPORT)
     37              GUI_RECT r;
     38            #endif
     39            GUI_LOCK();
   \   00000014   ........           BL       GUI_Lock
     40            #if (GUI_WINSUPPORT)
     41              WM_ADDORG(x0,y0);
   \   00000018   64409FE5           LDR      R4,??GUI_DrawHLine_0
   \   0000001C   441094E5           LDR      R1,[R4, #+68]
   \   00000020   400094E5           LDR      R0,[R4, #+64]
   \   00000024   066081E0           ADD      R6,R1,R6
     42              WM_ADDORGX(x1);
     43              r.x0 = x0;
     44              r.x1 = x1;
     45              r.y1 = r.y0 = y0;
   \   00000028   B260CDE1           STRH     R6,[SP, #+2]
   \   0000002C   F210DDE1           LDRSH    R1,[SP, #+2]
   \   00000030   055080E0           ADD      R5,R0,R5
   \   00000034   077080E0           ADD      R7,R0,R7
   \   00000038   B050CDE1           STRH     R5,[SP, #+0]
   \   0000003C   B470CDE1           STRH     R7,[SP, #+4]
   \   00000040   B610CDE1           STRH     R1,[SP, #+6]
     46              WM_ITERATE_START(&r) {
   \   00000044   0D00A0E1           MOV      R0,SP
   \   00000048   ........           BL       WM__InitIVRSearch
   \   0000004C   000050E3           CMP      R0,#+0
   \   00000050   0800000A           BEQ      ??GUI_DrawHLine_1
     47            #endif
     48            LCD_HL_DrawHLine(x0, y0, x1);
   \                     ??GUI_DrawHLine_2:
   \   00000054   943094E5           LDR      R3,[R4, #+148]
   \   00000058   0720A0E1           MOV      R2,R7
   \   0000005C   0610A0E1           MOV      R1,R6
   \   00000060   0500A0E1           MOV      R0,R5
   \   00000064   003093E5           LDR      R3,[R3, #+0]
   \   00000068   33FF2FE1           BLX      R3
     49            #if (GUI_WINSUPPORT)
     50              } WM_ITERATE_END();
   \   0000006C   ........           BL       WM__GetNextIVR
   \   00000070   000050E3           CMP      R0,#+0
   \   00000074   F6FFFF1A           BNE      ??GUI_DrawHLine_2
     51            #endif
     52            GUI_UNLOCK();
   \                     ??GUI_DrawHLine_1:
   \   00000078   ........           BL       GUI_Unlock
     53          }
   \   0000007C   0CD08DE2           ADD      SP,SP,#+12       ;; stack cleaning
   \   00000080   F080BDE8           POP      {R4-R7,PC}       ;; return
   \                     ??GUI_DrawHLine_0:
   \   00000084   ........           DC32     GUI_Context
     54          
     55          /*************************** End of file ****************************/

   Maximum stack usage in bytes:

     Function      .cstack
     --------      -------
     GUI_DrawHLine     32


   Section sizes:

     Function/Label Bytes
     -------------- -----
     GUI_DrawHLine   136

 
 136 bytes in section .text
 
 136 bytes of CODE memory

Errors: none
Warnings: none
