###############################################################################
#                                                                             #
# IAR ANSI C/C++ Compiler V6.10.2.52244/W32 for ARM     14/Jul/2015  19:01:10 #
# Copyright 1999-2010 IAR Systems AB.                                         #
#                                                                             #
#    Cpu mode     =  arm                                                      #
#    Endian       =  little                                                   #
#    Source file  =  C:\DUII\TargetHW\GUI\GUI__sqrt32.c                       #
#    Command line =  C:\DUII\TargetHW\GUI\GUI__sqrt32.c -D DEBUG=1 -D         #
#                    SDRAM_TARGET=1 -D USB_IS_HIGH_SPEED -D                   #
#                    XIGNORE_TEMPERATURE -D BUILD_DEBUG_PORT -D PROFILER      #
#                    -lCN C:\DUII\TargetHW\Output\AT91SAM9RL64\Debug_SDRAM\Li #
#                    st\ -o C:\DUII\TargetHW\Output\AT91SAM9RL64\Debug_SDRAM\ #
#                    Obj\ --debug --endian=little --cpu=ARM926EJ-S -e         #
#                    --fpu=None --dlib_config "C:\Program Files (x86)\IAR     #
#                    Systems\Embedded Workbench 6.0\arm\INC\c\DLib_Config_Ful #
#                    l.h" -I C:\DUII\TargetHW\Application\SEGGERDEMO\ -I      #
#                    C:\DUII\TargetHW\Application\SEGGERDEMO\Src\ -I          #
#                    C:\DUII\TargetHW\Config\ -I C:\DUII\TargetHW\FS\ -I      #
#                    C:\DUII\TargetHW\GUI\ -I C:\DUII\TargetHW\Inc\ -I        #
#                    C:\DUII\TargetHW\OS\ -I C:\DUII\TargetHW\Setup\ -I       #
#                    \DUII\DUII\ -I \DUII\DUII\Graphics\ -I PROFILER\         #
#                    --cpu_mode arm -Ohs --use_c++_inline                     #
#                    --require_prototypes                                     #
#    List file    =  C:\DUII\TargetHW\Output\AT91SAM9RL64\Debug_SDRAM\List\GU #
#                    I__sqrt32.lst                                            #
#    Object file  =  C:\DUII\TargetHW\Output\AT91SAM9RL64\Debug_SDRAM\Obj\GUI #
#                    __sqrt32.o                                               #
#                                                                             #
#                                                                             #
###############################################################################

C:\DUII\TargetHW\GUI\GUI__sqrt32.c
      1          /*********************************************************************
      2          *                SEGGER Microcontroller GmbH & Co. KG                *
      3          *        Solutions for real time microcontroller applications        *
      4          **********************************************************************
      5          *                                                                    *
      6          *        (c) 1996 - 2010  SEGGER Microcontroller GmbH & Co. KG       *
      7          *                                                                    *
      8          *        Internet: www.segger.com    Support:  support@segger.com    *
      9          *                                                                    *
     10          **********************************************************************
     11          
     12          ** emWin V5.06 - Graphical user interface for embedded applications **
     13          emWin is protected by international copyright laws.   Knowledge of the
     14          source code may not be used to write a similar product.  This file may
     15          only be used in accordance with a license and should not be re-
     16          distributed in any way. We appreciate your understanding and fairness.
     17          ----------------------------------------------------------------------
     18          File        : GUI__sqrt32.c
     19          Purpose     : Calculates the square root
     20          ---------------------------END-OF-HEADER------------------------------
     21          */
     22          
     23          #include "GUI.h"
     24          
     25          /*********************************************************************
     26          *
     27          *       Public code
     28          *
     29          **********************************************************************
     30          */
     31          /*********************************************************************
     32          *
     33          *       GUI__sqrt32
     34          */

   \                                 In section .text, align 4, keep-with-next
     35          I32 GUI__sqrt32(I32 Square) {
     36            U32 Mask, Value, NewRoot, Root;
     37          
     38            Root  = 0;
   \                     GUI__sqrt32:
   \   00000000   0010A0E3           MOV      R1,#+0
     39            Mask  = (U32)0x40000000;
   \   00000004   4024A0E3           MOV      R2,#+1073741824
     40            Value = (U32)Square;
     41            do {
     42              NewRoot = Root + Mask;
   \                     ??GUI__sqrt32_0:
   \   00000008   013082E0           ADD      R3,R2,R1
     43              if (NewRoot <= Value) {
   \   0000000C   030050E1           CMP      R0,R3
     44                Value -= NewRoot;
   \   00000010   03004020           SUBCS    R0,R0,R3
     45                Root   = NewRoot + Mask;
   \   00000014   03108220           ADDCS    R1,R2,R3
     46              }
     47              Root >>= 1;
   \   00000018   A110A0E1           LSR      R1,R1,#+1
     48              Mask >>= 2;
   \   0000001C   2221B0E1           LSRS     R2,R2,#+2
     49            } while (Mask != 0);
   \   00000020   F8FFFF1A           BNE      ??GUI__sqrt32_0
     50            return (I32)Root;
   \   00000024   0100A0E1           MOV      R0,R1
   \   00000028   1EFF2FE1           BX       LR               ;; return
     51          }
     52          
     53          /*************************** End of file ****************************/

   Maximum stack usage in bytes:

     Function    .cstack
     --------    -------
     GUI__sqrt32      0


   Section sizes:

     Function/Label Bytes
     -------------- -----
     GUI__sqrt32      44

 
 44 bytes in section .text
 
 44 bytes of CODE memory

Errors: none
Warnings: none
