###############################################################################
#                                                                             #
# IAR ANSI C/C++ Compiler V6.10.2.52244/W32 for ARM     14/Jul/2015  19:00:55 #
# Copyright 1999-2010 IAR Systems AB.                                         #
#                                                                             #
#    Cpu mode     =  arm                                                      #
#    Endian       =  little                                                   #
#    Source file  =  C:\DUII\TargetHW\GUI\GUI_GetDispPos.c                    #
#    Command line =  C:\DUII\TargetHW\GUI\GUI_GetDispPos.c -D DEBUG=1 -D      #
#                    SDRAM_TARGET=1 -D USB_IS_HIGH_SPEED -D                   #
#                    XIGNORE_TEMPERATURE -D BUILD_DEBUG_PORT -D PROFILER      #
#                    -lCN C:\DUII\TargetHW\Output\AT91SAM9RL64\Debug_SDRAM\Li #
#                    st\ -o C:\DUII\TargetHW\Output\AT91SAM9RL64\Debug_SDRAM\ #
#                    Obj\ --debug --endian=little --cpu=ARM926EJ-S -e         #
#                    --fpu=None --dlib_config "C:\Program Files (x86)\IAR     #
#                    Systems\Embedded Workbench 6.0\arm\INC\c\DLib_Config_Ful #
#                    l.h" -I C:\DUII\TargetHW\Application\SEGGERDEMO\ -I      #
#                    C:\DUII\TargetHW\Application\SEGGERDEMO\Src\ -I          #
#                    C:\DUII\TargetHW\Config\ -I C:\DUII\TargetHW\FS\ -I      #
#                    C:\DUII\TargetHW\GUI\ -I C:\DUII\TargetHW\Inc\ -I        #
#                    C:\DUII\TargetHW\OS\ -I C:\DUII\TargetHW\Setup\ -I       #
#                    \DUII\DUII\ -I \DUII\DUII\Graphics\ -I PROFILER\         #
#                    --cpu_mode arm -Ohs --use_c++_inline                     #
#                    --require_prototypes                                     #
#    List file    =  C:\DUII\TargetHW\Output\AT91SAM9RL64\Debug_SDRAM\List\GU #
#                    I_GetDispPos.lst                                         #
#    Object file  =  C:\DUII\TargetHW\Output\AT91SAM9RL64\Debug_SDRAM\Obj\GUI #
#                    _GetDispPos.o                                            #
#                                                                             #
#                                                                             #
###############################################################################

C:\DUII\TargetHW\GUI\GUI_GetDispPos.c
      1          /*********************************************************************
      2          *                SEGGER Microcontroller GmbH & Co. KG                *
      3          *        Solutions for real time microcontroller applications        *
      4          **********************************************************************
      5          *                                                                    *
      6          *        (c) 1996 - 2010  SEGGER Microcontroller GmbH & Co. KG       *
      7          *                                                                    *
      8          *        Internet: www.segger.com    Support:  support@segger.com    *
      9          *                                                                    *
     10          **********************************************************************
     11          
     12          ** emWin V5.06 - Graphical user interface for embedded applications **
     13          emWin is protected by international copyright laws.   Knowledge of the
     14          source code may not be used to write a similar product.  This file may
     15          only be used in accordance with a license and should not be re-
     16          distributed in any way. We appreciate your understanding and fairness.
     17          ----------------------------------------------------------------------
     18          File        : GUI_GetDispPos.c
     19          Purpose     : Implementation of optional routines
     20          ---------------------------END-OF-HEADER------------------------------
     21          */
     22          
     23          #include "GUI_Private.h"
     24          
     25          /*********************************************************************
     26          *
     27          *       Public code
     28          *
     29          **********************************************************************
     30          */
     31          /*********************************************************************
     32          *
     33          *       GUI_GetDispPosX
     34          *
     35          * Purpose:
     36          *   Return X-component of current display position
     37          */

   \                                 In section .text, align 4, keep-with-next
     38          int GUI_GetDispPosX(void) {
   \                     GUI_GetDispPosX:
   \   00000000   10402DE9           PUSH     {R4,LR}
     39            int r;
     40            GUI_LOCK();
   \   00000004   ........           BL       GUI_Lock
     41            r = GUI_Context.DispPosX;
   \   00000008   ........           LDR      R0,??DataTable1
   \   0000000C   F242D0E1           LDRSH    R4,[R0, #+34]
     42            GUI_UNLOCK();
   \   00000010   ........           BL       GUI_Unlock
     43            return r;
   \   00000014   0400A0E1           MOV      R0,R4
   \   00000018   1080BDE8           POP      {R4,PC}          ;; return
     44          }
     45          
     46          /*********************************************************************
     47          *
     48          *       GUI_GetDispPosY
     49          *
     50          * Purpose:
     51          *   Return Y-component of current display position
     52          */

   \                                 In section .text, align 4, keep-with-next
     53          int GUI_GetDispPosY(void) {
   \                     GUI_GetDispPosY:
   \   00000000   10402DE9           PUSH     {R4,LR}
     54            int r;
     55            GUI_LOCK();
   \   00000004   ........           BL       GUI_Lock
     56            r = GUI_Context.DispPosY;
   \   00000008   ........           LDR      R0,??DataTable1
   \   0000000C   F442D0E1           LDRSH    R4,[R0, #+36]
     57            GUI_UNLOCK();
   \   00000010   ........           BL       GUI_Unlock
     58            return r;
   \   00000014   0400A0E1           MOV      R0,R4
   \   00000018   1080BDE8           POP      {R4,PC}          ;; return
     59          }

   \                                 In section .text, align 4, keep-with-next
   \                     ??DataTable1:
   \   00000000   ........           DC32     GUI_Context
     60          
     61          /*************************** End of file ****************************/

   Maximum stack usage in bytes:

     Function        .cstack
     --------        -------
     GUI_GetDispPosX      8
     GUI_GetDispPosY      8


   Section sizes:

     Function/Label  Bytes
     --------------  -----
     GUI_GetDispPosX   28
     GUI_GetDispPosY   28
     ??DataTable1       4

 
 60 bytes in section .text
 
 60 bytes of CODE memory

Errors: none
Warnings: none
