###############################################################################
#                                                                             #
# IAR ANSI C/C++ Compiler V6.10.2.52244/W32 for ARM     14/Jul/2015  18:58:55 #
# Copyright 1999-2010 IAR Systems AB.                                         #
#                                                                             #
#    Cpu mode     =  arm                                                      #
#    Endian       =  little                                                   #
#    Source file  =  C:\DUII\TargetHW\GUI\GUI_Color2VisColor.c                #
#    Command line =  C:\DUII\TargetHW\GUI\GUI_Color2VisColor.c -D DEBUG=1 -D  #
#                    SDRAM_TARGET=1 -D USB_IS_HIGH_SPEED -D                   #
#                    XIGNORE_TEMPERATURE -D BUILD_DEBUG_PORT -D PROFILER      #
#                    -lCN C:\DUII\TargetHW\Output\AT91SAM9RL64\Debug_SDRAM\Li #
#                    st\ -o C:\DUII\TargetHW\Output\AT91SAM9RL64\Debug_SDRAM\ #
#                    Obj\ --debug --endian=little --cpu=ARM926EJ-S -e         #
#                    --fpu=None --dlib_config "C:\Program Files (x86)\IAR     #
#                    Systems\Embedded Workbench 6.0\arm\INC\c\DLib_Config_Ful #
#                    l.h" -I C:\DUII\TargetHW\Application\SEGGERDEMO\ -I      #
#                    C:\DUII\TargetHW\Application\SEGGERDEMO\Src\ -I          #
#                    C:\DUII\TargetHW\Config\ -I C:\DUII\TargetHW\FS\ -I      #
#                    C:\DUII\TargetHW\GUI\ -I C:\DUII\TargetHW\Inc\ -I        #
#                    C:\DUII\TargetHW\OS\ -I C:\DUII\TargetHW\Setup\ -I       #
#                    \DUII\DUII\ -I \DUII\DUII\Graphics\ -I PROFILER\         #
#                    --cpu_mode arm -Ohs --use_c++_inline                     #
#                    --require_prototypes                                     #
#    List file    =  C:\DUII\TargetHW\Output\AT91SAM9RL64\Debug_SDRAM\List\GU #
#                    I_Color2VisColor.lst                                     #
#    Object file  =  C:\DUII\TargetHW\Output\AT91SAM9RL64\Debug_SDRAM\Obj\GUI #
#                    _Color2VisColor.o                                        #
#                                                                             #
#                                                                             #
###############################################################################

C:\DUII\TargetHW\GUI\GUI_Color2VisColor.c
      1          /*********************************************************************
      2          *                SEGGER Microcontroller GmbH & Co. KG                *
      3          *        Solutions for real time microcontroller applications        *
      4          **********************************************************************
      5          *                                                                    *
      6          *        (c) 1996 - 2010  SEGGER Microcontroller GmbH & Co. KG       *
      7          *                                                                    *
      8          *        Internet: www.segger.com    Support:  support@segger.com    *
      9          *                                                                    *
     10          **********************************************************************
     11          
     12          ** emWin V5.06 - Graphical user interface for embedded applications **
     13          emWin is protected by international copyright laws.   Knowledge of the
     14          source code may not be used to write a similar product.  This file may
     15          only be used in accordance with a license and should not be re-
     16          distributed in any way. We appreciate your understanding and fairness.
     17          ----------------------------------------------------------------------
     18          File        : GUI_Color2VisColor.C
     19          Purpose     : Implementation of GUI_Color2VisColor
     20          ---------------------------END-OF-HEADER------------------------------
     21          */
     22          
     23          #include "GUI.h"
     24          
     25          /*********************************************************************
     26          *
     27          *       Public code
     28          *
     29          **********************************************************************
     30          */
     31          /*********************************************************************
     32          *
     33          *       GUI_Color2VisColor
     34          */

   \                                 In section .text, align 4, keep-with-next
     35          GUI_COLOR GUI_Color2VisColor(GUI_COLOR color) {
   \                     GUI_Color2VisColor:
   \   00000000   10402DE9           PUSH     {R4,LR}
   \   00000004   0040A0E1           MOV      R4,R0
     36            U32 Index;
     37            GUI_COLOR r;
     38            GUI_LOCK();
   \   00000008   ........           BL       GUI_Lock
     39            Index = LCD_Color2Index(color);
   \   0000000C   0400A0E1           MOV      R0,R4
   \   00000010   ........           BL       LCD_Color2Index
     40            r = LCD_Index2Color(Index);  
   \   00000014   ........           BL       LCD_Index2Color
   \   00000018   0040A0E1           MOV      R4,R0
     41            GUI_UNLOCK();
   \   0000001C   ........           BL       GUI_Unlock
     42            return r;  
   \   00000020   0400A0E1           MOV      R0,R4
   \   00000024   1080BDE8           POP      {R4,PC}          ;; return
     43          }
     44          
     45          /*********************************************************************
     46          *
     47          *       GUI_ColorIsAvailable
     48          */

   \                                 In section .text, align 4, keep-with-next
     49          char GUI_ColorIsAvailable(GUI_COLOR color) {
   \                     GUI_ColorIsAvailable:
   \   00000000   30402DE9           PUSH     {R4,R5,LR}
   \   00000004   04D04DE2           SUB      SP,SP,#+4
   \   00000008   0040A0E1           MOV      R4,R0
     50            return (GUI_Color2VisColor(color) == color) ? 1 : 0;
   \   0000000C   ........           BL       GUI_Lock
   \   00000010   0400A0E1           MOV      R0,R4
   \   00000014   ........           BL       LCD_Color2Index
   \   00000018   ........           BL       LCD_Index2Color
   \   0000001C   0050A0E1           MOV      R5,R0
   \   00000020   ........           BL       GUI_Unlock
   \   00000024   040055E1           CMP      R5,R4
   \   00000028   0100A003           MOVEQ    R0,#+1
   \   0000002C   0000A013           MOVNE    R0,#+0
   \   00000030   04D08DE2           ADD      SP,SP,#+4
   \   00000034   3080BDE8           POP      {R4,R5,PC}       ;; return
     51          }
     52          
     53          /*********************************************************************
     54          *
     55          *       GUI_CalcVisColorError
     56          */

   \                                 In section .text, align 4, keep-with-next
     57          U32 GUI_CalcVisColorError(GUI_COLOR color) {
   \                     GUI_CalcVisColorError:
   \   00000000   30402DE9           PUSH     {R4,R5,LR}
   \   00000004   04D04DE2           SUB      SP,SP,#+4
   \   00000008   0040A0E1           MOV      R4,R0
     58            return GUI_CalcColorDist(color, GUI_Color2VisColor(color));
   \   0000000C   ........           BL       GUI_Lock
   \   00000010   0400A0E1           MOV      R0,R4
   \   00000014   ........           BL       LCD_Color2Index
   \   00000018   ........           BL       LCD_Index2Color
   \   0000001C   0050A0E1           MOV      R5,R0
   \   00000020   ........           BL       GUI_Unlock
   \   00000024   0510A0E1           MOV      R1,R5
   \   00000028   0400A0E1           MOV      R0,R4
   \   0000002C   04D08DE2           ADD      SP,SP,#+4
   \   00000030   3040BDE8           POP      {R4,R5,LR}
   \   00000034   ........           B        GUI_CalcColorDist  ;; tailcall
     59          }
     60          
     61          /*************************** End of file ****************************/

   Maximum stack usage in bytes:

     Function              .cstack
     --------              -------
     GUI_CalcVisColorError     16
     GUI_Color2VisColor         8
     GUI_ColorIsAvailable      16


   Section sizes:

     Function/Label        Bytes
     --------------        -----
     GUI_Color2VisColor      40
     GUI_ColorIsAvailable    56
     GUI_CalcVisColorError   56

 
 152 bytes in section .text
 
 152 bytes of CODE memory

Errors: none
Warnings: none
