###############################################################################
#                                                                             #
# IAR ANSI C/C++ Compiler V6.10.2.52244/W32 for ARM     14/Jul/2015  18:58:56 #
# Copyright 1999-2010 IAR Systems AB.                                         #
#                                                                             #
#    Cpu mode     =  arm                                                      #
#    Endian       =  little                                                   #
#    Source file  =  C:\DUII\TargetHW\GUI\GUI_ALLOC_AllocZero.c               #
#    Command line =  C:\DUII\TargetHW\GUI\GUI_ALLOC_AllocZero.c -D DEBUG=1    #
#                    -D SDRAM_TARGET=1 -D USB_IS_HIGH_SPEED -D                #
#                    XIGNORE_TEMPERATURE -D BUILD_DEBUG_PORT -D PROFILER      #
#                    -lCN C:\DUII\TargetHW\Output\AT91SAM9RL64\Debug_SDRAM\Li #
#                    st\ -o C:\DUII\TargetHW\Output\AT91SAM9RL64\Debug_SDRAM\ #
#                    Obj\ --debug --endian=little --cpu=ARM926EJ-S -e         #
#                    --fpu=None --dlib_config "C:\Program Files (x86)\IAR     #
#                    Systems\Embedded Workbench 6.0\arm\INC\c\DLib_Config_Ful #
#                    l.h" -I C:\DUII\TargetHW\Application\SEGGERDEMO\ -I      #
#                    C:\DUII\TargetHW\Application\SEGGERDEMO\Src\ -I          #
#                    C:\DUII\TargetHW\Config\ -I C:\DUII\TargetHW\FS\ -I      #
#                    C:\DUII\TargetHW\GUI\ -I C:\DUII\TargetHW\Inc\ -I        #
#                    C:\DUII\TargetHW\OS\ -I C:\DUII\TargetHW\Setup\ -I       #
#                    \DUII\DUII\ -I \DUII\DUII\Graphics\ -I PROFILER\         #
#                    --cpu_mode arm -Ohs --use_c++_inline                     #
#                    --require_prototypes                                     #
#    List file    =  C:\DUII\TargetHW\Output\AT91SAM9RL64\Debug_SDRAM\List\GU #
#                    I_ALLOC_AllocZero.lst                                    #
#    Object file  =  C:\DUII\TargetHW\Output\AT91SAM9RL64\Debug_SDRAM\Obj\GUI #
#                    _ALLOC_AllocZero.o                                       #
#                                                                             #
#                                                                             #
###############################################################################

C:\DUII\TargetHW\GUI\GUI_ALLOC_AllocZero.c
      1          /*********************************************************************
      2          *                SEGGER Microcontroller GmbH & Co. KG                *
      3          *        Solutions for real time microcontroller applications        *
      4          **********************************************************************
      5          *                                                                    *
      6          *        (c) 1996 - 2010  SEGGER Microcontroller GmbH & Co. KG       *
      7          *                                                                    *
      8          *        Internet: www.segger.com    Support:  support@segger.com    *
      9          *                                                                    *
     10          **********************************************************************
     11          
     12          ** emWin V5.06 - Graphical user interface for embedded applications **
     13          emWin is protected by international copyright laws.   Knowledge of the
     14          source code may not be used to write a similar product.  This file may
     15          only be used in accordance with a license and should not be re-
     16          distributed in any way. We appreciate your understanding and fairness.
     17          ----------------------------------------------------------------------
     18          File        : GUIAlloc.C
     19          Purpose     : Dynamic memory management
     20          ----------------------------------------------------------------------
     21          */
     22          
     23          #include <string.h>           /* for memcpy, memset */
     24          
     25          #include "GUI_Private.h"
     26          
     27          /*********************************************************************
     28          *
     29          *       Internal memory management
     30          *
     31          **********************************************************************
     32          */
     33          
     34          /*********************************************************************
     35          *
     36          *       GUI_ALLOC_AllocZero
     37          */

   \                                 In section .text, align 4, keep-with-next
     38          GUI_HMEM GUI_ALLOC_AllocZero(GUI_ALLOC_DATATYPE Size) {
   \                     GUI_ALLOC_AllocZero:
   \   00000000   30402DE9           PUSH     {R4,R5,LR}
   \   00000004   04D04DE2           SUB      SP,SP,#+4
   \   00000008   0040A0E1           MOV      R4,R0
     39            GUI_HMEM hMem;
     40            GUI_LOCK();
   \   0000000C   ........           BL       GUI_Lock
     41            GUI_DEBUG_LOG2("\nGUI_ALLOC_Alloc... requesting %d, %d avail", Size, GUI_ALLOC_GetMaxSize());
     42            hMem = GUI_ALLOC_AllocNoInit(Size);
   \   00000010   0400A0E1           MOV      R0,R4
   \   00000014   ........           BL       GUI_ALLOC_AllocNoInit
   \   00000018   0050B0E1           MOVS     R5,R0
     43            if (hMem) {
   \   0000001C   0300000A           BEQ      ??GUI_ALLOC_AllocZero_0
     44              GUI_MEMSET((U8*)GUI_ALLOC_h2p(hMem), 0, Size);   /* Zeroinit ! */
   \   00000020   ........           BL       GUI_ALLOC_h2p
   \   00000024   0420A0E1           MOV      R2,R4
   \   00000028   0010A0E3           MOV      R1,#+0
   \   0000002C   ........           BL       GUI__memset
     45            }
     46            GUI_UNLOCK();
   \                     ??GUI_ALLOC_AllocZero_0:
   \   00000030   ........           BL       GUI_Unlock
     47            return hMem;
   \   00000034   0500A0E1           MOV      R0,R5
   \   00000038   04D08DE2           ADD      SP,SP,#+4
   \   0000003C   3080BDE8           POP      {R4,R5,PC}       ;; return
     48          }
     49          
     50          /*************************** End of file ****************************/

   Maximum stack usage in bytes:

     Function            .cstack
     --------            -------
     GUI_ALLOC_AllocZero     16


   Section sizes:

     Function/Label      Bytes
     --------------      -----
     GUI_ALLOC_AllocZero   64

 
 64 bytes in section .text
 
 64 bytes of CODE memory

Errors: none
Warnings: none
