###############################################################################
#                                                                             #
# IAR ANSI C/C++ Compiler V6.10.2.52244/W32 for ARM     14/Jul/2015  19:00:56 #
# Copyright 1999-2010 IAR Systems AB.                                         #
#                                                                             #
#    Cpu mode     =  arm                                                      #
#    Endian       =  little                                                   #
#    Source file  =  C:\DUII\TargetHW\GUI\GUI_InitLUT.c                       #
#    Command line =  C:\DUII\TargetHW\GUI\GUI_InitLUT.c -D DEBUG=1 -D         #
#                    SDRAM_TARGET=1 -D USB_IS_HIGH_SPEED -D                   #
#                    XIGNORE_TEMPERATURE -D BUILD_DEBUG_PORT -D PROFILER      #
#                    -lCN C:\DUII\TargetHW\Output\AT91SAM9RL64\Debug_SDRAM\Li #
#                    st\ -o C:\DUII\TargetHW\Output\AT91SAM9RL64\Debug_SDRAM\ #
#                    Obj\ --debug --endian=little --cpu=ARM926EJ-S -e         #
#                    --fpu=None --dlib_config "C:\Program Files (x86)\IAR     #
#                    Systems\Embedded Workbench 6.0\arm\INC\c\DLib_Config_Ful #
#                    l.h" -I C:\DUII\TargetHW\Application\SEGGERDEMO\ -I      #
#                    C:\DUII\TargetHW\Application\SEGGERDEMO\Src\ -I          #
#                    C:\DUII\TargetHW\Config\ -I C:\DUII\TargetHW\FS\ -I      #
#                    C:\DUII\TargetHW\GUI\ -I C:\DUII\TargetHW\Inc\ -I        #
#                    C:\DUII\TargetHW\OS\ -I C:\DUII\TargetHW\Setup\ -I       #
#                    \DUII\DUII\ -I \DUII\DUII\Graphics\ -I PROFILER\         #
#                    --cpu_mode arm -Ohs --use_c++_inline                     #
#                    --require_prototypes                                     #
#    List file    =  C:\DUII\TargetHW\Output\AT91SAM9RL64\Debug_SDRAM\List\GU #
#                    I_InitLUT.lst                                            #
#    Object file  =  C:\DUII\TargetHW\Output\AT91SAM9RL64\Debug_SDRAM\Obj\GUI #
#                    _InitLUT.o                                               #
#                                                                             #
#                                                                             #
###############################################################################

C:\DUII\TargetHW\GUI\GUI_InitLUT.c
      1          /*********************************************************************
      2          *                SEGGER Microcontroller GmbH & Co. KG                *
      3          *        Solutions for real time microcontroller applications        *
      4          **********************************************************************
      5          *                                                                    *
      6          *        (c) 1996 - 2010  SEGGER Microcontroller GmbH & Co. KG       *
      7          *                                                                    *
      8          *        Internet: www.segger.com    Support:  support@segger.com    *
      9          *                                                                    *
     10          **********************************************************************
     11          
     12          ** emWin V5.06 - Graphical user interface for embedded applications **
     13          emWin is protected by international copyright laws.   Knowledge of the
     14          source code may not be used to write a similar product.  This file may
     15          only be used in accordance with a license and should not be re-
     16          distributed in any way. We appreciate your understanding and fairness.
     17          ----------------------------------------------------------------------
     18          File        : GUI_InitLUT.c
     19          Purpose     : Implementation of GUI_InitLUT
     20          ---------------------------END-OF-HEADER------------------------------
     21          */
     22          
     23          #include "GUI_Private.h"
     24          
     25          /*********************************************************************
     26          *
     27          *       Public code
     28          *
     29          **********************************************************************
     30          */
     31          /*********************************************************************
     32          *
     33          *       GUI_InitLUT
     34          */
     35          #if 0
     36          void GUI_InitLUT(void) {
     37            GUI_LOCK();
     38            LCD_InitLUT();
     39            GUI_UNLOCK();
     40          }
     41          #else
     42          void GUI_InitLUT_C(void);

   \                                 In section .text, align 4, keep-with-next
     43          void GUI_InitLUT_C(void){}
   \                     GUI_InitLUT_C:
   \   00000000   1EFF2FE1           BX       LR               ;; return
     44          #endif
     45          
     46          /*************************** End of file ****************************/

   Maximum stack usage in bytes:

     Function      .cstack
     --------      -------
     GUI_InitLUT_C      0


   Section sizes:

     Function/Label Bytes
     -------------- -----
     GUI_InitLUT_C     4

 
 4 bytes in section .text
 
 4 bytes of CODE memory

Errors: none
Warnings: none
