###############################################################################
#                                                                             #
# IAR ANSI C/C++ Compiler V6.10.2.52244/W32 for ARM     14/Jul/2015  19:00:48 #
# Copyright 1999-2010 IAR Systems AB.                                         #
#                                                                             #
#    Cpu mode     =  arm                                                      #
#    Endian       =  little                                                   #
#    Source file  =  C:\DUII\TargetHW\GUI\GUI_DispHex.c                       #
#    Command line =  C:\DUII\TargetHW\GUI\GUI_DispHex.c -D DEBUG=1 -D         #
#                    SDRAM_TARGET=1 -D USB_IS_HIGH_SPEED -D                   #
#                    XIGNORE_TEMPERATURE -D BUILD_DEBUG_PORT -D PROFILER      #
#                    -lCN C:\DUII\TargetHW\Output\AT91SAM9RL64\Debug_SDRAM\Li #
#                    st\ -o C:\DUII\TargetHW\Output\AT91SAM9RL64\Debug_SDRAM\ #
#                    Obj\ --debug --endian=little --cpu=ARM926EJ-S -e         #
#                    --fpu=None --dlib_config "C:\Program Files (x86)\IAR     #
#                    Systems\Embedded Workbench 6.0\arm\INC\c\DLib_Config_Ful #
#                    l.h" -I C:\DUII\TargetHW\Application\SEGGERDEMO\ -I      #
#                    C:\DUII\TargetHW\Application\SEGGERDEMO\Src\ -I          #
#                    C:\DUII\TargetHW\Config\ -I C:\DUII\TargetHW\FS\ -I      #
#                    C:\DUII\TargetHW\GUI\ -I C:\DUII\TargetHW\Inc\ -I        #
#                    C:\DUII\TargetHW\OS\ -I C:\DUII\TargetHW\Setup\ -I       #
#                    \DUII\DUII\ -I \DUII\DUII\Graphics\ -I PROFILER\         #
#                    --cpu_mode arm -Ohs --use_c++_inline                     #
#                    --require_prototypes                                     #
#    List file    =  C:\DUII\TargetHW\Output\AT91SAM9RL64\Debug_SDRAM\List\GU #
#                    I_DispHex.lst                                            #
#    Object file  =  C:\DUII\TargetHW\Output\AT91SAM9RL64\Debug_SDRAM\Obj\GUI #
#                    _DispHex.o                                               #
#                                                                             #
#                                                                             #
###############################################################################

C:\DUII\TargetHW\GUI\GUI_DispHex.c
      1          /*********************************************************************
      2          *                SEGGER Microcontroller GmbH & Co. KG                *
      3          *        Solutions for real time microcontroller applications        *
      4          **********************************************************************
      5          *                                                                    *
      6          *        (c) 1996 - 2010  SEGGER Microcontroller GmbH & Co. KG       *
      7          *                                                                    *
      8          *        Internet: www.segger.com    Support:  support@segger.com    *
      9          *                                                                    *
     10          **********************************************************************
     11          
     12          ** emWin V5.06 - Graphical user interface for embedded applications **
     13          emWin is protected by international copyright laws.   Knowledge of the
     14          source code may not be used to write a similar product.  This file may
     15          only be used in accordance with a license and should not be re-
     16          distributed in any way. We appreciate your understanding and fairness.
     17          ----------------------------------------------------------------------
     18          File        : GUI_DispHex.C
     19          Purpose     : Routines to display hex
     20          ----------------------------------------------------------------------
     21          */
     22          
     23          #include "GUI_Private.h"
     24          
     25          /*********************************************************************
     26          *
     27          *       Public routines
     28          *
     29          **********************************************************************
     30          */
     31          /*********************************************************************
     32          *
     33          *       GUI_DispHex
     34          */

   \                                 In section .text, align 4, keep-with-next
     35          void GUI_DispHex(U32 v, U8 Len) {
   \                     GUI_DispHex:
   \   00000000   00402DE9           PUSH     {LR}
   \   00000004   14D04DE2           SUB      SP,SP,#+20
     36            char ac[9];
     37          	char* s = ac;
   \   00000008   04308DE2           ADD      R3,SP,#+4
   \   0000000C   00308DE5           STR      R3,[SP, #+0]
     38            GUI_AddHex(v, Len, &s);
   \   00000010   0D20A0E1           MOV      R2,SP
   \   00000014   ........           BL       GUI_AddHex
     39            GUI_DispString(ac);
   \   00000018   04008DE2           ADD      R0,SP,#+4
   \   0000001C   ........           BL       GUI_DispString
     40          }
   \   00000020   14D08DE2           ADD      SP,SP,#+20       ;; stack cleaning
   \   00000024   0080BDE8           POP      {PC}             ;; return
     41          
     42          /*********************************************************************
     43          *
     44          *       GUI_DispHexAt
     45          */

   \                                 In section .text, align 4, keep-with-next
     46          void GUI_DispHexAt(U32 v, I16P x, I16P y, U8 Len) {
   \                     GUI_DispHexAt:
   \   00000000   30402DE9           PUSH     {R4,R5,LR}
   \   00000004   0140A0E1           MOV      R4,R1
   \   00000008   14D04DE2           SUB      SP,SP,#+20
   \   0000000C   0310A0E1           MOV      R1,R3
   \   00000010   0250A0E1           MOV      R5,R2
     47            char ac[9];
     48          	char* s = ac;
   \   00000014   04308DE2           ADD      R3,SP,#+4
   \   00000018   00308DE5           STR      R3,[SP, #+0]
     49            GUI_AddHex(v, Len, &s);
   \   0000001C   0D20A0E1           MOV      R2,SP
   \   00000020   ........           BL       GUI_AddHex
     50            GUI_DispStringAt(ac, x, y);
   \   00000024   0520A0E1           MOV      R2,R5
   \   00000028   0410A0E1           MOV      R1,R4
   \   0000002C   04008DE2           ADD      R0,SP,#+4
   \   00000030   ........           BL       GUI_DispStringAt
     51          }
   \   00000034   14D08DE2           ADD      SP,SP,#+20       ;; stack cleaning
   \   00000038   3080BDE8           POP      {R4,R5,PC}       ;; return
     52          
     53          /*************************** End of file ****************************/
     54          

   Maximum stack usage in bytes:

     Function      .cstack
     --------      -------
     GUI_DispHex       24
     GUI_DispHexAt     32


   Section sizes:

     Function/Label Bytes
     -------------- -----
     GUI_DispHex      40
     GUI_DispHexAt    60

 
 100 bytes in section .text
 
 100 bytes of CODE memory

Errors: none
Warnings: none
