###############################################################################
#                                                                             #
# IAR ANSI C/C++ Compiler V6.10.2.52244/W32 for ARM     14/Jul/2015  19:01:06 #
# Copyright 1999-2010 IAR Systems AB.                                         #
#                                                                             #
#    Cpu mode     =  arm                                                      #
#    Endian       =  little                                                   #
#    Source file  =  C:\DUII\TargetHW\GUI\GUI_WaitKey.c                       #
#    Command line =  C:\DUII\TargetHW\GUI\GUI_WaitKey.c -D DEBUG=1 -D         #
#                    SDRAM_TARGET=1 -D USB_IS_HIGH_SPEED -D                   #
#                    XIGNORE_TEMPERATURE -D BUILD_DEBUG_PORT -D PROFILER      #
#                    -lCN C:\DUII\TargetHW\Output\AT91SAM9RL64\Debug_SDRAM\Li #
#                    st\ -o C:\DUII\TargetHW\Output\AT91SAM9RL64\Debug_SDRAM\ #
#                    Obj\ --debug --endian=little --cpu=ARM926EJ-S -e         #
#                    --fpu=None --dlib_config "C:\Program Files (x86)\IAR     #
#                    Systems\Embedded Workbench 6.0\arm\INC\c\DLib_Config_Ful #
#                    l.h" -I C:\DUII\TargetHW\Application\SEGGERDEMO\ -I      #
#                    C:\DUII\TargetHW\Application\SEGGERDEMO\Src\ -I          #
#                    C:\DUII\TargetHW\Config\ -I C:\DUII\TargetHW\FS\ -I      #
#                    C:\DUII\TargetHW\GUI\ -I C:\DUII\TargetHW\Inc\ -I        #
#                    C:\DUII\TargetHW\OS\ -I C:\DUII\TargetHW\Setup\ -I       #
#                    \DUII\DUII\ -I \DUII\DUII\Graphics\ -I PROFILER\         #
#                    --cpu_mode arm -Ohs --use_c++_inline                     #
#                    --require_prototypes                                     #
#    List file    =  C:\DUII\TargetHW\Output\AT91SAM9RL64\Debug_SDRAM\List\GU #
#                    I_WaitKey.lst                                            #
#    Object file  =  C:\DUII\TargetHW\Output\AT91SAM9RL64\Debug_SDRAM\Obj\GUI #
#                    _WaitKey.o                                               #
#                                                                             #
#                                                                             #
###############################################################################

C:\DUII\TargetHW\GUI\GUI_WaitKey.c
      1          /*********************************************************************
      2          *                SEGGER Microcontroller GmbH & Co. KG                *
      3          *        Solutions for real time microcontroller applications        *
      4          **********************************************************************
      5          *                                                                    *
      6          *        (c) 1996 - 2010  SEGGER Microcontroller GmbH & Co. KG       *
      7          *                                                                    *
      8          *        Internet: www.segger.com    Support:  support@segger.com    *
      9          *                                                                    *
     10          **********************************************************************
     11          
     12          ** emWin V5.06 - Graphical user interface for embedded applications **
     13          emWin is protected by international copyright laws.   Knowledge of the
     14          source code may not be used to write a similar product.  This file may
     15          only be used in accordance with a license and should not be re-
     16          distributed in any way. We appreciate your understanding and fairness.
     17          ----------------------------------------------------------------------
     18          File        : GUI_WaitKey.c
     19          Purpose     : Implementation of GUI_WaitKey
     20          ---------------------------END-OF-HEADER------------------------------
     21          */
     22          
     23          #include "GUI_Private.h"
     24          
     25          /*********************************************************************
     26          *
     27          *       Public code
     28          *
     29          **********************************************************************
     30          */
     31          /*********************************************************************
     32          *
     33          *       GUI_WaitKey
     34          */

   \                                 In section .text, align 4, keep-with-next
     35          int GUI_WaitKey(void) {
   \                     GUI_WaitKey:
   \   00000000   00402DE9           PUSH     {LR}
   \   00000004   04D04DE2           SUB      SP,SP,#+4
   \   00000008   030000EA           B        ??GUI_WaitKey_0
     36            int r;
     37            do {
     38              r =  GUI_GetKey();
     39              if (r) {
     40                break;
     41              }
     42              if (!GUI_Exec()) {
   \                     ??GUI_WaitKey_1:
   \   0000000C   ........           BL       GUI_Exec
   \   00000010   000050E3           CMP      R0,#+0
   \   00000014   0000001A           BNE      ??GUI_WaitKey_0
     43                GUI_WaitEvent();      /* Wait for event (keyboard, mouse or whatever) */
   \   00000018   ........           BL       GUI_WaitEvent
     44              }
   \                     ??GUI_WaitKey_0:
   \   0000001C   ........           BL       GUI_GetKey
   \   00000020   000050E3           CMP      R0,#+0
   \   00000024   F8FFFF0A           BEQ      ??GUI_WaitKey_1
     45            } while (1);
     46            return r;
   \   00000028   04D08DE2           ADD      SP,SP,#+4        ;; stack cleaning
   \   0000002C   0080BDE8           POP      {PC}             ;; return
     47          }
     48          
     49          /*************************** End of file ****************************/

   Maximum stack usage in bytes:

     Function    .cstack
     --------    -------
     GUI_WaitKey      8


   Section sizes:

     Function/Label Bytes
     -------------- -----
     GUI_WaitKey      48

 
 48 bytes in section .text
 
 48 bytes of CODE memory

Errors: none
Warnings: none
