###############################################################################
#                                                                             #
# IAR ANSI C/C++ Compiler V6.10.2.52244/W32 for ARM     14/Jul/2015  19:00:26 #
# Copyright 1999-2010 IAR Systems AB.                                         #
#                                                                             #
#    Cpu mode     =  arm                                                      #
#    Endian       =  little                                                   #
#    Source file  =  C:\DUII\TargetHW\GUI\GUICC_M233.c                        #
#    Command line =  C:\DUII\TargetHW\GUI\GUICC_M233.c -D DEBUG=1 -D          #
#                    SDRAM_TARGET=1 -D USB_IS_HIGH_SPEED -D                   #
#                    XIGNORE_TEMPERATURE -D BUILD_DEBUG_PORT -D PROFILER      #
#                    -lCN C:\DUII\TargetHW\Output\AT91SAM9RL64\Debug_SDRAM\Li #
#                    st\ -o C:\DUII\TargetHW\Output\AT91SAM9RL64\Debug_SDRAM\ #
#                    Obj\ --debug --endian=little --cpu=ARM926EJ-S -e         #
#                    --fpu=None --dlib_config "C:\Program Files (x86)\IAR     #
#                    Systems\Embedded Workbench 6.0\arm\INC\c\DLib_Config_Ful #
#                    l.h" -I C:\DUII\TargetHW\Application\SEGGERDEMO\ -I      #
#                    C:\DUII\TargetHW\Application\SEGGERDEMO\Src\ -I          #
#                    C:\DUII\TargetHW\Config\ -I C:\DUII\TargetHW\FS\ -I      #
#                    C:\DUII\TargetHW\GUI\ -I C:\DUII\TargetHW\Inc\ -I        #
#                    C:\DUII\TargetHW\OS\ -I C:\DUII\TargetHW\Setup\ -I       #
#                    \DUII\DUII\ -I \DUII\DUII\Graphics\ -I PROFILER\         #
#                    --cpu_mode arm -Ohs --use_c++_inline                     #
#                    --require_prototypes                                     #
#    List file    =  C:\DUII\TargetHW\Output\AT91SAM9RL64\Debug_SDRAM\List\GU #
#                    ICC_M233.lst                                             #
#    Object file  =  C:\DUII\TargetHW\Output\AT91SAM9RL64\Debug_SDRAM\Obj\GUI #
#                    CC_M233.o                                                #
#                                                                             #
#                                                                             #
###############################################################################

C:\DUII\TargetHW\GUI\GUICC_M233.c
      1          /*********************************************************************
      2          *                SEGGER Microcontroller GmbH & Co. KG                *
      3          *        Solutions for real time microcontroller applications        *
      4          **********************************************************************
      5          *                                                                    *
      6          *        (c) 1996 - 2010  SEGGER Microcontroller GmbH & Co. KG       *
      7          *                                                                    *
      8          *        Internet: www.segger.com    Support:  support@segger.com    *
      9          *                                                                    *
     10          **********************************************************************
     11          
     12          ** emWin V5.06 - Graphical user interface for embedded applications **
     13          emWin is protected by international copyright laws.   Knowledge of the
     14          source code may not be used to write a similar product.  This file may
     15          only be used in accordance with a license and should not be re-
     16          distributed in any way. We appreciate your understanding and fairness.
     17          ----------------------------------------------------------------------
     18          File        : GUICC_M233.C
     19          Purpose     : Color conversion routines
     20          ---------------------------END-OF-HEADER------------------------------
     21          */
     22          
     23          #include "LCD_Protected.h"
     24          
     25          /*********************************************************************
     26          *
     27          *       Static code,
     28          *
     29          *       LCD_FIXEDPALETTE == -233, 256 colors, RRGGGBBB
     30          *
     31          **********************************************************************
     32          */
     33          /*********************************************************************
     34          *
     35          *       _Color2Index_M233
     36          */

   \                                 In section .text, align 4, keep-with-next
     37          static unsigned _Color2Index_M233(LCD_COLOR Color) {
     38            unsigned r, g, b;
     39            r = Color & 255;
     40            g = (Color >> 8 ) & 255;
     41            b = Color >> 16;
     42            r = (r + 42 ) / 85;
     43            g = (g * 7 + 127) / 255;
     44            b = (b * 7 + 127) / 255;
     45            return b + (g << 3) + (r << 6);
   \                     _Color2Index_M233:
   \   00000000   2018A0E1           LSR      R1,R0,#+16
   \   00000004   811161E0           RSB      R1,R1,R1, LSL #+3
   \   00000008   ........           LDR      R3,??DataTable2  ;; 0x80808081
   \   0000000C   7F1081E2           ADD      R1,R1,#+127
   \   00000010   913382E0           UMULL    R3,R2,R1,R3
   \   00000014   FF10A0E3           MOV      R1,#+255
   \   00000018   201401E0           AND      R1,R1,R0, LSR #+8
   \   0000001C   811161E0           RSB      R1,R1,R1, LSL #+3
   \   00000020   ........           LDR      R12,??DataTable2  ;; 0x80808081
   \   00000024   7F1081E2           ADD      R1,R1,#+127
   \   00000028   91CC83E0           UMULL    R12,R3,R1,R12
   \   0000002C   FF0000E2           AND      R0,R0,#0xFF
   \   00000030   A313A0E1           LSR      R1,R3,#+7
   \   00000034   8111A0E1           LSL      R1,R1,#+3
   \   00000038   A21381E0           ADD      R1,R1,R2, LSR #+7
   \   0000003C   2A0080E2           ADD      R0,R0,#+42
   \   00000040   C120A0E3           MOV      R2,#+193
   \   00000044   0008A0E1           LSL      R0,R0,#+16
   \   00000048   C02C82E3           ORR      R2,R2,#0xC000
   \   0000004C   2008A0E1           LSR      R0,R0,#+16
   \   00000050   900202E0           MUL      R2,R0,R2
   \   00000054   220BA0E1           LSR      R0,R2,#+22
   \   00000058   000381E0           ADD      R0,R1,R0, LSL #+6
   \   0000005C   1EFF2FE1           BX       LR               ;; return
     46          }
     47          
     48          /*********************************************************************
     49          *
     50          *       _Index2Color_M233
     51          */

   \                                 In section .text, align 4, keep-with-next
     52          static LCD_COLOR _Index2Color_M233(unsigned Index) {
     53            unsigned r, g, b;
     54            b = (Index & 7) * 255 / 7;
     55            g = ((Index >> 3) & 7) * 255 / 7;
     56            r = ((Index >> 6) & 3) * 85;
     57            return r + (g << 8) + (((U32)b) << 16);
   \                     _Index2Color_M233:
   \   00000000   0310A0E3           MOV      R1,#+3
   \   00000004   201301E0           AND      R1,R1,R0, LSR #+6
   \   00000008   5520A0E3           MOV      R2,#+85
   \   0000000C   820161E1           SMULBB   R1,R2,R1
   \   00000010   0720A0E3           MOV      R2,#+7
   \   00000014   A02102E0           AND      R2,R2,R0, LSR #+3
   \   00000018   ........           LDR      R12,??DataTable2_1  ;; 0x92492492
   \   0000001C   022462E0           RSB      R2,R2,R2, LSL #+8
   \   00000020   0030A0E3           MOV      R3,#+0
   \   00000024   92CCA3E0           UMLAL    R12,R3,R2,R12
   \   00000028   070000E2           AND      R0,R0,#0x7
   \   0000002C   2321A0E1           LSR      R2,R3,#+2
   \   00000030   021481E0           ADD      R1,R1,R2, LSL #+8
   \   00000034   ........           LDR      R3,??DataTable2_1  ;; 0x92492492
   \   00000038   000460E0           RSB      R0,R0,R0, LSL #+8
   \   0000003C   0020A0E3           MOV      R2,#+0
   \   00000040   9033A2E0           UMLAL    R3,R2,R0,R3
   \   00000044   2201A0E1           LSR      R0,R2,#+2
   \   00000048   000881E0           ADD      R0,R1,R0, LSL #+16
   \   0000004C   1EFF2FE1           BX       LR               ;; return
     58          }
     59          
     60          /*********************************************************************
     61          *
     62          *       _GetIndexMask_M233
     63          */

   \                                 In section .text, align 4, keep-with-next
     64          static unsigned _GetIndexMask_M233(void) {
     65            return 0xff;
   \                     _GetIndexMask_M233:
   \   00000000   FF00A0E3           MOV      R0,#+255
   \   00000004   1EFF2FE1           BX       LR               ;; return
     66          }
     67          
     68          /*********************************************************************
     69          *
     70          *       Public data
     71          *
     72          **********************************************************************
     73          */
     74          /*********************************************************************
     75          *
     76          *       LCD_API_ColorConv_M233
     77          *
     78          * Purpose
     79          *   API table for this color conversion mode. Only used by memory
     80          *   devices in this mode.
     81          */

   \                                 In section .rodata, align 4, keep-with-next
     82          const LCD_API_COLOR_CONV LCD_API_ColorConv_M233 = {
   \                     LCD_API_ColorConv_M233:
   \   00000000                      ; Initializer data, 12 bytes
   \   00000000   ............       DC32 _Color2Index_M233, _Index2Color_M233, _GetIndexMask_M233
   \              ............

   \                                 In section .text, align 4, keep-with-next
   \                     ??DataTable2:
   \   00000000   81808080           DC32     0x80808081

   \                                 In section .text, align 4, keep-with-next
   \                     ??DataTable2_1:
   \   00000000   92244992           DC32     0x92492492
     83            _Color2Index_M233,
     84            _Index2Color_M233,
     85            _GetIndexMask_M233
     86          };
     87          
     88          /*************************** End of file ****************************/

   Maximum stack usage in bytes:

     Function           .cstack
     --------           -------
     _Color2Index_M233       0
     _GetIndexMask_M233      0
     _Index2Color_M233       0


   Section sizes:

     Function/Label         Bytes
     --------------         -----
     _Color2Index_M233        96
     _Index2Color_M233        80
     _GetIndexMask_M233        8
     LCD_API_ColorConv_M233   12
     ??DataTable2              4
     ??DataTable2_1            4

 
  12 bytes in section .rodata
 192 bytes in section .text
 
 192 bytes of CODE  memory
  12 bytes of CONST memory

Errors: none
Warnings: none
