###############################################################################
#                                                                             #
# IAR ANSI C/C++ Compiler V6.10.2.52244/W32 for ARM     14/Jul/2015  19:00:31 #
# Copyright 1999-2010 IAR Systems AB.                                         #
#                                                                             #
#    Cpu mode     =  arm                                                      #
#    Endian       =  little                                                   #
#    Source file  =  C:\DUII\TargetHW\GUI\GUIDEV_XY2PTR.c                     #
#    Command line =  C:\DUII\TargetHW\GUI\GUIDEV_XY2PTR.c -D DEBUG=1 -D       #
#                    SDRAM_TARGET=1 -D USB_IS_HIGH_SPEED -D                   #
#                    XIGNORE_TEMPERATURE -D BUILD_DEBUG_PORT -D PROFILER      #
#                    -lCN C:\DUII\TargetHW\Output\AT91SAM9RL64\Debug_SDRAM\Li #
#                    st\ -o C:\DUII\TargetHW\Output\AT91SAM9RL64\Debug_SDRAM\ #
#                    Obj\ --debug --endian=little --cpu=ARM926EJ-S -e         #
#                    --fpu=None --dlib_config "C:\Program Files (x86)\IAR     #
#                    Systems\Embedded Workbench 6.0\arm\INC\c\DLib_Config_Ful #
#                    l.h" -I C:\DUII\TargetHW\Application\SEGGERDEMO\ -I      #
#                    C:\DUII\TargetHW\Application\SEGGERDEMO\Src\ -I          #
#                    C:\DUII\TargetHW\Config\ -I C:\DUII\TargetHW\FS\ -I      #
#                    C:\DUII\TargetHW\GUI\ -I C:\DUII\TargetHW\Inc\ -I        #
#                    C:\DUII\TargetHW\OS\ -I C:\DUII\TargetHW\Setup\ -I       #
#                    \DUII\DUII\ -I \DUII\DUII\Graphics\ -I PROFILER\         #
#                    --cpu_mode arm -Ohs --use_c++_inline                     #
#                    --require_prototypes                                     #
#    List file    =  C:\DUII\TargetHW\Output\AT91SAM9RL64\Debug_SDRAM\List\GU #
#                    IDEV_XY2PTR.lst                                          #
#    Object file  =  C:\DUII\TargetHW\Output\AT91SAM9RL64\Debug_SDRAM\Obj\GUI #
#                    DEV_XY2PTR.o                                             #
#                                                                             #
#                                                                             #
###############################################################################

C:\DUII\TargetHW\GUI\GUIDEV_XY2PTR.c
      1          /*********************************************************************
      2          *                SEGGER Microcontroller GmbH & Co. KG                *
      3          *        Solutions for real time microcontroller applications        *
      4          **********************************************************************
      5          *                                                                    *
      6          *        (c) 1996 - 2010  SEGGER Microcontroller GmbH & Co. KG       *
      7          *                                                                    *
      8          *        Internet: www.segger.com    Support:  support@segger.com    *
      9          *                                                                    *
     10          **********************************************************************
     11          
     12          ** emWin V5.06 - Graphical user interface for embedded applications **
     13          emWin is protected by international copyright laws.   Knowledge of the
     14          source code may not be used to write a similar product.  This file may
     15          only be used in accordance with a license and should not be re-
     16          distributed in any way. We appreciate your understanding and fairness.
     17          ----------------------------------------------------------------------
     18          File        : GUIDEV_XY2PTR.c
     19          Purpose     : Implementation of memory devices
     20          ---------------------------END-OF-HEADER------------------------------
     21          */
     22          
     23          #include "GUI_Private.h"
     24          
     25          #if GUI_SUPPORT_MEMDEV
     26          
     27          /*********************************************************************
     28          *
     29          *       modul internal routines
     30          *
     31          **********************************************************************
     32          */
     33          /*********************************************************************
     34          *
     35          *       GUI_MEMDEV__XY2PTR
     36          */

   \                                 In section .text, align 4, keep-with-next
     37          void* GUI_MEMDEV__XY2PTR(int x, int y) {
   \                     GUI_MEMDEV__XY2PTR:
   \   00000000   30402DE9           PUSH     {R4,R5,LR}
   \   00000004   0040A0E1           MOV      R4,R0
     38            GUI_MEMDEV* pDev = GUI_MEMDEV_H2P(GUI_Context.hDevData);
   \   00000008   ........           LDR      R0,??DataTable0
   \   0000000C   04D04DE2           SUB      SP,SP,#+4
   \   00000010   0150A0E1           MOV      R5,R1
   \   00000014   880090E5           LDR      R0,[R0, #+136]
   \   00000018   ........           BL       GUI_ALLOC_h2p
     39            U8 *pData = (U8*)(pDev + 1);
     40            #if GUI_DEBUG_LEVEL >= GUI_DEBUG_LEVEL_CHECK_ALL
     41              if ((x >= pDev->x0+pDev->XSize) | (x<pDev->x0) | (y >= pDev->y0+pDev->YSize) | (y<pDev->y0)) {
     42                GUI_DEBUG_ERROROUT2("GUI_MEMDEV__XY2PTR: parameters out of bounds",x,y);
     43              }
     44            #endif
     45            pData += (y - pDev->y0) * pDev->BytesPerLine;
     46            return pData + (x - pDev->x0) * (pDev->BitsPerPixel / 8);
   \   0000001C   F630D0E1           LDRSH    R3,[R0, #+6]
   \   00000020   F410D0E1           LDRSH    R1,[R0, #+4]
   \   00000024   0CC090E5           LDR      R12,[R0, #+12]
   \   00000028   102090E5           LDR      R2,[R0, #+16]
   \   0000002C   033045E0           SUB      R3,R5,R3
   \   00000030   9C0320E0           MLA      R0,R12,R3,R0
   \   00000034   011044E0           SUB      R1,R4,R1
   \   00000038   A221A0E1           LSR      R2,R2,#+3
   \   0000003C   920120E0           MLA      R0,R2,R1,R0
   \   00000040   04D08DE2           ADD      SP,SP,#+4
   \   00000044   180080E2           ADD      R0,R0,#+24
   \   00000048   3080BDE8           POP      {R4,R5,PC}       ;; return
     47          }
     48          
     49          /*********************************************************************
     50          *
     51          *       GUI_MEMDEV__XY2PTREx
     52          */

   \                                 In section .text, align 4, keep-with-next
     53          void* GUI_MEMDEV__XY2PTREx(GUI_MEMDEV* pDev, int x, int y) {
     54            U8 *pData = (U8*)(pDev + 1);
     55            pData += y * pDev->BytesPerLine;
     56            return pData + x * (pDev->BitsPerPixel / 8);
   \                     GUI_MEMDEV__XY2PTREx:
   \   00000000   0CC090E5           LDR      R12,[R0, #+12]
   \   00000004   103090E5           LDR      R3,[R0, #+16]
   \   00000008   9C0220E0           MLA      R0,R12,R2,R0
   \   0000000C   A331A0E1           LSR      R3,R3,#+3
   \   00000010   930120E0           MLA      R0,R3,R1,R0
   \   00000014   180080E2           ADD      R0,R0,#+24
   \   00000018   1EFF2FE1           BX       LR               ;; return
     57          }

   \                                 In section .text, align 4, keep-with-next
   \                     ??DataTable0:
   \   00000000   ........           DC32     GUI_Context
     58          
     59          #else
     60          
     61          void GUIDEV_XY2PTR_C(void);
     62          void GUIDEV_XY2PTR_C(void) {}
     63          
     64          #endif /* GUI_SUPPORT_MEMDEV */
     65          
     66          /*************************** end of file ****************************/

   Maximum stack usage in bytes:

     Function             .cstack
     --------             -------
     GUI_MEMDEV__XY2PTR       16
     GUI_MEMDEV__XY2PTREx      0


   Section sizes:

     Function/Label       Bytes
     --------------       -----
     GUI_MEMDEV__XY2PTR     76
     GUI_MEMDEV__XY2PTREx   28
     ??DataTable0            4

 
 108 bytes in section .text
 
 108 bytes of CODE memory

Errors: none
Warnings: none
