###############################################################################
#                                                                             #
# IAR ANSI C/C++ Compiler V6.10.2.52244/W32 for ARM     02/Dec/2015  11:33:29 #
# Copyright 1999-2010 IAR Systems AB.                                         #
#                                                                             #
#    Cpu mode     =  arm                                                      #
#    Endian       =  little                                                   #
#    Source file  =  C:\DUII\DUII\InterTask.c                                 #
#    Command line =  C:\DUII\DUII\InterTask.c -D DEBUG=1 -D SDRAM_TARGET=1    #
#                    -D USB_IS_HIGH_SPEED -D XIGNORE_TEMPERATURE -D           #
#                    BUILD_DEBUG_PORT -D PROFILER -lCN                        #
#                    C:\DUII\TargetHW\Output\AT91SAM9RL64\Debug_SDRAM\List\   #
#                    -o C:\DUII\TargetHW\Output\AT91SAM9RL64\Debug_SDRAM\Obj\ #
#                     --debug --endian=little --cpu=ARM926EJ-S -e --fpu=None  #
#                    --dlib_config "C:\Program Files (x86)\IAR                #
#                    Systems\Embedded Workbench 6.0\arm\INC\c\DLib_Config_Ful #
#                    l.h" -I C:\DUII\TargetHW\Application\SEGGERDEMO\ -I      #
#                    C:\DUII\TargetHW\Application\SEGGERDEMO\Src\ -I          #
#                    C:\DUII\TargetHW\Config\ -I C:\DUII\TargetHW\FS\ -I      #
#                    C:\DUII\TargetHW\GUI\ -I C:\DUII\TargetHW\Inc\ -I        #
#                    C:\DUII\TargetHW\OS\ -I C:\DUII\TargetHW\Setup\ -I       #
#                    \DUII\DUII\ -I \DUII\DUII\Graphics\ -I PROFILER\         #
#                    --cpu_mode arm -Ohs --use_c++_inline                     #
#                    --require_prototypes                                     #
#    List file    =  C:\DUII\TargetHW\Output\AT91SAM9RL64\Debug_SDRAM\List\In #
#                    terTask.lst                                              #
#    Object file  =  C:\DUII\TargetHW\Output\AT91SAM9RL64\Debug_SDRAM\Obj\Int #
#                    erTask.o                                                 #
#                                                                             #
#                                                                             #
###############################################################################

C:\DUII\DUII\InterTask.c
      1          #ifndef _WINDOWS
      2          #include "RTOS.H"
      3          #endif
      4          
      5          #include "InterTask.h"
      6          

   \                                 In section .text, align 4, keep-with-next
      7          void notifyModeChange ( void ) {
      8          #ifndef _WINDOWS
      9          	OS_SignalEvent((1 << DU2_MODE_CHANGE), &commTCB);
   \                     notifyModeChange:
   \   00000000   ........           LDR      R1,??DataTable9
   \   00000004   0100A0E3           MOV      R0,#+1
   \   00000008   ........           B        OS_SignalEvent   ;; tailcall
     10          #endif
     11          } // notifyModeChange
     12          

   \                                 In section .text, align 4, keep-with-next
     13          void notifyConfigChange ( void ) {
     14          #ifndef _WINDOWS
     15          	OS_SignalEvent((1 << DU2_CONFIG_CHANGE), &commTCB);
   \                     notifyConfigChange:
   \   00000000   ........           LDR      R1,??DataTable9
   \   00000004   0200A0E3           MOV      R0,#+2
   \   00000008   ........           B        OS_SignalEvent   ;; tailcall
     16          #endif
     17          } // notifyConfigChange
     18          

   \                                 In section .text, align 4, keep-with-next
     19          void notifyCameraChange ( void ) {
     20          #ifndef _WINDOWS
     21          	OS_SignalEvent((1 << DU2_CAMERA_CHANGE), &commTCB);
   \                     notifyCameraChange:
   \   00000000   ........           LDR      R1,??DataTable9
   \   00000004   0800A0E3           MOV      R0,#+8
   \   00000008   ........           B        OS_SignalEvent   ;; tailcall
     22          #endif
     23          } // notifyCameraChange
     24          

   \                                 In section .text, align 4, keep-with-next
     25          void notifyGPSSimChange ( int enable ) {
   \                     notifyGPSSimChange:
   \   00000000   00402DE9           PUSH     {LR}
     26          #ifndef _WINDOWS
     27          	if (enable)
   \   00000004   000050E3           CMP      R0,#+0
   \   00000008   04D04DE2           SUB      SP,SP,#+4
   \   0000000C   ........           LDR      R1,??DataTable9
     28          		OS_SignalEvent((1 << DU2_SIMULATE_GPS_ON), &commTCB);
   \   00000010   4000A013           MOVNE    R0,#+64
     29          	else
     30          		OS_SignalEvent((1 << DU2_SIMULATE_GPS_OFF), &commTCB);
   \   00000014   2000A003           MOVEQ    R0,#+32
   \   00000018   ........           BL       OS_SignalEvent
     31          #endif
     32          } // notifyGPSSimChange
   \   0000001C   04D08DE2           ADD      SP,SP,#+4        ;; stack cleaning
   \   00000020   0080BDE8           POP      {PC}             ;; return
     33          

   \                                 In section .text, align 4, keep-with-next
     34          void notifyStartSet ( void ) {
     35          #ifndef _WINDOWS
     36          	OS_SignalEvent((1 << DU2_START_SET), &lapTimerTCB);
   \                     notifyStartSet:
   \   00000000   ........           LDR      R1,??DataTable9_1
   \   00000004   8000A0E3           MOV      R0,#+128
   \   00000008   ........           B        OS_SignalEvent   ;; tailcall
     37          #endif
     38          } // notifyStartSet
     39          

   \                                 In section .text, align 4, keep-with-next
     40          void notifyFinishSet ( void ) {
     41          #ifndef _WINDOWS
     42          	OS_SignalEvent((1 << DU2_FINISH_SET), &lapTimerTCB);
   \                     notifyFinishSet:
   \   00000000   ........           LDR      R1,??DataTable9_1
   \   00000004   4000A0E3           MOV      R0,#+64
   \   00000008   ........           B        OS_SignalEvent   ;; tailcall
     43          #endif
     44          } // notifyFinishSet
     45          

   \                                 In section .text, align 4, keep-with-next
     46          void notifyGPS ( void ) {
     47          #ifndef _WINDOWS
     48          	OS_SignalEvent((1 << DU2_NEW_GPS), &lapTimerTCB);
   \                     notifyGPS:
   \   00000000   ........           LDR      R1,??DataTable9_1
   \   00000004   1000A0E3           MOV      R0,#+16
   \   00000008   ........           B        OS_SignalEvent   ;; tailcall
     49          #endif
     50          } // notifyGPS
     51          

   \                                 In section .text, align 4, keep-with-next
     52          void notifyTQM ( int command) {
     53          #ifndef _WINDOWS
     54          	OS_SignalEvent((1 << command), &TQMWriteTCB);
   \                     notifyTQM:
   \   00000000   0120A0E3           MOV      R2,#+1
   \   00000004   1200A0E1           LSL      R0,R2,R0
   \   00000008   ........           LDR      R1,??DataTable9_2
   \   0000000C   FF0000E2           AND      R0,R0,#0xFF
   \   00000010   ........           B        OS_SignalEvent   ;; tailcall
     55          #endif
     56          } // notifyGPS
     57          

   \                                 In section .text, align 4, keep-with-next
     58          int tqmOpen ( void *pData, int datasize) {
   \                     tqmOpen:
   \   00000000   10402DE9           PUSH     {R4,LR}
     59          #ifdef _WINDOWS
     60          	return 1;
     61          #else
     62          	int retval = (OS_Q_Put( &Queue_tqm, pData, datasize ));
   \   00000004   0120A0E1           MOV      R2,R1
   \   00000008   0010A0E1           MOV      R1,R0
   \   0000000C   ........           LDR      R0,??DataTable9_3
   \   00000010   ........           BL       OS_Q_Put
   \   00000014   0040A0E1           MOV      R4,R0
     63          	OS_SignalEvent((1 << DU2_TQM_OPEN), &TQMWriteTCB);
   \   00000018   ........           LDR      R1,??DataTable9_2
   \   0000001C   2000A0E3           MOV      R0,#+32
   \   00000020   ........           BL       OS_SignalEvent
     64          	return retval;
   \   00000024   0400A0E1           MOV      R0,R4
   \   00000028   1080BDE8           POP      {R4,PC}          ;; return
     65          #endif
     66          } // tqmOpen
     67          

   \                                 In section .text, align 4, keep-with-next
     68          int tqmWrite ( void *pData, int datasize) {
   \                     tqmWrite:
   \   00000000   10402DE9           PUSH     {R4,LR}
     69          #ifdef _WINDOWS
     70          	return 1;
     71          #else
     72          	int retval = (OS_Q_Put( &Queue_tqm, pData, datasize ));
   \   00000004   0120A0E1           MOV      R2,R1
   \   00000008   0010A0E1           MOV      R1,R0
   \   0000000C   ........           LDR      R0,??DataTable9_3
   \   00000010   ........           BL       OS_Q_Put
   \   00000014   0040A0E1           MOV      R4,R0
     73          	OS_SignalEvent((1 << DU2_TQM_WRITE), &TQMWriteTCB);
   \   00000018   ........           LDR      R1,??DataTable9_2
   \   0000001C   8000A0E3           MOV      R0,#+128
   \   00000020   ........           BL       OS_SignalEvent
     74          	return retval;
   \   00000024   0400A0E1           MOV      R0,R4
   \   00000028   1080BDE8           POP      {R4,PC}          ;; return
     75          #endif
     76          } // tqmWrite

   \                                 In section .text, align 4, keep-with-next
   \                     ??DataTable9:
   \   00000000   ........           DC32     commTCB

   \                                 In section .text, align 4, keep-with-next
   \                     ??DataTable9_1:
   \   00000000   ........           DC32     lapTimerTCB

   \                                 In section .text, align 4, keep-with-next
   \                     ??DataTable9_2:
   \   00000000   ........           DC32     TQMWriteTCB

   \                                 In section .text, align 4, keep-with-next
   \                     ??DataTable9_3:
   \   00000000   ........           DC32     Queue_tqm

   Maximum stack usage in bytes:

     Function           .cstack
     --------           -------
     notifyCameraChange      8
     notifyConfigChange      8
     notifyFinishSet         8
     notifyGPS               8
     notifyGPSSimChange      8
     notifyModeChange        8
     notifyStartSet          8
     notifyTQM               8
     tqmOpen                 8
     tqmWrite                8


   Section sizes:

     Function/Label     Bytes
     --------------     -----
     notifyModeChange     12
     notifyConfigChange   12
     notifyCameraChange   12
     notifyGPSSimChange   36
     notifyStartSet       12
     notifyFinishSet      12
     notifyGPS            12
     notifyTQM            20
     tqmOpen              44
     tqmWrite             44
     ??DataTable9          4
     ??DataTable9_1        4
     ??DataTable9_2        4
     ??DataTable9_3        4

 
 232 bytes in section .text
 
 232 bytes of CODE memory

Errors: none
Warnings: none
