###############################################################################
#                                                                             #
# IAR ANSI C/C++ Compiler V6.10.2.52244/W32 for ARM     14/Jul/2015  19:01:20 #
# Copyright 1999-2010 IAR Systems AB.                                         #
#                                                                             #
#    Cpu mode     =  arm                                                      #
#    Endian       =  little                                                   #
#    Source file  =  C:\DUII\TargetHW\GUI\LCD_MixColors256.c                  #
#    Command line =  C:\DUII\TargetHW\GUI\LCD_MixColors256.c -D DEBUG=1 -D    #
#                    SDRAM_TARGET=1 -D USB_IS_HIGH_SPEED -D                   #
#                    XIGNORE_TEMPERATURE -D BUILD_DEBUG_PORT -D PROFILER      #
#                    -lCN C:\DUII\TargetHW\Output\AT91SAM9RL64\Debug_SDRAM\Li #
#                    st\ -o C:\DUII\TargetHW\Output\AT91SAM9RL64\Debug_SDRAM\ #
#                    Obj\ --debug --endian=little --cpu=ARM926EJ-S -e         #
#                    --fpu=None --dlib_config "C:\Program Files (x86)\IAR     #
#                    Systems\Embedded Workbench 6.0\arm\INC\c\DLib_Config_Ful #
#                    l.h" -I C:\DUII\TargetHW\Application\SEGGERDEMO\ -I      #
#                    C:\DUII\TargetHW\Application\SEGGERDEMO\Src\ -I          #
#                    C:\DUII\TargetHW\Config\ -I C:\DUII\TargetHW\FS\ -I      #
#                    C:\DUII\TargetHW\GUI\ -I C:\DUII\TargetHW\Inc\ -I        #
#                    C:\DUII\TargetHW\OS\ -I C:\DUII\TargetHW\Setup\ -I       #
#                    \DUII\DUII\ -I \DUII\DUII\Graphics\ -I PROFILER\         #
#                    --cpu_mode arm -Ohs --use_c++_inline                     #
#                    --require_prototypes                                     #
#    List file    =  C:\DUII\TargetHW\Output\AT91SAM9RL64\Debug_SDRAM\List\LC #
#                    D_MixColors256.lst                                       #
#    Object file  =  C:\DUII\TargetHW\Output\AT91SAM9RL64\Debug_SDRAM\Obj\LCD #
#                    _MixColors256.o                                          #
#                                                                             #
#                                                                             #
###############################################################################

C:\DUII\TargetHW\GUI\LCD_MixColors256.c
      1          /*********************************************************************
      2          *                SEGGER Microcontroller GmbH & Co. KG                *
      3          *        Solutions for real time microcontroller applications        *
      4          **********************************************************************
      5          *                                                                    *
      6          *        (c) 1996 - 2010  SEGGER Microcontroller GmbH & Co. KG       *
      7          *                                                                    *
      8          *        Internet: www.segger.com    Support:  support@segger.com    *
      9          *                                                                    *
     10          **********************************************************************
     11          
     12          ** emWin V5.06 - Graphical user interface for embedded applications **
     13          emWin is protected by international copyright laws.   Knowledge of the
     14          source code may not be used to write a similar product.  This file may
     15          only be used in accordance with a license and should not be re-
     16          distributed in any way. We appreciate your understanding and fairness.
     17          ----------------------------------------------------------------------
     18          File        : LCD_MixColors256.c
     19          Purpose     : Implementation of LCD_MixColors256
     20          ---------------------------END-OF-HEADER------------------------------
     21          */
     22          
     23          #include <stddef.h>           /* needed for definition of NULL */
     24          
     25          #include "GUI_Private.h"
     26          
     27          /*********************************************************************
     28          *
     29          *       Public code
     30          *
     31          **********************************************************************
     32          */
     33          /*********************************************************************
     34          *
     35          *       LCD_MixColors256
     36          *
     37          * Purpose:
     38          *   Mix 2 colors.
     39          *
     40          * Parameters:
     41          *   Intens:    Intensity of first color in 257 steps, from 0 to 256, where 256 equals 100%
     42          */

   \                                 In section .text, align 4, keep-with-next
     43          LCD_COLOR LCD_MixColors256(LCD_COLOR Color, LCD_COLOR BkColor, unsigned Intens) {
   \                     LCD_MixColors256:
   \   00000000   00402DE9           PUSH     {LR}
   \   00000004   04D04DE2           SUB      SP,SP,#+4
     44            #if 1
     45              LCD_COLOR r;
     46              r = GUI__MixColors(Color, BkColor, Intens) & 0xFFFFFF;
     47              return r;
   \   00000008   FF2002E2           AND      R2,R2,#0xFF
   \   0000000C   ........           BL       GUI__MixColors
   \   00000010   0004A0E1           LSL      R0,R0,#+8
   \   00000014   2004A0E1           LSR      R0,R0,#+8
   \   00000018   04D08DE2           ADD      SP,SP,#+4
   \   0000001C   0080BDE8           POP      {PC}             ;; return
     48            #else
     49              /* Calc Color seperations for FgColor first */
     50              U32 R = (Color & 0xff)    * Intens;
     51              U32 G = (Color & 0xff00)  * Intens;
     52              U32 B = (Color & 0xff0000)* Intens;
     53              /* Add Color seperations for BkColor */
     54              Intens = 256 - Intens;
     55              R += (BkColor & 0xff)     * Intens;
     56              G += (BkColor & 0xff00)   * Intens;
     57              B += (BkColor & 0xff0000) * Intens;
     58              R = (R >> 8);
     59              G = (G >> 8) & 0xff00;
     60              B = (B >> 8) & 0xff0000;
     61              return R + G + B;
     62            #endif
     63          }
     64          
     65          /*************************** End of file ****************************/

   Maximum stack usage in bytes:

     Function         .cstack
     --------         -------
     LCD_MixColors256      8


   Section sizes:

     Function/Label   Bytes
     --------------   -----
     LCD_MixColors256   32

 
 32 bytes in section .text
 
 32 bytes of CODE memory

Errors: none
Warnings: none
