###############################################################################
#                                                                             #
# IAR ANSI C/C++ Compiler V6.10.2.52244/W32 for ARM     14/Jul/2015  18:59:04 #
# Copyright 1999-2010 IAR Systems AB.                                         #
#                                                                             #
#    Cpu mode     =  arm                                                      #
#    Endian       =  little                                                   #
#    Source file  =  C:\DUII\TargetHW\GUI\LISTBOX_SetOwnerDraw.c              #
#    Command line =  C:\DUII\TargetHW\GUI\LISTBOX_SetOwnerDraw.c -D DEBUG=1   #
#                    -D SDRAM_TARGET=1 -D USB_IS_HIGH_SPEED -D                #
#                    XIGNORE_TEMPERATURE -D BUILD_DEBUG_PORT -D PROFILER      #
#                    -lCN C:\DUII\TargetHW\Output\AT91SAM9RL64\Debug_SDRAM\Li #
#                    st\ -o C:\DUII\TargetHW\Output\AT91SAM9RL64\Debug_SDRAM\ #
#                    Obj\ --debug --endian=little --cpu=ARM926EJ-S -e         #
#                    --fpu=None --dlib_config "C:\Program Files (x86)\IAR     #
#                    Systems\Embedded Workbench 6.0\arm\INC\c\DLib_Config_Ful #
#                    l.h" -I C:\DUII\TargetHW\Application\SEGGERDEMO\ -I      #
#                    C:\DUII\TargetHW\Application\SEGGERDEMO\Src\ -I          #
#                    C:\DUII\TargetHW\Config\ -I C:\DUII\TargetHW\FS\ -I      #
#                    C:\DUII\TargetHW\GUI\ -I C:\DUII\TargetHW\Inc\ -I        #
#                    C:\DUII\TargetHW\OS\ -I C:\DUII\TargetHW\Setup\ -I       #
#                    \DUII\DUII\ -I \DUII\DUII\Graphics\ -I PROFILER\         #
#                    --cpu_mode arm -Ohs --use_c++_inline                     #
#                    --require_prototypes                                     #
#    List file    =  C:\DUII\TargetHW\Output\AT91SAM9RL64\Debug_SDRAM\List\LI #
#                    STBOX_SetOwnerDraw.lst                                   #
#    Object file  =  C:\DUII\TargetHW\Output\AT91SAM9RL64\Debug_SDRAM\Obj\LIS #
#                    TBOX_SetOwnerDraw.o                                      #
#                                                                             #
#                                                                             #
###############################################################################

C:\DUII\TargetHW\GUI\LISTBOX_SetOwnerDraw.c
      1          /*********************************************************************
      2          *                SEGGER Microcontroller GmbH & Co. KG                *
      3          *        Solutions for real time microcontroller applications        *
      4          **********************************************************************
      5          *                                                                    *
      6          *        (c) 1996 - 2010  SEGGER Microcontroller GmbH & Co. KG       *
      7          *                                                                    *
      8          *        Internet: www.segger.com    Support:  support@segger.com    *
      9          *                                                                    *
     10          **********************************************************************
     11          
     12          ** emWin V5.06 - Graphical user interface for embedded applications **
     13          emWin is protected by international copyright laws.   Knowledge of the
     14          source code may not be used to write a similar product.  This file may
     15          only be used in accordance with a license and should not be re-
     16          distributed in any way. We appreciate your understanding and fairness.
     17          ----------------------------------------------------------------------
     18          File        : LISTBOX_SetOwnerDraw.c
     19          Purpose     : Implementation of listbox widget
     20          ---------------------------END-OF-HEADER------------------------------
     21          */
     22          
     23          #include "LISTBOX_Private.h"
     24          
     25          #if GUI_WINSUPPORT
     26          
     27          /*********************************************************************
     28          *
     29          *       Public code
     30          *
     31          **********************************************************************
     32          */
     33          /*********************************************************************
     34          *
     35          *       LISTBOX_SetOwnerDraw
     36          */

   \                                 In section .text, align 4, keep-with-next
     37          void LISTBOX_SetOwnerDraw(LISTBOX_Handle hObj, WIDGET_DRAW_ITEM_FUNC * pfDrawItem) {
   \                     LISTBOX_SetOwnerDraw:
   \   00000000   30402DE9           PUSH     {R4,R5,LR}
   \   00000004   0040A0E1           MOV      R4,R0
   \   00000008   04D04DE2           SUB      SP,SP,#+4
   \   0000000C   0150A0E1           MOV      R5,R1
     38            LISTBOX_Obj * pObj;
     39            if (hObj) {
   \   00000010   000054E3           CMP      R4,#+0
   \   00000014   0C00000A           BEQ      ??LISTBOX_SetOwnerDraw_0
     40              WM_LOCK();
   \   00000018   ........           BL       GUI_Lock
     41              pObj = LISTBOX_LOCK_H(hObj);
   \   0000001C   0400A0E1           MOV      R0,R4
   \   00000020   ........           BL       GUI_ALLOC_LockH
     42              if (pfDrawItem) {
   \   00000024   000055E3           CMP      R5,#+0
     43                pObj->pfDrawItem = pfDrawItem;
     44              }else {
     45                pObj->pfDrawItem = LISTBOX_OwnerDraw;
   \   00000028   24509F05           LDREQ    R5,??LISTBOX_SetOwnerDraw_1
   \   0000002C   385080E5           STR      R5,[R0, #+56]
     46              }
     47              pObj->ContentSizeX = 0;
   \   00000030   0050A0E3           MOV      R5,#+0
   \   00000034   B659C0E1           STRH     R5,[R0, #+150]
     48              GUI_UNLOCK_H(pObj);
   \   00000038   ........           BL       GUI_ALLOC_UnlockH
     49              LISTBOX_InvalidateItem(hObj, LISTBOX_ALL_ITEMS);
   \   0000003C   0510E0E1           MVN      R1,R5
   \   00000040   0400A0E1           MOV      R0,R4
   \   00000044   ........           BL       LISTBOX_InvalidateItem
     50              WM_UNLOCK();
   \   00000048   ........           BL       GUI_Unlock
     51            }
     52          }
   \                     ??LISTBOX_SetOwnerDraw_0:
   \   0000004C   04D08DE2           ADD      SP,SP,#+4        ;; stack cleaning
   \   00000050   3080BDE8           POP      {R4,R5,PC}       ;; return
   \                     ??LISTBOX_SetOwnerDraw_1:
   \   00000054   ........           DC32     LISTBOX_OwnerDraw
     53          
     54          #else                            /* Avoid problems with empty object modules */
     55            void LISTBOX_SetOwnerDraw_C(void) {}
     56          #endif
     57          
     58          /*************************** End of file ****************************/
     59          

   Maximum stack usage in bytes:

     Function             .cstack
     --------             -------
     LISTBOX_SetOwnerDraw     16


   Section sizes:

     Function/Label       Bytes
     --------------       -----
     LISTBOX_SetOwnerDraw   88

 
 88 bytes in section .text
 
 88 bytes of CODE memory

Errors: none
Warnings: none
