###############################################################################
#                                                                             #
# IAR ANSI C/C++ Compiler V6.10.2.52244/W32 for ARM     14/Jul/2015  19:01:34 #
# Copyright 1999-2010 IAR Systems AB.                                         #
#                                                                             #
#    Cpu mode     =  arm                                                      #
#    Endian       =  little                                                   #
#    Source file  =  C:\DUII\TargetHW\GUI\MENU_DeleteItem.c                   #
#    Command line =  C:\DUII\TargetHW\GUI\MENU_DeleteItem.c -D DEBUG=1 -D     #
#                    SDRAM_TARGET=1 -D USB_IS_HIGH_SPEED -D                   #
#                    XIGNORE_TEMPERATURE -D BUILD_DEBUG_PORT -D PROFILER      #
#                    -lCN C:\DUII\TargetHW\Output\AT91SAM9RL64\Debug_SDRAM\Li #
#                    st\ -o C:\DUII\TargetHW\Output\AT91SAM9RL64\Debug_SDRAM\ #
#                    Obj\ --debug --endian=little --cpu=ARM926EJ-S -e         #
#                    --fpu=None --dlib_config "C:\Program Files (x86)\IAR     #
#                    Systems\Embedded Workbench 6.0\arm\INC\c\DLib_Config_Ful #
#                    l.h" -I C:\DUII\TargetHW\Application\SEGGERDEMO\ -I      #
#                    C:\DUII\TargetHW\Application\SEGGERDEMO\Src\ -I          #
#                    C:\DUII\TargetHW\Config\ -I C:\DUII\TargetHW\FS\ -I      #
#                    C:\DUII\TargetHW\GUI\ -I C:\DUII\TargetHW\Inc\ -I        #
#                    C:\DUII\TargetHW\OS\ -I C:\DUII\TargetHW\Setup\ -I       #
#                    \DUII\DUII\ -I \DUII\DUII\Graphics\ -I PROFILER\         #
#                    --cpu_mode arm -Ohs --use_c++_inline                     #
#                    --require_prototypes                                     #
#    List file    =  C:\DUII\TargetHW\Output\AT91SAM9RL64\Debug_SDRAM\List\ME #
#                    NU_DeleteItem.lst                                        #
#    Object file  =  C:\DUII\TargetHW\Output\AT91SAM9RL64\Debug_SDRAM\Obj\MEN #
#                    U_DeleteItem.o                                           #
#                                                                             #
#                                                                             #
###############################################################################

C:\DUII\TargetHW\GUI\MENU_DeleteItem.c
      1          /*********************************************************************
      2          *                SEGGER Microcontroller GmbH & Co. KG                *
      3          *        Solutions for real time microcontroller applications        *
      4          **********************************************************************
      5          *                                                                    *
      6          *        (c) 1996 - 2010  SEGGER Microcontroller GmbH & Co. KG       *
      7          *                                                                    *
      8          *        Internet: www.segger.com    Support:  support@segger.com    *
      9          *                                                                    *
     10          **********************************************************************
     11          
     12          ** emWin V5.06 - Graphical user interface for embedded applications **
     13          emWin is protected by international copyright laws.   Knowledge of the
     14          source code may not be used to write a similar product.  This file may
     15          only be used in accordance with a license and should not be re-
     16          distributed in any way. We appreciate your understanding and fairness.
     17          ----------------------------------------------------------------------
     18          File        : MENU_DeleteItem.c
     19          Purpose     : Implementation of menu widget
     20          ---------------------------END-OF-HEADER------------------------------
     21          */
     22          
     23          #include "MENU.h"
     24          #include "MENU_Private.h"
     25          
     26          #if GUI_WINSUPPORT
     27          
     28          /*********************************************************************
     29          *
     30          *       Public code
     31          *
     32          **********************************************************************
     33          */
     34          /*********************************************************************
     35          *
     36          *       MENU_DeleteItem
     37          */

   \                                 In section .text, align 4, keep-with-next
     38          void MENU_DeleteItem(MENU_Handle hObj, U16 ItemId) {
   \                     MENU_DeleteItem:
   \   00000000   11402DE9           PUSH     {R0,R4,LR}
   \   00000004   04D04DE2           SUB      SP,SP,#+4
   \   00000008   0140A0E1           MOV      R4,R1
     39            if (hObj) {
   \   0000000C   000050E3           CMP      R0,#+0
   \   00000010   0F00000A           BEQ      ??MENU_DeleteItem_0
     40              int Index;
     41              WM_LOCK();
   \   00000014   ........           BL       GUI_Lock
     42              Index = MENU__FindItem(hObj, ItemId, &hObj);
   \   00000018   04208DE2           ADD      R2,SP,#+4
   \   0000001C   0410A0E1           MOV      R1,R4
   \   00000020   04009DE5           LDR      R0,[SP, #+4]
   \   00000024   ........           BL       MENU__FindItem
   \   00000028   0040B0E1           MOVS     R4,R0
     43              if (Index >= 0) {
   \   0000002C   0700004A           BMI      ??MENU_DeleteItem_1
     44                MENU_Obj * pObj;
     45                pObj = MENU_LOCK_H(hObj);
   \   00000030   04009DE5           LDR      R0,[SP, #+4]
   \   00000034   ........           BL       GUI_ALLOC_LockH
     46                GUI_ARRAY_DeleteItem(pObj->ItemArray, Index);
   \   00000038   0410A0E1           MOV      R1,R4
   \   0000003C   640090E5           LDR      R0,[R0, #+100]
   \   00000040   ........           BL       GUI_ARRAY_DeleteItem
     47                GUI_UNLOCK_H(pObj);
   \   00000044   ........           BL       GUI_ALLOC_UnlockH
     48                MENU__ResizeMenu(hObj);
   \   00000048   04009DE5           LDR      R0,[SP, #+4]
   \   0000004C   ........           BL       MENU__ResizeMenu
     49              }
     50              WM_UNLOCK();
   \                     ??MENU_DeleteItem_1:
   \   00000050   ........           BL       GUI_Unlock
     51            }
     52          }
   \                     ??MENU_DeleteItem_0:
   \   00000054   08D08DE2           ADD      SP,SP,#+8        ;; stack cleaning
   \   00000058   1080BDE8           POP      {R4,PC}          ;; return
     53          
     54          #else  /* avoid empty object files */
     55            void MENU_DeleteItem_C(void) {}
     56          #endif
     57          
     58          /*************************** End of file ****************************/

   Maximum stack usage in bytes:

     Function        .cstack
     --------        -------
     MENU_DeleteItem     16


   Section sizes:

     Function/Label  Bytes
     --------------  -----
     MENU_DeleteItem   92

 
 92 bytes in section .text
 
 92 bytes of CODE memory

Errors: none
Warnings: none
