###############################################################################
#                                                                             #
# IAR ANSI C/C++ Compiler V6.10.2.52244/W32 for ARM     14/Jul/2015  19:01:34 #
# Copyright 1999-2010 IAR Systems AB.                                         #
#                                                                             #
#    Cpu mode     =  arm                                                      #
#    Endian       =  little                                                   #
#    Source file  =  C:\DUII\TargetHW\GUI\MENU_SetFont.c                      #
#    Command line =  C:\DUII\TargetHW\GUI\MENU_SetFont.c -D DEBUG=1 -D        #
#                    SDRAM_TARGET=1 -D USB_IS_HIGH_SPEED -D                   #
#                    XIGNORE_TEMPERATURE -D BUILD_DEBUG_PORT -D PROFILER      #
#                    -lCN C:\DUII\TargetHW\Output\AT91SAM9RL64\Debug_SDRAM\Li #
#                    st\ -o C:\DUII\TargetHW\Output\AT91SAM9RL64\Debug_SDRAM\ #
#                    Obj\ --debug --endian=little --cpu=ARM926EJ-S -e         #
#                    --fpu=None --dlib_config "C:\Program Files (x86)\IAR     #
#                    Systems\Embedded Workbench 6.0\arm\INC\c\DLib_Config_Ful #
#                    l.h" -I C:\DUII\TargetHW\Application\SEGGERDEMO\ -I      #
#                    C:\DUII\TargetHW\Application\SEGGERDEMO\Src\ -I          #
#                    C:\DUII\TargetHW\Config\ -I C:\DUII\TargetHW\FS\ -I      #
#                    C:\DUII\TargetHW\GUI\ -I C:\DUII\TargetHW\Inc\ -I        #
#                    C:\DUII\TargetHW\OS\ -I C:\DUII\TargetHW\Setup\ -I       #
#                    \DUII\DUII\ -I \DUII\DUII\Graphics\ -I PROFILER\         #
#                    --cpu_mode arm -Ohs --use_c++_inline                     #
#                    --require_prototypes                                     #
#    List file    =  C:\DUII\TargetHW\Output\AT91SAM9RL64\Debug_SDRAM\List\ME #
#                    NU_SetFont.lst                                           #
#    Object file  =  C:\DUII\TargetHW\Output\AT91SAM9RL64\Debug_SDRAM\Obj\MEN #
#                    U_SetFont.o                                              #
#                                                                             #
#                                                                             #
###############################################################################

C:\DUII\TargetHW\GUI\MENU_SetFont.c
      1          /*********************************************************************
      2          *                SEGGER Microcontroller GmbH & Co. KG                *
      3          *        Solutions for real time microcontroller applications        *
      4          **********************************************************************
      5          *                                                                    *
      6          *        (c) 1996 - 2010  SEGGER Microcontroller GmbH & Co. KG       *
      7          *                                                                    *
      8          *        Internet: www.segger.com    Support:  support@segger.com    *
      9          *                                                                    *
     10          **********************************************************************
     11          
     12          ** emWin V5.06 - Graphical user interface for embedded applications **
     13          emWin is protected by international copyright laws.   Knowledge of the
     14          source code may not be used to write a similar product.  This file may
     15          only be used in accordance with a license and should not be re-
     16          distributed in any way. We appreciate your understanding and fairness.
     17          ----------------------------------------------------------------------
     18          File        : MENU_SetFont.c
     19          Purpose     : Implementation of menu widget
     20          ---------------------------END-OF-HEADER------------------------------
     21          */
     22          
     23          #include "MENU.h"
     24          #include "MENU_Private.h"
     25          
     26          #if GUI_WINSUPPORT
     27          
     28          /*********************************************************************
     29          *
     30          *       Public code
     31          *
     32          **********************************************************************
     33          */
     34          /*********************************************************************
     35          *
     36          *       MENU_SetFont
     37          */

   \                                 In section .text, align 4, keep-with-next
     38          void MENU_SetFont(MENU_Handle hObj, const GUI_FONT GUI_UNI_PTR * pFont) {
   \                     MENU_SetFont:
   \   00000000   30402DE9           PUSH     {R4,R5,LR}
   \   00000004   0040A0E1           MOV      R4,R0
   \   00000008   04D04DE2           SUB      SP,SP,#+4
   \   0000000C   0150A0E1           MOV      R5,R1
     39            if (hObj) {
   \   00000010   000054E3           CMP      R4,#+0
   \   00000014   0B00000A           BEQ      ??MENU_SetFont_0
     40              MENU_Obj * pObj;
     41              WM_LOCK();
   \   00000018   ........           BL       GUI_Lock
     42              pObj = MENU_LOCK_H(hObj);
   \   0000001C   0400A0E1           MOV      R0,R4
   \   00000020   ........           BL       GUI_ALLOC_LockH
     43              if (pFont != pObj->Props.pFont) {
   \   00000024   601090E5           LDR      R1,[R0, #+96]
   \   00000028   010055E1           CMP      R5,R1
   \   0000002C   0300000A           BEQ      ??MENU_SetFont_1
     44                pObj->Props.pFont = pFont;
   \   00000030   605080E5           STR      R5,[R0, #+96]
     45                MENU__RecalcTextWidthOfItems(pObj);
   \   00000034   ........           BL       MENU__RecalcTextWidthOfItems
     46                MENU__ResizeMenu(hObj);
   \   00000038   0400A0E1           MOV      R0,R4
   \   0000003C   ........           BL       MENU__ResizeMenu
     47              }
     48              GUI_UNLOCK_H(pObj);
   \                     ??MENU_SetFont_1:
   \   00000040   ........           BL       GUI_ALLOC_UnlockH
     49              WM_UNLOCK();
   \   00000044   ........           BL       GUI_Unlock
     50            }
     51          }
   \                     ??MENU_SetFont_0:
   \   00000048   04D08DE2           ADD      SP,SP,#+4        ;; stack cleaning
   \   0000004C   3080BDE8           POP      {R4,R5,PC}       ;; return
     52          
     53          #else  /* avoid empty object files */
     54            void MENU_SetFont_C(void) {}
     55          #endif
     56          
     57          /*************************** End of file ****************************/

   Maximum stack usage in bytes:

     Function     .cstack
     --------     -------
     MENU_SetFont     16


   Section sizes:

     Function/Label Bytes
     -------------- -----
     MENU_SetFont     80

 
 80 bytes in section .text
 
 80 bytes of CODE memory

Errors: none
Warnings: none
