###############################################################################
#                                                                             #
# IAR ANSI C/C++ Compiler V6.10.2.52244/W32 for ARM     14/Jul/2015  19:01:42 #
# Copyright 1999-2010 IAR Systems AB.                                         #
#                                                                             #
#    Cpu mode     =  arm                                                      #
#    Endian       =  little                                                   #
#    Source file  =  C:\DUII\TargetHW\GUI\PROGBAR_Create.c                    #
#    Command line =  C:\DUII\TargetHW\GUI\PROGBAR_Create.c -D DEBUG=1 -D      #
#                    SDRAM_TARGET=1 -D USB_IS_HIGH_SPEED -D                   #
#                    XIGNORE_TEMPERATURE -D BUILD_DEBUG_PORT -D PROFILER      #
#                    -lCN C:\DUII\TargetHW\Output\AT91SAM9RL64\Debug_SDRAM\Li #
#                    st\ -o C:\DUII\TargetHW\Output\AT91SAM9RL64\Debug_SDRAM\ #
#                    Obj\ --debug --endian=little --cpu=ARM926EJ-S -e         #
#                    --fpu=None --dlib_config "C:\Program Files (x86)\IAR     #
#                    Systems\Embedded Workbench 6.0\arm\INC\c\DLib_Config_Ful #
#                    l.h" -I C:\DUII\TargetHW\Application\SEGGERDEMO\ -I      #
#                    C:\DUII\TargetHW\Application\SEGGERDEMO\Src\ -I          #
#                    C:\DUII\TargetHW\Config\ -I C:\DUII\TargetHW\FS\ -I      #
#                    C:\DUII\TargetHW\GUI\ -I C:\DUII\TargetHW\Inc\ -I        #
#                    C:\DUII\TargetHW\OS\ -I C:\DUII\TargetHW\Setup\ -I       #
#                    \DUII\DUII\ -I \DUII\DUII\Graphics\ -I PROFILER\         #
#                    --cpu_mode arm -Ohs --use_c++_inline                     #
#                    --require_prototypes                                     #
#    List file    =  C:\DUII\TargetHW\Output\AT91SAM9RL64\Debug_SDRAM\List\PR #
#                    OGBAR_Create.lst                                         #
#    Object file  =  C:\DUII\TargetHW\Output\AT91SAM9RL64\Debug_SDRAM\Obj\PRO #
#                    GBAR_Create.o                                            #
#                                                                             #
#                                                                             #
###############################################################################

C:\DUII\TargetHW\GUI\PROGBAR_Create.c
      1          /*********************************************************************
      2          *                SEGGER Microcontroller GmbH & Co. KG                *
      3          *        Solutions for real time microcontroller applications        *
      4          **********************************************************************
      5          *                                                                    *
      6          *        (c) 1996 - 2010  SEGGER Microcontroller GmbH & Co. KG       *
      7          *                                                                    *
      8          *        Internet: www.segger.com    Support:  support@segger.com    *
      9          *                                                                    *
     10          **********************************************************************
     11          
     12          ** emWin V5.06 - Graphical user interface for embedded applications **
     13          emWin is protected by international copyright laws.   Knowledge of the
     14          source code may not be used to write a similar product.  This file may
     15          only be used in accordance with a license and should not be re-
     16          distributed in any way. We appreciate your understanding and fairness.
     17          ----------------------------------------------------------------------
     18          File        : PROGBAR_Create.c
     19          Purpose     : Implementation of progbar widget
     20          ---------------------------END-OF-HEADER------------------------------
     21          */
     22          
     23          #include "PROGBAR.h"
     24          
     25          #if GUI_WINSUPPORT
     26          
     27          /*********************************************************************
     28          *
     29          *       Exported routines
     30          *
     31          **********************************************************************
     32          */
     33          /*********************************************************************
     34          *
     35          *       PROGBAR_Create
     36          */

   \                                 In section .text, align 4, keep-with-next
     37          PROGBAR_Handle PROGBAR_Create(int x0, int y0, int xsize, int ysize, int Flags) {
   \                     PROGBAR_Create:
   \   00000000   00402DE9           PUSH     {LR}
   \   00000004   14D04DE2           SUB      SP,SP,#+20
   \   00000008   18C09DE5           LDR      R12,[SP, #+24]
     38            return PROGBAR_CreateEx(x0, y0, xsize, ysize, 0, Flags, 0, 0);
   \   0000000C   00E0A0E3           MOV      LR,#+0
   \   00000010   0CE08DE5           STR      LR,[SP, #+12]
   \   00000014   08E08DE5           STR      LR,[SP, #+8]
   \   00000018   04C08DE5           STR      R12,[SP, #+4]
   \   0000001C   00E08DE5           STR      LR,[SP, #+0]
   \   00000020   ........           BL       PROGBAR_CreateEx
   \   00000024   14D08DE2           ADD      SP,SP,#+20       ;; stack cleaning
   \   00000028   0080BDE8           POP      {PC}             ;; return
     39          }
     40          
     41          /*********************************************************************
     42          *
     43          *       PROGBAR_CreateAsChild
     44          */

   \                                 In section .text, align 4, keep-with-next
     45          PROGBAR_Handle PROGBAR_CreateAsChild(int x0, int y0, int xsize, int ysize, WM_HWIN hParent, int Id, int Flags) {
   \                     PROGBAR_CreateAsChild:
   \   00000000   10402DE9           PUSH     {R4,LR}
   \   00000004   10D04DE2           SUB      SP,SP,#+16
   \   00000008   1CE09DE5           LDR      LR,[SP, #+28]
   \   0000000C   18C09DE5           LDR      R12,[SP, #+24]
   \   00000010   20409DE5           LDR      R4,[SP, #+32]
     46            return PROGBAR_CreateEx(x0, y0, xsize, ysize, hParent, Flags, 0, Id);
   \   00000014   0CE08DE5           STR      LR,[SP, #+12]
   \   00000018   00E0A0E3           MOV      LR,#+0
   \   0000001C   08E08DE5           STR      LR,[SP, #+8]
   \   00000020   04408DE5           STR      R4,[SP, #+4]
   \   00000024   00C08DE5           STR      R12,[SP, #+0]
   \   00000028   ........           BL       PROGBAR_CreateEx
   \   0000002C   10D08DE2           ADD      SP,SP,#+16       ;; stack cleaning
   \   00000030   1080BDE8           POP      {R4,PC}          ;; return
     47          }
     48          
     49          #else  /* avoid empty object files */
     50            void PROGBAR_Create_C(void) {}
     51          #endif

   Maximum stack usage in bytes:

     Function              .cstack
     --------              -------
     PROGBAR_Create            24
     PROGBAR_CreateAsChild     24


   Section sizes:

     Function/Label        Bytes
     --------------        -----
     PROGBAR_Create          44
     PROGBAR_CreateAsChild   52

 
 96 bytes in section .text
 
 96 bytes of CODE memory

Errors: none
Warnings: none
