###############################################################################
#                                                                             #
# IAR ANSI C/C++ Compiler V6.10.2.52244/W32 for ARM     14/Jul/2015  19:01:59 #
# Copyright 1999-2010 IAR Systems AB.                                         #
#                                                                             #
#    Cpu mode     =  arm                                                      #
#    Endian       =  little                                                   #
#    Source file  =  C:\DUII\DUII\Graphics\SliderDotTransparent.c             #
#    Command line =  C:\DUII\DUII\Graphics\SliderDotTransparent.c -D DEBUG=1  #
#                    -D SDRAM_TARGET=1 -D USB_IS_HIGH_SPEED -D                #
#                    XIGNORE_TEMPERATURE -D BUILD_DEBUG_PORT -D PROFILER      #
#                    -lCN C:\DUII\TargetHW\Output\AT91SAM9RL64\Debug_SDRAM\Li #
#                    st\ -o C:\DUII\TargetHW\Output\AT91SAM9RL64\Debug_SDRAM\ #
#                    Obj\ --debug --endian=little --cpu=ARM926EJ-S -e         #
#                    --fpu=None --dlib_config "C:\Program Files (x86)\IAR     #
#                    Systems\Embedded Workbench 6.0\arm\INC\c\DLib_Config_Ful #
#                    l.h" -I C:\DUII\TargetHW\Application\SEGGERDEMO\ -I      #
#                    C:\DUII\TargetHW\Application\SEGGERDEMO\Src\ -I          #
#                    C:\DUII\TargetHW\Config\ -I C:\DUII\TargetHW\FS\ -I      #
#                    C:\DUII\TargetHW\GUI\ -I C:\DUII\TargetHW\Inc\ -I        #
#                    C:\DUII\TargetHW\OS\ -I C:\DUII\TargetHW\Setup\ -I       #
#                    \DUII\DUII\ -I \DUII\DUII\Graphics\ -I PROFILER\         #
#                    --cpu_mode arm -Ohs --use_c++_inline                     #
#                    --require_prototypes                                     #
#    List file    =  C:\DUII\TargetHW\Output\AT91SAM9RL64\Debug_SDRAM\List\Sl #
#                    iderDotTransparent.lst                                   #
#    Object file  =  C:\DUII\TargetHW\Output\AT91SAM9RL64\Debug_SDRAM\Obj\Sli #
#                    derDotTransparent.o                                      #
#                                                                             #
#                                                                             #
###############################################################################

C:\DUII\DUII\Graphics\SliderDotTransparent.c
      1          /*********************************************************************
      2          *                SEGGER MICROCONTROLLER SYSTEME GmbH                 *
      3          *        Solutions for real time microcontroller applications        *
      4          *                           www.segger.com                           *
      5          **********************************************************************
      6          *
      7          * C-file generated by
      8          *
      9          *        Bitmap converter for emWin V5.04.
     10          *        Compiled Jan  8 2010, 16:37:17
     11          *        (C) 1998 - 2005 Segger Microcontroller Systeme GmbH
     12          *
     13          **********************************************************************
     14          *
     15          * Source file: SliderDotTransparent
     16          * Dimensions:  32 * 32
     17          * NumColors:   0
     18          *
     19          **********************************************************************
     20          */
     21          
     22          #include <stdlib.h>
     23          
     24          #include "GUI.h"
     25          
     26          #ifndef GUI_CONST_STORAGE
     27            #define GUI_CONST_STORAGE const
     28          #endif
     29          
     30          

   \                                 In section .rodata, align 4, keep-with-next
     31          static GUI_CONST_STORAGE unsigned long acSliderDotTransparent[] = {
   \                     acSliderDotTransparent:
   \   00000000                      ; Initializer data, 4096 bytes
   \   00000000   FFFFFFFFFFFF       DC32 4294967295, 4294967295, 4294967295, 4294967295, 4294967295, 4294967295, 4294967295, 4294967295, 4294967295, 4294967295
   \              FFFFFFFFFFFF
   \              FFFFFFFFFFFF
   \              FFFFFFFFFFFF
   \              FFFFFFFFFFFF
   \              FFFFFFFFFFFF
   \              FFFFFFFF    
   \   00000028   FFFFFFFFFFFF       DC32 4294967295, 4294967295, 4294967295, 4294967295, 4294967295, 4294967295, 4294967295, 4294967295, 4294967295, 4294967295
   \              FFFFFFFFFFFF
   \              FFFFFFFFFFFF
   \              FFFFFFFFFFFF
   \              FFFFFFFFFFFF
   \              FFFFFFFFFFFF
   \              FFFFFFFF    
   \   00000050   FFFFFFFFFFFF       DC32 4294967295, 4294967295, 4294967295, 4294967295, 4294967295, 4294967295, 4294967295, 4294967295, 4294967295, 4294967295
   \              FFFFFFFFFFFF
   \              FFFFFFFFFFFF
   \              FFFFFFFFFFFF
   \              FFFFFFFFFFFF
   \              FFFFFFFFFFFF
   \              FFFFFFFF    
   \   00000078   FFFFFFFFFFFF       DC32 4294967295, 4294967295, 4294967295, 4294967295, 4294967295, 4294967295, 4294967295, 4294967295, 4294967295, 4294967295
   \              FFFFFFFFFFFF
   \              FFFFFFFFFFFF
   \              FFFFFFFFFFFF
   \              FFFFFFFFFFFF
   \              FFFFFFFFFFFF
   \              FFFFFFFF    
   \   000000A0   FFFFFFFFFFFF       DC32 4294967295, 4294967295, 4294967295, 4294967295, 4294769916, 4108115165, 3587955676, 3504135388, 3504135388, 3738819034
   \              FFFFFFFFFFFF
   \              FFFFFFFFFCFC
   \              FCFFDDDCDCF4
   \              DCDBDBD5DCDC
   \              DCD0DCDCDCD0
   \              DAD9D9DE    
   \   000000C8   F0F0F0FCFFFF       DC32 4243648752, 4294967295, 4294967295, 4294967295, 4294967295, 4294967295, 4294967295, 4294967295, 4294967295, 4294967295
   \              FFFFFFFFFFFF
   \              FFFFFFFFFFFF
   \              FFFFFFFFFFFF
   \              FFFFFFFFFFFF
   \              FFFFFFFFFFFF
   \              FFFFFFFF    
   \   000000F0   FFFFFFFFFFFF       DC32 4294967295, 4294967295, 4294967295, 4294967295, 4294967295, 4294967295, 4294967295, 4294967295, 4294967295, 4294967295
   \              FFFFFFFFFFFF
   \              FFFFFFFFFFFF
   \              FFFFFFFFFFFF
   \              FFFFFFFFFFFF
   \              FFFFFFFFFFFF
   \              FFFFFFFF    
   \   00000118   FFFFFFFFFFFF       DC32 4294967295, 4294967295, 4294967295, 4294177779, 3470054613, 2310979263, 1036437191, 482196926, 264356290, 230801858
   \              FFFFFFFFFFFF
   \              F3F3F3FFD5D4
   \              D4CEBFBEBE89
   \              C7C6C63DBEBD
   \              BD1CC2C1C10F
   \              C2C1C10D    
   \   00000140   C1C0C00DBEBD       DC32 230736065, 331201982, 599900610, 1438827202, 2764490439, 3874155243, 4294967295, 4294967295, 4294967295, 4294967295
   \              BD13C2C1C123
   \              C2C2C255C7C6
   \              C6A4EBEAEAE6
   \              FFFFFFFFFFFF
   \              FFFFFFFFFFFF
   \              FFFFFFFF    
   \   00000168   FFFFFFFFFFFF       DC32 4294967295, 4294967295, 4294967295, 4294967295, 4294967295, 4294967295, 4294967295, 4294967295, 4294967295, 4294967295
   \              FFFFFFFFFFFF
   \              FFFFFFFFFFFF
   \              FFFFFFFFFFFF
   \              FFFFFFFFFFFF
   \              FFFFFFFFFFFF
   \              FFFFFFFF    
   \   00000190   FFFFFFFFFFFF       DC32 4294967295, 4294967295, 4294967295, 4294901502, 3453014225, 1455341247, 130401734, 13750739, 14013910, 14079702
   \              FFFFFFFFFFFF
   \              FEFEFEFFD1D0
   \              D0CDBFBEBE56
   \              C6C5C507D3D1
   \              D100D6D5D500
   \              D6D6D600    
   \   000001B8   D3D3D300D1D0       DC32 13882323, 13684945, 13684945, 13684945, 13553359, 13290187, 12829636, 565885627, 2294859977, 3991661547
   \              D000D1D0D000
   \              D1D0D000CFCE
   \              CE00CBCACA00
   \              C4C3C300BBBA
   \              BA21C9C8C888
   \              EBEBEBED    
   \   000001E0   FEFEFEFFFFFF       DC32 4294901502, 4294967295, 4294967295, 4294967295, 4294967295, 4294967295, 4294967295, 4294967295, 4294967295, 4294967295
   \              FFFFFFFFFFFF
   \              FFFFFFFFFFFF
   \              FFFFFFFFFFFF
   \              FFFFFFFFFFFF
   \              FFFFFFFFFFFF
   \              FFFFFFFF    
   \   00000208   FFFFFFFFFFFF       DC32 4294967295, 4294967295, 4294967295, 4294967295, 3957778151, 2127285195, 96715717, 14211288, 14342875, 13816531
   \              FFFFFFFFFFFF
   \              FFFFFFFFE7E6
   \              E6EBCBCBCB7E
   \              C5C3C305D8D8
   \              D800DBDADA00
   \              D3D2D200    
   \   00000230   CDCBCB00C7C6       DC32 13355981, 13027015, 12829637, 12763844, 12763844, 12829636, 12961222, 13092808, 13290187, 13355981
   \              C600C5C3C300
   \              C4C2C200C4C2
   \              C200C4C3C300
   \              C6C5C500C8C7
   \              C700CBCACA00
   \              CDCBCB00    
   \   00000258   C3C1C100B9B7       DC32 12698051, 800569273, 2764819404, 4294901502, 4294967295, 4294967295, 4294967295, 4294967295, 4294967295, 4294967295
   \              B72FCCCBCBA4
   \              FEFEFEFFFFFF
   \              FFFFFFFFFFFF
   \              FFFFFFFFFFFF
   \              FFFFFFFFFFFF
   \              FFFFFFFF    
   \   00000280   FFFFFFFFFFFF       DC32 4294967295, 4294967295, 4294967295, 4294967295, 4294967295, 3638747874, 867809723, 13882324, 14606047, 13948117
   \              FFFFFFFFFFFF
   \              FFFFFFFFFFFF
   \              FFFFE2E2E2D8
   \              BBB9B933D4D3
   \              D300DFDEDE00
   \              D5D4D400    
   \   000002A8   CDCBCB00C7C5       DC32 13355981, 12961223, 12698307, 12632257, 12566465, 12566465, 12566465, 12566465, 12566465, 12698050
   \              C500C3C2C100
   \              C1C0C000C1BF
   \              BF00C1BFBF00
   \              C1BFBF00C1BF
   \              BF00C1BFBF00
   \              C2C1C100    
   \   000002D0   C5C3C300C8C7       DC32 12829637, 13092808, 13355981, 13290188, 12303292, 2261568717, 4294835709, 4294967295, 4294967295, 4294967295
   \              C700CDCBCB00
   \              CCCACA00BCBB
   \              BB00CDCCCC86
   \              FDFDFDFFFFFF
   \              FFFFFFFFFFFF
   \              FFFFFFFF    
   \   000002F8   FFFFFFFFFFFF       DC32 4294967295, 4294967295, 4294967295, 4294967295, 4294967295, 4294967295, 3638747875, 666680510, 14474462, 14606047
   \              FFFFFFFFFFFF
   \              FFFFFFFFFFFF
   \              FFFFFFFFFFFF
   \              E3E2E2D8BEBC
   \              BC27DEDCDC00
   \              DFDEDE00    
   \   00000320   D3D2D200CCCA       DC32 13816531, 13290188, 13027016, 12961223, 12961223, 12961223, 12961223, 12961223, 12961223, 12961223
   \              CA00C8C6C600
   \              C7C5C500C7C5
   \              C500C7C5C500
   \              C7C5C500C7C5
   \              C500C7C5C500
   \              C7C5C500    
   \   00000348   C7C5C500C7C5       DC32 12961223, 12961223, 12961223, 13027016, 13158858, 13355981, 13487567, 12500672, 2228014285, 4294901502
   \              C500C7C5C500
   \              C8C6C600CAC9
   \              C800CDCBCB00
   \              CFCDCD00C0BE
   \              BE00CDCCCC84
   \              FEFEFEFF    
   \   00000370   FFFFFFFFFFFF       DC32 4294967295, 4294967295, 4294967295, 4294967295, 4294967295, 4294967295, 4294967295, 4058309860, 817543867, 14671840
   \              FFFFFFFFFFFF
   \              FFFFFFFFFFFF
   \              FFFFFFFFFFFF
   \              FFFFFFFFE4E4
   \              E4F1BBBABA30
   \              E0DFDF00    
   \   00000398   E2E0E000D6D5       DC32 14737634, 13948374, 13553361, 13421774, 13421774, 13421774, 13421774, 13421774, 13421774, 13421774
   \              D400D1CECE00
   \              CECCCC00CECC
   \              CC00CECCCC00
   \              CECCCC00CECC
   \              CC00CECCCC00
   \              CECCCC00    
   \   000003C0   CECCCC00CECC       DC32 13421774, 13421774, 13421774, 13421774, 13421774, 13421774, 13421774, 13487567, 13619153, 13685203
   \              CC00CECCCC00
   \              CECCCC00CECC
   \              CC00CECCCC00
   \              CECCCC00CFCD
   \              CD00D1CFCF00
   \              D3D1D000    
   \   000003E8   C1BFBF00CDCB       DC32 12566465, 2429275085, 4294835708, 4294967295, 4294967295, 4294967295, 4294967295, 4294967295, 4294835709, 2160379076
   \              CB90FCFDFDFF
   \              FFFFFFFFFFFF
   \              FFFFFFFFFFFF
   \              FFFFFFFFFFFF
   \              FFFFFDFDFDFF
   \              C4C4C480    
   \   00000410   D9D7D700E6E4       DC32 14145497, 15000806, 14277083, 13882069, 13750740, 13750740, 13750740, 13750740, 13750740, 13750740
   \              E400DBD9D900
   \              D5D2D300D4D1
   \              D100D4D1D100
   \              D4D1D100D4D1
   \              D100D4D1D100
   \              D4D1D100    
   \   00000438   D4D1D100D4D1       DC32 13750740, 13750740, 13750740, 13750740, 13750740, 13750740, 13750740, 13750740, 13750740, 13750740
   \              D100D4D1D100
   \              D4D1D100D4D1
   \              D100D4D1D100
   \              D4D1D100D4D1
   \              D100D4D1D100
   \              D4D1D100    
   \   00000460   D5D2D200D6D2       DC32 13816533, 13882070, 13750740, 79148985, 3419722964, 4294967295, 4294967295, 4294967295, 4294967295, 4294967295
   \              D300D4D1D100
   \              B9B7B704D4D4
   \              D4CBFFFFFFFF
   \              FFFFFFFFFFFF
   \              FFFFFFFFFFFF
   \              FFFFFFFF    
   \   00000488   CBCACAC8CAC9       DC32 3368733387, 113887690, 15263977, 14474462, 13948119, 13882325, 13882325, 13882325, 13882325, 13882325
   \              C906E9E8E800
   \              DEDCDC00D7D4
   \              D400D5D3D300
   \              D5D3D300D5D3
   \              D300D5D3D300
   \              D5D3D300    
   \   000004B0   D5D3D300D5D3       DC32 13882325, 13882325, 13882325, 13882325, 13882325, 13882325, 13882325, 13882325, 13882325, 13882325
   \              D300D5D3D300
   \              D5D3D300D5D3
   \              D300D5D3D300
   \              D5D3D300D5D3
   \              D300D5D3D300
   \              D5D3D300    
   \   000004D8   D5D3D300D5D3       DC32 13882325, 13882325, 13882326, 13882326, 13750740, 12829637, 1287240123, 4227134709, 4294967295, 4294967295
   \              D300D6D3D300
   \              D6D3D300D4D1
   \              D100C5C3C300
   \              BBB9B94CF5F4
   \              F4FBFFFFFFFF
   \              FFFFFFFF    
   \   00000500   FFFFFFFFFFFF       DC32 4294967295, 4294967295, 1640153795, 14606048, 14803427, 14145498, 13948119, 13948118, 13948118, 13948118
   \              FFFFC3C2C261
   \              E0DEDE00E3E1
   \              E100DAD7D700
   \              D7D4D400D6D4
   \              D400D6D4D400
   \              D6D4D400    
   \   00000528   D6D4D400D6D4       DC32 13948118, 13948118, 13948118, 13948118, 13948118, 13948118, 13948118, 13948118, 13948118, 13948118
   \              D400D6D4D400
   \              D6D4D400D6D4
   \              D400D6D4D400
   \              D6D4D400D6D4
   \              D400D6D4D400
   \              D6D4D400    
   \   00000550   D6D4D400D6D4       DC32 13948118, 13948118, 13948118, 13948118, 13948118, 13948119, 13816533, 12961224, 61977011, 3268925400
   \              D400D6D4D400
   \              D6D4D400D6D4
   \              D400D7D4D400
   \              D5D2D200C8C5
   \              C500B3B1B103
   \              D8D7D7C2    
   \   00000578   FFFFFFFFFFFF       DC32 4294967295, 4294967295, 4294967295, 3823428836, 331859913, 15132392, 14474463, 14145497, 14013912, 14013912
   \              FFFFFFFFFFFF
   \              E4E4E4E3C9C7
   \              C713E8E6E600
   \              DFDCDC00D9D7
   \              D700D8D5D500
   \              D8D5D500    
   \   000005A0   D8D5D500D8D5       DC32 14013912, 14013912, 14013912, 14013912, 14013912, 14013912, 14013912, 14013912, 14013912, 14013912
   \              D500D8D5D500
   \              D8D5D500D8D5
   \              D500D8D5D500
   \              D8D5D500D8D5
   \              D500D8D5D500
   \              D8D5D500    
   \   000005C8   D8D5D500D8D5       DC32 14013912, 14013912, 14013912, 14013912, 14013912, 14013912, 14013912, 14079704, 14013912, 13224395
   \              D500D8D5D500
   \              D8D5D500D8D5
   \              D500D8D5D500
   \              D8D5D500D8D6
   \              D600D8D5D500
   \              CBC9C900    
   \   000005F0   B5B2B200B8B7       DC32 11711157, 1505212344, 4294440951, 4294967295, 4294440951, 2529543621, 14211289, 14935013, 14342876, 14145498
   \              B759F7F7F7FF
   \              FFFFFFFFF7F7
   \              F7FFC5C5C596
   \              D9D8D800E5E3
   \              E300DCDADA00
   \              DAD7D700    
   \   00000618   DAD7D700DAD7       DC32 14145498, 14145498, 14145498, 14145498, 14145498, 14145498, 14145498, 14145498, 14145498, 14145498
   \              D700DAD7D700
   \              DAD7D700DAD7
   \              D700DAD7D700
   \              DAD7D700DAD7
   \              D700DAD7D700
   \              DAD7D700    
   \   00000640   DAD7D700DAD7       DC32 14145498, 14145498, 14145498, 14145498, 14145498, 14145498, 14145498, 14145498, 14145498, 14145498
   \              D700DAD7D700
   \              DAD7D700DAD7
   \              D700DAD7D700
   \              DAD7D700DAD7
   \              D700DAD7D700
   \              DAD7D700    
   \   00000668   DAD7D700D0CD       DC32 14145498, 13487568, 11776950, 329886122, 3940145626, 4294967295, 4277203184, 1690090685, 14803427, 14803427
   \              CD00B6B3B300
   \              AAA9A913DAD9
   \              D9EAFFFFFFFF
   \              F0F0F0FEBDBC
   \              BC64E3E1E100
   \              E3E1E100    
   \   00000690   DCDADA00DBD8       DC32 14342876, 14211291, 14211291, 14211291, 14211291, 14211291, 14211291, 14211291, 14211291, 14211291
   \              D800DBD8D800
   \              DBD8D800DBD8
   \              D800DBD8D800
   \              DBD8D800DBD8
   \              D800DBD8D800
   \              DBD8D800    
   \   000006B8   DBD8D800DBD8       DC32 14211291, 14211291, 14211291, 14211291, 14211291, 14211291, 14211291, 14211291, 14211291, 14211291
   \              D800DBD8D800
   \              DBD8D800DBD8
   \              D800DBD8D800
   \              DBD8D800DBD8
   \              D800DBD8D800
   \              DBD8D800    
   \   000006E0   DBD8D800DBD8       DC32 14211291, 14211291, 14277084, 13816532, 11974328, 77767331, 3000884701, 4294967295, 4059099376, 1103546055
   \              D800DCD9D900
   \              D4D2D200B8B6
   \              B600A3A2A204
   \              DDDDDDB2FFFF
   \              FFFFF0F0F0F1
   \              C7C6C641    
   \   00000708   E5E3E300E2DF       DC32 14935013, 14671842, 14342877, 14342877, 14342877, 14342877, 14342877, 14342877, 14342877, 14342877
   \              DF00DDDADA00
   \              DDDADA00DDDA
   \              DA00DDDADA00
   \              DDDADA00DDDA
   \              DA00DDDADA00
   \              DDDADA00    
   \   00000730   DDDADA00DDDA       DC32 14342877, 14342877, 14342877, 14342877, 14342877, 14342877, 14342877, 14342877, 14342877, 14342877
   \              DA00DDDADA00
   \              DDDADA00DDDA
   \              DA00DDDADA00
   \              DDDADA00DDDA
   \              DA00DDDADA00
   \              DDDADA00    
   \   00000758   DDDADA00DDDA       DC32 14342877, 14342877, 14342877, 14342877, 14408670, 14013912, 12040122, 10132124, 2312295123, 4294835709
   \              DA00DDDADA00
   \              DDDADA00DEDB
   \              DB00D8D5D500
   \              BAB7B7009C9A
   \              9A00D3D2D289
   \              FDFDFDFF    
   \   00000780   EFEFEFE2CCCB       DC32 3807375343, 667667404, 15066599, 14671842, 14474463, 14474463, 14474463, 14474463, 14474463, 14474463
   \              CB27E7E5E500
   \              E2DFDF00DFDC
   \              DC00DFDCDC00
   \              DFDCDC00DFDC
   \              DC00DFDCDC00
   \              DFDCDC00    
   \   000007A8   DFDCDC00DFDC       DC32 14474463, 14474463, 14474463, 14474463, 14474463, 14474463, 14474463, 14474463, 14474463, 14474463
   \              DC00DFDCDC00
   \              DFDCDC00DFDC
   \              DC00DFDCDC00
   \              DFDCDC00DFDC
   \              DC00DFDCDC00
   \              DFDCDC00    
   \   000007D0   DFDCDC00DFDC       DC32 14474463, 14474463, 14474463, 14474463, 14474463, 14474463, 14540256, 14211291, 12105915, 10000538
   \              DC00DFDCDC00
   \              DFDCDC00DFDC
   \              DC00DFDCDC00
   \              E0DDDD00DBD8
   \              D800BBB8B800
   \              9A989800    
   \   000007F8   B1B0B070F7F7       DC32 1890627761, 4294440951, 3689869038, 483183822, 15066856, 14737635, 14474463, 14474463, 14474463, 14474463
   \              F7FFEEEEEEDB
   \              CECCCC1CE8E6
   \              E500E3E0E000
   \              DFDCDC00DFDC
   \              DC00DFDCDC00
   \              DFDCDC00    
   \   00000820   DFDCDC00DFDC       DC32 14474463, 14474463, 14474463, 14474463, 14474463, 14474463, 14474463, 14474463, 14474463, 14474463
   \              DC00DFDCDC00
   \              DFDCDC00DFDC
   \              DC00DFDCDC00
   \              DFDCDC00DFDC
   \              DC00DFDCDC00
   \              DFDCDC00    
   \   00000848   DFDCDC00DFDC       DC32 14474463, 14474463, 14474463, 14474463, 14474463, 14474463, 14474463, 14474463, 14540256, 14277084
   \              DC00DFDCDC00
   \              DFDCDC00DFDC
   \              DC00DFDCDC00
   \              DFDCDC00DFDC
   \              DC00E0DDDD00
   \              DCD9D900    
   \   00000870   BAB7B7009492       DC32 12040122, 9605780, 1739567024, 4294440951, 3757043695, 583781325, 15000807, 14803428, 14606049, 14606049
   \              9200B0AFAF67
   \              F7F7F7FFEFEF
   \              EFDFCDCBCB22
   \              E7E4E400E4E1
   \              E100E1DEDE00
   \              E1DEDE00    
   \   00000898   E1DEDE00E1DE       DC32 14606049, 14606049, 14606049, 14606049, 14606049, 14606049, 14606049, 14606049, 14606049, 14606049
   \              DE00E1DEDE00
   \              E1DEDE00E1DE
   \              DE00E1DEDE00
   \              E1DEDE00E1DE
   \              DE00E1DEDE00
   \              E1DEDE00    
   \   000008C0   E1DEDE00E1DE       DC32 14606049, 14606049, 14606049, 14606049, 14606049, 14606049, 14606049, 14606049, 14606049, 14606049
   \              DE00E1DEDE00
   \              E1DEDE00E1DE
   \              DE00E1DEDE00
   \              E1DEDE00E1DE
   \              DE00E1DEDE00
   \              E1DEDE00    
   \   000008E8   E2DFDF00DCD9       DC32 14671842, 14277084, 11711156, 9145229, 1823321518, 4294375159, 3958436080, 952616905, 15000806, 14869221
   \              D900B4B2B200
   \              8D8B8B00AEAD
   \              AD6CF7F6F6FF
   \              F0F0F0EBC9C7
   \              C738E6E4E400
   \              E5E2E200    
   \   00000910   E3E0E000E3E0       DC32 14737635, 14737635, 14737635, 14737635, 14737635, 14737635, 14737635, 14737635, 14737635, 14737635
   \              E000E3E0E000
   \              E3E0E000E3E0
   \              E000E3E0E000
   \              E3E0E000E3E0
   \              E000E3E0E000
   \              E3E0E000    
   \   00000938   E3E0E000E3E0       DC32 14737635, 14737635, 14737635, 14737635, 14737635, 14737635, 14737635, 14737635, 14737635, 14737635
   \              E000E3E0E000
   \              E3E0E000E3E0
   \              E000E3E0E000
   \              E3E0E000E3E0
   \              E000E3E0E000
   \              E3E0E000    
   \   00000960   E3E0E000E3E0       DC32 14737635, 14737635, 14803428, 14079705, 11053227, 8618884, 2194328267, 4294769916, 4226871536, 1505738945
   \              E000E4E1E100
   \              D9D6D600ABA8
   \              A80084838300
   \              CBCACA82FCFC
   \              FCFFF0F0F0FB
   \              C1C0BF59    
   \   00000988   E4E2E200E6E3       DC32 14869220, 14935014, 14803428, 14737636, 14737636, 14737636, 14737636, 14737636, 14737636, 14737636
   \              E300E4E1E100
   \              E4E0E000E4E0
   \              E000E4E0E000
   \              E4E0E000E4E0
   \              E000E4E0E000
   \              E4E0E000    
   \   000009B0   E4E0E000E4E0       DC32 14737636, 14737636, 14737636, 14737636, 14737636, 14737636, 14737636, 14737636, 14737636, 14737636
   \              E000E4E0E000
   \              E4E0E000E4E0
   \              E000E4E0E000
   \              E4E0E000E4E0
   \              E000E4E0E000
   \              E4E0E000    
   \   000009D8   E4E0E000E4E0       DC32 14737636, 14737636, 14737636, 14737636, 14803429, 13684947, 10132124, 25330307, 2799623903, 4294967295
   \              E000E4E0E000
   \              E4E0E000E5E1
   \              E100D3D0D000
   \              9C9A9A008382
   \              8201DFDEDEA6
   \              FFFFFFFF    
   \   00000A00   F4F4F4FFC1C0       DC32 4294243572, 2277556417, 14408670, 15066600, 14869222, 14869221, 14869221, 14869221, 14869221, 14869221
   \              C087DEDBDB00
   \              E8E5E500E6E2
   \              E200E5E2E200
   \              E5E2E200E5E2
   \              E200E5E2E200
   \              E5E2E200    
   \   00000A28   E5E2E200E5E2       DC32 14869221, 14869221, 14869221, 14869221, 14869221, 14869221, 14869221, 14869221, 14869221, 14869221
   \              E200E5E2E200
   \              E5E2E200E5E2
   \              E200E5E2E200
   \              E5E2E200E5E2
   \              E200E5E2E200
   \              E5E2E200    
   \   00000A50   E5E2E200E5E2       DC32 14869221, 14869221, 14869221, 14869221, 14869221, 14935014, 14737635, 12829638, 8684934, 244092045
   \              E200E5E2E200
   \              E5E2E200E5E2
   \              E200E6E3E300
   \              E3E0E000C6C3
   \              C30086858400
   \              8D8C8C0E    
   \   00000A78   DCDBDBDCFFFF       DC32 3705396188, 4294967295, 4294967295, 3487226586, 130533322, 15263979, 15000807, 14935014, 14935015, 14935015
   \              FFFFFFFFFFFF
   \              DADADACFCAC7
   \              C707EBE8E800
   \              E7E4E400E6E3
   \              E300E7E3E300
   \              E7E3E300    
   \   00000AA0   E7E3E300E7E3       DC32 14935015, 14935015, 14935015, 14935015, 14935015, 14935015, 14935015, 14935015, 14935015, 14935015
   \              E300E7E3E300
   \              E7E3E300E7E3
   \              E300E7E3E300
   \              E7E3E300E7E3
   \              E300E7E3E300
   \              E7E3E300    
   \   00000AC8   E7E3E300E7E3       DC32 14935015, 14935015, 14935015, 14935015, 14935015, 14935015, 14935015, 15000808, 14342877, 11250606
   \              E300E7E3E300
   \              E7E3E300E7E3
   \              E300E7E3E300
   \              E7E3E300E8E4
   \              E400DDDADA00
   \              AEABAB00    
   \   00000AF0   75737300A5A4       DC32 7566197, 1084531877, 4294046193, 4294967295, 4294967295, 4293454056, 951893181, 14606049, 14935015, 14935015
   \              A440F1F1F1FF
   \              FFFFFFFFFFFF
   \              FFFFE8E8E8FF
   \              BDBCBC38E1DE
   \              DE00E7E3E300
   \              E7E3E300    
   \   00000B18   E8E4E400E7E4       DC32 15000808, 15000807, 15000807, 15000807, 15000807, 15000807, 15000807, 15000807, 15000807, 15000807
   \              E400E7E4E400
   \              E7E4E400E7E4
   \              E400E7E4E400
   \              E7E4E400E7E4
   \              E400E7E4E400
   \              E7E4E400    
   \   00000B40   E7E4E400E7E4       DC32 15000807, 15000807, 15000807, 15000807, 15000807, 15000807, 15000807, 15000807, 15000808, 14935014
   \              E400E7E4E400
   \              E7E4E400E7E4
   \              E400E7E4E400
   \              E7E4E400E7E4
   \              E400E8E4E400
   \              E6E3E300    
   \   00000B68   CBC9C9008987       DC32 13224395, 8882057, 7631989, 2765082576, 4294967295, 4294967295, 4294967295, 4294967295, 2999239877, 12829638
   \              870075747400
   \              D0CFCFA4FFFF
   \              FFFFFFFFFFFF
   \              FFFFFFFFFFFF
   \              FFFFC5C4C4B2
   \              C6C3C300    
   \   00000B90   DEDADA00E4E1       DC32 14342878, 14803428, 15001064, 15066857, 15066857, 15066857, 15066857, 15066857, 15066857, 15066857
   \              E100E8E5E400
   \              E9E6E500E9E6
   \              E500E9E6E500
   \              E9E6E500E9E6
   \              E500E9E6E500
   \              E9E6E500    
   \   00000BB8   E9E6E500E9E6       DC32 15066857, 15066857, 15066857, 15066857, 15066857, 15066857, 15066857, 15066857, 15066857, 15066857
   \              E500E9E6E500
   \              E9E6E500E9E6
   \              E500E9E6E500
   \              E9E6E500E9E6
   \              E500E9E6E500
   \              E9E6E500    
   \   00000BE0   E9E6E600DBD7       DC32 15132393, 14145499, 10790055, 6710888, 781884059, 4042651125, 4294967295, 4294967295, 4294967295, 4294967295
   \              D700A7A4A400
   \              686666009B9A
   \              9A2EF5F5F5F0
   \              FFFFFFFFFFFF
   \              FFFFFFFFFFFF
   \              FFFFFFFF    
   \   00000C08   F7F7F7FAC1BF       DC32 4210554871, 1472184257, 12961224, 13948120, 14737635, 15132394, 15198186, 15198186, 15198186, 15198186
   \              BF57C8C5C500
   \              D8D4D400E3E0
   \              E000EAE6E600
   \              EAE7E700EAE7
   \              E700EAE7E700
   \              EAE7E700    
   \   00000C30   EAE7E700EAE7       DC32 15198186, 15198186, 15198186, 15198186, 15198186, 15198186, 15198186, 15198186, 15198186, 15198186
   \              E700EAE7E700
   \              EAE7E700EAE7
   \              E700EAE7E700
   \              EAE7E700EAE7
   \              E700EAE7E700
   \              EAE7E700    
   \   00000C58   EAE7E700EAE6       DC32 15198186, 15132394, 14606049, 11974328, 7368817, 7500403, 2865745872, 4294967295, 4294967295, 4294967295
   \              E600E1DEDE00
   \              B8B6B6007170
   \              700073727200
   \              D0CFCFAAFFFF
   \              FFFFFFFFFFFF
   \              FFFFFFFF    
   \   00000C80   FFFFFFFFFFFF       DC32 4294967295, 4294967295, 4294967295, 3571178459, 296858035, 12500673, 13487568, 14606050, 15132394, 15263980
   \              FFFFFFFFFFFF
   \              DBDBDBD4B3B1
   \              B111C1BEBE00
   \              D0CDCD00E2DE
   \              DE00EAE6E600
   \              ECE8E800    
   \   00000CA8   EBE8E800EBE7       DC32 15263979, 15198187, 15198187, 15198187, 15198187, 15198187, 15198187, 15198187, 15198187, 15198187
   \              E700EBE7E700
   \              EBE7E700EBE7
   \              E700EBE7E700
   \              EBE7E700EBE7
   \              E700EBE7E700
   \              EBE7E700    
   \   00000CD0   EBE8E800ECE8       DC32 15263979, 15263980, 15263979, 14474464, 12171708, 7829369, 6447715, 1639561657, 4227397880, 4294967295
   \              E800EBE8E800
   \              E0DCDC00BCB9
   \              B90079777700
   \              63626200B9B9
   \              B961F8F8F8FB
   \              FFFFFFFF    
   \   00000CF8   FFFFFFFFFFFF       DC32 4294967295, 4294967295, 4294967295, 4294967295, 4294967295, 4294967295, 3034110168, 229551792, 11579571, 12829638
   \              FFFFFFFFFFFF
   \              FFFFFFFFFFFF
   \              FFFFFFFFFFFF
   \              D8D8D8B4B0AE
   \              AE0DB3B0B000
   \              C6C3C300    
   \   00000D20   DCD8D800E8E5       DC32 14211292, 15001064, 15329772, 15395564, 15329772, 15329772, 15329772, 15329772, 15329772, 15329772
   \              E400ECE9E900
   \              ECEAEA00ECE9
   \              E900ECE9E900
   \              ECE9E900ECE9
   \              E900ECE9E900
   \              ECE9E900    
   \   00000D48   ECE9E900EDE9       DC32 15329772, 15329773, 15329772, 15132393, 14079705, 11579570, 7434611, 5987165, 1486592924, 4159302121
   \              E900ECE9E900
   \              E9E6E600D9D6
   \              D600B2B0B000
   \              737171005D5B
   \              5B009C9B9B58
   \              E9E9E9F7    
   \   00000D70   FFFFFFFFFFFF       DC32 4294967295, 4294967295, 4294967295, 4294967295, 4294967295, 4294967295, 4294967295, 4294967295, 4294967295, 3000555736
   \              FFFFFFFFFFFF
   \              FFFFFFFFFFFF
   \              FFFFFFFFFFFF
   \              FFFFFFFFFFFF
   \              FFFFFFFFFFFF
   \              D8D8D8B2    
   \   00000D98   AAA9A912A6A3       DC32 313108906, 10724262, 11579571, 13224396, 14408670, 15066601, 15395565, 15461359, 15461359, 15461359
   \              A300B3B0B000
   \              CCC9C900DEDB
   \              DB00E9E5E500
   \              EDEAEA00EFEB
   \              EB00EFEBEB00
   \              EFEBEB00    
   \   00000DC0   EFEBEB00EFEB       DC32 15461359, 15461359, 15395566, 15132394, 14474463, 12829639, 10000538, 6381923, 6250336, 1555215026
   \              EB00EEEAEA00
   \              EAE6E600DFDC
   \              DC00C7C3C300
   \              9A9898006361
   \              6100605F5F00
   \              B2B2B25C    
   \   00000DE8   E7E6E6F0FFFF       DC32 4041664231, 4294967295, 4294967295, 4294967295, 4294967295, 4294967295, 4294967295, 4294967295, 4294967295, 4294967295
   \              FFFFFFFFFFFF
   \              FFFFFFFFFFFF
   \              FFFFFFFFFFFF
   \              FFFFFFFFFFFF
   \              FFFFFFFFFFFF
   \              FFFFFFFF    
   \   00000E10   FFFFFFFFFFFF       DC32 4294967295, 4294967295, 3235436760, 833136809, 10066331, 10000538, 11184813, 12500929, 13487569, 14145498
   \              FFFFD8D8D8C0
   \              A9A8A8319B99
   \              99009A989800
   \              ADAAAA00C1BF
   \              BE00D1CDCD00
   \              DAD7D700    
   \   00000E38   DEDBDB00E0DD       DC32 14408670, 14540256, 14474463, 14079706, 13487568, 12237501, 10132125, 7434611, 5789785, 74411889
   \              DD00DFDCDC00
   \              DAD6D600D0CD
   \              CD00BDBABA00
   \              9D9A9A007371
   \              710059585800
   \              716F6F04    
   \   00000E60   BBBABA6AFBFB       DC32 1790622395, 4210818043, 4294967295, 4294967295, 4294967295, 4294967295, 4294967295, 4294967295, 4294967295, 4294967295
   \              FBFAFFFFFFFF
   \              FFFFFFFFFFFF
   \              FFFFFFFFFFFF
   \              FFFFFFFFFFFF
   \              FFFFFFFFFFFF
   \              FFFFFFFF    
   \   00000E88   FFFFFFFFFFFF       DC32 4294967295, 4294967295, 4294967295, 4294967295, 4294967295, 4109233645, 2412103110, 564306595, 8947851, 8882057
   \              FFFFFFFFFFFF
   \              FFFFFFFFFFFF
   \              FFFFEDEDEDF4
   \              C6C5C58FA3A2
   \              A2218B888800
   \              89878700    
   \   00000EB0   8D8A8A009693       DC32 9079437, 9671574, 10132125, 10263710, 10000538, 9211022, 8026748, 6776681, 5987165, 6842474
   \              93009D9A9A00
   \              9E9C9C009A98
   \              98008E8C8C00
   \              7C7A7A006967
   \              67005D5B5B00
   \              6A686800    
   \   00000ED8   9E9D9D3AE3E3       DC32 983408030, 3236160483, 4294704123, 4294967295, 4294967295, 4294967295, 4294967295, 4294967295, 4294967295, 4294967295
   \              E3C0FBFBFBFF
   \              FFFFFFFFFFFF
   \              FFFFFFFFFFFF
   \              FFFFFFFFFFFF
   \              FFFFFFFFFFFF
   \              FFFFFFFF    
   \   00000F00   FFFFFFFFFFFF       DC32 4294967295, 4294967295, 4294967295, 4294967295, 4294967295, 4294967295, 4294967295, 4294967295, 4294967295, 3823757802
   \              FFFFFFFFFFFF
   \              FFFFFFFFFFFF
   \              FFFFFFFFFFFF
   \              FFFFFFFFFFFF
   \              FFFFFFFFFFFF
   \              EAE9E9E3    
   \   00000F28   C8C7C78EA2A1       DC32 2395457480, 1117888930, 110005904, 8421506, 7697783, 7368818, 7105645, 7171439, 7697782, 361072006
   \              A142908E8E06
   \              828080007775
   \              750072707000
   \              6D6C6C006F6D
   \              6D0076757500
   \              86858515    
   \   00000F50   ACABAB5DDDDC       DC32 1571531692, 2933710045, 4293717228, 4294967295, 4294967295, 4294967295, 4294967295, 4294967295, 4294967295, 4294967295
   \              DCAEECECECFF
   \              FFFFFFFFFFFF
   \              FFFFFFFFFFFF
   \              FFFFFFFFFFFF
   \              FFFFFFFFFFFF
   \              FFFFFFFF    
   \   00000F78   FFFFFFFFFFFF       DC32 4294967295, 4294967295, 4294967295, 4294967295, 4294967295, 4294967295, 4294967295, 4294967295, 4294967295, 4294967295
   \              FFFFFFFFFFFF
   \              FFFFFFFFFFFF
   \              FFFFFFFFFFFF
   \              FFFFFFFFFFFF
   \              FFFFFFFFFFFF
   \              FFFFFFFF    
   \   00000FA0   FFFFFFFFFFFF       DC32 4294967295, 4294967295, 4294967295, 4193843448, 3772899809, 3133983948, 2513095371, 2378746057, 2361968841, 2748042187
   \              FFFFFFFFFFFF
   \              F8F8F8F9E1E1
   \              E1E0CCCCCCBA
   \              CBCACA95C9C8
   \              C88DC9C8C88C
   \              CBCBCBA3    
   \   00000FC8   D3D2D2C9F9F9       DC32 3386036947, 3942251001, 4294704123, 4294967295, 4294967295, 4294967295, 4294967295, 4294967295, 4294967295, 4294967295
   \              F9EAFBFBFBFF
   \              FFFFFFFFFFFF
   \              FFFFFFFFFFFF
   \              FFFFFFFFFFFF
   \              FFFFFFFFFFFF
   \              FFFFFFFF    
   \   00000FF0   FFFFFFFFFFFF       DC32 4294967295, 4294967295, 4294967295, 4294967295
   \              FFFFFFFFFFFF
   \              FFFFFFFF    
     32            0xFFFFFFFF, 0xFFFFFFFF, 0xFFFFFFFF, 0xFFFFFFFF, 0xFFFFFFFF, 0xFFFFFFFF, 0xFFFFFFFF, 0xFFFFFFFF, 0xFFFFFFFF, 0xFFFFFFFF, 0xFFFFFFFF, 0xFFFFFFFF, 0xFFFFFFFF, 0xFFFFFFFF, 0xFFFFFFFF, 0xFFFFFFFF, 0xFFFFFFFF, 0xFFFFFFFF, 0xFFFFFFFF, 0xFFFFFFFF, 0xFFFFFFFF, 
     33                  0xFFFFFFFF, 0xFFFFFFFF, 0xFFFFFFFF, 0xFFFFFFFF, 0xFFFFFFFF, 0xFFFFFFFF, 0xFFFFFFFF, 0xFFFFFFFF, 0xFFFFFFFF, 0xFFFFFFFF, 0xFFFFFFFF,
     34            0xFFFFFFFF, 0xFFFFFFFF, 0xFFFFFFFF, 0xFFFFFFFF, 0xFFFFFFFF, 0xFFFFFFFF, 0xFFFFFFFF, 0xFFFFFFFF, 0xFFFFFFFF, 0xFFFFFFFF, 0xFFFFFFFF, 0xFFFFFFFF, 0xFFFCFCFC, 0xF4DCDCDD, 0xD5DBDBDC, 0xD0DCDCDC, 0xD0DCDCDC, 0xDED9D9DA, 0xFCF0F0F0, 0xFFFFFFFF, 0xFFFFFFFF, 
     35                  0xFFFFFFFF, 0xFFFFFFFF, 0xFFFFFFFF, 0xFFFFFFFF, 0xFFFFFFFF, 0xFFFFFFFF, 0xFFFFFFFF, 0xFFFFFFFF, 0xFFFFFFFF, 0xFFFFFFFF, 0xFFFFFFFF,
     36            0xFFFFFFFF, 0xFFFFFFFF, 0xFFFFFFFF, 0xFFFFFFFF, 0xFFFFFFFF, 0xFFFFFFFF, 0xFFFFFFFF, 0xFFFFFFFF, 0xFFFFFFFF, 0xFFF3F3F3, 0xCED4D4D5, 0x89BEBEBF, 0x3DC6C6C7, 0x1CBDBDBE, 0x0FC1C1C2, 0x0DC1C1C2, 0x0DC0C0C1, 0x13BDBDBE, 0x23C1C1C2, 0x55C2C2C2, 0xA4C6C6C7, 
     37                  0xE6EAEAEB, 0xFFFFFFFF, 0xFFFFFFFF, 0xFFFFFFFF, 0xFFFFFFFF, 0xFFFFFFFF, 0xFFFFFFFF, 0xFFFFFFFF, 0xFFFFFFFF, 0xFFFFFFFF, 0xFFFFFFFF,
     38            0xFFFFFFFF, 0xFFFFFFFF, 0xFFFFFFFF, 0xFFFFFFFF, 0xFFFFFFFF, 0xFFFFFFFF, 0xFFFFFFFF, 0xFFFEFEFE, 0xCDD0D0D1, 0x56BEBEBF, 0x07C5C5C6, 0x00D1D1D3, 0x00D5D5D6, 0x00D6D6D6, 0x00D3D3D3, 0x00D0D0D1, 0x00D0D0D1, 0x00D0D0D1, 0x00CECECF, 0x00CACACB, 0x00C3C3C4, 
     39                  0x21BABABB, 0x88C8C8C9, 0xEDEBEBEB, 0xFFFEFEFE, 0xFFFFFFFF, 0xFFFFFFFF, 0xFFFFFFFF, 0xFFFFFFFF, 0xFFFFFFFF, 0xFFFFFFFF, 0xFFFFFFFF,
     40            0xFFFFFFFF, 0xFFFFFFFF, 0xFFFFFFFF, 0xFFFFFFFF, 0xFFFFFFFF, 0xFFFFFFFF, 0xEBE6E6E7, 0x7ECBCBCB, 0x05C3C3C5, 0x00D8D8D8, 0x00DADADB, 0x00D2D2D3, 0x00CBCBCD, 0x00C6C6C7, 0x00C3C3C5, 0x00C2C2C4, 0x00C2C2C4, 0x00C3C3C4, 0x00C5C5C6, 0x00C7C7C8, 0x00CACACB, 
     41                  0x00CBCBCD, 0x00C1C1C3, 0x2FB7B7B9, 0xA4CBCBCC, 0xFFFEFEFE, 0xFFFFFFFF, 0xFFFFFFFF, 0xFFFFFFFF, 0xFFFFFFFF, 0xFFFFFFFF, 0xFFFFFFFF,
     42            0xFFFFFFFF, 0xFFFFFFFF, 0xFFFFFFFF, 0xFFFFFFFF, 0xFFFFFFFF, 0xD8E2E2E2, 0x33B9B9BB, 0x00D3D3D4, 0x00DEDEDF, 0x00D4D4D5, 0x00CBCBCD, 0x00C5C5C7, 0x00C1C2C3, 0x00C0C0C1, 0x00BFBFC1, 0x00BFBFC1, 0x00BFBFC1, 0x00BFBFC1, 0x00BFBFC1, 0x00C1C1C2, 0x00C3C3C5, 
     43                  0x00C7C7C8, 0x00CBCBCD, 0x00CACACC, 0x00BBBBBC, 0x86CCCCCD, 0xFFFDFDFD, 0xFFFFFFFF, 0xFFFFFFFF, 0xFFFFFFFF, 0xFFFFFFFF, 0xFFFFFFFF,
     44            0xFFFFFFFF, 0xFFFFFFFF, 0xFFFFFFFF, 0xFFFFFFFF, 0xD8E2E2E3, 0x27BCBCBE, 0x00DCDCDE, 0x00DEDEDF, 0x00D2D2D3, 0x00CACACC, 0x00C6C6C8, 0x00C5C5C7, 0x00C5C5C7, 0x00C5C5C7, 0x00C5C5C7, 0x00C5C5C7, 0x00C5C5C7, 0x00C5C5C7, 0x00C5C5C7, 0x00C5C5C7, 0x00C5C5C7, 
     45                  0x00C6C6C8, 0x00C8C9CA, 0x00CBCBCD, 0x00CDCDCF, 0x00BEBEC0, 0x84CCCCCD, 0xFFFEFEFE, 0xFFFFFFFF, 0xFFFFFFFF, 0xFFFFFFFF, 0xFFFFFFFF,
     46            0xFFFFFFFF, 0xFFFFFFFF, 0xFFFFFFFF, 0xF1E4E4E4, 0x30BABABB, 0x00DFDFE0, 0x00E0E0E2, 0x00D4D5D6, 0x00CECED1, 0x00CCCCCE, 0x00CCCCCE, 0x00CCCCCE, 0x00CCCCCE, 0x00CCCCCE, 0x00CCCCCE, 0x00CCCCCE, 0x00CCCCCE, 0x00CCCCCE, 0x00CCCCCE, 0x00CCCCCE, 0x00CCCCCE, 
     47                  0x00CCCCCE, 0x00CCCCCE, 0x00CDCDCF, 0x00CFCFD1, 0x00D0D1D3, 0x00BFBFC1, 0x90CBCBCD, 0xFFFDFDFC, 0xFFFFFFFF, 0xFFFFFFFF, 0xFFFFFFFF,
     48            0xFFFFFFFF, 0xFFFFFFFF, 0xFFFDFDFD, 0x80C4C4C4, 0x00D7D7D9, 0x00E4E4E6, 0x00D9D9DB, 0x00D3D2D5, 0x00D1D1D4, 0x00D1D1D4, 0x00D1D1D4, 0x00D1D1D4, 0x00D1D1D4, 0x00D1D1D4, 0x00D1D1D4, 0x00D1D1D4, 0x00D1D1D4, 0x00D1D1D4, 0x00D1D1D4, 0x00D1D1D4, 0x00D1D1D4, 
     49                  0x00D1D1D4, 0x00D1D1D4, 0x00D1D1D4, 0x00D2D2D5, 0x00D3D2D6, 0x00D1D1D4, 0x04B7B7B9, 0xCBD4D4D4, 0xFFFFFFFF, 0xFFFFFFFF, 0xFFFFFFFF,
     50            0xFFFFFFFF, 0xFFFFFFFF, 0xC8CACACB, 0x06C9C9CA, 0x00E8E8E9, 0x00DCDCDE, 0x00D4D4D7, 0x00D3D3D5, 0x00D3D3D5, 0x00D3D3D5, 0x00D3D3D5, 0x00D3D3D5, 0x00D3D3D5, 0x00D3D3D5, 0x00D3D3D5, 0x00D3D3D5, 0x00D3D3D5, 0x00D3D3D5, 0x00D3D3D5, 0x00D3D3D5, 0x00D3D3D5, 
     51                  0x00D3D3D5, 0x00D3D3D5, 0x00D3D3D5, 0x00D3D3D6, 0x00D3D3D6, 0x00D1D1D4, 0x00C3C3C5, 0x4CB9B9BB, 0xFBF4F4F5, 0xFFFFFFFF, 0xFFFFFFFF,
     52            0xFFFFFFFF, 0xFFFFFFFF, 0x61C2C2C3, 0x00DEDEE0, 0x00E1E1E3, 0x00D7D7DA, 0x00D4D4D7, 0x00D4D4D6, 0x00D4D4D6, 0x00D4D4D6, 0x00D4D4D6, 0x00D4D4D6, 0x00D4D4D6, 0x00D4D4D6, 0x00D4D4D6, 0x00D4D4D6, 0x00D4D4D6, 0x00D4D4D6, 0x00D4D4D6, 0x00D4D4D6, 0x00D4D4D6, 
     53                  0x00D4D4D6, 0x00D4D4D6, 0x00D4D4D6, 0x00D4D4D6, 0x00D4D4D7, 0x00D2D2D5, 0x00C5C5C8, 0x03B1B1B3, 0xC2D7D7D8, 0xFFFFFFFF, 0xFFFFFFFF,
     54            0xFFFFFFFF, 0xE3E4E4E4, 0x13C7C7C9, 0x00E6E6E8, 0x00DCDCDF, 0x00D7D7D9, 0x00D5D5D8, 0x00D5D5D8, 0x00D5D5D8, 0x00D5D5D8, 0x00D5D5D8, 0x00D5D5D8, 0x00D5D5D8, 0x00D5D5D8, 0x00D5D5D8, 0x00D5D5D8, 0x00D5D5D8, 0x00D5D5D8, 0x00D5D5D8, 0x00D5D5D8, 0x00D5D5D8, 
     55                  0x00D5D5D8, 0x00D5D5D8, 0x00D5D5D8, 0x00D5D5D8, 0x00D6D6D8, 0x00D5D5D8, 0x00C9C9CB, 0x00B2B2B5, 0x59B7B7B8, 0xFFF7F7F7, 0xFFFFFFFF,
     56            0xFFF7F7F7, 0x96C5C5C5, 0x00D8D8D9, 0x00E3E3E5, 0x00DADADC, 0x00D7D7DA, 0x00D7D7DA, 0x00D7D7DA, 0x00D7D7DA, 0x00D7D7DA, 0x00D7D7DA, 0x00D7D7DA, 0x00D7D7DA, 0x00D7D7DA, 0x00D7D7DA, 0x00D7D7DA, 0x00D7D7DA, 0x00D7D7DA, 0x00D7D7DA, 0x00D7D7DA, 0x00D7D7DA, 
     57                  0x00D7D7DA, 0x00D7D7DA, 0x00D7D7DA, 0x00D7D7DA, 0x00D7D7DA, 0x00D7D7DA, 0x00CDCDD0, 0x00B3B3B6, 0x13A9A9AA, 0xEAD9D9DA, 0xFFFFFFFF,
     58            0xFEF0F0F0, 0x64BCBCBD, 0x00E1E1E3, 0x00E1E1E3, 0x00DADADC, 0x00D8D8DB, 0x00D8D8DB, 0x00D8D8DB, 0x00D8D8DB, 0x00D8D8DB, 0x00D8D8DB, 0x00D8D8DB, 0x00D8D8DB, 0x00D8D8DB, 0x00D8D8DB, 0x00D8D8DB, 0x00D8D8DB, 0x00D8D8DB, 0x00D8D8DB, 0x00D8D8DB, 0x00D8D8DB, 
     59                  0x00D8D8DB, 0x00D8D8DB, 0x00D8D8DB, 0x00D8D8DB, 0x00D8D8DB, 0x00D9D9DC, 0x00D2D2D4, 0x00B6B6B8, 0x04A2A2A3, 0xB2DDDDDD, 0xFFFFFFFF,
     60            0xF1F0F0F0, 0x41C6C6C7, 0x00E3E3E5, 0x00DFDFE2, 0x00DADADD, 0x00DADADD, 0x00DADADD, 0x00DADADD, 0x00DADADD, 0x00DADADD, 0x00DADADD, 0x00DADADD, 0x00DADADD, 0x00DADADD, 0x00DADADD, 0x00DADADD, 0x00DADADD, 0x00DADADD, 0x00DADADD, 0x00DADADD, 0x00DADADD, 
     61                  0x00DADADD, 0x00DADADD, 0x00DADADD, 0x00DADADD, 0x00DADADD, 0x00DBDBDE, 0x00D5D5D8, 0x00B7B7BA, 0x009A9A9C, 0x89D2D2D3, 0xFFFDFDFD,
     62            0xE2EFEFEF, 0x27CBCBCC, 0x00E5E5E7, 0x00DFDFE2, 0x00DCDCDF, 0x00DCDCDF, 0x00DCDCDF, 0x00DCDCDF, 0x00DCDCDF, 0x00DCDCDF, 0x00DCDCDF, 0x00DCDCDF, 0x00DCDCDF, 0x00DCDCDF, 0x00DCDCDF, 0x00DCDCDF, 0x00DCDCDF, 0x00DCDCDF, 0x00DCDCDF, 0x00DCDCDF, 0x00DCDCDF, 
     63                  0x00DCDCDF, 0x00DCDCDF, 0x00DCDCDF, 0x00DCDCDF, 0x00DCDCDF, 0x00DDDDE0, 0x00D8D8DB, 0x00B8B8BB, 0x0098989A, 0x70B0B0B1, 0xFFF7F7F7,
     64            0xDBEEEEEE, 0x1CCCCCCE, 0x00E5E6E8, 0x00E0E0E3, 0x00DCDCDF, 0x00DCDCDF, 0x00DCDCDF, 0x00DCDCDF, 0x00DCDCDF, 0x00DCDCDF, 0x00DCDCDF, 0x00DCDCDF, 0x00DCDCDF, 0x00DCDCDF, 0x00DCDCDF, 0x00DCDCDF, 0x00DCDCDF, 0x00DCDCDF, 0x00DCDCDF, 0x00DCDCDF, 0x00DCDCDF, 
     65                  0x00DCDCDF, 0x00DCDCDF, 0x00DCDCDF, 0x00DCDCDF, 0x00DCDCDF, 0x00DDDDE0, 0x00D9D9DC, 0x00B7B7BA, 0x00929294, 0x67AFAFB0, 0xFFF7F7F7,
     66            0xDFEFEFEF, 0x22CBCBCD, 0x00E4E4E7, 0x00E1E1E4, 0x00DEDEE1, 0x00DEDEE1, 0x00DEDEE1, 0x00DEDEE1, 0x00DEDEE1, 0x00DEDEE1, 0x00DEDEE1, 0x00DEDEE1, 0x00DEDEE1, 0x00DEDEE1, 0x00DEDEE1, 0x00DEDEE1, 0x00DEDEE1, 0x00DEDEE1, 0x00DEDEE1, 0x00DEDEE1, 0x00DEDEE1, 
     67                  0x00DEDEE1, 0x00DEDEE1, 0x00DEDEE1, 0x00DEDEE1, 0x00DEDEE1, 0x00DFDFE2, 0x00D9D9DC, 0x00B2B2B4, 0x008B8B8D, 0x6CADADAE, 0xFFF6F6F7,
     68            0xEBF0F0F0, 0x38C7C7C9, 0x00E4E4E6, 0x00E2E2E5, 0x00E0E0E3, 0x00E0E0E3, 0x00E0E0E3, 0x00E0E0E3, 0x00E0E0E3, 0x00E0E0E3, 0x00E0E0E3, 0x00E0E0E3, 0x00E0E0E3, 0x00E0E0E3, 0x00E0E0E3, 0x00E0E0E3, 0x00E0E0E3, 0x00E0E0E3, 0x00E0E0E3, 0x00E0E0E3, 0x00E0E0E3, 
     69                  0x00E0E0E3, 0x00E0E0E3, 0x00E0E0E3, 0x00E0E0E3, 0x00E0E0E3, 0x00E1E1E4, 0x00D6D6D9, 0x00A8A8AB, 0x00838384, 0x82CACACB, 0xFFFCFCFC,
     70            0xFBF0F0F0, 0x59BFC0C1, 0x00E2E2E4, 0x00E3E3E6, 0x00E1E1E4, 0x00E0E0E4, 0x00E0E0E4, 0x00E0E0E4, 0x00E0E0E4, 0x00E0E0E4, 0x00E0E0E4, 0x00E0E0E4, 0x00E0E0E4, 0x00E0E0E4, 0x00E0E0E4, 0x00E0E0E4, 0x00E0E0E4, 0x00E0E0E4, 0x00E0E0E4, 0x00E0E0E4, 0x00E0E0E4, 
     71                  0x00E0E0E4, 0x00E0E0E4, 0x00E0E0E4, 0x00E0E0E4, 0x00E0E0E4, 0x00E1E1E5, 0x00D0D0D3, 0x009A9A9C, 0x01828283, 0xA6DEDEDF, 0xFFFFFFFF,
     72            0xFFF4F4F4, 0x87C0C0C1, 0x00DBDBDE, 0x00E5E5E8, 0x00E2E2E6, 0x00E2E2E5, 0x00E2E2E5, 0x00E2E2E5, 0x00E2E2E5, 0x00E2E2E5, 0x00E2E2E5, 0x00E2E2E5, 0x00E2E2E5, 0x00E2E2E5, 0x00E2E2E5, 0x00E2E2E5, 0x00E2E2E5, 0x00E2E2E5, 0x00E2E2E5, 0x00E2E2E5, 0x00E2E2E5, 
     73                  0x00E2E2E5, 0x00E2E2E5, 0x00E2E2E5, 0x00E2E2E5, 0x00E3E3E6, 0x00E0E0E3, 0x00C3C3C6, 0x00848586, 0x0E8C8C8D, 0xDCDBDBDC, 0xFFFFFFFF,
     74            0xFFFFFFFF, 0xCFDADADA, 0x07C7C7CA, 0x00E8E8EB, 0x00E4E4E7, 0x00E3E3E6, 0x00E3E3E7, 0x00E3E3E7, 0x00E3E3E7, 0x00E3E3E7, 0x00E3E3E7, 0x00E3E3E7, 0x00E3E3E7, 0x00E3E3E7, 0x00E3E3E7, 0x00E3E3E7, 0x00E3E3E7, 0x00E3E3E7, 0x00E3E3E7, 0x00E3E3E7, 0x00E3E3E7, 
     75                  0x00E3E3E7, 0x00E3E3E7, 0x00E3E3E7, 0x00E3E3E7, 0x00E4E4E8, 0x00DADADD, 0x00ABABAE, 0x00737375, 0x40A4A4A5, 0xFFF1F1F1, 0xFFFFFFFF,
     76            0xFFFFFFFF, 0xFFE8E8E8, 0x38BCBCBD, 0x00DEDEE1, 0x00E3E3E7, 0x00E3E3E7, 0x00E4E4E8, 0x00E4E4E7, 0x00E4E4E7, 0x00E4E4E7, 0x00E4E4E7, 0x00E4E4E7, 0x00E4E4E7, 0x00E4E4E7, 0x00E4E4E7, 0x00E4E4E7, 0x00E4E4E7, 0x00E4E4E7, 0x00E4E4E7, 0x00E4E4E7, 0x00E4E4E7, 
     77                  0x00E4E4E7, 0x00E4E4E7, 0x00E4E4E7, 0x00E4E4E8, 0x00E3E3E6, 0x00C9C9CB, 0x00878789, 0x00747475, 0xA4CFCFD0, 0xFFFFFFFF, 0xFFFFFFFF,
     78            0xFFFFFFFF, 0xFFFFFFFF, 0xB2C4C4C5, 0x00C3C3C6, 0x00DADADE, 0x00E1E1E4, 0x00E4E5E8, 0x00E5E6E9, 0x00E5E6E9, 0x00E5E6E9, 0x00E5E6E9, 0x00E5E6E9, 0x00E5E6E9, 0x00E5E6E9, 0x00E5E6E9, 0x00E5E6E9, 0x00E5E6E9, 0x00E5E6E9, 0x00E5E6E9, 0x00E5E6E9, 0x00E5E6E9, 
     79                  0x00E5E6E9, 0x00E5E6E9, 0x00E5E6E9, 0x00E6E6E9, 0x00D7D7DB, 0x00A4A4A7, 0x00666668, 0x2E9A9A9B, 0xF0F5F5F5, 0xFFFFFFFF, 0xFFFFFFFF,
     80            0xFFFFFFFF, 0xFFFFFFFF, 0xFAF7F7F7, 0x57BFBFC1, 0x00C5C5C8, 0x00D4D4D8, 0x00E0E0E3, 0x00E6E6EA, 0x00E7E7EA, 0x00E7E7EA, 0x00E7E7EA, 0x00E7E7EA, 0x00E7E7EA, 0x00E7E7EA, 0x00E7E7EA, 0x00E7E7EA, 0x00E7E7EA, 0x00E7E7EA, 0x00E7E7EA, 0x00E7E7EA, 0x00E7E7EA, 
     81                  0x00E7E7EA, 0x00E7E7EA, 0x00E6E6EA, 0x00DEDEE1, 0x00B6B6B8, 0x00707071, 0x00727273, 0xAACFCFD0, 0xFFFFFFFF, 0xFFFFFFFF, 0xFFFFFFFF,
     82            0xFFFFFFFF, 0xFFFFFFFF, 0xFFFFFFFF, 0xD4DBDBDB, 0x11B1B1B3, 0x00BEBEC1, 0x00CDCDD0, 0x00DEDEE2, 0x00E6E6EA, 0x00E8E8EC, 0x00E8E8EB, 0x00E7E7EB, 0x00E7E7EB, 0x00E7E7EB, 0x00E7E7EB, 0x00E7E7EB, 0x00E7E7EB, 0x00E7E7EB, 0x00E7E7EB, 0x00E7E7EB, 0x00E8E8EB, 
     83                  0x00E8E8EC, 0x00E8E8EB, 0x00DCDCE0, 0x00B9B9BC, 0x00777779, 0x00626263, 0x61B9B9B9, 0xFBF8F8F8, 0xFFFFFFFF, 0xFFFFFFFF, 0xFFFFFFFF,
     84            0xFFFFFFFF, 0xFFFFFFFF, 0xFFFFFFFF, 0xFFFFFFFF, 0xB4D8D8D8, 0x0DAEAEB0, 0x00B0B0B3, 0x00C3C3C6, 0x00D8D8DC, 0x00E4E5E8, 0x00E9E9EC, 0x00EAEAEC, 0x00E9E9EC, 0x00E9E9EC, 0x00E9E9EC, 0x00E9E9EC, 0x00E9E9EC, 0x00E9E9EC, 0x00E9E9EC, 0x00E9E9ED, 0x00E9E9EC, 
     85                  0x00E6E6E9, 0x00D6D6D9, 0x00B0B0B2, 0x00717173, 0x005B5B5D, 0x589B9B9C, 0xF7E9E9E9, 0xFFFFFFFF, 0xFFFFFFFF, 0xFFFFFFFF, 0xFFFFFFFF,
     86            0xFFFFFFFF, 0xFFFFFFFF, 0xFFFFFFFF, 0xFFFFFFFF, 0xFFFFFFFF, 0xB2D8D8D8, 0x12A9A9AA, 0x00A3A3A6, 0x00B0B0B3, 0x00C9C9CC, 0x00DBDBDE, 0x00E5E5E9, 0x00EAEAED, 0x00EBEBEF, 0x00EBEBEF, 0x00EBEBEF, 0x00EBEBEF, 0x00EBEBEF, 0x00EAEAEE, 0x00E6E6EA, 0x00DCDCDF, 
     87                  0x00C3C3C7, 0x0098989A, 0x00616163, 0x005F5F60, 0x5CB2B2B2, 0xF0E6E6E7, 0xFFFFFFFF, 0xFFFFFFFF, 0xFFFFFFFF, 0xFFFFFFFF, 0xFFFFFFFF,
     88            0xFFFFFFFF, 0xFFFFFFFF, 0xFFFFFFFF, 0xFFFFFFFF, 0xFFFFFFFF, 0xFFFFFFFF, 0xC0D8D8D8, 0x31A8A8A9, 0x0099999B, 0x0098989A, 0x00AAAAAD, 0x00BEBFC1, 0x00CDCDD1, 0x00D7D7DA, 0x00DBDBDE, 0x00DDDDE0, 0x00DCDCDF, 0x00D6D6DA, 0x00CDCDD0, 0x00BABABD, 0x009A9A9D, 
     89                  0x00717173, 0x00585859, 0x046F6F71, 0x6ABABABB, 0xFAFBFBFB, 0xFFFFFFFF, 0xFFFFFFFF, 0xFFFFFFFF, 0xFFFFFFFF, 0xFFFFFFFF, 0xFFFFFFFF,
     90            0xFFFFFFFF, 0xFFFFFFFF, 0xFFFFFFFF, 0xFFFFFFFF, 0xFFFFFFFF, 0xFFFFFFFF, 0xFFFFFFFF, 0xF4EDEDED, 0x8FC5C5C6, 0x21A2A2A3, 0x0088888B, 0x00878789, 0x008A8A8D, 0x00939396, 0x009A9A9D, 0x009C9C9E, 0x0098989A, 0x008C8C8E, 0x007A7A7C, 0x00676769, 0x005B5B5D, 
     91                  0x0068686A, 0x3A9D9D9E, 0xC0E3E3E3, 0xFFFBFBFB, 0xFFFFFFFF, 0xFFFFFFFF, 0xFFFFFFFF, 0xFFFFFFFF, 0xFFFFFFFF, 0xFFFFFFFF, 0xFFFFFFFF,
     92            0xFFFFFFFF, 0xFFFFFFFF, 0xFFFFFFFF, 0xFFFFFFFF, 0xFFFFFFFF, 0xFFFFFFFF, 0xFFFFFFFF, 0xFFFFFFFF, 0xFFFFFFFF, 0xE3E9E9EA, 0x8EC7C7C8, 0x42A1A1A2, 0x068E8E90, 0x00808082, 0x00757577, 0x00707072, 0x006C6C6D, 0x006D6D6F, 0x00757576, 0x15858586, 0x5DABABAC, 
     93                  0xAEDCDCDD, 0xFFECECEC, 0xFFFFFFFF, 0xFFFFFFFF, 0xFFFFFFFF, 0xFFFFFFFF, 0xFFFFFFFF, 0xFFFFFFFF, 0xFFFFFFFF, 0xFFFFFFFF, 0xFFFFFFFF,
     94            0xFFFFFFFF, 0xFFFFFFFF, 0xFFFFFFFF, 0xFFFFFFFF, 0xFFFFFFFF, 0xFFFFFFFF, 0xFFFFFFFF, 0xFFFFFFFF, 0xFFFFFFFF, 0xFFFFFFFF, 0xFFFFFFFF, 0xF9F8F8F8, 0xE0E1E1E1, 0xBACCCCCC, 0x95CACACB, 0x8DC8C8C9, 0x8CC8C8C9, 0xA3CBCBCB, 0xC9D2D2D3, 0xEAF9F9F9, 0xFFFBFBFB, 
     95                  0xFFFFFFFF, 0xFFFFFFFF, 0xFFFFFFFF, 0xFFFFFFFF, 0xFFFFFFFF, 0xFFFFFFFF, 0xFFFFFFFF, 0xFFFFFFFF, 0xFFFFFFFF, 0xFFFFFFFF, 0xFFFFFFFF
     96          };
     97          

   \                                 In section .rodata, align 4, keep-with-next
     98          GUI_CONST_STORAGE GUI_BITMAP bmSliderDotTransparent = {
   \                     bmSliderDotTransparent:
   \   00000000                      ; Initializer data, 20 bytes
   \   00000000   200020008000       DC16 32, 32, 128, 32
   \              2000        
   \   00000008   ........0000       DC32 acSliderDotTransparent, 0, GUI_BitmapMethods8888
   \              0000........
     99            32, /* XSize */
    100            32, /* YSize */
    101            128, /* BytesPerLine */
    102            32, /* BitsPerPixel */
    103            (unsigned char *)acSliderDotTransparent,  /* Pointer to picture data */
    104            NULL  /* Pointer to palette */
    105           ,GUI_DRAW_BMP8888
    106          };
    107          
    108          /* *** End of file *** */


   Section sizes:

     Function/Label         Bytes
     --------------         -----
     acSliderDotTransparent 4096
     bmSliderDotTransparent   20

 
 4 116 bytes in section .rodata
 
 4 116 bytes of CONST memory

Errors: none
Warnings: none
