###############################################################################
#                                                                             #
# IAR ANSI C/C++ Compiler V6.10.2.52244/W32 for ARM     14/Jul/2015  19:02:00 #
# Copyright 1999-2010 IAR Systems AB.                                         #
#                                                                             #
#    Cpu mode     =  arm                                                      #
#    Endian       =  little                                                   #
#    Source file  =  C:\DUII\DUII\Graphics\SmallRedButton.c                   #
#    Command line =  C:\DUII\DUII\Graphics\SmallRedButton.c -D DEBUG=1 -D     #
#                    SDRAM_TARGET=1 -D USB_IS_HIGH_SPEED -D                   #
#                    XIGNORE_TEMPERATURE -D BUILD_DEBUG_PORT -D PROFILER      #
#                    -lCN C:\DUII\TargetHW\Output\AT91SAM9RL64\Debug_SDRAM\Li #
#                    st\ -o C:\DUII\TargetHW\Output\AT91SAM9RL64\Debug_SDRAM\ #
#                    Obj\ --debug --endian=little --cpu=ARM926EJ-S -e         #
#                    --fpu=None --dlib_config "C:\Program Files (x86)\IAR     #
#                    Systems\Embedded Workbench 6.0\arm\INC\c\DLib_Config_Ful #
#                    l.h" -I C:\DUII\TargetHW\Application\SEGGERDEMO\ -I      #
#                    C:\DUII\TargetHW\Application\SEGGERDEMO\Src\ -I          #
#                    C:\DUII\TargetHW\Config\ -I C:\DUII\TargetHW\FS\ -I      #
#                    C:\DUII\TargetHW\GUI\ -I C:\DUII\TargetHW\Inc\ -I        #
#                    C:\DUII\TargetHW\OS\ -I C:\DUII\TargetHW\Setup\ -I       #
#                    \DUII\DUII\ -I \DUII\DUII\Graphics\ -I PROFILER\         #
#                    --cpu_mode arm -Ohs --use_c++_inline                     #
#                    --require_prototypes                                     #
#    List file    =  C:\DUII\TargetHW\Output\AT91SAM9RL64\Debug_SDRAM\List\Sm #
#                    allRedButton.lst                                         #
#    Object file  =  C:\DUII\TargetHW\Output\AT91SAM9RL64\Debug_SDRAM\Obj\Sma #
#                    llRedButton.o                                            #
#                                                                             #
#                                                                             #
###############################################################################

C:\DUII\DUII\Graphics\SmallRedButton.c
      1          /*********************************************************************
      2          *                SEGGER MICROCONTROLLER SYSTEME GmbH                 *
      3          *        Solutions for real time microcontroller applications        *
      4          *                           www.segger.com                           *
      5          **********************************************************************
      6          *
      7          * C-file generated by
      8          *
      9          *        Bitmap converter for emWin V5.04.
     10          *        Compiled Jan  8 2010, 16:37:17
     11          *        (C) 1998 - 2005 Segger Microcontroller Systeme GmbH
     12          *
     13          **********************************************************************
     14          *
     15          * Source file: SmallRedButton
     16          * Dimensions:  80 * 40
     17          * NumColors:   157
     18          *
     19          **********************************************************************
     20          */
     21          
     22          #include <stdlib.h>
     23          
     24          #include "GUI.h"
     25          
     26          #ifndef GUI_CONST_STORAGE
     27            #define GUI_CONST_STORAGE const
     28          #endif
     29          
     30          /*   Palette
     31          The following are the entries of the palette table.
     32          Every entry is a 32-bit value (of which 24 bits are actually used)
     33          the lower   8 bits represent the Red component,
     34          the middle  8 bits represent the Green component,
     35          the highest 8 bits (of the 24 bits used) represent the Blue component
     36          as follows:   0xBBGGRR
     37          */
     38          

   \                                 In section .rodata, align 4, keep-with-next
     39          static GUI_CONST_STORAGE GUI_COLOR ColorsSmallRedButton[] = {
   \                     ColorsSmallRedButton:
   \   00000000                      ; Initializer data, 628 bytes
   \   00000000   FF000000E501       DC32 255, 66021, 65789, 1180367, 983767, 918235, 786911, 1114834, 655844, 459244
   \              0100FD000100
   \              CF021200D702
   \              0F00DB020E00
   \              DF010C00D202
   \              1100E4010A00
   \              EC010700    
   \   00000028   E8010900F200       DC32 590312, 65778, 328176, 262388, 196856, 65787, 252, 66008, 131786, 1311434
   \              0100F0010500
   \              F4000400F800
   \              0300FB000100
   \              FC000000D801
   \              0100CA020200
   \              CA021400    
   \   00000050   CC021300C102       DC32 1245900, 1311425, 131784, 655716, 131704, 0, 143, 245, 248, 2
   \              1400C8020200
   \              64010A007802
   \              020000000000
   \              8F000000F500
   \              0000F8000000
   \              02000000    
   \   00000078   65010A007902       DC32 655717, 131705, 131782, 1245899, 131798, 66009, 983768, 65779, 7, 65546
   \              0200C6020200
   \              CB021300D602
   \              0200D9010100
   \              D8020F00F300
   \              010007000000
   \              0A000100    
   \   000000A0   0C0000001000       DC32 12, 131088, 18, 131091, 23, 65829, 41, 47, 327731, 393273
   \              020012000000
   \              130002001700
   \              000025010100
   \              290000002F00
   \              000033000500
   \              39000600    
   \   000000C8   390106003C00       DC32 393529, 393276, 393292, 459087, 524619, 65880, 65885, 590169, 590173, 590174
   \              06004C000600
   \              4F0107004B01
   \              080058010100
   \              5D0101005901
   \              09005D010900
   \              5E010900    
   \   000000F0   610101006F00       DC32 65889, 111, 65903, 131698, 65910, 786802, 524663, 123, 459134, 524668
   \              00006F010100
   \              720202007601
   \              010072010C00
   \              770108007B00
   \              00007E010700
   \              7C010800    
   \   00000118   800106008300       DC32 393600, 327811, 65927, 196743, 262277, 131210, 65676, 65677, 142, 65935
   \              050087010100
   \              870003008500
   \              04008A000200
   \              8C0001008D00
   \              01008E000000
   \              8F010100    
   \   00000140   93020D009601       DC32 852627, 1048982, 131749, 983724, 1114529, 65974, 131775, 983739, 1311422, 1311423
   \              1000A5020200
   \              AC020F00A101
   \              1100B6010100
   \              BF020200BB02
   \              0F00BE021400
   \              BF021400    
   \   00000168   C2020200C702       DC32 131778, 131783, 131787, 131788, 918221, 1049292, 1245902, 1245903, 1376973, 66001
   \              0200CB020200
   \              CC020200CD02
   \              0E00CC021000
   \              CE021300CF02
   \              1300CD021500
   \              D1010100    
   \   00000190   D1020F00D202       DC32 983761, 852690, 918229, 786902, 65758, 655835, 786905, 590303, 655838, 918236
   \              0D00D5020E00
   \              D6010C00DE00
   \              0100DB010A00
   \              D9010C00DF01
   \              0900DE010A00
   \              DC020E00    
   \   000001B8   DD020E00D002       DC32 918237, 1245904, 1114835, 1376976, 1376978, 1180373, 1114838, 1376980, 1376983, 1245914
   \              1300D3021100
   \              D0021500D202
   \              1500D5021200
   \              D6021100D402
   \              1500D7021500
   \              DA021300    
   \   000001E0   E3010700E601       DC32 459235, 66022, 328167, 459238, 590306, 786912, 786913, 655845, 655846, 66025
   \              0100E7010500
   \              E6010700E201
   \              0900E0010C00
   \              E1010C00E501
   \              0A00E6010A00
   \              E9010100    
   \   00000208   EB000100E901       DC32 65771, 328169, 262379, 66030, 196846, 262381, 459245, 459246, 590313, 590314
   \              0500EB000400
   \              EE010100EE00
   \              0300ED000400
   \              ED010700EE01
   \              0700E9010900
   \              EA010900    
   \   00000230   F1000100F100       DC32 65777, 196849, 242, 328177, 328178, 65780, 65781, 65782, 262389, 262390
   \              0300F2000000
   \              F1010500F201
   \              0500F4000100
   \              F5000100F600
   \              0100F5000400
   \              F6000400    
   \   00000258   F9000300FA00       DC32 196857, 196858, 65788, 253, 254, 65790, 65791
   \              0300FC000100
   \              FD000000FE00
   \              0000FE000100
   \              FF000100    
     40               0x0000FF,0x0101E5,0x0100FD,0x1202CF
     41              ,0x0F02D7,0x0E02DB,0x0C01DF,0x1102D2
     42              ,0x0A01E4,0x0701EC,0x0901E8,0x0100F2
     43              ,0x0501F0,0x0400F4,0x0300F8,0x0100FB
     44              ,0x0000FC,0x0101D8,0x0202CA,0x1402CA
     45              ,0x1302CC,0x1402C1,0x0202C8,0x0A0164
     46              ,0x020278,0x000000,0x00008F,0x0000F5
     47              ,0x0000F8,0x000002,0x0A0165,0x020279
     48              ,0x0202C6,0x1302CB,0x0202D6,0x0101D9
     49              ,0x0F02D8,0x0100F3,0x000007,0x01000A
     50              ,0x00000C,0x020010,0x000012,0x020013
     51              ,0x000017,0x010125,0x000029,0x00002F
     52              ,0x050033,0x060039,0x060139,0x06003C
     53              ,0x06004C,0x07014F,0x08014B,0x010158
     54              ,0x01015D,0x090159,0x09015D,0x09015E
     55              ,0x010161,0x00006F,0x01016F,0x020272
     56              ,0x010176,0x0C0172,0x080177,0x00007B
     57              ,0x07017E,0x08017C,0x060180,0x050083
     58              ,0x010187,0x030087,0x040085,0x02008A
     59              ,0x01008C,0x01008D,0x00008E,0x01018F
     60              ,0x0D0293,0x100196,0x0202A5,0x0F02AC
     61              ,0x1101A1,0x0101B6,0x0202BF,0x0F02BB
     62              ,0x1402BE,0x1402BF,0x0202C2,0x0202C7
     63              ,0x0202CB,0x0202CC,0x0E02CD,0x1002CC
     64              ,0x1302CE,0x1302CF,0x1502CD,0x0101D1
     65              ,0x0F02D1,0x0D02D2,0x0E02D5,0x0C01D6
     66              ,0x0100DE,0x0A01DB,0x0C01D9,0x0901DF
     67              ,0x0A01DE,0x0E02DC,0x0E02DD,0x1302D0
     68              ,0x1102D3,0x1502D0,0x1502D2,0x1202D5
     69              ,0x1102D6,0x1502D4,0x1502D7,0x1302DA
     70              ,0x0701E3,0x0101E6,0x0501E7,0x0701E6
     71              ,0x0901E2,0x0C01E0,0x0C01E1,0x0A01E5
     72              ,0x0A01E6,0x0101E9,0x0100EB,0x0501E9
     73              ,0x0400EB,0x0101EE,0x0300EE,0x0400ED
     74              ,0x0701ED,0x0701EE,0x0901E9,0x0901EA
     75              ,0x0100F1,0x0300F1,0x0000F2,0x0501F1
     76              ,0x0501F2,0x0100F4,0x0100F5,0x0100F6
     77              ,0x0400F5,0x0400F6,0x0300F9,0x0300FA
     78              ,0x0100FC,0x0000FD,0x0000FE,0x0100FE
     79              ,0x0100FF
     80          };
     81          

   \                                 In section .rodata, align 4, keep-with-next
     82          static GUI_CONST_STORAGE GUI_LOGPALETTE PalSmallRedButton = {
   \                     PalSmallRedButton:
   \   00000000                      ; Initializer data, 12 bytes
   \   00000000   9D000000           DC32 157
   \   00000004   00000000           DC8 0, 0, 0, 0
   \   00000008   ........           DC32 ColorsSmallRedButton
     83            157,	/* number of entries */
     84            0, 	/* No transparency */
     85            &ColorsSmallRedButton[0]
     86          };
     87          

   \                                 In section .rodata, align 4, keep-with-next
     88          static GUI_CONST_STORAGE unsigned char acSmallRedButton[] = {
   \                     acSmallRedButton:
   \   00000000                      ; Initializer data, 3200 bytes
   \   00000000   191919192931       DC8 25, 25, 25, 25, 41, 49, 58, 30, 23, 23
   \              3A1E1717    
   \   0000000A   171717171717       DC8 23, 23, 23, 23, 23, 23, 23, 23, 23, 23
   \              17171717    
   \   00000014   171717171717       DC8 23, 23, 23, 23, 23, 23, 23, 23, 23, 23
   \              17171717    
   \   0000001E   171717171717       DC8 23, 23, 23, 23, 23, 23, 23, 23, 23, 23
   \              17171717    
   \   00000028   171717171717       DC8 23, 23, 23, 23, 23, 23, 23, 23, 23, 23
   \              17171717    
   \   00000032   171717171717       DC8 23, 23, 23, 23, 23, 23, 23, 23, 23, 23
   \              17171717    
   \   0000003C   171717171717       DC8 23, 23, 23, 23, 23, 23, 23, 23, 23, 23
   \              17171717    
   \   00000046   1717171E3930       DC8 23, 23, 23, 30, 57, 48, 39, 25, 25, 25
   \              27191919    
   \   00000050   191919365459       DC8 25, 25, 25, 54, 84, 89, 21, 21, 21, 21
   \              15151515    
   \   0000005A   151515151515       DC8 21, 21, 21, 21, 21, 21, 21, 21, 21, 21
   \              15151515    
   \   00000064   151515151515       DC8 21, 21, 21, 21, 21, 21, 21, 21, 21, 21
   \              15151515    
   \   0000006E   151515151515       DC8 21, 21, 21, 21, 21, 21, 21, 21, 21, 21
   \              15151515    
   \   00000078   151515151515       DC8 21, 21, 21, 21, 21, 21, 21, 21, 21, 21
   \              15151515    
   \   00000082   151515151515       DC8 21, 21, 21, 21, 21, 21, 21, 21, 21, 21
   \              15151515    
   \   0000008C   151515151515       DC8 21, 21, 21, 21, 21, 21, 21, 21, 21, 21
   \              15151515    
   \   00000096   151515151558       DC8 21, 21, 21, 21, 21, 88, 81, 51, 25, 25
   \              51331919    
   \   000000A0   191D41757113       DC8 25, 29, 65, 117, 113, 19, 19, 19, 19, 19
   \              13131313    
   \   000000AA   131313131313       DC8 19, 19, 19, 19, 19, 19, 19, 19, 19, 19
   \              13131313    
   \   000000B4   131313131313       DC8 19, 19, 19, 19, 19, 19, 19, 19, 19, 19
   \              13131313    
   \   000000BE   131313131313       DC8 19, 19, 19, 19, 19, 19, 19, 19, 19, 19
   \              13131313    
   \   000000C8   131313131313       DC8 19, 19, 19, 19, 19, 19, 19, 19, 19, 19
   \              13131313    
   \   000000D2   131313131313       DC8 19, 19, 19, 19, 19, 19, 19, 19, 19, 19
   \              13131313    
   \   000000DC   131313131313       DC8 19, 19, 19, 19, 19, 19, 19, 19, 19, 19
   \              13131313    
   \   000000E6   131313131313       DC8 19, 19, 19, 19, 19, 19, 114, 98, 59, 25
   \              72623B19    
   \   000000F0   193576602114       DC8 25, 53, 118, 96, 33, 20, 20, 20, 20, 20
   \              14141414    
   \   000000FA   141414141414       DC8 20, 20, 20, 20, 20, 20, 20, 20, 20, 20
   \              14141414    
   \   00000104   141414141414       DC8 20, 20, 20, 20, 20, 20, 20, 20, 20, 20
   \              14141414    
   \   0000010E   141414141414       DC8 20, 20, 20, 20, 20, 20, 20, 20, 20, 20
   \              14141414    
   \   00000118   141414141414       DC8 20, 20, 20, 20, 20, 20, 20, 20, 20, 20
   \              14141414    
   \   00000122   141414141414       DC8 20, 20, 20, 20, 20, 20, 20, 20, 20, 20
   \              14141414    
   \   0000012C   141414141414       DC8 20, 20, 20, 20, 20, 20, 20, 20, 20, 20
   \              14141414    
   \   00000136   141414141414       DC8 20, 20, 20, 20, 20, 20, 33, 111, 97, 50
   \              216F6132    
   \   00000140   2B5373030303       DC8 43, 83, 115, 3, 3, 3, 3, 3, 3, 3
   \              03030303    
   \   0000014A   030303030303       DC8 3, 3, 3, 3, 3, 3, 3, 3, 3, 3
   \              03030303    
   \   00000154   030303030303       DC8 3, 3, 3, 3, 3, 3, 3, 3, 3, 3
   \              03030303    
   \   0000015E   030303030303       DC8 3, 3, 3, 3, 3, 3, 3, 3, 3, 3
   \              03030303    
   \   00000168   030303030303       DC8 3, 3, 3, 3, 3, 3, 3, 3, 3, 3
   \              03030303    
   \   00000172   030303030303       DC8 3, 3, 3, 3, 3, 3, 3, 3, 3, 3
   \              03030303    
   \   0000017C   030303030303       DC8 3, 3, 3, 3, 3, 3, 3, 3, 3, 3
   \              03030303    
   \   00000186   030303030303       DC8 3, 3, 3, 3, 3, 3, 3, 3, 119, 80
   \              03037750    
   \   00000190   345F70070707       DC8 52, 95, 112, 7, 7, 7, 7, 7, 7, 7
   \              07070707    
   \   0000019A   070707070707       DC8 7, 7, 7, 7, 7, 7, 7, 7, 7, 7
   \              07070707    
   \   000001A4   070707070707       DC8 7, 7, 7, 7, 7, 7, 7, 7, 7, 7
   \              07070707    
   \   000001AE   070707070707       DC8 7, 7, 7, 7, 7, 7, 7, 7, 7, 7
   \              07070707    
   \   000001B8   070707070707       DC8 7, 7, 7, 7, 7, 7, 7, 7, 7, 7
   \              07070707    
   \   000001C2   070707070707       DC8 7, 7, 7, 7, 7, 7, 7, 7, 7, 7
   \              07070707    
   \   000001CC   070707070707       DC8 7, 7, 7, 7, 7, 7, 7, 7, 7, 7
   \              07070707    
   \   000001D6   070707070707       DC8 7, 7, 7, 7, 7, 7, 7, 7, 116, 87
   \              07077457    
   \   000001E0   426424040404       DC8 66, 100, 36, 4, 4, 4, 4, 4, 4, 4
   \              04040404    
   \   000001EA   040404040404       DC8 4, 4, 4, 4, 4, 4, 4, 4, 4, 4
   \              04040404    
   \   000001F4   040404040404       DC8 4, 4, 4, 4, 4, 4, 4, 4, 4, 4
   \              04040404    
   \   000001FE   040404040404       DC8 4, 4, 4, 4, 4, 4, 4, 4, 4, 4
   \              04040404    
   \   00000208   040404040404       DC8 4, 4, 4, 4, 4, 4, 4, 4, 4, 4
   \              04040404    
   \   00000212   040404040404       DC8 4, 4, 4, 4, 4, 4, 4, 4, 4, 4
   \              04040404    
   \   0000021C   040404040404       DC8 4, 4, 4, 4, 4, 4, 4, 4, 4, 4
   \              04040404    
   \   00000226   040404040404       DC8 4, 4, 4, 4, 4, 4, 4, 4, 36, 94
   \              0404245E    
   \   00000230   45666D050505       DC8 69, 102, 109, 5, 5, 5, 5, 5, 5, 5
   \              05050505    
   \   0000023A   050505050505       DC8 5, 5, 5, 5, 5, 5, 5, 5, 5, 5
   \              05050505    
   \   00000244   050505050505       DC8 5, 5, 5, 5, 5, 5, 5, 5, 5, 5
   \              05050505    
   \   0000024E   050505050505       DC8 5, 5, 5, 5, 5, 5, 5, 5, 5, 5
   \              05050505    
   \   00000258   050505050505       DC8 5, 5, 5, 5, 5, 5, 5, 5, 5, 5
   \              05050505    
   \   00000262   050505050505       DC8 5, 5, 5, 5, 5, 5, 5, 5, 5, 5
   \              05050505    
   \   0000026C   050505050505       DC8 5, 5, 5, 5, 5, 5, 5, 5, 5, 5
   \              05050505    
   \   00000276   050505050505       DC8 5, 5, 5, 5, 5, 5, 5, 5, 110, 101
   \              05056E65    
   \   00000280   446A7D060606       DC8 68, 106, 125, 6, 6, 6, 6, 6, 6, 6
   \              06060606    
   \   0000028A   060606060606       DC8 6, 6, 6, 6, 6, 6, 6, 6, 6, 6
   \              06060606    
   \   00000294   060606060606       DC8 6, 6, 6, 6, 6, 6, 6, 6, 6, 6
   \              06060606    
   \   0000029E   060606060606       DC8 6, 6, 6, 6, 6, 6, 6, 6, 6, 6
   \              06060606    
   \   000002A8   060606060606       DC8 6, 6, 6, 6, 6, 6, 6, 6, 6, 6
   \              06060606    
   \   000002B2   060606060606       DC8 6, 6, 6, 6, 6, 6, 6, 6, 6, 6
   \              06060606    
   \   000002BC   060606060606       DC8 6, 6, 6, 6, 6, 6, 6, 6, 6, 6
   \              06060606    
   \   000002C6   060606060606       DC8 6, 6, 6, 6, 6, 6, 6, 6, 126, 103
   \              06067E67    
   \   000002D0   466C7F080808       DC8 70, 108, 127, 8, 8, 8, 8, 8, 8, 8
   \              08080808    
   \   000002DA   080808080808       DC8 8, 8, 8, 8, 8, 8, 8, 8, 8, 8
   \              08080808    
   \   000002E4   080808080808       DC8 8, 8, 8, 8, 8, 8, 8, 8, 8, 8
   \              08080808    
   \   000002EE   080808080808       DC8 8, 8, 8, 8, 8, 8, 8, 8, 8, 8
   \              08080808    
   \   000002F8   080808080808       DC8 8, 8, 8, 8, 8, 8, 8, 8, 8, 8
   \              08080808    
   \   00000302   080808080808       DC8 8, 8, 8, 8, 8, 8, 8, 8, 8, 8
   \              08080808    
   \   0000030C   080808080808       DC8 8, 8, 8, 8, 8, 8, 8, 8, 8, 8
   \              08080808    
   \   00000316   080808080808       DC8 8, 8, 8, 8, 8, 8, 8, 8, 128, 105
   \              08088069    
   \   00000320   477C8A0A0A0A       DC8 71, 124, 138, 10, 10, 10, 10, 10, 10, 10
   \              0A0A0A0A    
   \   0000032A   0A0A0A0A0A0A       DC8 10, 10, 10, 10, 10, 10, 10, 10, 10, 10
   \              0A0A0A0A    
   \   00000334   0A0A0A0A0A0A       DC8 10, 10, 10, 10, 10, 10, 10, 10, 10, 10
   \              0A0A0A0A    
   \   0000033E   0A0A0A0A0A0A       DC8 10, 10, 10, 10, 10, 10, 10, 10, 10, 10
   \              0A0A0A0A    
   \   00000348   0A0A0A0A0A0A       DC8 10, 10, 10, 10, 10, 10, 10, 10, 10, 10
   \              0A0A0A0A    
   \   00000352   0A0A0A0A0A0A       DC8 10, 10, 10, 10, 10, 10, 10, 10, 10, 10
   \              0A0A0A0A    
   \   0000035C   0A0A0A0A0A0A       DC8 10, 10, 10, 10, 10, 10, 10, 10, 10, 10
   \              0A0A0A0A    
   \   00000366   0A0A0A0A0A0A       DC8 10, 10, 10, 10, 10, 10, 10, 10, 139, 107
   \              0A0A8B6B    
   \   00000370   4A7B88090909       DC8 74, 123, 136, 9, 9, 9, 9, 9, 9, 9
   \              09090909    
   \   0000037A   090909090909       DC8 9, 9, 9, 9, 9, 9, 9, 9, 9, 9
   \              09090909    
   \   00000384   090909090909       DC8 9, 9, 9, 9, 9, 9, 9, 9, 9, 9
   \              09090909    
   \   0000038E   090909090909       DC8 9, 9, 9, 9, 9, 9, 9, 9, 9, 9
   \              09090909    
   \   00000398   090909090909       DC8 9, 9, 9, 9, 9, 9, 9, 9, 9, 9
   \              09090909    
   \   000003A2   090909090909       DC8 9, 9, 9, 9, 9, 9, 9, 9, 9, 9
   \              09090909    
   \   000003AC   090909090909       DC8 9, 9, 9, 9, 9, 9, 9, 9, 9, 9
   \              09090909    
   \   000003B6   090909090909       DC8 9, 9, 9, 9, 9, 9, 9, 9, 137, 120
   \              09098978    
   \   000003C0   49838F0C0C0C       DC8 73, 131, 143, 12, 12, 12, 12, 12, 12, 12
   \              0C0C0C0C    
   \   000003CA   0C0C0C0C0C0C       DC8 12, 12, 12, 12, 12, 12, 12, 12, 12, 12
   \              0C0C0C0C    
   \   000003D4   0C0C0C0C0C0C       DC8 12, 12, 12, 12, 12, 12, 12, 12, 12, 12
   \              0C0C0C0C    
   \   000003DE   0C0C0C0C0C0C       DC8 12, 12, 12, 12, 12, 12, 12, 12, 12, 12
   \              0C0C0C0C    
   \   000003E8   0C0C0C0C0C0C       DC8 12, 12, 12, 12, 12, 12, 12, 12, 12, 12
   \              0C0C0C0C    
   \   000003F2   0C0C0C0C0C0C       DC8 12, 12, 12, 12, 12, 12, 12, 12, 12, 12
   \              0C0C0C0C    
   \   000003FC   0C0C0C0C0C0C       DC8 12, 12, 12, 12, 12, 12, 12, 12, 12, 12
   \              0C0C0C0C    
   \   00000406   0C0C0C0C0C0C       DC8 12, 12, 12, 12, 12, 12, 12, 12, 144, 122
   \              0C0C907A    
   \   00000410   4B87940D0D0D       DC8 75, 135, 148, 13, 13, 13, 13, 13, 13, 13
   \              0D0D0D0D    
   \   0000041A   0D0D0D0D0D0D       DC8 13, 13, 13, 13, 13, 13, 13, 13, 13, 13
   \              0D0D0D0D    
   \   00000424   0D0D0D0D0D0D       DC8 13, 13, 13, 13, 13, 13, 13, 13, 13, 13
   \              0D0D0D0D    
   \   0000042E   0D0D0D0D0D0D       DC8 13, 13, 13, 13, 13, 13, 13, 13, 13, 13
   \              0D0D0D0D    
   \   00000438   0D0D0D0D0D0D       DC8 13, 13, 13, 13, 13, 13, 13, 13, 13, 13
   \              0D0D0D0D    
   \   00000442   0D0D0D0D0D0D       DC8 13, 13, 13, 13, 13, 13, 13, 13, 13, 13
   \              0D0D0D0D    
   \   0000044C   0D0D0D0D0D0D       DC8 13, 13, 13, 13, 13, 13, 13, 13, 13, 13
   \              0D0D0D0D    
   \   00000456   0D0D0D0D0D0D       DC8 13, 13, 13, 13, 13, 13, 13, 13, 149, 132
   \              0D0D9584    
   \   00000460   4C8D960E0E0E       DC8 76, 141, 150, 14, 14, 14, 14, 14, 14, 14
   \              0E0E0E0E    
   \   0000046A   0E0E0E0E0E0E       DC8 14, 14, 14, 14, 14, 14, 14, 14, 14, 14
   \              0E0E0E0E    
   \   00000474   0E0E0E0E0E0E       DC8 14, 14, 14, 14, 14, 14, 14, 14, 14, 14
   \              0E0E0E0E    
   \   0000047E   0E0E0E0E0E0E       DC8 14, 14, 14, 14, 14, 14, 14, 14, 14, 14
   \              0E0E0E0E    
   \   00000488   0E0E0E0E0E0E       DC8 14, 14, 14, 14, 14, 14, 14, 14, 14, 14
   \              0E0E0E0E    
   \   00000492   0E0E0E0E0E0E       DC8 14, 14, 14, 14, 14, 14, 14, 14, 14, 14
   \              0E0E0E0E    
   \   0000049C   0E0E0E0E0E0E       DC8 14, 14, 14, 14, 14, 14, 14, 14, 14, 14
   \              0E0E0E0E    
   \   000004A6   0E0E0E0E0E0E       DC8 14, 14, 14, 14, 14, 14, 14, 14, 151, 134
   \              0E0E9786    
   \   000004B0   4D91980F0F0F       DC8 77, 145, 152, 15, 15, 15, 15, 15, 15, 15
   \              0F0F0F0F    
   \   000004BA   0F0F0F0F0F0F       DC8 15, 15, 15, 15, 15, 15, 15, 15, 15, 15
   \              0F0F0F0F    
   \   000004C4   0F0F0F0F0F0F       DC8 15, 15, 15, 15, 15, 15, 15, 15, 15, 15
   \              0F0F0F0F    
   \   000004CE   0F0F0F0F0F0F       DC8 15, 15, 15, 15, 15, 15, 15, 15, 15, 15
   \              0F0F0F0F    
   \   000004D8   0F0F0F0F0F0F       DC8 15, 15, 15, 15, 15, 15, 15, 15, 15, 15
   \              0F0F0F0F    
   \   000004E2   0F0F0F0F0F0F       DC8 15, 15, 15, 15, 15, 15, 15, 15, 15, 15
   \              0F0F0F0F    
   \   000004EC   0F0F0F0F0F0F       DC8 15, 15, 15, 15, 15, 15, 15, 15, 15, 15
   \              0F0F0F0F    
   \   000004F6   0F0F0F0F0F0F       DC8 15, 15, 15, 15, 15, 15, 15, 15, 2, 140
   \              0F0F028C    
   \   00000500   4E939B020202       DC8 78, 147, 155, 2, 2, 2, 2, 2, 2, 2
   \              02020202    
   \   0000050A   020202020202       DC8 2, 2, 2, 2, 2, 2, 2, 2, 2, 2
   \              02020202    
   \   00000514   020202020202       DC8 2, 2, 2, 2, 2, 2, 2, 2, 2, 2
   \              02020202    
   \   0000051E   020202020202       DC8 2, 2, 2, 2, 2, 2, 2, 2, 2, 2
   \              02020202    
   \   00000528   020202020202       DC8 2, 2, 2, 2, 2, 2, 2, 2, 2, 2
   \              02020202    
   \   00000532   020202020202       DC8 2, 2, 2, 2, 2, 2, 2, 2, 2, 2
   \              02020202    
   \   0000053C   020202020202       DC8 2, 2, 2, 2, 2, 2, 2, 2, 2, 2
   \              02020202    
   \   00000546   020202020202       DC8 2, 2, 2, 2, 2, 2, 2, 2, 156, 37
   \              02029C25    
   \   00000550   1A1C00000000       DC8 26, 28, 0, 0, 0, 0, 0, 0, 0, 0
   \              00000000    
   \   0000055A   000000000000       DC8 0, 0, 0, 0, 0, 0, 0, 0, 0, 0
   \              00000000    
   \   00000564   000000000000       DC8 0, 0, 0, 0, 0, 0, 0, 0, 0, 0
   \              00000000    
   \   0000056E   000000000000       DC8 0, 0, 0, 0, 0, 0, 0, 0, 0, 0
   \              00000000    
   \   00000578   000000000000       DC8 0, 0, 0, 0, 0, 0, 0, 0, 0, 0
   \              00000000    
   \   00000582   000000000000       DC8 0, 0, 0, 0, 0, 0, 0, 0, 0, 0
   \              00000000    
   \   0000058C   000000000000       DC8 0, 0, 0, 0, 0, 0, 0, 0, 0, 0
   \              00000000    
   \   00000596   000000000000       DC8 0, 0, 0, 0, 0, 0, 0, 0, 0, 27
   \              0000001B    
   \   000005A0   1A1C00000000       DC8 26, 28, 0, 0, 0, 0, 0, 0, 0, 0
   \              00000000    
   \   000005AA   000000000000       DC8 0, 0, 0, 0, 0, 0, 0, 0, 0, 0
   \              00000000    
   \   000005B4   000000000000       DC8 0, 0, 0, 0, 0, 0, 0, 0, 0, 0
   \              00000000    
   \   000005BE   000000000000       DC8 0, 0, 0, 0, 0, 0, 0, 0, 0, 0
   \              00000000    
   \   000005C8   000000000000       DC8 0, 0, 0, 0, 0, 0, 0, 0, 0, 0
   \              00000000    
   \   000005D2   000000000000       DC8 0, 0, 0, 0, 0, 0, 0, 0, 0, 0
   \              00000000    
   \   000005DC   000000000000       DC8 0, 0, 0, 0, 0, 0, 0, 0, 0, 0
   \              00000000    
   \   000005E6   000000000000       DC8 0, 0, 0, 0, 0, 0, 0, 0, 0, 27
   \              0000001B    
   \   000005F0   1A1C00000000       DC8 26, 28, 0, 0, 0, 0, 0, 0, 0, 0
   \              00000000    
   \   000005FA   000000000000       DC8 0, 0, 0, 0, 0, 0, 0, 0, 0, 0
   \              00000000    
   \   00000604   000000000000       DC8 0, 0, 0, 0, 0, 0, 0, 0, 0, 0
   \              00000000    
   \   0000060E   000000000000       DC8 0, 0, 0, 0, 0, 0, 0, 0, 0, 0
   \              00000000    
   \   00000618   000000000000       DC8 0, 0, 0, 0, 0, 0, 0, 0, 0, 0
   \              00000000    
   \   00000622   000000000000       DC8 0, 0, 0, 0, 0, 0, 0, 0, 0, 0
   \              00000000    
   \   0000062C   000000000000       DC8 0, 0, 0, 0, 0, 0, 0, 0, 0, 0
   \              00000000    
   \   00000636   000000000000       DC8 0, 0, 0, 0, 0, 0, 0, 0, 0, 27
   \              0000001B    
   \   00000640   1A1C00000000       DC8 26, 28, 0, 0, 0, 0, 0, 0, 0, 0
   \              00000000    
   \   0000064A   000000000000       DC8 0, 0, 0, 0, 0, 0, 0, 0, 0, 0
   \              00000000    
   \   00000654   000000000000       DC8 0, 0, 0, 0, 0, 0, 0, 0, 0, 0
   \              00000000    
   \   0000065E   000000000000       DC8 0, 0, 0, 0, 0, 0, 0, 0, 0, 0
   \              00000000    
   \   00000668   000000000000       DC8 0, 0, 0, 0, 0, 0, 0, 0, 0, 0
   \              00000000    
   \   00000672   000000000000       DC8 0, 0, 0, 0, 0, 0, 0, 0, 0, 0
   \              00000000    
   \   0000067C   000000000000       DC8 0, 0, 0, 0, 0, 0, 0, 0, 0, 0
   \              00000000    
   \   00000686   000000000000       DC8 0, 0, 0, 0, 0, 0, 0, 0, 0, 27
   \              0000001B    
   \   00000690   1A1C00000000       DC8 26, 28, 0, 0, 0, 0, 0, 0, 0, 0
   \              00000000    
   \   0000069A   000000000000       DC8 0, 0, 0, 0, 0, 0, 0, 0, 0, 0
   \              00000000    
   \   000006A4   000000000000       DC8 0, 0, 0, 0, 0, 0, 0, 0, 0, 0
   \              00000000    
   \   000006AE   000000000000       DC8 0, 0, 0, 0, 0, 0, 0, 0, 0, 0
   \              00000000    
   \   000006B8   000000000000       DC8 0, 0, 0, 0, 0, 0, 0, 0, 0, 0
   \              00000000    
   \   000006C2   000000000000       DC8 0, 0, 0, 0, 0, 0, 0, 0, 0, 0
   \              00000000    
   \   000006CC   000000000000       DC8 0, 0, 0, 0, 0, 0, 0, 0, 0, 0
   \              00000000    
   \   000006D6   000000000000       DC8 0, 0, 0, 0, 0, 0, 0, 0, 0, 27
   \              0000001B    
   \   000006E0   1A1C00000000       DC8 26, 28, 0, 0, 0, 0, 0, 0, 0, 0
   \              00000000    
   \   000006EA   000000000000       DC8 0, 0, 0, 0, 0, 0, 0, 0, 0, 0
   \              00000000    
   \   000006F4   000000000000       DC8 0, 0, 0, 0, 0, 0, 0, 0, 0, 0
   \              00000000    
   \   000006FE   000000000000       DC8 0, 0, 0, 0, 0, 0, 0, 0, 0, 0
   \              00000000    
   \   00000708   000000000000       DC8 0, 0, 0, 0, 0, 0, 0, 0, 0, 0
   \              00000000    
   \   00000712   000000000000       DC8 0, 0, 0, 0, 0, 0, 0, 0, 0, 0
   \              00000000    
   \   0000071C   000000000000       DC8 0, 0, 0, 0, 0, 0, 0, 0, 0, 0
   \              00000000    
   \   00000726   000000000000       DC8 0, 0, 0, 0, 0, 0, 0, 0, 0, 27
   \              0000001B    
   \   00000730   1A1C00000000       DC8 26, 28, 0, 0, 0, 0, 0, 0, 0, 0
   \              00000000    
   \   0000073A   000000000000       DC8 0, 0, 0, 0, 0, 0, 0, 0, 0, 0
   \              00000000    
   \   00000744   000000000000       DC8 0, 0, 0, 0, 0, 0, 0, 0, 0, 0
   \              00000000    
   \   0000074E   000000000000       DC8 0, 0, 0, 0, 0, 0, 0, 0, 0, 0
   \              00000000    
   \   00000758   000000000000       DC8 0, 0, 0, 0, 0, 0, 0, 0, 0, 0
   \              00000000    
   \   00000762   000000000000       DC8 0, 0, 0, 0, 0, 0, 0, 0, 0, 0
   \              00000000    
   \   0000076C   000000000000       DC8 0, 0, 0, 0, 0, 0, 0, 0, 0, 0
   \              00000000    
   \   00000776   000000000000       DC8 0, 0, 0, 0, 0, 0, 0, 0, 0, 27
   \              0000001B    
   \   00000780   1A1C00000000       DC8 26, 28, 0, 0, 0, 0, 0, 0, 0, 0
   \              00000000    
   \   0000078A   000000000000       DC8 0, 0, 0, 0, 0, 0, 0, 0, 0, 0
   \              00000000    
   \   00000794   000000000000       DC8 0, 0, 0, 0, 0, 0, 0, 0, 0, 0
   \              00000000    
   \   0000079E   000000000000       DC8 0, 0, 0, 0, 0, 0, 0, 0, 0, 0
   \              00000000    
   \   000007A8   000000000000       DC8 0, 0, 0, 0, 0, 0, 0, 0, 0, 0
   \              00000000    
   \   000007B2   000000000000       DC8 0, 0, 0, 0, 0, 0, 0, 0, 0, 0
   \              00000000    
   \   000007BC   000000000000       DC8 0, 0, 0, 0, 0, 0, 0, 0, 0, 0
   \              00000000    
   \   000007C6   000000000000       DC8 0, 0, 0, 0, 0, 0, 0, 0, 0, 27
   \              0000001B    
   \   000007D0   1A1C00000000       DC8 26, 28, 0, 0, 0, 0, 0, 0, 0, 0
   \              00000000    
   \   000007DA   000000000000       DC8 0, 0, 0, 0, 0, 0, 0, 0, 0, 0
   \              00000000    
   \   000007E4   000000000000       DC8 0, 0, 0, 0, 0, 0, 0, 0, 0, 0
   \              00000000    
   \   000007EE   000000000000       DC8 0, 0, 0, 0, 0, 0, 0, 0, 0, 0
   \              00000000    
   \   000007F8   000000000000       DC8 0, 0, 0, 0, 0, 0, 0, 0, 0, 0
   \              00000000    
   \   00000802   000000000000       DC8 0, 0, 0, 0, 0, 0, 0, 0, 0, 0
   \              00000000    
   \   0000080C   000000000000       DC8 0, 0, 0, 0, 0, 0, 0, 0, 0, 0
   \              00000000    
   \   00000816   000000000000       DC8 0, 0, 0, 0, 0, 0, 0, 0, 0, 27
   \              0000001B    
   \   00000820   1A1C00000000       DC8 26, 28, 0, 0, 0, 0, 0, 0, 0, 0
   \              00000000    
   \   0000082A   000000000000       DC8 0, 0, 0, 0, 0, 0, 0, 0, 0, 0
   \              00000000    
   \   00000834   000000000000       DC8 0, 0, 0, 0, 0, 0, 0, 0, 0, 0
   \              00000000    
   \   0000083E   000000000000       DC8 0, 0, 0, 0, 0, 0, 0, 0, 0, 0
   \              00000000    
   \   00000848   000000000000       DC8 0, 0, 0, 0, 0, 0, 0, 0, 0, 0
   \              00000000    
   \   00000852   000000000000       DC8 0, 0, 0, 0, 0, 0, 0, 0, 0, 0
   \              00000000    
   \   0000085C   000000000000       DC8 0, 0, 0, 0, 0, 0, 0, 0, 0, 0
   \              00000000    
   \   00000866   000000000000       DC8 0, 0, 0, 0, 0, 0, 0, 0, 0, 27
   \              0000001B    
   \   00000870   1A1C00000000       DC8 26, 28, 0, 0, 0, 0, 0, 0, 0, 0
   \              00000000    
   \   0000087A   000000000000       DC8 0, 0, 0, 0, 0, 0, 0, 0, 0, 0
   \              00000000    
   \   00000884   000000000000       DC8 0, 0, 0, 0, 0, 0, 0, 0, 0, 0
   \              00000000    
   \   0000088E   000000000000       DC8 0, 0, 0, 0, 0, 0, 0, 0, 0, 0
   \              00000000    
   \   00000898   000000000000       DC8 0, 0, 0, 0, 0, 0, 0, 0, 0, 0
   \              00000000    
   \   000008A2   000000000000       DC8 0, 0, 0, 0, 0, 0, 0, 0, 0, 0
   \              00000000    
   \   000008AC   000000000000       DC8 0, 0, 0, 0, 0, 0, 0, 0, 0, 0
   \              00000000    
   \   000008B6   000000000000       DC8 0, 0, 0, 0, 0, 0, 0, 0, 0, 27
   \              0000001B    
   \   000008C0   1A1C00000000       DC8 26, 28, 0, 0, 0, 0, 0, 0, 0, 0
   \              00000000    
   \   000008CA   000000000000       DC8 0, 0, 0, 0, 0, 0, 0, 0, 0, 0
   \              00000000    
   \   000008D4   000000000000       DC8 0, 0, 0, 0, 0, 0, 0, 0, 0, 0
   \              00000000    
   \   000008DE   000000000000       DC8 0, 0, 0, 0, 0, 0, 0, 0, 0, 0
   \              00000000    
   \   000008E8   000000000000       DC8 0, 0, 0, 0, 0, 0, 0, 0, 0, 0
   \              00000000    
   \   000008F2   000000000000       DC8 0, 0, 0, 0, 0, 0, 0, 0, 0, 0
   \              00000000    
   \   000008FC   000000000000       DC8 0, 0, 0, 0, 0, 0, 0, 0, 0, 0
   \              00000000    
   \   00000906   000000000000       DC8 0, 0, 0, 0, 0, 0, 0, 0, 0, 27
   \              0000001B    
   \   00000910   1A1C00000000       DC8 26, 28, 0, 0, 0, 0, 0, 0, 0, 0
   \              00000000    
   \   0000091A   000000000000       DC8 0, 0, 0, 0, 0, 0, 0, 0, 0, 0
   \              00000000    
   \   00000924   000000000000       DC8 0, 0, 0, 0, 0, 0, 0, 0, 0, 0
   \              00000000    
   \   0000092E   000000000000       DC8 0, 0, 0, 0, 0, 0, 0, 0, 0, 0
   \              00000000    
   \   00000938   000000000000       DC8 0, 0, 0, 0, 0, 0, 0, 0, 0, 0
   \              00000000    
   \   00000942   000000000000       DC8 0, 0, 0, 0, 0, 0, 0, 0, 0, 0
   \              00000000    
   \   0000094C   000000000000       DC8 0, 0, 0, 0, 0, 0, 0, 0, 0, 0
   \              00000000    
   \   00000956   000000000000       DC8 0, 0, 0, 0, 0, 0, 0, 0, 0, 27
   \              0000001B    
   \   00000960   1A1C00000000       DC8 26, 28, 0, 0, 0, 0, 0, 0, 0, 0
   \              00000000    
   \   0000096A   000000000000       DC8 0, 0, 0, 0, 0, 0, 0, 0, 0, 0
   \              00000000    
   \   00000974   000000000000       DC8 0, 0, 0, 0, 0, 0, 0, 0, 0, 0
   \              00000000    
   \   0000097E   000000000000       DC8 0, 0, 0, 0, 0, 0, 0, 0, 0, 0
   \              00000000    
   \   00000988   000000000000       DC8 0, 0, 0, 0, 0, 0, 0, 0, 0, 0
   \              00000000    
   \   00000992   000000000000       DC8 0, 0, 0, 0, 0, 0, 0, 0, 0, 0
   \              00000000    
   \   0000099C   000000000000       DC8 0, 0, 0, 0, 0, 0, 0, 0, 0, 0
   \              00000000    
   \   000009A6   000000000000       DC8 0, 0, 0, 0, 0, 0, 0, 0, 0, 27
   \              0000001B    
   \   000009B0   1A1C00000000       DC8 26, 28, 0, 0, 0, 0, 0, 0, 0, 0
   \              00000000    
   \   000009BA   000000000000       DC8 0, 0, 0, 0, 0, 0, 0, 0, 0, 0
   \              00000000    
   \   000009C4   000000000000       DC8 0, 0, 0, 0, 0, 0, 0, 0, 0, 0
   \              00000000    
   \   000009CE   000000000000       DC8 0, 0, 0, 0, 0, 0, 0, 0, 0, 0
   \              00000000    
   \   000009D8   000000000000       DC8 0, 0, 0, 0, 0, 0, 0, 0, 0, 0
   \              00000000    
   \   000009E2   000000000000       DC8 0, 0, 0, 0, 0, 0, 0, 0, 0, 0
   \              00000000    
   \   000009EC   000000000000       DC8 0, 0, 0, 0, 0, 0, 0, 0, 0, 0
   \              00000000    
   \   000009F6   000000000000       DC8 0, 0, 0, 0, 0, 0, 0, 0, 0, 27
   \              0000001B    
   \   00000A00   1A1C00000000       DC8 26, 28, 0, 0, 0, 0, 0, 0, 0, 0
   \              00000000    
   \   00000A0A   000000000000       DC8 0, 0, 0, 0, 0, 0, 0, 0, 0, 0
   \              00000000    
   \   00000A14   000000000000       DC8 0, 0, 0, 0, 0, 0, 0, 0, 0, 0
   \              00000000    
   \   00000A1E   000000000000       DC8 0, 0, 0, 0, 0, 0, 0, 0, 0, 0
   \              00000000    
   \   00000A28   000000000000       DC8 0, 0, 0, 0, 0, 0, 0, 0, 0, 0
   \              00000000    
   \   00000A32   000000000000       DC8 0, 0, 0, 0, 0, 0, 0, 0, 0, 0
   \              00000000    
   \   00000A3C   000000000000       DC8 0, 0, 0, 0, 0, 0, 0, 0, 0, 0
   \              00000000    
   \   00000A46   000000000000       DC8 0, 0, 0, 0, 0, 0, 0, 0, 0, 27
   \              0000001B    
   \   00000A50   1A1B99101010       DC8 26, 27, 153, 16, 16, 16, 16, 16, 16, 16
   \              10101010    
   \   00000A5A   101010101010       DC8 16, 16, 16, 16, 16, 16, 16, 16, 16, 16
   \              10101010    
   \   00000A64   101010101010       DC8 16, 16, 16, 16, 16, 16, 16, 16, 16, 16
   \              10101010    
   \   00000A6E   101010101010       DC8 16, 16, 16, 16, 16, 16, 16, 16, 16, 16
   \              10101010    
   \   00000A78   101010101010       DC8 16, 16, 16, 16, 16, 16, 16, 16, 16, 16
   \              10101010    
   \   00000A82   101010101010       DC8 16, 16, 16, 16, 16, 16, 16, 16, 16, 16
   \              10101010    
   \   00000A8C   101010101010       DC8 16, 16, 16, 16, 16, 16, 16, 16, 16, 16
   \              10101010    
   \   00000A96   101010101010       DC8 16, 16, 16, 16, 16, 16, 16, 16, 154, 142
   \              10109A8E    
   \   00000AA0   3D82250B0B0B       DC8 61, 130, 37, 11, 11, 11, 11, 11, 11, 11
   \              0B0B0B0B    
   \   00000AAA   0B0B0B0B0B0B       DC8 11, 11, 11, 11, 11, 11, 11, 11, 11, 11
   \              0B0B0B0B    
   \   00000AB4   0B0B0B0B0B0B       DC8 11, 11, 11, 11, 11, 11, 11, 11, 11, 11
   \              0B0B0B0B    
   \   00000ABE   0B0B0B0B0B0B       DC8 11, 11, 11, 11, 11, 11, 11, 11, 11, 11
   \              0B0B0B0B    
   \   00000AC8   0B0B0B0B0B0B       DC8 11, 11, 11, 11, 11, 11, 11, 11, 11, 11
   \              0B0B0B0B    
   \   00000AD2   0B0B0B0B0B0B       DC8 11, 11, 11, 11, 11, 11, 11, 11, 11, 11
   \              0B0B0B0B    
   \   00000ADC   0B0B0B0B0B0B       DC8 11, 11, 11, 11, 11, 11, 11, 11, 11, 11
   \              0B0B0B0B    
   \   00000AE6   0B0B0B0B0B0B       DC8 11, 11, 11, 11, 11, 11, 11, 11, 146, 104
   \              0B0B9268    
   \   00000AF0   2E6381010101       DC8 46, 99, 129, 1, 1, 1, 1, 1, 1, 1
   \              01010101    
   \   00000AFA   010101010101       DC8 1, 1, 1, 1, 1, 1, 1, 1, 1, 1
   \              01010101    
   \   00000B04   010101010101       DC8 1, 1, 1, 1, 1, 1, 1, 1, 1, 1
   \              01010101    
   \   00000B0E   010101010101       DC8 1, 1, 1, 1, 1, 1, 1, 1, 1, 1
   \              01010101    
   \   00000B18   010101010101       DC8 1, 1, 1, 1, 1, 1, 1, 1, 1, 1
   \              01010101    
   \   00000B22   010101010101       DC8 1, 1, 1, 1, 1, 1, 1, 1, 1, 1
   \              01010101    
   \   00000B2C   010101010101       DC8 1, 1, 1, 1, 1, 1, 1, 1, 1, 1
   \              01010101    
   \   00000B36   010101010101       DC8 1, 1, 1, 1, 1, 1, 1, 1, 133, 85
   \              01018555    
   \   00000B40   194379231111       DC8 25, 67, 121, 35, 17, 17, 17, 17, 17, 17
   \              11111111    
   \   00000B4A   111111111111       DC8 17, 17, 17, 17, 17, 17, 17, 17, 17, 17
   \              11111111    
   \   00000B54   111111111111       DC8 17, 17, 17, 17, 17, 17, 17, 17, 17, 17
   \              11111111    
   \   00000B5E   111111111111       DC8 17, 17, 17, 17, 17, 17, 17, 17, 17, 17
   \              11111111    
   \   00000B68   111111111111       DC8 17, 17, 17, 17, 17, 17, 17, 17, 17, 17
   \              11111111    
   \   00000B72   111111111111       DC8 17, 17, 17, 17, 17, 17, 17, 17, 17, 17
   \              11111111    
   \   00000B7C   111111111111       DC8 17, 17, 17, 17, 17, 17, 17, 17, 17, 17
   \              11111111    
   \   00000B86   111111111111       DC8 17, 17, 17, 17, 17, 17, 17, 35, 1, 60
   \              1123013C    
   \   00000B90   192A52225C12       DC8 25, 42, 82, 34, 92, 18, 18, 18, 18, 18
   \              12121212    
   \   00000B9A   121212121212       DC8 18, 18, 18, 18, 18, 18, 18, 18, 18, 18
   \              12121212    
   \   00000BA4   121212121212       DC8 18, 18, 18, 18, 18, 18, 18, 18, 18, 18
   \              12121212    
   \   00000BAE   121212121212       DC8 18, 18, 18, 18, 18, 18, 18, 18, 18, 18
   \              12121212    
   \   00000BB8   121212121212       DC8 18, 18, 18, 18, 18, 18, 18, 18, 18, 18
   \              12121212    
   \   00000BC2   121212121212       DC8 18, 18, 18, 18, 18, 18, 18, 18, 18, 18
   \              12121212    
   \   00000BCC   121212121212       DC8 18, 18, 18, 18, 18, 18, 18, 18, 18, 18
   \              12121212    
   \   00000BD6   121212121212       DC8 18, 18, 18, 18, 18, 18, 93, 34, 79, 38
   \              5D224F26    
   \   00000BE0   19192C485A20       DC8 25, 25, 44, 72, 90, 32, 22, 22, 22, 22
   \              16161616    
   \   00000BEA   161616161616       DC8 22, 22, 22, 22, 22, 22, 22, 22, 22, 22
   \              16161616    
   \   00000BF4   161616161616       DC8 22, 22, 22, 22, 22, 22, 22, 22, 22, 22
   \              16161616    
   \   00000BFE   161616161616       DC8 22, 22, 22, 22, 22, 22, 22, 22, 22, 22
   \              16161616    
   \   00000C08   161616161616       DC8 22, 22, 22, 22, 22, 22, 22, 22, 22, 22
   \              16161616    
   \   00000C12   161616161616       DC8 22, 22, 22, 22, 22, 22, 22, 22, 22, 22
   \              16161616    
   \   00000C1C   161616161616       DC8 22, 22, 22, 22, 22, 22, 22, 22, 22, 22
   \              16161616    
   \   00000C26   161616165B20       DC8 22, 22, 22, 22, 91, 32, 86, 64, 40, 25
   \              56402819    
   \   00000C30   1919191D2F38       DC8 25, 25, 25, 29, 47, 56, 63, 31, 24, 24
   \              3F1F1818    
   \   00000C3A   181818181818       DC8 24, 24, 24, 24, 24, 24, 24, 24, 24, 24
   \              18181818    
   \   00000C44   181818181818       DC8 24, 24, 24, 24, 24, 24, 24, 24, 24, 24
   \              18181818    
   \   00000C4E   181818181818       DC8 24, 24, 24, 24, 24, 24, 24, 24, 24, 24
   \              18181818    
   \   00000C58   181818181818       DC8 24, 24, 24, 24, 24, 24, 24, 24, 24, 24
   \              18181818    
   \   00000C62   181818181818       DC8 24, 24, 24, 24, 24, 24, 24, 24, 24, 24
   \              18181818    
   \   00000C6C   181818181818       DC8 24, 24, 24, 24, 24, 24, 24, 24, 24, 24
   \              18181818    
   \   00000C76   1818181F3E37       DC8 24, 24, 24, 31, 62, 55, 45, 25, 25, 25
   \              2D191919    
     89            0x19, 0x19, 0x19, 0x19, 0x29, 0x31, 0x3A, 0x1E, 0x17, 0x17, 0x17, 0x17, 0x17, 0x17, 0x17, 0x17, 0x17, 0x17, 0x17, 0x17, 0x17, 0x17, 0x17, 0x17, 0x17, 0x17, 0x17, 0x17, 0x17, 0x17, 0x17, 0x17, 0x17, 0x17, 0x17, 0x17, 0x17, 0x17, 0x17, 0x17, 0x17, 0x17, 
     90                  0x17, 0x17, 0x17, 0x17, 0x17, 0x17, 0x17, 0x17, 0x17, 0x17, 0x17, 0x17, 0x17, 0x17, 0x17, 0x17, 0x17, 0x17, 0x17, 0x17, 0x17, 0x17, 0x17, 0x17, 0x17, 0x17, 0x17, 0x17, 0x17, 0x17, 0x17, 0x1E, 0x39, 0x30, 0x27, 0x19, 0x19, 0x19,
     91            0x19, 0x19, 0x19, 0x36, 0x54, 0x59, 0x15, 0x15, 0x15, 0x15, 0x15, 0x15, 0x15, 0x15, 0x15, 0x15, 0x15, 0x15, 0x15, 0x15, 0x15, 0x15, 0x15, 0x15, 0x15, 0x15, 0x15, 0x15, 0x15, 0x15, 0x15, 0x15, 0x15, 0x15, 0x15, 0x15, 0x15, 0x15, 0x15, 0x15, 0x15, 0x15, 
     92                  0x15, 0x15, 0x15, 0x15, 0x15, 0x15, 0x15, 0x15, 0x15, 0x15, 0x15, 0x15, 0x15, 0x15, 0x15, 0x15, 0x15, 0x15, 0x15, 0x15, 0x15, 0x15, 0x15, 0x15, 0x15, 0x15, 0x15, 0x15, 0x15, 0x15, 0x15, 0x15, 0x15, 0x58, 0x51, 0x33, 0x19, 0x19,
     93            0x19, 0x1D, 0x41, 0x75, 0x71, 0x13, 0x13, 0x13, 0x13, 0x13, 0x13, 0x13, 0x13, 0x13, 0x13, 0x13, 0x13, 0x13, 0x13, 0x13, 0x13, 0x13, 0x13, 0x13, 0x13, 0x13, 0x13, 0x13, 0x13, 0x13, 0x13, 0x13, 0x13, 0x13, 0x13, 0x13, 0x13, 0x13, 0x13, 0x13, 0x13, 0x13, 
     94                  0x13, 0x13, 0x13, 0x13, 0x13, 0x13, 0x13, 0x13, 0x13, 0x13, 0x13, 0x13, 0x13, 0x13, 0x13, 0x13, 0x13, 0x13, 0x13, 0x13, 0x13, 0x13, 0x13, 0x13, 0x13, 0x13, 0x13, 0x13, 0x13, 0x13, 0x13, 0x13, 0x13, 0x13, 0x72, 0x62, 0x3B, 0x19,
     95            0x19, 0x35, 0x76, 0x60, 0x21, 0x14, 0x14, 0x14, 0x14, 0x14, 0x14, 0x14, 0x14, 0x14, 0x14, 0x14, 0x14, 0x14, 0x14, 0x14, 0x14, 0x14, 0x14, 0x14, 0x14, 0x14, 0x14, 0x14, 0x14, 0x14, 0x14, 0x14, 0x14, 0x14, 0x14, 0x14, 0x14, 0x14, 0x14, 0x14, 0x14, 0x14, 
     96                  0x14, 0x14, 0x14, 0x14, 0x14, 0x14, 0x14, 0x14, 0x14, 0x14, 0x14, 0x14, 0x14, 0x14, 0x14, 0x14, 0x14, 0x14, 0x14, 0x14, 0x14, 0x14, 0x14, 0x14, 0x14, 0x14, 0x14, 0x14, 0x14, 0x14, 0x14, 0x14, 0x14, 0x14, 0x21, 0x6F, 0x61, 0x32,
     97            0x2B, 0x53, 0x73, 0x03, 0x03, 0x03, 0x03, 0x03, 0x03, 0x03, 0x03, 0x03, 0x03, 0x03, 0x03, 0x03, 0x03, 0x03, 0x03, 0x03, 0x03, 0x03, 0x03, 0x03, 0x03, 0x03, 0x03, 0x03, 0x03, 0x03, 0x03, 0x03, 0x03, 0x03, 0x03, 0x03, 0x03, 0x03, 0x03, 0x03, 0x03, 0x03, 
     98                  0x03, 0x03, 0x03, 0x03, 0x03, 0x03, 0x03, 0x03, 0x03, 0x03, 0x03, 0x03, 0x03, 0x03, 0x03, 0x03, 0x03, 0x03, 0x03, 0x03, 0x03, 0x03, 0x03, 0x03, 0x03, 0x03, 0x03, 0x03, 0x03, 0x03, 0x03, 0x03, 0x03, 0x03, 0x03, 0x03, 0x77, 0x50,
     99            0x34, 0x5F, 0x70, 0x07, 0x07, 0x07, 0x07, 0x07, 0x07, 0x07, 0x07, 0x07, 0x07, 0x07, 0x07, 0x07, 0x07, 0x07, 0x07, 0x07, 0x07, 0x07, 0x07, 0x07, 0x07, 0x07, 0x07, 0x07, 0x07, 0x07, 0x07, 0x07, 0x07, 0x07, 0x07, 0x07, 0x07, 0x07, 0x07, 0x07, 0x07, 0x07, 
    100                  0x07, 0x07, 0x07, 0x07, 0x07, 0x07, 0x07, 0x07, 0x07, 0x07, 0x07, 0x07, 0x07, 0x07, 0x07, 0x07, 0x07, 0x07, 0x07, 0x07, 0x07, 0x07, 0x07, 0x07, 0x07, 0x07, 0x07, 0x07, 0x07, 0x07, 0x07, 0x07, 0x07, 0x07, 0x07, 0x07, 0x74, 0x57,
    101            0x42, 0x64, 0x24, 0x04, 0x04, 0x04, 0x04, 0x04, 0x04, 0x04, 0x04, 0x04, 0x04, 0x04, 0x04, 0x04, 0x04, 0x04, 0x04, 0x04, 0x04, 0x04, 0x04, 0x04, 0x04, 0x04, 0x04, 0x04, 0x04, 0x04, 0x04, 0x04, 0x04, 0x04, 0x04, 0x04, 0x04, 0x04, 0x04, 0x04, 0x04, 0x04, 
    102                  0x04, 0x04, 0x04, 0x04, 0x04, 0x04, 0x04, 0x04, 0x04, 0x04, 0x04, 0x04, 0x04, 0x04, 0x04, 0x04, 0x04, 0x04, 0x04, 0x04, 0x04, 0x04, 0x04, 0x04, 0x04, 0x04, 0x04, 0x04, 0x04, 0x04, 0x04, 0x04, 0x04, 0x04, 0x04, 0x04, 0x24, 0x5E,
    103            0x45, 0x66, 0x6D, 0x05, 0x05, 0x05, 0x05, 0x05, 0x05, 0x05, 0x05, 0x05, 0x05, 0x05, 0x05, 0x05, 0x05, 0x05, 0x05, 0x05, 0x05, 0x05, 0x05, 0x05, 0x05, 0x05, 0x05, 0x05, 0x05, 0x05, 0x05, 0x05, 0x05, 0x05, 0x05, 0x05, 0x05, 0x05, 0x05, 0x05, 0x05, 0x05, 
    104                  0x05, 0x05, 0x05, 0x05, 0x05, 0x05, 0x05, 0x05, 0x05, 0x05, 0x05, 0x05, 0x05, 0x05, 0x05, 0x05, 0x05, 0x05, 0x05, 0x05, 0x05, 0x05, 0x05, 0x05, 0x05, 0x05, 0x05, 0x05, 0x05, 0x05, 0x05, 0x05, 0x05, 0x05, 0x05, 0x05, 0x6E, 0x65,
    105            0x44, 0x6A, 0x7D, 0x06, 0x06, 0x06, 0x06, 0x06, 0x06, 0x06, 0x06, 0x06, 0x06, 0x06, 0x06, 0x06, 0x06, 0x06, 0x06, 0x06, 0x06, 0x06, 0x06, 0x06, 0x06, 0x06, 0x06, 0x06, 0x06, 0x06, 0x06, 0x06, 0x06, 0x06, 0x06, 0x06, 0x06, 0x06, 0x06, 0x06, 0x06, 0x06, 
    106                  0x06, 0x06, 0x06, 0x06, 0x06, 0x06, 0x06, 0x06, 0x06, 0x06, 0x06, 0x06, 0x06, 0x06, 0x06, 0x06, 0x06, 0x06, 0x06, 0x06, 0x06, 0x06, 0x06, 0x06, 0x06, 0x06, 0x06, 0x06, 0x06, 0x06, 0x06, 0x06, 0x06, 0x06, 0x06, 0x06, 0x7E, 0x67,
    107            0x46, 0x6C, 0x7F, 0x08, 0x08, 0x08, 0x08, 0x08, 0x08, 0x08, 0x08, 0x08, 0x08, 0x08, 0x08, 0x08, 0x08, 0x08, 0x08, 0x08, 0x08, 0x08, 0x08, 0x08, 0x08, 0x08, 0x08, 0x08, 0x08, 0x08, 0x08, 0x08, 0x08, 0x08, 0x08, 0x08, 0x08, 0x08, 0x08, 0x08, 0x08, 0x08, 
    108                  0x08, 0x08, 0x08, 0x08, 0x08, 0x08, 0x08, 0x08, 0x08, 0x08, 0x08, 0x08, 0x08, 0x08, 0x08, 0x08, 0x08, 0x08, 0x08, 0x08, 0x08, 0x08, 0x08, 0x08, 0x08, 0x08, 0x08, 0x08, 0x08, 0x08, 0x08, 0x08, 0x08, 0x08, 0x08, 0x08, 0x80, 0x69,
    109            0x47, 0x7C, 0x8A, 0x0A, 0x0A, 0x0A, 0x0A, 0x0A, 0x0A, 0x0A, 0x0A, 0x0A, 0x0A, 0x0A, 0x0A, 0x0A, 0x0A, 0x0A, 0x0A, 0x0A, 0x0A, 0x0A, 0x0A, 0x0A, 0x0A, 0x0A, 0x0A, 0x0A, 0x0A, 0x0A, 0x0A, 0x0A, 0x0A, 0x0A, 0x0A, 0x0A, 0x0A, 0x0A, 0x0A, 0x0A, 0x0A, 0x0A, 
    110                  0x0A, 0x0A, 0x0A, 0x0A, 0x0A, 0x0A, 0x0A, 0x0A, 0x0A, 0x0A, 0x0A, 0x0A, 0x0A, 0x0A, 0x0A, 0x0A, 0x0A, 0x0A, 0x0A, 0x0A, 0x0A, 0x0A, 0x0A, 0x0A, 0x0A, 0x0A, 0x0A, 0x0A, 0x0A, 0x0A, 0x0A, 0x0A, 0x0A, 0x0A, 0x0A, 0x0A, 0x8B, 0x6B,
    111            0x4A, 0x7B, 0x88, 0x09, 0x09, 0x09, 0x09, 0x09, 0x09, 0x09, 0x09, 0x09, 0x09, 0x09, 0x09, 0x09, 0x09, 0x09, 0x09, 0x09, 0x09, 0x09, 0x09, 0x09, 0x09, 0x09, 0x09, 0x09, 0x09, 0x09, 0x09, 0x09, 0x09, 0x09, 0x09, 0x09, 0x09, 0x09, 0x09, 0x09, 0x09, 0x09, 
    112                  0x09, 0x09, 0x09, 0x09, 0x09, 0x09, 0x09, 0x09, 0x09, 0x09, 0x09, 0x09, 0x09, 0x09, 0x09, 0x09, 0x09, 0x09, 0x09, 0x09, 0x09, 0x09, 0x09, 0x09, 0x09, 0x09, 0x09, 0x09, 0x09, 0x09, 0x09, 0x09, 0x09, 0x09, 0x09, 0x09, 0x89, 0x78,
    113            0x49, 0x83, 0x8F, 0x0C, 0x0C, 0x0C, 0x0C, 0x0C, 0x0C, 0x0C, 0x0C, 0x0C, 0x0C, 0x0C, 0x0C, 0x0C, 0x0C, 0x0C, 0x0C, 0x0C, 0x0C, 0x0C, 0x0C, 0x0C, 0x0C, 0x0C, 0x0C, 0x0C, 0x0C, 0x0C, 0x0C, 0x0C, 0x0C, 0x0C, 0x0C, 0x0C, 0x0C, 0x0C, 0x0C, 0x0C, 0x0C, 0x0C, 
    114                  0x0C, 0x0C, 0x0C, 0x0C, 0x0C, 0x0C, 0x0C, 0x0C, 0x0C, 0x0C, 0x0C, 0x0C, 0x0C, 0x0C, 0x0C, 0x0C, 0x0C, 0x0C, 0x0C, 0x0C, 0x0C, 0x0C, 0x0C, 0x0C, 0x0C, 0x0C, 0x0C, 0x0C, 0x0C, 0x0C, 0x0C, 0x0C, 0x0C, 0x0C, 0x0C, 0x0C, 0x90, 0x7A,
    115            0x4B, 0x87, 0x94, 0x0D, 0x0D, 0x0D, 0x0D, 0x0D, 0x0D, 0x0D, 0x0D, 0x0D, 0x0D, 0x0D, 0x0D, 0x0D, 0x0D, 0x0D, 0x0D, 0x0D, 0x0D, 0x0D, 0x0D, 0x0D, 0x0D, 0x0D, 0x0D, 0x0D, 0x0D, 0x0D, 0x0D, 0x0D, 0x0D, 0x0D, 0x0D, 0x0D, 0x0D, 0x0D, 0x0D, 0x0D, 0x0D, 0x0D, 
    116                  0x0D, 0x0D, 0x0D, 0x0D, 0x0D, 0x0D, 0x0D, 0x0D, 0x0D, 0x0D, 0x0D, 0x0D, 0x0D, 0x0D, 0x0D, 0x0D, 0x0D, 0x0D, 0x0D, 0x0D, 0x0D, 0x0D, 0x0D, 0x0D, 0x0D, 0x0D, 0x0D, 0x0D, 0x0D, 0x0D, 0x0D, 0x0D, 0x0D, 0x0D, 0x0D, 0x0D, 0x95, 0x84,
    117            0x4C, 0x8D, 0x96, 0x0E, 0x0E, 0x0E, 0x0E, 0x0E, 0x0E, 0x0E, 0x0E, 0x0E, 0x0E, 0x0E, 0x0E, 0x0E, 0x0E, 0x0E, 0x0E, 0x0E, 0x0E, 0x0E, 0x0E, 0x0E, 0x0E, 0x0E, 0x0E, 0x0E, 0x0E, 0x0E, 0x0E, 0x0E, 0x0E, 0x0E, 0x0E, 0x0E, 0x0E, 0x0E, 0x0E, 0x0E, 0x0E, 0x0E, 
    118                  0x0E, 0x0E, 0x0E, 0x0E, 0x0E, 0x0E, 0x0E, 0x0E, 0x0E, 0x0E, 0x0E, 0x0E, 0x0E, 0x0E, 0x0E, 0x0E, 0x0E, 0x0E, 0x0E, 0x0E, 0x0E, 0x0E, 0x0E, 0x0E, 0x0E, 0x0E, 0x0E, 0x0E, 0x0E, 0x0E, 0x0E, 0x0E, 0x0E, 0x0E, 0x0E, 0x0E, 0x97, 0x86,
    119            0x4D, 0x91, 0x98, 0x0F, 0x0F, 0x0F, 0x0F, 0x0F, 0x0F, 0x0F, 0x0F, 0x0F, 0x0F, 0x0F, 0x0F, 0x0F, 0x0F, 0x0F, 0x0F, 0x0F, 0x0F, 0x0F, 0x0F, 0x0F, 0x0F, 0x0F, 0x0F, 0x0F, 0x0F, 0x0F, 0x0F, 0x0F, 0x0F, 0x0F, 0x0F, 0x0F, 0x0F, 0x0F, 0x0F, 0x0F, 0x0F, 0x0F, 
    120                  0x0F, 0x0F, 0x0F, 0x0F, 0x0F, 0x0F, 0x0F, 0x0F, 0x0F, 0x0F, 0x0F, 0x0F, 0x0F, 0x0F, 0x0F, 0x0F, 0x0F, 0x0F, 0x0F, 0x0F, 0x0F, 0x0F, 0x0F, 0x0F, 0x0F, 0x0F, 0x0F, 0x0F, 0x0F, 0x0F, 0x0F, 0x0F, 0x0F, 0x0F, 0x0F, 0x0F, 0x02, 0x8C,
    121            0x4E, 0x93, 0x9B, 0x02, 0x02, 0x02, 0x02, 0x02, 0x02, 0x02, 0x02, 0x02, 0x02, 0x02, 0x02, 0x02, 0x02, 0x02, 0x02, 0x02, 0x02, 0x02, 0x02, 0x02, 0x02, 0x02, 0x02, 0x02, 0x02, 0x02, 0x02, 0x02, 0x02, 0x02, 0x02, 0x02, 0x02, 0x02, 0x02, 0x02, 0x02, 0x02, 
    122                  0x02, 0x02, 0x02, 0x02, 0x02, 0x02, 0x02, 0x02, 0x02, 0x02, 0x02, 0x02, 0x02, 0x02, 0x02, 0x02, 0x02, 0x02, 0x02, 0x02, 0x02, 0x02, 0x02, 0x02, 0x02, 0x02, 0x02, 0x02, 0x02, 0x02, 0x02, 0x02, 0x02, 0x02, 0x02, 0x02, 0x9C, 0x25,
    123            0x1A, 0x1C, 0x00, 0x00, 0x00, 0x00, 0x00, 0x00, 0x00, 0x00, 0x00, 0x00, 0x00, 0x00, 0x00, 0x00, 0x00, 0x00, 0x00, 0x00, 0x00, 0x00, 0x00, 0x00, 0x00, 0x00, 0x00, 0x00, 0x00, 0x00, 0x00, 0x00, 0x00, 0x00, 0x00, 0x00, 0x00, 0x00, 0x00, 0x00, 0x00, 0x00, 
    124                  0x00, 0x00, 0x00, 0x00, 0x00, 0x00, 0x00, 0x00, 0x00, 0x00, 0x00, 0x00, 0x00, 0x00, 0x00, 0x00, 0x00, 0x00, 0x00, 0x00, 0x00, 0x00, 0x00, 0x00, 0x00, 0x00, 0x00, 0x00, 0x00, 0x00, 0x00, 0x00, 0x00, 0x00, 0x00, 0x00, 0x00, 0x1B,
    125            0x1A, 0x1C, 0x00, 0x00, 0x00, 0x00, 0x00, 0x00, 0x00, 0x00, 0x00, 0x00, 0x00, 0x00, 0x00, 0x00, 0x00, 0x00, 0x00, 0x00, 0x00, 0x00, 0x00, 0x00, 0x00, 0x00, 0x00, 0x00, 0x00, 0x00, 0x00, 0x00, 0x00, 0x00, 0x00, 0x00, 0x00, 0x00, 0x00, 0x00, 0x00, 0x00, 
    126                  0x00, 0x00, 0x00, 0x00, 0x00, 0x00, 0x00, 0x00, 0x00, 0x00, 0x00, 0x00, 0x00, 0x00, 0x00, 0x00, 0x00, 0x00, 0x00, 0x00, 0x00, 0x00, 0x00, 0x00, 0x00, 0x00, 0x00, 0x00, 0x00, 0x00, 0x00, 0x00, 0x00, 0x00, 0x00, 0x00, 0x00, 0x1B,
    127            0x1A, 0x1C, 0x00, 0x00, 0x00, 0x00, 0x00, 0x00, 0x00, 0x00, 0x00, 0x00, 0x00, 0x00, 0x00, 0x00, 0x00, 0x00, 0x00, 0x00, 0x00, 0x00, 0x00, 0x00, 0x00, 0x00, 0x00, 0x00, 0x00, 0x00, 0x00, 0x00, 0x00, 0x00, 0x00, 0x00, 0x00, 0x00, 0x00, 0x00, 0x00, 0x00, 
    128                  0x00, 0x00, 0x00, 0x00, 0x00, 0x00, 0x00, 0x00, 0x00, 0x00, 0x00, 0x00, 0x00, 0x00, 0x00, 0x00, 0x00, 0x00, 0x00, 0x00, 0x00, 0x00, 0x00, 0x00, 0x00, 0x00, 0x00, 0x00, 0x00, 0x00, 0x00, 0x00, 0x00, 0x00, 0x00, 0x00, 0x00, 0x1B,
    129            0x1A, 0x1C, 0x00, 0x00, 0x00, 0x00, 0x00, 0x00, 0x00, 0x00, 0x00, 0x00, 0x00, 0x00, 0x00, 0x00, 0x00, 0x00, 0x00, 0x00, 0x00, 0x00, 0x00, 0x00, 0x00, 0x00, 0x00, 0x00, 0x00, 0x00, 0x00, 0x00, 0x00, 0x00, 0x00, 0x00, 0x00, 0x00, 0x00, 0x00, 0x00, 0x00, 
    130                  0x00, 0x00, 0x00, 0x00, 0x00, 0x00, 0x00, 0x00, 0x00, 0x00, 0x00, 0x00, 0x00, 0x00, 0x00, 0x00, 0x00, 0x00, 0x00, 0x00, 0x00, 0x00, 0x00, 0x00, 0x00, 0x00, 0x00, 0x00, 0x00, 0x00, 0x00, 0x00, 0x00, 0x00, 0x00, 0x00, 0x00, 0x1B,
    131            0x1A, 0x1C, 0x00, 0x00, 0x00, 0x00, 0x00, 0x00, 0x00, 0x00, 0x00, 0x00, 0x00, 0x00, 0x00, 0x00, 0x00, 0x00, 0x00, 0x00, 0x00, 0x00, 0x00, 0x00, 0x00, 0x00, 0x00, 0x00, 0x00, 0x00, 0x00, 0x00, 0x00, 0x00, 0x00, 0x00, 0x00, 0x00, 0x00, 0x00, 0x00, 0x00, 
    132                  0x00, 0x00, 0x00, 0x00, 0x00, 0x00, 0x00, 0x00, 0x00, 0x00, 0x00, 0x00, 0x00, 0x00, 0x00, 0x00, 0x00, 0x00, 0x00, 0x00, 0x00, 0x00, 0x00, 0x00, 0x00, 0x00, 0x00, 0x00, 0x00, 0x00, 0x00, 0x00, 0x00, 0x00, 0x00, 0x00, 0x00, 0x1B,
    133            0x1A, 0x1C, 0x00, 0x00, 0x00, 0x00, 0x00, 0x00, 0x00, 0x00, 0x00, 0x00, 0x00, 0x00, 0x00, 0x00, 0x00, 0x00, 0x00, 0x00, 0x00, 0x00, 0x00, 0x00, 0x00, 0x00, 0x00, 0x00, 0x00, 0x00, 0x00, 0x00, 0x00, 0x00, 0x00, 0x00, 0x00, 0x00, 0x00, 0x00, 0x00, 0x00, 
    134                  0x00, 0x00, 0x00, 0x00, 0x00, 0x00, 0x00, 0x00, 0x00, 0x00, 0x00, 0x00, 0x00, 0x00, 0x00, 0x00, 0x00, 0x00, 0x00, 0x00, 0x00, 0x00, 0x00, 0x00, 0x00, 0x00, 0x00, 0x00, 0x00, 0x00, 0x00, 0x00, 0x00, 0x00, 0x00, 0x00, 0x00, 0x1B,
    135            0x1A, 0x1C, 0x00, 0x00, 0x00, 0x00, 0x00, 0x00, 0x00, 0x00, 0x00, 0x00, 0x00, 0x00, 0x00, 0x00, 0x00, 0x00, 0x00, 0x00, 0x00, 0x00, 0x00, 0x00, 0x00, 0x00, 0x00, 0x00, 0x00, 0x00, 0x00, 0x00, 0x00, 0x00, 0x00, 0x00, 0x00, 0x00, 0x00, 0x00, 0x00, 0x00, 
    136                  0x00, 0x00, 0x00, 0x00, 0x00, 0x00, 0x00, 0x00, 0x00, 0x00, 0x00, 0x00, 0x00, 0x00, 0x00, 0x00, 0x00, 0x00, 0x00, 0x00, 0x00, 0x00, 0x00, 0x00, 0x00, 0x00, 0x00, 0x00, 0x00, 0x00, 0x00, 0x00, 0x00, 0x00, 0x00, 0x00, 0x00, 0x1B,
    137            0x1A, 0x1C, 0x00, 0x00, 0x00, 0x00, 0x00, 0x00, 0x00, 0x00, 0x00, 0x00, 0x00, 0x00, 0x00, 0x00, 0x00, 0x00, 0x00, 0x00, 0x00, 0x00, 0x00, 0x00, 0x00, 0x00, 0x00, 0x00, 0x00, 0x00, 0x00, 0x00, 0x00, 0x00, 0x00, 0x00, 0x00, 0x00, 0x00, 0x00, 0x00, 0x00, 
    138                  0x00, 0x00, 0x00, 0x00, 0x00, 0x00, 0x00, 0x00, 0x00, 0x00, 0x00, 0x00, 0x00, 0x00, 0x00, 0x00, 0x00, 0x00, 0x00, 0x00, 0x00, 0x00, 0x00, 0x00, 0x00, 0x00, 0x00, 0x00, 0x00, 0x00, 0x00, 0x00, 0x00, 0x00, 0x00, 0x00, 0x00, 0x1B,
    139            0x1A, 0x1C, 0x00, 0x00, 0x00, 0x00, 0x00, 0x00, 0x00, 0x00, 0x00, 0x00, 0x00, 0x00, 0x00, 0x00, 0x00, 0x00, 0x00, 0x00, 0x00, 0x00, 0x00, 0x00, 0x00, 0x00, 0x00, 0x00, 0x00, 0x00, 0x00, 0x00, 0x00, 0x00, 0x00, 0x00, 0x00, 0x00, 0x00, 0x00, 0x00, 0x00, 
    140                  0x00, 0x00, 0x00, 0x00, 0x00, 0x00, 0x00, 0x00, 0x00, 0x00, 0x00, 0x00, 0x00, 0x00, 0x00, 0x00, 0x00, 0x00, 0x00, 0x00, 0x00, 0x00, 0x00, 0x00, 0x00, 0x00, 0x00, 0x00, 0x00, 0x00, 0x00, 0x00, 0x00, 0x00, 0x00, 0x00, 0x00, 0x1B,
    141            0x1A, 0x1C, 0x00, 0x00, 0x00, 0x00, 0x00, 0x00, 0x00, 0x00, 0x00, 0x00, 0x00, 0x00, 0x00, 0x00, 0x00, 0x00, 0x00, 0x00, 0x00, 0x00, 0x00, 0x00, 0x00, 0x00, 0x00, 0x00, 0x00, 0x00, 0x00, 0x00, 0x00, 0x00, 0x00, 0x00, 0x00, 0x00, 0x00, 0x00, 0x00, 0x00, 
    142                  0x00, 0x00, 0x00, 0x00, 0x00, 0x00, 0x00, 0x00, 0x00, 0x00, 0x00, 0x00, 0x00, 0x00, 0x00, 0x00, 0x00, 0x00, 0x00, 0x00, 0x00, 0x00, 0x00, 0x00, 0x00, 0x00, 0x00, 0x00, 0x00, 0x00, 0x00, 0x00, 0x00, 0x00, 0x00, 0x00, 0x00, 0x1B,
    143            0x1A, 0x1C, 0x00, 0x00, 0x00, 0x00, 0x00, 0x00, 0x00, 0x00, 0x00, 0x00, 0x00, 0x00, 0x00, 0x00, 0x00, 0x00, 0x00, 0x00, 0x00, 0x00, 0x00, 0x00, 0x00, 0x00, 0x00, 0x00, 0x00, 0x00, 0x00, 0x00, 0x00, 0x00, 0x00, 0x00, 0x00, 0x00, 0x00, 0x00, 0x00, 0x00, 
    144                  0x00, 0x00, 0x00, 0x00, 0x00, 0x00, 0x00, 0x00, 0x00, 0x00, 0x00, 0x00, 0x00, 0x00, 0x00, 0x00, 0x00, 0x00, 0x00, 0x00, 0x00, 0x00, 0x00, 0x00, 0x00, 0x00, 0x00, 0x00, 0x00, 0x00, 0x00, 0x00, 0x00, 0x00, 0x00, 0x00, 0x00, 0x1B,
    145            0x1A, 0x1C, 0x00, 0x00, 0x00, 0x00, 0x00, 0x00, 0x00, 0x00, 0x00, 0x00, 0x00, 0x00, 0x00, 0x00, 0x00, 0x00, 0x00, 0x00, 0x00, 0x00, 0x00, 0x00, 0x00, 0x00, 0x00, 0x00, 0x00, 0x00, 0x00, 0x00, 0x00, 0x00, 0x00, 0x00, 0x00, 0x00, 0x00, 0x00, 0x00, 0x00, 
    146                  0x00, 0x00, 0x00, 0x00, 0x00, 0x00, 0x00, 0x00, 0x00, 0x00, 0x00, 0x00, 0x00, 0x00, 0x00, 0x00, 0x00, 0x00, 0x00, 0x00, 0x00, 0x00, 0x00, 0x00, 0x00, 0x00, 0x00, 0x00, 0x00, 0x00, 0x00, 0x00, 0x00, 0x00, 0x00, 0x00, 0x00, 0x1B,
    147            0x1A, 0x1C, 0x00, 0x00, 0x00, 0x00, 0x00, 0x00, 0x00, 0x00, 0x00, 0x00, 0x00, 0x00, 0x00, 0x00, 0x00, 0x00, 0x00, 0x00, 0x00, 0x00, 0x00, 0x00, 0x00, 0x00, 0x00, 0x00, 0x00, 0x00, 0x00, 0x00, 0x00, 0x00, 0x00, 0x00, 0x00, 0x00, 0x00, 0x00, 0x00, 0x00, 
    148                  0x00, 0x00, 0x00, 0x00, 0x00, 0x00, 0x00, 0x00, 0x00, 0x00, 0x00, 0x00, 0x00, 0x00, 0x00, 0x00, 0x00, 0x00, 0x00, 0x00, 0x00, 0x00, 0x00, 0x00, 0x00, 0x00, 0x00, 0x00, 0x00, 0x00, 0x00, 0x00, 0x00, 0x00, 0x00, 0x00, 0x00, 0x1B,
    149            0x1A, 0x1C, 0x00, 0x00, 0x00, 0x00, 0x00, 0x00, 0x00, 0x00, 0x00, 0x00, 0x00, 0x00, 0x00, 0x00, 0x00, 0x00, 0x00, 0x00, 0x00, 0x00, 0x00, 0x00, 0x00, 0x00, 0x00, 0x00, 0x00, 0x00, 0x00, 0x00, 0x00, 0x00, 0x00, 0x00, 0x00, 0x00, 0x00, 0x00, 0x00, 0x00, 
    150                  0x00, 0x00, 0x00, 0x00, 0x00, 0x00, 0x00, 0x00, 0x00, 0x00, 0x00, 0x00, 0x00, 0x00, 0x00, 0x00, 0x00, 0x00, 0x00, 0x00, 0x00, 0x00, 0x00, 0x00, 0x00, 0x00, 0x00, 0x00, 0x00, 0x00, 0x00, 0x00, 0x00, 0x00, 0x00, 0x00, 0x00, 0x1B,
    151            0x1A, 0x1C, 0x00, 0x00, 0x00, 0x00, 0x00, 0x00, 0x00, 0x00, 0x00, 0x00, 0x00, 0x00, 0x00, 0x00, 0x00, 0x00, 0x00, 0x00, 0x00, 0x00, 0x00, 0x00, 0x00, 0x00, 0x00, 0x00, 0x00, 0x00, 0x00, 0x00, 0x00, 0x00, 0x00, 0x00, 0x00, 0x00, 0x00, 0x00, 0x00, 0x00, 
    152                  0x00, 0x00, 0x00, 0x00, 0x00, 0x00, 0x00, 0x00, 0x00, 0x00, 0x00, 0x00, 0x00, 0x00, 0x00, 0x00, 0x00, 0x00, 0x00, 0x00, 0x00, 0x00, 0x00, 0x00, 0x00, 0x00, 0x00, 0x00, 0x00, 0x00, 0x00, 0x00, 0x00, 0x00, 0x00, 0x00, 0x00, 0x1B,
    153            0x1A, 0x1C, 0x00, 0x00, 0x00, 0x00, 0x00, 0x00, 0x00, 0x00, 0x00, 0x00, 0x00, 0x00, 0x00, 0x00, 0x00, 0x00, 0x00, 0x00, 0x00, 0x00, 0x00, 0x00, 0x00, 0x00, 0x00, 0x00, 0x00, 0x00, 0x00, 0x00, 0x00, 0x00, 0x00, 0x00, 0x00, 0x00, 0x00, 0x00, 0x00, 0x00, 
    154                  0x00, 0x00, 0x00, 0x00, 0x00, 0x00, 0x00, 0x00, 0x00, 0x00, 0x00, 0x00, 0x00, 0x00, 0x00, 0x00, 0x00, 0x00, 0x00, 0x00, 0x00, 0x00, 0x00, 0x00, 0x00, 0x00, 0x00, 0x00, 0x00, 0x00, 0x00, 0x00, 0x00, 0x00, 0x00, 0x00, 0x00, 0x1B,
    155            0x1A, 0x1B, 0x99, 0x10, 0x10, 0x10, 0x10, 0x10, 0x10, 0x10, 0x10, 0x10, 0x10, 0x10, 0x10, 0x10, 0x10, 0x10, 0x10, 0x10, 0x10, 0x10, 0x10, 0x10, 0x10, 0x10, 0x10, 0x10, 0x10, 0x10, 0x10, 0x10, 0x10, 0x10, 0x10, 0x10, 0x10, 0x10, 0x10, 0x10, 0x10, 0x10, 
    156                  0x10, 0x10, 0x10, 0x10, 0x10, 0x10, 0x10, 0x10, 0x10, 0x10, 0x10, 0x10, 0x10, 0x10, 0x10, 0x10, 0x10, 0x10, 0x10, 0x10, 0x10, 0x10, 0x10, 0x10, 0x10, 0x10, 0x10, 0x10, 0x10, 0x10, 0x10, 0x10, 0x10, 0x10, 0x10, 0x10, 0x9A, 0x8E,
    157            0x3D, 0x82, 0x25, 0x0B, 0x0B, 0x0B, 0x0B, 0x0B, 0x0B, 0x0B, 0x0B, 0x0B, 0x0B, 0x0B, 0x0B, 0x0B, 0x0B, 0x0B, 0x0B, 0x0B, 0x0B, 0x0B, 0x0B, 0x0B, 0x0B, 0x0B, 0x0B, 0x0B, 0x0B, 0x0B, 0x0B, 0x0B, 0x0B, 0x0B, 0x0B, 0x0B, 0x0B, 0x0B, 0x0B, 0x0B, 0x0B, 0x0B, 
    158                  0x0B, 0x0B, 0x0B, 0x0B, 0x0B, 0x0B, 0x0B, 0x0B, 0x0B, 0x0B, 0x0B, 0x0B, 0x0B, 0x0B, 0x0B, 0x0B, 0x0B, 0x0B, 0x0B, 0x0B, 0x0B, 0x0B, 0x0B, 0x0B, 0x0B, 0x0B, 0x0B, 0x0B, 0x0B, 0x0B, 0x0B, 0x0B, 0x0B, 0x0B, 0x0B, 0x0B, 0x92, 0x68,
    159            0x2E, 0x63, 0x81, 0x01, 0x01, 0x01, 0x01, 0x01, 0x01, 0x01, 0x01, 0x01, 0x01, 0x01, 0x01, 0x01, 0x01, 0x01, 0x01, 0x01, 0x01, 0x01, 0x01, 0x01, 0x01, 0x01, 0x01, 0x01, 0x01, 0x01, 0x01, 0x01, 0x01, 0x01, 0x01, 0x01, 0x01, 0x01, 0x01, 0x01, 0x01, 0x01, 
    160                  0x01, 0x01, 0x01, 0x01, 0x01, 0x01, 0x01, 0x01, 0x01, 0x01, 0x01, 0x01, 0x01, 0x01, 0x01, 0x01, 0x01, 0x01, 0x01, 0x01, 0x01, 0x01, 0x01, 0x01, 0x01, 0x01, 0x01, 0x01, 0x01, 0x01, 0x01, 0x01, 0x01, 0x01, 0x01, 0x01, 0x85, 0x55,
    161            0x19, 0x43, 0x79, 0x23, 0x11, 0x11, 0x11, 0x11, 0x11, 0x11, 0x11, 0x11, 0x11, 0x11, 0x11, 0x11, 0x11, 0x11, 0x11, 0x11, 0x11, 0x11, 0x11, 0x11, 0x11, 0x11, 0x11, 0x11, 0x11, 0x11, 0x11, 0x11, 0x11, 0x11, 0x11, 0x11, 0x11, 0x11, 0x11, 0x11, 0x11, 0x11, 
    162                  0x11, 0x11, 0x11, 0x11, 0x11, 0x11, 0x11, 0x11, 0x11, 0x11, 0x11, 0x11, 0x11, 0x11, 0x11, 0x11, 0x11, 0x11, 0x11, 0x11, 0x11, 0x11, 0x11, 0x11, 0x11, 0x11, 0x11, 0x11, 0x11, 0x11, 0x11, 0x11, 0x11, 0x11, 0x11, 0x23, 0x01, 0x3C,
    163            0x19, 0x2A, 0x52, 0x22, 0x5C, 0x12, 0x12, 0x12, 0x12, 0x12, 0x12, 0x12, 0x12, 0x12, 0x12, 0x12, 0x12, 0x12, 0x12, 0x12, 0x12, 0x12, 0x12, 0x12, 0x12, 0x12, 0x12, 0x12, 0x12, 0x12, 0x12, 0x12, 0x12, 0x12, 0x12, 0x12, 0x12, 0x12, 0x12, 0x12, 0x12, 0x12, 
    164                  0x12, 0x12, 0x12, 0x12, 0x12, 0x12, 0x12, 0x12, 0x12, 0x12, 0x12, 0x12, 0x12, 0x12, 0x12, 0x12, 0x12, 0x12, 0x12, 0x12, 0x12, 0x12, 0x12, 0x12, 0x12, 0x12, 0x12, 0x12, 0x12, 0x12, 0x12, 0x12, 0x12, 0x12, 0x5D, 0x22, 0x4F, 0x26,
    165            0x19, 0x19, 0x2C, 0x48, 0x5A, 0x20, 0x16, 0x16, 0x16, 0x16, 0x16, 0x16, 0x16, 0x16, 0x16, 0x16, 0x16, 0x16, 0x16, 0x16, 0x16, 0x16, 0x16, 0x16, 0x16, 0x16, 0x16, 0x16, 0x16, 0x16, 0x16, 0x16, 0x16, 0x16, 0x16, 0x16, 0x16, 0x16, 0x16, 0x16, 0x16, 0x16, 
    166                  0x16, 0x16, 0x16, 0x16, 0x16, 0x16, 0x16, 0x16, 0x16, 0x16, 0x16, 0x16, 0x16, 0x16, 0x16, 0x16, 0x16, 0x16, 0x16, 0x16, 0x16, 0x16, 0x16, 0x16, 0x16, 0x16, 0x16, 0x16, 0x16, 0x16, 0x16, 0x16, 0x5B, 0x20, 0x56, 0x40, 0x28, 0x19,
    167            0x19, 0x19, 0x19, 0x1D, 0x2F, 0x38, 0x3F, 0x1F, 0x18, 0x18, 0x18, 0x18, 0x18, 0x18, 0x18, 0x18, 0x18, 0x18, 0x18, 0x18, 0x18, 0x18, 0x18, 0x18, 0x18, 0x18, 0x18, 0x18, 0x18, 0x18, 0x18, 0x18, 0x18, 0x18, 0x18, 0x18, 0x18, 0x18, 0x18, 0x18, 0x18, 0x18, 
    168                  0x18, 0x18, 0x18, 0x18, 0x18, 0x18, 0x18, 0x18, 0x18, 0x18, 0x18, 0x18, 0x18, 0x18, 0x18, 0x18, 0x18, 0x18, 0x18, 0x18, 0x18, 0x18, 0x18, 0x18, 0x18, 0x18, 0x18, 0x18, 0x18, 0x18, 0x18, 0x1F, 0x3E, 0x37, 0x2D, 0x19, 0x19, 0x19
    169          };
    170          

   \                                 In section .rodata, align 4, keep-with-next
    171          GUI_CONST_STORAGE GUI_BITMAP bmSmallRedButton = {
   \                     bmSmallRedButton:
   \   00000000                      ; Initializer data, 20 bytes
   \   00000000   500028005000       DC16 80, 40, 80, 8
   \              0800        
   \   00000008   ............       DC32 acSmallRedButton, PalSmallRedButton
   \              ....        
   \   00000010   00000000           DC8 0, 0, 0, 0
    172            80, /* XSize */
    173            40, /* YSize */
    174            80, /* BytesPerLine */
    175            8, /* BitsPerPixel */
    176            acSmallRedButton,  /* Pointer to picture data (indices) */
    177            &PalSmallRedButton  /* Pointer to palette */
    178          };
    179          
    180          /* *** End of file *** */


   Section sizes:

     Function/Label       Bytes
     --------------       -----
     ColorsSmallRedButton  628
     PalSmallRedButton      12
     acSmallRedButton     3200
     bmSmallRedButton       20

 
 3 860 bytes in section .rodata
 
 3 860 bytes of CONST memory

Errors: none
Warnings: none
