###############################################################################
#                                                                             #
# IAR ANSI C/C++ Compiler V6.10.2.52244/W32 for ARM     14/Jul/2015  19:02:03 #
# Copyright 1999-2010 IAR Systems AB.                                         #
#                                                                             #
#    Cpu mode     =  arm                                                      #
#    Endian       =  little                                                   #
#    Source file  =  C:\DUII\TargetHW\GUI\TEXT_SetTextColor.c                 #
#    Command line =  C:\DUII\TargetHW\GUI\TEXT_SetTextColor.c -D DEBUG=1 -D   #
#                    SDRAM_TARGET=1 -D USB_IS_HIGH_SPEED -D                   #
#                    XIGNORE_TEMPERATURE -D BUILD_DEBUG_PORT -D PROFILER      #
#                    -lCN C:\DUII\TargetHW\Output\AT91SAM9RL64\Debug_SDRAM\Li #
#                    st\ -o C:\DUII\TargetHW\Output\AT91SAM9RL64\Debug_SDRAM\ #
#                    Obj\ --debug --endian=little --cpu=ARM926EJ-S -e         #
#                    --fpu=None --dlib_config "C:\Program Files (x86)\IAR     #
#                    Systems\Embedded Workbench 6.0\arm\INC\c\DLib_Config_Ful #
#                    l.h" -I C:\DUII\TargetHW\Application\SEGGERDEMO\ -I      #
#                    C:\DUII\TargetHW\Application\SEGGERDEMO\Src\ -I          #
#                    C:\DUII\TargetHW\Config\ -I C:\DUII\TargetHW\FS\ -I      #
#                    C:\DUII\TargetHW\GUI\ -I C:\DUII\TargetHW\Inc\ -I        #
#                    C:\DUII\TargetHW\OS\ -I C:\DUII\TargetHW\Setup\ -I       #
#                    \DUII\DUII\ -I \DUII\DUII\Graphics\ -I PROFILER\         #
#                    --cpu_mode arm -Ohs --use_c++_inline                     #
#                    --require_prototypes                                     #
#    List file    =  C:\DUII\TargetHW\Output\AT91SAM9RL64\Debug_SDRAM\List\TE #
#                    XT_SetTextColor.lst                                      #
#    Object file  =  C:\DUII\TargetHW\Output\AT91SAM9RL64\Debug_SDRAM\Obj\TEX #
#                    T_SetTextColor.o                                         #
#                                                                             #
#                                                                             #
###############################################################################

C:\DUII\TargetHW\GUI\TEXT_SetTextColor.c
      1          /*********************************************************************
      2          *                SEGGER Microcontroller GmbH & Co. KG                *
      3          *        Solutions for real time microcontroller applications        *
      4          **********************************************************************
      5          *                                                                    *
      6          *        (c) 1996 - 2010  SEGGER Microcontroller GmbH & Co. KG       *
      7          *                                                                    *
      8          *        Internet: www.segger.com    Support:  support@segger.com    *
      9          *                                                                    *
     10          **********************************************************************
     11          
     12          ** emWin V5.06 - Graphical user interface for embedded applications **
     13          emWin is protected by international copyright laws.   Knowledge of the
     14          source code may not be used to write a similar product.  This file may
     15          only be used in accordance with a license and should not be re-
     16          distributed in any way. We appreciate your understanding and fairness.
     17          ----------------------------------------------------------------------
     18          File        : TEXT_SetTextColor.c
     19          Purpose     : Implementation of TEXT_SetTextColor
     20          ---------------------------END-OF-HEADER------------------------------
     21          */
     22          
     23          #include "TEXT_Private.h"
     24          #include "GUI_Private.h"
     25          
     26          #if GUI_WINSUPPORT
     27          
     28          /*********************************************************************
     29          *
     30          *       Public code
     31          *
     32          **********************************************************************
     33          */
     34          
     35          /*********************************************************************
     36          *
     37          *       TEXT_SetTextColor
     38          */

   \                                 In section .text, align 4, keep-with-next
     39          void TEXT_SetTextColor(TEXT_Handle hObj, GUI_COLOR Color) {
   \                     TEXT_SetTextColor:
   \   00000000   30402DE9           PUSH     {R4,R5,LR}
   \   00000004   0040A0E1           MOV      R4,R0
   \   00000008   04D04DE2           SUB      SP,SP,#+4
   \   0000000C   0150A0E1           MOV      R5,R1
     40            if (hObj) {
   \   00000010   000054E3           CMP      R4,#+0
   \   00000014   0A00000A           BEQ      ??TEXT_SetTextColor_0
     41              TEXT_Obj * pObj;
     42              WM_LOCK();
   \   00000018   ........           BL       GUI_Lock
     43              pObj = TEXT_LOCK_H(hObj);
   \   0000001C   0400A0E1           MOV      R0,R4
   \   00000020   ........           BL       GUI_ALLOC_LockH
     44              if (pObj->Props.TextColor != Color) {
   \   00000024   381090E5           LDR      R1,[R0, #+56]
   \   00000028   050051E1           CMP      R1,R5
   \   0000002C   0200000A           BEQ      ??TEXT_SetTextColor_1
     45                pObj->Props.TextColor = Color;
   \   00000030   385080E5           STR      R5,[R0, #+56]
     46                WM_Invalidate(hObj);
   \   00000034   0400A0E1           MOV      R0,R4
   \   00000038   ........           BL       WM_InvalidateWindow
     47              }
     48              GUI_UNLOCK_H(pObj);
   \                     ??TEXT_SetTextColor_1:
   \   0000003C   ........           BL       GUI_ALLOC_UnlockH
     49              WM_UNLOCK();
   \   00000040   ........           BL       GUI_Unlock
     50            }
     51          }
   \                     ??TEXT_SetTextColor_0:
   \   00000044   04D08DE2           ADD      SP,SP,#+4        ;; stack cleaning
   \   00000048   3080BDE8           POP      {R4,R5,PC}       ;; return
     52          
     53          
     54          #else  /* avoid empty object files */
     55          
     56          void TEXT_SetTextColor_c(void);
     57          void TEXT_SetTextColor_c(void){}
     58          
     59          #endif  /* #if GUI_WINSUPPORT */
     60          
     61          

   Maximum stack usage in bytes:

     Function          .cstack
     --------          -------
     TEXT_SetTextColor     16


   Section sizes:

     Function/Label    Bytes
     --------------    -----
     TEXT_SetTextColor   76

 
 76 bytes in section .text
 
 76 bytes of CODE memory

Errors: none
Warnings: none
