###############################################################################
#                                                                             #
# IAR ANSI C/C++ Compiler V6.10.2.52244/W32 for ARM     14/Jul/2015  19:02:23 #
# Copyright 1999-2010 IAR Systems AB.                                         #
#                                                                             #
#    Cpu mode     =  arm                                                      #
#    Endian       =  little                                                   #
#    Source file  =  C:\DUII\TargetHW\GUI\WM__IsAncestor.c                    #
#    Command line =  C:\DUII\TargetHW\GUI\WM__IsAncestor.c -D DEBUG=1 -D      #
#                    SDRAM_TARGET=1 -D USB_IS_HIGH_SPEED -D                   #
#                    XIGNORE_TEMPERATURE -D BUILD_DEBUG_PORT -D PROFILER      #
#                    -lCN C:\DUII\TargetHW\Output\AT91SAM9RL64\Debug_SDRAM\Li #
#                    st\ -o C:\DUII\TargetHW\Output\AT91SAM9RL64\Debug_SDRAM\ #
#                    Obj\ --debug --endian=little --cpu=ARM926EJ-S -e         #
#                    --fpu=None --dlib_config "C:\Program Files (x86)\IAR     #
#                    Systems\Embedded Workbench 6.0\arm\INC\c\DLib_Config_Ful #
#                    l.h" -I C:\DUII\TargetHW\Application\SEGGERDEMO\ -I      #
#                    C:\DUII\TargetHW\Application\SEGGERDEMO\Src\ -I          #
#                    C:\DUII\TargetHW\Config\ -I C:\DUII\TargetHW\FS\ -I      #
#                    C:\DUII\TargetHW\GUI\ -I C:\DUII\TargetHW\Inc\ -I        #
#                    C:\DUII\TargetHW\OS\ -I C:\DUII\TargetHW\Setup\ -I       #
#                    \DUII\DUII\ -I \DUII\DUII\Graphics\ -I PROFILER\         #
#                    --cpu_mode arm -Ohs --use_c++_inline                     #
#                    --require_prototypes                                     #
#    List file    =  C:\DUII\TargetHW\Output\AT91SAM9RL64\Debug_SDRAM\List\WM #
#                    __IsAncestor.lst                                         #
#    Object file  =  C:\DUII\TargetHW\Output\AT91SAM9RL64\Debug_SDRAM\Obj\WM_ #
#                    _IsAncestor.o                                            #
#                                                                             #
#                                                                             #
###############################################################################

C:\DUII\TargetHW\GUI\WM__IsAncestor.c
      1          /*********************************************************************
      2          *                SEGGER Microcontroller GmbH & Co. KG                *
      3          *        Solutions for real time microcontroller applications        *
      4          **********************************************************************
      5          *                                                                    *
      6          *        (c) 1996 - 2010  SEGGER Microcontroller GmbH & Co. KG       *
      7          *                                                                    *
      8          *        Internet: www.segger.com    Support:  support@segger.com    *
      9          *                                                                    *
     10          **********************************************************************
     11          
     12          ** emWin V5.06 - Graphical user interface for embedded applications **
     13          emWin is protected by international copyright laws.   Knowledge of the
     14          source code may not be used to write a similar product.  This file may
     15          only be used in accordance with a license and should not be re-
     16          distributed in any way. We appreciate your understanding and fairness.
     17          ----------------------------------------------------------------------
     18          File        : WM__IsAncestor.c
     19          Purpose     : Implementation of WM__IsAncestor
     20          ----------------------------------------------------------------------
     21          */
     22          
     23          #include "WM_Intern.h"
     24          
     25          #if GUI_WINSUPPORT    /* If 0, WM will not generate any code */
     26          
     27          /*********************************************************************
     28          *
     29          *       Public code
     30          *
     31          **********************************************************************
     32          */
     33          
     34          /*********************************************************************
     35          *
     36          *       WM__IsAncestor
     37          *
     38          * Return value:
     39          *   if hChild is indeed a descendent (Child or child of child etc.) : 1
     40          *   Else: 0
     41          *
     42          *
     43          */

   \                                 In section .text, align 4, keep-with-next
     44          int WM__IsAncestor(WM_HWIN hChild, WM_HWIN hParent) {
   \                     WM__IsAncestor:
   \   00000000   30402DE9           PUSH     {R4,R5,LR}
   \   00000004   0140A0E1           MOV      R4,R1
     45            int r = 0;
     46            if (hChild && hParent) {
   \   00000008   000050E3           CMP      R0,#+0
   \   0000000C   04D04DE2           SUB      SP,SP,#+4
   \   00000010   0050A0E3           MOV      R5,#+0
   \   00000014   00005413           CMPNE    R4,#+0
   \   00000018   0500000A           BEQ      ??WM__IsAncestor_0
     47              while(hChild) {
     48                WM_Obj *pChild = WM_H2P(hChild);
   \                     ??WM__IsAncestor_1:
   \   0000001C   ........           BL       GUI_ALLOC_h2p
     49                if (pChild->hParent == hParent) {
   \   00000020   180090E5           LDR      R0,[R0, #+24]
   \   00000024   040050E1           CMP      R0,R4
     50                  r = 1;
   \   00000028   0150A003           MOVEQ    R5,#+1
     51                  break;
     52                }
     53                hChild = pChild->hParent;
     54              }
   \   0000002C   00005013           CMPNE    R0,#+0
   \   00000030   F9FFFF1A           BNE      ??WM__IsAncestor_1
     55            }
     56            return r;
   \                     ??WM__IsAncestor_0:
   \   00000034   0500A0E1           MOV      R0,R5
   \   00000038   04D08DE2           ADD      SP,SP,#+4
   \   0000003C   3080BDE8           POP      {R4,R5,PC}       ;; return
     57          }
     58          
     59          /*********************************************************************
     60          *
     61          *       WM__IsAncestor
     62          *
     63          * Return value:
     64          *   if hChild is indeed a descendent (Child or child of child etc.) : 1
     65          *   Else: 0
     66          *
     67          *
     68          */

   \                                 In section .text, align 4, keep-with-next
     69          int WM__IsAncestorOrSelf(WM_HWIN hChild, WM_HWIN hParent) {
   \                     WM__IsAncestorOrSelf:
   \   00000000   30402DE9           PUSH     {R4,R5,LR}
   \   00000004   0140A0E1           MOV      R4,R1
     70            if (hChild == hParent) {
   \   00000008   040050E1           CMP      R0,R4
   \   0000000C   04D04DE2           SUB      SP,SP,#+4
     71              return 1;
   \   00000010   0100A003           MOVEQ    R0,#+1
   \   00000014   0C00000A           BEQ      ??WM__IsAncestorOrSelf_0
     72            }
     73            return WM__IsAncestor(hChild, hParent);
   \   00000018   000050E3           CMP      R0,#+0
   \   0000001C   0050A0E3           MOV      R5,#+0
   \   00000020   00005413           CMPNE    R4,#+0
   \   00000024   0700000A           BEQ      ??WM__IsAncestorOrSelf_1
   \                     ??WM__IsAncestorOrSelf_2:
   \   00000028   ........           BL       GUI_ALLOC_h2p
   \   0000002C   180090E5           LDR      R0,[R0, #+24]
   \   00000030   040050E1           CMP      R0,R4
   \   00000034   0200000A           BEQ      ??WM__IsAncestorOrSelf_3
   \   00000038   000050E3           CMP      R0,#+0
   \   0000003C   F9FFFF1A           BNE      ??WM__IsAncestorOrSelf_2
   \   00000040   000000EA           B        ??WM__IsAncestorOrSelf_1
   \                     ??WM__IsAncestorOrSelf_3:
   \   00000044   0150A0E3           MOV      R5,#+1
   \                     ??WM__IsAncestorOrSelf_1:
   \   00000048   0500A0E1           MOV      R0,R5
   \                     ??WM__IsAncestorOrSelf_0:
   \   0000004C   04D08DE2           ADD      SP,SP,#+4        ;; stack cleaning
   \   00000050   3080BDE8           POP      {R4,R5,PC}       ;; return
     74          }
     75          #else
     76            void WM__IsAncestor_c(void) {} /* avoid empty object files */
     77          #endif
     78          
     79          /*************************** End of file ****************************/

   Maximum stack usage in bytes:

     Function             .cstack
     --------             -------
     WM__IsAncestor           16
     WM__IsAncestorOrSelf     16


   Section sizes:

     Function/Label       Bytes
     --------------       -----
     WM__IsAncestor         64
     WM__IsAncestorOrSelf   84

 
 148 bytes in section .text
 
 148 bytes of CODE memory

Errors: none
Warnings: none
