###############################################################################
#                                                                             #
# IAR ANSI C/C++ Compiler V6.10.2.52244/W32 for ARM     14/Jul/2015  19:02:21 #
# Copyright 1999-2010 IAR Systems AB.                                         #
#                                                                             #
#    Cpu mode     =  arm                                                      #
#    Endian       =  little                                                   #
#    Source file  =  C:\DUII\TargetHW\GUI\WM_SetUserClipRect.c                #
#    Command line =  C:\DUII\TargetHW\GUI\WM_SetUserClipRect.c -D DEBUG=1 -D  #
#                    SDRAM_TARGET=1 -D USB_IS_HIGH_SPEED -D                   #
#                    XIGNORE_TEMPERATURE -D BUILD_DEBUG_PORT -D PROFILER      #
#                    -lCN C:\DUII\TargetHW\Output\AT91SAM9RL64\Debug_SDRAM\Li #
#                    st\ -o C:\DUII\TargetHW\Output\AT91SAM9RL64\Debug_SDRAM\ #
#                    Obj\ --debug --endian=little --cpu=ARM926EJ-S -e         #
#                    --fpu=None --dlib_config "C:\Program Files (x86)\IAR     #
#                    Systems\Embedded Workbench 6.0\arm\INC\c\DLib_Config_Ful #
#                    l.h" -I C:\DUII\TargetHW\Application\SEGGERDEMO\ -I      #
#                    C:\DUII\TargetHW\Application\SEGGERDEMO\Src\ -I          #
#                    C:\DUII\TargetHW\Config\ -I C:\DUII\TargetHW\FS\ -I      #
#                    C:\DUII\TargetHW\GUI\ -I C:\DUII\TargetHW\Inc\ -I        #
#                    C:\DUII\TargetHW\OS\ -I C:\DUII\TargetHW\Setup\ -I       #
#                    \DUII\DUII\ -I \DUII\DUII\Graphics\ -I PROFILER\         #
#                    --cpu_mode arm -Ohs --use_c++_inline                     #
#                    --require_prototypes                                     #
#    List file    =  C:\DUII\TargetHW\Output\AT91SAM9RL64\Debug_SDRAM\List\WM #
#                    _SetUserClipRect.lst                                     #
#    Object file  =  C:\DUII\TargetHW\Output\AT91SAM9RL64\Debug_SDRAM\Obj\WM_ #
#                    SetUserClipRect.o                                        #
#                                                                             #
#                                                                             #
###############################################################################

C:\DUII\TargetHW\GUI\WM_SetUserClipRect.c
      1          /*********************************************************************
      2          *                SEGGER Microcontroller GmbH & Co. KG                *
      3          *        Solutions for real time microcontroller applications        *
      4          **********************************************************************
      5          *                                                                    *
      6          *        (c) 1996 - 2010  SEGGER Microcontroller GmbH & Co. KG       *
      7          *                                                                    *
      8          *        Internet: www.segger.com    Support:  support@segger.com    *
      9          *                                                                    *
     10          **********************************************************************
     11          
     12          ** emWin V5.06 - Graphical user interface for embedded applications **
     13          emWin is protected by international copyright laws.   Knowledge of the
     14          source code may not be used to write a similar product.  This file may
     15          only be used in accordance with a license and should not be re-
     16          distributed in any way. We appreciate your understanding and fairness.
     17          ----------------------------------------------------------------------
     18          File        : WM_SetUserClipArea.c
     19          Purpose     : Windows manager, add. module
     20          ----------------------------------------------------------------------
     21          */
     22          
     23          #include "WM_Intern.h"
     24          
     25          #if GUI_WINSUPPORT
     26          
     27          /*********************************************************************
     28          *
     29          *       Public code
     30          *
     31          **********************************************************************
     32          */
     33          /*********************************************************************
     34          *
     35          *       WM_SetUserClipRect
     36          */

   \                                 In section .text, align 4, keep-with-next
     37          const GUI_RECT* WM_SetUserClipRect(const GUI_RECT* pRect) {
   \                     WM_SetUserClipRect:
   \   00000000   30402DE9           PUSH     {R4,R5,LR}
   \   00000004   04D04DE2           SUB      SP,SP,#+4
   \   00000008   0040A0E1           MOV      R4,R0
     38            const GUI_RECT* pRectReturn;
     39            WM_LOCK();
   \   0000000C   ........           BL       GUI_Lock
     40            pRectReturn = GUI_Context.WM__pUserClipRect;
   \   00000010   18009FE5           LDR      R0,??WM_SetUserClipRect_0
   \   00000014   385090E5           LDR      R5,[R0, #+56]
     41            GUI_Context.WM__pUserClipRect = pRect;
   \   00000018   384080E5           STR      R4,[R0, #+56]
     42          /* Activate it ... */
     43            WM__ActivateClipRect();
   \   0000001C   ........           BL       WM__ActivateClipRect
     44            WM_UNLOCK();
   \   00000020   ........           BL       GUI_Unlock
     45            return pRectReturn;
   \   00000024   0500A0E1           MOV      R0,R5
   \   00000028   04D08DE2           ADD      SP,SP,#+4
   \   0000002C   3080BDE8           POP      {R4,R5,PC}       ;; return
   \                     ??WM_SetUserClipRect_0:
   \   00000030   ........           DC32     GUI_Context
     46          }
     47          
     48          #else
     49            void WM_SetUserClipRect(void) {} /* avoid empty object files */
     50          #endif
     51          
     52          /*************************** End of file ****************************/

   Maximum stack usage in bytes:

     Function           .cstack
     --------           -------
     WM_SetUserClipRect     16


   Section sizes:

     Function/Label     Bytes
     --------------     -----
     WM_SetUserClipRect   52

 
 52 bytes in section .text
 
 52 bytes of CODE memory

Errors: none
Warnings: none
