###############################################################################
#                                                                             #
# IAR ANSI C/C++ Compiler V6.10.2.52244/W32 for ARM     14/Jul/2015  19:02:26 #
# Copyright 1999-2010 IAR Systems AB.                                         #
#                                                                             #
#    Cpu mode     =  arm                                                      #
#    Endian       =  little                                                   #
#    Source file  =  C:\DUII\DUII\Graphics\Yellow_1.c                         #
#    Command line =  C:\DUII\DUII\Graphics\Yellow_1.c -D DEBUG=1 -D           #
#                    SDRAM_TARGET=1 -D USB_IS_HIGH_SPEED -D                   #
#                    XIGNORE_TEMPERATURE -D BUILD_DEBUG_PORT -D PROFILER      #
#                    -lCN C:\DUII\TargetHW\Output\AT91SAM9RL64\Debug_SDRAM\Li #
#                    st\ -o C:\DUII\TargetHW\Output\AT91SAM9RL64\Debug_SDRAM\ #
#                    Obj\ --debug --endian=little --cpu=ARM926EJ-S -e         #
#                    --fpu=None --dlib_config "C:\Program Files (x86)\IAR     #
#                    Systems\Embedded Workbench 6.0\arm\INC\c\DLib_Config_Ful #
#                    l.h" -I C:\DUII\TargetHW\Application\SEGGERDEMO\ -I      #
#                    C:\DUII\TargetHW\Application\SEGGERDEMO\Src\ -I          #
#                    C:\DUII\TargetHW\Config\ -I C:\DUII\TargetHW\FS\ -I      #
#                    C:\DUII\TargetHW\GUI\ -I C:\DUII\TargetHW\Inc\ -I        #
#                    C:\DUII\TargetHW\OS\ -I C:\DUII\TargetHW\Setup\ -I       #
#                    \DUII\DUII\ -I \DUII\DUII\Graphics\ -I PROFILER\         #
#                    --cpu_mode arm -Ohs --use_c++_inline                     #
#                    --require_prototypes                                     #
#    List file    =  C:\DUII\TargetHW\Output\AT91SAM9RL64\Debug_SDRAM\List\Ye #
#                    llow_1.lst                                               #
#    Object file  =  C:\DUII\TargetHW\Output\AT91SAM9RL64\Debug_SDRAM\Obj\Yel #
#                    low_1.o                                                  #
#                                                                             #
#                                                                             #
###############################################################################

C:\DUII\DUII\Graphics\Yellow_1.c
      1          /*********************************************************************
      2          *                SEGGER MICROCONTROLLER SYSTEME GmbH                 *
      3          *        Solutions for real time microcontroller applications        *
      4          *                           www.segger.com                           *
      5          **********************************************************************
      6          *
      7          * C-file generated by
      8          *
      9          *        Bitmap converter for emWin V5.04.
     10          *        Compiled Jan  8 2010, 16:37:17
     11          *        (C) 1998 - 2005 Segger Microcontroller Systeme GmbH
     12          *
     13          **********************************************************************
     14          *
     15          * Source file: Yellow_1
     16          * Dimensions:  46 * 62
     17          * NumColors:   157
     18          *
     19          **********************************************************************
     20          */
     21          
     22          #include <stdlib.h>
     23          
     24          #include "GUI.h"
     25          
     26          #ifndef GUI_CONST_STORAGE
     27            #define GUI_CONST_STORAGE const
     28          #endif
     29          
     30          /*   Palette
     31          The following are the entries of the palette table.
     32          Every entry is a 32-bit value (of which 24 bits are actually used)
     33          the lower   8 bits represent the Red component,
     34          the middle  8 bits represent the Green component,
     35          the highest 8 bits (of the 24 bits used) represent the Blue component
     36          as follows:   0xBBGGRR
     37          */
     38          

   \                                 In section .rodata, align 4, keep-with-next
     39          static GUI_CONST_STORAGE GUI_COLOR ColorsYellow_1[] = {
   \                     ColorsYellow_1:
   \   00000000                      ; Initializer data, 628 bytes
   \   00000000   00000000FFFF       DC32 0, 65535, 65793, 131586, 197379, 1644825, 263172, 657930, 1776411, 2105376
   \              000001010100
   \              020202000303
   \              030019191900
   \              040404000A0A
   \              0A001B1B1B00
   \              20202000    
   \   00000028   080808000606       DC32 526344, 394758, 855309, 1381653, 1052688, 328965, 2039583, 1513240, 1184274, 1250067
   \              06000D0D0D00
   \              151515001010
   \              100005050500
   \              1F1F1F001817
   \              170012121200
   \              13131300    
   \   00000050   161616000C0C       DC32 1447446, 789516, 921102, 1249810, 592137, 723723, 986895, 1052431, 2171169, 460551
   \              0C000E0E0E00
   \              121213000909
   \              09000B0B0B00
   \              0F0F0F000F0F
   \              100021212100
   \              07070700    
   \   00000078   222222001818       DC32 2236962, 1579032, 986124, 1842204, 1973533, 854794, 855052, 591623, 723209, 986638
   \              18000C0C0F00
   \              1C1C1C001D1D
   \              1E000A0B0D00
   \              0C0C0D000707
   \              090009090B00
   \              0E0E0F00    
   \   000000A0   060607001010       DC32 460294, 1118224, 1054230, 393473, 328451, 524288, 655360, 851968, 1118996, 1907740
   \              110016161000
   \              010106000303
   \              050000000800
   \              00000A000000
   \              0D0014131100
   \              1C1C1D00    
   \   000000C8   15150E000000       DC32 922901, 131072, 131329, 262144, 327680, 458752, 1513239, 525315, 657159, 1118481
   \              020001010200
   \              000004000000
   \              050000000700
   \              171717000304
   \              080007070A00
   \              11111100    
   \   000000F0   1D1D1D001615       DC32 1907997, 1381654, 1973790, 2368548, 2960685, 4539717, 591880, 855310, 1246726, 1315860
   \              15001E1E1E00
   \              242424002D2D
   \              2D0045454500
   \              080809000E0D
   \              0D0006061300
   \              14141400    
   \   00000118   19191A002323       DC32 1710361, 2302755, 2434341, 2565927, 2894892, 3355443, 3487029, 3618615, 3881787, 5000268
   \              230025252500
   \              272727002C2C
   \              2C0033333300
   \              353535003737
   \              37003B3B3B00
   \              4C4C4C00    
   \   00000140   55555500FFFF       DC32 5592405, 16777215, 722695, 591879, 723466, 854280, 919817, 855308, 789517, 921100
   \              FF0007070B00
   \              070809000A0A
   \              0B0008090D00
   \              09090E000C0D
   \              0D000D0C0C00
   \              0C0E0E00    
   \   00000168   0A0A10000C0C       DC32 1051146, 1182732, 1248781, 986896, 1052945, 1380625, 1578775, 1775639, 1972505, 1973791
   \              12000D0E1300
   \              100F0F001111
   \              100011111500
   \              171718001718
   \              1B0019191E00
   \              1F1E1E00    
   \   00000190   1C1C20001D1D       DC32 2104348, 2170141, 2105119, 2235934, 2171170, 2500134, 2631720, 2697513, 2763306, 2829099
   \              21001F1F2000
   \              1E1E22002221
   \              210026262600
   \              282828002929
   \              29002A2A2A00
   \              2B2B2B00    
   \   000001B8   2E2E2E002F2F       DC32 3026478, 3092271, 3157807, 3421236, 3684408, 3750201, 4013373, 4079166, 4144959, 4671303
   \              2F002F2F3000
   \              343434003838
   \              380039393900
   \              3D3D3D003E3E
   \              3E003F3F3F00
   \              47474700    
   \   000001E0   4A4A4A004D4D       DC32 4868682, 5066061, 5395026, 5460819, 5526612, 5789784, 5855577, 5987163, 6184541, 6250335
   \              4D0052525200
   \              535353005454
   \              540058585800
   \              595959005B5B
   \              5B005D5E5E00
   \              5F5F5F00    
   \   00000208   606060006565       DC32 6316128, 6645093, 6710886, 6908265, 6974058, 7237230, 7434609, 7500402, 7631988, 7697781
   \              650066666600
   \              696969006A6A
   \              6A006E6E6E00
   \              717171007272
   \              720074747400
   \              75757500    
   \   00000230   7A7A7A007F7F       DC32 8026746, 8355711, 8553090, 8684676, 9079434, 9276813, 9605778, 10395294, 11250603, 11645361
   \              7F0082828200
   \              848484008A8A
   \              8A008D8D8D00
   \              929292009E9E
   \              9E00ABABAB00
   \              B1B1B100    
   \   00000258   B6B6B600CECE       DC32 11974326, 13553358, 13750737, 13816530, 14277081, 14606046, 16645629
   \              CE00D1D1D100
   \              D2D2D200D9D9
   \              D900DEDEDE00
   \              FDFDFD00    
     40               0x000000,0x00FFFF,0x010101,0x020202
     41              ,0x030303,0x191919,0x040404,0x0A0A0A
     42              ,0x1B1B1B,0x202020,0x080808,0x060606
     43              ,0x0D0D0D,0x151515,0x101010,0x050505
     44              ,0x1F1F1F,0x171718,0x121212,0x131313
     45              ,0x161616,0x0C0C0C,0x0E0E0E,0x131212
     46              ,0x090909,0x0B0B0B,0x0F0F0F,0x100F0F
     47              ,0x212121,0x070707,0x222222,0x181818
     48              ,0x0F0C0C,0x1C1C1C,0x1E1D1D,0x0D0B0A
     49              ,0x0D0C0C,0x090707,0x0B0909,0x0F0E0E
     50              ,0x070606,0x111010,0x101616,0x060101
     51              ,0x050303,0x080000,0x0A0000,0x0D0000
     52              ,0x111314,0x1D1C1C,0x0E1515,0x020000
     53              ,0x020101,0x040000,0x050000,0x070000
     54              ,0x171717,0x080403,0x0A0707,0x111111
     55              ,0x1D1D1D,0x151516,0x1E1E1E,0x242424
     56              ,0x2D2D2D,0x454545,0x090808,0x0D0D0E
     57              ,0x130606,0x141414,0x1A1919,0x232323
     58              ,0x252525,0x272727,0x2C2C2C,0x333333
     59              ,0x353535,0x373737,0x3B3B3B,0x4C4C4C
     60              ,0x555555,0xFFFFFF,0x0B0707,0x090807
     61              ,0x0B0A0A,0x0D0908,0x0E0909,0x0D0D0C
     62              ,0x0C0C0D,0x0E0E0C,0x100A0A,0x120C0C
     63              ,0x130E0D,0x0F0F10,0x101111,0x151111
     64              ,0x181717,0x1B1817,0x1E1919,0x1E1E1F
     65              ,0x201C1C,0x211D1D,0x201F1F,0x221E1E
     66              ,0x212122,0x262626,0x282828,0x292929
     67              ,0x2A2A2A,0x2B2B2B,0x2E2E2E,0x2F2F2F
     68              ,0x302F2F,0x343434,0x383838,0x393939
     69              ,0x3D3D3D,0x3E3E3E,0x3F3F3F,0x474747
     70              ,0x4A4A4A,0x4D4D4D,0x525252,0x535353
     71              ,0x545454,0x585858,0x595959,0x5B5B5B
     72              ,0x5E5E5D,0x5F5F5F,0x606060,0x656565
     73              ,0x666666,0x696969,0x6A6A6A,0x6E6E6E
     74              ,0x717171,0x727272,0x747474,0x757575
     75              ,0x7A7A7A,0x7F7F7F,0x828282,0x848484
     76              ,0x8A8A8A,0x8D8D8D,0x929292,0x9E9E9E
     77              ,0xABABAB,0xB1B1B1,0xB6B6B6,0xCECECE
     78              ,0xD1D1D1,0xD2D2D2,0xD9D9D9,0xDEDEDE
     79              ,0xFDFDFD
     80          };
     81          

   \                                 In section .rodata, align 4, keep-with-next
     82          static GUI_CONST_STORAGE GUI_LOGPALETTE PalYellow_1 = {
   \                     PalYellow_1:
   \   00000000                      ; Initializer data, 12 bytes
   \   00000000   9D000000           DC32 157
   \   00000004   00000000           DC8 0, 0, 0, 0
   \   00000008   ........           DC32 ColorsYellow_1
     83            157,	/* number of entries */
     84            0, 	/* No transparency */
     85            &ColorsYellow_1[0]
     86          };
     87          

   \                                 In section .rodata, align 4, keep-with-next
     88          static GUI_CONST_STORAGE unsigned char acYellow_1[] = {
   \                     acYellow_1:
   \   00000000                      ; Initializer data, 2852 bytes
   \   00000000   000000000000       DC8 0, 0, 0, 0, 0, 0, 0, 0, 0, 0
   \              00000000    
   \   0000000A   000000000000       DC8 0, 0, 0, 0, 0, 0, 0, 0, 0, 0
   \              00000000    
   \   00000014   000000000000       DC8 0, 0, 0, 0, 0, 0, 0, 0, 0, 0
   \              00000000    
   \   0000001E   000000000000       DC8 0, 0, 0, 0, 0, 0, 0, 0, 0, 0
   \              00000000    
   \   00000028   000000000000       DC8 0, 0, 0, 0, 0, 0, 0, 0, 0, 0
   \              00000000    
   \   00000032   000000000000       DC8 0, 0, 0, 0, 0, 0, 0, 0, 0, 0
   \              00000000    
   \   0000003C   000000000000       DC8 0, 0, 0, 0, 0, 0, 0, 0, 0, 0
   \              00000000    
   \   00000046   000000000000       DC8 0, 0, 0, 0, 0, 0, 0, 0, 0, 0
   \              00000000    
   \   00000050   000000000000       DC8 0, 0, 0, 0, 0, 0, 0, 0, 0, 0
   \              00000000    
   \   0000005A   000000000000       DC8 0, 0, 0, 0, 0, 0, 0, 0, 0, 0
   \              00000000    
   \   00000064   000000000000       DC8 0, 0, 0, 0, 0, 0, 0, 0, 0, 0
   \              00000000    
   \   0000006E   000000000000       DC8 0, 0, 0, 0, 0, 0, 0, 0, 0, 0
   \              00000000    
   \   00000078   000000000000       DC8 0, 0, 0, 0, 0, 0, 0, 0, 0, 0
   \              00000000    
   \   00000082   000000000000       DC8 0, 0, 0, 0, 0, 0, 0, 0, 0, 0
   \              00000000    
   \   0000008C   000000000000       DC8 0, 0, 0, 0, 0, 0, 0, 0, 0, 0
   \              00000000    
   \   00000096   000000000000       DC8 0, 0, 0, 0, 0, 0, 0, 0, 0, 0
   \              00000000    
   \   000000A0   000000000000       DC8 0, 0, 0, 0, 0, 0, 0, 0, 0, 0
   \              00000000    
   \   000000AA   000000000000       DC8 0, 0, 0, 0, 0, 0, 0, 0, 0, 0
   \              00000000    
   \   000000B4   000000000000       DC8 0, 0, 0, 0, 0, 0, 0, 0, 0, 0
   \              00000000    
   \   000000BE   000000000000       DC8 0, 0, 0, 0, 0, 0, 0, 0, 0, 0
   \              00000000    
   \   000000C8   000000000000       DC8 0, 0, 0, 0, 0, 0, 0, 0, 0, 0
   \              00000000    
   \   000000D2   000000000000       DC8 0, 0, 0, 0, 0, 0, 0, 0, 0, 0
   \              00000000    
   \   000000DC   000000000000       DC8 0, 0, 0, 0, 0, 0, 0, 0, 0, 0
   \              00000000    
   \   000000E6   000000000000       DC8 0, 0, 0, 0, 0, 0, 0, 0, 0, 0
   \              00000000    
   \   000000F0   000000000000       DC8 0, 0, 0, 0, 0, 0, 0, 0, 0, 0
   \              00000000    
   \   000000FA   000000000000       DC8 0, 0, 0, 0, 0, 0, 0, 0, 0, 0
   \              00000000    
   \   00000104   000000000000       DC8 0, 0, 0, 0, 0, 0, 0, 0, 0, 0
   \              00000000    
   \   0000010E   000000000000       DC8 0, 0, 0, 0, 0, 0, 0, 0, 0, 0
   \              00000000    
   \   00000118   000000000000       DC8 0, 0, 0, 0, 0, 0, 0, 0, 0, 0
   \              00000000    
   \   00000122   000000000000       DC8 0, 0, 0, 0, 0, 0, 0, 0, 0, 0
   \              00000000    
   \   0000012C   000000000000       DC8 0, 0, 0, 0, 0, 0, 0, 0, 0, 0
   \              00000000    
   \   00000136   000000000000       DC8 0, 0, 0, 0, 0, 0, 0, 0, 0, 0
   \              00000000    
   \   00000140   000000000000       DC8 0, 0, 0, 0, 0, 0, 0, 0, 0, 0
   \              00000000    
   \   0000014A   000000000000       DC8 0, 0, 0, 0, 0, 0, 0, 0, 0, 0
   \              00000000    
   \   00000154   000000000000       DC8 0, 0, 0, 0, 0, 0, 0, 0, 0, 0
   \              00000000    
   \   0000015E   000000000000       DC8 0, 0, 0, 0, 0, 0, 0, 0, 0, 0
   \              00000000    
   \   00000168   000000000000       DC8 0, 0, 0, 0, 0, 0, 0, 0, 0, 0
   \              00000000    
   \   00000172   000000000000       DC8 0, 0, 0, 0, 0, 0, 0, 0, 0, 0
   \              00000000    
   \   0000017C   000000000000       DC8 0, 0, 0, 0, 0, 0, 0, 0, 0, 0
   \              00000000    
   \   00000186   000000000000       DC8 0, 0, 0, 0, 0, 0, 0, 0, 0, 0
   \              00000000    
   \   00000190   000000000000       DC8 0, 0, 0, 0, 0, 0, 0, 0, 0, 0
   \              00000000    
   \   0000019A   000000000000       DC8 0, 0, 0, 0, 0, 0, 0, 0, 0, 0
   \              00000000    
   \   000001A4   000000000000       DC8 0, 0, 0, 0, 0, 0, 0, 0, 0, 0
   \              00000000    
   \   000001AE   000000000000       DC8 0, 0, 0, 0, 0, 0, 0, 0, 0, 1
   \              00000001    
   \   000001B8   000000000000       DC8 0, 0, 0, 0, 0, 0, 0, 0, 0, 0
   \              00000000    
   \   000001C2   000000000000       DC8 0, 0, 0, 0, 0, 0, 0, 0, 0, 0
   \              00000000    
   \   000001CC   000000000000       DC8 0, 0, 0, 0, 0, 0, 0, 0, 0, 0
   \              00000000    
   \   000001D6   000000000000       DC8 0, 0, 0, 0, 0, 0, 0, 0, 0, 0
   \              00000000    
   \   000001E0   000000000100       DC8 0, 0, 0, 0, 1, 0, 1, 0, 0, 0
   \              01000000    
   \   000001EA   000000000000       DC8 0, 0, 0, 0, 0, 0, 0, 0, 0, 0
   \              00000000    
   \   000001F4   000000000000       DC8 0, 0, 0, 0, 0, 0, 2, 2, 4, 2
   \              02020402    
   \   000001FE   020200000000       DC8 2, 2, 0, 0, 0, 0, 0, 0, 0, 2
   \              00000002    
   \   00000208   020202000001       DC8 2, 2, 2, 0, 0, 1, 0, 0, 0, 0
   \              00000000    
   \   00000212   010000010001       DC8 1, 0, 0, 1, 0, 1, 1, 0, 0, 0
   \              01000000    
   \   0000021C   000000000000       DC8 0, 0, 0, 0, 0, 0, 2, 2, 4, 2
   \              02020402    
   \   00000226   000000000A00       DC8 0, 0, 0, 0, 10, 0, 0, 0, 2, 2
   \              00000202    
   \   00000230   020202020200       DC8 2, 2, 2, 2, 2, 0, 0, 0, 0, 2
   \              00000002    
   \   0000023A   020100000001       DC8 2, 1, 0, 0, 0, 1, 0, 0, 0, 1
   \              00000001    
   \   00000244   000101000000       DC8 0, 1, 1, 0, 0, 0, 0, 0, 0, 0
   \              00000000    
   \   0000024E   000000000B03       DC8 0, 0, 0, 0, 11, 3, 0, 0, 2, 0
   \              00000200    
   \   00000258   0C0300020000       DC8 12, 3, 0, 2, 0, 0, 0, 0, 0, 0
   \              00000000    
   \   00000262   000300020200       DC8 0, 3, 0, 2, 2, 0, 0, 1, 0, 0
   \              00010000    
   \   0000026C   000100000001       DC8 0, 1, 0, 0, 0, 1, 0, 1, 0, 1
   \              00010001    
   \   00000276   000000000000       DC8 0, 0, 0, 0, 0, 0, 0, 0, 2, 0
   \              00000200    
   \   00000280   190600000200       DC8 25, 6, 0, 0, 2, 0, 20, 4, 0, 2
   \              14040002    
   \   0000028A   030002020300       DC8 3, 0, 2, 2, 3, 0, 2, 4, 0, 2
   \              02040002    
   \   00000294   020300010002       DC8 2, 3, 0, 1, 0, 2, 0, 1, 0, 0
   \              00010000    
   \   0000029E   000100010000       DC8 0, 1, 0, 1, 0, 0, 1, 0, 0, 0
   \              01000000    
   \   000002A8   000000000200       DC8 0, 0, 0, 0, 2, 0, 59, 29, 0, 0
   \              3B1D0000    
   \   000002B2   03003C060203       DC8 3, 0, 60, 6, 2, 3, 4, 0, 2, 2
   \              04000202    
   \   000002BC   040002060203       DC8 4, 0, 2, 6, 2, 3, 52, 4, 0, 0
   \              34040000    
   \   000002C6   010000010000       DC8 1, 0, 0, 1, 0, 0, 0, 1, 0, 1
   \              00010001    
   \   000002D0   000001010000       DC8 0, 0, 1, 1, 0, 0, 0, 0, 0, 0
   \              00000000    
   \   000002DA   030038180000       DC8 3, 0, 56, 24, 0, 0, 3, 0, 72, 11
   \              0300480B    
   \   000002E4   030306020334       DC8 3, 3, 6, 2, 3, 52, 6, 2, 3, 11
   \              0602030B    
   \   000002EE   030333060200       DC8 3, 3, 51, 6, 2, 0, 1, 2, 2, 1
   \              01020201    
   \   000002F8   020000010001       DC8 2, 0, 0, 1, 0, 1, 0, 0, 2, 1
   \              00000201    
   \   00000302   020200000000       DC8 2, 2, 0, 0, 0, 0, 3, 0, 62, 21
   \              03003E15    
   \   0000030C   000006006E0A       DC8 0, 0, 6, 0, 110, 10, 4, 6, 11, 3
   \              04060B03    
   \   00000316   03330B03030A       DC8 3, 51, 11, 3, 3, 10, 4, 6, 53, 11
   \              0406350B    
   \   00000320   030001020001       DC8 3, 0, 1, 2, 0, 1, 0, 2, 2, 1
   \              00020201    
   \   0000032A   020102020001       DC8 2, 1, 2, 2, 0, 1, 0, 0, 2, 2
   \              00000202    
   \   00000334   02020600481A       DC8 2, 2, 6, 0, 72, 26, 0, 0, 15, 0
   \              00000F00    
   \   0000033E   4D07060F0A04       DC8 77, 7, 6, 15, 10, 4, 6, 53, 10, 4
   \              06350A04    
   \   00000348   0607060F360A       DC8 6, 7, 6, 15, 54, 10, 4, 1, 1, 3
   \              04010103    
   \   00000352   030102000001       DC8 3, 1, 2, 0, 0, 1, 0, 1, 0, 0
   \              00010000    
   \   0000035C   030102020000       DC8 3, 1, 2, 2, 0, 0, 0, 0, 15, 2
   \              00000F02    
   \   00000366   401200001D02       DC8 64, 18, 0, 0, 29, 2, 118, 12, 11, 40
   \              760C0B28    
   \   00000370   07060F360706       DC8 7, 6, 15, 54, 7, 6, 15, 12, 11, 40
   \              0F0C0B28    
   \   0000037A   370101010103       DC8 55, 1, 1, 1, 1, 3, 4, 1, 2, 3
   \              04010203    
   \   00000384   000102010002       DC8 0, 1, 2, 1, 0, 2, 4, 1, 2, 2
   \              04010202    
   \   0000038E   030002021D03       DC8 3, 0, 2, 2, 29, 3, 75, 69, 0, 0
   \              4B450000    
   \   00000398   18034F0E1D25       DC8 24, 3, 79, 14, 29, 37, 12, 11, 40, 55
   \              0C0B2837    
   \   000003A2   0C0B280E1D25       DC8 12, 11, 40, 14, 29, 37, 1, 12, 11, 1
   \              010C0B01    
   \   000003AC   010606010304       DC8 1, 6, 6, 1, 3, 4, 0, 1, 1, 4
   \              00010104    
   \   000003B6   000206010334       DC8 0, 2, 6, 1, 3, 52, 4, 0, 2, 2
   \              04000202    
   \   000003C0   180474050000       DC8 24, 4, 116, 5, 0, 0, 25, 4, 80, 18
   \              19045012    
   \   000003CA   18260E1D2539       DC8 24, 38, 14, 29, 37, 57, 14, 29, 37, 18
   \              0E1D2512    
   \   000003D4   1826010E0001       DC8 24, 38, 1, 14, 0, 1, 1, 15, 11, 1
   \              010F0B01    
   \   000003DE   030601013406       DC8 3, 6, 1, 1, 52, 6, 2, 3, 11, 1
   \              02030B01    
   \   000003E8   033306020334       DC8 3, 51, 6, 2, 3, 52, 25, 6, 65, 33
   \              19064121    
   \   000003F2   00000C0F8114       DC8 0, 0, 12, 15, 129, 20, 25, 12, 18, 24
   \              190C1218    
   \   000003FC   263A12182614       DC8 38, 58, 18, 24, 38, 20, 25, 12, 1, 18
   \              190C0112    
   \   00000406   000101280A01       DC8 0, 1, 1, 40, 10, 1, 6, 11, 1, 1
   \              060B0101    
   \   00000410   330B03030A01       DC8 51, 11, 3, 3, 10, 1, 6, 53, 11, 3
   \              06350B03    
   \   0000041A   03330C0B7910       DC8 3, 51, 12, 11, 121, 16, 0, 0, 14, 29
   \              00000E1D    
   \   00000424   8605270E1419       DC8 134, 5, 39, 14, 20, 25, 12, 12, 20, 25
   \              0C0C1419    
   \   0000042E   0C05270E0114       DC8 12, 5, 39, 14, 1, 20, 0, 1, 1, 37
   \              00010125    
   \   00000438   07010F0A0101       DC8 7, 1, 15, 10, 1, 1, 53, 10, 4, 6
   \              350A0406    
   \   00000442   07010F360A04       DC8 7, 1, 15, 54, 10, 4, 6, 53, 23, 66
   \              06351742    
   \   0000044C   7D4700001742       DC8 125, 71, 0, 0, 23, 66, 138, 49, 41, 23
   \              8A312917    
   \   00000456   05270E1B0527       DC8 5, 39, 14, 27, 5, 39, 14, 49, 41, 23
   \              0E312917    
   \   00000460   010500010126       DC8 1, 5, 0, 1, 1, 38, 12, 1, 40, 7
   \              0C012807    
   \   0000046A   01013607060F       DC8 1, 1, 54, 7, 6, 15, 12, 1, 40, 55
   \              0C012837    
   \   00000474   07060F360D54       DC8 7, 6, 15, 54, 13, 84, 130, 73, 0, 0
   \              82490000    
   \   0000047E   0D078D09130D       DC8 13, 7, 141, 9, 19, 13, 49, 41, 23, 23
   \              31291717    
   \   00000488   312917170D14       DC8 49, 41, 23, 23, 13, 20, 1, 49, 0, 1
   \              01310001    
   \   00000492   010C011D250C       DC8 1, 12, 1, 29, 37, 12, 1, 1, 55, 12
   \              0101370C    
   \   0000049C   0B280E012539       DC8 11, 40, 14, 1, 37, 57, 12, 11, 40, 55
   \              0C0B2837    
   \   000004A6   6015856C0000       DC8 96, 21, 133, 108, 0, 0, 31, 12, 144, 71
   \              1F0C9047    
   \   000004B0   141F1F1F1F1F       DC8 20, 31, 31, 31, 31, 31, 31, 31, 31, 31
   \              1F1F1F1F    
   \   000004BA   1F0501080001       DC8 31, 5, 1, 8, 0, 1, 39, 1, 1, 24
   \              27010118    
   \   000004C4   260E0125390E       DC8 38, 14, 1, 37, 57, 14, 29, 37, 18, 1
   \              1D251201    
   \   000004CE   263A0E1D2539       DC8 38, 58, 14, 29, 37, 57, 97, 26, 137, 64
   \              611A8940    
   \   000004D8   00000816936A       DC8 0, 0, 8, 22, 147, 106, 5, 8, 8, 8
   \              05080808    
   \   000004E2   080808080808       DC8 8, 8, 8, 8, 8, 8, 8, 70, 1, 34
   \              08460122    
   \   000004EC   000129010119       DC8 0, 1, 41, 1, 1, 25, 12, 1, 1, 38
   \              0C010126    
   \   000004F6   3A1218261401       DC8 58, 18, 24, 38, 20, 1, 12, 12, 18, 24
   \              0C0C1218    
   \   00000500   263A625E8E4C       DC8 38, 58, 98, 94, 142, 76, 0, 0, 34, 25
   \              00002219    
   \   0000050A   987046222222       DC8 152, 112, 70, 34, 34, 34, 34, 34, 34, 34
   \              22222222    
   \   00000514   222222210901       DC8 34, 34, 34, 33, 9, 1, 0, 1, 19, 1
   \              00011301    
   \   0000051E   01270E01010C       DC8 1, 39, 14, 1, 1, 12, 12, 20, 25, 12
   \              0C14190C    
   \   00000528   01270E1B1419       DC8 1, 39, 14, 27, 20, 25, 12, 12, 100, 39
   \              0C0C6427    
   \   00000532   944100000907       DC8 148, 65, 0, 0, 9, 7, 156, 77, 33, 9
   \              9C4D2109    
   \   0000053C   090909090909       DC8 9, 9, 9, 9, 9, 9, 9, 9, 9, 33
   \              09090921    
   \   00000546   1C0100011C1C       DC8 28, 1, 0, 1, 28, 28, 1, 41, 23, 1
   \              01291701    
   \   00000550   010E1B05270E       DC8 1, 14, 27, 5, 39, 14, 1, 41, 23, 23
   \              01291717    
   \   0000055A   05270E1B6516       DC8 5, 39, 14, 27, 101, 22, 151, 124, 0, 0
   \              977C0000    
   \   00000564   1C185173211C       DC8 28, 24, 81, 115, 33, 28, 28, 28, 28, 28
   \              1C1C1C1C    
   \   0000056E   1C1C1C1C1C3C       DC8 28, 28, 28, 28, 28, 60, 30, 1, 0, 1
   \              1E010001    
   \   00000578   1E1E01130D01       DC8 30, 30, 1, 19, 13, 1, 1, 23, 23, 49
   \              01171731    
   \   00000582   2917010D141F       DC8 41, 23, 1, 13, 20, 31, 49, 41, 23, 23
   \              31291717    
   \   0000058C   67169A7E0000       DC8 103, 22, 154, 126, 0, 0, 30, 25, 81, 114
   \              1E195172    
   \   00000596   3C1E1E1E1E1E       DC8 60, 30, 30, 30, 30, 30, 30, 30, 30, 30
   \              1E1E1E1E    
   \   000005A0   1E2109010001       DC8 30, 33, 9, 1, 0, 1, 9, 9, 1, 9
   \              09090109    
   \   000005AA   090109210909       DC8 9, 1, 9, 33, 9, 9, 9, 9, 1, 9
   \              09090109    
   \   000005B4   090909090909       DC8 9, 9, 9, 9, 9, 9, 102, 14, 153, 80
   \              660E9950    
   \   000005BE   0000090C9B4B       DC8 0, 0, 9, 12, 155, 75, 33, 9, 9, 9
   \              21090909    
   \   000005C8   090909090909       DC8 9, 9, 9, 9, 9, 9, 9, 33, 16, 1
   \              09211001    
   \   000005D2   000110100101       DC8 0, 1, 16, 16, 1, 1, 16, 1, 16, 33
   \              10011021    
   \   000005DC   101010011010       DC8 16, 16, 16, 1, 16, 16, 16, 16, 16, 16
   \              10101010    
   \   000005E6   1010103B9678       DC8 16, 16, 16, 59, 150, 120, 0, 0, 16, 14
   \              0000100E    
   \   000005F0   954021101010       DC8 149, 64, 33, 16, 16, 16, 16, 16, 16, 16
   \              10101010    
   \   000005FA   101010050801       DC8 16, 16, 16, 5, 8, 1, 0, 1, 8, 1
   \              00010801    
   \   00000604   080108010805       DC8 8, 1, 8, 1, 8, 5, 8, 8, 8, 1
   \              08080801    
   \   0000060E   080808080808       DC8 8, 8, 8, 8, 8, 8, 8, 8, 8, 19
   \              08080813    
   \   00000618   924E0000081A       DC8 146, 78, 0, 0, 8, 26, 145, 73, 5, 8
   \              91490508    
   \   00000622   080808080808       DC8 8, 8, 8, 8, 8, 8, 8, 8, 8, 56
   \              08080838    
   \   0000062C   050501010501       DC8 5, 5, 1, 1, 5, 1, 5, 1, 1, 1
   \              05010101    
   \   00000636   053805050501       DC8 5, 56, 5, 5, 5, 1, 5, 5, 5, 5
   \              05050505    
   \   00000640   050505050512       DC8 5, 5, 5, 5, 5, 18, 139, 111, 0, 0
   \              8B6F0000    
   \   0000064A   05168F3F3805       DC8 5, 22, 143, 63, 56, 5, 5, 5, 5, 5
   \              05050505    
   \   00000654   05050505053D       DC8 5, 5, 5, 5, 5, 61, 17, 17, 0, 1
   \              11110001    
   \   0000065E   110111010101       DC8 17, 1, 17, 1, 1, 1, 17, 61, 17, 17
   \              113D1111    
   \   00000668   011111111111       DC8 1, 17, 17, 17, 17, 17, 17, 17, 17, 17
   \              11111111    
   \   00000672   110E874A0000       DC8 17, 14, 135, 74, 0, 0, 17, 67, 140, 104
   \              11438C68    
   \   0000067C   3D1111111111       DC8 61, 17, 17, 17, 17, 17, 17, 17, 17, 17
   \              11111111    
   \   00000686   11130D0D0001       DC8 17, 19, 13, 13, 0, 1, 27, 1, 13, 1
   \              1B010D01    
   \   00000690   01011B14202A       DC8 1, 1, 27, 20, 32, 42, 1, 18, 18, 18
   \              01121212    
   \   0000069A   121212121212       DC8 18, 18, 18, 18, 18, 18, 13, 93, 132, 107
   \              0D5D846B    
   \   000006A4   00000D158863       DC8 0, 0, 13, 21, 136, 99, 19, 13, 5, 27
   \              130D051B    
   \   000006AE   300D0D0D0D0D       DC8 48, 13, 13, 13, 13, 13, 13, 13, 13, 13
   \              0D0D0D0D    
   \   000006B8   000120011301       DC8 0, 1, 32, 1, 19, 1, 1, 1, 32, 13
   \              0101200D    
   \   000006C2   230501300E0E       DC8 35, 5, 1, 48, 14, 14, 14, 14, 14, 14
   \              0E0E0E0E    
   \   000006CC   051B5F438069       DC8 5, 27, 95, 67, 128, 105, 0, 0, 19, 25
   \              00001319    
   \   000006D6   83213B171420       DC8 131, 33, 59, 23, 20, 32, 42, 68, 68, 5
   \              2A444405    
   \   000006E0   1B3013131313       DC8 27, 48, 19, 19, 19, 19, 0, 1, 1, 1
   \              00010101    
   \   000006EA   1A0701012313       DC8 26, 7, 1, 1, 35, 19, 36, 20, 1, 42
   \              2414012A    
   \   000006F4   161616051B30       DC8 22, 22, 22, 5, 27, 48, 20, 32, 92, 87
   \              14205C57    
   \   000006FE   7B1C00001207       DC8 123, 28, 0, 0, 18, 7, 127, 5, 27, 48
   \              7F051B30    
   \   00000708   0D2332051B14       DC8 13, 35, 50, 5, 27, 20, 32, 42, 18, 18
   \              202A1212    
   \   00000712   12120001012F       DC8 18, 18, 0, 1, 1, 47, 21, 10, 1, 1
   \              150A0101    
   \   0000071C   241A070D0132       DC8 36, 26, 7, 13, 1, 50, 22, 22, 22, 20
   \              16161614    
   \   00000726   202A0D235B15       DC8 32, 42, 13, 35, 91, 21, 79, 62, 0, 0
   \              4F3E0000    
   \   00000730   0E187A14202A       DC8 14, 24, 122, 20, 32, 42, 19, 36, 47, 20
   \              13242F14    
   \   0000073A   200D23051B30       DC8 32, 13, 35, 5, 27, 48, 14, 14, 0, 1
   \              0E0E0001    
   \   00000744   012E070B0101       DC8 1, 46, 7, 11, 1, 1, 7, 21, 10, 19
   \              07150A13    
   \   0000074E   012F051B300D       DC8 1, 47, 5, 27, 48, 13, 35, 50, 19, 36
   \              23321324    
   \   00000758   5A0741080000       DC8 90, 7, 65, 8, 0, 0, 22, 24, 119, 13
   \              1618770D    
   \   00000762   23321A072E0D       DC8 35, 50, 26, 7, 46, 13, 35, 19, 36, 20
   \              23132414    
   \   0000076C   202A16160001       DC8 32, 42, 22, 22, 0, 1, 1, 45, 10, 6
   \              012D0A06    
   \   00000776   01150A070B01       DC8 1, 21, 10, 7, 11, 1, 7, 46, 20, 32
   \              072E1420    
   \   00000780   2A13242F1A07       DC8 42, 19, 36, 47, 26, 7, 86, 7, 78, 56
   \              56074E38    
   \   0000078A   000016187513       DC8 0, 0, 22, 24, 117, 19, 36, 47, 21, 10
   \              242F150A    
   \   00000794   2D13241A070D       DC8 45, 19, 36, 26, 7, 13, 35, 50, 22, 22
   \              23321616    
   \   0000079E   0001012B0F04       DC8 0, 1, 1, 43, 15, 4, 1, 7, 11, 10
   \              01070B0A    
   \   000007A8   06010A2D0D23       DC8 6, 1, 10, 45, 13, 35, 50, 26, 7, 46
   \              321A072E    
   \   000007B2   150A55077145       DC8 21, 10, 85, 7, 113, 69, 0, 0, 25, 29
   \              0000191D    
   \   000007BC   4C1A072E070B       DC8 76, 26, 7, 46, 7, 11, 43, 26, 7, 21
   \              2B1A0715    
   \   000007C6   0A13242F051B       DC8 10, 19, 36, 47, 5, 27, 0, 1, 1, 44
   \              0001012C    
   \   000007D0   0402010A060F       DC8 4, 2, 1, 10, 6, 15, 4, 1, 11, 43
   \              04010B2B    
   \   000007DA   13242F150A2D       DC8 19, 36, 47, 21, 10, 45, 7, 11, 82, 29
   \              070B521D    
   \   000007E4   4A120000180F       DC8 74, 18, 0, 0, 24, 15, 109, 21, 10, 45
   \              6D150A2D    
   \   000007EE   0A062C150A07       DC8 10, 6, 44, 21, 10, 7, 11, 26, 7, 46
   \              0B1A072E    
   \   000007F8   142000010404       DC8 20, 32, 0, 1, 4, 4, 0, 0, 1, 15
   \              0000010F    
   \   00000802   0404010A062C       DC8 4, 4, 1, 10, 6, 44, 26, 7, 46, 7
   \              1A072E07    
   \   0000080C   0B2B0A06530B       DC8 11, 43, 10, 6, 83, 11, 63, 26, 0, 0
   \              3F1A0000    
   \   00000816   0B043F070B2B       DC8 11, 4, 63, 7, 11, 43, 15, 4, 4, 7
   \              0F040407    
   \   00000820   0B0A06150A2D       DC8 11, 10, 6, 21, 10, 45, 13, 35, 0, 1
   \              0D230001    
   \   0000082A   020303030104       DC8 2, 3, 3, 3, 1, 4, 2, 0, 1, 15
   \              0200010F    
   \   00000834   0404150A2D0A       DC8 4, 4, 21, 10, 45, 10, 6, 44, 15, 4
   \              062C0F04    
   \   0000083E   0B063E150000       DC8 11, 6, 62, 21, 0, 0, 15, 4, 60, 10
   \              0F043C0A    
   \   00000848   062C0402030A       DC8 6, 44, 4, 2, 3, 10, 6, 15, 4, 7
   \              060F0407    
   \   00000852   0B2B13240001       DC8 11, 43, 19, 36, 0, 1, 0, 0, 0, 1
   \              00000001    
   \   0000085C   010000010304       DC8 1, 0, 0, 1, 3, 4, 2, 3, 7, 11
   \              0203070B    
   \   00000866   2B0F04040402       DC8 43, 15, 4, 4, 4, 2, 15, 4, 31, 24
   \              0F041F18    
   \   00000870   000004020D0F       DC8 0, 0, 4, 2, 13, 15, 4, 4, 0, 0
   \              04040000    
   \   0000087A   000F0404020A       DC8 0, 15, 4, 4, 2, 10, 6, 44, 26, 7
   \              062C1A07    
   \   00000884   000103030001       DC8 0, 1, 3, 3, 0, 1, 1, 3, 1, 0
   \              01030100    
   \   0000088E   000000000A06       DC8 0, 0, 0, 0, 10, 6, 44, 4, 2, 3
   \              2C040203    
   \   00000898   000004033B1D       DC8 0, 0, 4, 3, 59, 29, 0, 0, 3, 0
   \              00000300    
   \   000008A2   1A0402030303       DC8 26, 4, 2, 3, 3, 3, 3, 4, 2, 0
   \              03040200    
   \   000008AC   000F0404150A       DC8 0, 15, 4, 4, 21, 10, 0, 1, 0, 0
   \              00010000    
   \   000008B6   000100010100       DC8 0, 1, 0, 1, 1, 0, 0, 3, 3, 3
   \              00030303    
   \   000008C0   0F0404000000       DC8 15, 4, 4, 0, 0, 0, 3, 3, 3, 2
   \              03030302    
   \   000008CA   150400000000       DC8 21, 4, 0, 0, 0, 0, 7, 0, 0, 0
   \              07000000    
   \   000008D4   000000000003       DC8 0, 0, 0, 0, 0, 3, 3, 4, 2, 3
   \              03040203    
   \   000008DE   070B00010000       DC8 7, 11, 0, 1, 0, 0, 0, 1, 0, 1
   \              00010001    
   \   000008E8   000000000000       DC8 0, 0, 0, 0, 0, 0, 4, 2, 3, 3
   \              04020303    
   \   000008F2   030300000000       DC8 3, 3, 0, 0, 0, 0, 15, 0, 0, 0
   \              0F000000    
   \   000008FC   030303030303       DC8 3, 3, 3, 3, 3, 3, 0, 0, 0, 3
   \              00000003    
   \   00000906   030000000000       DC8 3, 0, 0, 0, 0, 0, 10, 6, 0, 1
   \              0A060001    
   \   00000910   000000010000       DC8 0, 0, 0, 1, 0, 0, 0, 0, 0, 0
   \              00000000    
   \   0000091A   000000000000       DC8 0, 0, 0, 0, 0, 0, 0, 0, 0, 0
   \              00000000    
   \   00000924   030400000000       DC8 3, 4, 0, 0, 0, 0, 0, 0, 0, 0
   \              00000000    
   \   0000092E   000000000000       DC8 0, 0, 0, 0, 0, 0, 0, 0, 0, 3
   \              00000003    
   \   00000938   03030F040001       DC8 3, 3, 15, 4, 0, 1, 0, 0, 0, 0
   \              00000000    
   \   00000942   000000000000       DC8 0, 0, 0, 0, 0, 0, 0, 0, 3, 3
   \              00000303    
   \   0000094C   030000000000       DC8 3, 0, 0, 0, 0, 0, 0, 0, 0, 0
   \              00000000    
   \   00000956   000000000000       DC8 0, 0, 0, 0, 0, 0, 0, 0, 0, 0
   \              00000000    
   \   00000960   000000000000       DC8 0, 0, 0, 0, 0, 0, 0, 0, 4, 2
   \              00000402    
   \   0000096A   000100000000       DC8 0, 1, 0, 0, 0, 0, 0, 0, 0, 0
   \              00000000    
   \   00000974   000000000000       DC8 0, 0, 0, 0, 0, 0, 0, 0, 0, 0
   \              00000000    
   \   0000097E   000000000000       DC8 0, 0, 0, 0, 0, 0, 0, 0, 0, 0
   \              00000000    
   \   00000988   000000000000       DC8 0, 0, 0, 0, 0, 0, 0, 0, 0, 0
   \              00000000    
   \   00000992   000000000000       DC8 0, 0, 0, 0, 0, 0, 0, 0, 0, 0
   \              00000000    
   \   0000099C   000000000000       DC8 0, 0, 0, 0, 0, 0, 0, 0, 0, 0
   \              00000000    
   \   000009A6   000000000000       DC8 0, 0, 0, 0, 0, 0, 0, 0, 0, 0
   \              00000000    
   \   000009B0   000000000000       DC8 0, 0, 0, 0, 0, 0, 0, 0, 0, 0
   \              00000000    
   \   000009BA   000000000000       DC8 0, 0, 0, 0, 0, 0, 0, 0, 0, 0
   \              00000000    
   \   000009C4   030300000000       DC8 3, 3, 0, 0, 0, 0, 0, 0, 0, 0
   \              00000000    
   \   000009CE   000000000000       DC8 0, 0, 0, 0, 0, 0, 0, 0, 0, 0
   \              00000000    
   \   000009D8   000000000000       DC8 0, 0, 0, 0, 0, 0, 0, 0, 0, 0
   \              00000000    
   \   000009E2   000000000000       DC8 0, 0, 0, 0, 0, 0, 0, 0, 0, 0
   \              00000000    
   \   000009EC   000000000000       DC8 0, 0, 0, 0, 0, 0, 0, 0, 0, 0
   \              00000000    
   \   000009F6   000000000000       DC8 0, 0, 0, 0, 0, 0, 0, 0, 0, 0
   \              00000000    
   \   00000A00   000000000000       DC8 0, 0, 0, 0, 0, 0, 0, 0, 0, 0
   \              00000000    
   \   00000A0A   000000000000       DC8 0, 0, 0, 0, 0, 0, 0, 0, 0, 0
   \              00000000    
   \   00000A14   000000000000       DC8 0, 0, 0, 0, 0, 0, 0, 0, 0, 0
   \              00000000    
   \   00000A1E   000000000000       DC8 0, 0, 0, 0, 0, 0, 0, 0, 0, 0
   \              00000000    
   \   00000A28   000000000000       DC8 0, 0, 0, 0, 0, 0, 0, 0, 0, 0
   \              00000000    
   \   00000A32   000000000000       DC8 0, 0, 0, 0, 0, 0, 0, 0, 0, 0
   \              00000000    
   \   00000A3C   000600000000       DC8 0, 6, 0, 0, 0, 0, 0, 0, 0, 0
   \              00000000    
   \   00000A46   000000000000       DC8 0, 0, 0, 0, 0, 0, 0, 0, 0, 0
   \              00000000    
   \   00000A50   000000000000       DC8 0, 0, 0, 0, 0, 0, 0, 0, 0, 0
   \              00000000    
   \   00000A5A   000000000000       DC8 0, 0, 0, 0, 0, 0, 0, 0, 0, 0
   \              00000000    
   \   00000A64   000000000000       DC8 0, 0, 0, 0, 0, 0, 0, 25, 0, 0
   \              00190000    
   \   00000A6E   000000000000       DC8 0, 0, 0, 0, 0, 0, 0, 0, 0, 0
   \              00000000    
   \   00000A78   000000000000       DC8 0, 0, 0, 0, 0, 0, 0, 0, 0, 0
   \              00000000    
   \   00000A82   000000000000       DC8 0, 0, 0, 0, 0, 0, 0, 0, 0, 0
   \              00000000    
   \   00000A8C   000000000000       DC8 0, 0, 0, 0, 0, 0, 0, 0, 0, 0
   \              00000000    
   \   00000A96   00000B590000       DC8 0, 0, 11, 89, 0, 0, 0, 0, 0, 0
   \              00000000    
   \   00000AA0   000000000000       DC8 0, 0, 0, 0, 0, 0, 0, 0, 0, 0
   \              00000000    
   \   00000AAA   000000000000       DC8 0, 0, 0, 0, 0, 0, 0, 0, 0, 0
   \              00000000    
   \   00000AB4   000000000000       DC8 0, 0, 0, 0, 0, 0, 0, 0, 0, 0
   \              00000000    
   \   00000ABE   000000000000       DC8 0, 0, 0, 0, 0, 0, 0, 0, 12, 88
   \              00000C58    
   \   00000AC8   000000000000       DC8 0, 0, 0, 0, 0, 0, 0, 0, 0, 0
   \              00000000    
   \   00000AD2   000000000000       DC8 0, 0, 0, 0, 0, 0, 0, 0, 0, 0
   \              00000000    
   \   00000ADC   000000000000       DC8 0, 0, 0, 0, 0, 0, 0, 0, 0, 0
   \              00000000    
   \   00000AE6   000000000000       DC8 0, 0, 0, 0, 0, 0, 0, 0, 0, 0
   \              00000000    
   \   00000AF0   0000000F160C       DC8 0, 0, 0, 15, 22, 12, 0, 0, 0, 0
   \              00000000    
   \   00000AFA   000000000000       DC8 0, 0, 0, 0, 0, 0, 0, 0, 0, 0
   \              00000000    
   \   00000B04   000000000000       DC8 0, 0, 0, 0, 0, 0, 0, 0, 0, 0
   \              00000000    
   \   00000B0E   000000000000       DC8 0, 0, 0, 0, 0, 0, 0, 0, 0, 0
   \              00000000    
   \   00000B18   000000000000       DC8 0, 0, 0, 0, 0, 0, 0, 0, 0, 25
   \              00000019    
   \   00000B22   0C0C               DC8 12, 12
     89            0x00, 0x00, 0x00, 0x00, 0x00, 0x00, 0x00, 0x00, 0x00, 0x00, 0x00, 0x00, 0x00, 0x00, 0x00, 0x00, 0x00, 0x00, 0x00, 0x00, 0x00, 0x00, 0x00, 0x00, 0x00, 0x00, 0x00, 0x00, 0x00, 0x00, 0x00, 0x00, 0x00, 0x00, 0x00, 0x00, 0x00, 0x00, 0x00, 0x00, 0x00, 0x00, 
     90                  0x00, 0x00, 0x00, 0x00,
     91            0x00, 0x00, 0x00, 0x00, 0x00, 0x00, 0x00, 0x00, 0x00, 0x00, 0x00, 0x00, 0x00, 0x00, 0x00, 0x00, 0x00, 0x00, 0x00, 0x00, 0x00, 0x00, 0x00, 0x00, 0x00, 0x00, 0x00, 0x00, 0x00, 0x00, 0x00, 0x00, 0x00, 0x00, 0x00, 0x00, 0x00, 0x00, 0x00, 0x00, 0x00, 0x00, 
     92                  0x00, 0x00, 0x00, 0x00,
     93            0x00, 0x00, 0x00, 0x00, 0x00, 0x00, 0x00, 0x00, 0x00, 0x00, 0x00, 0x00, 0x00, 0x00, 0x00, 0x00, 0x00, 0x00, 0x00, 0x00, 0x00, 0x00, 0x00, 0x00, 0x00, 0x00, 0x00, 0x00, 0x00, 0x00, 0x00, 0x00, 0x00, 0x00, 0x00, 0x00, 0x00, 0x00, 0x00, 0x00, 0x00, 0x00, 
     94                  0x00, 0x00, 0x00, 0x00,
     95            0x00, 0x00, 0x00, 0x00, 0x00, 0x00, 0x00, 0x00, 0x00, 0x00, 0x00, 0x00, 0x00, 0x00, 0x00, 0x00, 0x00, 0x00, 0x00, 0x00, 0x00, 0x00, 0x00, 0x00, 0x00, 0x00, 0x00, 0x00, 0x00, 0x00, 0x00, 0x00, 0x00, 0x00, 0x00, 0x00, 0x00, 0x00, 0x00, 0x00, 0x00, 0x00, 
     96                  0x00, 0x00, 0x00, 0x00,
     97            0x00, 0x00, 0x00, 0x00, 0x00, 0x00, 0x00, 0x00, 0x00, 0x00, 0x00, 0x00, 0x00, 0x00, 0x00, 0x00, 0x00, 0x00, 0x00, 0x00, 0x00, 0x00, 0x00, 0x00, 0x00, 0x00, 0x00, 0x00, 0x00, 0x00, 0x00, 0x00, 0x00, 0x00, 0x00, 0x00, 0x00, 0x00, 0x00, 0x00, 0x00, 0x00, 
     98                  0x00, 0x00, 0x00, 0x00,
     99            0x00, 0x00, 0x00, 0x00, 0x00, 0x00, 0x00, 0x00, 0x00, 0x00, 0x00, 0x00, 0x00, 0x00, 0x00, 0x00, 0x00, 0x00, 0x00, 0x00, 0x00, 0x00, 0x00, 0x00, 0x00, 0x00, 0x00, 0x00, 0x00, 0x00, 0x00, 0x00, 0x00, 0x00, 0x00, 0x00, 0x00, 0x00, 0x00, 0x00, 0x00, 0x00, 
    100                  0x00, 0x00, 0x00, 0x00,
    101            0x00, 0x00, 0x00, 0x00, 0x00, 0x00, 0x00, 0x00, 0x00, 0x00, 0x00, 0x00, 0x00, 0x00, 0x00, 0x00, 0x00, 0x00, 0x00, 0x00, 0x00, 0x00, 0x00, 0x00, 0x00, 0x00, 0x00, 0x00, 0x00, 0x00, 0x00, 0x00, 0x00, 0x00, 0x00, 0x00, 0x00, 0x00, 0x00, 0x00, 0x00, 0x00, 
    102                  0x00, 0x00, 0x00, 0x00,
    103            0x00, 0x00, 0x00, 0x00, 0x00, 0x00, 0x00, 0x00, 0x00, 0x00, 0x00, 0x00, 0x00, 0x00, 0x00, 0x00, 0x00, 0x00, 0x00, 0x00, 0x00, 0x00, 0x00, 0x00, 0x00, 0x00, 0x00, 0x00, 0x00, 0x00, 0x00, 0x00, 0x00, 0x00, 0x00, 0x00, 0x00, 0x00, 0x00, 0x00, 0x00, 0x00, 
    104                  0x00, 0x00, 0x00, 0x00,
    105            0x00, 0x00, 0x00, 0x00, 0x00, 0x00, 0x00, 0x00, 0x00, 0x00, 0x00, 0x00, 0x00, 0x00, 0x00, 0x00, 0x00, 0x00, 0x00, 0x00, 0x00, 0x00, 0x00, 0x00, 0x00, 0x00, 0x00, 0x00, 0x00, 0x00, 0x00, 0x00, 0x00, 0x00, 0x00, 0x00, 0x00, 0x00, 0x00, 0x00, 0x00, 0x00, 
    106                  0x00, 0x00, 0x00, 0x00,
    107            0x00, 0x00, 0x00, 0x00, 0x00, 0x00, 0x00, 0x00, 0x00, 0x00, 0x00, 0x00, 0x00, 0x00, 0x00, 0x00, 0x00, 0x00, 0x00, 0x00, 0x00, 0x00, 0x00, 0x00, 0x00, 0x01, 0x00, 0x00, 0x00, 0x00, 0x00, 0x00, 0x00, 0x00, 0x00, 0x00, 0x00, 0x00, 0x00, 0x00, 0x00, 0x00, 
    108                  0x00, 0x00, 0x00, 0x00,
    109            0x00, 0x00, 0x00, 0x00, 0x00, 0x00, 0x00, 0x00, 0x00, 0x00, 0x00, 0x00, 0x00, 0x00, 0x00, 0x00, 0x00, 0x00, 0x00, 0x00, 0x00, 0x00, 0x00, 0x00, 0x01, 0x00, 0x01, 0x00, 0x00, 0x00, 0x00, 0x00, 0x00, 0x00, 0x00, 0x00, 0x00, 0x00, 0x00, 0x00, 0x00, 0x00, 
    110                  0x00, 0x00, 0x00, 0x00,
    111            0x02, 0x02, 0x04, 0x02, 0x02, 0x02, 0x00, 0x00, 0x00, 0x00, 0x00, 0x00, 0x00, 0x02, 0x02, 0x02, 0x02, 0x00, 0x00, 0x01, 0x00, 0x00, 0x00, 0x00, 0x01, 0x00, 0x00, 0x01, 0x00, 0x01, 0x01, 0x00, 0x00, 0x00, 0x00, 0x00, 0x00, 0x00, 0x00, 0x00, 0x02, 0x02, 
    112                  0x04, 0x02, 0x00, 0x00,
    113            0x00, 0x00, 0x0A, 0x00, 0x00, 0x00, 0x02, 0x02, 0x02, 0x02, 0x02, 0x02, 0x02, 0x00, 0x00, 0x00, 0x00, 0x02, 0x02, 0x01, 0x00, 0x00, 0x00, 0x01, 0x00, 0x00, 0x00, 0x01, 0x00, 0x01, 0x01, 0x00, 0x00, 0x00, 0x00, 0x00, 0x00, 0x00, 0x00, 0x00, 0x00, 0x00, 
    114                  0x0B, 0x03, 0x00, 0x00,
    115            0x02, 0x00, 0x0C, 0x03, 0x00, 0x02, 0x00, 0x00, 0x00, 0x00, 0x00, 0x00, 0x00, 0x03, 0x00, 0x02, 0x02, 0x00, 0x00, 0x01, 0x00, 0x00, 0x00, 0x01, 0x00, 0x00, 0x00, 0x01, 0x00, 0x01, 0x00, 0x01, 0x00, 0x00, 0x00, 0x00, 0x00, 0x00, 0x00, 0x00, 0x02, 0x00, 
    116                  0x19, 0x06, 0x00, 0x00,
    117            0x02, 0x00, 0x14, 0x04, 0x00, 0x02, 0x03, 0x00, 0x02, 0x02, 0x03, 0x00, 0x02, 0x04, 0x00, 0x02, 0x02, 0x03, 0x00, 0x01, 0x00, 0x02, 0x00, 0x01, 0x00, 0x00, 0x00, 0x01, 0x00, 0x01, 0x00, 0x00, 0x01, 0x00, 0x00, 0x00, 0x00, 0x00, 0x00, 0x00, 0x02, 0x00, 
    118                  0x3B, 0x1D, 0x00, 0x00,
    119            0x03, 0x00, 0x3C, 0x06, 0x02, 0x03, 0x04, 0x00, 0x02, 0x02, 0x04, 0x00, 0x02, 0x06, 0x02, 0x03, 0x34, 0x04, 0x00, 0x00, 0x01, 0x00, 0x00, 0x01, 0x00, 0x00, 0x00, 0x01, 0x00, 0x01, 0x00, 0x00, 0x01, 0x01, 0x00, 0x00, 0x00, 0x00, 0x00, 0x00, 0x03, 0x00, 
    120                  0x38, 0x18, 0x00, 0x00,
    121            0x03, 0x00, 0x48, 0x0B, 0x03, 0x03, 0x06, 0x02, 0x03, 0x34, 0x06, 0x02, 0x03, 0x0B, 0x03, 0x03, 0x33, 0x06, 0x02, 0x00, 0x01, 0x02, 0x02, 0x01, 0x02, 0x00, 0x00, 0x01, 0x00, 0x01, 0x00, 0x00, 0x02, 0x01, 0x02, 0x02, 0x00, 0x00, 0x00, 0x00, 0x03, 0x00, 
    122                  0x3E, 0x15, 0x00, 0x00,
    123            0x06, 0x00, 0x6E, 0x0A, 0x04, 0x06, 0x0B, 0x03, 0x03, 0x33, 0x0B, 0x03, 0x03, 0x0A, 0x04, 0x06, 0x35, 0x0B, 0x03, 0x00, 0x01, 0x02, 0x00, 0x01, 0x00, 0x02, 0x02, 0x01, 0x02, 0x01, 0x02, 0x02, 0x00, 0x01, 0x00, 0x00, 0x02, 0x02, 0x02, 0x02, 0x06, 0x00, 
    124                  0x48, 0x1A, 0x00, 0x00,
    125            0x0F, 0x00, 0x4D, 0x07, 0x06, 0x0F, 0x0A, 0x04, 0x06, 0x35, 0x0A, 0x04, 0x06, 0x07, 0x06, 0x0F, 0x36, 0x0A, 0x04, 0x01, 0x01, 0x03, 0x03, 0x01, 0x02, 0x00, 0x00, 0x01, 0x00, 0x01, 0x00, 0x00, 0x03, 0x01, 0x02, 0x02, 0x00, 0x00, 0x00, 0x00, 0x0F, 0x02, 
    126                  0x40, 0x12, 0x00, 0x00,
    127            0x1D, 0x02, 0x76, 0x0C, 0x0B, 0x28, 0x07, 0x06, 0x0F, 0x36, 0x07, 0x06, 0x0F, 0x0C, 0x0B, 0x28, 0x37, 0x01, 0x01, 0x01, 0x01, 0x03, 0x04, 0x01, 0x02, 0x03, 0x00, 0x01, 0x02, 0x01, 0x00, 0x02, 0x04, 0x01, 0x02, 0x02, 0x03, 0x00, 0x02, 0x02, 0x1D, 0x03, 
    128                  0x4B, 0x45, 0x00, 0x00,
    129            0x18, 0x03, 0x4F, 0x0E, 0x1D, 0x25, 0x0C, 0x0B, 0x28, 0x37, 0x0C, 0x0B, 0x28, 0x0E, 0x1D, 0x25, 0x01, 0x0C, 0x0B, 0x01, 0x01, 0x06, 0x06, 0x01, 0x03, 0x04, 0x00, 0x01, 0x01, 0x04, 0x00, 0x02, 0x06, 0x01, 0x03, 0x34, 0x04, 0x00, 0x02, 0x02, 0x18, 0x04, 
    130                  0x74, 0x05, 0x00, 0x00,
    131            0x19, 0x04, 0x50, 0x12, 0x18, 0x26, 0x0E, 0x1D, 0x25, 0x39, 0x0E, 0x1D, 0x25, 0x12, 0x18, 0x26, 0x01, 0x0E, 0x00, 0x01, 0x01, 0x0F, 0x0B, 0x01, 0x03, 0x06, 0x01, 0x01, 0x34, 0x06, 0x02, 0x03, 0x0B, 0x01, 0x03, 0x33, 0x06, 0x02, 0x03, 0x34, 0x19, 0x06, 
    132                  0x41, 0x21, 0x00, 0x00,
    133            0x0C, 0x0F, 0x81, 0x14, 0x19, 0x0C, 0x12, 0x18, 0x26, 0x3A, 0x12, 0x18, 0x26, 0x14, 0x19, 0x0C, 0x01, 0x12, 0x00, 0x01, 0x01, 0x28, 0x0A, 0x01, 0x06, 0x0B, 0x01, 0x01, 0x33, 0x0B, 0x03, 0x03, 0x0A, 0x01, 0x06, 0x35, 0x0B, 0x03, 0x03, 0x33, 0x0C, 0x0B, 
    134                  0x79, 0x10, 0x00, 0x00,
    135            0x0E, 0x1D, 0x86, 0x05, 0x27, 0x0E, 0x14, 0x19, 0x0C, 0x0C, 0x14, 0x19, 0x0C, 0x05, 0x27, 0x0E, 0x01, 0x14, 0x00, 0x01, 0x01, 0x25, 0x07, 0x01, 0x0F, 0x0A, 0x01, 0x01, 0x35, 0x0A, 0x04, 0x06, 0x07, 0x01, 0x0F, 0x36, 0x0A, 0x04, 0x06, 0x35, 0x17, 0x42, 
    136                  0x7D, 0x47, 0x00, 0x00,
    137            0x17, 0x42, 0x8A, 0x31, 0x29, 0x17, 0x05, 0x27, 0x0E, 0x1B, 0x05, 0x27, 0x0E, 0x31, 0x29, 0x17, 0x01, 0x05, 0x00, 0x01, 0x01, 0x26, 0x0C, 0x01, 0x28, 0x07, 0x01, 0x01, 0x36, 0x07, 0x06, 0x0F, 0x0C, 0x01, 0x28, 0x37, 0x07, 0x06, 0x0F, 0x36, 0x0D, 0x54, 
    138                  0x82, 0x49, 0x00, 0x00,
    139            0x0D, 0x07, 0x8D, 0x09, 0x13, 0x0D, 0x31, 0x29, 0x17, 0x17, 0x31, 0x29, 0x17, 0x17, 0x0D, 0x14, 0x01, 0x31, 0x00, 0x01, 0x01, 0x0C, 0x01, 0x1D, 0x25, 0x0C, 0x01, 0x01, 0x37, 0x0C, 0x0B, 0x28, 0x0E, 0x01, 0x25, 0x39, 0x0C, 0x0B, 0x28, 0x37, 0x60, 0x15, 
    140                  0x85, 0x6C, 0x00, 0x00,
    141            0x1F, 0x0C, 0x90, 0x47, 0x14, 0x1F, 0x1F, 0x1F, 0x1F, 0x1F, 0x1F, 0x1F, 0x1F, 0x1F, 0x1F, 0x05, 0x01, 0x08, 0x00, 0x01, 0x27, 0x01, 0x01, 0x18, 0x26, 0x0E, 0x01, 0x25, 0x39, 0x0E, 0x1D, 0x25, 0x12, 0x01, 0x26, 0x3A, 0x0E, 0x1D, 0x25, 0x39, 0x61, 0x1A, 
    142                  0x89, 0x40, 0x00, 0x00,
    143            0x08, 0x16, 0x93, 0x6A, 0x05, 0x08, 0x08, 0x08, 0x08, 0x08, 0x08, 0x08, 0x08, 0x08, 0x08, 0x46, 0x01, 0x22, 0x00, 0x01, 0x29, 0x01, 0x01, 0x19, 0x0C, 0x01, 0x01, 0x26, 0x3A, 0x12, 0x18, 0x26, 0x14, 0x01, 0x0C, 0x0C, 0x12, 0x18, 0x26, 0x3A, 0x62, 0x5E, 
    144                  0x8E, 0x4C, 0x00, 0x00,
    145            0x22, 0x19, 0x98, 0x70, 0x46, 0x22, 0x22, 0x22, 0x22, 0x22, 0x22, 0x22, 0x22, 0x22, 0x22, 0x21, 0x09, 0x01, 0x00, 0x01, 0x13, 0x01, 0x01, 0x27, 0x0E, 0x01, 0x01, 0x0C, 0x0C, 0x14, 0x19, 0x0C, 0x01, 0x27, 0x0E, 0x1B, 0x14, 0x19, 0x0C, 0x0C, 0x64, 0x27, 
    146                  0x94, 0x41, 0x00, 0x00,
    147            0x09, 0x07, 0x9C, 0x4D, 0x21, 0x09, 0x09, 0x09, 0x09, 0x09, 0x09, 0x09, 0x09, 0x09, 0x09, 0x21, 0x1C, 0x01, 0x00, 0x01, 0x1C, 0x1C, 0x01, 0x29, 0x17, 0x01, 0x01, 0x0E, 0x1B, 0x05, 0x27, 0x0E, 0x01, 0x29, 0x17, 0x17, 0x05, 0x27, 0x0E, 0x1B, 0x65, 0x16, 
    148                  0x97, 0x7C, 0x00, 0x00,
    149            0x1C, 0x18, 0x51, 0x73, 0x21, 0x1C, 0x1C, 0x1C, 0x1C, 0x1C, 0x1C, 0x1C, 0x1C, 0x1C, 0x1C, 0x3C, 0x1E, 0x01, 0x00, 0x01, 0x1E, 0x1E, 0x01, 0x13, 0x0D, 0x01, 0x01, 0x17, 0x17, 0x31, 0x29, 0x17, 0x01, 0x0D, 0x14, 0x1F, 0x31, 0x29, 0x17, 0x17, 0x67, 0x16, 
    150                  0x9A, 0x7E, 0x00, 0x00,
    151            0x1E, 0x19, 0x51, 0x72, 0x3C, 0x1E, 0x1E, 0x1E, 0x1E, 0x1E, 0x1E, 0x1E, 0x1E, 0x1E, 0x1E, 0x21, 0x09, 0x01, 0x00, 0x01, 0x09, 0x09, 0x01, 0x09, 0x09, 0x01, 0x09, 0x21, 0x09, 0x09, 0x09, 0x09, 0x01, 0x09, 0x09, 0x09, 0x09, 0x09, 0x09, 0x09, 0x66, 0x0E, 
    152                  0x99, 0x50, 0x00, 0x00,
    153            0x09, 0x0C, 0x9B, 0x4B, 0x21, 0x09, 0x09, 0x09, 0x09, 0x09, 0x09, 0x09, 0x09, 0x09, 0x09, 0x21, 0x10, 0x01, 0x00, 0x01, 0x10, 0x10, 0x01, 0x01, 0x10, 0x01, 0x10, 0x21, 0x10, 0x10, 0x10, 0x01, 0x10, 0x10, 0x10, 0x10, 0x10, 0x10, 0x10, 0x10, 0x10, 0x3B, 
    154                  0x96, 0x78, 0x00, 0x00,
    155            0x10, 0x0E, 0x95, 0x40, 0x21, 0x10, 0x10, 0x10, 0x10, 0x10, 0x10, 0x10, 0x10, 0x10, 0x10, 0x05, 0x08, 0x01, 0x00, 0x01, 0x08, 0x01, 0x08, 0x01, 0x08, 0x01, 0x08, 0x05, 0x08, 0x08, 0x08, 0x01, 0x08, 0x08, 0x08, 0x08, 0x08, 0x08, 0x08, 0x08, 0x08, 0x13, 
    156                  0x92, 0x4E, 0x00, 0x00,
    157            0x08, 0x1A, 0x91, 0x49, 0x05, 0x08, 0x08, 0x08, 0x08, 0x08, 0x08, 0x08, 0x08, 0x08, 0x08, 0x38, 0x05, 0x05, 0x01, 0x01, 0x05, 0x01, 0x05, 0x01, 0x01, 0x01, 0x05, 0x38, 0x05, 0x05, 0x05, 0x01, 0x05, 0x05, 0x05, 0x05, 0x05, 0x05, 0x05, 0x05, 0x05, 0x12, 
    158                  0x8B, 0x6F, 0x00, 0x00,
    159            0x05, 0x16, 0x8F, 0x3F, 0x38, 0x05, 0x05, 0x05, 0x05, 0x05, 0x05, 0x05, 0x05, 0x05, 0x05, 0x3D, 0x11, 0x11, 0x00, 0x01, 0x11, 0x01, 0x11, 0x01, 0x01, 0x01, 0x11, 0x3D, 0x11, 0x11, 0x01, 0x11, 0x11, 0x11, 0x11, 0x11, 0x11, 0x11, 0x11, 0x11, 0x11, 0x0E, 
    160                  0x87, 0x4A, 0x00, 0x00,
    161            0x11, 0x43, 0x8C, 0x68, 0x3D, 0x11, 0x11, 0x11, 0x11, 0x11, 0x11, 0x11, 0x11, 0x11, 0x11, 0x13, 0x0D, 0x0D, 0x00, 0x01, 0x1B, 0x01, 0x0D, 0x01, 0x01, 0x01, 0x1B, 0x14, 0x20, 0x2A, 0x01, 0x12, 0x12, 0x12, 0x12, 0x12, 0x12, 0x12, 0x12, 0x12, 0x0D, 0x5D, 
    162                  0x84, 0x6B, 0x00, 0x00,
    163            0x0D, 0x15, 0x88, 0x63, 0x13, 0x0D, 0x05, 0x1B, 0x30, 0x0D, 0x0D, 0x0D, 0x0D, 0x0D, 0x0D, 0x0D, 0x0D, 0x0D, 0x00, 0x01, 0x20, 0x01, 0x13, 0x01, 0x01, 0x01, 0x20, 0x0D, 0x23, 0x05, 0x01, 0x30, 0x0E, 0x0E, 0x0E, 0x0E, 0x0E, 0x0E, 0x05, 0x1B, 0x5F, 0x43, 
    164                  0x80, 0x69, 0x00, 0x00,
    165            0x13, 0x19, 0x83, 0x21, 0x3B, 0x17, 0x14, 0x20, 0x2A, 0x44, 0x44, 0x05, 0x1B, 0x30, 0x13, 0x13, 0x13, 0x13, 0x00, 0x01, 0x01, 0x01, 0x1A, 0x07, 0x01, 0x01, 0x23, 0x13, 0x24, 0x14, 0x01, 0x2A, 0x16, 0x16, 0x16, 0x05, 0x1B, 0x30, 0x14, 0x20, 0x5C, 0x57, 
    166                  0x7B, 0x1C, 0x00, 0x00,
    167            0x12, 0x07, 0x7F, 0x05, 0x1B, 0x30, 0x0D, 0x23, 0x32, 0x05, 0x1B, 0x14, 0x20, 0x2A, 0x12, 0x12, 0x12, 0x12, 0x00, 0x01, 0x01, 0x2F, 0x15, 0x0A, 0x01, 0x01, 0x24, 0x1A, 0x07, 0x0D, 0x01, 0x32, 0x16, 0x16, 0x16, 0x14, 0x20, 0x2A, 0x0D, 0x23, 0x5B, 0x15, 
    168                  0x4F, 0x3E, 0x00, 0x00,
    169            0x0E, 0x18, 0x7A, 0x14, 0x20, 0x2A, 0x13, 0x24, 0x2F, 0x14, 0x20, 0x0D, 0x23, 0x05, 0x1B, 0x30, 0x0E, 0x0E, 0x00, 0x01, 0x01, 0x2E, 0x07, 0x0B, 0x01, 0x01, 0x07, 0x15, 0x0A, 0x13, 0x01, 0x2F, 0x05, 0x1B, 0x30, 0x0D, 0x23, 0x32, 0x13, 0x24, 0x5A, 0x07, 
    170                  0x41, 0x08, 0x00, 0x00,
    171            0x16, 0x18, 0x77, 0x0D, 0x23, 0x32, 0x1A, 0x07, 0x2E, 0x0D, 0x23, 0x13, 0x24, 0x14, 0x20, 0x2A, 0x16, 0x16, 0x00, 0x01, 0x01, 0x2D, 0x0A, 0x06, 0x01, 0x15, 0x0A, 0x07, 0x0B, 0x01, 0x07, 0x2E, 0x14, 0x20, 0x2A, 0x13, 0x24, 0x2F, 0x1A, 0x07, 0x56, 0x07, 
    172                  0x4E, 0x38, 0x00, 0x00,
    173            0x16, 0x18, 0x75, 0x13, 0x24, 0x2F, 0x15, 0x0A, 0x2D, 0x13, 0x24, 0x1A, 0x07, 0x0D, 0x23, 0x32, 0x16, 0x16, 0x00, 0x01, 0x01, 0x2B, 0x0F, 0x04, 0x01, 0x07, 0x0B, 0x0A, 0x06, 0x01, 0x0A, 0x2D, 0x0D, 0x23, 0x32, 0x1A, 0x07, 0x2E, 0x15, 0x0A, 0x55, 0x07, 
    174                  0x71, 0x45, 0x00, 0x00,
    175            0x19, 0x1D, 0x4C, 0x1A, 0x07, 0x2E, 0x07, 0x0B, 0x2B, 0x1A, 0x07, 0x15, 0x0A, 0x13, 0x24, 0x2F, 0x05, 0x1B, 0x00, 0x01, 0x01, 0x2C, 0x04, 0x02, 0x01, 0x0A, 0x06, 0x0F, 0x04, 0x01, 0x0B, 0x2B, 0x13, 0x24, 0x2F, 0x15, 0x0A, 0x2D, 0x07, 0x0B, 0x52, 0x1D, 
    176                  0x4A, 0x12, 0x00, 0x00,
    177            0x18, 0x0F, 0x6D, 0x15, 0x0A, 0x2D, 0x0A, 0x06, 0x2C, 0x15, 0x0A, 0x07, 0x0B, 0x1A, 0x07, 0x2E, 0x14, 0x20, 0x00, 0x01, 0x04, 0x04, 0x00, 0x00, 0x01, 0x0F, 0x04, 0x04, 0x01, 0x0A, 0x06, 0x2C, 0x1A, 0x07, 0x2E, 0x07, 0x0B, 0x2B, 0x0A, 0x06, 0x53, 0x0B, 
    178                  0x3F, 0x1A, 0x00, 0x00,
    179            0x0B, 0x04, 0x3F, 0x07, 0x0B, 0x2B, 0x0F, 0x04, 0x04, 0x07, 0x0B, 0x0A, 0x06, 0x15, 0x0A, 0x2D, 0x0D, 0x23, 0x00, 0x01, 0x02, 0x03, 0x03, 0x03, 0x01, 0x04, 0x02, 0x00, 0x01, 0x0F, 0x04, 0x04, 0x15, 0x0A, 0x2D, 0x0A, 0x06, 0x2C, 0x0F, 0x04, 0x0B, 0x06, 
    180                  0x3E, 0x15, 0x00, 0x00,
    181            0x0F, 0x04, 0x3C, 0x0A, 0x06, 0x2C, 0x04, 0x02, 0x03, 0x0A, 0x06, 0x0F, 0x04, 0x07, 0x0B, 0x2B, 0x13, 0x24, 0x00, 0x01, 0x00, 0x00, 0x00, 0x01, 0x01, 0x00, 0x00, 0x01, 0x03, 0x04, 0x02, 0x03, 0x07, 0x0B, 0x2B, 0x0F, 0x04, 0x04, 0x04, 0x02, 0x0F, 0x04, 
    182                  0x1F, 0x18, 0x00, 0x00,
    183            0x04, 0x02, 0x0D, 0x0F, 0x04, 0x04, 0x00, 0x00, 0x00, 0x0F, 0x04, 0x04, 0x02, 0x0A, 0x06, 0x2C, 0x1A, 0x07, 0x00, 0x01, 0x03, 0x03, 0x00, 0x01, 0x01, 0x03, 0x01, 0x00, 0x00, 0x00, 0x00, 0x00, 0x0A, 0x06, 0x2C, 0x04, 0x02, 0x03, 0x00, 0x00, 0x04, 0x03, 
    184                  0x3B, 0x1D, 0x00, 0x00,
    185            0x03, 0x00, 0x1A, 0x04, 0x02, 0x03, 0x03, 0x03, 0x03, 0x04, 0x02, 0x00, 0x00, 0x0F, 0x04, 0x04, 0x15, 0x0A, 0x00, 0x01, 0x00, 0x00, 0x00, 0x01, 0x00, 0x01, 0x01, 0x00, 0x00, 0x03, 0x03, 0x03, 0x0F, 0x04, 0x04, 0x00, 0x00, 0x00, 0x03, 0x03, 0x03, 0x02, 
    186                  0x15, 0x04, 0x00, 0x00,
    187            0x00, 0x00, 0x07, 0x00, 0x00, 0x00, 0x00, 0x00, 0x00, 0x00, 0x00, 0x03, 0x03, 0x04, 0x02, 0x03, 0x07, 0x0B, 0x00, 0x01, 0x00, 0x00, 0x00, 0x01, 0x00, 0x01, 0x00, 0x00, 0x00, 0x00, 0x00, 0x00, 0x04, 0x02, 0x03, 0x03, 0x03, 0x03, 0x00, 0x00, 0x00, 0x00, 
    188                  0x0F, 0x00, 0x00, 0x00,
    189            0x03, 0x03, 0x03, 0x03, 0x03, 0x03, 0x00, 0x00, 0x00, 0x03, 0x03, 0x00, 0x00, 0x00, 0x00, 0x00, 0x0A, 0x06, 0x00, 0x01, 0x00, 0x00, 0x00, 0x01, 0x00, 0x00, 0x00, 0x00, 0x00, 0x00, 0x00, 0x00, 0x00, 0x00, 0x00, 0x00, 0x00, 0x00, 0x00, 0x00, 0x03, 0x04, 
    190                  0x00, 0x00, 0x00, 0x00,
    191            0x00, 0x00, 0x00, 0x00, 0x00, 0x00, 0x00, 0x00, 0x00, 0x00, 0x00, 0x00, 0x00, 0x03, 0x03, 0x03, 0x0F, 0x04, 0x00, 0x01, 0x00, 0x00, 0x00, 0x00, 0x00, 0x00, 0x00, 0x00, 0x00, 0x00, 0x00, 0x00, 0x03, 0x03, 0x03, 0x00, 0x00, 0x00, 0x00, 0x00, 0x00, 0x00, 
    192                  0x00, 0x00, 0x00, 0x00,
    193            0x00, 0x00, 0x00, 0x00, 0x00, 0x00, 0x00, 0x00, 0x00, 0x00, 0x00, 0x00, 0x00, 0x00, 0x00, 0x00, 0x04, 0x02, 0x00, 0x01, 0x00, 0x00, 0x00, 0x00, 0x00, 0x00, 0x00, 0x00, 0x00, 0x00, 0x00, 0x00, 0x00, 0x00, 0x00, 0x00, 0x00, 0x00, 0x00, 0x00, 0x00, 0x00, 
    194                  0x00, 0x00, 0x00, 0x00,
    195            0x00, 0x00, 0x00, 0x00, 0x00, 0x00, 0x00, 0x00, 0x00, 0x00, 0x00, 0x00, 0x00, 0x00, 0x00, 0x00, 0x00, 0x00, 0x00, 0x00, 0x00, 0x00, 0x00, 0x00, 0x00, 0x00, 0x00, 0x00, 0x00, 0x00, 0x00, 0x00, 0x00, 0x00, 0x00, 0x00, 0x00, 0x00, 0x00, 0x00, 0x00, 0x00, 
    196                  0x00, 0x00, 0x00, 0x00,
    197            0x00, 0x00, 0x00, 0x00, 0x00, 0x00, 0x00, 0x00, 0x00, 0x00, 0x00, 0x00, 0x00, 0x00, 0x00, 0x00, 0x03, 0x03, 0x00, 0x00, 0x00, 0x00, 0x00, 0x00, 0x00, 0x00, 0x00, 0x00, 0x00, 0x00, 0x00, 0x00, 0x00, 0x00, 0x00, 0x00, 0x00, 0x00, 0x00, 0x00, 0x00, 0x00, 
    198                  0x00, 0x00, 0x00, 0x00,
    199            0x00, 0x00, 0x00, 0x00, 0x00, 0x00, 0x00, 0x00, 0x00, 0x00, 0x00, 0x00, 0x00, 0x00, 0x00, 0x00, 0x00, 0x00, 0x00, 0x00, 0x00, 0x00, 0x00, 0x00, 0x00, 0x00, 0x00, 0x00, 0x00, 0x00, 0x00, 0x00, 0x00, 0x00, 0x00, 0x00, 0x00, 0x00, 0x00, 0x00, 0x00, 0x00, 
    200                  0x00, 0x00, 0x00, 0x00,
    201            0x00, 0x00, 0x00, 0x00, 0x00, 0x00, 0x00, 0x00, 0x00, 0x00, 0x00, 0x00, 0x00, 0x00, 0x00, 0x00, 0x00, 0x00, 0x00, 0x00, 0x00, 0x00, 0x00, 0x00, 0x00, 0x00, 0x00, 0x00, 0x00, 0x00, 0x00, 0x00, 0x00, 0x00, 0x00, 0x00, 0x00, 0x00, 0x00, 0x00, 0x00, 0x00, 
    202                  0x00, 0x00, 0x00, 0x06,
    203            0x00, 0x00, 0x00, 0x00, 0x00, 0x00, 0x00, 0x00, 0x00, 0x00, 0x00, 0x00, 0x00, 0x00, 0x00, 0x00, 0x00, 0x00, 0x00, 0x00, 0x00, 0x00, 0x00, 0x00, 0x00, 0x00, 0x00, 0x00, 0x00, 0x00, 0x00, 0x00, 0x00, 0x00, 0x00, 0x00, 0x00, 0x00, 0x00, 0x00, 0x00, 0x00, 
    204                  0x00, 0x00, 0x00, 0x19,
    205            0x00, 0x00, 0x00, 0x00, 0x00, 0x00, 0x00, 0x00, 0x00, 0x00, 0x00, 0x00, 0x00, 0x00, 0x00, 0x00, 0x00, 0x00, 0x00, 0x00, 0x00, 0x00, 0x00, 0x00, 0x00, 0x00, 0x00, 0x00, 0x00, 0x00, 0x00, 0x00, 0x00, 0x00, 0x00, 0x00, 0x00, 0x00, 0x00, 0x00, 0x00, 0x00, 
    206                  0x00, 0x00, 0x0B, 0x59,
    207            0x00, 0x00, 0x00, 0x00, 0x00, 0x00, 0x00, 0x00, 0x00, 0x00, 0x00, 0x00, 0x00, 0x00, 0x00, 0x00, 0x00, 0x00, 0x00, 0x00, 0x00, 0x00, 0x00, 0x00, 0x00, 0x00, 0x00, 0x00, 0x00, 0x00, 0x00, 0x00, 0x00, 0x00, 0x00, 0x00, 0x00, 0x00, 0x00, 0x00, 0x00, 0x00, 
    208                  0x00, 0x00, 0x0C, 0x58,
    209            0x00, 0x00, 0x00, 0x00, 0x00, 0x00, 0x00, 0x00, 0x00, 0x00, 0x00, 0x00, 0x00, 0x00, 0x00, 0x00, 0x00, 0x00, 0x00, 0x00, 0x00, 0x00, 0x00, 0x00, 0x00, 0x00, 0x00, 0x00, 0x00, 0x00, 0x00, 0x00, 0x00, 0x00, 0x00, 0x00, 0x00, 0x00, 0x00, 0x00, 0x00, 0x00, 
    210                  0x00, 0x0F, 0x16, 0x0C,
    211            0x00, 0x00, 0x00, 0x00, 0x00, 0x00, 0x00, 0x00, 0x00, 0x00, 0x00, 0x00, 0x00, 0x00, 0x00, 0x00, 0x00, 0x00, 0x00, 0x00, 0x00, 0x00, 0x00, 0x00, 0x00, 0x00, 0x00, 0x00, 0x00, 0x00, 0x00, 0x00, 0x00, 0x00, 0x00, 0x00, 0x00, 0x00, 0x00, 0x00, 0x00, 0x00, 
    212                  0x00, 0x19, 0x0C, 0x0C
    213          };
    214          

   \                                 In section .rodata, align 4, keep-with-next
    215          GUI_CONST_STORAGE GUI_BITMAP bmYellow_1 = {
   \                     bmYellow_1:
   \   00000000                      ; Initializer data, 20 bytes
   \   00000000   2E003E002E00       DC16 46, 62, 46, 8
   \              0800        
   \   00000008   ............       DC32 acYellow_1, PalYellow_1
   \              ....        
   \   00000010   00000000           DC8 0, 0, 0, 0
    216            46, /* XSize */
    217            62, /* YSize */
    218            46, /* BytesPerLine */
    219            8, /* BitsPerPixel */
    220            acYellow_1,  /* Pointer to picture data (indices) */
    221            &PalYellow_1  /* Pointer to palette */
    222          };
    223          
    224          /* *** End of file *** */


   Section sizes:

     Function/Label Bytes
     -------------- -----
     ColorsYellow_1  628
     PalYellow_1      12
     acYellow_1     2852
     bmYellow_1       20

 
 3 512 bytes in section .rodata
 
 3 512 bytes of CONST memory

Errors: none
Warnings: none
