C51 COMPILER V9.51   ROADBLOCK                                                             01/05/2016 18:47:25 PAGE 1   


C51 COMPILER V9.51, COMPILATION OF MODULE ROADBLOCK
NO OBJECT MODULE REQUESTED
COMPILER INVOKED BY: C:\Keil\C51\BIN\C51.EXE ..\CommonFiles\roadblock.c OPTIMIZE(SIZE) BROWSE MDU_F120 INCDIR(..\..\C51\
                    -INC\;..\CommonFiles\;..\SU\) DB OE DEFINE(SENSOR,EXTCLK6,NODEBUG,UBLOX,DISPLAYATTACHED) DEBUG OBJECTEXTEND PRINT(.\roadb
                    -lock.lst) SRC(.\roadblock.SRC)

line level    source

   1          //
   2          // Part of traqmate SU and DU
   3          //
   4          // This infinite loop is placed before the code reflash routine in order to stop runaway
   5          // software or a random program counter startup load from killing the code.
   6          #pragma ASM
   7          ROADBLOCK       SEGMENT CODE
   8                  RSEG    ROADBLOCK
   9                  JMP     $       // endless loop to protect against accidental code erase
  10          #pragma ENDASM


MODULE INFORMATION:   STATIC OVERLAYABLE
   CODE SIZE        =   ----    ----
   CONSTANT SIZE    =   ----    ----
   XDATA SIZE       =   ----    ----
   PDATA SIZE       =   ----    ----
   DATA SIZE        =   ----    ----
   IDATA SIZE       =   ----    ----
   BIT SIZE         =   ----    ----
END OF MODULE INFORMATION.


C51 COMPILATION COMPLETE.  0 WARNING(S),  0 ERROR(S)
