###############################################################################
#                                                                             #
# IAR ANSI C/C++ Compiler V6.10.2.52244/W32 for ARM     19/Nov/2015  13:12:34 #
# Copyright 1999-2010 IAR Systems AB.                                         #
#                                                                             #
#    Cpu mode     =  arm                                                      #
#    Endian       =  little                                                   #
#    Source file  =  C:\DUII\DUII\Graphics\1.c                                #
#    Command line =  C:\DUII\DUII\Graphics\1.c -D DEBUG=1 -D SDRAM_TARGET=1   #
#                    -D USB_IS_HIGH_SPEED -D NOPROFILER -D OS_TRACE=0 -D      #
#                    OS_VIEW_ENABLE=0 -lCN C:\DUII\TargetHW\Release\List\ -o  #
#                    C:\DUII\TargetHW\Release\Obj\ --endian=little            #
#                    --cpu=ARM926EJ-S -e --fpu=None --dlib_config             #
#                    "C:\Program Files (x86)\IAR Systems\Embedded Workbench   #
#                    6.0\arm\INC\c\DLib_Config_Normal.h" -I                   #
#                    C:\DUII\TargetHW\Application\SEGGERDEMO\ -I              #
#                    C:\DUII\TargetHW\Application\SEGGERDEMO\Src\ -I          #
#                    C:\DUII\TargetHW\Config\ -I C:\DUII\TargetHW\FS\ -I      #
#                    C:\DUII\TargetHW\GUI\ -I C:\DUII\TargetHW\Inc\ -I        #
#                    C:\DUII\TargetHW\OS\ -I C:\DUII\TargetHW\Setup\ -I       #
#                    \DUII\DUII\ -I \DUII\DUII\Graphics\ --cpu_mode arm -Ohs  #
#                    --use_c++_inline --require_prototypes                    #
#    List file    =  C:\DUII\TargetHW\Release\List\1.lst                      #
#    Object file  =  C:\DUII\TargetHW\Release\Obj\1.o                         #
#                                                                             #
#                                                                             #
###############################################################################

C:\DUII\DUII\Graphics\1.c
      1          /*********************************************************************
      2          *                SEGGER MICROCONTROLLER SYSTEME GmbH                 *
      3          *        Solutions for real time microcontroller applications        *
      4          *                           www.segger.com                           *
      5          **********************************************************************
      6          *
      7          * C-file generated by
      8          *
      9          *        Bitmap converter for emWin V5.04.
     10          *        Compiled Jan  8 2010, 16:37:17
     11          *        (C) 1998 - 2005 Segger Microcontroller Systeme GmbH
     12          *
     13          **********************************************************************
     14          *
     15          * Source file: 1
     16          * Dimensions:  121 * 35
     17          * NumColors:   171
     18          *
     19          **********************************************************************
     20          */
     21          
     22          #include <stdlib.h>
     23          
     24          #include "GUI.h"
     25          
     26          #ifndef GUI_CONST_STORAGE
     27            #define GUI_CONST_STORAGE const
     28          #endif
     29          
     30          /*   Palette
     31          The following are the entries of the palette table.
     32          Every entry is a 32-bit value (of which 24 bits are actually used)
     33          the lower   8 bits represent the Red component,
     34          the middle  8 bits represent the Green component,
     35          the highest 8 bits (of the 24 bits used) represent the Blue component
     36          as follows:   0xBBGGRR
     37          */
     38          

   \                                 In section .rodata, align 4, keep-with-next
     39          static GUI_CONST_STORAGE GUI_COLOR Colors1[] = {
   \                     Colors1:
   \   00000000                      ; Initializer data, 684 bytes
   \   00000000   000000002323       DC32 0, 2302755, 3750201, 4276545, 2236962, 2894892, 4342338, 131586, 526344, 3026478
   \              230039393900
   \              414141002222
   \              22002C2C2C00
   \              424242000202
   \              020008080800
   \              2E2E2E00    
   \   00000028   3B3B3B000B0B       DC32 3881787, 723723, 986895, 1513239, 1776411, 2039583, 2829099, 3487029, 4079166, 4144959
   \              0B000F0F0F00
   \              171717001B1B
   \              1B001F1F1F00
   \              2B2B2B003535
   \              35003E3E3E00
   \              3F3F3F00    
   \   00000050   050505001313       DC32 328965, 1250067, 2565927, 3289650, 262143, 4340282, 524288, 131072, 263172, 1654591
   \              130027272700
   \              32323200FFFF
   \              03003A3A4200
   \              000008000000
   \              020004040400
   \              3F3F1900    
   \   00000078   FFFF02000000       DC32 196607, 65536, 855309, 1184274, 1577490, 1644825, 2500134, 3223857, 4407360, 173991
   \              01000D0D0D00
   \              121212001212
   \              180019191900
   \              262626003131
   \              310040404300
   \              A7A70200    
   \   000000A0   A9A90200E8E8       DC32 174505, 59624, 65793, 197379, 262144, 328964, 459780, 394501, 394758, 786432
   \              000001010100
   \              030303000000
   \              040004050500
   \              040407000505
   \              060006060600
   \              00000C00    
   \   000000C8   00000E000505       DC32 917504, 984325, 787974, 722952, 657930, 789516, 986638, 1048576, 1051146, 1378826
   \              0F0006060C00
   \              08080B000A0A
   \              0A000C0C0C00
   \              0E0E0F000000
   \              10000A0A1000
   \              0A0A1500    
   \   000000F0   0A0A16000C0C       DC32 1444362, 1051660, 1051917, 1117967, 1510412, 1510669, 397328, 136212, 398870, 530970
   \              10000D0D1000
   \              0F0F11000C0C
   \              17000D0D1700
   \              101006001414
   \              020016160600
   \              1A1A0800    
   \   00000118   131314001414       DC32 1315603, 1315860, 1381653, 1447446, 1643283, 1775126, 1579032, 1644568, 1842204, 1973790
   \              140015151500
   \              161616001313
   \              190016161B00
   \              181818001818
   \              19001C1C1C00
   \              1E1E1E00    
   \   00000140   171724001919       DC32 2365207, 2103577, 2759451, 2891551, 74274, 335904, 142637, 666668, 1452586, 1977388
   \              20001B1B2A00
   \              1F1F2C002222
   \              010020200500
   \              2D2D02002C2C
   \              0A002A2A1600
   \              2C2C1E00    
   \   00000168   323205003F3F       DC32 340530, 147263, 1323056, 1128504, 1588798, 1589055, 2105376, 2170912, 2368548, 2631463
   \              020030301400
   \              383811003E3E
   \              18003F3F1800
   \              202020002020
   \              210024242400
   \              27272800    
   \   00000190   282828002929       DC32 2631720, 2828585, 2763306, 3090472, 2960684, 3418409, 3680553, 2700854, 2899004, 3158064
   \              2B002A2A2A00
   \              28282F002C2D
   \              2D0029293400
   \              292938003636
   \              29003C3C2C00
   \              30303000    
   \   000001B8   333335003334       DC32 3486515, 3421235, 3552822, 3749430, 4011317, 4077110, 3618872, 3684408, 3815994, 4013373
   \              340036363600
   \              363639003535
   \              3D0036363E00
   \              383837003838
   \              38003A3A3A00
   \              3D3D3D00    
   \   000001E0   3C3C41003F3F       DC32 4275260, 4341567, 673350, 216654, 1132359, 218967, 349525, 88152, 154973, 156258
   \              420046460A00
   \              4E4E03004747
   \              110057570300
   \              555505005858
   \              01005D5D0200
   \              62620200    
   \   00000208   646409006B6B       DC32 615524, 158571, 288872, 96119, 4210752, 4407617, 4276802, 4408131, 4472896, 163968
   \              020068680400
   \              777701004040
   \              400041414300
   \              424241004343
   \              430040404400
   \              80800200    
   \   00000230   818102008888       DC32 164225, 100488, 232845, 169108, 169365, 236700, 173477, 43176, 175790, 110768
   \              01008D8D0300
   \              949402009595
   \              02009C9C0300
   \              A5A50200A8A8
   \              0000AEAE0200
   \              B0B00100    
   \   00000258   BDBD0000BCBC       DC32 48573, 179388, 115651, 183500, 118735, 54227, 185813, 187355, 57054, 57311
   \              0200C3C30100
   \              CCCC0200CFCF
   \              0100D3D30000
   \              D5D50200DBDB
   \              0200DEDE0000
   \              DFDF0000    
   \   00000280   E2E20000E4E4       DC32 58082, 189668, 60652, 126188, 63222, 194294, 194551, 260087, 65021, 131071
   \              0200ECEC0000
   \              ECEC0100F6F6
   \              0000F6F60200
   \              F7F70200F7F7
   \              0300FDFD0000
   \              FFFF0100    
   \   000002A8   FEFE0200           DC32 196350
     40               0x000000,0x232323,0x393939,0x414141
     41              ,0x222222,0x2C2C2C,0x424242,0x020202
     42              ,0x080808,0x2E2E2E,0x3B3B3B,0x0B0B0B
     43              ,0x0F0F0F,0x171717,0x1B1B1B,0x1F1F1F
     44              ,0x2B2B2B,0x353535,0x3E3E3E,0x3F3F3F
     45              ,0x050505,0x131313,0x272727,0x323232
     46              ,0x03FFFF,0x423A3A,0x080000,0x020000
     47              ,0x040404,0x193F3F,0x02FFFF,0x010000
     48              ,0x0D0D0D,0x121212,0x181212,0x191919
     49              ,0x262626,0x313131,0x434040,0x02A7A7
     50              ,0x02A9A9,0x00E8E8,0x010101,0x030303
     51              ,0x040000,0x050504,0x070404,0x060505
     52              ,0x060606,0x0C0000,0x0E0000,0x0F0505
     53              ,0x0C0606,0x0B0808,0x0A0A0A,0x0C0C0C
     54              ,0x0F0E0E,0x100000,0x100A0A,0x150A0A
     55              ,0x160A0A,0x100C0C,0x100D0D,0x110F0F
     56              ,0x170C0C,0x170D0D,0x061010,0x021414
     57              ,0x061616,0x081A1A,0x141313,0x141414
     58              ,0x151515,0x161616,0x191313,0x1B1616
     59              ,0x181818,0x191818,0x1C1C1C,0x1E1E1E
     60              ,0x241717,0x201919,0x2A1B1B,0x2C1F1F
     61              ,0x012222,0x052020,0x022D2D,0x0A2C2C
     62              ,0x162A2A,0x1E2C2C,0x053232,0x023F3F
     63              ,0x143030,0x113838,0x183E3E,0x183F3F
     64              ,0x202020,0x212020,0x242424,0x282727
     65              ,0x282828,0x2B2929,0x2A2A2A,0x2F2828
     66              ,0x2D2D2C,0x342929,0x382929,0x293636
     67              ,0x2C3C3C,0x303030,0x353333,0x343433
     68              ,0x363636,0x393636,0x3D3535,0x3E3636
     69              ,0x373838,0x383838,0x3A3A3A,0x3D3D3D
     70              ,0x413C3C,0x423F3F,0x0A4646,0x034E4E
     71              ,0x114747,0x035757,0x055555,0x015858
     72              ,0x025D5D,0x026262,0x096464,0x026B6B
     73              ,0x046868,0x017777,0x404040,0x434141
     74              ,0x414242,0x434343,0x444040,0x028080
     75              ,0x028181,0x018888,0x038D8D,0x029494
     76              ,0x029595,0x039C9C,0x02A5A5,0x00A8A8
     77              ,0x02AEAE,0x01B0B0,0x00BDBD,0x02BCBC
     78              ,0x01C3C3,0x02CCCC,0x01CFCF,0x00D3D3
     79              ,0x02D5D5,0x02DBDB,0x00DEDE,0x00DFDF
     80              ,0x00E2E2,0x02E4E4,0x00ECEC,0x01ECEC
     81              ,0x00F6F6,0x02F6F6,0x02F7F7,0x03F7F7
     82              ,0x00FDFD,0x01FFFF,0x02FEFE
     83          };
     84          

   \                                 In section .rodata, align 4, keep-with-next
     85          static GUI_CONST_STORAGE GUI_LOGPALETTE Pal1 = {
   \                     Pal1:
   \   00000000                      ; Initializer data, 12 bytes
   \   00000000   AB000000           DC32 171
   \   00000004   00000000           DC8 0, 0, 0, 0
   \   00000008   ........           DC32 Colors1
     86            171,	/* number of entries */
     87            0, 	/* No transparency */
     88            &Colors1[0]
     89          };
     90          

   \                                 In section .rodata, align 4, keep-with-next
     91          static GUI_CONST_STORAGE unsigned char ac1[] = {
   \                     ac1:
   \   00000000                      ; Initializer data, 4236 bytes
   \   00000000   040404040404       DC8 4, 4, 4, 4, 4, 4, 4, 4, 4, 4
   \              04040404    
   \   0000000A   040404040404       DC8 4, 4, 4, 4, 4, 4, 4, 4, 4, 4
   \              04040404    
   \   00000014   040404040404       DC8 4, 4, 4, 4, 4, 4, 4, 4, 4, 4
   \              04040404    
   \   0000001E   040404040404       DC8 4, 4, 4, 4, 4, 4, 4, 4, 4, 4
   \              04040404    
   \   00000028   040404040404       DC8 4, 4, 4, 4, 4, 4, 4, 4, 4, 4
   \              04040404    
   \   00000032   040404040404       DC8 4, 4, 4, 4, 4, 4, 4, 4, 4, 4
   \              04040404    
   \   0000003C   040404040404       DC8 4, 4, 4, 4, 4, 4, 4, 4, 4, 4
   \              04040404    
   \   00000046   040404040404       DC8 4, 4, 4, 4, 4, 4, 4, 4, 4, 4
   \              04040404    
   \   00000050   040404040404       DC8 4, 4, 4, 4, 4, 4, 4, 4, 4, 4
   \              04040404    
   \   0000005A   040404040404       DC8 4, 4, 4, 4, 4, 4, 4, 4, 4, 4
   \              04040404    
   \   00000064   040404040404       DC8 4, 4, 4, 4, 4, 4, 4, 4, 4, 4
   \              04040404    
   \   0000006E   040404040404       DC8 4, 4, 4, 4, 4, 4, 4, 4, 4, 4
   \              04040404    
   \   00000078   040101010101       DC8 4, 1, 1, 1, 1, 1, 1, 1, 1, 1
   \              01010101    
   \   00000082   010101010101       DC8 1, 1, 1, 1, 1, 1, 1, 1, 1, 1
   \              01010101    
   \   0000008C   010101010101       DC8 1, 1, 1, 1, 1, 1, 1, 1, 1, 1
   \              01010101    
   \   00000096   010101010101       DC8 1, 1, 1, 1, 1, 1, 1, 1, 1, 1
   \              01010101    
   \   000000A0   010101010101       DC8 1, 1, 1, 1, 1, 1, 1, 1, 1, 1
   \              01010101    
   \   000000AA   010101010101       DC8 1, 1, 1, 1, 1, 1, 1, 1, 1, 1
   \              01010101    
   \   000000B4   010101010101       DC8 1, 1, 1, 1, 1, 1, 1, 1, 1, 1
   \              01010101    
   \   000000BE   010101010101       DC8 1, 1, 1, 1, 1, 1, 1, 1, 1, 1
   \              01010101    
   \   000000C8   010101010101       DC8 1, 1, 1, 1, 1, 1, 1, 1, 1, 1
   \              01010101    
   \   000000D2   010101010101       DC8 1, 1, 1, 1, 1, 1, 1, 1, 1, 1
   \              01010101    
   \   000000DC   010101010101       DC8 1, 1, 1, 1, 1, 1, 1, 1, 1, 1
   \              01010101    
   \   000000E6   010101010101       DC8 1, 1, 1, 1, 1, 1, 1, 1, 1, 1
   \              01010101    
   \   000000F0   010105050505       DC8 1, 1, 5, 5, 5, 5, 5, 5, 5, 5
   \              05050505    
   \   000000FA   050505050505       DC8 5, 5, 5, 5, 5, 5, 5, 5, 5, 5
   \              05050505    
   \   00000104   050505050505       DC8 5, 5, 5, 5, 5, 5, 5, 5, 5, 5
   \              05050505    
   \   0000010E   050505050505       DC8 5, 5, 5, 5, 5, 5, 5, 5, 5, 5
   \              05050505    
   \   00000118   050505050505       DC8 5, 5, 5, 5, 5, 5, 5, 5, 5, 5
   \              05050505    
   \   00000122   050505050505       DC8 5, 5, 5, 5, 5, 5, 5, 5, 5, 5
   \              05050505    
   \   0000012C   050505050505       DC8 5, 5, 5, 5, 5, 5, 5, 5, 5, 5
   \              05050505    
   \   00000136   050505050505       DC8 5, 5, 5, 5, 5, 5, 5, 5, 5, 5
   \              05050505    
   \   00000140   050505050505       DC8 5, 5, 5, 5, 5, 5, 5, 5, 5, 5
   \              05050505    
   \   0000014A   050505050505       DC8 5, 5, 5, 5, 5, 5, 5, 5, 5, 5
   \              05050505    
   \   00000154   050505050505       DC8 5, 5, 5, 5, 5, 5, 5, 5, 5, 5
   \              05050505    
   \   0000015E   050505050505       DC8 5, 5, 5, 5, 5, 5, 5, 5, 5, 5
   \              05050505    
   \   00000168   050505020202       DC8 5, 5, 5, 2, 2, 2, 2, 2, 2, 2
   \              02020202    
   \   00000172   020202020202       DC8 2, 2, 2, 2, 2, 2, 2, 2, 2, 2
   \              02020202    
   \   0000017C   020202020202       DC8 2, 2, 2, 2, 2, 2, 2, 2, 2, 2
   \              02020202    
   \   00000186   020202020202       DC8 2, 2, 2, 2, 2, 2, 2, 2, 2, 2
   \              02020202    
   \   00000190   020202020202       DC8 2, 2, 2, 2, 2, 2, 2, 2, 2, 2
   \              02020202    
   \   0000019A   020202020202       DC8 2, 2, 2, 2, 2, 2, 2, 2, 2, 2
   \              02020202    
   \   000001A4   020202020202       DC8 2, 2, 2, 2, 2, 2, 2, 2, 2, 2
   \              02020202    
   \   000001AE   020202020202       DC8 2, 2, 2, 2, 2, 2, 2, 2, 2, 2
   \              02020202    
   \   000001B8   020202020202       DC8 2, 2, 2, 2, 2, 2, 2, 2, 2, 2
   \              02020202    
   \   000001C2   020202020202       DC8 2, 2, 2, 2, 2, 2, 2, 2, 2, 2
   \              02020202    
   \   000001CC   020202020202       DC8 2, 2, 2, 2, 2, 2, 2, 2, 2, 2
   \              02020202    
   \   000001D6   020202020202       DC8 2, 2, 2, 2, 2, 2, 2, 2, 2, 2
   \              02020202    
   \   000001E0   020202020303       DC8 2, 2, 2, 2, 3, 3, 3, 3, 3, 3
   \              03030303    
   \   000001EA   030303068A19       DC8 3, 3, 3, 6, 138, 25, 25, 25, 25, 25
   \              19191919    
   \   000001F4   268803030303       DC8 38, 136, 3, 3, 3, 3, 3, 3, 3, 3
   \              03030303    
   \   000001FE   030303030303       DC8 3, 3, 3, 3, 3, 3, 3, 3, 3, 3
   \              03030303    
   \   00000208   030303030303       DC8 3, 3, 3, 3, 3, 3, 3, 3, 3, 3
   \              03030303    
   \   00000212   030303030303       DC8 3, 3, 3, 3, 3, 3, 3, 3, 3, 3
   \              03030303    
   \   0000021C   030303030303       DC8 3, 3, 3, 3, 3, 3, 3, 3, 3, 3
   \              03030303    
   \   00000226   030303030303       DC8 3, 3, 3, 3, 3, 3, 3, 3, 3, 3
   \              03030303    
   \   00000230   030303030303       DC8 3, 3, 3, 3, 3, 3, 3, 3, 3, 3
   \              03030303    
   \   0000023A   030303030303       DC8 3, 3, 3, 3, 3, 3, 3, 3, 3, 3
   \              03030303    
   \   00000244   030303030303       DC8 3, 3, 3, 3, 3, 3, 3, 3, 3, 3
   \              03030303    
   \   0000024E   030303030303       DC8 3, 3, 3, 3, 3, 3, 3, 3, 3, 3
   \              03030303    
   \   00000258   030303030306       DC8 3, 3, 3, 3, 3, 6, 6, 6, 6, 6
   \              06060606    
   \   00000262   06060606266B       DC8 6, 6, 6, 6, 38, 107, 94, 29, 29, 29
   \              5E1D1D1D    
   \   0000026C   5F6C87060606       DC8 95, 108, 135, 6, 6, 6, 6, 6, 6, 6
   \              06060606    
   \   00000276   060606060606       DC8 6, 6, 6, 6, 6, 6, 6, 6, 6, 6
   \              06060606    
   \   00000280   060606060606       DC8 6, 6, 6, 6, 6, 6, 6, 6, 6, 6
   \              06060606    
   \   0000028A   060606060606       DC8 6, 6, 6, 6, 6, 6, 6, 6, 6, 6
   \              06060606    
   \   00000294   060606060606       DC8 6, 6, 6, 6, 6, 6, 6, 6, 6, 6
   \              06060606    
   \   0000029E   060606060606       DC8 6, 6, 6, 6, 6, 6, 6, 6, 6, 6
   \              06060606    
   \   000002A8   060606060606       DC8 6, 6, 6, 6, 6, 6, 6, 6, 6, 6
   \              06060606    
   \   000002B2   060606060606       DC8 6, 6, 6, 6, 6, 6, 6, 6, 6, 6
   \              06060606    
   \   000002BC   060606060606       DC8 6, 6, 6, 6, 6, 6, 6, 6, 6, 6
   \              06060606    
   \   000002C6   060606060606       DC8 6, 6, 6, 6, 6, 6, 6, 6, 6, 6
   \              06060606    
   \   000002D0   060606060606       DC8 6, 6, 6, 6, 6, 6, 3, 3, 3, 3
   \              03030303    
   \   000002DA   03030303896A       DC8 3, 3, 3, 3, 137, 106, 133, 164, 41, 41
   \              85A42929    
   \   000002E4   A29E7C728603       DC8 162, 158, 124, 114, 134, 3, 3, 3, 3, 3
   \              03030303    
   \   000002EE   030303030303       DC8 3, 3, 3, 3, 3, 3, 3, 3, 3, 3
   \              03030303    
   \   000002F8   030303030303       DC8 3, 3, 3, 3, 3, 3, 3, 3, 3, 3
   \              03030303    
   \   00000302   030303030303       DC8 3, 3, 3, 3, 3, 3, 3, 3, 3, 3
   \              03030303    
   \   0000030C   030303030303       DC8 3, 3, 3, 3, 3, 3, 3, 3, 3, 3
   \              03030303    
   \   00000316   030303030303       DC8 3, 3, 3, 3, 3, 3, 3, 3, 3, 3
   \              03030303    
   \   00000320   030303030303       DC8 3, 3, 3, 3, 3, 3, 3, 3, 3, 3
   \              03030303    
   \   0000032A   030303030303       DC8 3, 3, 3, 3, 3, 3, 3, 3, 3, 3
   \              03030303    
   \   00000334   030303030303       DC8 3, 3, 3, 3, 3, 3, 3, 3, 3, 3
   \              03030303    
   \   0000033E   030303030303       DC8 3, 3, 3, 3, 3, 3, 3, 3, 3, 3
   \              03030303    
   \   00000348   030303030303       DC8 3, 3, 3, 3, 3, 3, 3, 19, 19, 19
   \              03131313    
   \   00000352   131313131379       DC8 19, 19, 19, 19, 19, 121, 101, 147, 24, 24
   \              65931818    
   \   0000035C   1818A058710A       DC8 24, 24, 160, 88, 113, 10, 18, 19, 19, 19
   \              12131313    
   \   00000366   131313131313       DC8 19, 19, 19, 19, 19, 19, 19, 19, 19, 19
   \              13131313    
   \   00000370   131313131313       DC8 19, 19, 19, 19, 19, 19, 19, 19, 19, 19
   \              13131313    
   \   0000037A   131313131313       DC8 19, 19, 19, 19, 19, 19, 19, 19, 19, 19
   \              13131313    
   \   00000384   131313131313       DC8 19, 19, 19, 19, 19, 19, 19, 19, 19, 19
   \              13131313    
   \   0000038E   131313131313       DC8 19, 19, 19, 19, 19, 19, 19, 19, 19, 19
   \              13131313    
   \   00000398   131313131313       DC8 19, 19, 19, 19, 19, 19, 19, 19, 19, 19
   \              13131313    
   \   000003A2   131313131313       DC8 19, 19, 19, 19, 19, 19, 19, 19, 19, 19
   \              13131313    
   \   000003AC   131313131313       DC8 19, 19, 19, 19, 19, 19, 19, 19, 19, 19
   \              13131313    
   \   000003B6   131313131313       DC8 19, 19, 19, 19, 19, 19, 19, 19, 19, 19
   \              13131313    
   \   000003C0   131313131313       DC8 19, 19, 19, 19, 19, 19, 19, 19, 18, 18
   \              13131212    
   \   000003CA   121212121212       DC8 18, 18, 18, 18, 18, 18, 120, 89, 155, 24
   \              78599B18    
   \   000003D4   18181898226D       DC8 24, 24, 24, 152, 34, 109, 17, 10, 119, 18
   \              110A7712    
   \   000003DE   121212121212       DC8 18, 18, 18, 18, 18, 18, 18, 18, 18, 18
   \              12121212    
   \   000003E8   121212121212       DC8 18, 18, 18, 18, 18, 18, 18, 18, 18, 18
   \              12121212    
   \   000003F2   121212121212       DC8 18, 18, 18, 18, 18, 18, 18, 18, 18, 18
   \              12121212    
   \   000003FC   121212121212       DC8 18, 18, 18, 18, 18, 18, 18, 18, 18, 18
   \              12121212    
   \   00000406   121212121212       DC8 18, 18, 18, 18, 18, 18, 18, 18, 18, 18
   \              12121212    
   \   00000410   121212121212       DC8 18, 18, 18, 18, 18, 18, 18, 18, 18, 18
   \              12121212    
   \   0000041A   121212121212       DC8 18, 18, 18, 18, 18, 18, 18, 18, 18, 18
   \              12121212    
   \   00000424   121212121212       DC8 18, 18, 18, 18, 18, 18, 18, 18, 18, 18
   \              12121212    
   \   0000042E   121212121212       DC8 18, 18, 18, 18, 18, 18, 18, 18, 18, 18
   \              12121212    
   \   00000438   121212121212       DC8 18, 18, 18, 18, 18, 18, 18, 18, 18, 10
   \              1212120A    
   \   00000442   0A0A0A0A0A0A       DC8 10, 10, 10, 10, 10, 10, 10, 115, 93, 168
   \              0A735DA8    
   \   0000044C   181818188E41       DC8 24, 24, 24, 24, 142, 65, 36, 37, 117, 10
   \              2425750A    
   \   00000456   0A0A0A0A0A0A       DC8 10, 10, 10, 10, 10, 10, 10, 10, 10, 10
   \              0A0A0A0A    
   \   00000460   0A0A0A0A0A0A       DC8 10, 10, 10, 10, 10, 10, 10, 10, 10, 10
   \              0A0A0A0A    
   \   0000046A   0A0A0A0A0A0A       DC8 10, 10, 10, 10, 10, 10, 10, 10, 10, 10
   \              0A0A0A0A    
   \   00000474   0A0A0A0A0A0A       DC8 10, 10, 10, 10, 10, 10, 10, 10, 10, 10
   \              0A0A0A0A    
   \   0000047E   0A0A0A0A0A0A       DC8 10, 10, 10, 10, 10, 10, 10, 10, 10, 10
   \              0A0A0A0A    
   \   00000488   0A0A0A0A0A0A       DC8 10, 10, 10, 10, 10, 10, 10, 10, 10, 10
   \              0A0A0A0A    
   \   00000492   0A0A0A0A0A0A       DC8 10, 10, 10, 10, 10, 10, 10, 10, 10, 10
   \              0A0A0A0A    
   \   0000049C   0A0A0A0A0A0A       DC8 10, 10, 10, 10, 10, 10, 10, 10, 10, 10
   \              0A0A0A0A    
   \   000004A6   0A0A0A0A0A0A       DC8 10, 10, 10, 10, 10, 10, 10, 10, 10, 10
   \              0A0A0A0A    
   \   000004B0   0A0A0A0A0A0A       DC8 10, 10, 10, 10, 10, 10, 10, 10, 10, 10
   \              0A0A0A0A    
   \   000004BA   020202020202       DC8 2, 2, 2, 2, 2, 2, 2, 118, 105, 130
   \              02766982    
   \   000004C4   A9181818187D       DC8 169, 24, 24, 24, 24, 125, 60, 4, 9, 112
   \              3C040970    
   \   000004CE   020202020202       DC8 2, 2, 2, 2, 2, 2, 2, 2, 2, 2
   \              02020202    
   \   000004D8   020202020202       DC8 2, 2, 2, 2, 2, 2, 2, 2, 2, 2
   \              02020202    
   \   000004E2   020202020202       DC8 2, 2, 2, 2, 2, 2, 2, 2, 2, 2
   \              02020202    
   \   000004EC   020202020202       DC8 2, 2, 2, 2, 2, 2, 2, 2, 2, 2
   \              02020202    
   \   000004F6   020202020202       DC8 2, 2, 2, 2, 2, 2, 2, 2, 2, 2
   \              02020202    
   \   00000500   020202020202       DC8 2, 2, 2, 2, 2, 2, 2, 2, 2, 2
   \              02020202    
   \   0000050A   020202020202       DC8 2, 2, 2, 2, 2, 2, 2, 2, 2, 2
   \              02020202    
   \   00000514   020202020202       DC8 2, 2, 2, 2, 2, 2, 2, 2, 2, 2
   \              02020202    
   \   0000051E   020202020202       DC8 2, 2, 2, 2, 2, 2, 2, 2, 2, 2
   \              02020202    
   \   00000528   020202020202       DC8 2, 2, 2, 2, 2, 2, 2, 2, 2, 2
   \              02020202    
   \   00000532   021111111111       DC8 2, 17, 17, 17, 17, 17, 17, 17, 116, 82
   \              11117452    
   \   0000053C   901E181818A6       DC8 144, 30, 24, 24, 24, 166, 90, 64, 4, 9
   \              5A400409    
   \   00000546   6F1111111111       DC8 111, 17, 17, 17, 17, 17, 17, 17, 17, 17
   \              11111111    
   \   00000550   111111111111       DC8 17, 17, 17, 17, 17, 17, 17, 17, 17, 17
   \              11111111    
   \   0000055A   111111111111       DC8 17, 17, 17, 17, 17, 17, 17, 17, 17, 17
   \              11111111    
   \   00000564   111111111111       DC8 17, 17, 17, 17, 17, 17, 17, 17, 17, 17
   \              11111111    
   \   0000056E   111111111111       DC8 17, 17, 17, 17, 17, 17, 17, 17, 17, 17
   \              11111111    
   \   00000578   111111111111       DC8 17, 17, 17, 17, 17, 17, 17, 17, 17, 17
   \              11111111    
   \   00000582   111111111111       DC8 17, 17, 17, 17, 17, 17, 17, 17, 17, 17
   \              11111111    
   \   0000058C   111111111111       DC8 17, 17, 17, 17, 17, 17, 17, 17, 17, 17
   \              11111111    
   \   00000596   111111111111       DC8 17, 17, 17, 17, 17, 17, 17, 17, 17, 17
   \              11111111    
   \   000005A0   111111111111       DC8 17, 17, 17, 17, 17, 17, 17, 17, 17, 17
   \              11111111    
   \   000005AA   111117171717       DC8 17, 17, 23, 23, 23, 23, 23, 23, 23, 110
   \              1717176E    
   \   000005B4   519618181818       DC8 81, 150, 24, 24, 24, 24, 156, 69, 34, 4
   \              9C452204    
   \   000005BE   682517171717       DC8 104, 37, 23, 23, 23, 23, 23, 23, 23, 23
   \              17171717    
   \   000005C8   171717171717       DC8 23, 23, 23, 23, 23, 23, 23, 23, 23, 23
   \              17171717    
   \   000005D2   171717171717       DC8 23, 23, 23, 23, 23, 23, 23, 23, 23, 23
   \              17171717    
   \   000005DC   171717171717       DC8 23, 23, 23, 23, 23, 23, 23, 23, 23, 23
   \              17171717    
   \   000005E6   171717171717       DC8 23, 23, 23, 23, 23, 23, 23, 23, 23, 23
   \              17171717    
   \   000005F0   171717171717       DC8 23, 23, 23, 23, 23, 23, 23, 23, 23, 23
   \              17171717    
   \   000005FA   171717171717       DC8 23, 23, 23, 23, 23, 23, 23, 23, 23, 23
   \              17171717    
   \   00000604   171717171717       DC8 23, 23, 23, 23, 23, 23, 23, 23, 23, 23
   \              17171717    
   \   0000060E   171717171717       DC8 23, 23, 23, 23, 23, 23, 23, 23, 23, 23
   \              17171717    
   \   00000618   171717171717       DC8 23, 23, 23, 23, 23, 23, 23, 23, 23, 23
   \              17171717    
   \   00000622   171717090909       DC8 23, 23, 23, 9, 9, 9, 9, 9, 9, 9
   \              09090909    
   \   0000062C   675C9F181818       DC8 103, 92, 159, 24, 24, 24, 24, 149, 49, 77
   \              1895314D    
   \   00000636   046609090909       DC8 4, 102, 9, 9, 9, 9, 9, 9, 9, 9
   \              09090909    
   \   00000640   090909090909       DC8 9, 9, 9, 9, 9, 9, 9, 9, 9, 9
   \              09090909    
   \   0000064A   090909090909       DC8 9, 9, 9, 9, 9, 9, 9, 9, 9, 9
   \              09090909    
   \   00000654   090909090909       DC8 9, 9, 9, 9, 9, 9, 9, 9, 9, 9
   \              09090909    
   \   0000065E   090909090909       DC8 9, 9, 9, 9, 9, 9, 9, 9, 9, 9
   \              09090909    
   \   00000668   090909090909       DC8 9, 9, 9, 9, 9, 9, 9, 9, 9, 9
   \              09090909    
   \   00000672   090909090909       DC8 9, 9, 9, 9, 9, 9, 9, 9, 9, 9
   \              09090909    
   \   0000067C   090909090909       DC8 9, 9, 9, 9, 9, 9, 9, 9, 9, 9
   \              09090909    
   \   00000686   090909090909       DC8 9, 9, 9, 9, 9, 9, 9, 9, 9, 9
   \              09090909    
   \   00000690   090909090909       DC8 9, 9, 9, 9, 9, 9, 9, 9, 9, 9
   \              09090909    
   \   0000069A   090909091010       DC8 9, 9, 9, 9, 16, 16, 16, 16, 16, 16
   \              10101010    
   \   000006A4   10537A1E1818       DC8 16, 83, 122, 30, 24, 24, 24, 24, 139, 50
   \              18188B32    
   \   000006AE   230464101010       DC8 35, 4, 100, 16, 16, 16, 16, 16, 16, 16
   \              10101010    
   \   000006B8   101010101010       DC8 16, 16, 16, 16, 16, 16, 16, 16, 16, 16
   \              10101010    
   \   000006C2   101010101010       DC8 16, 16, 16, 16, 16, 16, 16, 16, 16, 16
   \              10101010    
   \   000006CC   101010101010       DC8 16, 16, 16, 16, 16, 16, 16, 16, 16, 16
   \              10101010    
   \   000006D6   101010101010       DC8 16, 16, 16, 16, 16, 16, 16, 16, 16, 16
   \              10101010    
   \   000006E0   101010101010       DC8 16, 16, 16, 16, 16, 16, 16, 16, 16, 16
   \              10101010    
   \   000006EA   101010101010       DC8 16, 16, 16, 16, 16, 16, 16, 16, 16, 16
   \              10101010    
   \   000006F4   101010101010       DC8 16, 16, 16, 16, 16, 16, 16, 16, 16, 16
   \              10101010    
   \   000006FE   101010101010       DC8 16, 16, 16, 16, 16, 16, 16, 16, 16, 16
   \              10101010    
   \   00000708   101010101010       DC8 16, 16, 16, 16, 16, 16, 16, 16, 16, 16
   \              10101010    
   \   00000712   101010101016       DC8 16, 16, 16, 16, 16, 22, 22, 22, 22, 22
   \              16161616    
   \   0000071C   166350841E18       DC8 22, 99, 80, 132, 30, 24, 24, 24, 24, 123
   \              1818187B    
   \   00000726   334C60241616       DC8 51, 76, 96, 36, 22, 22, 22, 22, 22, 22
   \              16161616    
   \   00000730   161616161616       DC8 22, 22, 22, 22, 22, 22, 22, 22, 22, 22
   \              16161616    
   \   0000073A   161616161616       DC8 22, 22, 22, 22, 22, 22, 22, 22, 22, 22
   \              16161616    
   \   00000744   161616161616       DC8 22, 22, 22, 22, 22, 22, 22, 22, 22, 22
   \              16161616    
   \   0000074E   161616161616       DC8 22, 22, 22, 22, 22, 22, 22, 22, 22, 22
   \              16161616    
   \   00000758   161616161616       DC8 22, 22, 22, 22, 22, 22, 22, 22, 22, 22
   \              16161616    
   \   00000762   161616161616       DC8 22, 22, 22, 22, 22, 22, 22, 22, 22, 22
   \              16161616    
   \   0000076C   161616161616       DC8 22, 22, 22, 22, 22, 22, 22, 22, 22, 22
   \              16161616    
   \   00000776   161616161616       DC8 22, 22, 22, 22, 22, 22, 22, 22, 22, 22
   \              16161616    
   \   00000780   161616161616       DC8 22, 22, 22, 22, 22, 22, 22, 22, 22, 22
   \              16161616    
   \   0000078A   161616161616       DC8 22, 22, 22, 22, 22, 22, 1, 1, 1, 1
   \              01010101    
   \   00000794   0101624A9118       DC8 1, 1, 98, 74, 145, 24, 24, 24, 24, 165
   \              181818A5    
   \   0000079E   553A0D4F0401       DC8 85, 58, 13, 79, 4, 1, 1, 1, 1, 1
   \              01010101    
   \   000007A8   010101010101       DC8 1, 1, 1, 1, 1, 1, 1, 1, 1, 1
   \              01010101    
   \   000007B2   010101010101       DC8 1, 1, 1, 1, 1, 1, 1, 1, 1, 1
   \              01010101    
   \   000007BC   010101010101       DC8 1, 1, 1, 1, 1, 1, 1, 1, 1, 1
   \              01010101    
   \   000007C6   010101010101       DC8 1, 1, 1, 1, 1, 1, 1, 1, 1, 1
   \              01010101    
   \   000007D0   010101010101       DC8 1, 1, 1, 1, 1, 1, 1, 1, 1, 1
   \              01010101    
   \   000007DA   010101010101       DC8 1, 1, 1, 1, 1, 1, 1, 1, 1, 1
   \              01010101    
   \   000007E4   010101010101       DC8 1, 1, 1, 1, 1, 1, 1, 1, 1, 1
   \              01010101    
   \   000007EE   010101010101       DC8 1, 1, 1, 1, 1, 1, 1, 1, 1, 1
   \              01010101    
   \   000007F8   010101010101       DC8 1, 1, 1, 1, 1, 1, 1, 1, 1, 1
   \              01010101    
   \   00000802   010101010101       DC8 1, 1, 1, 1, 1, 1, 1, 15, 15, 15
   \              010F0F0F    
   \   0000080C   0F0F0F613F9A       DC8 15, 15, 15, 97, 63, 154, 24, 24, 24, 24
   \              18181818    
   \   00000816   99423D494E0F       DC8 153, 66, 61, 73, 78, 15, 15, 15, 15, 15
   \              0F0F0F0F    
   \   00000820   0F0F0F0F0F0F       DC8 15, 15, 15, 15, 15, 15, 15, 15, 15, 15
   \              0F0F0F0F    
   \   0000082A   0F0F0F0F0F0F       DC8 15, 15, 15, 15, 15, 15, 15, 15, 15, 15
   \              0F0F0F0F    
   \   00000834   0F0F0F0F0F0F       DC8 15, 15, 15, 15, 15, 15, 15, 15, 15, 15
   \              0F0F0F0F    
   \   0000083E   0F0F0F0F0F0F       DC8 15, 15, 15, 15, 15, 15, 15, 15, 15, 15
   \              0F0F0F0F    
   \   00000848   0F0F0F0F0F0F       DC8 15, 15, 15, 15, 15, 15, 15, 15, 15, 15
   \              0F0F0F0F    
   \   00000852   0F0F0F0F0F0F       DC8 15, 15, 15, 15, 15, 15, 15, 15, 15, 15
   \              0F0F0F0F    
   \   0000085C   0F0F0F0F0F0F       DC8 15, 15, 15, 15, 15, 15, 15, 15, 15, 15
   \              0F0F0F0F    
   \   00000866   0F0F0F0F0F0F       DC8 15, 15, 15, 15, 15, 15, 15, 15, 15, 15
   \              0F0F0F0F    
   \   00000870   0F0F0F0F0F0F       DC8 15, 15, 15, 15, 15, 15, 15, 15, 15, 15
   \              0F0F0F0F    
   \   0000087A   0F0F0F0F0F0F       DC8 15, 15, 15, 15, 15, 15, 15, 15, 14, 14
   \              0F0F0E0E    
   \   00000884   0E0E0E0E4B57       DC8 14, 14, 14, 14, 75, 87, 163, 24, 24, 24
   \              A3181818    
   \   0000088E   188F1A384723       DC8 24, 143, 26, 56, 71, 35, 14, 14, 14, 14
   \              0E0E0E0E    
   \   00000898   0E0E0E0E0E0E       DC8 14, 14, 14, 14, 14, 14, 14, 14, 14, 14
   \              0E0E0E0E    
   \   000008A2   0E0E0E0E0E0E       DC8 14, 14, 14, 14, 14, 14, 14, 14, 14, 14
   \              0E0E0E0E    
   \   000008AC   0E0E0E0E0E0E       DC8 14, 14, 14, 14, 14, 14, 14, 14, 14, 14
   \              0E0E0E0E    
   \   000008B6   0E0E0E0E0E0E       DC8 14, 14, 14, 14, 14, 14, 14, 14, 14, 14
   \              0E0E0E0E    
   \   000008C0   0E0E0E0E0E0E       DC8 14, 14, 14, 14, 14, 14, 14, 14, 14, 14
   \              0E0E0E0E    
   \   000008CA   0E0E0E0E0E0E       DC8 14, 14, 14, 14, 14, 14, 14, 14, 14, 14
   \              0E0E0E0E    
   \   000008D4   0E0E0E0E0E0E       DC8 14, 14, 14, 14, 14, 14, 14, 14, 14, 14
   \              0E0E0E0E    
   \   000008DE   0E0E0E0E0E0E       DC8 14, 14, 14, 14, 14, 14, 14, 14, 14, 14
   \              0E0E0E0E    
   \   000008E8   0E0E0E0E0E0E       DC8 14, 14, 14, 14, 14, 14, 14, 14, 14, 14
   \              0E0E0E0E    
   \   000008F2   0E0E0E0E0E0E       DC8 14, 14, 14, 14, 14, 14, 14, 14, 14, 13
   \              0E0E0E0D    
   \   000008FC   0D0D0D0D0D3B       DC8 13, 13, 13, 13, 13, 59, 126, 170, 24, 24
   \              7EAA1818    
   \   00000906   1818831A2021       DC8 24, 24, 131, 26, 32, 33, 72, 13, 13, 13
   \              480D0D0D    
   \   00000910   0D0D0D0D0D0D       DC8 13, 13, 13, 13, 13, 13, 13, 13, 13, 13
   \              0D0D0D0D    
   \   0000091A   0D0D0D0D0D0D       DC8 13, 13, 13, 13, 13, 13, 13, 13, 13, 13
   \              0D0D0D0D    
   \   00000924   0D0D0D0D0D0D       DC8 13, 13, 13, 13, 13, 13, 13, 13, 13, 13
   \              0D0D0D0D    
   \   0000092E   0D0D0D0D0D0D       DC8 13, 13, 13, 13, 13, 13, 13, 13, 13, 13
   \              0D0D0D0D    
   \   00000938   0D0D0D0D0D0D       DC8 13, 13, 13, 13, 13, 13, 13, 13, 13, 13
   \              0D0D0D0D    
   \   00000942   0D0D0D0D0D0D       DC8 13, 13, 13, 13, 13, 13, 13, 13, 13, 13
   \              0D0D0D0D    
   \   0000094C   0D0D0D0D0D0D       DC8 13, 13, 13, 13, 13, 13, 13, 13, 13, 13
   \              0D0D0D0D    
   \   00000956   0D0D0D0D0D0D       DC8 13, 13, 13, 13, 13, 13, 13, 13, 13, 13
   \              0D0D0D0D    
   \   00000960   0D0D0D0D0D0D       DC8 13, 13, 13, 13, 13, 13, 13, 13, 13, 13
   \              0D0D0D0D    
   \   0000096A   0D0D0D0D0D0D       DC8 13, 13, 13, 13, 13, 13, 13, 13, 13, 13
   \              0D0D0D0D    
   \   00000974   151515151546       DC8 21, 21, 21, 21, 21, 70, 57, 140, 24, 24
   \              398C1818    
   \   0000097E   1818A75B1A37       DC8 24, 24, 167, 91, 26, 55, 12, 33, 21, 21
   \              0C211515    
   \   00000988   151515151515       DC8 21, 21, 21, 21, 21, 21, 21, 21, 21, 21
   \              15151515    
   \   00000992   151515151515       DC8 21, 21, 21, 21, 21, 21, 21, 21, 21, 21
   \              15151515    
   \   0000099C   151515151515       DC8 21, 21, 21, 21, 21, 21, 21, 21, 21, 21
   \              15151515    
   \   000009A6   151515151515       DC8 21, 21, 21, 21, 21, 21, 21, 21, 21, 21
   \              15151515    
   \   000009B0   151515151515       DC8 21, 21, 21, 21, 21, 21, 21, 21, 21, 21
   \              15151515    
   \   000009BA   151515151515       DC8 21, 21, 21, 21, 21, 21, 21, 21, 21, 21
   \              15151515    
   \   000009C4   151515151515       DC8 21, 21, 21, 21, 21, 21, 21, 21, 21, 21
   \              15151515    
   \   000009CE   151515151515       DC8 21, 21, 21, 21, 21, 21, 21, 21, 21, 21
   \              15151515    
   \   000009D8   151515151515       DC8 21, 21, 21, 21, 21, 21, 21, 21, 21, 21
   \              15151515    
   \   000009E2   151515151515       DC8 21, 21, 21, 21, 21, 21, 21, 21, 21, 21
   \              15151515    
   \   000009EC   150C0C0C0C0C       DC8 21, 12, 12, 12, 12, 12, 62, 53, 40, 24
   \              3E352818    
   \   000009F6   181818A1432E       DC8 24, 24, 24, 161, 67, 46, 11, 32, 12, 12
   \              0B200C0C    
   \   00000A00   0C0C0C0C0C0C       DC8 12, 12, 12, 12, 12, 12, 12, 12, 12, 12
   \              0C0C0C0C    
   \   00000A0A   0C0C0C0C0C0C       DC8 12, 12, 12, 12, 12, 12, 12, 12, 12, 12
   \              0C0C0C0C    
   \   00000A14   0C0C0C0C0C0C       DC8 12, 12, 12, 12, 12, 12, 12, 12, 12, 12
   \              0C0C0C0C    
   \   00000A1E   0C0C0C0C0C0C       DC8 12, 12, 12, 12, 12, 12, 12, 12, 12, 12
   \              0C0C0C0C    
   \   00000A28   0C0C0C0C0C0C       DC8 12, 12, 12, 12, 12, 12, 12, 12, 12, 12
   \              0C0C0C0C    
   \   00000A32   0C0C0C0C0C0C       DC8 12, 12, 12, 12, 12, 12, 12, 12, 12, 12
   \              0C0C0C0C    
   \   00000A3C   0C0C0C0C0C0C       DC8 12, 12, 12, 12, 12, 12, 12, 12, 12, 12
   \              0C0C0C0C    
   \   00000A46   0C0C0C0C0C0C       DC8 12, 12, 12, 12, 12, 12, 12, 12, 12, 12
   \              0C0C0C0C    
   \   00000A50   0C0C0C0C0C0C       DC8 12, 12, 12, 12, 12, 12, 12, 12, 12, 12
   \              0C0C0C0C    
   \   00000A5A   0C0C0C0C0C0C       DC8 12, 12, 12, 12, 12, 12, 12, 12, 12, 12
   \              0C0C0C0C    
   \   00000A64   0C0C0B0B0B0B       DC8 12, 12, 11, 11, 11, 11, 11, 52, 68, 157
   \              0B34449D    
   \   00000A6E   18181818971B       DC8 24, 24, 24, 24, 151, 27, 47, 8, 54, 11
   \              2F08360B    
   \   00000A78   0B0B0B0B0B0B       DC8 11, 11, 11, 11, 11, 11, 11, 11, 11, 11
   \              0B0B0B0B    
   \   00000A82   0B0B0B0B0B0B       DC8 11, 11, 11, 11, 11, 11, 11, 11, 11, 11
   \              0B0B0B0B    
   \   00000A8C   0B0B0B0B0B0B       DC8 11, 11, 11, 11, 11, 11, 11, 11, 11, 11
   \              0B0B0B0B    
   \   00000A96   0B0B0B0B0B0B       DC8 11, 11, 11, 11, 11, 11, 11, 11, 11, 11
   \              0B0B0B0B    
   \   00000AA0   0B0B0B0B0B0B       DC8 11, 11, 11, 11, 11, 11, 11, 11, 11, 11
   \              0B0B0B0B    
   \   00000AAA   0B0B0B0B0B0B       DC8 11, 11, 11, 11, 11, 11, 11, 11, 11, 11
   \              0B0B0B0B    
   \   00000AB4   0B0B0B0B0B0B       DC8 11, 11, 11, 11, 11, 11, 11, 11, 11, 11
   \              0B0B0B0B    
   \   00000ABE   0B0B0B0B0B0B       DC8 11, 11, 11, 11, 11, 11, 11, 11, 11, 11
   \              0B0B0B0B    
   \   00000AC8   0B0B0B0B0B0B       DC8 11, 11, 11, 11, 11, 11, 11, 11, 11, 11
   \              0B0B0B0B    
   \   00000AD2   0B0B0B0B0B0B       DC8 11, 11, 11, 11, 11, 11, 11, 11, 11, 11
   \              0B0B0B0B    
   \   00000ADC   0B0B0B080808       DC8 11, 11, 11, 8, 8, 8, 8, 8, 26, 86
   \              08081A56    
   \   00000AE6   18181818188D       DC8 24, 24, 24, 24, 24, 141, 27, 28, 48, 8
   \              1B1C3008    
   \   00000AF0   080808080808       DC8 8, 8, 8, 8, 8, 8, 8, 8, 8, 8
   \              08080808    
   \   00000AFA   080808080808       DC8 8, 8, 8, 8, 8, 8, 8, 8, 8, 8
   \              08080808    
   \   00000B04   080808080808       DC8 8, 8, 8, 8, 8, 8, 8, 8, 8, 8
   \              08080808    
   \   00000B0E   080808080808       DC8 8, 8, 8, 8, 8, 8, 8, 8, 8, 8
   \              08080808    
   \   00000B18   080808080808       DC8 8, 8, 8, 8, 8, 8, 8, 8, 8, 8
   \              08080808    
   \   00000B22   080808080808       DC8 8, 8, 8, 8, 8, 8, 8, 8, 8, 8
   \              08080808    
   \   00000B2C   080808080808       DC8 8, 8, 8, 8, 8, 8, 8, 8, 8, 8
   \              08080808    
   \   00000B36   080808080808       DC8 8, 8, 8, 8, 8, 8, 8, 8, 8, 8
   \              08080808    
   \   00000B40   080808080808       DC8 8, 8, 8, 8, 8, 8, 8, 8, 8, 8
   \              08080808    
   \   00000B4A   080808080808       DC8 8, 8, 8, 8, 8, 8, 8, 8, 8, 8
   \              08080808    
   \   00000B54   080808081414       DC8 8, 8, 8, 8, 20, 20, 20, 20, 20, 44
   \              1414142C    
   \   00000B5E   811818181818       DC8 129, 24, 24, 24, 24, 24, 127, 31, 43, 28
   \              7F1F2B1C    
   \   00000B68   1C2D14141414       DC8 28, 45, 20, 20, 20, 20, 20, 20, 20, 20
   \              14141414    
   \   00000B72   141414141414       DC8 20, 20, 20, 20, 20, 20, 20, 20, 20, 20
   \              14141414    
   \   00000B7C   141414141414       DC8 20, 20, 20, 20, 20, 20, 20, 20, 20, 20
   \              14141414    
   \   00000B86   141414141414       DC8 20, 20, 20, 20, 20, 20, 20, 20, 20, 20
   \              14141414    
   \   00000B90   141414141414       DC8 20, 20, 20, 20, 20, 20, 20, 20, 20, 20
   \              14141414    
   \   00000B9A   141414141414       DC8 20, 20, 20, 20, 20, 20, 20, 20, 20, 20
   \              14141414    
   \   00000BA4   141414141414       DC8 20, 20, 20, 20, 20, 20, 20, 20, 20, 20
   \              14141414    
   \   00000BAE   141414141414       DC8 20, 20, 20, 20, 20, 20, 20, 20, 20, 20
   \              14141414    
   \   00000BB8   141414141414       DC8 20, 20, 20, 20, 20, 20, 20, 20, 20, 20
   \              14141414    
   \   00000BC2   141414141414       DC8 20, 20, 20, 20, 20, 20, 20, 20, 20, 20
   \              14141414    
   \   00000BCC   141414141407       DC8 20, 20, 20, 20, 20, 7, 7, 7, 7, 7
   \              07070707    
   \   00000BD6   1B8094272728       DC8 27, 128, 148, 39, 39, 40, 146, 84, 31, 42
   \              92541F2A    
   \   00000BE0   070707070707       DC8 7, 7, 7, 7, 7, 7, 7, 7, 7, 7
   \              07070707    
   \   00000BEA   070707070707       DC8 7, 7, 7, 7, 7, 7, 7, 7, 7, 7
   \              07070707    
   \   00000BF4   070707070707       DC8 7, 7, 7, 7, 7, 7, 7, 7, 7, 7
   \              07070707    
   \   00000BFE   070707070707       DC8 7, 7, 7, 7, 7, 7, 7, 7, 7, 7
   \              07070707    
   \   00000C08   070707070707       DC8 7, 7, 7, 7, 7, 7, 7, 7, 7, 7
   \              07070707    
   \   00000C12   070707070707       DC8 7, 7, 7, 7, 7, 7, 7, 7, 7, 7
   \              07070707    
   \   00000C1C   070707070707       DC8 7, 7, 7, 7, 7, 7, 7, 7, 7, 7
   \              07070707    
   \   00000C26   070707070707       DC8 7, 7, 7, 7, 7, 7, 7, 7, 7, 7
   \              07070707    
   \   00000C30   070707070707       DC8 7, 7, 7, 7, 7, 7, 7, 7, 7, 7
   \              07070707    
   \   00000C3A   070707070707       DC8 7, 7, 7, 7, 7, 7, 7, 7, 7, 7
   \              07070707    
   \   00000C44   070707070707       DC8 7, 7, 7, 7, 7, 7, 0, 0, 0, 0
   \              00000000    
   \   00000C4E   000000000000       DC8 0, 0, 0, 0, 0, 0, 0, 0, 0, 0
   \              00000000    
   \   00000C58   000000000000       DC8 0, 0, 0, 0, 0, 0, 0, 0, 0, 0
   \              00000000    
   \   00000C62   000000000000       DC8 0, 0, 0, 0, 0, 0, 0, 0, 0, 0
   \              00000000    
   \   00000C6C   000000000000       DC8 0, 0, 0, 0, 0, 0, 0, 0, 0, 0
   \              00000000    
   \   00000C76   000000000000       DC8 0, 0, 0, 0, 0, 0, 0, 0, 0, 0
   \              00000000    
   \   00000C80   000000000000       DC8 0, 0, 0, 0, 0, 0, 0, 0, 0, 0
   \              00000000    
   \   00000C8A   000000000000       DC8 0, 0, 0, 0, 0, 0, 0, 0, 0, 0
   \              00000000    
   \   00000C94   000000000000       DC8 0, 0, 0, 0, 0, 0, 0, 0, 0, 0
   \              00000000    
   \   00000C9E   000000000000       DC8 0, 0, 0, 0, 0, 0, 0, 0, 0, 0
   \              00000000    
   \   00000CA8   000000000000       DC8 0, 0, 0, 0, 0, 0, 0, 0, 0, 0
   \              00000000    
   \   00000CB2   000000000000       DC8 0, 0, 0, 0, 0, 0, 0, 0, 0, 0
   \              00000000    
   \   00000CBC   000000000000       DC8 0, 0, 0, 0, 0, 0, 0, 0, 0, 0
   \              00000000    
   \   00000CC6   000000000000       DC8 0, 0, 0, 0, 0, 0, 0, 0, 0, 0
   \              00000000    
   \   00000CD0   000000000000       DC8 0, 0, 0, 0, 0, 0, 0, 0, 0, 0
   \              00000000    
   \   00000CDA   000000000000       DC8 0, 0, 0, 0, 0, 0, 0, 0, 0, 0
   \              00000000    
   \   00000CE4   000000000000       DC8 0, 0, 0, 0, 0, 0, 0, 0, 0, 0
   \              00000000    
   \   00000CEE   000000000000       DC8 0, 0, 0, 0, 0, 0, 0, 0, 0, 0
   \              00000000    
   \   00000CF8   000000000000       DC8 0, 0, 0, 0, 0, 0, 0, 0, 0, 0
   \              00000000    
   \   00000D02   000000000000       DC8 0, 0, 0, 0, 0, 0, 0, 0, 0, 0
   \              00000000    
   \   00000D0C   000000000000       DC8 0, 0, 0, 0, 0, 0, 0, 0, 0, 0
   \              00000000    
   \   00000D16   000000000000       DC8 0, 0, 0, 0, 0, 0, 0, 0, 0, 0
   \              00000000    
   \   00000D20   000000000000       DC8 0, 0, 0, 0, 0, 0, 0, 0, 0, 0
   \              00000000    
   \   00000D2A   000000000000       DC8 0, 0, 0, 0, 0, 0, 0, 0, 0, 0
   \              00000000    
   \   00000D34   000000000000       DC8 0, 0, 0, 0, 0, 0, 0, 0, 0, 0
   \              00000000    
   \   00000D3E   000000000000       DC8 0, 0, 0, 0, 0, 0, 0, 0, 0, 0
   \              00000000    
   \   00000D48   000000000000       DC8 0, 0, 0, 0, 0, 0, 0, 0, 0, 0
   \              00000000    
   \   00000D52   000000000000       DC8 0, 0, 0, 0, 0, 0, 0, 0, 0, 0
   \              00000000    
   \   00000D5C   000000000000       DC8 0, 0, 0, 0, 0, 0, 0, 0, 0, 0
   \              00000000    
   \   00000D66   000000000000       DC8 0, 0, 0, 0, 0, 0, 0, 0, 0, 0
   \              00000000    
   \   00000D70   000000000000       DC8 0, 0, 0, 0, 0, 0, 0, 0, 0, 0
   \              00000000    
   \   00000D7A   000000000000       DC8 0, 0, 0, 0, 0, 0, 0, 0, 0, 0
   \              00000000    
   \   00000D84   000000000000       DC8 0, 0, 0, 0, 0, 0, 0, 0, 0, 0
   \              00000000    
   \   00000D8E   000000000000       DC8 0, 0, 0, 0, 0, 0, 0, 0, 0, 0
   \              00000000    
   \   00000D98   000000000000       DC8 0, 0, 0, 0, 0, 0, 0, 0, 0, 0
   \              00000000    
   \   00000DA2   000000000000       DC8 0, 0, 0, 0, 0, 0, 0, 0, 0, 0
   \              00000000    
   \   00000DAC   000000000000       DC8 0, 0, 0, 0, 0, 0, 0, 0, 0, 0
   \              00000000    
   \   00000DB6   000000000000       DC8 0, 0, 0, 0, 0, 0, 0, 0, 0, 0
   \              00000000    
   \   00000DC0   000000000000       DC8 0, 0, 0, 0, 0, 0, 0, 0, 0, 0
   \              00000000    
   \   00000DCA   000000000000       DC8 0, 0, 0, 0, 0, 0, 0, 0, 0, 0
   \              00000000    
   \   00000DD4   000000000000       DC8 0, 0, 0, 0, 0, 0, 0, 0, 0, 0
   \              00000000    
   \   00000DDE   000000000000       DC8 0, 0, 0, 0, 0, 0, 0, 0, 0, 0
   \              00000000    
   \   00000DE8   000000000000       DC8 0, 0, 0, 0, 0, 0, 0, 0, 0, 0
   \              00000000    
   \   00000DF2   000000000000       DC8 0, 0, 0, 0, 0, 0, 0, 0, 0, 0
   \              00000000    
   \   00000DFC   000000000000       DC8 0, 0, 0, 0, 0, 0, 0, 0, 0, 0
   \              00000000    
   \   00000E06   000000000000       DC8 0, 0, 0, 0, 0, 0, 0, 0, 0, 0
   \              00000000    
   \   00000E10   000000000000       DC8 0, 0, 0, 0, 0, 0, 0, 0, 0, 0
   \              00000000    
   \   00000E1A   000000000000       DC8 0, 0, 0, 0, 0, 0, 0, 0, 0, 0
   \              00000000    
   \   00000E24   000000000000       DC8 0, 0, 0, 0, 0, 0, 0, 0, 0, 0
   \              00000000    
   \   00000E2E   000000000000       DC8 0, 0, 0, 0, 0, 0, 0, 0, 0, 0
   \              00000000    
   \   00000E38   000000000000       DC8 0, 0, 0, 0, 0, 0, 0, 0, 0, 0
   \              00000000    
   \   00000E42   000000000000       DC8 0, 0, 0, 0, 0, 0, 0, 0, 0, 0
   \              00000000    
   \   00000E4C   000000000000       DC8 0, 0, 0, 0, 0, 0, 0, 0, 0, 0
   \              00000000    
   \   00000E56   000000000000       DC8 0, 0, 0, 0, 0, 0, 0, 0, 0, 0
   \              00000000    
   \   00000E60   000000000000       DC8 0, 0, 0, 0, 0, 0, 0, 0, 0, 0
   \              00000000    
   \   00000E6A   000000000000       DC8 0, 0, 0, 0, 0, 0, 0, 0, 0, 0
   \              00000000    
   \   00000E74   000000000000       DC8 0, 0, 0, 0, 0, 0, 0, 0, 0, 0
   \              00000000    
   \   00000E7E   000000000000       DC8 0, 0, 0, 0, 0, 0, 0, 0, 0, 0
   \              00000000    
   \   00000E88   000000000000       DC8 0, 0, 0, 0, 0, 0, 0, 0, 0, 0
   \              00000000    
   \   00000E92   000000000000       DC8 0, 0, 0, 0, 0, 0, 0, 0, 0, 0
   \              00000000    
   \   00000E9C   000000000000       DC8 0, 0, 0, 0, 0, 0, 0, 0, 0, 0
   \              00000000    
   \   00000EA6   000000000000       DC8 0, 0, 0, 0, 0, 0, 0, 0, 0, 0
   \              00000000    
   \   00000EB0   000000000000       DC8 0, 0, 0, 0, 0, 0, 0, 0, 0, 0
   \              00000000    
   \   00000EBA   000000000000       DC8 0, 0, 0, 0, 0, 0, 0, 0, 0, 0
   \              00000000    
   \   00000EC4   000000000000       DC8 0, 0, 0, 0, 0, 0, 0, 0, 0, 0
   \              00000000    
   \   00000ECE   000000000000       DC8 0, 0, 0, 0, 0, 0, 0, 0, 0, 0
   \              00000000    
   \   00000ED8   000000000000       DC8 0, 0, 0, 0, 0, 0, 0, 0, 0, 0
   \              00000000    
   \   00000EE2   000000000000       DC8 0, 0, 0, 0, 0, 0, 0, 0, 0, 0
   \              00000000    
   \   00000EEC   000000000000       DC8 0, 0, 0, 0, 0, 0, 0, 0, 0, 0
   \              00000000    
   \   00000EF6   000000000000       DC8 0, 0, 0, 0, 0, 0, 0, 0, 0, 0
   \              00000000    
   \   00000F00   000000000000       DC8 0, 0, 0, 0, 0, 0, 0, 0, 0, 0
   \              00000000    
   \   00000F0A   000000000000       DC8 0, 0, 0, 0, 0, 0, 0, 0, 0, 0
   \              00000000    
   \   00000F14   000000000000       DC8 0, 0, 0, 0, 0, 0, 0, 0, 0, 0
   \              00000000    
   \   00000F1E   000000000000       DC8 0, 0, 0, 0, 0, 0, 0, 0, 0, 0
   \              00000000    
   \   00000F28   000000000000       DC8 0, 0, 0, 0, 0, 0, 0, 0, 0, 0
   \              00000000    
   \   00000F32   000000000000       DC8 0, 0, 0, 0, 0, 0, 0, 0, 0, 0
   \              00000000    
   \   00000F3C   000000000000       DC8 0, 0, 0, 0, 0, 0, 0, 0, 0, 0
   \              00000000    
   \   00000F46   000000000000       DC8 0, 0, 0, 0, 0, 0, 0, 0, 0, 0
   \              00000000    
   \   00000F50   000000000000       DC8 0, 0, 0, 0, 0, 0, 0, 0, 0, 0
   \              00000000    
   \   00000F5A   000000000000       DC8 0, 0, 0, 0, 0, 0, 0, 0, 0, 0
   \              00000000    
   \   00000F64   000000000000       DC8 0, 0, 0, 0, 0, 0, 0, 0, 0, 0
   \              00000000    
   \   00000F6E   000000000000       DC8 0, 0, 0, 0, 0, 0, 0, 0, 0, 0
   \              00000000    
   \   00000F78   000000000000       DC8 0, 0, 0, 0, 0, 0, 0, 0, 0, 0
   \              00000000    
   \   00000F82   000000000000       DC8 0, 0, 0, 0, 0, 0, 0, 0, 0, 0
   \              00000000    
   \   00000F8C   000000000000       DC8 0, 0, 0, 0, 0, 0, 0, 0, 0, 0
   \              00000000    
   \   00000F96   000000000000       DC8 0, 0, 0, 0, 0, 0, 0, 0, 0, 0
   \              00000000    
   \   00000FA0   000000000000       DC8 0, 0, 0, 0, 0, 0, 0, 0, 0, 0
   \              00000000    
   \   00000FAA   000000000000       DC8 0, 0, 0, 0, 0, 0, 0, 0, 0, 0
   \              00000000    
   \   00000FB4   000000000000       DC8 0, 0, 0, 0, 0, 0, 0, 0, 0, 0
   \              00000000    
   \   00000FBE   000000000000       DC8 0, 0, 0, 0, 0, 0, 0, 0, 0, 0
   \              00000000    
   \   00000FC8   000000000000       DC8 0, 0, 0, 0, 0, 0, 0, 0, 0, 0
   \              00000000    
   \   00000FD2   000000000000       DC8 0, 0, 0, 0, 0, 0, 0, 0, 0, 0
   \              00000000    
   \   00000FDC   000000000000       DC8 0, 0, 0, 0, 0, 0, 0, 0, 0, 0
   \              00000000    
   \   00000FE6   000000000000       DC8 0, 0, 0, 0, 0, 0, 0, 0, 0, 0
   \              00000000    
   \   00000FF0   000000000000       DC8 0, 0, 0, 0, 0, 0, 0, 0, 0, 0
   \              00000000    
   \   00000FFA   000000000000       DC8 0, 0, 0, 0, 0, 0, 0, 0, 0, 0
   \              00000000    
   \   00001004   000000000000       DC8 0, 0, 0, 0, 0, 0, 0, 0, 0, 0
   \              00000000    
   \   0000100E   000000000000       DC8 0, 0, 0, 0, 0, 0, 0, 0, 0, 0
   \              00000000    
   \   00001018   000000000000       DC8 0, 0, 0, 0, 0, 0, 0, 0, 0, 0
   \              00000000    
   \   00001022   000000000000       DC8 0, 0, 0, 0, 0, 0, 0, 0, 0, 0
   \              00000000    
   \   0000102C   000000000000       DC8 0, 0, 0, 0, 0, 0, 0, 0, 0, 0
   \              00000000    
   \   00001036   000000000000       DC8 0, 0, 0, 0, 0, 0, 0, 0, 0, 0
   \              00000000    
   \   00001040   000000000000       DC8 0, 0, 0, 0, 0, 0, 0, 0, 0, 0
   \              00000000    
   \   0000104A   000000000000       DC8 0, 0, 0, 0, 0, 0, 0, 0, 0, 0
   \              00000000    
   \   00001054   000000000000       DC8 0, 0, 0, 0, 0, 0, 0, 0, 0, 0
   \              00000000    
   \   0000105E   000000000000       DC8 0, 0, 0, 0, 0, 0, 0, 0, 0, 0
   \              00000000    
   \   00001068   000000000000       DC8 0, 0, 0, 0, 0, 0, 0, 0, 0, 0
   \              00000000    
   \   00001072   000000000000       DC8 0, 0, 0, 0, 0, 0, 0, 0, 0, 0
   \              00000000    
   \   0000107C   000000000000       DC8 0, 0, 0, 0, 0, 0, 0, 0, 0, 0
   \              00000000    
   \   00001086   000000000000       DC8 0, 0, 0, 0, 0, 0
     92            0x04, 0x04, 0x04, 0x04, 0x04, 0x04, 0x04, 0x04, 0x04, 0x04, 0x04, 0x04, 0x04, 0x04, 0x04, 0x04, 0x04, 0x04, 0x04, 0x04, 0x04, 0x04, 0x04, 0x04, 0x04, 0x04, 0x04, 0x04, 0x04, 0x04, 0x04, 0x04, 0x04, 0x04, 0x04, 0x04, 0x04, 0x04, 0x04, 0x04, 0x04, 0x04, 
     93                  0x04, 0x04, 0x04, 0x04, 0x04, 0x04, 0x04, 0x04, 0x04, 0x04, 0x04, 0x04, 0x04, 0x04, 0x04, 0x04, 0x04, 0x04, 0x04, 0x04, 0x04, 0x04, 0x04, 0x04, 0x04, 0x04, 0x04, 0x04, 0x04, 0x04, 0x04, 0x04, 0x04, 0x04, 0x04, 0x04, 0x04, 0x04, 0x04, 0x04, 0x04, 
     94                  0x04, 0x04, 0x04, 0x04, 0x04, 0x04, 0x04, 0x04, 0x04, 0x04, 0x04, 0x04, 0x04, 0x04, 0x04, 0x04, 0x04, 0x04, 0x04, 0x04, 0x04, 0x04, 0x04, 0x04, 0x04, 0x04, 0x04, 0x04, 0x04, 0x04, 0x04, 0x04, 0x04, 0x04, 0x04, 0x04, 0x04, 0x04,
     95            0x01, 0x01, 0x01, 0x01, 0x01, 0x01, 0x01, 0x01, 0x01, 0x01, 0x01, 0x01, 0x01, 0x01, 0x01, 0x01, 0x01, 0x01, 0x01, 0x01, 0x01, 0x01, 0x01, 0x01, 0x01, 0x01, 0x01, 0x01, 0x01, 0x01, 0x01, 0x01, 0x01, 0x01, 0x01, 0x01, 0x01, 0x01, 0x01, 0x01, 0x01, 0x01, 
     96                  0x01, 0x01, 0x01, 0x01, 0x01, 0x01, 0x01, 0x01, 0x01, 0x01, 0x01, 0x01, 0x01, 0x01, 0x01, 0x01, 0x01, 0x01, 0x01, 0x01, 0x01, 0x01, 0x01, 0x01, 0x01, 0x01, 0x01, 0x01, 0x01, 0x01, 0x01, 0x01, 0x01, 0x01, 0x01, 0x01, 0x01, 0x01, 0x01, 0x01, 0x01, 
     97                  0x01, 0x01, 0x01, 0x01, 0x01, 0x01, 0x01, 0x01, 0x01, 0x01, 0x01, 0x01, 0x01, 0x01, 0x01, 0x01, 0x01, 0x01, 0x01, 0x01, 0x01, 0x01, 0x01, 0x01, 0x01, 0x01, 0x01, 0x01, 0x01, 0x01, 0x01, 0x01, 0x01, 0x01, 0x01, 0x01, 0x01, 0x01,
     98            0x05, 0x05, 0x05, 0x05, 0x05, 0x05, 0x05, 0x05, 0x05, 0x05, 0x05, 0x05, 0x05, 0x05, 0x05, 0x05, 0x05, 0x05, 0x05, 0x05, 0x05, 0x05, 0x05, 0x05, 0x05, 0x05, 0x05, 0x05, 0x05, 0x05, 0x05, 0x05, 0x05, 0x05, 0x05, 0x05, 0x05, 0x05, 0x05, 0x05, 0x05, 0x05, 
     99                  0x05, 0x05, 0x05, 0x05, 0x05, 0x05, 0x05, 0x05, 0x05, 0x05, 0x05, 0x05, 0x05, 0x05, 0x05, 0x05, 0x05, 0x05, 0x05, 0x05, 0x05, 0x05, 0x05, 0x05, 0x05, 0x05, 0x05, 0x05, 0x05, 0x05, 0x05, 0x05, 0x05, 0x05, 0x05, 0x05, 0x05, 0x05, 0x05, 0x05, 0x05, 
    100                  0x05, 0x05, 0x05, 0x05, 0x05, 0x05, 0x05, 0x05, 0x05, 0x05, 0x05, 0x05, 0x05, 0x05, 0x05, 0x05, 0x05, 0x05, 0x05, 0x05, 0x05, 0x05, 0x05, 0x05, 0x05, 0x05, 0x05, 0x05, 0x05, 0x05, 0x05, 0x05, 0x05, 0x05, 0x05, 0x05, 0x05, 0x05,
    101            0x02, 0x02, 0x02, 0x02, 0x02, 0x02, 0x02, 0x02, 0x02, 0x02, 0x02, 0x02, 0x02, 0x02, 0x02, 0x02, 0x02, 0x02, 0x02, 0x02, 0x02, 0x02, 0x02, 0x02, 0x02, 0x02, 0x02, 0x02, 0x02, 0x02, 0x02, 0x02, 0x02, 0x02, 0x02, 0x02, 0x02, 0x02, 0x02, 0x02, 0x02, 0x02, 
    102                  0x02, 0x02, 0x02, 0x02, 0x02, 0x02, 0x02, 0x02, 0x02, 0x02, 0x02, 0x02, 0x02, 0x02, 0x02, 0x02, 0x02, 0x02, 0x02, 0x02, 0x02, 0x02, 0x02, 0x02, 0x02, 0x02, 0x02, 0x02, 0x02, 0x02, 0x02, 0x02, 0x02, 0x02, 0x02, 0x02, 0x02, 0x02, 0x02, 0x02, 0x02, 
    103                  0x02, 0x02, 0x02, 0x02, 0x02, 0x02, 0x02, 0x02, 0x02, 0x02, 0x02, 0x02, 0x02, 0x02, 0x02, 0x02, 0x02, 0x02, 0x02, 0x02, 0x02, 0x02, 0x02, 0x02, 0x02, 0x02, 0x02, 0x02, 0x02, 0x02, 0x02, 0x02, 0x02, 0x02, 0x02, 0x02, 0x02, 0x02,
    104            0x03, 0x03, 0x03, 0x03, 0x03, 0x03, 0x03, 0x03, 0x03, 0x06, 0x8A, 0x19, 0x19, 0x19, 0x19, 0x19, 0x26, 0x88, 0x03, 0x03, 0x03, 0x03, 0x03, 0x03, 0x03, 0x03, 0x03, 0x03, 0x03, 0x03, 0x03, 0x03, 0x03, 0x03, 0x03, 0x03, 0x03, 0x03, 0x03, 0x03, 0x03, 0x03, 
    105                  0x03, 0x03, 0x03, 0x03, 0x03, 0x03, 0x03, 0x03, 0x03, 0x03, 0x03, 0x03, 0x03, 0x03, 0x03, 0x03, 0x03, 0x03, 0x03, 0x03, 0x03, 0x03, 0x03, 0x03, 0x03, 0x03, 0x03, 0x03, 0x03, 0x03, 0x03, 0x03, 0x03, 0x03, 0x03, 0x03, 0x03, 0x03, 0x03, 0x03, 0x03, 
    106                  0x03, 0x03, 0x03, 0x03, 0x03, 0x03, 0x03, 0x03, 0x03, 0x03, 0x03, 0x03, 0x03, 0x03, 0x03, 0x03, 0x03, 0x03, 0x03, 0x03, 0x03, 0x03, 0x03, 0x03, 0x03, 0x03, 0x03, 0x03, 0x03, 0x03, 0x03, 0x03, 0x03, 0x03, 0x03, 0x03, 0x03, 0x03,
    107            0x06, 0x06, 0x06, 0x06, 0x06, 0x06, 0x06, 0x06, 0x06, 0x26, 0x6B, 0x5E, 0x1D, 0x1D, 0x1D, 0x5F, 0x6C, 0x87, 0x06, 0x06, 0x06, 0x06, 0x06, 0x06, 0x06, 0x06, 0x06, 0x06, 0x06, 0x06, 0x06, 0x06, 0x06, 0x06, 0x06, 0x06, 0x06, 0x06, 0x06, 0x06, 0x06, 0x06, 
    108                  0x06, 0x06, 0x06, 0x06, 0x06, 0x06, 0x06, 0x06, 0x06, 0x06, 0x06, 0x06, 0x06, 0x06, 0x06, 0x06, 0x06, 0x06, 0x06, 0x06, 0x06, 0x06, 0x06, 0x06, 0x06, 0x06, 0x06, 0x06, 0x06, 0x06, 0x06, 0x06, 0x06, 0x06, 0x06, 0x06, 0x06, 0x06, 0x06, 0x06, 0x06, 
    109                  0x06, 0x06, 0x06, 0x06, 0x06, 0x06, 0x06, 0x06, 0x06, 0x06, 0x06, 0x06, 0x06, 0x06, 0x06, 0x06, 0x06, 0x06, 0x06, 0x06, 0x06, 0x06, 0x06, 0x06, 0x06, 0x06, 0x06, 0x06, 0x06, 0x06, 0x06, 0x06, 0x06, 0x06, 0x06, 0x06, 0x06, 0x06,
    110            0x03, 0x03, 0x03, 0x03, 0x03, 0x03, 0x03, 0x03, 0x89, 0x6A, 0x85, 0xA4, 0x29, 0x29, 0xA2, 0x9E, 0x7C, 0x72, 0x86, 0x03, 0x03, 0x03, 0x03, 0x03, 0x03, 0x03, 0x03, 0x03, 0x03, 0x03, 0x03, 0x03, 0x03, 0x03, 0x03, 0x03, 0x03, 0x03, 0x03, 0x03, 0x03, 0x03, 
    111                  0x03, 0x03, 0x03, 0x03, 0x03, 0x03, 0x03, 0x03, 0x03, 0x03, 0x03, 0x03, 0x03, 0x03, 0x03, 0x03, 0x03, 0x03, 0x03, 0x03, 0x03, 0x03, 0x03, 0x03, 0x03, 0x03, 0x03, 0x03, 0x03, 0x03, 0x03, 0x03, 0x03, 0x03, 0x03, 0x03, 0x03, 0x03, 0x03, 0x03, 0x03, 
    112                  0x03, 0x03, 0x03, 0x03, 0x03, 0x03, 0x03, 0x03, 0x03, 0x03, 0x03, 0x03, 0x03, 0x03, 0x03, 0x03, 0x03, 0x03, 0x03, 0x03, 0x03, 0x03, 0x03, 0x03, 0x03, 0x03, 0x03, 0x03, 0x03, 0x03, 0x03, 0x03, 0x03, 0x03, 0x03, 0x03, 0x03, 0x03,
    113            0x13, 0x13, 0x13, 0x13, 0x13, 0x13, 0x13, 0x13, 0x79, 0x65, 0x93, 0x18, 0x18, 0x18, 0x18, 0xA0, 0x58, 0x71, 0x0A, 0x12, 0x13, 0x13, 0x13, 0x13, 0x13, 0x13, 0x13, 0x13, 0x13, 0x13, 0x13, 0x13, 0x13, 0x13, 0x13, 0x13, 0x13, 0x13, 0x13, 0x13, 0x13, 0x13, 
    114                  0x13, 0x13, 0x13, 0x13, 0x13, 0x13, 0x13, 0x13, 0x13, 0x13, 0x13, 0x13, 0x13, 0x13, 0x13, 0x13, 0x13, 0x13, 0x13, 0x13, 0x13, 0x13, 0x13, 0x13, 0x13, 0x13, 0x13, 0x13, 0x13, 0x13, 0x13, 0x13, 0x13, 0x13, 0x13, 0x13, 0x13, 0x13, 0x13, 0x13, 0x13, 
    115                  0x13, 0x13, 0x13, 0x13, 0x13, 0x13, 0x13, 0x13, 0x13, 0x13, 0x13, 0x13, 0x13, 0x13, 0x13, 0x13, 0x13, 0x13, 0x13, 0x13, 0x13, 0x13, 0x13, 0x13, 0x13, 0x13, 0x13, 0x13, 0x13, 0x13, 0x13, 0x13, 0x13, 0x13, 0x13, 0x13, 0x13, 0x13,
    116            0x12, 0x12, 0x12, 0x12, 0x12, 0x12, 0x12, 0x12, 0x78, 0x59, 0x9B, 0x18, 0x18, 0x18, 0x18, 0x98, 0x22, 0x6D, 0x11, 0x0A, 0x77, 0x12, 0x12, 0x12, 0x12, 0x12, 0x12, 0x12, 0x12, 0x12, 0x12, 0x12, 0x12, 0x12, 0x12, 0x12, 0x12, 0x12, 0x12, 0x12, 0x12, 0x12, 
    117                  0x12, 0x12, 0x12, 0x12, 0x12, 0x12, 0x12, 0x12, 0x12, 0x12, 0x12, 0x12, 0x12, 0x12, 0x12, 0x12, 0x12, 0x12, 0x12, 0x12, 0x12, 0x12, 0x12, 0x12, 0x12, 0x12, 0x12, 0x12, 0x12, 0x12, 0x12, 0x12, 0x12, 0x12, 0x12, 0x12, 0x12, 0x12, 0x12, 0x12, 0x12, 
    118                  0x12, 0x12, 0x12, 0x12, 0x12, 0x12, 0x12, 0x12, 0x12, 0x12, 0x12, 0x12, 0x12, 0x12, 0x12, 0x12, 0x12, 0x12, 0x12, 0x12, 0x12, 0x12, 0x12, 0x12, 0x12, 0x12, 0x12, 0x12, 0x12, 0x12, 0x12, 0x12, 0x12, 0x12, 0x12, 0x12, 0x12, 0x12,
    119            0x0A, 0x0A, 0x0A, 0x0A, 0x0A, 0x0A, 0x0A, 0x0A, 0x73, 0x5D, 0xA8, 0x18, 0x18, 0x18, 0x18, 0x8E, 0x41, 0x24, 0x25, 0x75, 0x0A, 0x0A, 0x0A, 0x0A, 0x0A, 0x0A, 0x0A, 0x0A, 0x0A, 0x0A, 0x0A, 0x0A, 0x0A, 0x0A, 0x0A, 0x0A, 0x0A, 0x0A, 0x0A, 0x0A, 0x0A, 0x0A, 
    120                  0x0A, 0x0A, 0x0A, 0x0A, 0x0A, 0x0A, 0x0A, 0x0A, 0x0A, 0x0A, 0x0A, 0x0A, 0x0A, 0x0A, 0x0A, 0x0A, 0x0A, 0x0A, 0x0A, 0x0A, 0x0A, 0x0A, 0x0A, 0x0A, 0x0A, 0x0A, 0x0A, 0x0A, 0x0A, 0x0A, 0x0A, 0x0A, 0x0A, 0x0A, 0x0A, 0x0A, 0x0A, 0x0A, 0x0A, 0x0A, 0x0A, 
    121                  0x0A, 0x0A, 0x0A, 0x0A, 0x0A, 0x0A, 0x0A, 0x0A, 0x0A, 0x0A, 0x0A, 0x0A, 0x0A, 0x0A, 0x0A, 0x0A, 0x0A, 0x0A, 0x0A, 0x0A, 0x0A, 0x0A, 0x0A, 0x0A, 0x0A, 0x0A, 0x0A, 0x0A, 0x0A, 0x0A, 0x0A, 0x0A, 0x0A, 0x0A, 0x0A, 0x0A, 0x0A, 0x0A,
    122            0x02, 0x02, 0x02, 0x02, 0x02, 0x02, 0x02, 0x76, 0x69, 0x82, 0xA9, 0x18, 0x18, 0x18, 0x18, 0x7D, 0x3C, 0x04, 0x09, 0x70, 0x02, 0x02, 0x02, 0x02, 0x02, 0x02, 0x02, 0x02, 0x02, 0x02, 0x02, 0x02, 0x02, 0x02, 0x02, 0x02, 0x02, 0x02, 0x02, 0x02, 0x02, 0x02, 
    123                  0x02, 0x02, 0x02, 0x02, 0x02, 0x02, 0x02, 0x02, 0x02, 0x02, 0x02, 0x02, 0x02, 0x02, 0x02, 0x02, 0x02, 0x02, 0x02, 0x02, 0x02, 0x02, 0x02, 0x02, 0x02, 0x02, 0x02, 0x02, 0x02, 0x02, 0x02, 0x02, 0x02, 0x02, 0x02, 0x02, 0x02, 0x02, 0x02, 0x02, 0x02, 
    124                  0x02, 0x02, 0x02, 0x02, 0x02, 0x02, 0x02, 0x02, 0x02, 0x02, 0x02, 0x02, 0x02, 0x02, 0x02, 0x02, 0x02, 0x02, 0x02, 0x02, 0x02, 0x02, 0x02, 0x02, 0x02, 0x02, 0x02, 0x02, 0x02, 0x02, 0x02, 0x02, 0x02, 0x02, 0x02, 0x02, 0x02, 0x02,
    125            0x11, 0x11, 0x11, 0x11, 0x11, 0x11, 0x11, 0x74, 0x52, 0x90, 0x1E, 0x18, 0x18, 0x18, 0xA6, 0x5A, 0x40, 0x04, 0x09, 0x6F, 0x11, 0x11, 0x11, 0x11, 0x11, 0x11, 0x11, 0x11, 0x11, 0x11, 0x11, 0x11, 0x11, 0x11, 0x11, 0x11, 0x11, 0x11, 0x11, 0x11, 0x11, 0x11, 
    126                  0x11, 0x11, 0x11, 0x11, 0x11, 0x11, 0x11, 0x11, 0x11, 0x11, 0x11, 0x11, 0x11, 0x11, 0x11, 0x11, 0x11, 0x11, 0x11, 0x11, 0x11, 0x11, 0x11, 0x11, 0x11, 0x11, 0x11, 0x11, 0x11, 0x11, 0x11, 0x11, 0x11, 0x11, 0x11, 0x11, 0x11, 0x11, 0x11, 0x11, 0x11, 
    127                  0x11, 0x11, 0x11, 0x11, 0x11, 0x11, 0x11, 0x11, 0x11, 0x11, 0x11, 0x11, 0x11, 0x11, 0x11, 0x11, 0x11, 0x11, 0x11, 0x11, 0x11, 0x11, 0x11, 0x11, 0x11, 0x11, 0x11, 0x11, 0x11, 0x11, 0x11, 0x11, 0x11, 0x11, 0x11, 0x11, 0x11, 0x11,
    128            0x17, 0x17, 0x17, 0x17, 0x17, 0x17, 0x17, 0x6E, 0x51, 0x96, 0x18, 0x18, 0x18, 0x18, 0x9C, 0x45, 0x22, 0x04, 0x68, 0x25, 0x17, 0x17, 0x17, 0x17, 0x17, 0x17, 0x17, 0x17, 0x17, 0x17, 0x17, 0x17, 0x17, 0x17, 0x17, 0x17, 0x17, 0x17, 0x17, 0x17, 0x17, 0x17, 
    129                  0x17, 0x17, 0x17, 0x17, 0x17, 0x17, 0x17, 0x17, 0x17, 0x17, 0x17, 0x17, 0x17, 0x17, 0x17, 0x17, 0x17, 0x17, 0x17, 0x17, 0x17, 0x17, 0x17, 0x17, 0x17, 0x17, 0x17, 0x17, 0x17, 0x17, 0x17, 0x17, 0x17, 0x17, 0x17, 0x17, 0x17, 0x17, 0x17, 0x17, 0x17, 
    130                  0x17, 0x17, 0x17, 0x17, 0x17, 0x17, 0x17, 0x17, 0x17, 0x17, 0x17, 0x17, 0x17, 0x17, 0x17, 0x17, 0x17, 0x17, 0x17, 0x17, 0x17, 0x17, 0x17, 0x17, 0x17, 0x17, 0x17, 0x17, 0x17, 0x17, 0x17, 0x17, 0x17, 0x17, 0x17, 0x17, 0x17, 0x17,
    131            0x09, 0x09, 0x09, 0x09, 0x09, 0x09, 0x09, 0x67, 0x5C, 0x9F, 0x18, 0x18, 0x18, 0x18, 0x95, 0x31, 0x4D, 0x04, 0x66, 0x09, 0x09, 0x09, 0x09, 0x09, 0x09, 0x09, 0x09, 0x09, 0x09, 0x09, 0x09, 0x09, 0x09, 0x09, 0x09, 0x09, 0x09, 0x09, 0x09, 0x09, 0x09, 0x09, 
    132                  0x09, 0x09, 0x09, 0x09, 0x09, 0x09, 0x09, 0x09, 0x09, 0x09, 0x09, 0x09, 0x09, 0x09, 0x09, 0x09, 0x09, 0x09, 0x09, 0x09, 0x09, 0x09, 0x09, 0x09, 0x09, 0x09, 0x09, 0x09, 0x09, 0x09, 0x09, 0x09, 0x09, 0x09, 0x09, 0x09, 0x09, 0x09, 0x09, 0x09, 0x09, 
    133                  0x09, 0x09, 0x09, 0x09, 0x09, 0x09, 0x09, 0x09, 0x09, 0x09, 0x09, 0x09, 0x09, 0x09, 0x09, 0x09, 0x09, 0x09, 0x09, 0x09, 0x09, 0x09, 0x09, 0x09, 0x09, 0x09, 0x09, 0x09, 0x09, 0x09, 0x09, 0x09, 0x09, 0x09, 0x09, 0x09, 0x09, 0x09,
    134            0x10, 0x10, 0x10, 0x10, 0x10, 0x10, 0x10, 0x53, 0x7A, 0x1E, 0x18, 0x18, 0x18, 0x18, 0x8B, 0x32, 0x23, 0x04, 0x64, 0x10, 0x10, 0x10, 0x10, 0x10, 0x10, 0x10, 0x10, 0x10, 0x10, 0x10, 0x10, 0x10, 0x10, 0x10, 0x10, 0x10, 0x10, 0x10, 0x10, 0x10, 0x10, 0x10, 
    135                  0x10, 0x10, 0x10, 0x10, 0x10, 0x10, 0x10, 0x10, 0x10, 0x10, 0x10, 0x10, 0x10, 0x10, 0x10, 0x10, 0x10, 0x10, 0x10, 0x10, 0x10, 0x10, 0x10, 0x10, 0x10, 0x10, 0x10, 0x10, 0x10, 0x10, 0x10, 0x10, 0x10, 0x10, 0x10, 0x10, 0x10, 0x10, 0x10, 0x10, 0x10, 
    136                  0x10, 0x10, 0x10, 0x10, 0x10, 0x10, 0x10, 0x10, 0x10, 0x10, 0x10, 0x10, 0x10, 0x10, 0x10, 0x10, 0x10, 0x10, 0x10, 0x10, 0x10, 0x10, 0x10, 0x10, 0x10, 0x10, 0x10, 0x10, 0x10, 0x10, 0x10, 0x10, 0x10, 0x10, 0x10, 0x10, 0x10, 0x10,
    137            0x16, 0x16, 0x16, 0x16, 0x16, 0x16, 0x63, 0x50, 0x84, 0x1E, 0x18, 0x18, 0x18, 0x18, 0x7B, 0x33, 0x4C, 0x60, 0x24, 0x16, 0x16, 0x16, 0x16, 0x16, 0x16, 0x16, 0x16, 0x16, 0x16, 0x16, 0x16, 0x16, 0x16, 0x16, 0x16, 0x16, 0x16, 0x16, 0x16, 0x16, 0x16, 0x16, 
    138                  0x16, 0x16, 0x16, 0x16, 0x16, 0x16, 0x16, 0x16, 0x16, 0x16, 0x16, 0x16, 0x16, 0x16, 0x16, 0x16, 0x16, 0x16, 0x16, 0x16, 0x16, 0x16, 0x16, 0x16, 0x16, 0x16, 0x16, 0x16, 0x16, 0x16, 0x16, 0x16, 0x16, 0x16, 0x16, 0x16, 0x16, 0x16, 0x16, 0x16, 0x16, 
    139                  0x16, 0x16, 0x16, 0x16, 0x16, 0x16, 0x16, 0x16, 0x16, 0x16, 0x16, 0x16, 0x16, 0x16, 0x16, 0x16, 0x16, 0x16, 0x16, 0x16, 0x16, 0x16, 0x16, 0x16, 0x16, 0x16, 0x16, 0x16, 0x16, 0x16, 0x16, 0x16, 0x16, 0x16, 0x16, 0x16, 0x16, 0x16,
    140            0x01, 0x01, 0x01, 0x01, 0x01, 0x01, 0x62, 0x4A, 0x91, 0x18, 0x18, 0x18, 0x18, 0xA5, 0x55, 0x3A, 0x0D, 0x4F, 0x04, 0x01, 0x01, 0x01, 0x01, 0x01, 0x01, 0x01, 0x01, 0x01, 0x01, 0x01, 0x01, 0x01, 0x01, 0x01, 0x01, 0x01, 0x01, 0x01, 0x01, 0x01, 0x01, 0x01, 
    141                  0x01, 0x01, 0x01, 0x01, 0x01, 0x01, 0x01, 0x01, 0x01, 0x01, 0x01, 0x01, 0x01, 0x01, 0x01, 0x01, 0x01, 0x01, 0x01, 0x01, 0x01, 0x01, 0x01, 0x01, 0x01, 0x01, 0x01, 0x01, 0x01, 0x01, 0x01, 0x01, 0x01, 0x01, 0x01, 0x01, 0x01, 0x01, 0x01, 0x01, 0x01, 
    142                  0x01, 0x01, 0x01, 0x01, 0x01, 0x01, 0x01, 0x01, 0x01, 0x01, 0x01, 0x01, 0x01, 0x01, 0x01, 0x01, 0x01, 0x01, 0x01, 0x01, 0x01, 0x01, 0x01, 0x01, 0x01, 0x01, 0x01, 0x01, 0x01, 0x01, 0x01, 0x01, 0x01, 0x01, 0x01, 0x01, 0x01, 0x01,
    143            0x0F, 0x0F, 0x0F, 0x0F, 0x0F, 0x0F, 0x61, 0x3F, 0x9A, 0x18, 0x18, 0x18, 0x18, 0x99, 0x42, 0x3D, 0x49, 0x4E, 0x0F, 0x0F, 0x0F, 0x0F, 0x0F, 0x0F, 0x0F, 0x0F, 0x0F, 0x0F, 0x0F, 0x0F, 0x0F, 0x0F, 0x0F, 0x0F, 0x0F, 0x0F, 0x0F, 0x0F, 0x0F, 0x0F, 0x0F, 0x0F, 
    144                  0x0F, 0x0F, 0x0F, 0x0F, 0x0F, 0x0F, 0x0F, 0x0F, 0x0F, 0x0F, 0x0F, 0x0F, 0x0F, 0x0F, 0x0F, 0x0F, 0x0F, 0x0F, 0x0F, 0x0F, 0x0F, 0x0F, 0x0F, 0x0F, 0x0F, 0x0F, 0x0F, 0x0F, 0x0F, 0x0F, 0x0F, 0x0F, 0x0F, 0x0F, 0x0F, 0x0F, 0x0F, 0x0F, 0x0F, 0x0F, 0x0F, 
    145                  0x0F, 0x0F, 0x0F, 0x0F, 0x0F, 0x0F, 0x0F, 0x0F, 0x0F, 0x0F, 0x0F, 0x0F, 0x0F, 0x0F, 0x0F, 0x0F, 0x0F, 0x0F, 0x0F, 0x0F, 0x0F, 0x0F, 0x0F, 0x0F, 0x0F, 0x0F, 0x0F, 0x0F, 0x0F, 0x0F, 0x0F, 0x0F, 0x0F, 0x0F, 0x0F, 0x0F, 0x0F, 0x0F,
    146            0x0E, 0x0E, 0x0E, 0x0E, 0x0E, 0x0E, 0x4B, 0x57, 0xA3, 0x18, 0x18, 0x18, 0x18, 0x8F, 0x1A, 0x38, 0x47, 0x23, 0x0E, 0x0E, 0x0E, 0x0E, 0x0E, 0x0E, 0x0E, 0x0E, 0x0E, 0x0E, 0x0E, 0x0E, 0x0E, 0x0E, 0x0E, 0x0E, 0x0E, 0x0E, 0x0E, 0x0E, 0x0E, 0x0E, 0x0E, 0x0E, 
    147                  0x0E, 0x0E, 0x0E, 0x0E, 0x0E, 0x0E, 0x0E, 0x0E, 0x0E, 0x0E, 0x0E, 0x0E, 0x0E, 0x0E, 0x0E, 0x0E, 0x0E, 0x0E, 0x0E, 0x0E, 0x0E, 0x0E, 0x0E, 0x0E, 0x0E, 0x0E, 0x0E, 0x0E, 0x0E, 0x0E, 0x0E, 0x0E, 0x0E, 0x0E, 0x0E, 0x0E, 0x0E, 0x0E, 0x0E, 0x0E, 0x0E, 
    148                  0x0E, 0x0E, 0x0E, 0x0E, 0x0E, 0x0E, 0x0E, 0x0E, 0x0E, 0x0E, 0x0E, 0x0E, 0x0E, 0x0E, 0x0E, 0x0E, 0x0E, 0x0E, 0x0E, 0x0E, 0x0E, 0x0E, 0x0E, 0x0E, 0x0E, 0x0E, 0x0E, 0x0E, 0x0E, 0x0E, 0x0E, 0x0E, 0x0E, 0x0E, 0x0E, 0x0E, 0x0E, 0x0E,
    149            0x0D, 0x0D, 0x0D, 0x0D, 0x0D, 0x0D, 0x3B, 0x7E, 0xAA, 0x18, 0x18, 0x18, 0x18, 0x83, 0x1A, 0x20, 0x21, 0x48, 0x0D, 0x0D, 0x0D, 0x0D, 0x0D, 0x0D, 0x0D, 0x0D, 0x0D, 0x0D, 0x0D, 0x0D, 0x0D, 0x0D, 0x0D, 0x0D, 0x0D, 0x0D, 0x0D, 0x0D, 0x0D, 0x0D, 0x0D, 0x0D, 
    150                  0x0D, 0x0D, 0x0D, 0x0D, 0x0D, 0x0D, 0x0D, 0x0D, 0x0D, 0x0D, 0x0D, 0x0D, 0x0D, 0x0D, 0x0D, 0x0D, 0x0D, 0x0D, 0x0D, 0x0D, 0x0D, 0x0D, 0x0D, 0x0D, 0x0D, 0x0D, 0x0D, 0x0D, 0x0D, 0x0D, 0x0D, 0x0D, 0x0D, 0x0D, 0x0D, 0x0D, 0x0D, 0x0D, 0x0D, 0x0D, 0x0D, 
    151                  0x0D, 0x0D, 0x0D, 0x0D, 0x0D, 0x0D, 0x0D, 0x0D, 0x0D, 0x0D, 0x0D, 0x0D, 0x0D, 0x0D, 0x0D, 0x0D, 0x0D, 0x0D, 0x0D, 0x0D, 0x0D, 0x0D, 0x0D, 0x0D, 0x0D, 0x0D, 0x0D, 0x0D, 0x0D, 0x0D, 0x0D, 0x0D, 0x0D, 0x0D, 0x0D, 0x0D, 0x0D, 0x0D,
    152            0x15, 0x15, 0x15, 0x15, 0x15, 0x46, 0x39, 0x8C, 0x18, 0x18, 0x18, 0x18, 0xA7, 0x5B, 0x1A, 0x37, 0x0C, 0x21, 0x15, 0x15, 0x15, 0x15, 0x15, 0x15, 0x15, 0x15, 0x15, 0x15, 0x15, 0x15, 0x15, 0x15, 0x15, 0x15, 0x15, 0x15, 0x15, 0x15, 0x15, 0x15, 0x15, 0x15, 
    153                  0x15, 0x15, 0x15, 0x15, 0x15, 0x15, 0x15, 0x15, 0x15, 0x15, 0x15, 0x15, 0x15, 0x15, 0x15, 0x15, 0x15, 0x15, 0x15, 0x15, 0x15, 0x15, 0x15, 0x15, 0x15, 0x15, 0x15, 0x15, 0x15, 0x15, 0x15, 0x15, 0x15, 0x15, 0x15, 0x15, 0x15, 0x15, 0x15, 0x15, 0x15, 
    154                  0x15, 0x15, 0x15, 0x15, 0x15, 0x15, 0x15, 0x15, 0x15, 0x15, 0x15, 0x15, 0x15, 0x15, 0x15, 0x15, 0x15, 0x15, 0x15, 0x15, 0x15, 0x15, 0x15, 0x15, 0x15, 0x15, 0x15, 0x15, 0x15, 0x15, 0x15, 0x15, 0x15, 0x15, 0x15, 0x15, 0x15, 0x15,
    155            0x0C, 0x0C, 0x0C, 0x0C, 0x0C, 0x3E, 0x35, 0x28, 0x18, 0x18, 0x18, 0x18, 0xA1, 0x43, 0x2E, 0x0B, 0x20, 0x0C, 0x0C, 0x0C, 0x0C, 0x0C, 0x0C, 0x0C, 0x0C, 0x0C, 0x0C, 0x0C, 0x0C, 0x0C, 0x0C, 0x0C, 0x0C, 0x0C, 0x0C, 0x0C, 0x0C, 0x0C, 0x0C, 0x0C, 0x0C, 0x0C, 
    156                  0x0C, 0x0C, 0x0C, 0x0C, 0x0C, 0x0C, 0x0C, 0x0C, 0x0C, 0x0C, 0x0C, 0x0C, 0x0C, 0x0C, 0x0C, 0x0C, 0x0C, 0x0C, 0x0C, 0x0C, 0x0C, 0x0C, 0x0C, 0x0C, 0x0C, 0x0C, 0x0C, 0x0C, 0x0C, 0x0C, 0x0C, 0x0C, 0x0C, 0x0C, 0x0C, 0x0C, 0x0C, 0x0C, 0x0C, 0x0C, 0x0C, 
    157                  0x0C, 0x0C, 0x0C, 0x0C, 0x0C, 0x0C, 0x0C, 0x0C, 0x0C, 0x0C, 0x0C, 0x0C, 0x0C, 0x0C, 0x0C, 0x0C, 0x0C, 0x0C, 0x0C, 0x0C, 0x0C, 0x0C, 0x0C, 0x0C, 0x0C, 0x0C, 0x0C, 0x0C, 0x0C, 0x0C, 0x0C, 0x0C, 0x0C, 0x0C, 0x0C, 0x0C, 0x0C, 0x0C,
    158            0x0B, 0x0B, 0x0B, 0x0B, 0x0B, 0x34, 0x44, 0x9D, 0x18, 0x18, 0x18, 0x18, 0x97, 0x1B, 0x2F, 0x08, 0x36, 0x0B, 0x0B, 0x0B, 0x0B, 0x0B, 0x0B, 0x0B, 0x0B, 0x0B, 0x0B, 0x0B, 0x0B, 0x0B, 0x0B, 0x0B, 0x0B, 0x0B, 0x0B, 0x0B, 0x0B, 0x0B, 0x0B, 0x0B, 0x0B, 0x0B, 
    159                  0x0B, 0x0B, 0x0B, 0x0B, 0x0B, 0x0B, 0x0B, 0x0B, 0x0B, 0x0B, 0x0B, 0x0B, 0x0B, 0x0B, 0x0B, 0x0B, 0x0B, 0x0B, 0x0B, 0x0B, 0x0B, 0x0B, 0x0B, 0x0B, 0x0B, 0x0B, 0x0B, 0x0B, 0x0B, 0x0B, 0x0B, 0x0B, 0x0B, 0x0B, 0x0B, 0x0B, 0x0B, 0x0B, 0x0B, 0x0B, 0x0B, 
    160                  0x0B, 0x0B, 0x0B, 0x0B, 0x0B, 0x0B, 0x0B, 0x0B, 0x0B, 0x0B, 0x0B, 0x0B, 0x0B, 0x0B, 0x0B, 0x0B, 0x0B, 0x0B, 0x0B, 0x0B, 0x0B, 0x0B, 0x0B, 0x0B, 0x0B, 0x0B, 0x0B, 0x0B, 0x0B, 0x0B, 0x0B, 0x0B, 0x0B, 0x0B, 0x0B, 0x0B, 0x0B, 0x0B,
    161            0x08, 0x08, 0x08, 0x08, 0x08, 0x1A, 0x56, 0x18, 0x18, 0x18, 0x18, 0x18, 0x8D, 0x1B, 0x1C, 0x30, 0x08, 0x08, 0x08, 0x08, 0x08, 0x08, 0x08, 0x08, 0x08, 0x08, 0x08, 0x08, 0x08, 0x08, 0x08, 0x08, 0x08, 0x08, 0x08, 0x08, 0x08, 0x08, 0x08, 0x08, 0x08, 0x08, 
    162                  0x08, 0x08, 0x08, 0x08, 0x08, 0x08, 0x08, 0x08, 0x08, 0x08, 0x08, 0x08, 0x08, 0x08, 0x08, 0x08, 0x08, 0x08, 0x08, 0x08, 0x08, 0x08, 0x08, 0x08, 0x08, 0x08, 0x08, 0x08, 0x08, 0x08, 0x08, 0x08, 0x08, 0x08, 0x08, 0x08, 0x08, 0x08, 0x08, 0x08, 0x08, 
    163                  0x08, 0x08, 0x08, 0x08, 0x08, 0x08, 0x08, 0x08, 0x08, 0x08, 0x08, 0x08, 0x08, 0x08, 0x08, 0x08, 0x08, 0x08, 0x08, 0x08, 0x08, 0x08, 0x08, 0x08, 0x08, 0x08, 0x08, 0x08, 0x08, 0x08, 0x08, 0x08, 0x08, 0x08, 0x08, 0x08, 0x08, 0x08,
    164            0x14, 0x14, 0x14, 0x14, 0x14, 0x2C, 0x81, 0x18, 0x18, 0x18, 0x18, 0x18, 0x7F, 0x1F, 0x2B, 0x1C, 0x1C, 0x2D, 0x14, 0x14, 0x14, 0x14, 0x14, 0x14, 0x14, 0x14, 0x14, 0x14, 0x14, 0x14, 0x14, 0x14, 0x14, 0x14, 0x14, 0x14, 0x14, 0x14, 0x14, 0x14, 0x14, 0x14, 
    165                  0x14, 0x14, 0x14, 0x14, 0x14, 0x14, 0x14, 0x14, 0x14, 0x14, 0x14, 0x14, 0x14, 0x14, 0x14, 0x14, 0x14, 0x14, 0x14, 0x14, 0x14, 0x14, 0x14, 0x14, 0x14, 0x14, 0x14, 0x14, 0x14, 0x14, 0x14, 0x14, 0x14, 0x14, 0x14, 0x14, 0x14, 0x14, 0x14, 0x14, 0x14, 
    166                  0x14, 0x14, 0x14, 0x14, 0x14, 0x14, 0x14, 0x14, 0x14, 0x14, 0x14, 0x14, 0x14, 0x14, 0x14, 0x14, 0x14, 0x14, 0x14, 0x14, 0x14, 0x14, 0x14, 0x14, 0x14, 0x14, 0x14, 0x14, 0x14, 0x14, 0x14, 0x14, 0x14, 0x14, 0x14, 0x14, 0x14, 0x14,
    167            0x07, 0x07, 0x07, 0x07, 0x07, 0x1B, 0x80, 0x94, 0x27, 0x27, 0x28, 0x92, 0x54, 0x1F, 0x2A, 0x07, 0x07, 0x07, 0x07, 0x07, 0x07, 0x07, 0x07, 0x07, 0x07, 0x07, 0x07, 0x07, 0x07, 0x07, 0x07, 0x07, 0x07, 0x07, 0x07, 0x07, 0x07, 0x07, 0x07, 0x07, 0x07, 0x07, 
    168                  0x07, 0x07, 0x07, 0x07, 0x07, 0x07, 0x07, 0x07, 0x07, 0x07, 0x07, 0x07, 0x07, 0x07, 0x07, 0x07, 0x07, 0x07, 0x07, 0x07, 0x07, 0x07, 0x07, 0x07, 0x07, 0x07, 0x07, 0x07, 0x07, 0x07, 0x07, 0x07, 0x07, 0x07, 0x07, 0x07, 0x07, 0x07, 0x07, 0x07, 0x07, 
    169                  0x07, 0x07, 0x07, 0x07, 0x07, 0x07, 0x07, 0x07, 0x07, 0x07, 0x07, 0x07, 0x07, 0x07, 0x07, 0x07, 0x07, 0x07, 0x07, 0x07, 0x07, 0x07, 0x07, 0x07, 0x07, 0x07, 0x07, 0x07, 0x07, 0x07, 0x07, 0x07, 0x07, 0x07, 0x07, 0x07, 0x07, 0x07,
    170            0x00, 0x00, 0x00, 0x00, 0x00, 0x00, 0x00, 0x00, 0x00, 0x00, 0x00, 0x00, 0x00, 0x00, 0x00, 0x00, 0x00, 0x00, 0x00, 0x00, 0x00, 0x00, 0x00, 0x00, 0x00, 0x00, 0x00, 0x00, 0x00, 0x00, 0x00, 0x00, 0x00, 0x00, 0x00, 0x00, 0x00, 0x00, 0x00, 0x00, 0x00, 0x00, 
    171                  0x00, 0x00, 0x00, 0x00, 0x00, 0x00, 0x00, 0x00, 0x00, 0x00, 0x00, 0x00, 0x00, 0x00, 0x00, 0x00, 0x00, 0x00, 0x00, 0x00, 0x00, 0x00, 0x00, 0x00, 0x00, 0x00, 0x00, 0x00, 0x00, 0x00, 0x00, 0x00, 0x00, 0x00, 0x00, 0x00, 0x00, 0x00, 0x00, 0x00, 0x00, 
    172                  0x00, 0x00, 0x00, 0x00, 0x00, 0x00, 0x00, 0x00, 0x00, 0x00, 0x00, 0x00, 0x00, 0x00, 0x00, 0x00, 0x00, 0x00, 0x00, 0x00, 0x00, 0x00, 0x00, 0x00, 0x00, 0x00, 0x00, 0x00, 0x00, 0x00, 0x00, 0x00, 0x00, 0x00, 0x00, 0x00, 0x00, 0x00,
    173            0x00, 0x00, 0x00, 0x00, 0x00, 0x00, 0x00, 0x00, 0x00, 0x00, 0x00, 0x00, 0x00, 0x00, 0x00, 0x00, 0x00, 0x00, 0x00, 0x00, 0x00, 0x00, 0x00, 0x00, 0x00, 0x00, 0x00, 0x00, 0x00, 0x00, 0x00, 0x00, 0x00, 0x00, 0x00, 0x00, 0x00, 0x00, 0x00, 0x00, 0x00, 0x00, 
    174                  0x00, 0x00, 0x00, 0x00, 0x00, 0x00, 0x00, 0x00, 0x00, 0x00, 0x00, 0x00, 0x00, 0x00, 0x00, 0x00, 0x00, 0x00, 0x00, 0x00, 0x00, 0x00, 0x00, 0x00, 0x00, 0x00, 0x00, 0x00, 0x00, 0x00, 0x00, 0x00, 0x00, 0x00, 0x00, 0x00, 0x00, 0x00, 0x00, 0x00, 0x00, 
    175                  0x00, 0x00, 0x00, 0x00, 0x00, 0x00, 0x00, 0x00, 0x00, 0x00, 0x00, 0x00, 0x00, 0x00, 0x00, 0x00, 0x00, 0x00, 0x00, 0x00, 0x00, 0x00, 0x00, 0x00, 0x00, 0x00, 0x00, 0x00, 0x00, 0x00, 0x00, 0x00, 0x00, 0x00, 0x00, 0x00, 0x00, 0x00,
    176            0x00, 0x00, 0x00, 0x00, 0x00, 0x00, 0x00, 0x00, 0x00, 0x00, 0x00, 0x00, 0x00, 0x00, 0x00, 0x00, 0x00, 0x00, 0x00, 0x00, 0x00, 0x00, 0x00, 0x00, 0x00, 0x00, 0x00, 0x00, 0x00, 0x00, 0x00, 0x00, 0x00, 0x00, 0x00, 0x00, 0x00, 0x00, 0x00, 0x00, 0x00, 0x00, 
    177                  0x00, 0x00, 0x00, 0x00, 0x00, 0x00, 0x00, 0x00, 0x00, 0x00, 0x00, 0x00, 0x00, 0x00, 0x00, 0x00, 0x00, 0x00, 0x00, 0x00, 0x00, 0x00, 0x00, 0x00, 0x00, 0x00, 0x00, 0x00, 0x00, 0x00, 0x00, 0x00, 0x00, 0x00, 0x00, 0x00, 0x00, 0x00, 0x00, 0x00, 0x00, 
    178                  0x00, 0x00, 0x00, 0x00, 0x00, 0x00, 0x00, 0x00, 0x00, 0x00, 0x00, 0x00, 0x00, 0x00, 0x00, 0x00, 0x00, 0x00, 0x00, 0x00, 0x00, 0x00, 0x00, 0x00, 0x00, 0x00, 0x00, 0x00, 0x00, 0x00, 0x00, 0x00, 0x00, 0x00, 0x00, 0x00, 0x00, 0x00,
    179            0x00, 0x00, 0x00, 0x00, 0x00, 0x00, 0x00, 0x00, 0x00, 0x00, 0x00, 0x00, 0x00, 0x00, 0x00, 0x00, 0x00, 0x00, 0x00, 0x00, 0x00, 0x00, 0x00, 0x00, 0x00, 0x00, 0x00, 0x00, 0x00, 0x00, 0x00, 0x00, 0x00, 0x00, 0x00, 0x00, 0x00, 0x00, 0x00, 0x00, 0x00, 0x00, 
    180                  0x00, 0x00, 0x00, 0x00, 0x00, 0x00, 0x00, 0x00, 0x00, 0x00, 0x00, 0x00, 0x00, 0x00, 0x00, 0x00, 0x00, 0x00, 0x00, 0x00, 0x00, 0x00, 0x00, 0x00, 0x00, 0x00, 0x00, 0x00, 0x00, 0x00, 0x00, 0x00, 0x00, 0x00, 0x00, 0x00, 0x00, 0x00, 0x00, 0x00, 0x00, 
    181                  0x00, 0x00, 0x00, 0x00, 0x00, 0x00, 0x00, 0x00, 0x00, 0x00, 0x00, 0x00, 0x00, 0x00, 0x00, 0x00, 0x00, 0x00, 0x00, 0x00, 0x00, 0x00, 0x00, 0x00, 0x00, 0x00, 0x00, 0x00, 0x00, 0x00, 0x00, 0x00, 0x00, 0x00, 0x00, 0x00, 0x00, 0x00,
    182            0x00, 0x00, 0x00, 0x00, 0x00, 0x00, 0x00, 0x00, 0x00, 0x00, 0x00, 0x00, 0x00, 0x00, 0x00, 0x00, 0x00, 0x00, 0x00, 0x00, 0x00, 0x00, 0x00, 0x00, 0x00, 0x00, 0x00, 0x00, 0x00, 0x00, 0x00, 0x00, 0x00, 0x00, 0x00, 0x00, 0x00, 0x00, 0x00, 0x00, 0x00, 0x00, 
    183                  0x00, 0x00, 0x00, 0x00, 0x00, 0x00, 0x00, 0x00, 0x00, 0x00, 0x00, 0x00, 0x00, 0x00, 0x00, 0x00, 0x00, 0x00, 0x00, 0x00, 0x00, 0x00, 0x00, 0x00, 0x00, 0x00, 0x00, 0x00, 0x00, 0x00, 0x00, 0x00, 0x00, 0x00, 0x00, 0x00, 0x00, 0x00, 0x00, 0x00, 0x00, 
    184                  0x00, 0x00, 0x00, 0x00, 0x00, 0x00, 0x00, 0x00, 0x00, 0x00, 0x00, 0x00, 0x00, 0x00, 0x00, 0x00, 0x00, 0x00, 0x00, 0x00, 0x00, 0x00, 0x00, 0x00, 0x00, 0x00, 0x00, 0x00, 0x00, 0x00, 0x00, 0x00, 0x00, 0x00, 0x00, 0x00, 0x00, 0x00,
    185            0x00, 0x00, 0x00, 0x00, 0x00, 0x00, 0x00, 0x00, 0x00, 0x00, 0x00, 0x00, 0x00, 0x00, 0x00, 0x00, 0x00, 0x00, 0x00, 0x00, 0x00, 0x00, 0x00, 0x00, 0x00, 0x00, 0x00, 0x00, 0x00, 0x00, 0x00, 0x00, 0x00, 0x00, 0x00, 0x00, 0x00, 0x00, 0x00, 0x00, 0x00, 0x00, 
    186                  0x00, 0x00, 0x00, 0x00, 0x00, 0x00, 0x00, 0x00, 0x00, 0x00, 0x00, 0x00, 0x00, 0x00, 0x00, 0x00, 0x00, 0x00, 0x00, 0x00, 0x00, 0x00, 0x00, 0x00, 0x00, 0x00, 0x00, 0x00, 0x00, 0x00, 0x00, 0x00, 0x00, 0x00, 0x00, 0x00, 0x00, 0x00, 0x00, 0x00, 0x00, 
    187                  0x00, 0x00, 0x00, 0x00, 0x00, 0x00, 0x00, 0x00, 0x00, 0x00, 0x00, 0x00, 0x00, 0x00, 0x00, 0x00, 0x00, 0x00, 0x00, 0x00, 0x00, 0x00, 0x00, 0x00, 0x00, 0x00, 0x00, 0x00, 0x00, 0x00, 0x00, 0x00, 0x00, 0x00, 0x00, 0x00, 0x00, 0x00,
    188            0x00, 0x00, 0x00, 0x00, 0x00, 0x00, 0x00, 0x00, 0x00, 0x00, 0x00, 0x00, 0x00, 0x00, 0x00, 0x00, 0x00, 0x00, 0x00, 0x00, 0x00, 0x00, 0x00, 0x00, 0x00, 0x00, 0x00, 0x00, 0x00, 0x00, 0x00, 0x00, 0x00, 0x00, 0x00, 0x00, 0x00, 0x00, 0x00, 0x00, 0x00, 0x00, 
    189                  0x00, 0x00, 0x00, 0x00, 0x00, 0x00, 0x00, 0x00, 0x00, 0x00, 0x00, 0x00, 0x00, 0x00, 0x00, 0x00, 0x00, 0x00, 0x00, 0x00, 0x00, 0x00, 0x00, 0x00, 0x00, 0x00, 0x00, 0x00, 0x00, 0x00, 0x00, 0x00, 0x00, 0x00, 0x00, 0x00, 0x00, 0x00, 0x00, 0x00, 0x00, 
    190                  0x00, 0x00, 0x00, 0x00, 0x00, 0x00, 0x00, 0x00, 0x00, 0x00, 0x00, 0x00, 0x00, 0x00, 0x00, 0x00, 0x00, 0x00, 0x00, 0x00, 0x00, 0x00, 0x00, 0x00, 0x00, 0x00, 0x00, 0x00, 0x00, 0x00, 0x00, 0x00, 0x00, 0x00, 0x00, 0x00, 0x00, 0x00,
    191            0x00, 0x00, 0x00, 0x00, 0x00, 0x00, 0x00, 0x00, 0x00, 0x00, 0x00, 0x00, 0x00, 0x00, 0x00, 0x00, 0x00, 0x00, 0x00, 0x00, 0x00, 0x00, 0x00, 0x00, 0x00, 0x00, 0x00, 0x00, 0x00, 0x00, 0x00, 0x00, 0x00, 0x00, 0x00, 0x00, 0x00, 0x00, 0x00, 0x00, 0x00, 0x00, 
    192                  0x00, 0x00, 0x00, 0x00, 0x00, 0x00, 0x00, 0x00, 0x00, 0x00, 0x00, 0x00, 0x00, 0x00, 0x00, 0x00, 0x00, 0x00, 0x00, 0x00, 0x00, 0x00, 0x00, 0x00, 0x00, 0x00, 0x00, 0x00, 0x00, 0x00, 0x00, 0x00, 0x00, 0x00, 0x00, 0x00, 0x00, 0x00, 0x00, 0x00, 0x00, 
    193                  0x00, 0x00, 0x00, 0x00, 0x00, 0x00, 0x00, 0x00, 0x00, 0x00, 0x00, 0x00, 0x00, 0x00, 0x00, 0x00, 0x00, 0x00, 0x00, 0x00, 0x00, 0x00, 0x00, 0x00, 0x00, 0x00, 0x00, 0x00, 0x00, 0x00, 0x00, 0x00, 0x00, 0x00, 0x00, 0x00, 0x00, 0x00,
    194            0x00, 0x00, 0x00, 0x00, 0x00, 0x00, 0x00, 0x00, 0x00, 0x00, 0x00, 0x00, 0x00, 0x00, 0x00, 0x00, 0x00, 0x00, 0x00, 0x00, 0x00, 0x00, 0x00, 0x00, 0x00, 0x00, 0x00, 0x00, 0x00, 0x00, 0x00, 0x00, 0x00, 0x00, 0x00, 0x00, 0x00, 0x00, 0x00, 0x00, 0x00, 0x00, 
    195                  0x00, 0x00, 0x00, 0x00, 0x00, 0x00, 0x00, 0x00, 0x00, 0x00, 0x00, 0x00, 0x00, 0x00, 0x00, 0x00, 0x00, 0x00, 0x00, 0x00, 0x00, 0x00, 0x00, 0x00, 0x00, 0x00, 0x00, 0x00, 0x00, 0x00, 0x00, 0x00, 0x00, 0x00, 0x00, 0x00, 0x00, 0x00, 0x00, 0x00, 0x00, 
    196                  0x00, 0x00, 0x00, 0x00, 0x00, 0x00, 0x00, 0x00, 0x00, 0x00, 0x00, 0x00, 0x00, 0x00, 0x00, 0x00, 0x00, 0x00, 0x00, 0x00, 0x00, 0x00, 0x00, 0x00, 0x00, 0x00, 0x00, 0x00, 0x00, 0x00, 0x00, 0x00, 0x00, 0x00, 0x00, 0x00, 0x00, 0x00
    197          };
    198          

   \                                 In section .rodata, align 4, keep-with-next
    199          GUI_CONST_STORAGE GUI_BITMAP bm1 = {
   \                     bm1:
   \   00000000                      ; Initializer data, 20 bytes
   \   00000000   790023007900       DC16 121, 35, 121, 8
   \              0800        
   \   00000008   ............       DC32 ac1, Pal1
   \              ....        
   \   00000010   00000000           DC8 0, 0, 0, 0
    200            121, /* XSize */
    201            35, /* YSize */
    202            121, /* BytesPerLine */
    203            8, /* BitsPerPixel */
    204            ac1,  /* Pointer to picture data (indices) */
    205            &Pal1  /* Pointer to palette */
    206          };
    207          
    208          /* *** End of file *** */


   Section sizes:

     Function/Label Bytes
     -------------- -----
     Colors1         684
     Pal1             12
     ac1            4236
     bm1              20

 
 4 952 bytes in section .rodata
 
 4 952 bytes of CONST memory

Errors: none
Warnings: none
