###############################################################################
#                                                                             #
# IAR ANSI C/C++ Compiler V6.10.2.52244/W32 for ARM     19/Nov/2015  13:14:17 #
# Copyright 1999-2010 IAR Systems AB.                                         #
#                                                                             #
#    Cpu mode     =  arm                                                      #
#    Endian       =  little                                                   #
#    Source file  =  C:\DUII\DUII\Graphics\5.c                                #
#    Command line =  C:\DUII\DUII\Graphics\5.c -D DEBUG=1 -D SDRAM_TARGET=1   #
#                    -D USB_IS_HIGH_SPEED -D NOPROFILER -D OS_TRACE=0 -D      #
#                    OS_VIEW_ENABLE=0 -lCN C:\DUII\TargetHW\Release\List\ -o  #
#                    C:\DUII\TargetHW\Release\Obj\ --endian=little            #
#                    --cpu=ARM926EJ-S -e --fpu=None --dlib_config             #
#                    "C:\Program Files (x86)\IAR Systems\Embedded Workbench   #
#                    6.0\arm\INC\c\DLib_Config_Normal.h" -I                   #
#                    C:\DUII\TargetHW\Application\SEGGERDEMO\ -I              #
#                    C:\DUII\TargetHW\Application\SEGGERDEMO\Src\ -I          #
#                    C:\DUII\TargetHW\Config\ -I C:\DUII\TargetHW\FS\ -I      #
#                    C:\DUII\TargetHW\GUI\ -I C:\DUII\TargetHW\Inc\ -I        #
#                    C:\DUII\TargetHW\OS\ -I C:\DUII\TargetHW\Setup\ -I       #
#                    \DUII\DUII\ -I \DUII\DUII\Graphics\ --cpu_mode arm -Ohs  #
#                    --use_c++_inline --require_prototypes                    #
#    List file    =  C:\DUII\TargetHW\Release\List\5.lst                      #
#    Object file  =  C:\DUII\TargetHW\Release\Obj\5.o                         #
#                                                                             #
#                                                                             #
###############################################################################

C:\DUII\DUII\Graphics\5.c
      1          /*********************************************************************
      2          *                SEGGER MICROCONTROLLER SYSTEME GmbH                 *
      3          *        Solutions for real time microcontroller applications        *
      4          *                           www.segger.com                           *
      5          **********************************************************************
      6          *
      7          * C-file generated by
      8          *
      9          *        Bitmap converter for emWin V5.04.
     10          *        Compiled Jan  8 2010, 16:37:17
     11          *        (C) 1998 - 2005 Segger Microcontroller Systeme GmbH
     12          *
     13          **********************************************************************
     14          *
     15          * Source file: 5
     16          * Dimensions:  121 * 35
     17          * NumColors:   252
     18          *
     19          **********************************************************************
     20          */
     21          
     22          #include <stdlib.h>
     23          
     24          #include "GUI.h"
     25          
     26          #ifndef GUI_CONST_STORAGE
     27            #define GUI_CONST_STORAGE const
     28          #endif
     29          
     30          /*   Palette
     31          The following are the entries of the palette table.
     32          Every entry is a 32-bit value (of which 24 bits are actually used)
     33          the lower   8 bits represent the Red component,
     34          the middle  8 bits represent the Green component,
     35          the highest 8 bits (of the 24 bits used) represent the Blue component
     36          as follows:   0xBBGGRR
     37          */
     38          

   \                                 In section .rodata, align 4, keep-with-next
     39          static GUI_CONST_STORAGE GUI_COLOR Colors5[] = {
   \                     Colors5:
   \   00000000                      ; Initializer data, 1008 bytes
   \   00000000   000000002323       DC32 0, 2302755, 3750201, 4276545, 2894892, 2236962, 4342338, 131586, 2565927, 723723
   \              230039393900
   \              414141002C2C
   \              2C0022222200
   \              424242000202
   \              020027272700
   \              0B0B0B00    
   \   00000028   131313001717       DC32 1250067, 1513239, 328965, 526344, 1776411, 2039583, 3487029, 3881787, 986895, 2829099
   \              170005050500
   \              080808001B1B
   \              1B001F1F1F00
   \              353535003B3B
   \              3B000F0F0F00
   \              2B2B2B00    
   \   00000050   2E2E2E003E3E       DC32 3026478, 4079166, 4144959, 3289650, 16773123, 16774659, 3816258, 16775683, 4144409, 15260160
   \              3E003F3F3F00
   \              3232320003F0
   \              FF0003F6FF00
   \              423B3A0003FA
   \              FF00193D3F00
   \              00DAE800    
   \   00000078   03F3FF0003F1       DC32 16773891, 16773379, 16774915, 16775427, 10984706, 13155330, 16509955, 11, 12563458, 4867588
   \              FF0003F7FF00
   \              03F9FF00029D
   \              A70002BCC800
   \              03ECFB000B00
   \              000002B4BF00
   \              04464A00    
   \   000000A0   02EFFE000A0E       DC32 16707330, 921098, 921112, 4472840, 65793, 789510, 855046, 855306, 16773635, 16776195
   \              0E00180E0E00
   \              084044000101
   \              0100060C0C00
   \              060C0D000A0D
   \              0D0003F2FF00
   \              03FCFF00    
   \   000000C8   03FFFF000404       DC32 16776963, 263172, 4210752, 16775171, 1, 460551, 592137, 592404, 723990, 1447446
   \              040040404000
   \              03F8FF000100
   \              000007070700
   \              09090900140A
   \              0900160C0B00
   \              16161600    
   \   000000F0   181616002121       DC32 1447448, 2171169, 2960685, 3158064, 12563202, 16707331, 16774147, 16774403, 16775426, 16776707
   \              21002D2D2D00
   \              3030300002B3
   \              BF0003EFFE00
   \              03F4FF0003F5
   \              FF0002F9FF00
   \              03FEFF00    
   \   00000118   020000000201       DC32 2, 258, 3, 197379, 4, 5, 197381, 6, 262918, 328964
   \              000003000000
   \              030303000400
   \              000005000000
   \              050303000600
   \              000006030400
   \              04050500    
   \   00000140   07040400000B       DC32 263175, 789248, 592134, 855047, 8, 197642, 328971, 12, 14, 65806
   \              0C0006090900
   \              070C0D000800
   \              00000A040300
   \              0B0505000C00
   \              00000E000000
   \              0E010100    
   \   00000168   090C0D00090F       DC32 855049, 986889, 855308, 855309, 789519, 921102, 1381381, 1512964, 2039045, 1381387
   \              0F000C0D0D00
   \              0D0D0D000F0C
   \              0C000E0E0E00
   \              051415000416
   \              1700051D1F00
   \              0B141500    
   \   00000190   0C1212000F10       DC32 1184268, 1052687, 1381390, 1776397, 197649, 789777, 921104, 986900, 855320, 855576
   \              10000E141500
   \              0D1B1B001104
   \              0300110D0C00
   \              100E0E00140F
   \              0F00180D0D00
   \              180E0D00    
   \   000001B8   190F10001212       DC32 1052441, 1184274, 1249810, 1579024, 1841937, 1579028, 1118746, 1447705, 1315866, 1184542
   \              120012121300
   \              10181800111B
   \              1C0014181800
   \              1A1211001917
   \              16001A141400
   \              1E131200    
   \   000001E0   1E1514001818       DC32 1316126, 1579032, 1644826, 1644827, 1710618, 1907997, 1973790, 2105106, 2302215, 3354887
   \              18001A191900
   \              1B1919001A1A
   \              1A001D1D1D00
   \              1E1E1E00121F
   \              200007212300
   \              07313300    
   \   00000208   05343700023B       DC32 3617797, 4078338, 3815176, 4143883, 3881231, 2170900, 2828819, 2763038, 2960415, 4144407
   \              3E0008373A00
   \              0B3B3F000F39
   \              3B0014202100
   \              132A2B001E29
   \              2A001F2C2D00
   \              173D3F00    
   \   00000230   1B3A3C00183D       DC32 3947035, 4144408, 1645091, 1908002, 1579303, 1974053, 2105377, 2236961, 2171174, 2302758
   \              3F00231A1900
   \              221D1D002719
   \              1800251F1E00
   \              212020002122
   \              220026212100
   \              26232300    
   \   00000258   252525002626       DC32 2434341, 2500134, 2368552, 2368813, 2631720, 2697513, 2763306, 2829103, 2895149, 3947047
   \              260028242400
   \              2D2524002828
   \              280029292900
   \              2A2A2A002F2B
   \              2B002D2D2C00
   \              273A3C00    
   \   00000280   312827003829       DC32 2566193, 2631992, 3092537, 3223857, 3355443, 3421235, 3421236, 3618615, 3223864, 3289657
   \              280039302F00
   \              313131003333
   \              330033343400
   \              343434003737
   \              370038313100
   \              39323200    
   \   000002A8   3E3535003838       DC32 3487038, 3684408, 3750202, 3815994, 3684412, 3947581, 4013373, 4341252, 4341254, 4669954
   \              38003A393900
   \              3A3A3A003C38
   \              38003D3C3C00
   \              3D3D3D00043E
   \              4200063E4200
   \              02424700    
   \   000002D0   074043000144       DC32 4407303, 4736001, 4801796, 4933124, 4933380, 5130757, 4604424, 5262081, 5262602, 6248970
   \              480004454900
   \              04464B000447
   \              4B00054A4E00
   \              08424600014B
   \              50000A4D5000
   \              0A5A5F00    
   \   000002F8   11494D00025C       DC32 5064977, 6446082, 6774785, 6709250, 6906626, 7170817, 7366917, 3882050, 4145219, 4210754
   \              620001606700
   \              026066000263
   \              6900016B6D00
   \              05697000423C
   \              3B0043403F00
   \              42404000    
   \   00000320   434343004441       DC32 4408131, 4276548, 8419330, 8419331, 8551170, 8748289, 8748292, 8945666, 9998849, 10458370
   \              410002788000
   \              03788000027B
   \              8200017D8500
   \              047D85000280
   \              880001929800
   \              02959F00    
   \   00000348   029CA700029D       DC32 10984450, 10919170, 11050498, 11380225, 11445250, 11576576, 11774722, 11971328, 12234240, 12102914
   \              A600029EA800
   \              01A6AD0002A4
   \              AE0000A5B000
   \              02ABB30000AB
   \              B60000AEBA00
   \              02ADB800    
   \   00000370   02B1BC0002B6       DC32 12366082, 12695042, 13089794, 13221121, 13352705, 13155586, 13550080, 13615875, 13747712, 14010370
   \              C10002BCC700
   \              01BDC90001BF
   \              CB0002BDC800
   \              00C2CE0003C3
   \              CF0000C6D100
   \              02C8D500    
   \   00000398   02CFDB0001CF       DC32 14405378, 14470913, 14536705, 14668802, 14931201, 14800386, 15194626, 15325952, 15457536, 15589120
   \              DC0001D0DD00
   \              02D4DF0001D5
   \              E30002D6E100
   \              02DAE70000DB
   \              E90000DDEB00
   \              00DFED00    
   \   000003C0   00E2F00003E3       DC32 15786496, 15852291, 16050944, 16576003, 16445952, 16379906, 16773378, 16708355, 16774145, 16775170
   \              F10000EBF400
   \              03EEFC0000F2
   \              FA0002F0F900
   \              02F1FF0003F3
   \              FE0001F4FF00
   \              02F8FF00    
   \   000003E8   03FDFF0002FF       DC32 16776451, 16776962
   \              FF00        
     40               0x000000,0x232323,0x393939,0x414141
     41              ,0x2C2C2C,0x222222,0x424242,0x020202
     42              ,0x272727,0x0B0B0B,0x131313,0x171717
     43              ,0x050505,0x080808,0x1B1B1B,0x1F1F1F
     44              ,0x353535,0x3B3B3B,0x0F0F0F,0x2B2B2B
     45              ,0x2E2E2E,0x3E3E3E,0x3F3F3F,0x323232
     46              ,0xFFF003,0xFFF603,0x3A3B42,0xFFFA03
     47              ,0x3F3D19,0xE8DA00,0xFFF303,0xFFF103
     48              ,0xFFF703,0xFFF903,0xA79D02,0xC8BC02
     49              ,0xFBEC03,0x00000B,0xBFB402,0x4A4604
     50              ,0xFEEF02,0x0E0E0A,0x0E0E18,0x444008
     51              ,0x010101,0x0C0C06,0x0D0C06,0x0D0D0A
     52              ,0xFFF203,0xFFFC03,0xFFFF03,0x040404
     53              ,0x404040,0xFFF803,0x000001,0x070707
     54              ,0x090909,0x090A14,0x0B0C16,0x161616
     55              ,0x161618,0x212121,0x2D2D2D,0x303030
     56              ,0xBFB302,0xFEEF03,0xFFF403,0xFFF503
     57              ,0xFFF902,0xFFFE03,0x000002,0x000102
     58              ,0x000003,0x030303,0x000004,0x000005
     59              ,0x030305,0x000006,0x040306,0x050504
     60              ,0x040407,0x0C0B00,0x090906,0x0D0C07
     61              ,0x000008,0x03040A,0x05050B,0x00000C
     62              ,0x00000E,0x01010E,0x0D0C09,0x0F0F09
     63              ,0x0D0D0C,0x0D0D0D,0x0C0C0F,0x0E0E0E
     64              ,0x151405,0x171604,0x1F1D05,0x15140B
     65              ,0x12120C,0x10100F,0x15140E,0x1B1B0D
     66              ,0x030411,0x0C0D11,0x0E0E10,0x0F0F14
     67              ,0x0D0D18,0x0D0E18,0x100F19,0x121212
     68              ,0x131212,0x181810,0x1C1B11,0x181814
     69              ,0x11121A,0x161719,0x14141A,0x12131E
     70              ,0x14151E,0x181818,0x19191A,0x19191B
     71              ,0x1A1A1A,0x1D1D1D,0x1E1E1E,0x201F12
     72              ,0x232107,0x333107,0x373405,0x3E3B02
     73              ,0x3A3708,0x3F3B0B,0x3B390F,0x212014
     74              ,0x2B2A13,0x2A291E,0x2D2C1F,0x3F3D17
     75              ,0x3C3A1B,0x3F3D18,0x191A23,0x1D1D22
     76              ,0x181927,0x1E1F25,0x202021,0x222221
     77              ,0x212126,0x232326,0x252525,0x262626
     78              ,0x242428,0x24252D,0x282828,0x292929
     79              ,0x2A2A2A,0x2B2B2F,0x2C2D2D,0x3C3A27
     80              ,0x272831,0x282938,0x2F3039,0x313131
     81              ,0x333333,0x343433,0x343434,0x373737
     82              ,0x313138,0x323239,0x35353E,0x383838
     83              ,0x39393A,0x3A3A3A,0x38383C,0x3C3C3D
     84              ,0x3D3D3D,0x423E04,0x423E06,0x474202
     85              ,0x434007,0x484401,0x494504,0x4B4604
     86              ,0x4B4704,0x4E4A05,0x464208,0x504B01
     87              ,0x504D0A,0x5F5A0A,0x4D4911,0x625C02
     88              ,0x676001,0x666002,0x696302,0x6D6B01
     89              ,0x706905,0x3B3C42,0x3F4043,0x404042
     90              ,0x434343,0x414144,0x807802,0x807803
     91              ,0x827B02,0x857D01,0x857D04,0x888002
     92              ,0x989201,0x9F9502,0xA79C02,0xA69D02
     93              ,0xA89E02,0xADA601,0xAEA402,0xB0A500
     94              ,0xB3AB02,0xB6AB00,0xBAAE00,0xB8AD02
     95              ,0xBCB102,0xC1B602,0xC7BC02,0xC9BD01
     96              ,0xCBBF01,0xC8BD02,0xCEC200,0xCFC303
     97              ,0xD1C600,0xD5C802,0xDBCF02,0xDCCF01
     98              ,0xDDD001,0xDFD402,0xE3D501,0xE1D602
     99              ,0xE7DA02,0xE9DB00,0xEBDD00,0xEDDF00
    100              ,0xF0E200,0xF1E303,0xF4EB00,0xFCEE03
    101              ,0xFAF200,0xF9F002,0xFFF102,0xFEF303
    102              ,0xFFF401,0xFFF802,0xFFFD03,0xFFFF02
    103          };
    104          

   \                                 In section .rodata, align 4, keep-with-next
    105          static GUI_CONST_STORAGE GUI_LOGPALETTE Pal5 = {
   \                     Pal5:
   \   00000000                      ; Initializer data, 12 bytes
   \   00000000   FC000000           DC32 252
   \   00000004   00000000           DC8 0, 0, 0, 0
   \   00000008   ........           DC32 Colors5
    106            252,	/* number of entries */
    107            0, 	/* No transparency */
    108            &Colors5[0]
    109          };
    110          

   \                                 In section .rodata, align 4, keep-with-next
    111          static GUI_CONST_STORAGE unsigned char ac5[] = {
   \                     ac5:
   \   00000000                      ; Initializer data, 4236 bytes
   \   00000000   050505050505       DC8 5, 5, 5, 5, 5, 5, 5, 5, 5, 5
   \              05050505    
   \   0000000A   050505050505       DC8 5, 5, 5, 5, 5, 5, 5, 5, 5, 5
   \              05050505    
   \   00000014   050505050505       DC8 5, 5, 5, 5, 5, 5, 5, 5, 5, 5
   \              05050505    
   \   0000001E   050505050505       DC8 5, 5, 5, 5, 5, 5, 5, 5, 5, 5
   \              05050505    
   \   00000028   050505050505       DC8 5, 5, 5, 5, 5, 5, 5, 5, 5, 5
   \              05050505    
   \   00000032   050505050505       DC8 5, 5, 5, 5, 5, 5, 5, 5, 5, 5
   \              05050505    
   \   0000003C   050505050505       DC8 5, 5, 5, 5, 5, 5, 5, 5, 5, 5
   \              05050505    
   \   00000046   050505050505       DC8 5, 5, 5, 5, 5, 5, 5, 5, 5, 5
   \              05050505    
   \   00000050   050505050505       DC8 5, 5, 5, 5, 5, 5, 5, 5, 5, 5
   \              05050505    
   \   0000005A   050505050505       DC8 5, 5, 5, 5, 5, 5, 5, 5, 5, 5
   \              05050505    
   \   00000064   050505050505       DC8 5, 5, 5, 5, 5, 5, 5, 5, 5, 5
   \              05050505    
   \   0000006E   050505050505       DC8 5, 5, 5, 5, 5, 5, 5, 5, 5, 5
   \              05050505    
   \   00000078   050101010101       DC8 5, 1, 1, 1, 1, 1, 1, 1, 1, 1
   \              01010101    
   \   00000082   010101010101       DC8 1, 1, 1, 1, 1, 1, 1, 1, 1, 1
   \              01010101    
   \   0000008C   010101010101       DC8 1, 1, 1, 1, 1, 1, 1, 1, 1, 1
   \              01010101    
   \   00000096   010101010101       DC8 1, 1, 1, 1, 1, 1, 1, 1, 1, 1
   \              01010101    
   \   000000A0   010101010101       DC8 1, 1, 1, 1, 1, 1, 1, 1, 1, 1
   \              01010101    
   \   000000AA   010101010101       DC8 1, 1, 1, 1, 1, 1, 1, 1, 1, 1
   \              01010101    
   \   000000B4   010101010101       DC8 1, 1, 1, 1, 1, 1, 1, 1, 1, 1
   \              01010101    
   \   000000BE   010101010101       DC8 1, 1, 1, 1, 1, 1, 1, 1, 1, 1
   \              01010101    
   \   000000C8   010101010101       DC8 1, 1, 1, 1, 1, 1, 1, 1, 1, 1
   \              01010101    
   \   000000D2   010101010101       DC8 1, 1, 1, 1, 1, 1, 1, 1, 1, 1
   \              01010101    
   \   000000DC   010101010101       DC8 1, 1, 1, 1, 1, 1, 1, 1, 1, 1
   \              01010101    
   \   000000E6   010101010101       DC8 1, 1, 1, 1, 1, 1, 1, 1, 1, 1
   \              01010101    
   \   000000F0   010104040404       DC8 1, 1, 4, 4, 4, 4, 4, 4, 4, 4
   \              04040404    
   \   000000FA   040404040404       DC8 4, 4, 4, 4, 4, 4, 4, 4, 4, 4
   \              04040404    
   \   00000104   040404040404       DC8 4, 4, 4, 4, 4, 4, 4, 4, 4, 4
   \              04040404    
   \   0000010E   040404040404       DC8 4, 4, 4, 4, 4, 4, 4, 4, 4, 4
   \              04040404    
   \   00000118   040404040404       DC8 4, 4, 4, 4, 4, 4, 4, 4, 4, 4
   \              04040404    
   \   00000122   040404040404       DC8 4, 4, 4, 4, 4, 4, 4, 4, 4, 4
   \              04040404    
   \   0000012C   040404040404       DC8 4, 4, 4, 4, 4, 4, 4, 4, 4, 4
   \              04040404    
   \   00000136   040404040404       DC8 4, 4, 4, 4, 4, 4, 4, 4, 4, 4
   \              04040404    
   \   00000140   040404040404       DC8 4, 4, 4, 4, 4, 4, 4, 4, 4, 4
   \              04040404    
   \   0000014A   040404040404       DC8 4, 4, 4, 4, 4, 4, 4, 4, 4, 4
   \              04040404    
   \   00000154   040404040404       DC8 4, 4, 4, 4, 4, 4, 4, 4, 4, 4
   \              04040404    
   \   0000015E   040404040404       DC8 4, 4, 4, 4, 4, 4, 4, 4, 4, 4
   \              04040404    
   \   00000168   040404020202       DC8 4, 4, 4, 2, 2, 2, 2, 2, 2, 2
   \              02020202    
   \   00000172   020202020202       DC8 2, 2, 2, 2, 2, 2, 2, 2, 2, 2
   \              02020202    
   \   0000017C   020202020202       DC8 2, 2, 2, 2, 2, 2, 2, 2, 2, 2
   \              02020202    
   \   00000186   020202020202       DC8 2, 2, 2, 2, 2, 2, 2, 2, 2, 2
   \              02020202    
   \   00000190   020202020202       DC8 2, 2, 2, 2, 2, 2, 2, 2, 2, 2
   \              02020202    
   \   0000019A   020202020202       DC8 2, 2, 2, 2, 2, 2, 2, 2, 2, 2
   \              02020202    
   \   000001A4   020202020202       DC8 2, 2, 2, 2, 2, 2, 2, 2, 2, 2
   \              02020202    
   \   000001AE   020202020202       DC8 2, 2, 2, 2, 2, 2, 2, 2, 2, 2
   \              02020202    
   \   000001B8   020202020202       DC8 2, 2, 2, 2, 2, 2, 2, 2, 2, 2
   \              02020202    
   \   000001C2   020202020202       DC8 2, 2, 2, 2, 2, 2, 2, 2, 2, 2
   \              02020202    
   \   000001CC   020202020202       DC8 2, 2, 2, 2, 2, 2, 2, 2, 2, 2
   \              02020202    
   \   000001D6   020202020202       DC8 2, 2, 2, 2, 2, 2, 2, 2, 2, 2
   \              02020202    
   \   000001E0   020202020303       DC8 2, 2, 2, 2, 3, 3, 3, 3, 6, 197
   \              030306C5    
   \   000001EA   1A1A1A1A1A1A       DC8 26, 26, 26, 26, 26, 26, 26, 26, 26, 26
   \              1A1A1A1A    
   \   000001F4   1A1A1A1A1A1A       DC8 26, 26, 26, 26, 26, 26, 26, 26, 26, 26
   \              1A1A1A1A    
   \   000001FE   C60603030303       DC8 198, 6, 3, 3, 3, 3, 3, 3, 3, 3
   \              03030303    
   \   00000208   030303030303       DC8 3, 3, 3, 3, 3, 3, 3, 3, 3, 3
   \              03030303    
   \   00000212   030303030303       DC8 3, 3, 3, 3, 3, 3, 3, 3, 3, 3
   \              03030303    
   \   0000021C   030303030303       DC8 3, 3, 3, 3, 3, 3, 3, 3, 3, 3
   \              03030303    
   \   00000226   030303030303       DC8 3, 3, 3, 3, 3, 3, 3, 3, 3, 3
   \              03030303    
   \   00000230   030303030303       DC8 3, 3, 3, 3, 3, 3, 3, 3, 3, 3
   \              03030303    
   \   0000023A   030303030303       DC8 3, 3, 3, 3, 3, 3, 3, 3, 3, 3
   \              03030303    
   \   00000244   030303030303       DC8 3, 3, 3, 3, 3, 3, 3, 3, 3, 3
   \              03030303    
   \   0000024E   030303030303       DC8 3, 3, 3, 3, 3, 3, 3, 3, 3, 3
   \              03030303    
   \   00000258   030303030306       DC8 3, 3, 3, 3, 3, 6, 6, 6, 200, 172
   \              0606C8AC    
   \   00000262   8C8D1C1C1C1C       DC8 140, 141, 28, 28, 28, 28, 28, 28, 28, 28
   \              1C1C1C1C    
   \   0000026C   1C1C1C1C1C1C       DC8 28, 28, 28, 28, 28, 28, 28, 28, 28, 28
   \              1C1C1C1C    
   \   00000276   8B9FC7060606       DC8 139, 159, 199, 6, 6, 6, 6, 6, 6, 6
   \              06060606    
   \   00000280   060606060606       DC8 6, 6, 6, 6, 6, 6, 6, 6, 6, 6
   \              06060606    
   \   0000028A   060606060606       DC8 6, 6, 6, 6, 6, 6, 6, 6, 6, 6
   \              06060606    
   \   00000294   060606060606       DC8 6, 6, 6, 6, 6, 6, 6, 6, 6, 6
   \              06060606    
   \   0000029E   060606060606       DC8 6, 6, 6, 6, 6, 6, 6, 6, 6, 6
   \              06060606    
   \   000002A8   060606060606       DC8 6, 6, 6, 6, 6, 6, 6, 6, 6, 6
   \              06060606    
   \   000002B2   060606060606       DC8 6, 6, 6, 6, 6, 6, 6, 6, 6, 6
   \              06060606    
   \   000002BC   060606060606       DC8 6, 6, 6, 6, 6, 6, 6, 6, 6, 6
   \              06060606    
   \   000002C6   060606060606       DC8 6, 6, 6, 6, 6, 6, 6, 6, 6, 6
   \              06060606    
   \   000002D0   060606060606       DC8 6, 6, 6, 6, 6, 6, 3, 3, 3, 201
   \              030303C9    
   \   000002DA   8AE2EF1D1D1D       DC8 138, 226, 239, 29, 29, 29, 29, 29, 29, 29
   \              1D1D1D1D    
   \   000002E4   1D1D1D1D1D1D       DC8 29, 29, 29, 29, 29, 29, 29, 29, 29, 29
   \              1D1D1D1D    
   \   000002EE   EDEEBDA20334       DC8 237, 238, 189, 162, 3, 52, 3, 3, 3, 3
   \              03030303    
   \   000002F8   030303030303       DC8 3, 3, 3, 3, 3, 3, 3, 3, 3, 3
   \              03030303    
   \   00000302   030303030303       DC8 3, 3, 3, 3, 3, 3, 3, 3, 3, 3
   \              03030303    
   \   0000030C   030303030303       DC8 3, 3, 3, 3, 3, 3, 3, 3, 3, 3
   \              03030303    
   \   00000316   030303030303       DC8 3, 3, 3, 3, 3, 3, 3, 3, 3, 3
   \              03030303    
   \   00000320   030303030303       DC8 3, 3, 3, 3, 3, 3, 3, 3, 3, 3
   \              03030303    
   \   0000032A   030303030303       DC8 3, 3, 3, 3, 3, 3, 3, 3, 3, 3
   \              03030303    
   \   00000334   030303030303       DC8 3, 3, 3, 3, 3, 3, 3, 3, 3, 3
   \              03030303    
   \   0000033E   030303030303       DC8 3, 3, 3, 3, 3, 3, 3, 3, 3, 3
   \              03030303    
   \   00000348   030303030303       DC8 3, 3, 3, 3, 3, 3, 3, 22, 22, 52
   \              03161634    
   \   00000352   AABEF21B1919       DC8 170, 190, 242, 27, 25, 25, 25, 25, 25, 25
   \              19191919    
   \   0000035C   191919191919       DC8 25, 25, 25, 25, 25, 25, 25, 25, 25, 25
   \              19191919    
   \   00000366   1935F486A811       DC8 25, 53, 244, 134, 168, 17, 21, 22, 22, 22
   \              15161616    
   \   00000370   161616161616       DC8 22, 22, 22, 22, 22, 22, 22, 22, 22, 22
   \              16161616    
   \   0000037A   161616161616       DC8 22, 22, 22, 22, 22, 22, 22, 22, 22, 22
   \              16161616    
   \   00000384   161616161616       DC8 22, 22, 22, 22, 22, 22, 22, 22, 22, 22
   \              16161616    
   \   0000038E   161616161616       DC8 22, 22, 22, 22, 22, 22, 22, 22, 22, 22
   \              16161616    
   \   00000398   161616161616       DC8 22, 22, 22, 22, 22, 22, 22, 22, 22, 22
   \              16161616    
   \   000003A2   161616161616       DC8 22, 22, 22, 22, 22, 22, 22, 22, 22, 22
   \              16161616    
   \   000003AC   161616161616       DC8 22, 22, 22, 22, 22, 22, 22, 22, 22, 22
   \              16161616    
   \   000003B6   161616161616       DC8 22, 22, 22, 22, 22, 22, 22, 22, 22, 22
   \              16161616    
   \   000003C0   161616161616       DC8 22, 22, 22, 22, 22, 22, 22, 22, 21, 21
   \              16161515    
   \   000003CA   34A1C4441F18       DC8 52, 161, 196, 68, 31, 24, 24, 24, 24, 24
   \              18181818    
   \   000003D4   181818181818       DC8 24, 24, 24, 24, 24, 24, 24, 24, 24, 24
   \              18181818    
   \   000003DE   181843E87F9D       DC8 24, 24, 67, 232, 127, 157, 166, 173, 176, 21
   \              A6ADB015    
   \   000003E8   151515151515       DC8 21, 21, 21, 21, 21, 21, 21, 21, 21, 21
   \              15151515    
   \   000003F2   151515151515       DC8 21, 21, 21, 21, 21, 21, 21, 21, 21, 21
   \              15151515    
   \   000003FC   151515151515       DC8 21, 21, 21, 21, 21, 21, 21, 21, 21, 21
   \              15151515    
   \   00000406   151515151515       DC8 21, 21, 21, 21, 21, 21, 21, 21, 21, 21
   \              15151515    
   \   00000410   151515151515       DC8 21, 21, 21, 21, 21, 21, 21, 21, 21, 21
   \              15151515    
   \   0000041A   151515151515       DC8 21, 21, 21, 21, 21, 21, 21, 21, 21, 21
   \              15151515    
   \   00000424   151515151515       DC8 21, 21, 21, 21, 21, 21, 21, 21, 21, 21
   \              15151515    
   \   0000042E   151515151515       DC8 21, 21, 21, 21, 21, 21, 21, 21, 21, 21
   \              15151515    
   \   00000438   151515151515       DC8 21, 21, 21, 21, 21, 21, 21, 21, 21, 17
   \              15151511    
   \   00000442   11AF99D03218       DC8 17, 175, 153, 208, 50, 24, 24, 24, 48, 32
   \              18183020    
   \   0000044C   202020202020       DC8 32, 32, 32, 32, 32, 32, 32, 32, 32, 32
   \              20202020    
   \   00000456   20202032D570       DC8 32, 32, 32, 50, 213, 112, 149, 63, 167, 17
   \              953FA711    
   \   00000460   111111111111       DC8 17, 17, 17, 17, 17, 17, 17, 17, 17, 17
   \              11111111    
   \   0000046A   111111111111       DC8 17, 17, 17, 17, 17, 17, 17, 17, 17, 17
   \              11111111    
   \   00000474   111111111111       DC8 17, 17, 17, 17, 17, 17, 17, 17, 17, 17
   \              11111111    
   \   0000047E   111111111111       DC8 17, 17, 17, 17, 17, 17, 17, 17, 17, 17
   \              11111111    
   \   00000488   111111111111       DC8 17, 17, 17, 17, 17, 17, 17, 17, 17, 17
   \              11111111    
   \   00000492   111111111111       DC8 17, 17, 17, 17, 17, 17, 17, 17, 17, 17
   \              11111111    
   \   0000049C   111111111111       DC8 17, 17, 17, 17, 17, 17, 17, 17, 17, 17
   \              11111111    
   \   000004A6   111111111111       DC8 17, 17, 17, 17, 17, 17, 17, 17, 17, 17
   \              11111111    
   \   000004B0   111111111111       DC8 17, 17, 17, 17, 17, 17, 17, 17, 17, 17
   \              11111111    
   \   000004BA   0202AE89DF35       DC8 2, 2, 174, 137, 223, 53, 24, 24, 48, 241
   \              181830F1    
   \   000004C4   DEE123232323       DC8 222, 225, 35, 35, 35, 35, 35, 35, 35, 35
   \              23232323    
   \   000004CE   23232323E5C1       DC8 35, 35, 35, 35, 229, 193, 57, 146, 62, 16
   \              39923E10    
   \   000004D8   AB0202020202       DC8 171, 2, 2, 2, 2, 2, 2, 2, 2, 2
   \              02020202    
   \   000004E2   020202020202       DC8 2, 2, 2, 2, 2, 2, 2, 2, 2, 2
   \              02020202    
   \   000004EC   020202020202       DC8 2, 2, 2, 2, 2, 2, 2, 2, 2, 2
   \              02020202    
   \   000004F6   020202020202       DC8 2, 2, 2, 2, 2, 2, 2, 2, 2, 2
   \              02020202    
   \   00000500   020202020202       DC8 2, 2, 2, 2, 2, 2, 2, 2, 2, 2
   \              02020202    
   \   0000050A   020202020202       DC8 2, 2, 2, 2, 2, 2, 2, 2, 2, 2
   \              02020202    
   \   00000514   020202020202       DC8 2, 2, 2, 2, 2, 2, 2, 2, 2, 2
   \              02020202    
   \   0000051E   020202020202       DC8 2, 2, 2, 2, 2, 2, 2, 2, 2, 2
   \              02020202    
   \   00000528   020202020202       DC8 2, 2, 2, 2, 2, 2, 2, 2, 2, 2
   \              02020202    
   \   00000532   021010A988F0       DC8 2, 16, 16, 169, 136, 240, 30, 24, 24, 27
   \              1E18181B    
   \   0000053C   D2505A2F2929       DC8 210, 80, 90, 47, 41, 41, 41, 41, 41, 41
   \              29292929    
   \   00000546   29292F2F2F2F       DC8 41, 41, 47, 47, 47, 47, 93, 11, 61, 4
   \              5D0B3D04    
   \   00000550   A51010101010       DC8 165, 16, 16, 16, 16, 16, 16, 16, 16, 16
   \              10101010    
   \   0000055A   101010101010       DC8 16, 16, 16, 16, 16, 16, 16, 16, 16, 16
   \              10101010    
   \   00000564   101010101010       DC8 16, 16, 16, 16, 16, 16, 16, 16, 16, 16
   \              10101010    
   \   0000056E   101010101010       DC8 16, 16, 16, 16, 16, 16, 16, 16, 16, 16
   \              10101010    
   \   00000578   101010101010       DC8 16, 16, 16, 16, 16, 16, 16, 16, 16, 16
   \              10101010    
   \   00000582   101010101010       DC8 16, 16, 16, 16, 16, 16, 16, 16, 16, 16
   \              10101010    
   \   0000058C   101010101010       DC8 16, 16, 16, 16, 16, 16, 16, 16, 16, 16
   \              10101010    
   \   00000596   101010101010       DC8 16, 16, 16, 16, 16, 16, 16, 16, 16, 16
   \              10101010    
   \   000005A0   101010101010       DC8 16, 16, 16, 16, 16, 16, 16, 16, 16, 16
   \              10101010    
   \   000005AA   101017A4A0BC       DC8 16, 16, 23, 164, 160, 188, 248, 24, 24, 24
   \              F8181818    
   \   000005B4   45BF58393A6D       DC8 69, 191, 88, 57, 58, 109, 42, 42, 42, 42
   \              2A2A2A2A    
   \   000005BE   2A2A6E76753C       DC8 42, 42, 110, 118, 117, 60, 60, 122, 125, 150
   \              3C7A7D96    
   \   000005C8   3EA317171717       DC8 62, 163, 23, 23, 23, 23, 23, 23, 23, 23
   \              17171717    
   \   000005D2   171717171717       DC8 23, 23, 23, 23, 23, 23, 23, 23, 23, 23
   \              17171717    
   \   000005DC   171717171717       DC8 23, 23, 23, 23, 23, 23, 23, 23, 23, 23
   \              17171717    
   \   000005E6   171717171717       DC8 23, 23, 23, 23, 23, 23, 23, 23, 23, 23
   \              17171717    
   \   000005F0   171717171717       DC8 23, 23, 23, 23, 23, 23, 23, 23, 23, 23
   \              17171717    
   \   000005FA   171717171717       DC8 23, 23, 23, 23, 23, 23, 23, 23, 23, 23
   \              17171717    
   \   00000604   171717171717       DC8 23, 23, 23, 23, 23, 23, 23, 23, 23, 23
   \              17171717    
   \   0000060E   171717171717       DC8 23, 23, 23, 23, 23, 23, 23, 23, 23, 23
   \              17171717    
   \   00000618   171717171717       DC8 23, 23, 23, 23, 23, 23, 23, 23, 23, 23
   \              17171717    
   \   00000622   171717143F90       DC8 23, 23, 23, 20, 63, 144, 206, 68, 24, 24
   \              CE441818    
   \   0000062C   1F43C282B2B4       DC8 31, 67, 194, 130, 178, 180, 43, 43, 43, 43
   \              2B2B2B2B    
   \   00000636   2B2BBA846774       DC8 43, 43, 186, 132, 103, 116, 143, 147, 61, 1
   \              8F933D01    
   \   00000640   9A0414141414       DC8 154, 4, 20, 20, 20, 20, 20, 20, 20, 20
   \              14141414    
   \   0000064A   141414141414       DC8 20, 20, 20, 20, 20, 20, 20, 20, 20, 20
   \              14141414    
   \   00000654   141414141414       DC8 20, 20, 20, 20, 20, 20, 20, 20, 20, 20
   \              14141414    
   \   0000065E   141414141414       DC8 20, 20, 20, 20, 20, 20, 20, 20, 20, 20
   \              14141414    
   \   00000668   141414141414       DC8 20, 20, 20, 20, 20, 20, 20, 20, 20, 20
   \              14141414    
   \   00000672   141414141414       DC8 20, 20, 20, 20, 20, 20, 20, 20, 20, 20
   \              14141414    
   \   0000067C   141414141414       DC8 20, 20, 20, 20, 20, 20, 20, 20, 20, 20
   \              14141414    
   \   00000686   141414141414       DC8 20, 20, 20, 20, 20, 20, 20, 20, 20, 20
   \              14141414    
   \   00000690   141414141414       DC8 20, 20, 20, 20, 20, 20, 20, 20, 20, 20
   \              14141414    
   \   0000069A   14141414139E       DC8 20, 20, 20, 20, 19, 158, 119, 215, 49, 24
   \              77D73118    
   \   000006A4   181841412828       DC8 24, 24, 65, 65, 40, 40, 40, 40, 40, 40
   \              28282828    
   \   000006AE   28282828F6EA       DC8 40, 40, 40, 40, 246, 234, 203, 114, 145, 8
   \              CB729108    
   \   000006B8   089B9C131313       DC8 8, 155, 156, 19, 19, 19, 19, 19, 19, 19
   \              13131313    
   \   000006C2   131313131313       DC8 19, 19, 19, 19, 19, 19, 19, 19, 19, 19
   \              13131313    
   \   000006CC   131313131313       DC8 19, 19, 19, 19, 19, 19, 19, 19, 19, 19
   \              13131313    
   \   000006D6   131313131313       DC8 19, 19, 19, 19, 19, 19, 19, 19, 19, 19
   \              13131313    
   \   000006E0   131313131313       DC8 19, 19, 19, 19, 19, 19, 19, 19, 19, 19
   \              13131313    
   \   000006EA   131313131313       DC8 19, 19, 19, 19, 19, 19, 19, 19, 19, 19
   \              13131313    
   \   000006F4   131313131313       DC8 19, 19, 19, 19, 19, 19, 19, 19, 19, 19
   \              13131313    
   \   000006FE   131313131313       DC8 19, 19, 19, 19, 19, 19, 19, 19, 19, 19
   \              13131313    
   \   00000708   131313131313       DC8 19, 19, 19, 19, 19, 19, 19, 19, 19, 19
   \              13131313    
   \   00000712   131313131308       DC8 19, 19, 19, 19, 19, 8, 152, 135, 228, 33
   \              9887E421    
   \   0000071C   181818181F1F       DC8 24, 24, 24, 24, 31, 31, 31, 31, 31, 31
   \              1F1F1F1F    
   \   00000726   1F1F1F1F1F1F       DC8 31, 31, 31, 31, 31, 31, 25, 251, 217, 113
   \              19FBD971    
   \   00000730   949708080808       DC8 148, 151, 8, 8, 8, 8, 8, 8, 8, 8
   \              08080808    
   \   0000073A   080808080808       DC8 8, 8, 8, 8, 8, 8, 8, 8, 8, 8
   \              08080808    
   \   00000744   080808080808       DC8 8, 8, 8, 8, 8, 8, 8, 8, 8, 8
   \              08080808    
   \   0000074E   080808080808       DC8 8, 8, 8, 8, 8, 8, 8, 8, 8, 8
   \              08080808    
   \   00000758   080808080808       DC8 8, 8, 8, 8, 8, 8, 8, 8, 8, 8
   \              08080808    
   \   00000762   080808080808       DC8 8, 8, 8, 8, 8, 8, 8, 8, 8, 8
   \              08080808    
   \   0000076C   080808080808       DC8 8, 8, 8, 8, 8, 8, 8, 8, 8, 8
   \              08080808    
   \   00000776   080808080808       DC8 8, 8, 8, 8, 8, 8, 8, 8, 8, 8
   \              08080808    
   \   00000780   080808080808       DC8 8, 8, 8, 8, 8, 8, 8, 8, 8, 8
   \              08080808    
   \   0000078A   080808080808       DC8 8, 8, 8, 8, 8, 8, 1, 142, 133, 245
   \              018E85F5    
   \   00000794   FA2121212121       DC8 250, 33, 33, 33, 33, 33, 33, 33, 33, 33
   \              21212121    
   \   0000079E   212121211918       DC8 33, 33, 33, 33, 25, 24, 24, 24, 48, 50
   \              18183032    
   \   000007A8   CA6C05010101       DC8 202, 108, 5, 1, 1, 1, 1, 1, 1, 1
   \              01010101    
   \   000007B2   010101010101       DC8 1, 1, 1, 1, 1, 1, 1, 1, 1, 1
   \              01010101    
   \   000007BC   010101010101       DC8 1, 1, 1, 1, 1, 1, 1, 1, 1, 1
   \              01010101    
   \   000007C6   010101010101       DC8 1, 1, 1, 1, 1, 1, 1, 1, 1, 1
   \              01010101    
   \   000007D0   010101010101       DC8 1, 1, 1, 1, 1, 1, 1, 1, 1, 1
   \              01010101    
   \   000007DA   010101010101       DC8 1, 1, 1, 1, 1, 1, 1, 1, 1, 1
   \              01010101    
   \   000007E4   010101010101       DC8 1, 1, 1, 1, 1, 1, 1, 1, 1, 1
   \              01010101    
   \   000007EE   010101010101       DC8 1, 1, 1, 1, 1, 1, 1, 1, 1, 1
   \              01010101    
   \   000007F8   010101010101       DC8 1, 1, 1, 1, 1, 1, 1, 1, 1, 1
   \              01010101    
   \   00000802   010101010101       DC8 1, 1, 1, 1, 1, 1, 1, 15, 120, 177
   \              010F78B1    
   \   0000080C   E04040262626       DC8 224, 64, 64, 38, 38, 38, 38, 38, 38, 38
   \              26262626    
   \   00000816   26262626DCE6       DC8 38, 38, 38, 38, 220, 230, 66, 24, 24, 24
   \              42181818    
   \   00000820   35E7637B7E0F       DC8 53, 231, 99, 123, 126, 15, 15, 15, 15, 15
   \              0F0F0F0F    
   \   0000082A   0F0F0F0F0F0F       DC8 15, 15, 15, 15, 15, 15, 15, 15, 15, 15
   \              0F0F0F0F    
   \   00000834   0F0F0F0F0F0F       DC8 15, 15, 15, 15, 15, 15, 15, 15, 15, 15
   \              0F0F0F0F    
   \   0000083E   0F0F0F0F0F0F       DC8 15, 15, 15, 15, 15, 15, 15, 15, 15, 15
   \              0F0F0F0F    
   \   00000848   0F0F0F0F0F0F       DC8 15, 15, 15, 15, 15, 15, 15, 15, 15, 15
   \              0F0F0F0F    
   \   00000852   0F0F0F0F0F0F       DC8 15, 15, 15, 15, 15, 15, 15, 15, 15, 15
   \              0F0F0F0F    
   \   0000085C   0F0F0F0F0F0F       DC8 15, 15, 15, 15, 15, 15, 15, 15, 15, 15
   \              0F0F0F0F    
   \   00000866   0F0F0F0F0F0F       DC8 15, 15, 15, 15, 15, 15, 15, 15, 15, 15
   \              0F0F0F0F    
   \   00000870   0F0F0F0F0F0F       DC8 15, 15, 15, 15, 15, 15, 15, 15, 15, 15
   \              0F0F0F0F    
   \   0000087A   0F0F0F0F0F0F       DC8 15, 15, 15, 15, 15, 15, 15, 15, 14, 14
   \              0F0F0E0E    
   \   00000884   7366645B532D       DC8 115, 102, 100, 91, 83, 45, 45, 45, 45, 45
   \              2D2D2D2D    
   \   0000088E   2E2E2E2E2E52       DC8 46, 46, 46, 46, 46, 82, 97, 221, 33, 24
   \              61DD2118    
   \   00000898   1819EC806B79       DC8 24, 25, 236, 128, 107, 121, 124, 14, 14, 14
   \              7C0E0E0E    
   \   000008A2   0E0E0E0E0E0E       DC8 14, 14, 14, 14, 14, 14, 14, 14, 14, 14
   \              0E0E0E0E    
   \   000008AC   0E0E0E0E0E0E       DC8 14, 14, 14, 14, 14, 14, 14, 14, 14, 14
   \              0E0E0E0E    
   \   000008B6   0E0E0E0E0E0E       DC8 14, 14, 14, 14, 14, 14, 14, 14, 14, 14
   \              0E0E0E0E    
   \   000008C0   0E0E0E0E0E0E       DC8 14, 14, 14, 14, 14, 14, 14, 14, 14, 14
   \              0E0E0E0E    
   \   000008CA   0E0E0E0E0E0E       DC8 14, 14, 14, 14, 14, 14, 14, 14, 14, 14
   \              0E0E0E0E    
   \   000008D4   0E0E0E0E0E0E       DC8 14, 14, 14, 14, 14, 14, 14, 14, 14, 14
   \              0E0E0E0E    
   \   000008DE   0E0E0E0E0E0E       DC8 14, 14, 14, 14, 14, 14, 14, 14, 14, 14
   \              0E0E0E0E    
   \   000008E8   0E0E0E0E0E0E       DC8 14, 14, 14, 14, 14, 14, 14, 14, 14, 14
   \              0E0E0E0E    
   \   000008F2   0E0E0E0E0E0E       DC8 14, 14, 14, 14, 14, 14, 14, 14, 14, 11
   \              0E0E0E0B    
   \   000008FC   0B0B3A685957       DC8 11, 11, 58, 104, 89, 87, 37, 37, 37, 37
   \              25252525    
   \   00000906   252525252525       DC8 37, 37, 37, 37, 37, 37, 37, 78, 219, 27
   \              254EDB1B    
   \   00000910   181820EB605E       DC8 24, 24, 32, 235, 96, 94, 10, 59, 59, 11
   \              0A3B3B0B    
   \   0000091A   0B0B0B0B0B0B       DC8 11, 11, 11, 11, 11, 11, 11, 11, 11, 11
   \              0B0B0B0B    
   \   00000924   0B0B0B0B0B0B       DC8 11, 11, 11, 11, 11, 11, 11, 11, 11, 11
   \              0B0B0B0B    
   \   0000092E   0B0B0B0B0B0B       DC8 11, 11, 11, 11, 11, 11, 11, 11, 11, 11
   \              0B0B0B0B    
   \   00000938   0B0B0B0B0B0B       DC8 11, 11, 11, 11, 11, 11, 11, 11, 11, 11
   \              0B0B0B0B    
   \   00000942   0B0B0B0B0B0B       DC8 11, 11, 11, 11, 11, 11, 11, 11, 11, 11
   \              0B0B0B0B    
   \   0000094C   0B0B0B0B0B0B       DC8 11, 11, 11, 11, 11, 11, 11, 11, 11, 11
   \              0B0B0B0B    
   \   00000956   0B0B0B0B0B0B       DC8 11, 11, 11, 11, 11, 11, 11, 11, 11, 11
   \              0B0B0B0B    
   \   00000960   0B0B0B0B0B0B       DC8 11, 11, 11, 11, 11, 11, 11, 11, 11, 11
   \              0B0B0B0B    
   \   0000096A   0B0B0B0B0B0B       DC8 11, 11, 11, 11, 11, 11, 11, 11, 11, 11
   \              0B0B0B0B    
   \   00000974   0A0A6981B9B7       DC8 10, 10, 105, 129, 185, 183, 39, 39, 39, 39
   \              27272727    
   \   0000097E   272727272727       DC8 39, 39, 39, 39, 39, 39, 182, 184, 209, 30
   \              B6B8D11E    
   \   00000988   18181831D84B       DC8 24, 24, 24, 49, 216, 75, 9, 101, 111, 10
   \              09656F0A    
   \   00000992   0A0A0A0A0A0A       DC8 10, 10, 10, 10, 10, 10, 10, 10, 10, 10
   \              0A0A0A0A    
   \   0000099C   0A0A0A0A0A0A       DC8 10, 10, 10, 10, 10, 10, 10, 10, 10, 10
   \              0A0A0A0A    
   \   000009A6   0A0A0A0A0A0A       DC8 10, 10, 10, 10, 10, 10, 10, 10, 10, 10
   \              0A0A0A0A    
   \   000009B0   0A0A0A0A0A0A       DC8 10, 10, 10, 10, 10, 10, 10, 10, 10, 10
   \              0A0A0A0A    
   \   000009BA   0A0A0A0A0A0A       DC8 10, 10, 10, 10, 10, 10, 10, 10, 10, 10
   \              0A0A0A0A    
   \   000009C4   0A0A0A0A0A0A       DC8 10, 10, 10, 10, 10, 10, 10, 10, 10, 10
   \              0A0A0A0A    
   \   000009CE   0A0A0A0A0A0A       DC8 10, 10, 10, 10, 10, 10, 10, 10, 10, 10
   \              0A0A0A0A    
   \   000009D8   0A0A0A0A0A0A       DC8 10, 10, 10, 10, 10, 10, 10, 10, 10, 10
   \              0A0A0A0A    
   \   000009E2   0A0A0A0A0A0A       DC8 10, 10, 10, 10, 10, 10, 10, 10, 10, 10
   \              0A0A0A0A    
   \   000009EC   0A126A55DAF9       DC8 10, 18, 106, 85, 218, 249, 36, 36, 36, 36
   \              24242424    
   \   000009F6   242424242424       DC8 36, 36, 36, 36, 36, 36, 36, 36, 243, 27
   \              2424F31B    
   \   00000A00   1F18184219B3       DC8 31, 24, 24, 66, 25, 179, 77, 56, 92, 95
   \              4D385C5F    
   \   00000A0A   121212121212       DC8 18, 18, 18, 18, 18, 18, 18, 18, 18, 18
   \              12121212    
   \   00000A14   121212121212       DC8 18, 18, 18, 18, 18, 18, 18, 18, 18, 18
   \              12121212    
   \   00000A1E   121212121212       DC8 18, 18, 18, 18, 18, 18, 18, 18, 18, 18
   \              12121212    
   \   00000A28   121212121212       DC8 18, 18, 18, 18, 18, 18, 18, 18, 18, 18
   \              12121212    
   \   00000A32   121212121212       DC8 18, 18, 18, 18, 18, 18, 18, 18, 18, 18
   \              12121212    
   \   00000A3C   121212121212       DC8 18, 18, 18, 18, 18, 18, 18, 18, 18, 18
   \              12121212    
   \   00000A46   121212121212       DC8 18, 18, 18, 18, 18, 18, 18, 18, 18, 18
   \              12121212    
   \   00000A50   121212121212       DC8 18, 18, 18, 18, 18, 18, 18, 18, 18, 18
   \              12121212    
   \   00000A5A   121212121212       DC8 18, 18, 18, 18, 18, 18, 18, 18, 18, 18
   \              12121212    
   \   00000A64   1212095662E9       DC8 18, 18, 9, 86, 98, 233, 27, 30, 30, 30
   \              1B1E1E1E    
   \   00000A6E   1E1E1E1E1E1E       DC8 30, 30, 30, 30, 30, 30, 30, 30, 30, 30
   \              1E1E1E1E    
   \   00000A78   1F18181E45CC       DC8 31, 24, 24, 30, 69, 204, 70, 76, 55, 56
   \              464C3738    
   \   00000A82   090909090909       DC8 9, 9, 9, 9, 9, 9, 9, 9, 9, 9
   \              09090909    
   \   00000A8C   090909090909       DC8 9, 9, 9, 9, 9, 9, 9, 9, 9, 9
   \              09090909    
   \   00000A96   090909090909       DC8 9, 9, 9, 9, 9, 9, 9, 9, 9, 9
   \              09090909    
   \   00000AA0   090909090909       DC8 9, 9, 9, 9, 9, 9, 9, 9, 9, 9
   \              09090909    
   \   00000AAA   090909090909       DC8 9, 9, 9, 9, 9, 9, 9, 9, 9, 9
   \              09090909    
   \   00000AB4   090909090909       DC8 9, 9, 9, 9, 9, 9, 9, 9, 9, 9
   \              09090909    
   \   00000ABE   090909090909       DC8 9, 9, 9, 9, 9, 9, 9, 9, 9, 9
   \              09090909    
   \   00000AC8   090909090909       DC8 9, 9, 9, 9, 9, 9, 9, 9, 9, 9
   \              09090909    
   \   00000AD2   090909090909       DC8 9, 9, 9, 9, 9, 9, 9, 9, 9, 9
   \              09090909    
   \   00000ADC   0909090D5483       DC8 9, 9, 9, 13, 84, 131, 30, 48, 24, 24
   \              1E301818    
   \   00000AE6   181818181818       DC8 24, 24, 24, 24, 24, 24, 24, 24, 24, 24
   \              18181818    
   \   00000AF0   18181831F7CD       DC8 24, 24, 24, 49, 247, 205, 44, 72, 51, 12
   \              2C48330C    
   \   00000AFA   370D0D0D0D0D       DC8 55, 13, 13, 13, 13, 13, 13, 13, 13, 13
   \              0D0D0D0D    
   \   00000B04   0D0D0D0D0D0D       DC8 13, 13, 13, 13, 13, 13, 13, 13, 13, 13
   \              0D0D0D0D    
   \   00000B0E   0D0D0D0D0D0D       DC8 13, 13, 13, 13, 13, 13, 13, 13, 13, 13
   \              0D0D0D0D    
   \   00000B18   0D0D0D0D0D0D       DC8 13, 13, 13, 13, 13, 13, 13, 13, 13, 13
   \              0D0D0D0D    
   \   00000B22   0D0D0D0D0D0D       DC8 13, 13, 13, 13, 13, 13, 13, 13, 13, 13
   \              0D0D0D0D    
   \   00000B2C   0D0D0D0D0D0D       DC8 13, 13, 13, 13, 13, 13, 13, 13, 13, 13
   \              0D0D0D0D    
   \   00000B36   0D0D0D0D0D0D       DC8 13, 13, 13, 13, 13, 13, 13, 13, 13, 13
   \              0D0D0D0D    
   \   00000B40   0D0D0D0D0D0D       DC8 13, 13, 13, 13, 13, 13, 13, 13, 13, 13
   \              0D0D0D0D    
   \   00000B4A   0D0D0D0D0D0D       DC8 13, 13, 13, 13, 13, 13, 13, 13, 13, 13
   \              0D0D0D0D    
   \   00000B54   0D0D0D0D0C4A       DC8 13, 13, 13, 13, 12, 74, 195, 50, 27, 27
   \              C3321B1B    
   \   00000B5E   1B1B1B1B1B1B       DC8 27, 27, 27, 27, 27, 27, 27, 27, 27, 27
   \              1B1B1B1B    
   \   00000B68   1B1B311BE3BB       DC8 27, 27, 49, 27, 227, 187, 54, 71, 7, 73
   \              36470749    
   \   00000B72   33334F0C0C0C       DC8 51, 51, 79, 12, 12, 12, 12, 12, 12, 12
   \              0C0C0C0C    
   \   00000B7C   0C0C0C0C0C0C       DC8 12, 12, 12, 12, 12, 12, 12, 12, 12, 12
   \              0C0C0C0C    
   \   00000B86   0C0C0C0C0C0C       DC8 12, 12, 12, 12, 12, 12, 12, 12, 12, 12
   \              0C0C0C0C    
   \   00000B90   0C0C0C0C0C0C       DC8 12, 12, 12, 12, 12, 12, 12, 12, 12, 12
   \              0C0C0C0C    
   \   00000B9A   0C0C0C0C0C0C       DC8 12, 12, 12, 12, 12, 12, 12, 12, 12, 12
   \              0C0C0C0C    
   \   00000BA4   0C0C0C0C0C0C       DC8 12, 12, 12, 12, 12, 12, 12, 12, 12, 12
   \              0C0C0C0C    
   \   00000BAE   0C0C0C0C0C0C       DC8 12, 12, 12, 12, 12, 12, 12, 12, 12, 12
   \              0C0C0C0C    
   \   00000BB8   0C0C0C0C0C0C       DC8 12, 12, 12, 12, 12, 12, 12, 12, 12, 12
   \              0C0C0C0C    
   \   00000BC2   0C0C0C0C0C0C       DC8 12, 12, 12, 12, 12, 12, 12, 12, 12, 12
   \              0C0C0C0C    
   \   00000BCC   0C0C0C0C0C07       DC8 12, 12, 12, 12, 12, 7, 54, 192, 214, 34
   \              36C0D622    
   \   00000BD6   222222222222       DC8 34, 34, 34, 34, 34, 34, 34, 34, 34, 34
   \              22222222    
   \   00000BE0   22D4D3CFB551       DC8 34, 212, 211, 207, 181, 81, 0, 44, 44, 44
   \              002C2C2C    
   \   00000BEA   2C0707070707       DC8 44, 7, 7, 7, 7, 7, 7, 7, 7, 7
   \              07070707    
   \   00000BF4   070707070707       DC8 7, 7, 7, 7, 7, 7, 7, 7, 7, 7
   \              07070707    
   \   00000BFE   070707070707       DC8 7, 7, 7, 7, 7, 7, 7, 7, 7, 7
   \              07070707    
   \   00000C08   070707070707       DC8 7, 7, 7, 7, 7, 7, 7, 7, 7, 7
   \              07070707    
   \   00000C12   070707070707       DC8 7, 7, 7, 7, 7, 7, 7, 7, 7, 7
   \              07070707    
   \   00000C1C   070707070707       DC8 7, 7, 7, 7, 7, 7, 7, 7, 7, 7
   \              07070707    
   \   00000C26   070707070707       DC8 7, 7, 7, 7, 7, 7, 7, 7, 7, 7
   \              07070707    
   \   00000C30   070707070707       DC8 7, 7, 7, 7, 7, 7, 7, 7, 7, 7
   \              07070707    
   \   00000C3A   070707070707       DC8 7, 7, 7, 7, 7, 7, 7, 7, 7, 7
   \              07070707    
   \   00000C44   070707070707       DC8 7, 7, 7, 7, 7, 7, 0, 0, 0, 0
   \              00000000    
   \   00000C4E   000000000000       DC8 0, 0, 0, 0, 0, 0, 0, 0, 0, 0
   \              00000000    
   \   00000C58   000000000000       DC8 0, 0, 0, 0, 0, 0, 0, 0, 0, 0
   \              00000000    
   \   00000C62   000000000000       DC8 0, 0, 0, 0, 0, 0, 0, 0, 0, 0
   \              00000000    
   \   00000C6C   000000000000       DC8 0, 0, 0, 0, 0, 0, 0, 0, 0, 0
   \              00000000    
   \   00000C76   000000000000       DC8 0, 0, 0, 0, 0, 0, 0, 0, 0, 0
   \              00000000    
   \   00000C80   000000000000       DC8 0, 0, 0, 0, 0, 0, 0, 0, 0, 0
   \              00000000    
   \   00000C8A   000000000000       DC8 0, 0, 0, 0, 0, 0, 0, 0, 0, 0
   \              00000000    
   \   00000C94   000000000000       DC8 0, 0, 0, 0, 0, 0, 0, 0, 0, 0
   \              00000000    
   \   00000C9E   000000000000       DC8 0, 0, 0, 0, 0, 0, 0, 0, 0, 0
   \              00000000    
   \   00000CA8   000000000000       DC8 0, 0, 0, 0, 0, 0, 0, 0, 0, 0
   \              00000000    
   \   00000CB2   000000000000       DC8 0, 0, 0, 0, 0, 0, 0, 0, 0, 0
   \              00000000    
   \   00000CBC   000000000000       DC8 0, 0, 0, 0, 0, 0, 0, 0, 0, 0
   \              00000000    
   \   00000CC6   000000000000       DC8 0, 0, 0, 0, 0, 0, 0, 0, 0, 0
   \              00000000    
   \   00000CD0   000000000000       DC8 0, 0, 0, 0, 0, 0, 0, 0, 0, 0
   \              00000000    
   \   00000CDA   000000000000       DC8 0, 0, 0, 0, 0, 0, 0, 0, 0, 0
   \              00000000    
   \   00000CE4   000000000000       DC8 0, 0, 0, 0, 0, 0, 0, 0, 0, 0
   \              00000000    
   \   00000CEE   000000000000       DC8 0, 0, 0, 0, 0, 0, 0, 0, 0, 0
   \              00000000    
   \   00000CF8   000000000000       DC8 0, 0, 0, 0, 0, 0, 0, 0, 0, 0
   \              00000000    
   \   00000D02   000000000000       DC8 0, 0, 0, 0, 0, 0, 0, 0, 0, 0
   \              00000000    
   \   00000D0C   000000000000       DC8 0, 0, 0, 0, 0, 0, 0, 0, 0, 0
   \              00000000    
   \   00000D16   000000000000       DC8 0, 0, 0, 0, 0, 0, 0, 0, 0, 0
   \              00000000    
   \   00000D20   000000000000       DC8 0, 0, 0, 0, 0, 0, 0, 0, 0, 0
   \              00000000    
   \   00000D2A   000000000000       DC8 0, 0, 0, 0, 0, 0, 0, 0, 0, 0
   \              00000000    
   \   00000D34   000000000000       DC8 0, 0, 0, 0, 0, 0, 0, 0, 0, 0
   \              00000000    
   \   00000D3E   000000000000       DC8 0, 0, 0, 0, 0, 0, 0, 0, 0, 0
   \              00000000    
   \   00000D48   000000000000       DC8 0, 0, 0, 0, 0, 0, 0, 0, 0, 0
   \              00000000    
   \   00000D52   000000000000       DC8 0, 0, 0, 0, 0, 0, 0, 0, 0, 0
   \              00000000    
   \   00000D5C   000000000000       DC8 0, 0, 0, 0, 0, 0, 0, 0, 0, 0
   \              00000000    
   \   00000D66   000000000000       DC8 0, 0, 0, 0, 0, 0, 0, 0, 0, 0
   \              00000000    
   \   00000D70   000000000000       DC8 0, 0, 0, 0, 0, 0, 0, 0, 0, 0
   \              00000000    
   \   00000D7A   000000000000       DC8 0, 0, 0, 0, 0, 0, 0, 0, 0, 0
   \              00000000    
   \   00000D84   000000000000       DC8 0, 0, 0, 0, 0, 0, 0, 0, 0, 0
   \              00000000    
   \   00000D8E   000000000000       DC8 0, 0, 0, 0, 0, 0, 0, 0, 0, 0
   \              00000000    
   \   00000D98   000000000000       DC8 0, 0, 0, 0, 0, 0, 0, 0, 0, 0
   \              00000000    
   \   00000DA2   000000000000       DC8 0, 0, 0, 0, 0, 0, 0, 0, 0, 0
   \              00000000    
   \   00000DAC   000000000000       DC8 0, 0, 0, 0, 0, 0, 0, 0, 0, 0
   \              00000000    
   \   00000DB6   000000000000       DC8 0, 0, 0, 0, 0, 0, 0, 0, 0, 0
   \              00000000    
   \   00000DC0   000000000000       DC8 0, 0, 0, 0, 0, 0, 0, 0, 0, 0
   \              00000000    
   \   00000DCA   000000000000       DC8 0, 0, 0, 0, 0, 0, 0, 0, 0, 0
   \              00000000    
   \   00000DD4   000000000000       DC8 0, 0, 0, 0, 0, 0, 0, 0, 0, 0
   \              00000000    
   \   00000DDE   000000000000       DC8 0, 0, 0, 0, 0, 0, 0, 0, 0, 0
   \              00000000    
   \   00000DE8   000000000000       DC8 0, 0, 0, 0, 0, 0, 0, 0, 0, 0
   \              00000000    
   \   00000DF2   000000000000       DC8 0, 0, 0, 0, 0, 0, 0, 0, 0, 0
   \              00000000    
   \   00000DFC   000000000000       DC8 0, 0, 0, 0, 0, 0, 0, 0, 0, 0
   \              00000000    
   \   00000E06   000000000000       DC8 0, 0, 0, 0, 0, 0, 0, 0, 0, 0
   \              00000000    
   \   00000E10   000000000000       DC8 0, 0, 0, 0, 0, 0, 0, 0, 0, 0
   \              00000000    
   \   00000E1A   000000000000       DC8 0, 0, 0, 0, 0, 0, 0, 0, 0, 0
   \              00000000    
   \   00000E24   000000000000       DC8 0, 0, 0, 0, 0, 0, 0, 0, 0, 0
   \              00000000    
   \   00000E2E   000000000000       DC8 0, 0, 0, 0, 0, 0, 0, 0, 0, 0
   \              00000000    
   \   00000E38   000000000000       DC8 0, 0, 0, 0, 0, 0, 0, 0, 0, 0
   \              00000000    
   \   00000E42   000000000000       DC8 0, 0, 0, 0, 0, 0, 0, 0, 0, 0
   \              00000000    
   \   00000E4C   000000000000       DC8 0, 0, 0, 0, 0, 0, 0, 0, 0, 0
   \              00000000    
   \   00000E56   000000000000       DC8 0, 0, 0, 0, 0, 0, 0, 0, 0, 0
   \              00000000    
   \   00000E60   000000000000       DC8 0, 0, 0, 0, 0, 0, 0, 0, 0, 0
   \              00000000    
   \   00000E6A   000000000000       DC8 0, 0, 0, 0, 0, 0, 0, 0, 0, 0
   \              00000000    
   \   00000E74   000000000000       DC8 0, 0, 0, 0, 0, 0, 0, 0, 0, 0
   \              00000000    
   \   00000E7E   000000000000       DC8 0, 0, 0, 0, 0, 0, 0, 0, 0, 0
   \              00000000    
   \   00000E88   000000000000       DC8 0, 0, 0, 0, 0, 0, 0, 0, 0, 0
   \              00000000    
   \   00000E92   000000000000       DC8 0, 0, 0, 0, 0, 0, 0, 0, 0, 0
   \              00000000    
   \   00000E9C   000000000000       DC8 0, 0, 0, 0, 0, 0, 0, 0, 0, 0
   \              00000000    
   \   00000EA6   000000000000       DC8 0, 0, 0, 0, 0, 0, 0, 0, 0, 0
   \              00000000    
   \   00000EB0   000000000000       DC8 0, 0, 0, 0, 0, 0, 0, 0, 0, 0
   \              00000000    
   \   00000EBA   000000000000       DC8 0, 0, 0, 0, 0, 0, 0, 0, 0, 0
   \              00000000    
   \   00000EC4   000000000000       DC8 0, 0, 0, 0, 0, 0, 0, 0, 0, 0
   \              00000000    
   \   00000ECE   000000000000       DC8 0, 0, 0, 0, 0, 0, 0, 0, 0, 0
   \              00000000    
   \   00000ED8   000000000000       DC8 0, 0, 0, 0, 0, 0, 0, 0, 0, 0
   \              00000000    
   \   00000EE2   000000000000       DC8 0, 0, 0, 0, 0, 0, 0, 0, 0, 0
   \              00000000    
   \   00000EEC   000000000000       DC8 0, 0, 0, 0, 0, 0, 0, 0, 0, 0
   \              00000000    
   \   00000EF6   000000000000       DC8 0, 0, 0, 0, 0, 0, 0, 0, 0, 0
   \              00000000    
   \   00000F00   000000000000       DC8 0, 0, 0, 0, 0, 0, 0, 0, 0, 0
   \              00000000    
   \   00000F0A   000000000000       DC8 0, 0, 0, 0, 0, 0, 0, 0, 0, 0
   \              00000000    
   \   00000F14   000000000000       DC8 0, 0, 0, 0, 0, 0, 0, 0, 0, 0
   \              00000000    
   \   00000F1E   000000000000       DC8 0, 0, 0, 0, 0, 0, 0, 0, 0, 0
   \              00000000    
   \   00000F28   000000000000       DC8 0, 0, 0, 0, 0, 0, 0, 0, 0, 0
   \              00000000    
   \   00000F32   000000000000       DC8 0, 0, 0, 0, 0, 0, 0, 0, 0, 0
   \              00000000    
   \   00000F3C   000000000000       DC8 0, 0, 0, 0, 0, 0, 0, 0, 0, 0
   \              00000000    
   \   00000F46   000000000000       DC8 0, 0, 0, 0, 0, 0, 0, 0, 0, 0
   \              00000000    
   \   00000F50   000000000000       DC8 0, 0, 0, 0, 0, 0, 0, 0, 0, 0
   \              00000000    
   \   00000F5A   000000000000       DC8 0, 0, 0, 0, 0, 0, 0, 0, 0, 0
   \              00000000    
   \   00000F64   000000000000       DC8 0, 0, 0, 0, 0, 0, 0, 0, 0, 0
   \              00000000    
   \   00000F6E   000000000000       DC8 0, 0, 0, 0, 0, 0, 0, 0, 0, 0
   \              00000000    
   \   00000F78   000000000000       DC8 0, 0, 0, 0, 0, 0, 0, 0, 0, 0
   \              00000000    
   \   00000F82   000000000000       DC8 0, 0, 0, 0, 0, 0, 0, 0, 0, 0
   \              00000000    
   \   00000F8C   000000000000       DC8 0, 0, 0, 0, 0, 0, 0, 0, 0, 0
   \              00000000    
   \   00000F96   000000000000       DC8 0, 0, 0, 0, 0, 0, 0, 0, 0, 0
   \              00000000    
   \   00000FA0   000000000000       DC8 0, 0, 0, 0, 0, 0, 0, 0, 0, 0
   \              00000000    
   \   00000FAA   000000000000       DC8 0, 0, 0, 0, 0, 0, 0, 0, 0, 0
   \              00000000    
   \   00000FB4   000000000000       DC8 0, 0, 0, 0, 0, 0, 0, 0, 0, 0
   \              00000000    
   \   00000FBE   000000000000       DC8 0, 0, 0, 0, 0, 0, 0, 0, 0, 0
   \              00000000    
   \   00000FC8   000000000000       DC8 0, 0, 0, 0, 0, 0, 0, 0, 0, 0
   \              00000000    
   \   00000FD2   000000000000       DC8 0, 0, 0, 0, 0, 0, 0, 0, 0, 0
   \              00000000    
   \   00000FDC   000000000000       DC8 0, 0, 0, 0, 0, 0, 0, 0, 0, 0
   \              00000000    
   \   00000FE6   000000000000       DC8 0, 0, 0, 0, 0, 0, 0, 0, 0, 0
   \              00000000    
   \   00000FF0   000000000000       DC8 0, 0, 0, 0, 0, 0, 0, 0, 0, 0
   \              00000000    
   \   00000FFA   000000000000       DC8 0, 0, 0, 0, 0, 0, 0, 0, 0, 0
   \              00000000    
   \   00001004   000000000000       DC8 0, 0, 0, 0, 0, 0, 0, 0, 0, 0
   \              00000000    
   \   0000100E   000000000000       DC8 0, 0, 0, 0, 0, 0, 0, 0, 0, 0
   \              00000000    
   \   00001018   000000000000       DC8 0, 0, 0, 0, 0, 0, 0, 0, 0, 0
   \              00000000    
   \   00001022   000000000000       DC8 0, 0, 0, 0, 0, 0, 0, 0, 0, 0
   \              00000000    
   \   0000102C   000000000000       DC8 0, 0, 0, 0, 0, 0, 0, 0, 0, 0
   \              00000000    
   \   00001036   000000000000       DC8 0, 0, 0, 0, 0, 0, 0, 0, 0, 0
   \              00000000    
   \   00001040   000000000000       DC8 0, 0, 0, 0, 0, 0, 0, 0, 0, 0
   \              00000000    
   \   0000104A   000000000000       DC8 0, 0, 0, 0, 0, 0, 0, 0, 0, 0
   \              00000000    
   \   00001054   000000000000       DC8 0, 0, 0, 0, 0, 0, 0, 0, 0, 0
   \              00000000    
   \   0000105E   000000000000       DC8 0, 0, 0, 0, 0, 0, 0, 0, 0, 0
   \              00000000    
   \   00001068   000000000000       DC8 0, 0, 0, 0, 0, 0, 0, 0, 0, 0
   \              00000000    
   \   00001072   000000000000       DC8 0, 0, 0, 0, 0, 0, 0, 0, 0, 0
   \              00000000    
   \   0000107C   000000000000       DC8 0, 0, 0, 0, 0, 0, 0, 0, 0, 0
   \              00000000    
   \   00001086   000000000000       DC8 0, 0, 0, 0, 0, 0
    112            0x05, 0x05, 0x05, 0x05, 0x05, 0x05, 0x05, 0x05, 0x05, 0x05, 0x05, 0x05, 0x05, 0x05, 0x05, 0x05, 0x05, 0x05, 0x05, 0x05, 0x05, 0x05, 0x05, 0x05, 0x05, 0x05, 0x05, 0x05, 0x05, 0x05, 0x05, 0x05, 0x05, 0x05, 0x05, 0x05, 0x05, 0x05, 0x05, 0x05, 0x05, 0x05, 
    113                  0x05, 0x05, 0x05, 0x05, 0x05, 0x05, 0x05, 0x05, 0x05, 0x05, 0x05, 0x05, 0x05, 0x05, 0x05, 0x05, 0x05, 0x05, 0x05, 0x05, 0x05, 0x05, 0x05, 0x05, 0x05, 0x05, 0x05, 0x05, 0x05, 0x05, 0x05, 0x05, 0x05, 0x05, 0x05, 0x05, 0x05, 0x05, 0x05, 0x05, 0x05, 
    114                  0x05, 0x05, 0x05, 0x05, 0x05, 0x05, 0x05, 0x05, 0x05, 0x05, 0x05, 0x05, 0x05, 0x05, 0x05, 0x05, 0x05, 0x05, 0x05, 0x05, 0x05, 0x05, 0x05, 0x05, 0x05, 0x05, 0x05, 0x05, 0x05, 0x05, 0x05, 0x05, 0x05, 0x05, 0x05, 0x05, 0x05, 0x05,
    115            0x01, 0x01, 0x01, 0x01, 0x01, 0x01, 0x01, 0x01, 0x01, 0x01, 0x01, 0x01, 0x01, 0x01, 0x01, 0x01, 0x01, 0x01, 0x01, 0x01, 0x01, 0x01, 0x01, 0x01, 0x01, 0x01, 0x01, 0x01, 0x01, 0x01, 0x01, 0x01, 0x01, 0x01, 0x01, 0x01, 0x01, 0x01, 0x01, 0x01, 0x01, 0x01, 
    116                  0x01, 0x01, 0x01, 0x01, 0x01, 0x01, 0x01, 0x01, 0x01, 0x01, 0x01, 0x01, 0x01, 0x01, 0x01, 0x01, 0x01, 0x01, 0x01, 0x01, 0x01, 0x01, 0x01, 0x01, 0x01, 0x01, 0x01, 0x01, 0x01, 0x01, 0x01, 0x01, 0x01, 0x01, 0x01, 0x01, 0x01, 0x01, 0x01, 0x01, 0x01, 
    117                  0x01, 0x01, 0x01, 0x01, 0x01, 0x01, 0x01, 0x01, 0x01, 0x01, 0x01, 0x01, 0x01, 0x01, 0x01, 0x01, 0x01, 0x01, 0x01, 0x01, 0x01, 0x01, 0x01, 0x01, 0x01, 0x01, 0x01, 0x01, 0x01, 0x01, 0x01, 0x01, 0x01, 0x01, 0x01, 0x01, 0x01, 0x01,
    118            0x04, 0x04, 0x04, 0x04, 0x04, 0x04, 0x04, 0x04, 0x04, 0x04, 0x04, 0x04, 0x04, 0x04, 0x04, 0x04, 0x04, 0x04, 0x04, 0x04, 0x04, 0x04, 0x04, 0x04, 0x04, 0x04, 0x04, 0x04, 0x04, 0x04, 0x04, 0x04, 0x04, 0x04, 0x04, 0x04, 0x04, 0x04, 0x04, 0x04, 0x04, 0x04, 
    119                  0x04, 0x04, 0x04, 0x04, 0x04, 0x04, 0x04, 0x04, 0x04, 0x04, 0x04, 0x04, 0x04, 0x04, 0x04, 0x04, 0x04, 0x04, 0x04, 0x04, 0x04, 0x04, 0x04, 0x04, 0x04, 0x04, 0x04, 0x04, 0x04, 0x04, 0x04, 0x04, 0x04, 0x04, 0x04, 0x04, 0x04, 0x04, 0x04, 0x04, 0x04, 
    120                  0x04, 0x04, 0x04, 0x04, 0x04, 0x04, 0x04, 0x04, 0x04, 0x04, 0x04, 0x04, 0x04, 0x04, 0x04, 0x04, 0x04, 0x04, 0x04, 0x04, 0x04, 0x04, 0x04, 0x04, 0x04, 0x04, 0x04, 0x04, 0x04, 0x04, 0x04, 0x04, 0x04, 0x04, 0x04, 0x04, 0x04, 0x04,
    121            0x02, 0x02, 0x02, 0x02, 0x02, 0x02, 0x02, 0x02, 0x02, 0x02, 0x02, 0x02, 0x02, 0x02, 0x02, 0x02, 0x02, 0x02, 0x02, 0x02, 0x02, 0x02, 0x02, 0x02, 0x02, 0x02, 0x02, 0x02, 0x02, 0x02, 0x02, 0x02, 0x02, 0x02, 0x02, 0x02, 0x02, 0x02, 0x02, 0x02, 0x02, 0x02, 
    122                  0x02, 0x02, 0x02, 0x02, 0x02, 0x02, 0x02, 0x02, 0x02, 0x02, 0x02, 0x02, 0x02, 0x02, 0x02, 0x02, 0x02, 0x02, 0x02, 0x02, 0x02, 0x02, 0x02, 0x02, 0x02, 0x02, 0x02, 0x02, 0x02, 0x02, 0x02, 0x02, 0x02, 0x02, 0x02, 0x02, 0x02, 0x02, 0x02, 0x02, 0x02, 
    123                  0x02, 0x02, 0x02, 0x02, 0x02, 0x02, 0x02, 0x02, 0x02, 0x02, 0x02, 0x02, 0x02, 0x02, 0x02, 0x02, 0x02, 0x02, 0x02, 0x02, 0x02, 0x02, 0x02, 0x02, 0x02, 0x02, 0x02, 0x02, 0x02, 0x02, 0x02, 0x02, 0x02, 0x02, 0x02, 0x02, 0x02, 0x02,
    124            0x03, 0x03, 0x03, 0x03, 0x06, 0xC5, 0x1A, 0x1A, 0x1A, 0x1A, 0x1A, 0x1A, 0x1A, 0x1A, 0x1A, 0x1A, 0x1A, 0x1A, 0x1A, 0x1A, 0x1A, 0x1A, 0x1A, 0x1A, 0x1A, 0x1A, 0xC6, 0x06, 0x03, 0x03, 0x03, 0x03, 0x03, 0x03, 0x03, 0x03, 0x03, 0x03, 0x03, 0x03, 0x03, 0x03, 
    125                  0x03, 0x03, 0x03, 0x03, 0x03, 0x03, 0x03, 0x03, 0x03, 0x03, 0x03, 0x03, 0x03, 0x03, 0x03, 0x03, 0x03, 0x03, 0x03, 0x03, 0x03, 0x03, 0x03, 0x03, 0x03, 0x03, 0x03, 0x03, 0x03, 0x03, 0x03, 0x03, 0x03, 0x03, 0x03, 0x03, 0x03, 0x03, 0x03, 0x03, 0x03, 
    126                  0x03, 0x03, 0x03, 0x03, 0x03, 0x03, 0x03, 0x03, 0x03, 0x03, 0x03, 0x03, 0x03, 0x03, 0x03, 0x03, 0x03, 0x03, 0x03, 0x03, 0x03, 0x03, 0x03, 0x03, 0x03, 0x03, 0x03, 0x03, 0x03, 0x03, 0x03, 0x03, 0x03, 0x03, 0x03, 0x03, 0x03, 0x03,
    127            0x06, 0x06, 0x06, 0xC8, 0xAC, 0x8C, 0x8D, 0x1C, 0x1C, 0x1C, 0x1C, 0x1C, 0x1C, 0x1C, 0x1C, 0x1C, 0x1C, 0x1C, 0x1C, 0x1C, 0x1C, 0x1C, 0x1C, 0x1C, 0x1C, 0x8B, 0x9F, 0xC7, 0x06, 0x06, 0x06, 0x06, 0x06, 0x06, 0x06, 0x06, 0x06, 0x06, 0x06, 0x06, 0x06, 0x06, 
    128                  0x06, 0x06, 0x06, 0x06, 0x06, 0x06, 0x06, 0x06, 0x06, 0x06, 0x06, 0x06, 0x06, 0x06, 0x06, 0x06, 0x06, 0x06, 0x06, 0x06, 0x06, 0x06, 0x06, 0x06, 0x06, 0x06, 0x06, 0x06, 0x06, 0x06, 0x06, 0x06, 0x06, 0x06, 0x06, 0x06, 0x06, 0x06, 0x06, 0x06, 0x06, 
    129                  0x06, 0x06, 0x06, 0x06, 0x06, 0x06, 0x06, 0x06, 0x06, 0x06, 0x06, 0x06, 0x06, 0x06, 0x06, 0x06, 0x06, 0x06, 0x06, 0x06, 0x06, 0x06, 0x06, 0x06, 0x06, 0x06, 0x06, 0x06, 0x06, 0x06, 0x06, 0x06, 0x06, 0x06, 0x06, 0x06, 0x06, 0x06,
    130            0x03, 0x03, 0x03, 0xC9, 0x8A, 0xE2, 0xEF, 0x1D, 0x1D, 0x1D, 0x1D, 0x1D, 0x1D, 0x1D, 0x1D, 0x1D, 0x1D, 0x1D, 0x1D, 0x1D, 0x1D, 0x1D, 0x1D, 0x1D, 0xED, 0xEE, 0xBD, 0xA2, 0x03, 0x34, 0x03, 0x03, 0x03, 0x03, 0x03, 0x03, 0x03, 0x03, 0x03, 0x03, 0x03, 0x03, 
    131                  0x03, 0x03, 0x03, 0x03, 0x03, 0x03, 0x03, 0x03, 0x03, 0x03, 0x03, 0x03, 0x03, 0x03, 0x03, 0x03, 0x03, 0x03, 0x03, 0x03, 0x03, 0x03, 0x03, 0x03, 0x03, 0x03, 0x03, 0x03, 0x03, 0x03, 0x03, 0x03, 0x03, 0x03, 0x03, 0x03, 0x03, 0x03, 0x03, 0x03, 0x03, 
    132                  0x03, 0x03, 0x03, 0x03, 0x03, 0x03, 0x03, 0x03, 0x03, 0x03, 0x03, 0x03, 0x03, 0x03, 0x03, 0x03, 0x03, 0x03, 0x03, 0x03, 0x03, 0x03, 0x03, 0x03, 0x03, 0x03, 0x03, 0x03, 0x03, 0x03, 0x03, 0x03, 0x03, 0x03, 0x03, 0x03, 0x03, 0x03,
    133            0x16, 0x16, 0x34, 0xAA, 0xBE, 0xF2, 0x1B, 0x19, 0x19, 0x19, 0x19, 0x19, 0x19, 0x19, 0x19, 0x19, 0x19, 0x19, 0x19, 0x19, 0x19, 0x19, 0x19, 0x19, 0x35, 0xF4, 0x86, 0xA8, 0x11, 0x15, 0x16, 0x16, 0x16, 0x16, 0x16, 0x16, 0x16, 0x16, 0x16, 0x16, 0x16, 0x16, 
    134                  0x16, 0x16, 0x16, 0x16, 0x16, 0x16, 0x16, 0x16, 0x16, 0x16, 0x16, 0x16, 0x16, 0x16, 0x16, 0x16, 0x16, 0x16, 0x16, 0x16, 0x16, 0x16, 0x16, 0x16, 0x16, 0x16, 0x16, 0x16, 0x16, 0x16, 0x16, 0x16, 0x16, 0x16, 0x16, 0x16, 0x16, 0x16, 0x16, 0x16, 0x16, 
    135                  0x16, 0x16, 0x16, 0x16, 0x16, 0x16, 0x16, 0x16, 0x16, 0x16, 0x16, 0x16, 0x16, 0x16, 0x16, 0x16, 0x16, 0x16, 0x16, 0x16, 0x16, 0x16, 0x16, 0x16, 0x16, 0x16, 0x16, 0x16, 0x16, 0x16, 0x16, 0x16, 0x16, 0x16, 0x16, 0x16, 0x16, 0x16,
    136            0x15, 0x15, 0x34, 0xA1, 0xC4, 0x44, 0x1F, 0x18, 0x18, 0x18, 0x18, 0x18, 0x18, 0x18, 0x18, 0x18, 0x18, 0x18, 0x18, 0x18, 0x18, 0x18, 0x18, 0x18, 0x43, 0xE8, 0x7F, 0x9D, 0xA6, 0xAD, 0xB0, 0x15, 0x15, 0x15, 0x15, 0x15, 0x15, 0x15, 0x15, 0x15, 0x15, 0x15, 
    137                  0x15, 0x15, 0x15, 0x15, 0x15, 0x15, 0x15, 0x15, 0x15, 0x15, 0x15, 0x15, 0x15, 0x15, 0x15, 0x15, 0x15, 0x15, 0x15, 0x15, 0x15, 0x15, 0x15, 0x15, 0x15, 0x15, 0x15, 0x15, 0x15, 0x15, 0x15, 0x15, 0x15, 0x15, 0x15, 0x15, 0x15, 0x15, 0x15, 0x15, 0x15, 
    138                  0x15, 0x15, 0x15, 0x15, 0x15, 0x15, 0x15, 0x15, 0x15, 0x15, 0x15, 0x15, 0x15, 0x15, 0x15, 0x15, 0x15, 0x15, 0x15, 0x15, 0x15, 0x15, 0x15, 0x15, 0x15, 0x15, 0x15, 0x15, 0x15, 0x15, 0x15, 0x15, 0x15, 0x15, 0x15, 0x15, 0x15, 0x15,
    139            0x11, 0x11, 0xAF, 0x99, 0xD0, 0x32, 0x18, 0x18, 0x18, 0x30, 0x20, 0x20, 0x20, 0x20, 0x20, 0x20, 0x20, 0x20, 0x20, 0x20, 0x20, 0x20, 0x20, 0x20, 0x32, 0xD5, 0x70, 0x95, 0x3F, 0xA7, 0x11, 0x11, 0x11, 0x11, 0x11, 0x11, 0x11, 0x11, 0x11, 0x11, 0x11, 0x11, 
    140                  0x11, 0x11, 0x11, 0x11, 0x11, 0x11, 0x11, 0x11, 0x11, 0x11, 0x11, 0x11, 0x11, 0x11, 0x11, 0x11, 0x11, 0x11, 0x11, 0x11, 0x11, 0x11, 0x11, 0x11, 0x11, 0x11, 0x11, 0x11, 0x11, 0x11, 0x11, 0x11, 0x11, 0x11, 0x11, 0x11, 0x11, 0x11, 0x11, 0x11, 0x11, 
    141                  0x11, 0x11, 0x11, 0x11, 0x11, 0x11, 0x11, 0x11, 0x11, 0x11, 0x11, 0x11, 0x11, 0x11, 0x11, 0x11, 0x11, 0x11, 0x11, 0x11, 0x11, 0x11, 0x11, 0x11, 0x11, 0x11, 0x11, 0x11, 0x11, 0x11, 0x11, 0x11, 0x11, 0x11, 0x11, 0x11, 0x11, 0x11,
    142            0x02, 0x02, 0xAE, 0x89, 0xDF, 0x35, 0x18, 0x18, 0x30, 0xF1, 0xDE, 0xE1, 0x23, 0x23, 0x23, 0x23, 0x23, 0x23, 0x23, 0x23, 0x23, 0x23, 0x23, 0x23, 0xE5, 0xC1, 0x39, 0x92, 0x3E, 0x10, 0xAB, 0x02, 0x02, 0x02, 0x02, 0x02, 0x02, 0x02, 0x02, 0x02, 0x02, 0x02, 
    143                  0x02, 0x02, 0x02, 0x02, 0x02, 0x02, 0x02, 0x02, 0x02, 0x02, 0x02, 0x02, 0x02, 0x02, 0x02, 0x02, 0x02, 0x02, 0x02, 0x02, 0x02, 0x02, 0x02, 0x02, 0x02, 0x02, 0x02, 0x02, 0x02, 0x02, 0x02, 0x02, 0x02, 0x02, 0x02, 0x02, 0x02, 0x02, 0x02, 0x02, 0x02, 
    144                  0x02, 0x02, 0x02, 0x02, 0x02, 0x02, 0x02, 0x02, 0x02, 0x02, 0x02, 0x02, 0x02, 0x02, 0x02, 0x02, 0x02, 0x02, 0x02, 0x02, 0x02, 0x02, 0x02, 0x02, 0x02, 0x02, 0x02, 0x02, 0x02, 0x02, 0x02, 0x02, 0x02, 0x02, 0x02, 0x02, 0x02, 0x02,
    145            0x10, 0x10, 0xA9, 0x88, 0xF0, 0x1E, 0x18, 0x18, 0x1B, 0xD2, 0x50, 0x5A, 0x2F, 0x29, 0x29, 0x29, 0x29, 0x29, 0x29, 0x29, 0x29, 0x2F, 0x2F, 0x2F, 0x2F, 0x5D, 0x0B, 0x3D, 0x04, 0xA5, 0x10, 0x10, 0x10, 0x10, 0x10, 0x10, 0x10, 0x10, 0x10, 0x10, 0x10, 0x10, 
    146                  0x10, 0x10, 0x10, 0x10, 0x10, 0x10, 0x10, 0x10, 0x10, 0x10, 0x10, 0x10, 0x10, 0x10, 0x10, 0x10, 0x10, 0x10, 0x10, 0x10, 0x10, 0x10, 0x10, 0x10, 0x10, 0x10, 0x10, 0x10, 0x10, 0x10, 0x10, 0x10, 0x10, 0x10, 0x10, 0x10, 0x10, 0x10, 0x10, 0x10, 0x10, 
    147                  0x10, 0x10, 0x10, 0x10, 0x10, 0x10, 0x10, 0x10, 0x10, 0x10, 0x10, 0x10, 0x10, 0x10, 0x10, 0x10, 0x10, 0x10, 0x10, 0x10, 0x10, 0x10, 0x10, 0x10, 0x10, 0x10, 0x10, 0x10, 0x10, 0x10, 0x10, 0x10, 0x10, 0x10, 0x10, 0x10, 0x10, 0x10,
    148            0x17, 0xA4, 0xA0, 0xBC, 0xF8, 0x18, 0x18, 0x18, 0x45, 0xBF, 0x58, 0x39, 0x3A, 0x6D, 0x2A, 0x2A, 0x2A, 0x2A, 0x2A, 0x2A, 0x6E, 0x76, 0x75, 0x3C, 0x3C, 0x7A, 0x7D, 0x96, 0x3E, 0xA3, 0x17, 0x17, 0x17, 0x17, 0x17, 0x17, 0x17, 0x17, 0x17, 0x17, 0x17, 0x17, 
    149                  0x17, 0x17, 0x17, 0x17, 0x17, 0x17, 0x17, 0x17, 0x17, 0x17, 0x17, 0x17, 0x17, 0x17, 0x17, 0x17, 0x17, 0x17, 0x17, 0x17, 0x17, 0x17, 0x17, 0x17, 0x17, 0x17, 0x17, 0x17, 0x17, 0x17, 0x17, 0x17, 0x17, 0x17, 0x17, 0x17, 0x17, 0x17, 0x17, 0x17, 0x17, 
    150                  0x17, 0x17, 0x17, 0x17, 0x17, 0x17, 0x17, 0x17, 0x17, 0x17, 0x17, 0x17, 0x17, 0x17, 0x17, 0x17, 0x17, 0x17, 0x17, 0x17, 0x17, 0x17, 0x17, 0x17, 0x17, 0x17, 0x17, 0x17, 0x17, 0x17, 0x17, 0x17, 0x17, 0x17, 0x17, 0x17, 0x17, 0x17,
    151            0x14, 0x3F, 0x90, 0xCE, 0x44, 0x18, 0x18, 0x1F, 0x43, 0xC2, 0x82, 0xB2, 0xB4, 0x2B, 0x2B, 0x2B, 0x2B, 0x2B, 0x2B, 0xBA, 0x84, 0x67, 0x74, 0x8F, 0x93, 0x3D, 0x01, 0x9A, 0x04, 0x14, 0x14, 0x14, 0x14, 0x14, 0x14, 0x14, 0x14, 0x14, 0x14, 0x14, 0x14, 0x14, 
    152                  0x14, 0x14, 0x14, 0x14, 0x14, 0x14, 0x14, 0x14, 0x14, 0x14, 0x14, 0x14, 0x14, 0x14, 0x14, 0x14, 0x14, 0x14, 0x14, 0x14, 0x14, 0x14, 0x14, 0x14, 0x14, 0x14, 0x14, 0x14, 0x14, 0x14, 0x14, 0x14, 0x14, 0x14, 0x14, 0x14, 0x14, 0x14, 0x14, 0x14, 0x14, 
    153                  0x14, 0x14, 0x14, 0x14, 0x14, 0x14, 0x14, 0x14, 0x14, 0x14, 0x14, 0x14, 0x14, 0x14, 0x14, 0x14, 0x14, 0x14, 0x14, 0x14, 0x14, 0x14, 0x14, 0x14, 0x14, 0x14, 0x14, 0x14, 0x14, 0x14, 0x14, 0x14, 0x14, 0x14, 0x14, 0x14, 0x14, 0x14,
    154            0x13, 0x9E, 0x77, 0xD7, 0x31, 0x18, 0x18, 0x18, 0x41, 0x41, 0x28, 0x28, 0x28, 0x28, 0x28, 0x28, 0x28, 0x28, 0x28, 0x28, 0xF6, 0xEA, 0xCB, 0x72, 0x91, 0x08, 0x08, 0x9B, 0x9C, 0x13, 0x13, 0x13, 0x13, 0x13, 0x13, 0x13, 0x13, 0x13, 0x13, 0x13, 0x13, 0x13, 
    155                  0x13, 0x13, 0x13, 0x13, 0x13, 0x13, 0x13, 0x13, 0x13, 0x13, 0x13, 0x13, 0x13, 0x13, 0x13, 0x13, 0x13, 0x13, 0x13, 0x13, 0x13, 0x13, 0x13, 0x13, 0x13, 0x13, 0x13, 0x13, 0x13, 0x13, 0x13, 0x13, 0x13, 0x13, 0x13, 0x13, 0x13, 0x13, 0x13, 0x13, 0x13, 
    156                  0x13, 0x13, 0x13, 0x13, 0x13, 0x13, 0x13, 0x13, 0x13, 0x13, 0x13, 0x13, 0x13, 0x13, 0x13, 0x13, 0x13, 0x13, 0x13, 0x13, 0x13, 0x13, 0x13, 0x13, 0x13, 0x13, 0x13, 0x13, 0x13, 0x13, 0x13, 0x13, 0x13, 0x13, 0x13, 0x13, 0x13, 0x13,
    157            0x08, 0x98, 0x87, 0xE4, 0x21, 0x18, 0x18, 0x18, 0x18, 0x1F, 0x1F, 0x1F, 0x1F, 0x1F, 0x1F, 0x1F, 0x1F, 0x1F, 0x1F, 0x1F, 0x1F, 0x19, 0xFB, 0xD9, 0x71, 0x94, 0x97, 0x08, 0x08, 0x08, 0x08, 0x08, 0x08, 0x08, 0x08, 0x08, 0x08, 0x08, 0x08, 0x08, 0x08, 0x08, 
    158                  0x08, 0x08, 0x08, 0x08, 0x08, 0x08, 0x08, 0x08, 0x08, 0x08, 0x08, 0x08, 0x08, 0x08, 0x08, 0x08, 0x08, 0x08, 0x08, 0x08, 0x08, 0x08, 0x08, 0x08, 0x08, 0x08, 0x08, 0x08, 0x08, 0x08, 0x08, 0x08, 0x08, 0x08, 0x08, 0x08, 0x08, 0x08, 0x08, 0x08, 0x08, 
    159                  0x08, 0x08, 0x08, 0x08, 0x08, 0x08, 0x08, 0x08, 0x08, 0x08, 0x08, 0x08, 0x08, 0x08, 0x08, 0x08, 0x08, 0x08, 0x08, 0x08, 0x08, 0x08, 0x08, 0x08, 0x08, 0x08, 0x08, 0x08, 0x08, 0x08, 0x08, 0x08, 0x08, 0x08, 0x08, 0x08, 0x08, 0x08,
    160            0x01, 0x8E, 0x85, 0xF5, 0xFA, 0x21, 0x21, 0x21, 0x21, 0x21, 0x21, 0x21, 0x21, 0x21, 0x21, 0x21, 0x21, 0x21, 0x19, 0x18, 0x18, 0x18, 0x30, 0x32, 0xCA, 0x6C, 0x05, 0x01, 0x01, 0x01, 0x01, 0x01, 0x01, 0x01, 0x01, 0x01, 0x01, 0x01, 0x01, 0x01, 0x01, 0x01, 
    161                  0x01, 0x01, 0x01, 0x01, 0x01, 0x01, 0x01, 0x01, 0x01, 0x01, 0x01, 0x01, 0x01, 0x01, 0x01, 0x01, 0x01, 0x01, 0x01, 0x01, 0x01, 0x01, 0x01, 0x01, 0x01, 0x01, 0x01, 0x01, 0x01, 0x01, 0x01, 0x01, 0x01, 0x01, 0x01, 0x01, 0x01, 0x01, 0x01, 0x01, 0x01, 
    162                  0x01, 0x01, 0x01, 0x01, 0x01, 0x01, 0x01, 0x01, 0x01, 0x01, 0x01, 0x01, 0x01, 0x01, 0x01, 0x01, 0x01, 0x01, 0x01, 0x01, 0x01, 0x01, 0x01, 0x01, 0x01, 0x01, 0x01, 0x01, 0x01, 0x01, 0x01, 0x01, 0x01, 0x01, 0x01, 0x01, 0x01, 0x01,
    163            0x0F, 0x78, 0xB1, 0xE0, 0x40, 0x40, 0x26, 0x26, 0x26, 0x26, 0x26, 0x26, 0x26, 0x26, 0x26, 0x26, 0x26, 0xDC, 0xE6, 0x42, 0x18, 0x18, 0x18, 0x35, 0xE7, 0x63, 0x7B, 0x7E, 0x0F, 0x0F, 0x0F, 0x0F, 0x0F, 0x0F, 0x0F, 0x0F, 0x0F, 0x0F, 0x0F, 0x0F, 0x0F, 0x0F, 
    164                  0x0F, 0x0F, 0x0F, 0x0F, 0x0F, 0x0F, 0x0F, 0x0F, 0x0F, 0x0F, 0x0F, 0x0F, 0x0F, 0x0F, 0x0F, 0x0F, 0x0F, 0x0F, 0x0F, 0x0F, 0x0F, 0x0F, 0x0F, 0x0F, 0x0F, 0x0F, 0x0F, 0x0F, 0x0F, 0x0F, 0x0F, 0x0F, 0x0F, 0x0F, 0x0F, 0x0F, 0x0F, 0x0F, 0x0F, 0x0F, 0x0F, 
    165                  0x0F, 0x0F, 0x0F, 0x0F, 0x0F, 0x0F, 0x0F, 0x0F, 0x0F, 0x0F, 0x0F, 0x0F, 0x0F, 0x0F, 0x0F, 0x0F, 0x0F, 0x0F, 0x0F, 0x0F, 0x0F, 0x0F, 0x0F, 0x0F, 0x0F, 0x0F, 0x0F, 0x0F, 0x0F, 0x0F, 0x0F, 0x0F, 0x0F, 0x0F, 0x0F, 0x0F, 0x0F, 0x0F,
    166            0x0E, 0x0E, 0x73, 0x66, 0x64, 0x5B, 0x53, 0x2D, 0x2D, 0x2D, 0x2D, 0x2D, 0x2E, 0x2E, 0x2E, 0x2E, 0x2E, 0x52, 0x61, 0xDD, 0x21, 0x18, 0x18, 0x19, 0xEC, 0x80, 0x6B, 0x79, 0x7C, 0x0E, 0x0E, 0x0E, 0x0E, 0x0E, 0x0E, 0x0E, 0x0E, 0x0E, 0x0E, 0x0E, 0x0E, 0x0E, 
    167                  0x0E, 0x0E, 0x0E, 0x0E, 0x0E, 0x0E, 0x0E, 0x0E, 0x0E, 0x0E, 0x0E, 0x0E, 0x0E, 0x0E, 0x0E, 0x0E, 0x0E, 0x0E, 0x0E, 0x0E, 0x0E, 0x0E, 0x0E, 0x0E, 0x0E, 0x0E, 0x0E, 0x0E, 0x0E, 0x0E, 0x0E, 0x0E, 0x0E, 0x0E, 0x0E, 0x0E, 0x0E, 0x0E, 0x0E, 0x0E, 0x0E, 
    168                  0x0E, 0x0E, 0x0E, 0x0E, 0x0E, 0x0E, 0x0E, 0x0E, 0x0E, 0x0E, 0x0E, 0x0E, 0x0E, 0x0E, 0x0E, 0x0E, 0x0E, 0x0E, 0x0E, 0x0E, 0x0E, 0x0E, 0x0E, 0x0E, 0x0E, 0x0E, 0x0E, 0x0E, 0x0E, 0x0E, 0x0E, 0x0E, 0x0E, 0x0E, 0x0E, 0x0E, 0x0E, 0x0E,
    169            0x0B, 0x0B, 0x0B, 0x3A, 0x68, 0x59, 0x57, 0x25, 0x25, 0x25, 0x25, 0x25, 0x25, 0x25, 0x25, 0x25, 0x25, 0x25, 0x4E, 0xDB, 0x1B, 0x18, 0x18, 0x20, 0xEB, 0x60, 0x5E, 0x0A, 0x3B, 0x3B, 0x0B, 0x0B, 0x0B, 0x0B, 0x0B, 0x0B, 0x0B, 0x0B, 0x0B, 0x0B, 0x0B, 0x0B, 
    170                  0x0B, 0x0B, 0x0B, 0x0B, 0x0B, 0x0B, 0x0B, 0x0B, 0x0B, 0x0B, 0x0B, 0x0B, 0x0B, 0x0B, 0x0B, 0x0B, 0x0B, 0x0B, 0x0B, 0x0B, 0x0B, 0x0B, 0x0B, 0x0B, 0x0B, 0x0B, 0x0B, 0x0B, 0x0B, 0x0B, 0x0B, 0x0B, 0x0B, 0x0B, 0x0B, 0x0B, 0x0B, 0x0B, 0x0B, 0x0B, 0x0B, 
    171                  0x0B, 0x0B, 0x0B, 0x0B, 0x0B, 0x0B, 0x0B, 0x0B, 0x0B, 0x0B, 0x0B, 0x0B, 0x0B, 0x0B, 0x0B, 0x0B, 0x0B, 0x0B, 0x0B, 0x0B, 0x0B, 0x0B, 0x0B, 0x0B, 0x0B, 0x0B, 0x0B, 0x0B, 0x0B, 0x0B, 0x0B, 0x0B, 0x0B, 0x0B, 0x0B, 0x0B, 0x0B, 0x0B,
    172            0x0A, 0x0A, 0x69, 0x81, 0xB9, 0xB7, 0x27, 0x27, 0x27, 0x27, 0x27, 0x27, 0x27, 0x27, 0x27, 0x27, 0xB6, 0xB8, 0xD1, 0x1E, 0x18, 0x18, 0x18, 0x31, 0xD8, 0x4B, 0x09, 0x65, 0x6F, 0x0A, 0x0A, 0x0A, 0x0A, 0x0A, 0x0A, 0x0A, 0x0A, 0x0A, 0x0A, 0x0A, 0x0A, 0x0A, 
    173                  0x0A, 0x0A, 0x0A, 0x0A, 0x0A, 0x0A, 0x0A, 0x0A, 0x0A, 0x0A, 0x0A, 0x0A, 0x0A, 0x0A, 0x0A, 0x0A, 0x0A, 0x0A, 0x0A, 0x0A, 0x0A, 0x0A, 0x0A, 0x0A, 0x0A, 0x0A, 0x0A, 0x0A, 0x0A, 0x0A, 0x0A, 0x0A, 0x0A, 0x0A, 0x0A, 0x0A, 0x0A, 0x0A, 0x0A, 0x0A, 0x0A, 
    174                  0x0A, 0x0A, 0x0A, 0x0A, 0x0A, 0x0A, 0x0A, 0x0A, 0x0A, 0x0A, 0x0A, 0x0A, 0x0A, 0x0A, 0x0A, 0x0A, 0x0A, 0x0A, 0x0A, 0x0A, 0x0A, 0x0A, 0x0A, 0x0A, 0x0A, 0x0A, 0x0A, 0x0A, 0x0A, 0x0A, 0x0A, 0x0A, 0x0A, 0x0A, 0x0A, 0x0A, 0x0A, 0x0A,
    175            0x12, 0x6A, 0x55, 0xDA, 0xF9, 0x24, 0x24, 0x24, 0x24, 0x24, 0x24, 0x24, 0x24, 0x24, 0x24, 0x24, 0x24, 0xF3, 0x1B, 0x1F, 0x18, 0x18, 0x42, 0x19, 0xB3, 0x4D, 0x38, 0x5C, 0x5F, 0x12, 0x12, 0x12, 0x12, 0x12, 0x12, 0x12, 0x12, 0x12, 0x12, 0x12, 0x12, 0x12, 
    176                  0x12, 0x12, 0x12, 0x12, 0x12, 0x12, 0x12, 0x12, 0x12, 0x12, 0x12, 0x12, 0x12, 0x12, 0x12, 0x12, 0x12, 0x12, 0x12, 0x12, 0x12, 0x12, 0x12, 0x12, 0x12, 0x12, 0x12, 0x12, 0x12, 0x12, 0x12, 0x12, 0x12, 0x12, 0x12, 0x12, 0x12, 0x12, 0x12, 0x12, 0x12, 
    177                  0x12, 0x12, 0x12, 0x12, 0x12, 0x12, 0x12, 0x12, 0x12, 0x12, 0x12, 0x12, 0x12, 0x12, 0x12, 0x12, 0x12, 0x12, 0x12, 0x12, 0x12, 0x12, 0x12, 0x12, 0x12, 0x12, 0x12, 0x12, 0x12, 0x12, 0x12, 0x12, 0x12, 0x12, 0x12, 0x12, 0x12, 0x12,
    178            0x09, 0x56, 0x62, 0xE9, 0x1B, 0x1E, 0x1E, 0x1E, 0x1E, 0x1E, 0x1E, 0x1E, 0x1E, 0x1E, 0x1E, 0x1E, 0x1E, 0x1E, 0x1F, 0x18, 0x18, 0x1E, 0x45, 0xCC, 0x46, 0x4C, 0x37, 0x38, 0x09, 0x09, 0x09, 0x09, 0x09, 0x09, 0x09, 0x09, 0x09, 0x09, 0x09, 0x09, 0x09, 0x09, 
    179                  0x09, 0x09, 0x09, 0x09, 0x09, 0x09, 0x09, 0x09, 0x09, 0x09, 0x09, 0x09, 0x09, 0x09, 0x09, 0x09, 0x09, 0x09, 0x09, 0x09, 0x09, 0x09, 0x09, 0x09, 0x09, 0x09, 0x09, 0x09, 0x09, 0x09, 0x09, 0x09, 0x09, 0x09, 0x09, 0x09, 0x09, 0x09, 0x09, 0x09, 0x09, 
    180                  0x09, 0x09, 0x09, 0x09, 0x09, 0x09, 0x09, 0x09, 0x09, 0x09, 0x09, 0x09, 0x09, 0x09, 0x09, 0x09, 0x09, 0x09, 0x09, 0x09, 0x09, 0x09, 0x09, 0x09, 0x09, 0x09, 0x09, 0x09, 0x09, 0x09, 0x09, 0x09, 0x09, 0x09, 0x09, 0x09, 0x09, 0x09,
    181            0x0D, 0x54, 0x83, 0x1E, 0x30, 0x18, 0x18, 0x18, 0x18, 0x18, 0x18, 0x18, 0x18, 0x18, 0x18, 0x18, 0x18, 0x18, 0x18, 0x18, 0x31, 0xF7, 0xCD, 0x2C, 0x48, 0x33, 0x0C, 0x37, 0x0D, 0x0D, 0x0D, 0x0D, 0x0D, 0x0D, 0x0D, 0x0D, 0x0D, 0x0D, 0x0D, 0x0D, 0x0D, 0x0D, 
    182                  0x0D, 0x0D, 0x0D, 0x0D, 0x0D, 0x0D, 0x0D, 0x0D, 0x0D, 0x0D, 0x0D, 0x0D, 0x0D, 0x0D, 0x0D, 0x0D, 0x0D, 0x0D, 0x0D, 0x0D, 0x0D, 0x0D, 0x0D, 0x0D, 0x0D, 0x0D, 0x0D, 0x0D, 0x0D, 0x0D, 0x0D, 0x0D, 0x0D, 0x0D, 0x0D, 0x0D, 0x0D, 0x0D, 0x0D, 0x0D, 0x0D, 
    183                  0x0D, 0x0D, 0x0D, 0x0D, 0x0D, 0x0D, 0x0D, 0x0D, 0x0D, 0x0D, 0x0D, 0x0D, 0x0D, 0x0D, 0x0D, 0x0D, 0x0D, 0x0D, 0x0D, 0x0D, 0x0D, 0x0D, 0x0D, 0x0D, 0x0D, 0x0D, 0x0D, 0x0D, 0x0D, 0x0D, 0x0D, 0x0D, 0x0D, 0x0D, 0x0D, 0x0D, 0x0D, 0x0D,
    184            0x0C, 0x4A, 0xC3, 0x32, 0x1B, 0x1B, 0x1B, 0x1B, 0x1B, 0x1B, 0x1B, 0x1B, 0x1B, 0x1B, 0x1B, 0x1B, 0x1B, 0x1B, 0x31, 0x1B, 0xE3, 0xBB, 0x36, 0x47, 0x07, 0x49, 0x33, 0x33, 0x4F, 0x0C, 0x0C, 0x0C, 0x0C, 0x0C, 0x0C, 0x0C, 0x0C, 0x0C, 0x0C, 0x0C, 0x0C, 0x0C, 
    185                  0x0C, 0x0C, 0x0C, 0x0C, 0x0C, 0x0C, 0x0C, 0x0C, 0x0C, 0x0C, 0x0C, 0x0C, 0x0C, 0x0C, 0x0C, 0x0C, 0x0C, 0x0C, 0x0C, 0x0C, 0x0C, 0x0C, 0x0C, 0x0C, 0x0C, 0x0C, 0x0C, 0x0C, 0x0C, 0x0C, 0x0C, 0x0C, 0x0C, 0x0C, 0x0C, 0x0C, 0x0C, 0x0C, 0x0C, 0x0C, 0x0C, 
    186                  0x0C, 0x0C, 0x0C, 0x0C, 0x0C, 0x0C, 0x0C, 0x0C, 0x0C, 0x0C, 0x0C, 0x0C, 0x0C, 0x0C, 0x0C, 0x0C, 0x0C, 0x0C, 0x0C, 0x0C, 0x0C, 0x0C, 0x0C, 0x0C, 0x0C, 0x0C, 0x0C, 0x0C, 0x0C, 0x0C, 0x0C, 0x0C, 0x0C, 0x0C, 0x0C, 0x0C, 0x0C, 0x0C,
    187            0x07, 0x36, 0xC0, 0xD6, 0x22, 0x22, 0x22, 0x22, 0x22, 0x22, 0x22, 0x22, 0x22, 0x22, 0x22, 0x22, 0xD4, 0xD3, 0xCF, 0xB5, 0x51, 0x00, 0x2C, 0x2C, 0x2C, 0x2C, 0x07, 0x07, 0x07, 0x07, 0x07, 0x07, 0x07, 0x07, 0x07, 0x07, 0x07, 0x07, 0x07, 0x07, 0x07, 0x07, 
    188                  0x07, 0x07, 0x07, 0x07, 0x07, 0x07, 0x07, 0x07, 0x07, 0x07, 0x07, 0x07, 0x07, 0x07, 0x07, 0x07, 0x07, 0x07, 0x07, 0x07, 0x07, 0x07, 0x07, 0x07, 0x07, 0x07, 0x07, 0x07, 0x07, 0x07, 0x07, 0x07, 0x07, 0x07, 0x07, 0x07, 0x07, 0x07, 0x07, 0x07, 0x07, 
    189                  0x07, 0x07, 0x07, 0x07, 0x07, 0x07, 0x07, 0x07, 0x07, 0x07, 0x07, 0x07, 0x07, 0x07, 0x07, 0x07, 0x07, 0x07, 0x07, 0x07, 0x07, 0x07, 0x07, 0x07, 0x07, 0x07, 0x07, 0x07, 0x07, 0x07, 0x07, 0x07, 0x07, 0x07, 0x07, 0x07, 0x07, 0x07,
    190            0x00, 0x00, 0x00, 0x00, 0x00, 0x00, 0x00, 0x00, 0x00, 0x00, 0x00, 0x00, 0x00, 0x00, 0x00, 0x00, 0x00, 0x00, 0x00, 0x00, 0x00, 0x00, 0x00, 0x00, 0x00, 0x00, 0x00, 0x00, 0x00, 0x00, 0x00, 0x00, 0x00, 0x00, 0x00, 0x00, 0x00, 0x00, 0x00, 0x00, 0x00, 0x00, 
    191                  0x00, 0x00, 0x00, 0x00, 0x00, 0x00, 0x00, 0x00, 0x00, 0x00, 0x00, 0x00, 0x00, 0x00, 0x00, 0x00, 0x00, 0x00, 0x00, 0x00, 0x00, 0x00, 0x00, 0x00, 0x00, 0x00, 0x00, 0x00, 0x00, 0x00, 0x00, 0x00, 0x00, 0x00, 0x00, 0x00, 0x00, 0x00, 0x00, 0x00, 0x00, 
    192                  0x00, 0x00, 0x00, 0x00, 0x00, 0x00, 0x00, 0x00, 0x00, 0x00, 0x00, 0x00, 0x00, 0x00, 0x00, 0x00, 0x00, 0x00, 0x00, 0x00, 0x00, 0x00, 0x00, 0x00, 0x00, 0x00, 0x00, 0x00, 0x00, 0x00, 0x00, 0x00, 0x00, 0x00, 0x00, 0x00, 0x00, 0x00,
    193            0x00, 0x00, 0x00, 0x00, 0x00, 0x00, 0x00, 0x00, 0x00, 0x00, 0x00, 0x00, 0x00, 0x00, 0x00, 0x00, 0x00, 0x00, 0x00, 0x00, 0x00, 0x00, 0x00, 0x00, 0x00, 0x00, 0x00, 0x00, 0x00, 0x00, 0x00, 0x00, 0x00, 0x00, 0x00, 0x00, 0x00, 0x00, 0x00, 0x00, 0x00, 0x00, 
    194                  0x00, 0x00, 0x00, 0x00, 0x00, 0x00, 0x00, 0x00, 0x00, 0x00, 0x00, 0x00, 0x00, 0x00, 0x00, 0x00, 0x00, 0x00, 0x00, 0x00, 0x00, 0x00, 0x00, 0x00, 0x00, 0x00, 0x00, 0x00, 0x00, 0x00, 0x00, 0x00, 0x00, 0x00, 0x00, 0x00, 0x00, 0x00, 0x00, 0x00, 0x00, 
    195                  0x00, 0x00, 0x00, 0x00, 0x00, 0x00, 0x00, 0x00, 0x00, 0x00, 0x00, 0x00, 0x00, 0x00, 0x00, 0x00, 0x00, 0x00, 0x00, 0x00, 0x00, 0x00, 0x00, 0x00, 0x00, 0x00, 0x00, 0x00, 0x00, 0x00, 0x00, 0x00, 0x00, 0x00, 0x00, 0x00, 0x00, 0x00,
    196            0x00, 0x00, 0x00, 0x00, 0x00, 0x00, 0x00, 0x00, 0x00, 0x00, 0x00, 0x00, 0x00, 0x00, 0x00, 0x00, 0x00, 0x00, 0x00, 0x00, 0x00, 0x00, 0x00, 0x00, 0x00, 0x00, 0x00, 0x00, 0x00, 0x00, 0x00, 0x00, 0x00, 0x00, 0x00, 0x00, 0x00, 0x00, 0x00, 0x00, 0x00, 0x00, 
    197                  0x00, 0x00, 0x00, 0x00, 0x00, 0x00, 0x00, 0x00, 0x00, 0x00, 0x00, 0x00, 0x00, 0x00, 0x00, 0x00, 0x00, 0x00, 0x00, 0x00, 0x00, 0x00, 0x00, 0x00, 0x00, 0x00, 0x00, 0x00, 0x00, 0x00, 0x00, 0x00, 0x00, 0x00, 0x00, 0x00, 0x00, 0x00, 0x00, 0x00, 0x00, 
    198                  0x00, 0x00, 0x00, 0x00, 0x00, 0x00, 0x00, 0x00, 0x00, 0x00, 0x00, 0x00, 0x00, 0x00, 0x00, 0x00, 0x00, 0x00, 0x00, 0x00, 0x00, 0x00, 0x00, 0x00, 0x00, 0x00, 0x00, 0x00, 0x00, 0x00, 0x00, 0x00, 0x00, 0x00, 0x00, 0x00, 0x00, 0x00,
    199            0x00, 0x00, 0x00, 0x00, 0x00, 0x00, 0x00, 0x00, 0x00, 0x00, 0x00, 0x00, 0x00, 0x00, 0x00, 0x00, 0x00, 0x00, 0x00, 0x00, 0x00, 0x00, 0x00, 0x00, 0x00, 0x00, 0x00, 0x00, 0x00, 0x00, 0x00, 0x00, 0x00, 0x00, 0x00, 0x00, 0x00, 0x00, 0x00, 0x00, 0x00, 0x00, 
    200                  0x00, 0x00, 0x00, 0x00, 0x00, 0x00, 0x00, 0x00, 0x00, 0x00, 0x00, 0x00, 0x00, 0x00, 0x00, 0x00, 0x00, 0x00, 0x00, 0x00, 0x00, 0x00, 0x00, 0x00, 0x00, 0x00, 0x00, 0x00, 0x00, 0x00, 0x00, 0x00, 0x00, 0x00, 0x00, 0x00, 0x00, 0x00, 0x00, 0x00, 0x00, 
    201                  0x00, 0x00, 0x00, 0x00, 0x00, 0x00, 0x00, 0x00, 0x00, 0x00, 0x00, 0x00, 0x00, 0x00, 0x00, 0x00, 0x00, 0x00, 0x00, 0x00, 0x00, 0x00, 0x00, 0x00, 0x00, 0x00, 0x00, 0x00, 0x00, 0x00, 0x00, 0x00, 0x00, 0x00, 0x00, 0x00, 0x00, 0x00,
    202            0x00, 0x00, 0x00, 0x00, 0x00, 0x00, 0x00, 0x00, 0x00, 0x00, 0x00, 0x00, 0x00, 0x00, 0x00, 0x00, 0x00, 0x00, 0x00, 0x00, 0x00, 0x00, 0x00, 0x00, 0x00, 0x00, 0x00, 0x00, 0x00, 0x00, 0x00, 0x00, 0x00, 0x00, 0x00, 0x00, 0x00, 0x00, 0x00, 0x00, 0x00, 0x00, 
    203                  0x00, 0x00, 0x00, 0x00, 0x00, 0x00, 0x00, 0x00, 0x00, 0x00, 0x00, 0x00, 0x00, 0x00, 0x00, 0x00, 0x00, 0x00, 0x00, 0x00, 0x00, 0x00, 0x00, 0x00, 0x00, 0x00, 0x00, 0x00, 0x00, 0x00, 0x00, 0x00, 0x00, 0x00, 0x00, 0x00, 0x00, 0x00, 0x00, 0x00, 0x00, 
    204                  0x00, 0x00, 0x00, 0x00, 0x00, 0x00, 0x00, 0x00, 0x00, 0x00, 0x00, 0x00, 0x00, 0x00, 0x00, 0x00, 0x00, 0x00, 0x00, 0x00, 0x00, 0x00, 0x00, 0x00, 0x00, 0x00, 0x00, 0x00, 0x00, 0x00, 0x00, 0x00, 0x00, 0x00, 0x00, 0x00, 0x00, 0x00,
    205            0x00, 0x00, 0x00, 0x00, 0x00, 0x00, 0x00, 0x00, 0x00, 0x00, 0x00, 0x00, 0x00, 0x00, 0x00, 0x00, 0x00, 0x00, 0x00, 0x00, 0x00, 0x00, 0x00, 0x00, 0x00, 0x00, 0x00, 0x00, 0x00, 0x00, 0x00, 0x00, 0x00, 0x00, 0x00, 0x00, 0x00, 0x00, 0x00, 0x00, 0x00, 0x00, 
    206                  0x00, 0x00, 0x00, 0x00, 0x00, 0x00, 0x00, 0x00, 0x00, 0x00, 0x00, 0x00, 0x00, 0x00, 0x00, 0x00, 0x00, 0x00, 0x00, 0x00, 0x00, 0x00, 0x00, 0x00, 0x00, 0x00, 0x00, 0x00, 0x00, 0x00, 0x00, 0x00, 0x00, 0x00, 0x00, 0x00, 0x00, 0x00, 0x00, 0x00, 0x00, 
    207                  0x00, 0x00, 0x00, 0x00, 0x00, 0x00, 0x00, 0x00, 0x00, 0x00, 0x00, 0x00, 0x00, 0x00, 0x00, 0x00, 0x00, 0x00, 0x00, 0x00, 0x00, 0x00, 0x00, 0x00, 0x00, 0x00, 0x00, 0x00, 0x00, 0x00, 0x00, 0x00, 0x00, 0x00, 0x00, 0x00, 0x00, 0x00,
    208            0x00, 0x00, 0x00, 0x00, 0x00, 0x00, 0x00, 0x00, 0x00, 0x00, 0x00, 0x00, 0x00, 0x00, 0x00, 0x00, 0x00, 0x00, 0x00, 0x00, 0x00, 0x00, 0x00, 0x00, 0x00, 0x00, 0x00, 0x00, 0x00, 0x00, 0x00, 0x00, 0x00, 0x00, 0x00, 0x00, 0x00, 0x00, 0x00, 0x00, 0x00, 0x00, 
    209                  0x00, 0x00, 0x00, 0x00, 0x00, 0x00, 0x00, 0x00, 0x00, 0x00, 0x00, 0x00, 0x00, 0x00, 0x00, 0x00, 0x00, 0x00, 0x00, 0x00, 0x00, 0x00, 0x00, 0x00, 0x00, 0x00, 0x00, 0x00, 0x00, 0x00, 0x00, 0x00, 0x00, 0x00, 0x00, 0x00, 0x00, 0x00, 0x00, 0x00, 0x00, 
    210                  0x00, 0x00, 0x00, 0x00, 0x00, 0x00, 0x00, 0x00, 0x00, 0x00, 0x00, 0x00, 0x00, 0x00, 0x00, 0x00, 0x00, 0x00, 0x00, 0x00, 0x00, 0x00, 0x00, 0x00, 0x00, 0x00, 0x00, 0x00, 0x00, 0x00, 0x00, 0x00, 0x00, 0x00, 0x00, 0x00, 0x00, 0x00,
    211            0x00, 0x00, 0x00, 0x00, 0x00, 0x00, 0x00, 0x00, 0x00, 0x00, 0x00, 0x00, 0x00, 0x00, 0x00, 0x00, 0x00, 0x00, 0x00, 0x00, 0x00, 0x00, 0x00, 0x00, 0x00, 0x00, 0x00, 0x00, 0x00, 0x00, 0x00, 0x00, 0x00, 0x00, 0x00, 0x00, 0x00, 0x00, 0x00, 0x00, 0x00, 0x00, 
    212                  0x00, 0x00, 0x00, 0x00, 0x00, 0x00, 0x00, 0x00, 0x00, 0x00, 0x00, 0x00, 0x00, 0x00, 0x00, 0x00, 0x00, 0x00, 0x00, 0x00, 0x00, 0x00, 0x00, 0x00, 0x00, 0x00, 0x00, 0x00, 0x00, 0x00, 0x00, 0x00, 0x00, 0x00, 0x00, 0x00, 0x00, 0x00, 0x00, 0x00, 0x00, 
    213                  0x00, 0x00, 0x00, 0x00, 0x00, 0x00, 0x00, 0x00, 0x00, 0x00, 0x00, 0x00, 0x00, 0x00, 0x00, 0x00, 0x00, 0x00, 0x00, 0x00, 0x00, 0x00, 0x00, 0x00, 0x00, 0x00, 0x00, 0x00, 0x00, 0x00, 0x00, 0x00, 0x00, 0x00, 0x00, 0x00, 0x00, 0x00,
    214            0x00, 0x00, 0x00, 0x00, 0x00, 0x00, 0x00, 0x00, 0x00, 0x00, 0x00, 0x00, 0x00, 0x00, 0x00, 0x00, 0x00, 0x00, 0x00, 0x00, 0x00, 0x00, 0x00, 0x00, 0x00, 0x00, 0x00, 0x00, 0x00, 0x00, 0x00, 0x00, 0x00, 0x00, 0x00, 0x00, 0x00, 0x00, 0x00, 0x00, 0x00, 0x00, 
    215                  0x00, 0x00, 0x00, 0x00, 0x00, 0x00, 0x00, 0x00, 0x00, 0x00, 0x00, 0x00, 0x00, 0x00, 0x00, 0x00, 0x00, 0x00, 0x00, 0x00, 0x00, 0x00, 0x00, 0x00, 0x00, 0x00, 0x00, 0x00, 0x00, 0x00, 0x00, 0x00, 0x00, 0x00, 0x00, 0x00, 0x00, 0x00, 0x00, 0x00, 0x00, 
    216                  0x00, 0x00, 0x00, 0x00, 0x00, 0x00, 0x00, 0x00, 0x00, 0x00, 0x00, 0x00, 0x00, 0x00, 0x00, 0x00, 0x00, 0x00, 0x00, 0x00, 0x00, 0x00, 0x00, 0x00, 0x00, 0x00, 0x00, 0x00, 0x00, 0x00, 0x00, 0x00, 0x00, 0x00, 0x00, 0x00, 0x00, 0x00
    217          };
    218          

   \                                 In section .rodata, align 4, keep-with-next
    219          GUI_CONST_STORAGE GUI_BITMAP bm5 = {
   \                     bm5:
   \   00000000                      ; Initializer data, 20 bytes
   \   00000000   790023007900       DC16 121, 35, 121, 8
   \              0800        
   \   00000008   ............       DC32 ac5, Pal5
   \              ....        
   \   00000010   00000000           DC8 0, 0, 0, 0
    220            121, /* XSize */
    221            35, /* YSize */
    222            121, /* BytesPerLine */
    223            8, /* BitsPerPixel */
    224            ac5,  /* Pointer to picture data (indices) */
    225            &Pal5  /* Pointer to palette */
    226          };
    227          
    228          /* *** End of file *** */


   Section sizes:

     Function/Label Bytes
     -------------- -----
     Colors5        1008
     Pal5             12
     ac5            4236
     bm5              20

 
 5 276 bytes in section .rodata
 
 5 276 bytes of CONST memory

Errors: none
Warnings: none
