###############################################################################
#                                                                             #
# IAR ANSI C/C++ Compiler V6.10.2.52244/W32 for ARM     19/Nov/2015  13:10:26 #
# Copyright 1999-2010 IAR Systems AB.                                         #
#                                                                             #
#    Cpu mode     =  arm                                                      #
#    Endian       =  little                                                   #
#    Source file  =  C:\DUII\TargetHW\GUI\BUTTON_Create.c                     #
#    Command line =  C:\DUII\TargetHW\GUI\BUTTON_Create.c -D DEBUG=1 -D       #
#                    SDRAM_TARGET=1 -D USB_IS_HIGH_SPEED -D NOPROFILER -D     #
#                    OS_TRACE=0 -D OS_VIEW_ENABLE=0 -lCN                      #
#                    C:\DUII\TargetHW\Release\List\ -o                        #
#                    C:\DUII\TargetHW\Release\Obj\ --endian=little            #
#                    --cpu=ARM926EJ-S -e --fpu=None --dlib_config             #
#                    "C:\Program Files (x86)\IAR Systems\Embedded Workbench   #
#                    6.0\arm\INC\c\DLib_Config_Normal.h" -I                   #
#                    C:\DUII\TargetHW\Application\SEGGERDEMO\ -I              #
#                    C:\DUII\TargetHW\Application\SEGGERDEMO\Src\ -I          #
#                    C:\DUII\TargetHW\Config\ -I C:\DUII\TargetHW\FS\ -I      #
#                    C:\DUII\TargetHW\GUI\ -I C:\DUII\TargetHW\Inc\ -I        #
#                    C:\DUII\TargetHW\OS\ -I C:\DUII\TargetHW\Setup\ -I       #
#                    \DUII\DUII\ -I \DUII\DUII\Graphics\ --cpu_mode arm -Ohs  #
#                    --use_c++_inline --require_prototypes                    #
#    List file    =  C:\DUII\TargetHW\Release\List\BUTTON_Create.lst          #
#    Object file  =  C:\DUII\TargetHW\Release\Obj\BUTTON_Create.o             #
#                                                                             #
#                                                                             #
###############################################################################

C:\DUII\TargetHW\GUI\BUTTON_Create.c
      1          /*********************************************************************
      2          *                SEGGER Microcontroller GmbH & Co. KG                *
      3          *        Solutions for real time microcontroller applications        *
      4          **********************************************************************
      5          *                                                                    *
      6          *        (c) 1996 - 2010  SEGGER Microcontroller GmbH & Co. KG       *
      7          *                                                                    *
      8          *        Internet: www.segger.com    Support:  support@segger.com    *
      9          *                                                                    *
     10          **********************************************************************
     11          
     12          ** emWin V5.06 - Graphical user interface for embedded applications **
     13          emWin is protected by international copyright laws.   Knowledge of the
     14          source code may not be used to write a similar product.  This file may
     15          only be used in accordance with a license and should not be re-
     16          distributed in any way. We appreciate your understanding and fairness.
     17          ----------------------------------------------------------------------
     18          File        : BUTTON_Create.c
     19          Purpose     : Implementation of button widget
     20          ---------------------------END-OF-HEADER------------------------------
     21          */
     22          
     23          #include <stdlib.h>
     24          #include "BUTTON_Private.h"
     25          
     26          #if GUI_WINSUPPORT
     27          
     28          /*********************************************************************
     29          *
     30          *       public routines
     31          *
     32          **********************************************************************
     33          */
     34          /*********************************************************************
     35          *
     36          *       BUTTON_Create
     37          */

   \                                 In section .text, align 4, keep-with-next
     38          BUTTON_Handle BUTTON_Create(int x0, int y0, int xsize, int ysize, int Id, int Flags) {
   \                     BUTTON_Create:
   \   00000000   00402DE9           PUSH     {LR}
   \   00000004   14D04DE2           SUB      SP,SP,#+20
   \   00000008   18C09DE5           LDR      R12,[SP, #+24]
   \   0000000C   1CE09DE5           LDR      LR,[SP, #+28]
     39            return BUTTON_CreateEx(x0, y0, xsize, ysize, WM_HMEM_NULL, Flags, 0, Id);
   \   00000010   0CC08DE5           STR      R12,[SP, #+12]
   \   00000014   00C0A0E3           MOV      R12,#+0
   \   00000018   08C08DE5           STR      R12,[SP, #+8]
   \   0000001C   04E08DE5           STR      LR,[SP, #+4]
   \   00000020   00C08DE5           STR      R12,[SP, #+0]
   \   00000024   ........           BL       BUTTON_CreateEx
   \   00000028   14D08DE2           ADD      SP,SP,#+20       ;; stack cleaning
   \   0000002C   0080BDE8           POP      {PC}             ;; return
     40          }
     41          
     42          /*********************************************************************
     43          *
     44          *       BUTTON_CreateAsChild
     45          */

   \                                 In section .text, align 4, keep-with-next
     46          BUTTON_Handle BUTTON_CreateAsChild (int x0, int y0, int xsize, int ysize, WM_HWIN hParent, int Id, int Flags) {
   \                     BUTTON_CreateAsChild:
   \   00000000   10402DE9           PUSH     {R4,LR}
   \   00000004   10D04DE2           SUB      SP,SP,#+16
   \   00000008   1CE09DE5           LDR      LR,[SP, #+28]
   \   0000000C   18C09DE5           LDR      R12,[SP, #+24]
   \   00000010   20409DE5           LDR      R4,[SP, #+32]
     47            return BUTTON_CreateEx(x0, y0, xsize, ysize, hParent, Flags, 0, Id);
   \   00000014   0CE08DE5           STR      LR,[SP, #+12]
   \   00000018   00E0A0E3           MOV      LR,#+0
   \   0000001C   08E08DE5           STR      LR,[SP, #+8]
   \   00000020   04408DE5           STR      R4,[SP, #+4]
   \   00000024   00C08DE5           STR      R12,[SP, #+0]
   \   00000028   ........           BL       BUTTON_CreateEx
   \   0000002C   10D08DE2           ADD      SP,SP,#+16       ;; stack cleaning
   \   00000030   1080BDE8           POP      {R4,PC}          ;; return
     48          }
     49          
     50          #else                            /* Avoid problems with empty object modules */
     51            void BUTTON_Create_C(void) {}
     52          #endif /* GUI_WINSUPPORT */
     53          
     54          
     55          
     56          

   Maximum stack usage in bytes:

     Function             .cstack
     --------             -------
     BUTTON_Create            24
     BUTTON_CreateAsChild     24


   Section sizes:

     Function/Label       Bytes
     --------------       -----
     BUTTON_Create          48
     BUTTON_CreateAsChild   52

 
 100 bytes in section .text
 
 100 bytes of CODE memory

Errors: none
Warnings: none
