###############################################################################
#                                                                             #
# IAR ANSI C/C++ Compiler V6.10.2.52244/W32 for ARM     19/Nov/2015  13:11:43 #
# Copyright 1999-2010 IAR Systems AB.                                         #
#                                                                             #
#    Cpu mode     =  arm                                                      #
#    Endian       =  little                                                   #
#    Source file  =  C:\DUII\TargetHW\Setup\crc16table.c                      #
#    Command line =  C:\DUII\TargetHW\Setup\crc16table.c -D DEBUG=1 -D        #
#                    SDRAM_TARGET=1 -D USB_IS_HIGH_SPEED -D NOPROFILER -D     #
#                    OS_TRACE=0 -D OS_VIEW_ENABLE=0 -lCN                      #
#                    C:\DUII\TargetHW\Release\List\ -o                        #
#                    C:\DUII\TargetHW\Release\Obj\ --endian=little            #
#                    --cpu=ARM926EJ-S -e --fpu=None --dlib_config             #
#                    "C:\Program Files (x86)\IAR Systems\Embedded Workbench   #
#                    6.0\arm\INC\c\DLib_Config_Normal.h" -I                   #
#                    C:\DUII\TargetHW\Application\SEGGERDEMO\ -I              #
#                    C:\DUII\TargetHW\Application\SEGGERDEMO\Src\ -I          #
#                    C:\DUII\TargetHW\Config\ -I C:\DUII\TargetHW\FS\ -I      #
#                    C:\DUII\TargetHW\GUI\ -I C:\DUII\TargetHW\Inc\ -I        #
#                    C:\DUII\TargetHW\OS\ -I C:\DUII\TargetHW\Setup\ -I       #
#                    \DUII\DUII\ -I \DUII\DUII\Graphics\ --cpu_mode arm -Ohs  #
#                    --use_c++_inline --require_prototypes                    #
#    List file    =  C:\DUII\TargetHW\Release\List\crc16table.lst             #
#    Object file  =  C:\DUII\TargetHW\Release\Obj\crc16table.o                #
#                                                                             #
#                                                                             #
###############################################################################

C:\DUII\TargetHW\Setup\crc16table.c
      1          //------------------------------------------------------------------------------------
      2          // crc16table.c
      3          //------------------------------------------------------------------------------------
      4          // Copyright 2004 Track Systems, LLC
      5          //
      6          // AUTH: GAS
      7          // DATE: 18 AUG 04
      8          //
      9          // This file contains the polynomial definitions for 16 bit CRC calculations.
     10          //

   \                                 In section .data, align 4
     11          unsigned short crc16_table[] = {
   \                     crc16_table:
   \   00000000   0000C1C081C1       DC16 0, 49345, 49537, 320, 49921, 960, 640, 49729, 50689, 1728, 1920
   \              400101C3C003
   \              800241C201C6
   \              C0068007    
   \   00000016   41C70005C1C5       DC16 51009, 1280, 50625, 50305, 1088, 52225, 3264, 3456, 52545, 3840
   \              81C4400401CC
   \              C00C800D41CD
   \              000F        
   \   0000002A   C1CF81CE400E       DC16 53185, 52865, 3648, 2560, 51905, 52097, 2880, 51457, 2496, 2176
   \              000AC1CA81CB
   \              400B01C9C009
   \              8008        
   \   0000003E   41C801D8C018       DC16 51265, 55297, 6336, 6528, 55617, 6912, 56257, 55937, 6720, 7680
   \              801941D9001B
   \              C1DB81DA401A
   \              001E        
   \   00000052   C1DE81DF401F       DC16 57025, 57217, 8000, 56577, 7616, 7296, 56385, 5120, 54465, 54657
   \              01DDC01D801C
   \              41DC0014C1D4
   \              81D5        
   \   00000066   401501D7C017       DC16 5440, 55041, 6080, 5760, 54849, 53761, 4800, 4992, 54081, 4352
   \              801641D601D2
   \              C012801341D3
   \              0011        
   \   0000007A   C1D181D04010       DC16 53697, 53377, 4160, 61441, 12480, 12672, 61761, 13056, 62401
   \              01F0C0308031
   \              41F10033C1F3
   \   0000008C   81F240320036       DC16 62081, 12864, 13824, 63169, 63361, 14144, 62721, 13760, 13440
   \              C1F681F74037
   \              01F5C0358034
   \   0000009E   41F4003CC1FC       DC16 62529, 15360, 64705, 64897, 15680, 65281, 16320, 16000, 65089
   \              81FD403D01FF
   \              C03F803E41FE
   \   000000B0   01FAC03A803B       DC16 64001, 15040, 15232, 64321, 14592, 63937, 63617, 14400, 10240
   \              41FB0039C1F9
   \              81F840380028
   \   000000C2   C1E881E94029       DC16 59585, 59777, 10560, 60161, 11200, 10880, 59969, 60929, 11968
   \              01EBC02B802A
   \              41EA01EEC02E
   \   000000D4   802F41EF002D       DC16 12160, 61249, 11520, 60865, 60545, 11328, 58369, 9408, 9600, 58689
   \              C1ED81EC402C
   \              01E4C0248025
   \              41E5        
   \   000000E8   0027C1E781E6       DC16 9984, 59329, 59009, 9792, 8704, 58049, 58241, 9024, 57601, 8640
   \              40260022C1E2
   \              81E3402301E1
   \              C021        
   \   000000FC   802041E001A0       DC16 8320, 57409, 40961, 24768, 24960, 41281, 25344, 41921, 41601
   \              C060806141A1
   \              0063C1A381A2
   \   0000010E   40620066C1A6       DC16 25152, 26112, 42689, 42881, 26432, 42241, 26048, 25728, 42049
   \              81A7406701A5
   \              C065806441A4
   \   00000120   006CC1AC81AD       DC16 27648, 44225, 44417, 27968, 44801, 28608, 28288, 44609, 43521
   \              406D01AFC06F
   \              806E41AE01AA
   \   00000132   C06A806B41AB       DC16 27328, 27520, 43841, 26880, 43457, 43137, 26688, 30720, 47297
   \              0069C1A981A8
   \              40680078C1B8
   \   00000144   81B9407901BB       DC16 47489, 31040, 47873, 31680, 31360, 47681, 48641, 32448, 32640
   \              C07B807A41BA
   \              01BEC07E807F
   \   00000156   41BF007DC1BD       DC16 48961, 32000, 48577, 48257, 31808, 46081, 29888, 30080, 46401
   \              81BC407C01B4
   \              C074807541B5
   \   00000168   0077C1B781B6       DC16 30464, 47041, 46721, 30272, 29184, 45761, 45953, 29504, 45313
   \              40760072C1B2
   \              81B3407301B1
   \   0000017A   C071807041B0       DC16 29120, 28800, 45121, 20480, 37057, 37249, 20800, 37633, 21440
   \              0050C1908191
   \              40510193C053
   \   0000018C   805241920196       DC16 21120, 37441, 38401, 22208, 22400, 38721, 21760, 38337, 38017
   \              C05680574197
   \              0055C1958194
   \   0000019E   4054019CC05C       DC16 21568, 39937, 23744, 23936, 40257, 24320, 40897, 40577, 24128
   \              805D419D005F
   \              C19F819E405E
   \   000001B0   005AC19A819B       DC16 23040, 39617, 39809, 23360, 39169, 22976, 22656, 38977, 34817
   \              405B0199C059
   \              805841980188
   \   000001C2   C04880494189       DC16 18624, 18816, 35137, 19200, 35777, 35457, 19008, 19968, 36545
   \              004BC18B818A
   \              404A004EC18E
   \   000001D4   818F404F018D       DC16 36737, 20288, 36097, 19904, 19584, 35905, 17408, 33985, 34177
   \              C04D804C418C
   \              0044C1848185
   \   000001E6   40450187C047       DC16 17728, 34561, 18368, 18048, 34369, 33281, 17088, 17280, 33601
   \              804641860182
   \              C04280434183
   \   000001F8   0041C1818180       DC16 16640, 33217, 32897, 16448
   \              4040        
     12          0x0000, 0xC0C1, 0xC181, 0x0140, 0xC301, 0x03C0, 0x0280, 0xC241, 0xC601, 0x06C0, 0x0780, 0xC741, 0x0500, 0xC5C1, 0xC481, 0x0440,
     13          0xCC01, 0x0CC0, 0x0D80, 0xCD41, 0x0F00, 0xCFC1, 0xCE81, 0x0E40, 0x0A00, 0xCAC1, 0xCB81, 0x0B40, 0xC901, 0x09C0, 0x0880, 0xC841,
     14          0xD801, 0x18C0, 0x1980, 0xD941, 0x1B00, 0xDBC1, 0xDA81, 0x1A40, 0x1E00, 0xDEC1, 0xDF81, 0x1F40, 0xDD01, 0x1DC0, 0x1C80, 0xDC41,
     15          0x1400, 0xD4C1, 0xD581, 0x1540, 0xD701, 0x17C0, 0x1680, 0xD641, 0xD201, 0x12C0, 0x1380, 0xD341, 0x1100, 0xD1C1, 0xD081, 0x1040,
     16          0xF001, 0x30C0, 0x3180, 0xF141, 0x3300, 0xF3C1, 0xF281, 0x3240, 0x3600, 0xF6C1, 0xF781, 0x3740, 0xF501, 0x35C0, 0x3480, 0xF441,
     17          0x3C00, 0xFCC1, 0xFD81, 0x3D40, 0xFF01, 0x3FC0, 0x3E80, 0xFE41, 0xFA01, 0x3AC0, 0x3B80, 0xFB41, 0x3900, 0xF9C1, 0xF881, 0x3840,
     18          0x2800, 0xE8C1, 0xE981, 0x2940, 0xEB01, 0x2BC0, 0x2A80, 0xEA41, 0xEE01, 0x2EC0, 0x2F80, 0xEF41, 0x2D00, 0xEDC1, 0xEC81, 0x2C40,
     19          0xE401, 0x24C0, 0x2580, 0xE541, 0x2700, 0xE7C1, 0xE681, 0x2640, 0x2200, 0xE2C1, 0xE381, 0x2340, 0xE101, 0x21C0, 0x2080, 0xE041,
     20          0xA001, 0x60C0, 0x6180, 0xA141, 0x6300, 0xA3C1, 0xA281, 0x6240, 0x6600, 0xA6C1, 0xA781, 0x6740, 0xA501, 0x65C0, 0x6480, 0xA441,
     21          0x6C00, 0xACC1, 0xAD81, 0x6D40, 0xAF01, 0x6FC0, 0x6E80, 0xAE41, 0xAA01, 0x6AC0, 0x6B80, 0xAB41, 0x6900, 0xA9C1, 0xA881, 0x6840,
     22          0x7800, 0xB8C1, 0xB981, 0x7940, 0xBB01, 0x7BC0, 0x7A80, 0xBA41, 0xBE01, 0x7EC0, 0x7F80, 0xBF41, 0x7D00, 0xBDC1, 0xBC81, 0x7C40,
     23          0xB401, 0x74C0, 0x7580, 0xB541, 0x7700, 0xB7C1, 0xB681, 0x7640, 0x7200, 0xB2C1, 0xB381, 0x7340, 0xB101, 0x71C0, 0x7080, 0xB041,
     24          0x5000, 0x90C1, 0x9181, 0x5140, 0x9301, 0x53C0, 0x5280, 0x9241, 0x9601, 0x56C0, 0x5780, 0x9741, 0x5500, 0x95C1, 0x9481, 0x5440,
     25          0x9C01, 0x5CC0, 0x5D80, 0x9D41, 0x5F00, 0x9FC1, 0x9E81, 0x5E40, 0x5A00, 0x9AC1, 0x9B81, 0x5B40, 0x9901, 0x59C0, 0x5880, 0x9841,
     26          0x8801, 0x48C0, 0x4980, 0x8941, 0x4B00, 0x8BC1, 0x8A81, 0x4A40, 0x4E00, 0x8EC1, 0x8F81, 0x4F40, 0x8D01, 0x4DC0, 0x4C80, 0x8C41,
     27          0x4400, 0x84C1, 0x8581, 0x4540, 0x8701, 0x47C0, 0x4680, 0x8641, 0x8201, 0x42C0, 0x4380, 0x8341, 0x4100, 0x81C1, 0x8081, 0x4040
     28          };


   Section sizes:

     Function/Label Bytes
     -------------- -----
     crc16_table     512

 
 512 bytes in section .data
 
 512 bytes of DATA memory

Errors: none
Warnings: none
