###############################################################################
#                                                                             #
# IAR ANSI C/C++ Compiler V6.10.2.52244/W32 for ARM     19/Nov/2015  13:10:46 #
# Copyright 1999-2010 IAR Systems AB.                                         #
#                                                                             #
#    Cpu mode     =  arm                                                      #
#    Endian       =  little                                                   #
#    Source file  =  C:\DUII\DUII\Graphics\DarkIcon.c                         #
#    Command line =  C:\DUII\DUII\Graphics\DarkIcon.c -D DEBUG=1 -D           #
#                    SDRAM_TARGET=1 -D USB_IS_HIGH_SPEED -D NOPROFILER -D     #
#                    OS_TRACE=0 -D OS_VIEW_ENABLE=0 -lCN                      #
#                    C:\DUII\TargetHW\Release\List\ -o                        #
#                    C:\DUII\TargetHW\Release\Obj\ --endian=little            #
#                    --cpu=ARM926EJ-S -e --fpu=None --dlib_config             #
#                    "C:\Program Files (x86)\IAR Systems\Embedded Workbench   #
#                    6.0\arm\INC\c\DLib_Config_Normal.h" -I                   #
#                    C:\DUII\TargetHW\Application\SEGGERDEMO\ -I              #
#                    C:\DUII\TargetHW\Application\SEGGERDEMO\Src\ -I          #
#                    C:\DUII\TargetHW\Config\ -I C:\DUII\TargetHW\FS\ -I      #
#                    C:\DUII\TargetHW\GUI\ -I C:\DUII\TargetHW\Inc\ -I        #
#                    C:\DUII\TargetHW\OS\ -I C:\DUII\TargetHW\Setup\ -I       #
#                    \DUII\DUII\ -I \DUII\DUII\Graphics\ --cpu_mode arm -Ohs  #
#                    --use_c++_inline --require_prototypes                    #
#    List file    =  C:\DUII\TargetHW\Release\List\DarkIcon.lst               #
#    Object file  =  C:\DUII\TargetHW\Release\Obj\DarkIcon.o                  #
#                                                                             #
#                                                                             #
###############################################################################

C:\DUII\DUII\Graphics\DarkIcon.c
      1          /*********************************************************************
      2          *                SEGGER MICROCONTROLLER SYSTEME GmbH                 *
      3          *        Solutions for real time microcontroller applications        *
      4          *                           www.segger.com                           *
      5          **********************************************************************
      6          *
      7          * C-file generated by
      8          *
      9          *        Bitmap converter for emWin V5.04.
     10          *        Compiled Jan  8 2010, 16:37:17
     11          *        (C) 1998 - 2005 Segger Microcontroller Systeme GmbH
     12          *
     13          **********************************************************************
     14          *
     15          * Source file: DarkIcon
     16          * Dimensions:  35 * 35
     17          * NumColors:   137
     18          *
     19          **********************************************************************
     20          */
     21          
     22          #include <stdlib.h>
     23          
     24          #include "GUI.h"
     25          
     26          #ifndef GUI_CONST_STORAGE
     27            #define GUI_CONST_STORAGE const
     28          #endif
     29          
     30          /*   Palette
     31          The following are the entries of the palette table.
     32          Every entry is a 32-bit value (of which 24 bits are actually used)
     33          the lower   8 bits represent the Red component,
     34          the middle  8 bits represent the Green component,
     35          the highest 8 bits (of the 24 bits used) represent the Blue component
     36          as follows:   0xBBGGRR
     37          */
     38          

   \                                 In section .rodata, align 4, keep-with-next
     39          static GUI_CONST_STORAGE GUI_COLOR ColorsDarkIcon[] = {
   \                     ColorsDarkIcon:
   \   00000000                      ; Initializer data, 548 bytes
   \   00000000   FFFFFF00FCFC       DC32 16777215, 16579836, 16711422, 16645629, 0, 16645373, 1184274, 11645361, 14803425, 6447714
   \              FC00FEFEFE00
   \              FDFDFD000000
   \              0000FDFCFD00
   \              12121200B1B1
   \              B100E1E1E100
   \              62626200    
   \   00000028   7D7D7D005E5E       DC32 8224125, 6184542, 15658734, 15724527, 15790320, 15856113, 15921906, 921102, 3487029, 4868682
   \              5E00EEEEEE00
   \              EFEFEF00F0F0
   \              F000F1F1F100
   \              F2F2F2000E0E
   \              0E0035353500
   \              4A4A4A00    
   \   00000050   4D4D4D005959       DC32 5066061, 5855577, 6250335, 8158332, 11382189, 14671839, 15592941, 65793, 263172, 986895
   \              59005F5F5F00
   \              7C7C7C00ADAD
   \              AD00DFDFDF00
   \              EDEDED000101
   \              010004040400
   \              0F0F0F00    
   \   00000078   191919002727       DC32 1644825, 2565927, 2631720, 4276545, 4802889, 4934475, 5000268, 5987163, 6118749, 6842472
   \              270028282800
   \              414141004949
   \              49004B4B4B00
   \              4C4C4C005B5B
   \              5B005D5D5D00
   \              68686800    
   \   000000A0   6B6B6B007B7B       DC32 7039851, 8092539, 8289918, 8421504, 9276813, 11513775, 13421772, 13750737, 13816530, 14869218
   \              7B007E7E7E00
   \              808080008D8D
   \              8D00AFAFAF00
   \              CCCCCC00D1D1
   \              D100D2D2D200
   \              E2E2E200    
   \   000000C8   E3E3E300ECEC       DC32 14935011, 15527148, 15987699, 16316664, 131586, 328965, 460551, 526344, 592137, 855309
   \              EC00F3F3F300
   \              F8F8F8000202
   \              020005050500
   \              070707000808
   \              080009090900
   \              0D0D0D00    
   \   000000F0   131313001414       DC32 1250067, 1315860, 1447446, 1579032, 2302755, 2500134, 2763306, 3026478, 4144959, 4605510
   \              140016161600
   \              181818002323
   \              230026262600
   \              2A2A2A002E2E
   \              2E003F3F3F00
   \              46464600    
   \   00000118   4E4E4E005454       DC32 5131854, 5526612, 5658198, 5723991, 5921370, 6052956, 6316128, 6381921, 6513507, 6579300
   \              540056565600
   \              575757005A5A
   \              5A005C5C5C00
   \              606060006161
   \              610063636300
   \              64646400    
   \   00000140   656565006767       DC32 6645093, 6776679, 7631988, 7763574, 7960953, 8026746, 8355711, 8487297, 8684676, 9013641
   \              670074747400
   \              767676007979
   \              79007A7A7A00
   \              7F7F7F008181
   \              810084848400
   \              89898900    
   \   00000168   8A8A8A008F8F       DC32 9079434, 9408399, 9868950, 9934743, 10000536, 10395294, 10461087, 10592673, 10658466, 10724259
   \              8F0096969600
   \              979797009898
   \              98009E9E9E00
   \              9F9F9F00A1A1
   \              A100A2A2A200
   \              A3A3A300    
   \   00000190   A4A3A300AAAA       DC32 10724260, 11184810, 11250603, 11316396, 11776947, 11842740, 12303291, 12369084, 12434877, 12500670
   \              AA00ABABAB00
   \              ACACAC00B3B3
   \              B300B4B4B400
   \              BBBBBB00BCBC
   \              BC00BDBDBD00
   \              BEBEBE00    
   \   000001B8   C0C0C000C1C1       DC32 12632256, 12698049, 12895428, 13158600, 13224394, 13355979, 13487565, 13882323, 14013909, 14277082
   \              C100C4C4C400
   \              C8C8C800CAC9
   \              C900CBCBCB00
   \              CDCDCD00D3D3
   \              D300D5D5D500
   \              DAD9D900    
   \   000001E0   DCDCDC00DEDE       DC32 14474460, 14606046, 14737632, 14803682, 15132390, 15132391, 15263976, 15395562, 15461355, 16119285
   \              DE00E0E0E000
   \              E2E2E100E6E6
   \              E600E7E6E600
   \              E8E8E800EAEA
   \              EA00EBEBEB00
   \              F5F5F500    
   \   00000208   F9F9F900FAF9       DC32 16382457, 16447994, 16448250, 16514044, 16645630, 16711423, 16776959
   \              FA00FAFAFA00
   \              FCFBFB00FEFD
   \              FD00FFFEFE00
   \              FFFEFF00    
     40               0xFFFFFF,0xFCFCFC,0xFEFEFE,0xFDFDFD
     41              ,0x000000,0xFDFCFD,0x121212,0xB1B1B1
     42              ,0xE1E1E1,0x626262,0x7D7D7D,0x5E5E5E
     43              ,0xEEEEEE,0xEFEFEF,0xF0F0F0,0xF1F1F1
     44              ,0xF2F2F2,0x0E0E0E,0x353535,0x4A4A4A
     45              ,0x4D4D4D,0x595959,0x5F5F5F,0x7C7C7C
     46              ,0xADADAD,0xDFDFDF,0xEDEDED,0x010101
     47              ,0x040404,0x0F0F0F,0x191919,0x272727
     48              ,0x282828,0x414141,0x494949,0x4B4B4B
     49              ,0x4C4C4C,0x5B5B5B,0x5D5D5D,0x686868
     50              ,0x6B6B6B,0x7B7B7B,0x7E7E7E,0x808080
     51              ,0x8D8D8D,0xAFAFAF,0xCCCCCC,0xD1D1D1
     52              ,0xD2D2D2,0xE2E2E2,0xE3E3E3,0xECECEC
     53              ,0xF3F3F3,0xF8F8F8,0x020202,0x050505
     54              ,0x070707,0x080808,0x090909,0x0D0D0D
     55              ,0x131313,0x141414,0x161616,0x181818
     56              ,0x232323,0x262626,0x2A2A2A,0x2E2E2E
     57              ,0x3F3F3F,0x464646,0x4E4E4E,0x545454
     58              ,0x565656,0x575757,0x5A5A5A,0x5C5C5C
     59              ,0x606060,0x616161,0x636363,0x646464
     60              ,0x656565,0x676767,0x747474,0x767676
     61              ,0x797979,0x7A7A7A,0x7F7F7F,0x818181
     62              ,0x848484,0x898989,0x8A8A8A,0x8F8F8F
     63              ,0x969696,0x979797,0x989898,0x9E9E9E
     64              ,0x9F9F9F,0xA1A1A1,0xA2A2A2,0xA3A3A3
     65              ,0xA3A3A4,0xAAAAAA,0xABABAB,0xACACAC
     66              ,0xB3B3B3,0xB4B4B4,0xBBBBBB,0xBCBCBC
     67              ,0xBDBDBD,0xBEBEBE,0xC0C0C0,0xC1C1C1
     68              ,0xC4C4C4,0xC8C8C8,0xC9C9CA,0xCBCBCB
     69              ,0xCDCDCD,0xD3D3D3,0xD5D5D5,0xD9D9DA
     70              ,0xDCDCDC,0xDEDEDE,0xE0E0E0,0xE1E2E2
     71              ,0xE6E6E6,0xE6E6E7,0xE8E8E8,0xEAEAEA
     72              ,0xEBEBEB,0xF5F5F5,0xF9F9F9,0xFAF9FA
     73              ,0xFAFAFA,0xFBFBFC,0xFDFDFE,0xFEFEFF
     74              ,0xFFFEFF
     75          };
     76          

   \                                 In section .rodata, align 4, keep-with-next
     77          static GUI_CONST_STORAGE GUI_LOGPALETTE PalDarkIcon = {
   \                     PalDarkIcon:
   \   00000000                      ; Initializer data, 12 bytes
   \   00000000   89000000           DC32 137
   \   00000004   00000000           DC8 0, 0, 0, 0
   \   00000008   ........           DC32 ColorsDarkIcon
     78            137,	/* number of entries */
     79            0, 	/* No transparency */
     80            &ColorsDarkIcon[0]
     81          };
     82          

   \                                 In section .rodata, align 4, keep-with-next
     83          static GUI_CONST_STORAGE unsigned char acDarkIcon[] = {
   \                     acDarkIcon:
   \   00000000                      ; Initializer data, 1228 bytes
   \   00000000   000000000000       DC8 0, 0, 0, 0, 0, 0, 0, 0, 0, 0
   \              00000000    
   \   0000000A   000000000000       DC8 0, 0, 0, 0, 0, 0, 0, 3, 2, 0
   \              00030200    
   \   00000014   000000000000       DC8 0, 0, 0, 0, 0, 0, 0, 0, 0, 0
   \              00000000    
   \   0000001E   000000000000       DC8 0, 0, 0, 0, 0, 0, 0, 0, 0, 0
   \              00000000    
   \   00000028   000000000000       DC8 0, 0, 0, 0, 0, 0, 0, 0, 0, 0
   \              00000000    
   \   00000032   007C21270100       DC8 0, 124, 33, 39, 1, 0, 0, 0, 0, 0
   \              00000000    
   \   0000003C   000000000000       DC8 0, 0, 0, 0, 0, 0, 0, 0, 0, 0
   \              00000000    
   \   00000046   000000000000       DC8 0, 0, 0, 0, 0, 0, 0, 0, 0, 0
   \              00000000    
   \   00000050   000000000000       DC8 0, 0, 0, 0, 0, 0, 45, 4, 17, 8
   \              2D041108    
   \   0000005A   000000000000       DC8 0, 0, 0, 0, 0, 0, 0, 0, 0, 0
   \              00000000    
   \   00000064   000000000000       DC8 0, 0, 0, 0, 0, 0, 0, 0, 0, 0
   \              00000000    
   \   0000006E   000000000000       DC8 0, 0, 0, 0, 0, 0, 0, 0, 0, 0
   \              00000000    
   \   00000078   000704063100       DC8 0, 7, 4, 6, 49, 0, 0, 0, 0, 0
   \              00000000    
   \   00000082   000000000000       DC8 0, 0, 0, 0, 0, 0, 0, 0, 0, 0
   \              00000000    
   \   0000008C   020202020202       DC8 2, 2, 2, 2, 2, 2, 0, 0, 0, 0
   \              00000000    
   \   00000096   020202020200       DC8 2, 2, 2, 2, 2, 0, 7, 4, 6, 123
   \              0704067B    
   \   000000A0   000202020202       DC8 0, 2, 2, 2, 2, 2, 0, 0, 0, 2
   \              00000002    
   \   000000AA   020202020202       DC8 2, 2, 2, 2, 2, 2, 2, 2, 2, 2
   \              02020202    
   \   000000B4   007E092C0000       DC8 0, 126, 9, 44, 0, 0, 2, 2, 2, 2
   \              02020202    
   \   000000BE   000704060800       DC8 0, 7, 4, 6, 8, 0, 2, 2, 2, 2
   \              02020202    
   \   000000C8   001A28570100       DC8 0, 26, 40, 87, 1, 0, 2, 2, 2, 2
   \              02020202    
   \   000000D2   020202020200       DC8 2, 2, 2, 2, 2, 0, 24, 4, 4, 86
   \              18040456    
   \   000000DC   000002020200       DC8 0, 0, 2, 2, 2, 0, 24, 4, 17, 25
   \              18041119    
   \   000000E6   000202020010       DC8 0, 2, 2, 2, 0, 16, 20, 4, 63, 25
   \              14043F19    
   \   000000F0   000202020202       DC8 0, 2, 2, 2, 2, 2, 2, 2, 2, 2
   \              02020202    
   \   000000FA   000F46040455       DC8 0, 15, 70, 4, 4, 85, 0, 0, 2, 2
   \              00000202    
   \   00000104   002E1D120F00       DC8 0, 46, 29, 18, 15, 0, 2, 2, 0, 12
   \              0202000C    
   \   0000010E   2304040A0000       DC8 35, 4, 4, 10, 0, 0, 2, 2, 2, 2
   \              02020202    
   \   00000118   020202020202       DC8 2, 2, 2, 2, 2, 2, 0, 15, 35, 4
   \              000F2304    
   \   00000122   040A00000202       DC8 4, 10, 0, 0, 2, 2, 0, 48, 8, 0
   \              00300800    
   \   0000012C   0202000D1304       DC8 2, 2, 0, 13, 19, 4, 4, 10, 0, 0
   \              040A0000    
   \   00000136   020202020202       DC8 2, 2, 2, 2, 2, 2, 2, 2, 2, 2
   \              02020202    
   \   00000140   0202000C2204       DC8 2, 2, 0, 12, 34, 4, 54, 105, 0, 2
   \              36690002    
   \   0000014A   000000000000       DC8 0, 0, 0, 0, 0, 0, 2, 0, 84, 4
   \              02005404    
   \   00000154   042900000202       DC8 4, 41, 0, 0, 2, 2, 2, 2, 2, 2
   \              02020202    
   \   0000015E   020202020202       DC8 2, 2, 2, 2, 2, 2, 2, 2, 0, 12
   \              0202000C    
   \   00000168   47402F000034       DC8 71, 64, 47, 0, 0, 52, 109, 96, 99, 115
   \              6D606373    
   \   00000172   85000061062B       DC8 133, 0, 0, 97, 6, 43, 0, 0, 2, 2
   \              00000202    
   \   0000017C   020202020202       DC8 2, 2, 2, 2, 2, 2, 2, 2, 2, 2
   \              02020202    
   \   00000186   020202020035       DC8 2, 2, 2, 2, 0, 53, 16, 0, 0, 101
   \              10000065    
   \   00000190   430404041C22       DC8 67, 4, 4, 4, 28, 34, 116, 0, 2, 14
   \              7400020E    
   \   0000019A   030002020202       DC8 3, 0, 2, 2, 2, 2, 2, 2, 2, 2
   \              02020202    
   \   000001A4   020202020202       DC8 2, 2, 2, 2, 2, 2, 2, 2, 2, 2
   \              02020202    
   \   000001AE   0200005B1B04       DC8 2, 0, 0, 91, 27, 4, 55, 4, 4, 4
   \              37040404    
   \   000001B8   043D6C000002       DC8 4, 61, 108, 0, 0, 2, 2, 2, 2, 2
   \              02020202    
   \   000001C2   020202020202       DC8 2, 2, 2, 2, 2, 2, 2, 2, 0, 0
   \              02020000    
   \   000001CC   000000000202       DC8 0, 0, 0, 0, 2, 2, 0, 111, 57, 4
   \              006F3904    
   \   000001D6   040404040404       DC8 4, 4, 4, 4, 4, 4, 4, 32, 128, 0
   \              04208000    
   \   000001E0   020200000000       DC8 2, 2, 0, 0, 0, 0, 0, 0, 2, 2
   \              00000202    
   \   000001EA   020200000000       DC8 2, 2, 0, 0, 0, 0, 0, 0, 0, 0
   \              00000000    
   \   000001F4   000015040404       DC8 0, 0, 21, 4, 4, 4, 4, 4, 4, 4
   \              04040404    
   \   000001FE   0404045D0002       DC8 4, 4, 4, 93, 0, 2, 0, 0, 0, 0
   \              00000000    
   \   00000208   000000020202       DC8 0, 0, 0, 2, 2, 2, 0, 120, 40, 76
   \              0078284C    
   \   00000212   090916277500       DC8 9, 9, 22, 39, 117, 0, 26, 31, 4, 4
   \              1A1F0404    
   \   0000021C   040404040404       DC8 4, 4, 4, 4, 4, 4, 4, 4, 37, 0
   \              04042500    
   \   00000226   0007164D0909       DC8 0, 7, 22, 77, 9, 9, 38, 88, 129, 0
   \              26588100    
   \   00000230   02005A040404       DC8 2, 0, 90, 4, 4, 4, 4, 4, 4, 82
   \              04040452    
   \   0000023A   00323E040404       DC8 0, 50, 62, 4, 4, 4, 4, 4, 4, 4
   \              04040404    
   \   00000244   040404450000       DC8 4, 4, 4, 69, 0, 0, 18, 4, 4, 4
   \              12040404    
   \   0000024E   04043A700086       DC8 4, 4, 58, 112, 0, 134, 0, 119, 80, 75
   \              0077504B    
   \   00000258   0B0B254F3000       DC8 11, 11, 37, 79, 48, 0, 51, 65, 4, 4
   \              33410404    
   \   00000262   040404040404       DC8 4, 4, 4, 4, 4, 4, 4, 4, 74, 0
   \              04044A00    
   \   0000026C   002D15260B0B       DC8 0, 45, 21, 38, 11, 11, 21, 23, 52, 0
   \              15173400    
   \   00000276   030300000000       DC8 3, 3, 0, 0, 0, 0, 0, 0, 0, 2
   \              00000002    
   \   00000280   000049040404       DC8 0, 0, 73, 4, 4, 4, 4, 4, 4, 4
   \              04040404    
   \   0000028A   0404045C0003       DC8 4, 4, 4, 92, 0, 3, 0, 0, 0, 0
   \              00000000    
   \   00000294   000000020303       DC8 0, 0, 0, 2, 3, 3, 3, 3, 0, 0
   \              03030000    
   \   0000029E   000000000303       DC8 0, 0, 0, 0, 3, 3, 0, 110, 56, 4
   \              006E3804    
   \   000002A8   040404040404       DC8 4, 4, 4, 4, 4, 4, 4, 31, 127, 0
   \              041F7F00    
   \   000002B2   030300000000       DC8 3, 3, 0, 0, 0, 0, 0, 2, 3, 3
   \              00020303    
   \   000002BC   030303030303       DC8 3, 3, 3, 3, 3, 3, 3, 3, 3, 3
   \              03030303    
   \   000002C6   0200002C0404       DC8 2, 0, 0, 44, 4, 4, 4, 4, 4, 4
   \              04040404    
   \   000002D0   043C6B000002       DC8 4, 60, 107, 0, 0, 2, 3, 3, 3, 3
   \              03030303    
   \   000002DA   030303030303       DC8 3, 3, 3, 3, 3, 3, 3, 3, 3, 3
   \              03030303    
   \   000002E4   030303030035       DC8 3, 3, 3, 3, 0, 53, 16, 0, 0, 100
   \              10000064    
   \   000002EE   200404041C21       DC8 32, 4, 4, 4, 28, 33, 114, 0, 2, 13
   \              7200020D    
   \   000002F8   030003030303       DC8 3, 0, 3, 3, 3, 3, 3, 3, 3, 3
   \              03030303    
   \   00000302   030303030303       DC8 3, 3, 3, 3, 3, 3, 3, 3, 0, 26
   \              0303001A    
   \   0000030C   48422F00000E       DC8 72, 66, 47, 0, 0, 14, 106, 94, 95, 113
   \              6A5E5F71    
   \   00000316   840000621E2B       DC8 132, 0, 0, 98, 30, 43, 0, 0, 3, 3
   \              00000303    
   \   00000320   030303030303       DC8 3, 3, 3, 3, 3, 3, 3, 3, 3, 3
   \              03030303    
   \   0000032A   0303000D1304       DC8 3, 3, 0, 13, 19, 4, 27, 104, 0, 3
   \              1B680003    
   \   00000334   000000000000       DC8 0, 0, 0, 0, 0, 0, 3, 0, 83, 4
   \              03005304    
   \   0000033E   041700000303       DC8 4, 23, 0, 0, 3, 3, 3, 3, 3, 3
   \              03030303    
   \   00000348   030303030303       DC8 3, 3, 3, 3, 3, 3, 0, 16, 36, 4
   \              00102404    
   \   00000352   041700020303       DC8 4, 23, 0, 2, 3, 3, 0, 118, 50, 0
   \              00763200    
   \   0000035C   0303000C1304       DC8 3, 3, 0, 12, 19, 4, 4, 42, 0, 0
   \              042A0000    
   \   00000366   030303030303       DC8 3, 3, 3, 3, 3, 3, 3, 3, 3, 3
   \              03030303    
   \   00000370   000E14040429       DC8 0, 14, 20, 4, 4, 41, 0, 0, 3, 3
   \              00000303    
   \   0000037A   002E1D120E00       DC8 0, 46, 29, 18, 14, 0, 3, 3, 0, 13
   \              0303000D    
   \   00000384   1404040A0000       DC8 20, 4, 4, 10, 0, 0, 3, 3, 3, 3
   \              03030303    
   \   0000038E   030303030300       DC8 3, 3, 3, 3, 3, 0, 102, 4, 4, 10
   \              6604040A    
   \   00000398   000003030300       DC8 0, 0, 3, 3, 3, 0, 103, 4, 59, 25
   \              67043B19    
   \   000003A2   00030303000F       DC8 0, 3, 3, 3, 0, 15, 36, 4, 30, 121
   \              24041E79    
   \   000003AC   000303030305       DC8 0, 3, 3, 3, 3, 5, 5, 5, 5, 5
   \              05050505    
   \   000003B6   007D16590087       DC8 0, 125, 22, 89, 0, 135, 5, 5, 5, 5
   \              05050505    
   \   000003C0   000704060800       DC8 0, 7, 4, 6, 8, 0, 5, 5, 5, 5
   \              05050505    
   \   000003CA   00334E2A8388       DC8 0, 51, 78, 42, 131, 136, 5, 5, 5, 5
   \              05050505    
   \   000003D4   010101010101       DC8 1, 1, 1, 1, 1, 1, 2, 0, 0, 3
   \              02000003    
   \   000003DE   010101010100       DC8 1, 1, 1, 1, 1, 0, 7, 4, 6, 8
   \              07040608    
   \   000003E8   000101010101       DC8 0, 1, 1, 1, 1, 1, 2, 0, 0, 3
   \              02000003    
   \   000003F2   010101010101       DC8 1, 1, 1, 1, 1, 1, 1, 1, 1, 1
   \              01010101    
   \   000003FC   010103030101       DC8 1, 1, 3, 3, 1, 1, 1, 1, 1, 1
   \              01010101    
   \   00000406   000704060800       DC8 0, 7, 4, 6, 8, 0, 1, 1, 1, 1
   \              01010101    
   \   00000410   010103030101       DC8 1, 1, 3, 3, 1, 1, 1, 1, 1, 1
   \              01010101    
   \   0000041A   010101010101       DC8 1, 1, 1, 1, 1, 1, 1, 1, 1, 1
   \              01010101    
   \   00000424   010101010100       DC8 1, 1, 1, 1, 1, 0, 24, 4, 17, 122
   \              1804117A    
   \   0000042E   000101010101       DC8 0, 1, 1, 1, 1, 1, 1, 1, 1, 1
   \              01010101    
   \   00000438   010101010101       DC8 1, 1, 1, 1, 1, 1, 1, 1, 1, 1
   \              01010101    
   \   00000442   010101010101       DC8 1, 1, 1, 1, 1, 1, 1, 1, 1, 1
   \              01010101    
   \   0000044C   003144518202       DC8 0, 49, 68, 81, 130, 2, 1, 1, 1, 1
   \              01010101    
   \   00000456   010101010101       DC8 1, 1, 1, 1, 1, 1, 1, 1, 1, 1
   \              01010101    
   \   00000460   010101010101       DC8 1, 1, 1, 1, 1, 1, 1, 1, 1, 1
   \              01010101    
   \   0000046A   010101010101       DC8 1, 1, 1, 1, 1, 1, 3, 1, 3, 3
   \              03010303    
   \   00000474   010101010101       DC8 1, 1, 1, 1, 1, 1, 1, 1, 1, 1
   \              01010101    
   \   0000047E   010101010101       DC8 1, 1, 1, 1, 1, 1, 1, 1, 1, 1
   \              01010101    
   \   00000488   010101010101       DC8 1, 1, 1, 1, 1, 1, 1, 1, 1, 1
   \              01010101    
   \   00000492   010103030101       DC8 1, 1, 3, 3, 1, 1, 1, 1, 1, 1
   \              01010101    
   \   0000049C   010101010101       DC8 1, 1, 1, 1, 1, 1, 1, 1, 1, 1
   \              01010101    
   \   000004A6   010101010101       DC8 1, 1, 1, 1, 1, 1, 1, 1, 1, 1
   \              01010101    
   \   000004B0   010101010101       DC8 1, 1, 1, 1, 1, 1, 1, 1, 1, 1
   \              01010101    
   \   000004BA   010101010101       DC8 1, 1, 1, 1, 1, 1, 1, 1, 1, 1
   \              01010101    
   \   000004C4   010101010100       DC8 1, 1, 1, 1, 1, 0, 0, 0
   \              0000        
     84            0x00, 0x00, 0x00, 0x00, 0x00, 0x00, 0x00, 0x00, 0x00, 0x00, 0x00, 0x00, 0x00, 0x00, 0x00, 0x00, 0x00, 0x03, 0x02, 0x00, 0x00, 0x00, 0x00, 0x00, 0x00, 0x00, 0x00, 0x00, 0x00, 0x00, 0x00, 0x00, 0x00, 0x00, 0x00,
     85            0x00, 0x00, 0x00, 0x00, 0x00, 0x00, 0x00, 0x00, 0x00, 0x00, 0x00, 0x00, 0x00, 0x00, 0x00, 0x00, 0x7C, 0x21, 0x27, 0x01, 0x00, 0x00, 0x00, 0x00, 0x00, 0x00, 0x00, 0x00, 0x00, 0x00, 0x00, 0x00, 0x00, 0x00, 0x00,
     86            0x00, 0x00, 0x00, 0x00, 0x00, 0x00, 0x00, 0x00, 0x00, 0x00, 0x00, 0x00, 0x00, 0x00, 0x00, 0x00, 0x2D, 0x04, 0x11, 0x08, 0x00, 0x00, 0x00, 0x00, 0x00, 0x00, 0x00, 0x00, 0x00, 0x00, 0x00, 0x00, 0x00, 0x00, 0x00,
     87            0x00, 0x00, 0x00, 0x00, 0x00, 0x00, 0x00, 0x00, 0x00, 0x00, 0x00, 0x00, 0x00, 0x00, 0x00, 0x00, 0x07, 0x04, 0x06, 0x31, 0x00, 0x00, 0x00, 0x00, 0x00, 0x00, 0x00, 0x00, 0x00, 0x00, 0x00, 0x00, 0x00, 0x00, 0x00,
     88            0x02, 0x02, 0x02, 0x02, 0x02, 0x02, 0x00, 0x00, 0x00, 0x00, 0x02, 0x02, 0x02, 0x02, 0x02, 0x00, 0x07, 0x04, 0x06, 0x7B, 0x00, 0x02, 0x02, 0x02, 0x02, 0x02, 0x00, 0x00, 0x00, 0x02, 0x02, 0x02, 0x02, 0x02, 0x02,
     89            0x02, 0x02, 0x02, 0x02, 0x02, 0x00, 0x7E, 0x09, 0x2C, 0x00, 0x00, 0x02, 0x02, 0x02, 0x02, 0x00, 0x07, 0x04, 0x06, 0x08, 0x00, 0x02, 0x02, 0x02, 0x02, 0x00, 0x1A, 0x28, 0x57, 0x01, 0x00, 0x02, 0x02, 0x02, 0x02,
     90            0x02, 0x02, 0x02, 0x02, 0x02, 0x00, 0x18, 0x04, 0x04, 0x56, 0x00, 0x00, 0x02, 0x02, 0x02, 0x00, 0x18, 0x04, 0x11, 0x19, 0x00, 0x02, 0x02, 0x02, 0x00, 0x10, 0x14, 0x04, 0x3F, 0x19, 0x00, 0x02, 0x02, 0x02, 0x02,
     91            0x02, 0x02, 0x02, 0x02, 0x02, 0x00, 0x0F, 0x46, 0x04, 0x04, 0x55, 0x00, 0x00, 0x02, 0x02, 0x00, 0x2E, 0x1D, 0x12, 0x0F, 0x00, 0x02, 0x02, 0x00, 0x0C, 0x23, 0x04, 0x04, 0x0A, 0x00, 0x00, 0x02, 0x02, 0x02, 0x02,
     92            0x02, 0x02, 0x02, 0x02, 0x02, 0x02, 0x00, 0x0F, 0x23, 0x04, 0x04, 0x0A, 0x00, 0x00, 0x02, 0x02, 0x00, 0x30, 0x08, 0x00, 0x02, 0x02, 0x00, 0x0D, 0x13, 0x04, 0x04, 0x0A, 0x00, 0x00, 0x02, 0x02, 0x02, 0x02, 0x02,
     93            0x02, 0x02, 0x02, 0x02, 0x02, 0x02, 0x02, 0x00, 0x0C, 0x22, 0x04, 0x36, 0x69, 0x00, 0x02, 0x00, 0x00, 0x00, 0x00, 0x00, 0x00, 0x02, 0x00, 0x54, 0x04, 0x04, 0x29, 0x00, 0x00, 0x02, 0x02, 0x02, 0x02, 0x02, 0x02,
     94            0x02, 0x02, 0x02, 0x02, 0x02, 0x02, 0x02, 0x02, 0x00, 0x0C, 0x47, 0x40, 0x2F, 0x00, 0x00, 0x34, 0x6D, 0x60, 0x63, 0x73, 0x85, 0x00, 0x00, 0x61, 0x06, 0x2B, 0x00, 0x00, 0x02, 0x02, 0x02, 0x02, 0x02, 0x02, 0x02,
     95            0x02, 0x02, 0x02, 0x02, 0x02, 0x02, 0x02, 0x02, 0x02, 0x00, 0x35, 0x10, 0x00, 0x00, 0x65, 0x43, 0x04, 0x04, 0x04, 0x1C, 0x22, 0x74, 0x00, 0x02, 0x0E, 0x03, 0x00, 0x02, 0x02, 0x02, 0x02, 0x02, 0x02, 0x02, 0x02,
     96            0x02, 0x02, 0x02, 0x02, 0x02, 0x02, 0x02, 0x02, 0x02, 0x02, 0x02, 0x00, 0x00, 0x5B, 0x1B, 0x04, 0x37, 0x04, 0x04, 0x04, 0x04, 0x3D, 0x6C, 0x00, 0x00, 0x02, 0x02, 0x02, 0x02, 0x02, 0x02, 0x02, 0x02, 0x02, 0x02,
     97            0x02, 0x02, 0x02, 0x00, 0x00, 0x00, 0x00, 0x00, 0x00, 0x02, 0x02, 0x00, 0x6F, 0x39, 0x04, 0x04, 0x04, 0x04, 0x04, 0x04, 0x04, 0x04, 0x20, 0x80, 0x00, 0x02, 0x02, 0x00, 0x00, 0x00, 0x00, 0x00, 0x00, 0x02, 0x02,
     98            0x02, 0x02, 0x00, 0x00, 0x00, 0x00, 0x00, 0x00, 0x00, 0x00, 0x00, 0x00, 0x15, 0x04, 0x04, 0x04, 0x04, 0x04, 0x04, 0x04, 0x04, 0x04, 0x04, 0x5D, 0x00, 0x02, 0x00, 0x00, 0x00, 0x00, 0x00, 0x00, 0x00, 0x02, 0x02,
     99            0x02, 0x00, 0x78, 0x28, 0x4C, 0x09, 0x09, 0x16, 0x27, 0x75, 0x00, 0x1A, 0x1F, 0x04, 0x04, 0x04, 0x04, 0x04, 0x04, 0x04, 0x04, 0x04, 0x04, 0x25, 0x00, 0x00, 0x07, 0x16, 0x4D, 0x09, 0x09, 0x26, 0x58, 0x81, 0x00,
    100            0x02, 0x00, 0x5A, 0x04, 0x04, 0x04, 0x04, 0x04, 0x04, 0x52, 0x00, 0x32, 0x3E, 0x04, 0x04, 0x04, 0x04, 0x04, 0x04, 0x04, 0x04, 0x04, 0x04, 0x45, 0x00, 0x00, 0x12, 0x04, 0x04, 0x04, 0x04, 0x04, 0x3A, 0x70, 0x00,
    101            0x86, 0x00, 0x77, 0x50, 0x4B, 0x0B, 0x0B, 0x25, 0x4F, 0x30, 0x00, 0x33, 0x41, 0x04, 0x04, 0x04, 0x04, 0x04, 0x04, 0x04, 0x04, 0x04, 0x04, 0x4A, 0x00, 0x00, 0x2D, 0x15, 0x26, 0x0B, 0x0B, 0x15, 0x17, 0x34, 0x00,
    102            0x03, 0x03, 0x00, 0x00, 0x00, 0x00, 0x00, 0x00, 0x00, 0x02, 0x00, 0x00, 0x49, 0x04, 0x04, 0x04, 0x04, 0x04, 0x04, 0x04, 0x04, 0x04, 0x04, 0x5C, 0x00, 0x03, 0x00, 0x00, 0x00, 0x00, 0x00, 0x00, 0x00, 0x02, 0x03,
    103            0x03, 0x03, 0x03, 0x00, 0x00, 0x00, 0x00, 0x00, 0x00, 0x03, 0x03, 0x00, 0x6E, 0x38, 0x04, 0x04, 0x04, 0x04, 0x04, 0x04, 0x04, 0x04, 0x1F, 0x7F, 0x00, 0x03, 0x03, 0x00, 0x00, 0x00, 0x00, 0x00, 0x02, 0x03, 0x03,
    104            0x03, 0x03, 0x03, 0x03, 0x03, 0x03, 0x03, 0x03, 0x03, 0x03, 0x02, 0x00, 0x00, 0x2C, 0x04, 0x04, 0x04, 0x04, 0x04, 0x04, 0x04, 0x3C, 0x6B, 0x00, 0x00, 0x02, 0x03, 0x03, 0x03, 0x03, 0x03, 0x03, 0x03, 0x03, 0x03,
    105            0x03, 0x03, 0x03, 0x03, 0x03, 0x03, 0x03, 0x03, 0x03, 0x00, 0x35, 0x10, 0x00, 0x00, 0x64, 0x20, 0x04, 0x04, 0x04, 0x1C, 0x21, 0x72, 0x00, 0x02, 0x0D, 0x03, 0x00, 0x03, 0x03, 0x03, 0x03, 0x03, 0x03, 0x03, 0x03,
    106            0x03, 0x03, 0x03, 0x03, 0x03, 0x03, 0x03, 0x03, 0x00, 0x1A, 0x48, 0x42, 0x2F, 0x00, 0x00, 0x0E, 0x6A, 0x5E, 0x5F, 0x71, 0x84, 0x00, 0x00, 0x62, 0x1E, 0x2B, 0x00, 0x00, 0x03, 0x03, 0x03, 0x03, 0x03, 0x03, 0x03,
    107            0x03, 0x03, 0x03, 0x03, 0x03, 0x03, 0x03, 0x00, 0x0D, 0x13, 0x04, 0x1B, 0x68, 0x00, 0x03, 0x00, 0x00, 0x00, 0x00, 0x00, 0x00, 0x03, 0x00, 0x53, 0x04, 0x04, 0x17, 0x00, 0x00, 0x03, 0x03, 0x03, 0x03, 0x03, 0x03,
    108            0x03, 0x03, 0x03, 0x03, 0x03, 0x03, 0x00, 0x10, 0x24, 0x04, 0x04, 0x17, 0x00, 0x02, 0x03, 0x03, 0x00, 0x76, 0x32, 0x00, 0x03, 0x03, 0x00, 0x0C, 0x13, 0x04, 0x04, 0x2A, 0x00, 0x00, 0x03, 0x03, 0x03, 0x03, 0x03,
    109            0x03, 0x03, 0x03, 0x03, 0x03, 0x00, 0x0E, 0x14, 0x04, 0x04, 0x29, 0x00, 0x00, 0x03, 0x03, 0x00, 0x2E, 0x1D, 0x12, 0x0E, 0x00, 0x03, 0x03, 0x00, 0x0D, 0x14, 0x04, 0x04, 0x0A, 0x00, 0x00, 0x03, 0x03, 0x03, 0x03,
    110            0x03, 0x03, 0x03, 0x03, 0x03, 0x00, 0x66, 0x04, 0x04, 0x0A, 0x00, 0x00, 0x03, 0x03, 0x03, 0x00, 0x67, 0x04, 0x3B, 0x19, 0x00, 0x03, 0x03, 0x03, 0x00, 0x0F, 0x24, 0x04, 0x1E, 0x79, 0x00, 0x03, 0x03, 0x03, 0x03,
    111            0x05, 0x05, 0x05, 0x05, 0x05, 0x00, 0x7D, 0x16, 0x59, 0x00, 0x87, 0x05, 0x05, 0x05, 0x05, 0x00, 0x07, 0x04, 0x06, 0x08, 0x00, 0x05, 0x05, 0x05, 0x05, 0x00, 0x33, 0x4E, 0x2A, 0x83, 0x88, 0x05, 0x05, 0x05, 0x05,
    112            0x01, 0x01, 0x01, 0x01, 0x01, 0x01, 0x02, 0x00, 0x00, 0x03, 0x01, 0x01, 0x01, 0x01, 0x01, 0x00, 0x07, 0x04, 0x06, 0x08, 0x00, 0x01, 0x01, 0x01, 0x01, 0x01, 0x02, 0x00, 0x00, 0x03, 0x01, 0x01, 0x01, 0x01, 0x01,
    113            0x01, 0x01, 0x01, 0x01, 0x01, 0x01, 0x01, 0x03, 0x03, 0x01, 0x01, 0x01, 0x01, 0x01, 0x01, 0x00, 0x07, 0x04, 0x06, 0x08, 0x00, 0x01, 0x01, 0x01, 0x01, 0x01, 0x01, 0x03, 0x03, 0x01, 0x01, 0x01, 0x01, 0x01, 0x01,
    114            0x01, 0x01, 0x01, 0x01, 0x01, 0x01, 0x01, 0x01, 0x01, 0x01, 0x01, 0x01, 0x01, 0x01, 0x01, 0x00, 0x18, 0x04, 0x11, 0x7A, 0x00, 0x01, 0x01, 0x01, 0x01, 0x01, 0x01, 0x01, 0x01, 0x01, 0x01, 0x01, 0x01, 0x01, 0x01,
    115            0x01, 0x01, 0x01, 0x01, 0x01, 0x01, 0x01, 0x01, 0x01, 0x01, 0x01, 0x01, 0x01, 0x01, 0x01, 0x00, 0x31, 0x44, 0x51, 0x82, 0x02, 0x01, 0x01, 0x01, 0x01, 0x01, 0x01, 0x01, 0x01, 0x01, 0x01, 0x01, 0x01, 0x01, 0x01,
    116            0x01, 0x01, 0x01, 0x01, 0x01, 0x01, 0x01, 0x01, 0x01, 0x01, 0x01, 0x01, 0x01, 0x01, 0x01, 0x01, 0x03, 0x01, 0x03, 0x03, 0x01, 0x01, 0x01, 0x01, 0x01, 0x01, 0x01, 0x01, 0x01, 0x01, 0x01, 0x01, 0x01, 0x01, 0x01,
    117            0x01, 0x01, 0x01, 0x01, 0x01, 0x01, 0x01, 0x01, 0x01, 0x01, 0x01, 0x01, 0x01, 0x01, 0x01, 0x01, 0x01, 0x03, 0x03, 0x01, 0x01, 0x01, 0x01, 0x01, 0x01, 0x01, 0x01, 0x01, 0x01, 0x01, 0x01, 0x01, 0x01, 0x01, 0x01,
    118            0x01, 0x01, 0x01, 0x01, 0x01, 0x01, 0x01, 0x01, 0x01, 0x01, 0x01, 0x01, 0x01, 0x01, 0x01, 0x01, 0x01, 0x01, 0x01, 0x01, 0x01, 0x01, 0x01, 0x01, 0x01, 0x01, 0x01, 0x01, 0x01, 0x01, 0x01, 0x01, 0x01, 0x01, 0x01
    119          };
    120          

   \                                 In section .rodata, align 4, keep-with-next
    121          GUI_CONST_STORAGE GUI_BITMAP bmDarkIcon = {
   \                     bmDarkIcon:
   \   00000000                      ; Initializer data, 20 bytes
   \   00000000   230023002300       DC16 35, 35, 35, 8
   \              0800        
   \   00000008   ............       DC32 acDarkIcon, PalDarkIcon
   \              ....        
   \   00000010   00000000           DC8 0, 0, 0, 0
    122            35, /* XSize */
    123            35, /* YSize */
    124            35, /* BytesPerLine */
    125            8, /* BitsPerPixel */
    126            acDarkIcon,  /* Pointer to picture data (indices) */
    127            &PalDarkIcon  /* Pointer to palette */
    128          };
    129          
    130          /* *** End of file *** */


   Section sizes:

     Function/Label Bytes
     -------------- -----
     ColorsDarkIcon  548
     PalDarkIcon      12
     acDarkIcon     1228
     bmDarkIcon       20

 
 1 808 bytes in section .rodata
 
 1 808 bytes of CONST memory

Errors: none
Warnings: none
