###############################################################################
#                                                                             #
# IAR ANSI C/C++ Compiler V6.10.2.52244/W32 for ARM     19/Nov/2015  13:12:19 #
# Copyright 1999-2010 IAR Systems AB.                                         #
#                                                                             #
#    Cpu mode     =  arm                                                      #
#    Endian       =  little                                                   #
#    Source file  =  C:\DUII\DUII\Graphics\DeleteKey.c                        #
#    Command line =  C:\DUII\DUII\Graphics\DeleteKey.c -D DEBUG=1 -D          #
#                    SDRAM_TARGET=1 -D USB_IS_HIGH_SPEED -D NOPROFILER -D     #
#                    OS_TRACE=0 -D OS_VIEW_ENABLE=0 -lCN                      #
#                    C:\DUII\TargetHW\Release\List\ -o                        #
#                    C:\DUII\TargetHW\Release\Obj\ --endian=little            #
#                    --cpu=ARM926EJ-S -e --fpu=None --dlib_config             #
#                    "C:\Program Files (x86)\IAR Systems\Embedded Workbench   #
#                    6.0\arm\INC\c\DLib_Config_Normal.h" -I                   #
#                    C:\DUII\TargetHW\Application\SEGGERDEMO\ -I              #
#                    C:\DUII\TargetHW\Application\SEGGERDEMO\Src\ -I          #
#                    C:\DUII\TargetHW\Config\ -I C:\DUII\TargetHW\FS\ -I      #
#                    C:\DUII\TargetHW\GUI\ -I C:\DUII\TargetHW\Inc\ -I        #
#                    C:\DUII\TargetHW\OS\ -I C:\DUII\TargetHW\Setup\ -I       #
#                    \DUII\DUII\ -I \DUII\DUII\Graphics\ --cpu_mode arm -Ohs  #
#                    --use_c++_inline --require_prototypes                    #
#    List file    =  C:\DUII\TargetHW\Release\List\DeleteKey.lst              #
#    Object file  =  C:\DUII\TargetHW\Release\Obj\DeleteKey.o                 #
#                                                                             #
#                                                                             #
###############################################################################

C:\DUII\DUII\Graphics\DeleteKey.c
      1          /*********************************************************************
      2          *                SEGGER MICROCONTROLLER SYSTEME GmbH                 *
      3          *        Solutions for real time microcontroller applications        *
      4          *                           www.segger.com                           *
      5          **********************************************************************
      6          *
      7          * C-file generated by
      8          *
      9          *        Bitmap converter for emWin V5.04.
     10          *        Compiled Jan  8 2010, 16:37:17
     11          *        (C) 1998 - 2005 Segger Microcontroller Systeme GmbH
     12          *
     13          **********************************************************************
     14          *
     15          * Source file: DeleteKey
     16          * Dimensions:  85 * 40
     17          * NumColors:   0
     18          *
     19          **********************************************************************
     20          */
     21          
     22          #include <stdlib.h>
     23          
     24          #include "GUI.h"
     25          
     26          #ifndef GUI_CONST_STORAGE
     27            #define GUI_CONST_STORAGE const
     28          #endif
     29          
     30          

   \                                 In section .rodata, align 4, keep-with-next
     31          static GUI_CONST_STORAGE unsigned short acDeleteKey[] = {
   \                     acDeleteKey:
   \   00000000                      ; Initializer data, 6800 bytes
   \   00000000   00002104B235       DC16 0, 1057, 13746, 20060, 19004, 19004, 19004, 19004, 19004, 19004
   \              5C4E3C4A3C4A
   \              3C4A3C4A3C4A
   \              3C4A        
   \   00000014   3C4A3C4A3C4A       DC16 19004, 19004, 19004, 19004, 19004, 19004, 19004, 19004, 19004, 19004
   \              3C4A3C4A3C4A
   \              3C4A3C4A3C4A
   \              3C4A        
   \   00000028   3C4A3C4A3C4A       DC16 19004, 19004, 19004, 19004, 19004, 19004, 19004, 19004, 19004, 19004
   \              3C4A3C4A3C4A
   \              3C4A3C4A3C4A
   \              3C4A        
   \   0000003C   3C4A3C4A3C4A       DC16 19004, 19004, 19004, 19004, 19004, 19004, 19004, 19004, 19004, 19004
   \              3C4A3C4A3C4A
   \              3C4A3C4A3C4A
   \              3C4A        
   \   00000050   3C4A3C4A3C4A       DC16 19004, 19004, 19004, 19004, 19004, 19004, 19004, 19004, 19004, 19004
   \              3C4A3C4A3C4A
   \              3C4A3C4A3C4A
   \              3C4A        
   \   00000064   3C4A3C4A3C4A       DC16 19004, 19004, 19004, 19004, 19004, 19004, 19004, 19004, 19004, 19004
   \              3C4A3C4A3C4A
   \              3C4A3C4A3C4A
   \              3C4A        
   \   00000078   3C4A3C4A3C4A       DC16 19004, 19004, 19004, 19004, 19004, 19004, 19004, 19004, 19004, 19004
   \              3C4A3C4A3C4A
   \              3C4A3C4A3C4A
   \              3C4A        
   \   0000008C   3C4A3C4A3C4A       DC16 19004, 19004, 19004, 19004, 19004, 19004, 19004, 19004, 19004, 19004
   \              3C4A3C4A3C4A
   \              3C4A3C4A3C4A
   \              3C4A        
   \   000000A0   3C4A1C4A7631       DC16 19004, 18972, 12662, 2117, 0, 1057, 11602, 14747, 8442, 7354
   \              450800002104
   \              522D9B39FA20
   \              BA1C        
   \   000000B4   BA1CBA1CBA1C       DC16 7354, 7354, 7354, 7354, 7354, 7354, 7354, 7354, 7354, 7354
   \              BA1CBA1CBA1C
   \              BA1CBA1CBA1C
   \              BA1C        
   \   000000C8   BA1CBA1CBA1C       DC16 7354, 7354, 7354, 7354, 7354, 7354, 7354, 7354, 7354, 7354
   \              BA1CBA1CBA1C
   \              BA1CBA1CBA1C
   \              BA1C        
   \   000000DC   BA1CBA1CBA1C       DC16 7354, 7354, 7354, 7354, 7354, 7354, 7354, 7354, 7354, 7354
   \              BA1CBA1CBA1C
   \              BA1CBA1CBA1C
   \              BA1C        
   \   000000F0   BA1CBA1CBA1C       DC16 7354, 7354, 7354, 7354, 7354, 7354, 7354, 7354, 7354, 7354
   \              BA1CBA1CBA1C
   \              BA1CBA1CBA1C
   \              BA1C        
   \   00000104   BA1CBA1CBA1C       DC16 7354, 7354, 7354, 7354, 7354, 7354, 7354, 7354, 7354, 7354
   \              BA1CBA1CBA1C
   \              BA1CBA1CBA1C
   \              BA1C        
   \   00000118   BA1CBA1CBA1C       DC16 7354, 7354, 7354, 7354, 7354, 7354, 7354, 7354, 7354, 7354
   \              BA1CBA1CBA1C
   \              BA1CBA1CBA1C
   \              BA1C        
   \   0000012C   BA1CBA1CBA1C       DC16 7354, 7354, 7354, 7354, 7354, 7354, 7354, 7354, 7354, 7354
   \              BA1CBA1CBA1C
   \              BA1CBA1CBA1C
   \              BA1C        
   \   00000140   BA1CBA1CBA1C       DC16 7354, 7354, 7354, 7354, 7354, 7354, 7354, 8442, 6294, 4
   \              BA1CBA1CBA1C
   \              BA1CFA209618
   \              0400        
   \   00000154   8C143A29390C       DC16 5260, 10554, 3129, 1049, 1049, 1049, 1049, 1049, 1049, 1049
   \              190419041904
   \              190419041904
   \              1904        
   \   00000168   190419041904       DC16 1049, 1049, 1049, 1049, 1049, 1049, 1049, 1049, 1049, 1049
   \              190419041904
   \              190419041904
   \              1904        
   \   0000017C   190419041904       DC16 1049, 1049, 1049, 1049, 1049, 1049, 1049, 1049, 1049, 1049
   \              190419041904
   \              190419041904
   \              1904        
   \   00000190   190419041904       DC16 1049, 1049, 1049, 1049, 1049, 1049, 1049, 1049, 1049, 1049
   \              190419041904
   \              190419041904
   \              1904        
   \   000001A4   190419041904       DC16 1049, 1049, 1049, 1049, 1049, 1049, 1049, 1049, 1049, 1049
   \              190419041904
   \              190419041904
   \              1904        
   \   000001B8   190419041904       DC16 1049, 1049, 1049, 1049, 1049, 1049, 1049, 1049, 1049, 1049
   \              190419041904
   \              190419041904
   \              1904        
   \   000001CC   190419041904       DC16 1049, 1049, 1049, 1049, 1049, 1049, 1049, 1049, 1049, 1049
   \              190419041904
   \              190419041904
   \              1904        
   \   000001E0   190419041904       DC16 1049, 1049, 1049, 1049, 1049, 1049, 1049, 1049, 1049, 1049
   \              190419041904
   \              190419041904
   \              1904        
   \   000001F4   190419041908       DC16 1049, 1049, 2073, 3098, 1035, 5265, 5273, 2073, 2073, 2073
   \              1A0C0B049114
   \              991419081908
   \              1908        
   \   00000208   190819081908       DC16 2073, 2073, 2073, 2073, 2073, 2073, 2073, 2073, 2073, 2073
   \              190819081908
   \              190819081908
   \              1908        
   \   0000021C   190819081908       DC16 2073, 2073, 2073, 2073, 2073, 2073, 2073, 2073, 2073, 2073
   \              190819081908
   \              190819081908
   \              1908        
   \   00000230   190819081908       DC16 2073, 2073, 2073, 2073, 2073, 2073, 2073, 2073, 2073, 2073
   \              190819081908
   \              190819081908
   \              1908        
   \   00000244   190819081908       DC16 2073, 2073, 2073, 2073, 2073, 2073, 2073, 2073, 2073, 2073
   \              190819081908
   \              190819081908
   \              1908        
   \   00000258   190819081908       DC16 2073, 2073, 2073, 2073, 2073, 2073, 2073, 2073, 2073, 2073
   \              190819081908
   \              190819081908
   \              1908        
   \   0000026C   190819081908       DC16 2073, 2073, 2073, 2073, 2073, 2073, 2073, 2073, 2073, 2073
   \              190819081908
   \              190819081908
   \              1908        
   \   00000280   190819081908       DC16 2073, 2073, 2073, 2073, 2073, 2073, 2073, 2073, 2073, 2073
   \              190819081908
   \              190819081908
   \              1908        
   \   00000294   190819081908       DC16 2073, 2073, 2073, 2073, 2073, 2073, 2073, 2074, 2073, 1035
   \              190819081908
   \              19081A081908
   \              0B04        
   \   000002A8   72107A101A08       DC16 4210, 4218, 2074, 2074, 2074, 2074, 2074, 2074, 2074, 2074
   \              1A081A081A08
   \              1A081A081A08
   \              1A08        
   \   000002BC   1A081A081A08       DC16 2074, 2074, 2074, 2074, 2074, 2074, 2074, 2074, 2074, 2074
   \              1A081A081A08
   \              1A081A081A08
   \              1A08        
   \   000002D0   1A081A081A08       DC16 2074, 2074, 2074, 2074, 2074, 2074, 2074, 2074, 2074, 2074
   \              1A081A081A08
   \              1A081A081A08
   \              1A08        
   \   000002E4   1A081A081A08       DC16 2074, 2074, 2074, 2074, 2074, 2074, 2074, 2074, 2074, 2074
   \              1A081A081A08
   \              1A081A081A08
   \              1A08        
   \   000002F8   1A081A081A08       DC16 2074, 2074, 2074, 2074, 2074, 2074, 2074, 2074, 2074, 2074
   \              1A081A081A08
   \              1A081A081A08
   \              1A08        
   \   0000030C   1A081A081A08       DC16 2074, 2074, 2074, 2074, 2074, 2074, 2074, 2074, 2074, 2074
   \              1A081A081A08
   \              1A081A081A08
   \              1A08        
   \   00000320   1A081A081A08       DC16 2074, 2074, 2074, 2074, 2074, 2074, 2074, 2074, 2074, 2074
   \              1A081A081A08
   \              1A081A081A08
   \              1A08        
   \   00000334   1A081A081A08       DC16 2074, 2074, 2074, 2074, 2074, 2074, 2074, 2074, 2074, 2074
   \              1A081A081A08
   \              1A081A081A08
   \              1A08        
   \   00000348   1A081A081A08       DC16 2074, 2074, 2074, 2073, 11, 4210, 4218, 2074, 2074, 2074
   \              19080B007210
   \              7A101A081A08
   \              1A08        
   \   0000035C   1A081A081A08       DC16 2074, 2074, 2074, 2074, 2074, 2074, 2074, 2074, 2074, 2074
   \              1A081A081A08
   \              1A081A081A08
   \              1A08        
   \   00000370   1A081A081A08       DC16 2074, 2074, 2074, 2074, 2074, 2074, 2074, 2074, 2074, 2074
   \              1A081A081A08
   \              1A081A081A08
   \              1A08        
   \   00000384   1A081A081A08       DC16 2074, 2074, 2074, 2074, 2074, 2074, 2074, 2074, 2074, 2074
   \              1A081A081A08
   \              1A081A081A08
   \              1A08        
   \   00000398   1A081A081A08       DC16 2074, 2074, 2074, 2074, 2074, 2074, 2074, 2074, 2074, 2074
   \              1A081A081A08
   \              1A081A081A08
   \              1A08        
   \   000003AC   1A081A081A08       DC16 2074, 2074, 2074, 2074, 2074, 2074, 2074, 2074, 2074, 2074
   \              1A081A081A08
   \              1A081A081A08
   \              1A08        
   \   000003C0   1A081A081A08       DC16 2074, 2074, 2074, 2074, 2074, 2074, 2074, 2074, 2074, 2074
   \              1A081A081A08
   \              1A081A081A08
   \              1A08        
   \   000003D4   1A081A081A08       DC16 2074, 2074, 2074, 2074, 2074, 2074, 2074, 2074, 2074, 2074
   \              1A081A081A08
   \              1A081A081A08
   \              1A08        
   \   000003E8   1A081A081A08       DC16 2074, 2074, 2074, 2074, 2074, 2074, 2074, 2074, 1049, 11
   \              1A081A081A08
   \              1A081A081904
   \              0B00        
   \   000003FC   72107A101B04       DC16 4210, 4218, 1051, 1051, 1051, 1051, 1051, 1051, 1051, 1051
   \              1B041B041B04
   \              1B041B041B04
   \              1B04        
   \   00000410   1B041B041B04       DC16 1051, 1051, 1051, 1051, 1051, 1051, 1051, 1051, 1051, 1051
   \              1B041B041B04
   \              1B041B041B04
   \              1B04        
   \   00000424   1B041B041B04       DC16 1051, 1051, 1051, 1051, 1051, 1051, 1051, 1051, 1051, 1051
   \              1B041B041B04
   \              1B041B041B04
   \              1B04        
   \   00000438   1B041B041B04       DC16 1051, 1051, 1051, 1051, 1051, 1051, 1051, 1051, 1051, 1051
   \              1B041B041B04
   \              1B041B041B04
   \              1B04        
   \   0000044C   1B041B041B04       DC16 1051, 1051, 1051, 1051, 1051, 1051, 1051, 1051, 1051, 1051
   \              1B041B041B04
   \              1B041B041B04
   \              1B04        
   \   00000460   1B041B041B04       DC16 1051, 1051, 1051, 1051, 1051, 1051, 1051, 1051, 1051, 1051
   \              1B041B041B04
   \              1B041B041B04
   \              1B04        
   \   00000474   1B041B041B04       DC16 1051, 1051, 1051, 1051, 1051, 1051, 1051, 1051, 1051, 1051
   \              1B041B041B04
   \              1B041B041B04
   \              1B04        
   \   00000488   1B041B041B04       DC16 1051, 1051, 1051, 1051, 1051, 1051, 1051, 1051, 1051, 1051
   \              1B041B041B04
   \              1B041B041B04
   \              1B04        
   \   0000049C   1B041B041B04       DC16 1051, 1051, 1051, 1050, 11, 4210, 4219, 1051, 1051, 1051
   \              1A040B007210
   \              7B101B041B04
   \              1B04        
   \   000004B0   1B041B041B04       DC16 1051, 1051, 1051, 1051, 1051, 1051, 1051, 1051, 1051, 1052
   \              1B041B041B04
   \              1B041B041B04
   \              1C04        
   \   000004C4   1C041C041C04       DC16 1052, 1052, 1052, 1052, 1052, 1052, 1052, 1052, 1052, 1052
   \              1C041C041C04
   \              1C041C041C04
   \              1C04        
   \   000004D8   1C041B041B04       DC16 1052, 1051, 1051, 1051, 1051, 1051, 1051, 1051, 1051, 1051
   \              1B041B041B04
   \              1B041B041B04
   \              1B04        
   \   000004EC   1B041B041B04       DC16 1051, 1051, 1051, 1051, 1051, 1051, 1051, 1051, 1051, 1051
   \              1B041B041B04
   \              1B041B041B04
   \              1B04        
   \   00000500   1B041B041B04       DC16 1051, 1051, 1051, 1051, 1051, 1051, 1051, 1051, 1051, 1051
   \              1B041B041B04
   \              1B041B041B04
   \              1B04        
   \   00000514   1B041B041B04       DC16 1051, 1051, 1051, 1051, 1051, 1051, 1051, 1051, 1051, 1051
   \              1B041B041B04
   \              1B041B041B04
   \              1B04        
   \   00000528   1B041B041B04       DC16 1051, 1051, 1051, 1051, 1051, 1051, 1051, 1051, 1051, 1051
   \              1B041B041B04
   \              1B041B041B04
   \              1B04        
   \   0000053C   1B041B041B04       DC16 1051, 1051, 1051, 1051, 1051, 1051, 1051, 1051, 1050, 12
   \              1B041B041B04
   \              1B041B041A04
   \              0C00        
   \   00000550   73107B101C04       DC16 4211, 4219, 1052, 1052, 1052, 1052, 1052, 1052, 1052, 1052
   \              1C041C041C04
   \              1C041C041C04
   \              1C04        
   \   00000564   1C041C041C04       DC16 1052, 1052, 1052, 1052, 1047, 1046, 1046, 1046, 1046, 1046
   \              1C0417041604
   \              160416041604
   \              1604        
   \   00000578   160416041604       DC16 1046, 1046, 1046, 1046, 1046, 1046, 1050, 1052, 1052, 1052
   \              160416041604
   \              1A041C041C04
   \              1C04        
   \   0000058C   1C041C041C04       DC16 1052, 1052, 1052, 1052, 1052, 1052, 1052, 1052, 1052, 1052
   \              1C041C041C04
   \              1C041C041C04
   \              1C04        
   \   000005A0   1C041C041C04       DC16 1052, 1052, 1052, 1052, 1052, 1052, 1052, 1052, 1052, 1052
   \              1C041C041C04
   \              1C041C041C04
   \              1C04        
   \   000005B4   1C041C041C04       DC16 1052, 1052, 1052, 1052, 1052, 1052, 1052, 1052, 1052, 1052
   \              1C041C041C04
   \              1C041C041C04
   \              1C04        
   \   000005C8   1C041C041C04       DC16 1052, 1052, 1052, 1052, 1052, 1052, 1052, 1052, 1052, 1052
   \              1C041C041C04
   \              1C041C041C04
   \              1C04        
   \   000005DC   1C041C041C04       DC16 1052, 1052, 1052, 1052, 1052, 1052, 1052, 1052, 1052, 1052
   \              1C041C041C04
   \              1C041C041C04
   \              1C04        
   \   000005F0   1C041C041C04       DC16 1052, 1052, 1052, 1051, 12, 4211, 4220, 1052, 1052, 1052
   \              1B040C007310
   \              7C101C041C04
   \              1C04        
   \   00000604   1C041C041C04       DC16 1052, 1052, 1052, 1052, 1052, 1052, 1053, 1053, 14, 0
   \              1C041C041C04
   \              1D041D040E00
   \              0000        
   \   00000618   000000000000       DC16 0, 0, 0, 0, 0, 0, 0, 0, 0, 0
   \              000000000000
   \              000000000000
   \              0000        
   \   0000062C   000014001D04       DC16 0, 20, 1053, 1052, 1052, 1052, 1052, 1052, 1052, 1052
   \              1C041C041C04
   \              1C041C041C04
   \              1C04        
   \   00000640   1C041C041C04       DC16 1052, 1052, 1052, 1052, 1052, 1052, 1052, 1052, 1052, 1052
   \              1C041C041C04
   \              1C041C041C04
   \              1C04        
   \   00000654   1C041C041C04       DC16 1052, 1052, 1052, 1052, 1052, 1052, 1052, 1052, 1052, 1052
   \              1C041C041C04
   \              1C041C041C04
   \              1C04        
   \   00000668   1C041C041C04       DC16 1052, 1052, 1052, 1052, 1052, 1052, 1052, 1052, 1052, 1052
   \              1C041C041C04
   \              1C041C041C04
   \              1C04        
   \   0000067C   1C041C041C04       DC16 1052, 1052, 1052, 1052, 1052, 1052, 1052, 1052, 1052, 1052
   \              1C041C041C04
   \              1C041C041C04
   \              1C04        
   \   00000690   1C041C041C04       DC16 1052, 1052, 1052, 1052, 1052, 1052, 1052, 1052, 1051, 12
   \              1C041C041C04
   \              1C041C041B04
   \              0C00        
   \   000006A4   73107C0C1D04       DC16 4211, 3196, 1053, 1053, 1053, 1053, 1053, 1053, 1053, 1053
   \              1D041D041D04
   \              1D041D041D04
   \              1D04        
   \   000006B8   1D041E040E00       DC16 1053, 1054, 14, 0, 0, 0, 0, 0, 0, 0
   \              000000000000
   \              000000000000
   \              0000        
   \   000006CC   000000000000       DC16 0, 0, 0, 0, 0, 1057, 1076, 30, 1053, 1053
   \              000000002104
   \              34041E001D04
   \              1D04        
   \   000006E0   1D041D041D04       DC16 1053, 1053, 1053, 1053, 1053, 1053, 1053, 1053, 1053, 1053
   \              1D041D041D04
   \              1D041D041D04
   \              1D04        
   \   000006F4   1D041D041D04       DC16 1053, 1053, 1053, 1053, 1053, 1053, 1053, 1053, 1053, 1053
   \              1D041D041D04
   \              1D041D041D04
   \              1D04        
   \   00000708   1D041D041D04       DC16 1053, 1053, 1053, 1053, 1053, 1053, 1053, 1053, 1053, 1053
   \              1D041D041D04
   \              1D041D041D04
   \              1D04        
   \   0000071C   1D041D041D04       DC16 1053, 1053, 1053, 1053, 1053, 1053, 1053, 1053, 1053, 1053
   \              1D041D041D04
   \              1D041D041D04
   \              1D04        
   \   00000730   1D041D041D04       DC16 1053, 1053, 1053, 1053, 1053, 1053, 1053, 1053, 1053, 1053
   \              1D041D041D04
   \              1D041D041D04
   \              1D04        
   \   00000744   1D041D041D04       DC16 1053, 1053, 1053, 1052, 12, 3187, 3197, 29, 29, 29
   \              1C040C00730C
   \              7D0C1D001D00
   \              1D00        
   \   00000758   1D001D001D00       DC16 29, 29, 29, 29, 30, 30, 14, 0, 0, 0
   \              1D001E001E00
   \              0E0000000000
   \              0000        
   \   0000076C   000000000000       DC16 0, 0, 0, 0, 0, 0, 0, 0, 0, 0
   \              000000000000
   \              000000000000
   \              0000        
   \   00000780   630C35081E00       DC16 3171, 2101, 30, 29, 29, 29, 29, 29, 29, 29
   \              1D001D001D00
   \              1D001D001D00
   \              1D00        
   \   00000794   1D001D001D00       DC16 29, 29, 29, 29, 29, 29, 29, 29, 29, 29
   \              1D001D001D00
   \              1D001D001D00
   \              1D00        
   \   000007A8   1D001D001D00       DC16 29, 29, 29, 29, 29, 29, 29, 29, 29, 29
   \              1D001D001D00
   \              1D001D001D00
   \              1D00        
   \   000007BC   1D001D001D00       DC16 29, 29, 29, 29, 29, 29, 29, 29, 29, 29
   \              1D001D001D00
   \              1D001D001D00
   \              1D00        
   \   000007D0   1D001D001D00       DC16 29, 29, 29, 29, 29, 29, 29, 29, 29, 29
   \              1D001D001D00
   \              1D001D001D00
   \              1D00        
   \   000007E4   1D001D001D00       DC16 29, 29, 29, 29, 29, 29, 29, 29, 28, 12
   \              1D001D001D00
   \              1D001D001C00
   \              0C00        
   \   000007F8   740C7D0C1E00       DC16 3188, 3197, 30, 30, 30, 30, 30, 30, 30, 31
   \              1E001E001E00
   \              1E001E001E00
   \              1F00        
   \   0000080C   0F0000000000       DC16 15, 0, 0, 0, 0, 0, 0, 0, 0, 0
   \              000000000000
   \              000000000000
   \              0000        
   \   00000820   000000000000       DC16 0, 0, 0, 0, 0, 3171, 1078, 31, 30, 30
   \              00000000630C
   \              36041F001E00
   \              1E00        
   \   00000834   1E001E001E00       DC16 30, 30, 30, 30, 30, 30, 30, 30, 30, 30
   \              1E001E001E00
   \              1E001E001E00
   \              1E00        
   \   00000848   1E001E001E00       DC16 30, 30, 30, 30, 30, 30, 30, 30, 30, 30
   \              1E001E001E00
   \              1E001E001E00
   \              1E00        
   \   0000085C   1E001E001E00       DC16 30, 30, 30, 30, 30, 30, 30, 30, 30, 30
   \              1E001E001E00
   \              1E001E001E00
   \              1E00        
   \   00000870   1E001E001E00       DC16 30, 30, 30, 30, 30, 30, 30, 30, 30, 30
   \              1E001E001E00
   \              1E001E001E00
   \              1E00        
   \   00000884   1E001E001E00       DC16 30, 30, 30, 30, 30, 30, 30, 30, 30, 30
   \              1E001E001E00
   \              1E001E001E00
   \              1E00        
   \   00000898   1E001E001E00       DC16 30, 30, 30, 29, 13, 3188, 3198, 30, 30, 30
   \              1D000D00740C
   \              7E0C1E001E00
   \              1E00        
   \   000008AC   1E001E001F00       DC16 30, 30, 31, 31, 15, 0, 0, 0, 0, 0
   \              1F000F000000
   \              000000000000
   \              0000        
   \   000008C0   000000000000       DC16 0, 0, 0, 0, 0, 0, 0, 0, 0, 0
   \              000000000000
   \              000000000000
   \              0000        
   \   000008D4   630C36041F00       DC16 3171, 1078, 31, 30, 30, 30, 30, 30, 30, 30
   \              1E001E001E00
   \              1E001E001E00
   \              1E00        
   \   000008E8   1E001E001E00       DC16 30, 30, 30, 30, 30, 30, 30, 30, 30, 30
   \              1E001E001E00
   \              1E001E001E00
   \              1E00        
   \   000008FC   1E001E001E00       DC16 30, 30, 30, 30, 30, 30, 30, 30, 30, 30
   \              1E001E001E00
   \              1E001E001E00
   \              1E00        
   \   00000910   1E001E001E00       DC16 30, 30, 30, 30, 30, 30, 30, 30, 30, 30
   \              1E001E001E00
   \              1E001E001E00
   \              1E00        
   \   00000924   1E001E001E00       DC16 30, 30, 30, 30, 30, 30, 30, 30, 30, 30
   \              1E001E001E00
   \              1E001E001E00
   \              1E00        
   \   00000938   1E001E001E00       DC16 30, 30, 30, 30, 30, 30, 30, 30, 29, 13
   \              1E001E001E00
   \              1E001E001D00
   \              0D00        
   \   0000094C   740C7E0C1F00       DC16 3188, 3198, 31, 31, 31, 31, 31, 31, 16, 0
   \              1F001F001F00
   \              1F001F001000
   \              0000        
   \   00000960   000000000000       DC16 0, 0, 0, 0, 3171, 12684, 11627, 7399, 0, 0
   \              0000630C8C31
   \              6B2DE71C0000
   \              0000        
   \   00000974   0000E71C1042       DC16 0, 7399, 16912, 7399, 0, 3171, 1078, 31, 31, 31
   \              E71C0000630C
   \              36041F001F00
   \              1F00        
   \   00000988   1F001F001F00       DC16 31, 31, 31, 31, 31, 31, 31, 31, 31, 31
   \              1F001F001F00
   \              1F001F001F00
   \              1F00        
   \   0000099C   1F001F001F00       DC16 31, 31, 31, 31, 31, 31, 31, 31, 31, 31
   \              1F001F001F00
   \              1F001F001F00
   \              1F00        
   \   000009B0   1F001F001F00       DC16 31, 31, 31, 31, 31, 31, 31, 31, 31, 31
   \              1F001F001F00
   \              1F001F001F00
   \              1F00        
   \   000009C4   1F001F001F00       DC16 31, 31, 31, 31, 31, 31, 31, 31, 31, 31
   \              1F001F001F00
   \              1F001F001F00
   \              1F00        
   \   000009D8   1F001F001F00       DC16 31, 31, 31, 31, 31, 31, 31, 31, 31, 31
   \              1F001F001F00
   \              1F001F001F00
   \              1F00        
   \   000009EC   1F001F001F00       DC16 31, 31, 31, 30, 13, 3188, 3198, 31, 31, 31
   \              1E000D00740C
   \              7E0C1F001F00
   \              1F00        
   \   00000A00   1F001F001000       DC16 31, 31, 16, 0, 0, 0, 0, 0, 0, 1057
   \              000000000000
   \              000000000000
   \              2104        
   \   00000A14   94529C731863       DC16 21140, 29596, 25368, 3171, 0, 3171, 26425, 28539, 2114, 0
   \              630C0000630C
   \              39677B6F4208
   \              0000        
   \   00000A28   630C37041F00       DC16 3171, 1079, 31, 31, 31, 31, 31, 31, 31, 31
   \              1F001F001F00
   \              1F001F001F00
   \              1F00        
   \   00000A3C   1F001F001F00       DC16 31, 31, 31, 31, 31, 31, 31, 31, 31, 31
   \              1F001F001F00
   \              1F001F001F00
   \              1F00        
   \   00000A50   1F001F001F00       DC16 31, 31, 31, 31, 31, 31, 31, 31, 31, 31
   \              1F001F001F00
   \              1F001F001F00
   \              1F00        
   \   00000A64   1F001F001F00       DC16 31, 31, 31, 31, 31, 31, 31, 31, 31, 31
   \              1F001F001F00
   \              1F001F001F00
   \              1F00        
   \   00000A78   1F001F001F00       DC16 31, 31, 31, 31, 31, 31, 31, 31, 31, 31
   \              1F001F001F00
   \              1F001F001F00
   \              1F00        
   \   00000A8C   1F001F001F00       DC16 31, 31, 31, 31, 31, 31, 31, 31, 30, 13
   \              1F001F001F00
   \              1F001F001E00
   \              0D00        
   \   00000AA0   750C7F0C1F00       DC16 3189, 3199, 31, 31, 31, 31, 16, 0, 0, 0
   \              1F001F001F00
   \              100000000000
   \              0000        
   \   00000AB4   000000000000       DC16 0, 0, 0, 0, 0, 9513, 32767, 32767, 15855, 0
   \              000000002925
   \              FF7FFF7FEF3D
   \              0000        
   \   00000AC8   3146FF7F4A29       DC16 17969, 32767, 10570, 0, 0, 3171, 1079, 31, 31, 31
   \              00000000630C
   \              37041F001F00
   \              1F00        
   \   00000ADC   1F001F001F00       DC16 31, 31, 31, 31, 31, 31, 31, 31, 31, 31
   \              1F001F001F00
   \              1F001F001F00
   \              1F00        
   \   00000AF0   1F001F001F00       DC16 31, 31, 31, 31, 31, 31, 31, 31, 31, 31
   \              1F001F001F00
   \              1F001F001F00
   \              1F00        
   \   00000B04   1F001F001F00       DC16 31, 31, 31, 31, 31, 31, 31, 31, 31, 31
   \              1F001F001F00
   \              1F001F001F00
   \              1F00        
   \   00000B18   1F001F001F00       DC16 31, 31, 31, 31, 31, 31, 31, 31, 31, 31
   \              1F001F001F00
   \              1F001F001F00
   \              1F00        
   \   00000B2C   1F001F001F00       DC16 31, 31, 31, 31, 31, 31, 31, 31, 31, 31
   \              1F001F001F00
   \              1F001F001F00
   \              1F00        
   \   00000B40   1F001F001F00       DC16 31, 31, 31, 30, 13, 3189, 3199, 31, 31, 31
   \              1E000D00750C
   \              7F0C1F001F00
   \              1F00        
   \   00000B54   110000000000       DC16 17, 0, 0, 0, 0, 0, 0, 0, 0, 0
   \              000000000000
   \              000000000000
   \              0000        
   \   00000B68   0000D65AFF7F       DC16 0, 23254, 32767, 26425, 13741, 31710, 22197, 0, 0, 0
   \              3967AD35DE7B
   \              B55600000000
   \              0000        
   \   00000B7C   630C37041F00       DC16 3171, 1079, 31, 31, 31, 31, 31, 31, 31, 31
   \              1F001F001F00
   \              1F001F001F00
   \              1F00        
   \   00000B90   1F001F001F00       DC16 31, 31, 31, 31, 31, 31, 31, 31, 31, 31
   \              1F001F001F00
   \              1F001F001F00
   \              1F00        
   \   00000BA4   1F001F001F00       DC16 31, 31, 31, 31, 31, 31, 31, 31, 31, 31
   \              1F001F001F00
   \              1F001F001F00
   \              1F00        
   \   00000BB8   1F001F001F00       DC16 31, 31, 31, 31, 31, 31, 31, 31, 31, 31
   \              1F001F001F00
   \              1F001F001F00
   \              1F00        
   \   00000BCC   1F001F001F00       DC16 31, 31, 31, 31, 31, 31, 31, 31, 31, 31
   \              1F001F001F00
   \              1F001F001F00
   \              1F00        
   \   00000BE0   1F001F001F00       DC16 31, 31, 31, 31, 31, 31, 31, 31, 30, 14
   \              1F001F001F00
   \              1F001F001E00
   \              0E00        
   \   00000BF4   750C7F0C1F00       DC16 3189, 3199, 31, 31, 17, 0, 0, 0, 0, 0
   \              1F0011000000
   \              000000000000
   \              0000        
   \   00000C08   000000000000       DC16 0, 0, 0, 0, 0, 0, 8456, 32767, 31710, 32767
   \              000000000000
   \              0821FF7FDE7B
   \              FF7F        
   \   00000C1C   BD7784100000       DC16 30653, 4228, 0, 0, 0, 3171, 1079, 31, 31, 31
   \              00000000630C
   \              37041F001F00
   \              1F00        
   \   00000C30   1F001F001F00       DC16 31, 31, 31, 31, 31, 31, 31, 31, 31, 31
   \              1F001F001F00
   \              1F001F001F00
   \              1F00        
   \   00000C44   1F001F001F00       DC16 31, 31, 31, 31, 31, 31, 31, 31, 31, 31
   \              1F001F001F00
   \              1F001F001F00
   \              1F00        
   \   00000C58   1F001F001F00       DC16 31, 31, 31, 31, 31, 31, 31, 31, 31, 31
   \              1F001F001F00
   \              1F001F001F00
   \              1F00        
   \   00000C6C   1F001F001F00       DC16 31, 31, 31, 31, 31, 31, 31, 31, 31, 31
   \              1F001F001F00
   \              1F001F001F00
   \              1F00        
   \   00000C80   1F001F001F00       DC16 31, 31, 31, 31, 31, 31, 31, 31, 31, 31
   \              1F001F001F00
   \              1F001F001F00
   \              1F00        
   \   00000C94   1F001F001F00       DC16 31, 31, 31, 30, 14, 3189, 3199, 31, 17, 0
   \              1E000E00750C
   \              7F0C1F001100
   \              0000        
   \   00000CA8   000000000000       DC16 0, 0, 0, 0, 0, 0, 0, 0, 0, 0
   \              000000000000
   \              000000000000
   \              0000        
   \   00000CBC   000000003146       DC16 0, 0, 17969, 32767, 32767, 17969, 0, 0, 0, 0
   \              FF7FFF7F3146
   \              000000000000
   \              0000        
   \   00000CD0   630C37041F00       DC16 3171, 1079, 31, 31, 31, 31, 31, 31, 31, 31
   \              1F001F001F00
   \              1F001F001F00
   \              1F00        
   \   00000CE4   1F001F001F00       DC16 31, 31, 31, 31, 31, 31, 31, 31, 31, 31
   \              1F001F001F00
   \              1F001F001F00
   \              1F00        
   \   00000CF8   1F001F001F00       DC16 31, 31, 31, 31, 31, 31, 31, 31, 31, 31
   \              1F001F001F00
   \              1F001F001F00
   \              1F00        
   \   00000D0C   1F001F001F00       DC16 31, 31, 31, 31, 31, 31, 31, 31, 31, 31
   \              1F001F001F00
   \              1F001F001F00
   \              1F00        
   \   00000D20   1F001F001F00       DC16 31, 31, 31, 31, 31, 31, 31, 31, 31, 31
   \              1F001F001F00
   \              1F001F001F00
   \              1F00        
   \   00000D34   1F001F001F00       DC16 31, 31, 31, 31, 31, 31, 31, 31, 30, 14
   \              1F001F001F00
   \              1F001F001E00
   \              0E00        
   \   00000D48   750C7F0C1D00       DC16 3189, 3199, 29, 4, 0, 0, 0, 0, 0, 0
   \              040000000000
   \              000000000000
   \              0000        
   \   00000D5C   000000000000       DC16 0, 0, 0, 0, 0, 0, 0, 11627, 31710, 32767
   \              000000000000
   \              00006B2DDE7B
   \              FF7F        
   \   00000D70   D65A00000000       DC16 23254, 0, 0, 0, 0, 3171, 1079, 31, 31, 31
   \              00000000630C
   \              37041F001F00
   \              1F00        
   \   00000D84   1F001F001F00       DC16 31, 31, 31, 31, 31, 31, 31, 31, 31, 31
   \              1F001F001F00
   \              1F001F001F00
   \              1F00        
   \   00000D98   1F001F001F00       DC16 31, 31, 31, 31, 31, 31, 31, 31, 31, 31
   \              1F001F001F00
   \              1F001F001F00
   \              1F00        
   \   00000DAC   1F001F001F00       DC16 31, 31, 31, 31, 31, 31, 31, 31, 31, 31
   \              1F001F001F00
   \              1F001F001F00
   \              1F00        
   \   00000DC0   1F001F001F00       DC16 31, 31, 31, 31, 31, 31, 31, 31, 31, 31
   \              1F001F001F00
   \              1F001F001F00
   \              1F00        
   \   00000DD4   1F001F001F00       DC16 31, 31, 31, 31, 31, 31, 31, 31, 31, 31
   \              1F001F001F00
   \              1F001F001F00
   \              1F00        
   \   00000DE8   1F001F001F00       DC16 31, 31, 31, 30, 14, 3189, 3199, 31, 24, 2117
   \              1E000E00750C
   \              7F0C1F001800
   \              4508        
   \   00000DFC   410800000000       DC16 2113, 0, 0, 0, 0, 0, 0, 0, 0, 0
   \              000000000000
   \              000000000000
   \              0000        
   \   00000E10   0000630CF75E       DC16 0, 3171, 24311, 32767, 32767, 31710, 8456, 0, 0, 0
   \              FF7FFF7FDE7B
   \              082100000000
   \              0000        
   \   00000E24   630C37041F00       DC16 3171, 1079, 31, 31, 31, 31, 31, 31, 31, 31
   \              1F001F001F00
   \              1F001F001F00
   \              1F00        
   \   00000E38   1F001F001F00       DC16 31, 31, 31, 31, 31, 31, 31, 31, 31, 31
   \              1F001F001F00
   \              1F001F001F00
   \              1F00        
   \   00000E4C   1F001F001F00       DC16 31, 31, 31, 31, 31, 31, 31, 31, 31, 31
   \              1F001F001F00
   \              1F001F001F00
   \              1F00        
   \   00000E60   1F001F001F00       DC16 31, 31, 31, 31, 31, 31, 31, 31, 31, 31
   \              1F001F001F00
   \              1F001F001F00
   \              1F00        
   \   00000E74   1F001F001F00       DC16 31, 31, 31, 31, 31, 31, 31, 31, 31, 31
   \              1F001F001F00
   \              1F001F001F00
   \              1F00        
   \   00000E88   1F001F001F00       DC16 31, 31, 31, 31, 31, 31, 31, 31, 30, 14
   \              1F001F001F00
   \              1F001F001E00
   \              0E00        
   \   00000E9C   750C7F0C1F00       DC16 3189, 3199, 31, 31, 1081, 3174, 2113, 0, 0, 0
   \              1F003904660C
   \              410800000000
   \              0000        
   \   00000EB0   000000000000       DC16 0, 0, 0, 0, 0, 0, 16912, 32767, 14798, 29596
   \              000000000000
   \              1042FF7FCE39
   \              9C73        
   \   00000EC4   FF7FD65A0000       DC16 32767, 23254, 0, 0, 0, 3171, 1079, 31, 31, 31
   \              00000000630C
   \              37041F001F00
   \              1F00        
   \   00000ED8   1F001F001F00       DC16 31, 31, 31, 31, 31, 31, 31, 31, 31, 31
   \              1F001F001F00
   \              1F001F001F00
   \              1F00        
   \   00000EEC   1F001F001F00       DC16 31, 31, 31, 31, 31, 31, 31, 31, 31, 31
   \              1F001F001F00
   \              1F001F001F00
   \              1F00        
   \   00000F00   1F001F001F00       DC16 31, 31, 31, 31, 31, 31, 31, 31, 31, 31
   \              1F001F001F00
   \              1F001F001F00
   \              1F00        
   \   00000F14   1F001F001F00       DC16 31, 31, 31, 31, 31, 31, 31, 31, 31, 31
   \              1F001F001F00
   \              1F001F001F00
   \              1F00        
   \   00000F28   1F001F001F00       DC16 31, 31, 31, 31, 31, 31, 31, 31, 31, 31
   \              1F001F001F00
   \              1F001F001F00
   \              1F00        
   \   00000F3C   1F001F001F00       DC16 31, 31, 31, 30, 14, 3189, 3199, 31, 31, 31
   \              1E000E00750C
   \              7F0C1F001F00
   \              1F00        
   \   00000F50   3904650C4108       DC16 1081, 3173, 2113, 0, 0, 0, 0, 0, 0, 0
   \              000000000000
   \              000000000000
   \              0000        
   \   00000F64   C618DE7BF75E       DC16 6342, 31710, 24311, 0, 14798, 32767, 32767, 10570, 0, 0
   \              0000CE39FF7F
   \              FF7F4A290000
   \              0000        
   \   00000F78   630C37041F00       DC16 3171, 1079, 31, 31, 31, 31, 31, 31, 31, 31
   \              1F001F001F00
   \              1F001F001F00
   \              1F00        
   \   00000F8C   1F001F001F00       DC16 31, 31, 31, 31, 31, 31, 31, 31, 31, 31
   \              1F001F001F00
   \              1F001F001F00
   \              1F00        
   \   00000FA0   1F001F001F00       DC16 31, 31, 31, 31, 31, 31, 31, 31, 31, 31
   \              1F001F001F00
   \              1F001F001F00
   \              1F00        
   \   00000FB4   1F001F001F00       DC16 31, 31, 31, 31, 31, 31, 31, 31, 31, 31
   \              1F001F001F00
   \              1F001F001F00
   \              1F00        
   \   00000FC8   1F001F001F00       DC16 31, 31, 31, 31, 31, 31, 31, 31, 31, 31
   \              1F001F001F00
   \              1F001F001F00
   \              1F00        
   \   00000FDC   1F001F001F00       DC16 31, 31, 31, 31, 31, 31, 31, 31, 30, 14
   \              1F001F001F00
   \              1F001F001E00
   \              0E00        
   \   00000FF0   750C7F0C1F00       DC16 3189, 3199, 31, 31, 31, 31, 1080, 3173, 2113, 0
   \              1F001F001F00
   \              3804650C4108
   \              0000        
   \   00001004   000000000000       DC16 0, 0, 0, 0, 2114, 25368, 32767, 6342, 0, 2114
   \              000042081863
   \              FF7FC6180000
   \              4208        
   \   00001018   9C73FF7F7B6F       DC16 29596, 32767, 28539, 1057, 0, 3171, 1079, 31, 31, 31
   \              21040000630C
   \              37041F001F00
   \              1F00        
   \   0000102C   1F001F001F00       DC16 31, 31, 31, 31, 31, 31, 31, 31, 31, 31
   \              1F001F001F00
   \              1F001F001F00
   \              1F00        
   \   00001040   1F001F001F00       DC16 31, 31, 31, 31, 31, 31, 31, 31, 31, 31
   \              1F001F001F00
   \              1F001F001F00
   \              1F00        
   \   00001054   1F001F001F00       DC16 31, 31, 31, 31, 31, 31, 31, 31, 31, 31
   \              1F001F001F00
   \              1F001F001F00
   \              1F00        
   \   00001068   1F001F001F00       DC16 31, 31, 31, 31, 31, 31, 31, 31, 31, 31
   \              1F001F001F00
   \              1F001F001F00
   \              1F00        
   \   0000107C   1F001F001F00       DC16 31, 31, 31, 31, 31, 31, 31, 31, 31, 31
   \              1F001F001F00
   \              1F001F001F00
   \              1F00        
   \   00001090   1F001F001F00       DC16 31, 31, 31, 30, 14, 3189, 3199, 31, 31, 31
   \              1E000E00750C
   \              7F0C1F001F00
   \              1F00        
   \   000010A4   1F001F003804       DC16 31, 31, 1080, 3173, 2113, 0, 0, 0, 0, 11627
   \              650C41080000
   \              000000000000
   \              6B2D        
   \   000010B8   7B6F10420000       DC16 28539, 16912, 0, 0, 0, 12684, 27482, 28539, 10570, 0
   \              000000008C31
   \              5A6B7B6F4A29
   \              0000        
   \   000010CC   630C37041F00       DC16 3171, 1079, 31, 31, 31, 31, 31, 31, 31, 31
   \              1F001F001F00
   \              1F001F001F00
   \              1F00        
   \   000010E0   1F001F001F00       DC16 31, 31, 31, 31, 31, 31, 31, 31, 31, 31
   \              1F001F001F00
   \              1F001F001F00
   \              1F00        
   \   000010F4   1F001F001F00       DC16 31, 31, 31, 31, 31, 31, 31, 31, 31, 31
   \              1F001F001F00
   \              1F001F001F00
   \              1F00        
   \   00001108   1F001F001F00       DC16 31, 31, 31, 31, 31, 31, 31, 31, 31, 31
   \              1F001F001F00
   \              1F001F001F00
   \              1F00        
   \   0000111C   1F001F001F00       DC16 31, 31, 31, 31, 31, 31, 31, 31, 31, 31
   \              1F001F001F00
   \              1F001F001F00
   \              1F00        
   \   00001130   1F001F001F00       DC16 31, 31, 31, 31, 31, 31, 31, 31, 30, 14
   \              1F001F001F00
   \              1F001F001E00
   \              0E00        
   \   00001144   750C7F0C1F00       DC16 3189, 3199, 31, 31, 31, 31, 31, 31, 1080, 3173
   \              1F001F001F00
   \              1F001F003804
   \              650C        
   \   00001158   410800000000       DC16 2113, 0, 0, 0, 2114, 1057, 0, 0, 0, 0
   \              000042082104
   \              000000000000
   \              0000        
   \   0000116C   000021042104       DC16 0, 1057, 1057, 1057, 0, 3171, 1079, 31, 31, 31
   \              21040000630C
   \              37041F001F00
   \              1F00        
   \   00001180   1F001F001F00       DC16 31, 31, 31, 31, 31, 31, 31, 31, 31, 31
   \              1F001F001F00
   \              1F001F001F00
   \              1F00        
   \   00001194   1F001F001F00       DC16 31, 31, 31, 31, 31, 31, 31, 31, 31, 31
   \              1F001F001F00
   \              1F001F001F00
   \              1F00        
   \   000011A8   1F001F001F00       DC16 31, 31, 31, 31, 31, 31, 31, 31, 31, 31
   \              1F001F001F00
   \              1F001F001F00
   \              1F00        
   \   000011BC   1F001F001F00       DC16 31, 31, 31, 31, 31, 31, 31, 31, 31, 31
   \              1F001F001F00
   \              1F001F001F00
   \              1F00        
   \   000011D0   1F001F001F00       DC16 31, 31, 31, 31, 31, 31, 31, 31, 31, 31
   \              1F001F001F00
   \              1F001F001F00
   \              1F00        
   \   000011E4   1F001F001F00       DC16 31, 31, 31, 30, 14, 3189, 3199, 31, 31, 31
   \              1E000E00750C
   \              7F0C1F001F00
   \              1F00        
   \   000011F8   1F001F001F00       DC16 31, 31, 31, 31, 1079, 3172, 2113, 0, 0, 0
   \              1F003704640C
   \              410800000000
   \              0000        
   \   0000120C   000000000000       DC16 0, 0, 0, 0, 0, 0, 0, 0, 0, 0
   \              000000000000
   \              000000000000
   \              0000        
   \   00001220   630C37041F00       DC16 3171, 1079, 31, 31, 31, 31, 31, 31, 31, 31
   \              1F001F001F00
   \              1F001F001F00
   \              1F00        
   \   00001234   1F001F001F00       DC16 31, 31, 31, 31, 31, 31, 31, 31, 31, 31
   \              1F001F001F00
   \              1F001F001F00
   \              1F00        
   \   00001248   1F001F001F00       DC16 31, 31, 31, 31, 31, 31, 31, 31, 31, 31
   \              1F001F001F00
   \              1F001F001F00
   \              1F00        
   \   0000125C   1F001F001F00       DC16 31, 31, 31, 31, 31, 31, 31, 31, 31, 31
   \              1F001F001F00
   \              1F001F001F00
   \              1F00        
   \   00001270   1F001F001F00       DC16 31, 31, 31, 31, 31, 31, 31, 31, 31, 31
   \              1F001F001F00
   \              1F001F001F00
   \              1F00        
   \   00001284   1F001F001F00       DC16 31, 31, 31, 31, 31, 31, 31, 31, 30, 14
   \              1F001F001F00
   \              1F001F001E00
   \              0E00        
   \   00001298   750C7F0C1F00       DC16 3189, 3199, 31, 31, 31, 31, 31, 31, 31, 31
   \              1F001F001F00
   \              1F001F001F00
   \              1F00        
   \   000012AC   3704650C4108       DC16 1079, 3173, 2113, 0, 0, 0, 0, 0, 0, 0
   \              000000000000
   \              000000000000
   \              0000        
   \   000012C0   000000000000       DC16 0, 0, 0, 0, 0, 3171, 1079, 31, 31, 31
   \              00000000630C
   \              37041F001F00
   \              1F00        
   \   000012D4   1F001F001F00       DC16 31, 31, 31, 31, 31, 31, 31, 31, 31, 31
   \              1F001F001F00
   \              1F001F001F00
   \              1F00        
   \   000012E8   1F001F001F00       DC16 31, 31, 31, 31, 31, 31, 31, 31, 31, 31
   \              1F001F001F00
   \              1F001F001F00
   \              1F00        
   \   000012FC   1F001F001F00       DC16 31, 31, 31, 31, 31, 31, 31, 31, 31, 31
   \              1F001F001F00
   \              1F001F001F00
   \              1F00        
   \   00001310   1F001F001F00       DC16 31, 31, 31, 31, 31, 31, 31, 31, 31, 31
   \              1F001F001F00
   \              1F001F001F00
   \              1F00        
   \   00001324   1F001F001F00       DC16 31, 31, 31, 31, 31, 31, 31, 31, 31, 31
   \              1F001F001F00
   \              1F001F001F00
   \              1F00        
   \   00001338   1F001F001F00       DC16 31, 31, 31, 30, 14, 3189, 3199, 31, 31, 31
   \              1E000E00750C
   \              7F0C1F001F00
   \              1F00        
   \   0000134C   1F001F001F00       DC16 31, 31, 31, 31, 31, 31, 1079, 3172, 2113, 0
   \              1F001F001F00
   \              3704640C4108
   \              0000        
   \   00001360   000000000000       DC16 0, 0, 0, 0, 0, 0, 0, 0, 0, 0
   \              000000000000
   \              000000000000
   \              0000        
   \   00001374   630C37041F00       DC16 3171, 1079, 31, 31, 31, 31, 31, 31, 31, 31
   \              1F001F001F00
   \              1F001F001F00
   \              1F00        
   \   00001388   1F001F001F00       DC16 31, 31, 31, 31, 31, 31, 31, 31, 31, 31
   \              1F001F001F00
   \              1F001F001F00
   \              1F00        
   \   0000139C   1F001F001F00       DC16 31, 31, 31, 31, 31, 31, 31, 31, 31, 31
   \              1F001F001F00
   \              1F001F001F00
   \              1F00        
   \   000013B0   1F001F001F00       DC16 31, 31, 31, 31, 31, 31, 31, 31, 31, 31
   \              1F001F001F00
   \              1F001F001F00
   \              1F00        
   \   000013C4   1F001F001F00       DC16 31, 31, 31, 31, 31, 31, 31, 31, 31, 31
   \              1F001F001F00
   \              1F001F001F00
   \              1F00        
   \   000013D8   1F001F001F00       DC16 31, 31, 31, 31, 31, 31, 31, 31, 30, 14
   \              1F001F001F00
   \              1F001F001E00
   \              0E00        
   \   000013EC   750C7F0C1F00       DC16 3189, 3199, 31, 31, 31, 31, 31, 31, 31, 31
   \              1F001F001F00
   \              1F001F001F00
   \              1F00        
   \   00001400   1F001F003604       DC16 31, 31, 1078, 4229, 5283, 4227, 4227, 4227, 4227, 4227
   \              8510A3148310
   \              831083108310
   \              8310        
   \   00001414   831083108310       DC16 4227, 4227, 4227, 4227, 5284, 7397, 2135, 31, 31, 31
   \              8310A414E51C
   \              57081F001F00
   \              1F00        
   \   00001428   1F001F001F00       DC16 31, 31, 31, 31, 31, 31, 31, 31, 31, 31
   \              1F001F001F00
   \              1F001F001F00
   \              1F00        
   \   0000143C   1F001F001F00       DC16 31, 31, 31, 31, 31, 31, 31, 31, 31, 31
   \              1F001F001F00
   \              1F001F001F00
   \              1F00        
   \   00001450   1F001F001F00       DC16 31, 31, 31, 31, 31, 31, 31, 31, 31, 31
   \              1F001F001F00
   \              1F001F001F00
   \              1F00        
   \   00001464   1F001F001F00       DC16 31, 31, 31, 31, 31, 31, 31, 31, 31, 31
   \              1F001F001F00
   \              1F001F001F00
   \              1F00        
   \   00001478   1F001F001F00       DC16 31, 31, 31, 31, 31, 31, 31, 31, 31, 31
   \              1F001F001F00
   \              1F001F001F00
   \              1F00        
   \   0000148C   1F001F001F00       DC16 31, 31, 31, 30, 14, 3189, 3199, 31, 31, 31
   \              1E000E00750C
   \              7F0C1F001F00
   \              1F00        
   \   000014A0   1F001F001F00       DC16 31, 31, 31, 31, 31, 31, 31, 31, 2136, 8461
   \              1F001F001F00
   \              1F001F005808
   \              0D21        
   \   000014B4   4D294E294E29       DC16 10573, 10574, 10574, 10574, 10574, 10574, 10574, 10574, 10574, 10574
   \              4E294E294E29
   \              4E294E294E29
   \              4E29        
   \   000014C8   4F295A081F00       DC16 10575, 2138, 31, 31, 31, 31, 31, 31, 31, 31
   \              1F001F001F00
   \              1F001F001F00
   \              1F00        
   \   000014DC   1F001F001F00       DC16 31, 31, 31, 31, 31, 31, 31, 31, 31, 31
   \              1F001F001F00
   \              1F001F001F00
   \              1F00        
   \   000014F0   1F001F001F00       DC16 31, 31, 31, 31, 31, 31, 31, 31, 31, 31
   \              1F001F001F00
   \              1F001F001F00
   \              1F00        
   \   00001504   1F001F001F00       DC16 31, 31, 31, 31, 31, 31, 31, 31, 31, 31
   \              1F001F001F00
   \              1F001F001F00
   \              1F00        
   \   00001518   1F001F001F00       DC16 31, 31, 31, 31, 31, 31, 31, 31, 31, 31
   \              1F001F001F00
   \              1F001F001F00
   \              1F00        
   \   0000152C   1F001F001F00       DC16 31, 31, 31, 31, 31, 31, 31, 31, 30, 14
   \              1F001F001F00
   \              1F001F001E00
   \              0E00        
   \   00001540   750C7F0C1F00       DC16 3189, 3199, 31, 31, 31, 31, 31, 31, 31, 31
   \              1F001F001F00
   \              1F001F001F00
   \              1F00        
   \   00001554   1F001F001F00       DC16 31, 31, 31, 31, 31, 31, 31, 31, 31, 31
   \              1F001F001F00
   \              1F001F001F00
   \              1F00        
   \   00001568   1F001F001F00       DC16 31, 31, 31, 1087, 1087, 31, 31, 31, 31, 31
   \              3F043F041F00
   \              1F001F001F00
   \              1F00        
   \   0000157C   1F001F001F00       DC16 31, 31, 31, 31, 31, 31, 31, 31, 31, 31
   \              1F001F001F00
   \              1F001F001F00
   \              1F00        
   \   00001590   1F001F001F00       DC16 31, 31, 31, 31, 31, 31, 31, 31, 31, 31
   \              1F001F001F00
   \              1F001F001F00
   \              1F00        
   \   000015A4   1F001F001F00       DC16 31, 31, 31, 31, 31, 31, 31, 31, 31, 31
   \              1F001F001F00
   \              1F001F001F00
   \              1F00        
   \   000015B8   1F001F001F00       DC16 31, 31, 31, 31, 31, 31, 31, 31, 31, 31
   \              1F001F001F00
   \              1F001F001F00
   \              1F00        
   \   000015CC   1F001F001F00       DC16 31, 31, 31, 31, 31, 31, 31, 31, 31, 31
   \              1F001F001F00
   \              1F001F001F00
   \              1F00        
   \   000015E0   1F001F001F00       DC16 31, 31, 31, 30, 14, 3189, 3199, 31, 31, 31
   \              1E000E00750C
   \              7F0C1F001F00
   \              1F00        
   \   000015F4   1F001F001F00       DC16 31, 31, 31, 31, 31, 31, 31, 31, 31, 31
   \              1F001F001F00
   \              1F001F001F00
   \              1F00        
   \   00001608   1F001F001F00       DC16 31, 31, 31, 31, 31, 31, 31, 31, 31, 31
   \              1F001F001F00
   \              1F001F001F00
   \              1F00        
   \   0000161C   1F001F001F00       DC16 31, 31, 31, 31, 31, 31, 31, 31, 31, 31
   \              1F001F001F00
   \              1F001F001F00
   \              1F00        
   \   00001630   1F001F001F00       DC16 31, 31, 31, 31, 31, 31, 31, 31, 31, 31
   \              1F001F001F00
   \              1F001F001F00
   \              1F00        
   \   00001644   1F001F001F00       DC16 31, 31, 31, 31, 31, 31, 31, 31, 31, 31
   \              1F001F001F00
   \              1F001F001F00
   \              1F00        
   \   00001658   1F001F001F00       DC16 31, 31, 31, 31, 31, 31, 31, 31, 31, 31
   \              1F001F001F00
   \              1F001F001F00
   \              1F00        
   \   0000166C   1F001F001F00       DC16 31, 31, 31, 31, 31, 31, 31, 31, 31, 31
   \              1F001F001F00
   \              1F001F001F00
   \              1F00        
   \   00001680   1F001F001F00       DC16 31, 31, 31, 31, 31, 31, 31, 31, 30, 13
   \              1F001F001F00
   \              1F001F001E00
   \              0D00        
   \   00001694   740C7E0C1E00       DC16 3188, 3198, 30, 30, 30, 30, 30, 30, 30, 30
   \              1E001E001E00
   \              1E001E001E00
   \              1E00        
   \   000016A8   1E001E001E00       DC16 30, 30, 30, 30, 30, 30, 30, 30, 30, 30
   \              1E001E001E00
   \              1E001E001E00
   \              1E00        
   \   000016BC   1E001E001E00       DC16 30, 30, 30, 30, 30, 30, 30, 30, 30, 30
   \              1E001E001E00
   \              1E001E001E00
   \              1E00        
   \   000016D0   1E001E001E00       DC16 30, 30, 30, 30, 30, 30, 30, 30, 30, 30
   \              1E001E001E00
   \              1E001E001E00
   \              1E00        
   \   000016E4   1E001E001E00       DC16 30, 30, 30, 30, 30, 30, 30, 30, 30, 30
   \              1E001E001E00
   \              1E001E001E00
   \              1E00        
   \   000016F8   1E001E001E00       DC16 30, 30, 30, 30, 30, 30, 30, 30, 30, 30
   \              1E001E001E00
   \              1E001E001E00
   \              1E00        
   \   0000170C   1E001E001E00       DC16 30, 30, 30, 30, 30, 30, 30, 30, 30, 30
   \              1E001E001E00
   \              1E001E001E00
   \              1E00        
   \   00001720   1E001E001E00       DC16 30, 30, 30, 30, 30, 30, 30, 30, 30, 30
   \              1E001E001E00
   \              1E001E001E00
   \              1E00        
   \   00001734   1E001E001F00       DC16 30, 30, 31, 29, 13, 3187, 3197, 29, 29, 29
   \              1D000D00730C
   \              7D0C1D001D00
   \              1D00        
   \   00001748   1D001D001D00       DC16 29, 29, 29, 29, 29, 29, 29, 29, 29, 29
   \              1D001D001D00
   \              1D001D001D00
   \              1D00        
   \   0000175C   1D001D001D00       DC16 29, 29, 29, 29, 29, 29, 29, 29, 29, 29
   \              1D001D001D00
   \              1D001D001D00
   \              1D00        
   \   00001770   1D001D001D00       DC16 29, 29, 29, 29, 29, 29, 29, 29, 29, 29
   \              1D001D001D00
   \              1D001D001D00
   \              1D00        
   \   00001784   1D001D001D00       DC16 29, 29, 29, 29, 29, 29, 29, 29, 29, 29
   \              1D001D001D00
   \              1D001D001D00
   \              1D00        
   \   00001798   1D001D001D00       DC16 29, 29, 29, 29, 29, 29, 29, 29, 29, 29
   \              1D001D001D00
   \              1D001D001D00
   \              1D00        
   \   000017AC   1D001D001D00       DC16 29, 29, 29, 29, 29, 29, 29, 29, 29, 29
   \              1D001D001D00
   \              1D001D001D00
   \              1D00        
   \   000017C0   1D001D001D00       DC16 29, 29, 29, 29, 29, 29, 29, 29, 29, 29
   \              1D001D001D00
   \              1D001D001D00
   \              1D00        
   \   000017D4   1D001D001D00       DC16 29, 29, 29, 29, 29, 29, 29, 29, 28, 12
   \              1D001D001D00
   \              1D001D001C00
   \              0C00        
   \   000017E8   730C7B0C1B00       DC16 3187, 3195, 27, 27, 27, 27, 27, 27, 27, 27
   \              1B001B001B00
   \              1B001B001B00
   \              1B00        
   \   000017FC   1B001B001B00       DC16 27, 27, 27, 27, 27, 27, 27, 27, 27, 27
   \              1B001B001B00
   \              1B001B001B00
   \              1B00        
   \   00001810   1B001B001B00       DC16 27, 27, 27, 27, 27, 27, 27, 27, 27, 27
   \              1B001B001B00
   \              1B001B001B00
   \              1B00        
   \   00001824   1B001B001B00       DC16 27, 27, 27, 27, 27, 27, 27, 27, 27, 27
   \              1B001B001B00
   \              1B001B001B00
   \              1B00        
   \   00001838   1B001B001B00       DC16 27, 27, 27, 27, 27, 27, 27, 27, 27, 27
   \              1B001B001B00
   \              1B001B001B00
   \              1B00        
   \   0000184C   1B001B001B00       DC16 27, 27, 27, 27, 27, 27, 27, 27, 27, 27
   \              1B001B001B00
   \              1B001B001B00
   \              1B00        
   \   00001860   1B001B001B00       DC16 27, 27, 27, 27, 27, 27, 27, 27, 27, 27
   \              1B001B001B00
   \              1B001B001B00
   \              1B00        
   \   00001874   1B001B001B00       DC16 27, 27, 27, 27, 27, 27, 27, 27, 27, 27
   \              1B001B001B00
   \              1B001B001B00
   \              1B00        
   \   00001888   1B001B001C00       DC16 27, 27, 28, 26, 12, 1072, 1082, 26, 26, 26
   \              1A000C003004
   \              3A041A001A00
   \              1A00        
   \   0000189C   1A001A001A00       DC16 26, 26, 26, 26, 26, 26, 26, 26, 26, 26
   \              1A001A001A00
   \              1A001A001A00
   \              1A00        
   \   000018B0   1A001A001A00       DC16 26, 26, 26, 26, 26, 26, 26, 26, 26, 26
   \              1A001A001A00
   \              1A001A001A00
   \              1A00        
   \   000018C4   1A001A001A00       DC16 26, 26, 26, 26, 26, 26, 26, 26, 26, 26
   \              1A001A001A00
   \              1A001A001A00
   \              1A00        
   \   000018D8   1A001A001A00       DC16 26, 26, 26, 26, 26, 26, 26, 26, 26, 26
   \              1A001A001A00
   \              1A001A001A00
   \              1A00        
   \   000018EC   1A001A001A00       DC16 26, 26, 26, 26, 26, 26, 26, 26, 26, 26
   \              1A001A001A00
   \              1A001A001A00
   \              1A00        
   \   00001900   1A001A001A00       DC16 26, 26, 26, 26, 26, 26, 26, 26, 26, 26
   \              1A001A001A00
   \              1A001A001A00
   \              1A00        
   \   00001914   1A001A001A00       DC16 26, 26, 26, 26, 26, 26, 26, 26, 26, 26
   \              1A001A001A00
   \              1A001A001A00
   \              1A00        
   \   00001928   1A001A001A00       DC16 26, 26, 26, 26, 26, 26, 26, 26, 23, 9
   \              1A001A001A00
   \              1A001A001700
   \              0900        
   \   0000193C   060013001700       DC16 6, 19, 23, 24, 25, 25, 25, 25, 25, 25
   \              180019001900
   \              190019001900
   \              1900        
   \   00001950   190019001900       DC16 25, 25, 25, 25, 25, 25, 25, 25, 25, 25
   \              190019001900
   \              190019001900
   \              1900        
   \   00001964   190019001900       DC16 25, 25, 25, 25, 25, 25, 25, 25, 25, 25
   \              190019001900
   \              190019001900
   \              1900        
   \   00001978   190019001900       DC16 25, 25, 25, 25, 25, 25, 25, 25, 25, 25
   \              190019001900
   \              190019001900
   \              1900        
   \   0000198C   190019001900       DC16 25, 25, 25, 25, 25, 25, 25, 25, 25, 25
   \              190019001900
   \              190019001900
   \              1900        
   \   000019A0   190019001900       DC16 25, 25, 25, 25, 25, 25, 25, 25, 25, 25
   \              190019001900
   \              190019001900
   \              1900        
   \   000019B4   190019001900       DC16 25, 25, 25, 25, 25, 25, 25, 25, 25, 25
   \              190019001900
   \              190019001900
   \              1900        
   \   000019C8   190019001900       DC16 25, 25, 25, 25, 25, 25, 25, 25, 25, 25
   \              190019001900
   \              190019001900
   \              1900        
   \   000019DC   190018001600       DC16 25, 24, 22, 14, 3, 0, 4, 10, 12, 13
   \              0E0003000000
   \              04000A000C00
   \              0D00        
   \   000019F0   0D000D000D00       DC16 13, 13, 13, 13, 13, 13, 13, 13, 13, 13
   \              0D000D000D00
   \              0D000D000D00
   \              0D00        
   \   00001A04   0D000D000D00       DC16 13, 13, 13, 13, 13, 13, 13, 13, 13, 13
   \              0D000D000D00
   \              0D000D000D00
   \              0D00        
   \   00001A18   0D000D000D00       DC16 13, 13, 13, 13, 13, 13, 13, 13, 13, 13
   \              0D000D000D00
   \              0D000D000D00
   \              0D00        
   \   00001A2C   0D000D000D00       DC16 13, 13, 13, 13, 13, 13, 13, 13, 13, 13
   \              0D000D000D00
   \              0D000D000D00
   \              0D00        
   \   00001A40   0D000D000D00       DC16 13, 13, 13, 13, 13, 13, 13, 13, 13, 13
   \              0D000D000D00
   \              0D000D000D00
   \              0D00        
   \   00001A54   0D000D000D00       DC16 13, 13, 13, 13, 13, 13, 13, 13, 13, 13
   \              0D000D000D00
   \              0D000D000D00
   \              0D00        
   \   00001A68   0D000D000D00       DC16 13, 13, 13, 13, 13, 13, 13, 13, 13, 13
   \              0D000D000D00
   \              0D000D000D00
   \              0D00        
   \   00001A7C   0D000D000D00       DC16 13, 13, 13, 13, 13, 13, 12, 8, 3, 0
   \              0D000D000D00
   \              0C0008000300
   \              0000        
     32            0x0000, 0x0421, 0x35B2, 0x4E5C, 0x4A3C, 0x4A3C, 0x4A3C, 0x4A3C, 0x4A3C, 0x4A3C, 0x4A3C, 0x4A3C, 0x4A3C, 0x4A3C, 0x4A3C, 0x4A3C, 0x4A3C, 0x4A3C, 0x4A3C, 0x4A3C, 0x4A3C, 0x4A3C, 0x4A3C, 0x4A3C, 0x4A3C, 0x4A3C, 0x4A3C, 0x4A3C, 0x4A3C, 0x4A3C, 0x4A3C, 
     33                  0x4A3C, 0x4A3C, 0x4A3C, 0x4A3C, 0x4A3C, 0x4A3C, 0x4A3C, 0x4A3C, 0x4A3C, 0x4A3C, 0x4A3C, 0x4A3C, 0x4A3C, 0x4A3C, 0x4A3C, 0x4A3C, 0x4A3C, 0x4A3C, 0x4A3C, 0x4A3C, 0x4A3C, 0x4A3C, 0x4A3C, 0x4A3C, 0x4A3C, 0x4A3C, 0x4A3C, 0x4A3C, 0x4A3C, 0x4A3C, 
     34                  0x4A3C, 0x4A3C, 0x4A3C, 0x4A3C, 0x4A3C, 0x4A3C, 0x4A3C, 0x4A3C, 0x4A3C, 0x4A3C, 0x4A3C, 0x4A3C, 0x4A3C, 0x4A3C, 0x4A3C, 0x4A3C, 0x4A3C, 0x4A3C, 0x4A3C, 0x4A3C, 0x4A1C, 0x3176, 0x0845, 0x0000,
     35            0x0421, 0x2D52, 0x399B, 0x20FA, 0x1CBA, 0x1CBA, 0x1CBA, 0x1CBA, 0x1CBA, 0x1CBA, 0x1CBA, 0x1CBA, 0x1CBA, 0x1CBA, 0x1CBA, 0x1CBA, 0x1CBA, 0x1CBA, 0x1CBA, 0x1CBA, 0x1CBA, 0x1CBA, 0x1CBA, 0x1CBA, 0x1CBA, 0x1CBA, 0x1CBA, 0x1CBA, 0x1CBA, 0x1CBA, 0x1CBA, 
     36                  0x1CBA, 0x1CBA, 0x1CBA, 0x1CBA, 0x1CBA, 0x1CBA, 0x1CBA, 0x1CBA, 0x1CBA, 0x1CBA, 0x1CBA, 0x1CBA, 0x1CBA, 0x1CBA, 0x1CBA, 0x1CBA, 0x1CBA, 0x1CBA, 0x1CBA, 0x1CBA, 0x1CBA, 0x1CBA, 0x1CBA, 0x1CBA, 0x1CBA, 0x1CBA, 0x1CBA, 0x1CBA, 0x1CBA, 0x1CBA, 
     37                  0x1CBA, 0x1CBA, 0x1CBA, 0x1CBA, 0x1CBA, 0x1CBA, 0x1CBA, 0x1CBA, 0x1CBA, 0x1CBA, 0x1CBA, 0x1CBA, 0x1CBA, 0x1CBA, 0x1CBA, 0x1CBA, 0x1CBA, 0x1CBA, 0x1CBA, 0x1CBA, 0x1CBA, 0x20FA, 0x1896, 0x0004,
     38            0x148C, 0x293A, 0x0C39, 0x0419, 0x0419, 0x0419, 0x0419, 0x0419, 0x0419, 0x0419, 0x0419, 0x0419, 0x0419, 0x0419, 0x0419, 0x0419, 0x0419, 0x0419, 0x0419, 0x0419, 0x0419, 0x0419, 0x0419, 0x0419, 0x0419, 0x0419, 0x0419, 0x0419, 0x0419, 0x0419, 0x0419, 
     39                  0x0419, 0x0419, 0x0419, 0x0419, 0x0419, 0x0419, 0x0419, 0x0419, 0x0419, 0x0419, 0x0419, 0x0419, 0x0419, 0x0419, 0x0419, 0x0419, 0x0419, 0x0419, 0x0419, 0x0419, 0x0419, 0x0419, 0x0419, 0x0419, 0x0419, 0x0419, 0x0419, 0x0419, 0x0419, 0x0419, 
     40                  0x0419, 0x0419, 0x0419, 0x0419, 0x0419, 0x0419, 0x0419, 0x0419, 0x0419, 0x0419, 0x0419, 0x0419, 0x0419, 0x0419, 0x0419, 0x0419, 0x0419, 0x0419, 0x0419, 0x0419, 0x0419, 0x0819, 0x0C1A, 0x040B,
     41            0x1491, 0x1499, 0x0819, 0x0819, 0x0819, 0x0819, 0x0819, 0x0819, 0x0819, 0x0819, 0x0819, 0x0819, 0x0819, 0x0819, 0x0819, 0x0819, 0x0819, 0x0819, 0x0819, 0x0819, 0x0819, 0x0819, 0x0819, 0x0819, 0x0819, 0x0819, 0x0819, 0x0819, 0x0819, 0x0819, 0x0819, 
     42                  0x0819, 0x0819, 0x0819, 0x0819, 0x0819, 0x0819, 0x0819, 0x0819, 0x0819, 0x0819, 0x0819, 0x0819, 0x0819, 0x0819, 0x0819, 0x0819, 0x0819, 0x0819, 0x0819, 0x0819, 0x0819, 0x0819, 0x0819, 0x0819, 0x0819, 0x0819, 0x0819, 0x0819, 0x0819, 0x0819, 
     43                  0x0819, 0x0819, 0x0819, 0x0819, 0x0819, 0x0819, 0x0819, 0x0819, 0x0819, 0x0819, 0x0819, 0x0819, 0x0819, 0x0819, 0x0819, 0x0819, 0x0819, 0x0819, 0x0819, 0x0819, 0x0819, 0x081A, 0x0819, 0x040B,
     44            0x1072, 0x107A, 0x081A, 0x081A, 0x081A, 0x081A, 0x081A, 0x081A, 0x081A, 0x081A, 0x081A, 0x081A, 0x081A, 0x081A, 0x081A, 0x081A, 0x081A, 0x081A, 0x081A, 0x081A, 0x081A, 0x081A, 0x081A, 0x081A, 0x081A, 0x081A, 0x081A, 0x081A, 0x081A, 0x081A, 0x081A, 
     45                  0x081A, 0x081A, 0x081A, 0x081A, 0x081A, 0x081A, 0x081A, 0x081A, 0x081A, 0x081A, 0x081A, 0x081A, 0x081A, 0x081A, 0x081A, 0x081A, 0x081A, 0x081A, 0x081A, 0x081A, 0x081A, 0x081A, 0x081A, 0x081A, 0x081A, 0x081A, 0x081A, 0x081A, 0x081A, 0x081A, 
     46                  0x081A, 0x081A, 0x081A, 0x081A, 0x081A, 0x081A, 0x081A, 0x081A, 0x081A, 0x081A, 0x081A, 0x081A, 0x081A, 0x081A, 0x081A, 0x081A, 0x081A, 0x081A, 0x081A, 0x081A, 0x081A, 0x081A, 0x0819, 0x000B,
     47            0x1072, 0x107A, 0x081A, 0x081A, 0x081A, 0x081A, 0x081A, 0x081A, 0x081A, 0x081A, 0x081A, 0x081A, 0x081A, 0x081A, 0x081A, 0x081A, 0x081A, 0x081A, 0x081A, 0x081A, 0x081A, 0x081A, 0x081A, 0x081A, 0x081A, 0x081A, 0x081A, 0x081A, 0x081A, 0x081A, 0x081A, 
     48                  0x081A, 0x081A, 0x081A, 0x081A, 0x081A, 0x081A, 0x081A, 0x081A, 0x081A, 0x081A, 0x081A, 0x081A, 0x081A, 0x081A, 0x081A, 0x081A, 0x081A, 0x081A, 0x081A, 0x081A, 0x081A, 0x081A, 0x081A, 0x081A, 0x081A, 0x081A, 0x081A, 0x081A, 0x081A, 0x081A, 
     49                  0x081A, 0x081A, 0x081A, 0x081A, 0x081A, 0x081A, 0x081A, 0x081A, 0x081A, 0x081A, 0x081A, 0x081A, 0x081A, 0x081A, 0x081A, 0x081A, 0x081A, 0x081A, 0x081A, 0x081A, 0x081A, 0x081A, 0x0419, 0x000B,
     50            0x1072, 0x107A, 0x041B, 0x041B, 0x041B, 0x041B, 0x041B, 0x041B, 0x041B, 0x041B, 0x041B, 0x041B, 0x041B, 0x041B, 0x041B, 0x041B, 0x041B, 0x041B, 0x041B, 0x041B, 0x041B, 0x041B, 0x041B, 0x041B, 0x041B, 0x041B, 0x041B, 0x041B, 0x041B, 0x041B, 0x041B, 
     51                  0x041B, 0x041B, 0x041B, 0x041B, 0x041B, 0x041B, 0x041B, 0x041B, 0x041B, 0x041B, 0x041B, 0x041B, 0x041B, 0x041B, 0x041B, 0x041B, 0x041B, 0x041B, 0x041B, 0x041B, 0x041B, 0x041B, 0x041B, 0x041B, 0x041B, 0x041B, 0x041B, 0x041B, 0x041B, 0x041B, 
     52                  0x041B, 0x041B, 0x041B, 0x041B, 0x041B, 0x041B, 0x041B, 0x041B, 0x041B, 0x041B, 0x041B, 0x041B, 0x041B, 0x041B, 0x041B, 0x041B, 0x041B, 0x041B, 0x041B, 0x041B, 0x041B, 0x041B, 0x041A, 0x000B,
     53            0x1072, 0x107B, 0x041B, 0x041B, 0x041B, 0x041B, 0x041B, 0x041B, 0x041B, 0x041B, 0x041B, 0x041B, 0x041B, 0x041B, 0x041C, 0x041C, 0x041C, 0x041C, 0x041C, 0x041C, 0x041C, 0x041C, 0x041C, 0x041C, 0x041C, 0x041C, 0x041B, 0x041B, 0x041B, 0x041B, 0x041B, 
     54                  0x041B, 0x041B, 0x041B, 0x041B, 0x041B, 0x041B, 0x041B, 0x041B, 0x041B, 0x041B, 0x041B, 0x041B, 0x041B, 0x041B, 0x041B, 0x041B, 0x041B, 0x041B, 0x041B, 0x041B, 0x041B, 0x041B, 0x041B, 0x041B, 0x041B, 0x041B, 0x041B, 0x041B, 0x041B, 0x041B, 
     55                  0x041B, 0x041B, 0x041B, 0x041B, 0x041B, 0x041B, 0x041B, 0x041B, 0x041B, 0x041B, 0x041B, 0x041B, 0x041B, 0x041B, 0x041B, 0x041B, 0x041B, 0x041B, 0x041B, 0x041B, 0x041B, 0x041B, 0x041A, 0x000C,
     56            0x1073, 0x107B, 0x041C, 0x041C, 0x041C, 0x041C, 0x041C, 0x041C, 0x041C, 0x041C, 0x041C, 0x041C, 0x041C, 0x041C, 0x0417, 0x0416, 0x0416, 0x0416, 0x0416, 0x0416, 0x0416, 0x0416, 0x0416, 0x0416, 0x0416, 0x0416, 0x041A, 0x041C, 0x041C, 0x041C, 0x041C, 
     57                  0x041C, 0x041C, 0x041C, 0x041C, 0x041C, 0x041C, 0x041C, 0x041C, 0x041C, 0x041C, 0x041C, 0x041C, 0x041C, 0x041C, 0x041C, 0x041C, 0x041C, 0x041C, 0x041C, 0x041C, 0x041C, 0x041C, 0x041C, 0x041C, 0x041C, 0x041C, 0x041C, 0x041C, 0x041C, 0x041C, 
     58                  0x041C, 0x041C, 0x041C, 0x041C, 0x041C, 0x041C, 0x041C, 0x041C, 0x041C, 0x041C, 0x041C, 0x041C, 0x041C, 0x041C, 0x041C, 0x041C, 0x041C, 0x041C, 0x041C, 0x041C, 0x041C, 0x041C, 0x041B, 0x000C,
     59            0x1073, 0x107C, 0x041C, 0x041C, 0x041C, 0x041C, 0x041C, 0x041C, 0x041C, 0x041C, 0x041C, 0x041D, 0x041D, 0x000E, 0x0000, 0x0000, 0x0000, 0x0000, 0x0000, 0x0000, 0x0000, 0x0000, 0x0000, 0x0000, 0x0000, 0x0000, 0x0014, 0x041D, 0x041C, 0x041C, 0x041C, 
     60                  0x041C, 0x041C, 0x041C, 0x041C, 0x041C, 0x041C, 0x041C, 0x041C, 0x041C, 0x041C, 0x041C, 0x041C, 0x041C, 0x041C, 0x041C, 0x041C, 0x041C, 0x041C, 0x041C, 0x041C, 0x041C, 0x041C, 0x041C, 0x041C, 0x041C, 0x041C, 0x041C, 0x041C, 0x041C, 0x041C, 
     61                  0x041C, 0x041C, 0x041C, 0x041C, 0x041C, 0x041C, 0x041C, 0x041C, 0x041C, 0x041C, 0x041C, 0x041C, 0x041C, 0x041C, 0x041C, 0x041C, 0x041C, 0x041C, 0x041C, 0x041C, 0x041C, 0x041C, 0x041B, 0x000C,
     62            0x1073, 0x0C7C, 0x041D, 0x041D, 0x041D, 0x041D, 0x041D, 0x041D, 0x041D, 0x041D, 0x041D, 0x041E, 0x000E, 0x0000, 0x0000, 0x0000, 0x0000, 0x0000, 0x0000, 0x0000, 0x0000, 0x0000, 0x0000, 0x0000, 0x0000, 0x0421, 0x0434, 0x001E, 0x041D, 0x041D, 0x041D, 
     63                  0x041D, 0x041D, 0x041D, 0x041D, 0x041D, 0x041D, 0x041D, 0x041D, 0x041D, 0x041D, 0x041D, 0x041D, 0x041D, 0x041D, 0x041D, 0x041D, 0x041D, 0x041D, 0x041D, 0x041D, 0x041D, 0x041D, 0x041D, 0x041D, 0x041D, 0x041D, 0x041D, 0x041D, 0x041D, 0x041D, 
     64                  0x041D, 0x041D, 0x041D, 0x041D, 0x041D, 0x041D, 0x041D, 0x041D, 0x041D, 0x041D, 0x041D, 0x041D, 0x041D, 0x041D, 0x041D, 0x041D, 0x041D, 0x041D, 0x041D, 0x041D, 0x041D, 0x041D, 0x041C, 0x000C,
     65            0x0C73, 0x0C7D, 0x001D, 0x001D, 0x001D, 0x001D, 0x001D, 0x001D, 0x001D, 0x001E, 0x001E, 0x000E, 0x0000, 0x0000, 0x0000, 0x0000, 0x0000, 0x0000, 0x0000, 0x0000, 0x0000, 0x0000, 0x0000, 0x0000, 0x0000, 0x0C63, 0x0835, 0x001E, 0x001D, 0x001D, 0x001D, 
     66                  0x001D, 0x001D, 0x001D, 0x001D, 0x001D, 0x001D, 0x001D, 0x001D, 0x001D, 0x001D, 0x001D, 0x001D, 0x001D, 0x001D, 0x001D, 0x001D, 0x001D, 0x001D, 0x001D, 0x001D, 0x001D, 0x001D, 0x001D, 0x001D, 0x001D, 0x001D, 0x001D, 0x001D, 0x001D, 0x001D, 
     67                  0x001D, 0x001D, 0x001D, 0x001D, 0x001D, 0x001D, 0x001D, 0x001D, 0x001D, 0x001D, 0x001D, 0x001D, 0x001D, 0x001D, 0x001D, 0x001D, 0x001D, 0x001D, 0x001D, 0x001D, 0x001D, 0x001D, 0x001C, 0x000C,
     68            0x0C74, 0x0C7D, 0x001E, 0x001E, 0x001E, 0x001E, 0x001E, 0x001E, 0x001E, 0x001F, 0x000F, 0x0000, 0x0000, 0x0000, 0x0000, 0x0000, 0x0000, 0x0000, 0x0000, 0x0000, 0x0000, 0x0000, 0x0000, 0x0000, 0x0000, 0x0C63, 0x0436, 0x001F, 0x001E, 0x001E, 0x001E, 
     69                  0x001E, 0x001E, 0x001E, 0x001E, 0x001E, 0x001E, 0x001E, 0x001E, 0x001E, 0x001E, 0x001E, 0x001E, 0x001E, 0x001E, 0x001E, 0x001E, 0x001E, 0x001E, 0x001E, 0x001E, 0x001E, 0x001E, 0x001E, 0x001E, 0x001E, 0x001E, 0x001E, 0x001E, 0x001E, 0x001E, 
     70                  0x001E, 0x001E, 0x001E, 0x001E, 0x001E, 0x001E, 0x001E, 0x001E, 0x001E, 0x001E, 0x001E, 0x001E, 0x001E, 0x001E, 0x001E, 0x001E, 0x001E, 0x001E, 0x001E, 0x001E, 0x001E, 0x001E, 0x001D, 0x000D,
     71            0x0C74, 0x0C7E, 0x001E, 0x001E, 0x001E, 0x001E, 0x001E, 0x001F, 0x001F, 0x000F, 0x0000, 0x0000, 0x0000, 0x0000, 0x0000, 0x0000, 0x0000, 0x0000, 0x0000, 0x0000, 0x0000, 0x0000, 0x0000, 0x0000, 0x0000, 0x0C63, 0x0436, 0x001F, 0x001E, 0x001E, 0x001E, 
     72                  0x001E, 0x001E, 0x001E, 0x001E, 0x001E, 0x001E, 0x001E, 0x001E, 0x001E, 0x001E, 0x001E, 0x001E, 0x001E, 0x001E, 0x001E, 0x001E, 0x001E, 0x001E, 0x001E, 0x001E, 0x001E, 0x001E, 0x001E, 0x001E, 0x001E, 0x001E, 0x001E, 0x001E, 0x001E, 0x001E, 
     73                  0x001E, 0x001E, 0x001E, 0x001E, 0x001E, 0x001E, 0x001E, 0x001E, 0x001E, 0x001E, 0x001E, 0x001E, 0x001E, 0x001E, 0x001E, 0x001E, 0x001E, 0x001E, 0x001E, 0x001E, 0x001E, 0x001E, 0x001D, 0x000D,
     74            0x0C74, 0x0C7E, 0x001F, 0x001F, 0x001F, 0x001F, 0x001F, 0x001F, 0x0010, 0x0000, 0x0000, 0x0000, 0x0000, 0x0000, 0x0C63, 0x318C, 0x2D6B, 0x1CE7, 0x0000, 0x0000, 0x0000, 0x1CE7, 0x4210, 0x1CE7, 0x0000, 0x0C63, 0x0436, 0x001F, 0x001F, 0x001F, 0x001F, 
     75                  0x001F, 0x001F, 0x001F, 0x001F, 0x001F, 0x001F, 0x001F, 0x001F, 0x001F, 0x001F, 0x001F, 0x001F, 0x001F, 0x001F, 0x001F, 0x001F, 0x001F, 0x001F, 0x001F, 0x001F, 0x001F, 0x001F, 0x001F, 0x001F, 0x001F, 0x001F, 0x001F, 0x001F, 0x001F, 0x001F, 
     76                  0x001F, 0x001F, 0x001F, 0x001F, 0x001F, 0x001F, 0x001F, 0x001F, 0x001F, 0x001F, 0x001F, 0x001F, 0x001F, 0x001F, 0x001F, 0x001F, 0x001F, 0x001F, 0x001F, 0x001F, 0x001F, 0x001F, 0x001E, 0x000D,
     77            0x0C74, 0x0C7E, 0x001F, 0x001F, 0x001F, 0x001F, 0x001F, 0x0010, 0x0000, 0x0000, 0x0000, 0x0000, 0x0000, 0x0000, 0x0421, 0x5294, 0x739C, 0x6318, 0x0C63, 0x0000, 0x0C63, 0x6739, 0x6F7B, 0x0842, 0x0000, 0x0C63, 0x0437, 0x001F, 0x001F, 0x001F, 0x001F, 
     78                  0x001F, 0x001F, 0x001F, 0x001F, 0x001F, 0x001F, 0x001F, 0x001F, 0x001F, 0x001F, 0x001F, 0x001F, 0x001F, 0x001F, 0x001F, 0x001F, 0x001F, 0x001F, 0x001F, 0x001F, 0x001F, 0x001F, 0x001F, 0x001F, 0x001F, 0x001F, 0x001F, 0x001F, 0x001F, 0x001F, 
     79                  0x001F, 0x001F, 0x001F, 0x001F, 0x001F, 0x001F, 0x001F, 0x001F, 0x001F, 0x001F, 0x001F, 0x001F, 0x001F, 0x001F, 0x001F, 0x001F, 0x001F, 0x001F, 0x001F, 0x001F, 0x001F, 0x001F, 0x001E, 0x000D,
     80            0x0C75, 0x0C7F, 0x001F, 0x001F, 0x001F, 0x001F, 0x0010, 0x0000, 0x0000, 0x0000, 0x0000, 0x0000, 0x0000, 0x0000, 0x0000, 0x2529, 0x7FFF, 0x7FFF, 0x3DEF, 0x0000, 0x4631, 0x7FFF, 0x294A, 0x0000, 0x0000, 0x0C63, 0x0437, 0x001F, 0x001F, 0x001F, 0x001F, 
     81                  0x001F, 0x001F, 0x001F, 0x001F, 0x001F, 0x001F, 0x001F, 0x001F, 0x001F, 0x001F, 0x001F, 0x001F, 0x001F, 0x001F, 0x001F, 0x001F, 0x001F, 0x001F, 0x001F, 0x001F, 0x001F, 0x001F, 0x001F, 0x001F, 0x001F, 0x001F, 0x001F, 0x001F, 0x001F, 0x001F, 
     82                  0x001F, 0x001F, 0x001F, 0x001F, 0x001F, 0x001F, 0x001F, 0x001F, 0x001F, 0x001F, 0x001F, 0x001F, 0x001F, 0x001F, 0x001F, 0x001F, 0x001F, 0x001F, 0x001F, 0x001F, 0x001F, 0x001F, 0x001E, 0x000D,
     83            0x0C75, 0x0C7F, 0x001F, 0x001F, 0x001F, 0x0011, 0x0000, 0x0000, 0x0000, 0x0000, 0x0000, 0x0000, 0x0000, 0x0000, 0x0000, 0x0000, 0x5AD6, 0x7FFF, 0x6739, 0x35AD, 0x7BDE, 0x56B5, 0x0000, 0x0000, 0x0000, 0x0C63, 0x0437, 0x001F, 0x001F, 0x001F, 0x001F, 
     84                  0x001F, 0x001F, 0x001F, 0x001F, 0x001F, 0x001F, 0x001F, 0x001F, 0x001F, 0x001F, 0x001F, 0x001F, 0x001F, 0x001F, 0x001F, 0x001F, 0x001F, 0x001F, 0x001F, 0x001F, 0x001F, 0x001F, 0x001F, 0x001F, 0x001F, 0x001F, 0x001F, 0x001F, 0x001F, 0x001F, 
     85                  0x001F, 0x001F, 0x001F, 0x001F, 0x001F, 0x001F, 0x001F, 0x001F, 0x001F, 0x001F, 0x001F, 0x001F, 0x001F, 0x001F, 0x001F, 0x001F, 0x001F, 0x001F, 0x001F, 0x001F, 0x001F, 0x001F, 0x001E, 0x000E,
     86            0x0C75, 0x0C7F, 0x001F, 0x001F, 0x0011, 0x0000, 0x0000, 0x0000, 0x0000, 0x0000, 0x0000, 0x0000, 0x0000, 0x0000, 0x0000, 0x0000, 0x2108, 0x7FFF, 0x7BDE, 0x7FFF, 0x77BD, 0x1084, 0x0000, 0x0000, 0x0000, 0x0C63, 0x0437, 0x001F, 0x001F, 0x001F, 0x001F, 
     87                  0x001F, 0x001F, 0x001F, 0x001F, 0x001F, 0x001F, 0x001F, 0x001F, 0x001F, 0x001F, 0x001F, 0x001F, 0x001F, 0x001F, 0x001F, 0x001F, 0x001F, 0x001F, 0x001F, 0x001F, 0x001F, 0x001F, 0x001F, 0x001F, 0x001F, 0x001F, 0x001F, 0x001F, 0x001F, 0x001F, 
     88                  0x001F, 0x001F, 0x001F, 0x001F, 0x001F, 0x001F, 0x001F, 0x001F, 0x001F, 0x001F, 0x001F, 0x001F, 0x001F, 0x001F, 0x001F, 0x001F, 0x001F, 0x001F, 0x001F, 0x001F, 0x001F, 0x001F, 0x001E, 0x000E,
     89            0x0C75, 0x0C7F, 0x001F, 0x0011, 0x0000, 0x0000, 0x0000, 0x0000, 0x0000, 0x0000, 0x0000, 0x0000, 0x0000, 0x0000, 0x0000, 0x0000, 0x0000, 0x4631, 0x7FFF, 0x7FFF, 0x4631, 0x0000, 0x0000, 0x0000, 0x0000, 0x0C63, 0x0437, 0x001F, 0x001F, 0x001F, 0x001F, 
     90                  0x001F, 0x001F, 0x001F, 0x001F, 0x001F, 0x001F, 0x001F, 0x001F, 0x001F, 0x001F, 0x001F, 0x001F, 0x001F, 0x001F, 0x001F, 0x001F, 0x001F, 0x001F, 0x001F, 0x001F, 0x001F, 0x001F, 0x001F, 0x001F, 0x001F, 0x001F, 0x001F, 0x001F, 0x001F, 0x001F, 
     91                  0x001F, 0x001F, 0x001F, 0x001F, 0x001F, 0x001F, 0x001F, 0x001F, 0x001F, 0x001F, 0x001F, 0x001F, 0x001F, 0x001F, 0x001F, 0x001F, 0x001F, 0x001F, 0x001F, 0x001F, 0x001F, 0x001F, 0x001E, 0x000E,
     92            0x0C75, 0x0C7F, 0x001D, 0x0004, 0x0000, 0x0000, 0x0000, 0x0000, 0x0000, 0x0000, 0x0000, 0x0000, 0x0000, 0x0000, 0x0000, 0x0000, 0x0000, 0x2D6B, 0x7BDE, 0x7FFF, 0x5AD6, 0x0000, 0x0000, 0x0000, 0x0000, 0x0C63, 0x0437, 0x001F, 0x001F, 0x001F, 0x001F, 
     93                  0x001F, 0x001F, 0x001F, 0x001F, 0x001F, 0x001F, 0x001F, 0x001F, 0x001F, 0x001F, 0x001F, 0x001F, 0x001F, 0x001F, 0x001F, 0x001F, 0x001F, 0x001F, 0x001F, 0x001F, 0x001F, 0x001F, 0x001F, 0x001F, 0x001F, 0x001F, 0x001F, 0x001F, 0x001F, 0x001F, 
     94                  0x001F, 0x001F, 0x001F, 0x001F, 0x001F, 0x001F, 0x001F, 0x001F, 0x001F, 0x001F, 0x001F, 0x001F, 0x001F, 0x001F, 0x001F, 0x001F, 0x001F, 0x001F, 0x001F, 0x001F, 0x001F, 0x001F, 0x001E, 0x000E,
     95            0x0C75, 0x0C7F, 0x001F, 0x0018, 0x0845, 0x0841, 0x0000, 0x0000, 0x0000, 0x0000, 0x0000, 0x0000, 0x0000, 0x0000, 0x0000, 0x0000, 0x0C63, 0x5EF7, 0x7FFF, 0x7FFF, 0x7BDE, 0x2108, 0x0000, 0x0000, 0x0000, 0x0C63, 0x0437, 0x001F, 0x001F, 0x001F, 0x001F, 
     96                  0x001F, 0x001F, 0x001F, 0x001F, 0x001F, 0x001F, 0x001F, 0x001F, 0x001F, 0x001F, 0x001F, 0x001F, 0x001F, 0x001F, 0x001F, 0x001F, 0x001F, 0x001F, 0x001F, 0x001F, 0x001F, 0x001F, 0x001F, 0x001F, 0x001F, 0x001F, 0x001F, 0x001F, 0x001F, 0x001F, 
     97                  0x001F, 0x001F, 0x001F, 0x001F, 0x001F, 0x001F, 0x001F, 0x001F, 0x001F, 0x001F, 0x001F, 0x001F, 0x001F, 0x001F, 0x001F, 0x001F, 0x001F, 0x001F, 0x001F, 0x001F, 0x001F, 0x001F, 0x001E, 0x000E,
     98            0x0C75, 0x0C7F, 0x001F, 0x001F, 0x0439, 0x0C66, 0x0841, 0x0000, 0x0000, 0x0000, 0x0000, 0x0000, 0x0000, 0x0000, 0x0000, 0x0000, 0x4210, 0x7FFF, 0x39CE, 0x739C, 0x7FFF, 0x5AD6, 0x0000, 0x0000, 0x0000, 0x0C63, 0x0437, 0x001F, 0x001F, 0x001F, 0x001F, 
     99                  0x001F, 0x001F, 0x001F, 0x001F, 0x001F, 0x001F, 0x001F, 0x001F, 0x001F, 0x001F, 0x001F, 0x001F, 0x001F, 0x001F, 0x001F, 0x001F, 0x001F, 0x001F, 0x001F, 0x001F, 0x001F, 0x001F, 0x001F, 0x001F, 0x001F, 0x001F, 0x001F, 0x001F, 0x001F, 0x001F, 
    100                  0x001F, 0x001F, 0x001F, 0x001F, 0x001F, 0x001F, 0x001F, 0x001F, 0x001F, 0x001F, 0x001F, 0x001F, 0x001F, 0x001F, 0x001F, 0x001F, 0x001F, 0x001F, 0x001F, 0x001F, 0x001F, 0x001F, 0x001E, 0x000E,
    101            0x0C75, 0x0C7F, 0x001F, 0x001F, 0x001F, 0x0439, 0x0C65, 0x0841, 0x0000, 0x0000, 0x0000, 0x0000, 0x0000, 0x0000, 0x0000, 0x18C6, 0x7BDE, 0x5EF7, 0x0000, 0x39CE, 0x7FFF, 0x7FFF, 0x294A, 0x0000, 0x0000, 0x0C63, 0x0437, 0x001F, 0x001F, 0x001F, 0x001F, 
    102                  0x001F, 0x001F, 0x001F, 0x001F, 0x001F, 0x001F, 0x001F, 0x001F, 0x001F, 0x001F, 0x001F, 0x001F, 0x001F, 0x001F, 0x001F, 0x001F, 0x001F, 0x001F, 0x001F, 0x001F, 0x001F, 0x001F, 0x001F, 0x001F, 0x001F, 0x001F, 0x001F, 0x001F, 0x001F, 0x001F, 
    103                  0x001F, 0x001F, 0x001F, 0x001F, 0x001F, 0x001F, 0x001F, 0x001F, 0x001F, 0x001F, 0x001F, 0x001F, 0x001F, 0x001F, 0x001F, 0x001F, 0x001F, 0x001F, 0x001F, 0x001F, 0x001F, 0x001F, 0x001E, 0x000E,
    104            0x0C75, 0x0C7F, 0x001F, 0x001F, 0x001F, 0x001F, 0x0438, 0x0C65, 0x0841, 0x0000, 0x0000, 0x0000, 0x0000, 0x0000, 0x0842, 0x6318, 0x7FFF, 0x18C6, 0x0000, 0x0842, 0x739C, 0x7FFF, 0x6F7B, 0x0421, 0x0000, 0x0C63, 0x0437, 0x001F, 0x001F, 0x001F, 0x001F, 
    105                  0x001F, 0x001F, 0x001F, 0x001F, 0x001F, 0x001F, 0x001F, 0x001F, 0x001F, 0x001F, 0x001F, 0x001F, 0x001F, 0x001F, 0x001F, 0x001F, 0x001F, 0x001F, 0x001F, 0x001F, 0x001F, 0x001F, 0x001F, 0x001F, 0x001F, 0x001F, 0x001F, 0x001F, 0x001F, 0x001F, 
    106                  0x001F, 0x001F, 0x001F, 0x001F, 0x001F, 0x001F, 0x001F, 0x001F, 0x001F, 0x001F, 0x001F, 0x001F, 0x001F, 0x001F, 0x001F, 0x001F, 0x001F, 0x001F, 0x001F, 0x001F, 0x001F, 0x001F, 0x001E, 0x000E,
    107            0x0C75, 0x0C7F, 0x001F, 0x001F, 0x001F, 0x001F, 0x001F, 0x0438, 0x0C65, 0x0841, 0x0000, 0x0000, 0x0000, 0x0000, 0x2D6B, 0x6F7B, 0x4210, 0x0000, 0x0000, 0x0000, 0x318C, 0x6B5A, 0x6F7B, 0x294A, 0x0000, 0x0C63, 0x0437, 0x001F, 0x001F, 0x001F, 0x001F, 
    108                  0x001F, 0x001F, 0x001F, 0x001F, 0x001F, 0x001F, 0x001F, 0x001F, 0x001F, 0x001F, 0x001F, 0x001F, 0x001F, 0x001F, 0x001F, 0x001F, 0x001F, 0x001F, 0x001F, 0x001F, 0x001F, 0x001F, 0x001F, 0x001F, 0x001F, 0x001F, 0x001F, 0x001F, 0x001F, 0x001F, 
    109                  0x001F, 0x001F, 0x001F, 0x001F, 0x001F, 0x001F, 0x001F, 0x001F, 0x001F, 0x001F, 0x001F, 0x001F, 0x001F, 0x001F, 0x001F, 0x001F, 0x001F, 0x001F, 0x001F, 0x001F, 0x001F, 0x001F, 0x001E, 0x000E,
    110            0x0C75, 0x0C7F, 0x001F, 0x001F, 0x001F, 0x001F, 0x001F, 0x001F, 0x0438, 0x0C65, 0x0841, 0x0000, 0x0000, 0x0000, 0x0842, 0x0421, 0x0000, 0x0000, 0x0000, 0x0000, 0x0000, 0x0421, 0x0421, 0x0421, 0x0000, 0x0C63, 0x0437, 0x001F, 0x001F, 0x001F, 0x001F, 
    111                  0x001F, 0x001F, 0x001F, 0x001F, 0x001F, 0x001F, 0x001F, 0x001F, 0x001F, 0x001F, 0x001F, 0x001F, 0x001F, 0x001F, 0x001F, 0x001F, 0x001F, 0x001F, 0x001F, 0x001F, 0x001F, 0x001F, 0x001F, 0x001F, 0x001F, 0x001F, 0x001F, 0x001F, 0x001F, 0x001F, 
    112                  0x001F, 0x001F, 0x001F, 0x001F, 0x001F, 0x001F, 0x001F, 0x001F, 0x001F, 0x001F, 0x001F, 0x001F, 0x001F, 0x001F, 0x001F, 0x001F, 0x001F, 0x001F, 0x001F, 0x001F, 0x001F, 0x001F, 0x001E, 0x000E,
    113            0x0C75, 0x0C7F, 0x001F, 0x001F, 0x001F, 0x001F, 0x001F, 0x001F, 0x001F, 0x0437, 0x0C64, 0x0841, 0x0000, 0x0000, 0x0000, 0x0000, 0x0000, 0x0000, 0x0000, 0x0000, 0x0000, 0x0000, 0x0000, 0x0000, 0x0000, 0x0C63, 0x0437, 0x001F, 0x001F, 0x001F, 0x001F, 
    114                  0x001F, 0x001F, 0x001F, 0x001F, 0x001F, 0x001F, 0x001F, 0x001F, 0x001F, 0x001F, 0x001F, 0x001F, 0x001F, 0x001F, 0x001F, 0x001F, 0x001F, 0x001F, 0x001F, 0x001F, 0x001F, 0x001F, 0x001F, 0x001F, 0x001F, 0x001F, 0x001F, 0x001F, 0x001F, 0x001F, 
    115                  0x001F, 0x001F, 0x001F, 0x001F, 0x001F, 0x001F, 0x001F, 0x001F, 0x001F, 0x001F, 0x001F, 0x001F, 0x001F, 0x001F, 0x001F, 0x001F, 0x001F, 0x001F, 0x001F, 0x001F, 0x001F, 0x001F, 0x001E, 0x000E,
    116            0x0C75, 0x0C7F, 0x001F, 0x001F, 0x001F, 0x001F, 0x001F, 0x001F, 0x001F, 0x001F, 0x0437, 0x0C65, 0x0841, 0x0000, 0x0000, 0x0000, 0x0000, 0x0000, 0x0000, 0x0000, 0x0000, 0x0000, 0x0000, 0x0000, 0x0000, 0x0C63, 0x0437, 0x001F, 0x001F, 0x001F, 0x001F, 
    117                  0x001F, 0x001F, 0x001F, 0x001F, 0x001F, 0x001F, 0x001F, 0x001F, 0x001F, 0x001F, 0x001F, 0x001F, 0x001F, 0x001F, 0x001F, 0x001F, 0x001F, 0x001F, 0x001F, 0x001F, 0x001F, 0x001F, 0x001F, 0x001F, 0x001F, 0x001F, 0x001F, 0x001F, 0x001F, 0x001F, 
    118                  0x001F, 0x001F, 0x001F, 0x001F, 0x001F, 0x001F, 0x001F, 0x001F, 0x001F, 0x001F, 0x001F, 0x001F, 0x001F, 0x001F, 0x001F, 0x001F, 0x001F, 0x001F, 0x001F, 0x001F, 0x001F, 0x001F, 0x001E, 0x000E,
    119            0x0C75, 0x0C7F, 0x001F, 0x001F, 0x001F, 0x001F, 0x001F, 0x001F, 0x001F, 0x001F, 0x001F, 0x0437, 0x0C64, 0x0841, 0x0000, 0x0000, 0x0000, 0x0000, 0x0000, 0x0000, 0x0000, 0x0000, 0x0000, 0x0000, 0x0000, 0x0C63, 0x0437, 0x001F, 0x001F, 0x001F, 0x001F, 
    120                  0x001F, 0x001F, 0x001F, 0x001F, 0x001F, 0x001F, 0x001F, 0x001F, 0x001F, 0x001F, 0x001F, 0x001F, 0x001F, 0x001F, 0x001F, 0x001F, 0x001F, 0x001F, 0x001F, 0x001F, 0x001F, 0x001F, 0x001F, 0x001F, 0x001F, 0x001F, 0x001F, 0x001F, 0x001F, 0x001F, 
    121                  0x001F, 0x001F, 0x001F, 0x001F, 0x001F, 0x001F, 0x001F, 0x001F, 0x001F, 0x001F, 0x001F, 0x001F, 0x001F, 0x001F, 0x001F, 0x001F, 0x001F, 0x001F, 0x001F, 0x001F, 0x001F, 0x001F, 0x001E, 0x000E,
    122            0x0C75, 0x0C7F, 0x001F, 0x001F, 0x001F, 0x001F, 0x001F, 0x001F, 0x001F, 0x001F, 0x001F, 0x001F, 0x0436, 0x1085, 0x14A3, 0x1083, 0x1083, 0x1083, 0x1083, 0x1083, 0x1083, 0x1083, 0x1083, 0x1083, 0x14A4, 0x1CE5, 0x0857, 0x001F, 0x001F, 0x001F, 0x001F, 
    123                  0x001F, 0x001F, 0x001F, 0x001F, 0x001F, 0x001F, 0x001F, 0x001F, 0x001F, 0x001F, 0x001F, 0x001F, 0x001F, 0x001F, 0x001F, 0x001F, 0x001F, 0x001F, 0x001F, 0x001F, 0x001F, 0x001F, 0x001F, 0x001F, 0x001F, 0x001F, 0x001F, 0x001F, 0x001F, 0x001F, 
    124                  0x001F, 0x001F, 0x001F, 0x001F, 0x001F, 0x001F, 0x001F, 0x001F, 0x001F, 0x001F, 0x001F, 0x001F, 0x001F, 0x001F, 0x001F, 0x001F, 0x001F, 0x001F, 0x001F, 0x001F, 0x001F, 0x001F, 0x001E, 0x000E,
    125            0x0C75, 0x0C7F, 0x001F, 0x001F, 0x001F, 0x001F, 0x001F, 0x001F, 0x001F, 0x001F, 0x001F, 0x001F, 0x001F, 0x0858, 0x210D, 0x294D, 0x294E, 0x294E, 0x294E, 0x294E, 0x294E, 0x294E, 0x294E, 0x294E, 0x294E, 0x294F, 0x085A, 0x001F, 0x001F, 0x001F, 0x001F, 
    126                  0x001F, 0x001F, 0x001F, 0x001F, 0x001F, 0x001F, 0x001F, 0x001F, 0x001F, 0x001F, 0x001F, 0x001F, 0x001F, 0x001F, 0x001F, 0x001F, 0x001F, 0x001F, 0x001F, 0x001F, 0x001F, 0x001F, 0x001F, 0x001F, 0x001F, 0x001F, 0x001F, 0x001F, 0x001F, 0x001F, 
    127                  0x001F, 0x001F, 0x001F, 0x001F, 0x001F, 0x001F, 0x001F, 0x001F, 0x001F, 0x001F, 0x001F, 0x001F, 0x001F, 0x001F, 0x001F, 0x001F, 0x001F, 0x001F, 0x001F, 0x001F, 0x001F, 0x001F, 0x001E, 0x000E,
    128            0x0C75, 0x0C7F, 0x001F, 0x001F, 0x001F, 0x001F, 0x001F, 0x001F, 0x001F, 0x001F, 0x001F, 0x001F, 0x001F, 0x001F, 0x001F, 0x001F, 0x001F, 0x001F, 0x001F, 0x001F, 0x001F, 0x001F, 0x001F, 0x043F, 0x043F, 0x001F, 0x001F, 0x001F, 0x001F, 0x001F, 0x001F, 
    129                  0x001F, 0x001F, 0x001F, 0x001F, 0x001F, 0x001F, 0x001F, 0x001F, 0x001F, 0x001F, 0x001F, 0x001F, 0x001F, 0x001F, 0x001F, 0x001F, 0x001F, 0x001F, 0x001F, 0x001F, 0x001F, 0x001F, 0x001F, 0x001F, 0x001F, 0x001F, 0x001F, 0x001F, 0x001F, 0x001F, 
    130                  0x001F, 0x001F, 0x001F, 0x001F, 0x001F, 0x001F, 0x001F, 0x001F, 0x001F, 0x001F, 0x001F, 0x001F, 0x001F, 0x001F, 0x001F, 0x001F, 0x001F, 0x001F, 0x001F, 0x001F, 0x001F, 0x001F, 0x001E, 0x000E,
    131            0x0C75, 0x0C7F, 0x001F, 0x001F, 0x001F, 0x001F, 0x001F, 0x001F, 0x001F, 0x001F, 0x001F, 0x001F, 0x001F, 0x001F, 0x001F, 0x001F, 0x001F, 0x001F, 0x001F, 0x001F, 0x001F, 0x001F, 0x001F, 0x001F, 0x001F, 0x001F, 0x001F, 0x001F, 0x001F, 0x001F, 0x001F, 
    132                  0x001F, 0x001F, 0x001F, 0x001F, 0x001F, 0x001F, 0x001F, 0x001F, 0x001F, 0x001F, 0x001F, 0x001F, 0x001F, 0x001F, 0x001F, 0x001F, 0x001F, 0x001F, 0x001F, 0x001F, 0x001F, 0x001F, 0x001F, 0x001F, 0x001F, 0x001F, 0x001F, 0x001F, 0x001F, 0x001F, 
    133                  0x001F, 0x001F, 0x001F, 0x001F, 0x001F, 0x001F, 0x001F, 0x001F, 0x001F, 0x001F, 0x001F, 0x001F, 0x001F, 0x001F, 0x001F, 0x001F, 0x001F, 0x001F, 0x001F, 0x001F, 0x001F, 0x001F, 0x001E, 0x000D,
    134            0x0C74, 0x0C7E, 0x001E, 0x001E, 0x001E, 0x001E, 0x001E, 0x001E, 0x001E, 0x001E, 0x001E, 0x001E, 0x001E, 0x001E, 0x001E, 0x001E, 0x001E, 0x001E, 0x001E, 0x001E, 0x001E, 0x001E, 0x001E, 0x001E, 0x001E, 0x001E, 0x001E, 0x001E, 0x001E, 0x001E, 0x001E, 
    135                  0x001E, 0x001E, 0x001E, 0x001E, 0x001E, 0x001E, 0x001E, 0x001E, 0x001E, 0x001E, 0x001E, 0x001E, 0x001E, 0x001E, 0x001E, 0x001E, 0x001E, 0x001E, 0x001E, 0x001E, 0x001E, 0x001E, 0x001E, 0x001E, 0x001E, 0x001E, 0x001E, 0x001E, 0x001E, 0x001E, 
    136                  0x001E, 0x001E, 0x001E, 0x001E, 0x001E, 0x001E, 0x001E, 0x001E, 0x001E, 0x001E, 0x001E, 0x001E, 0x001E, 0x001E, 0x001E, 0x001E, 0x001E, 0x001E, 0x001E, 0x001E, 0x001E, 0x001F, 0x001D, 0x000D,
    137            0x0C73, 0x0C7D, 0x001D, 0x001D, 0x001D, 0x001D, 0x001D, 0x001D, 0x001D, 0x001D, 0x001D, 0x001D, 0x001D, 0x001D, 0x001D, 0x001D, 0x001D, 0x001D, 0x001D, 0x001D, 0x001D, 0x001D, 0x001D, 0x001D, 0x001D, 0x001D, 0x001D, 0x001D, 0x001D, 0x001D, 0x001D, 
    138                  0x001D, 0x001D, 0x001D, 0x001D, 0x001D, 0x001D, 0x001D, 0x001D, 0x001D, 0x001D, 0x001D, 0x001D, 0x001D, 0x001D, 0x001D, 0x001D, 0x001D, 0x001D, 0x001D, 0x001D, 0x001D, 0x001D, 0x001D, 0x001D, 0x001D, 0x001D, 0x001D, 0x001D, 0x001D, 0x001D, 
    139                  0x001D, 0x001D, 0x001D, 0x001D, 0x001D, 0x001D, 0x001D, 0x001D, 0x001D, 0x001D, 0x001D, 0x001D, 0x001D, 0x001D, 0x001D, 0x001D, 0x001D, 0x001D, 0x001D, 0x001D, 0x001D, 0x001D, 0x001C, 0x000C,
    140            0x0C73, 0x0C7B, 0x001B, 0x001B, 0x001B, 0x001B, 0x001B, 0x001B, 0x001B, 0x001B, 0x001B, 0x001B, 0x001B, 0x001B, 0x001B, 0x001B, 0x001B, 0x001B, 0x001B, 0x001B, 0x001B, 0x001B, 0x001B, 0x001B, 0x001B, 0x001B, 0x001B, 0x001B, 0x001B, 0x001B, 0x001B, 
    141                  0x001B, 0x001B, 0x001B, 0x001B, 0x001B, 0x001B, 0x001B, 0x001B, 0x001B, 0x001B, 0x001B, 0x001B, 0x001B, 0x001B, 0x001B, 0x001B, 0x001B, 0x001B, 0x001B, 0x001B, 0x001B, 0x001B, 0x001B, 0x001B, 0x001B, 0x001B, 0x001B, 0x001B, 0x001B, 0x001B, 
    142                  0x001B, 0x001B, 0x001B, 0x001B, 0x001B, 0x001B, 0x001B, 0x001B, 0x001B, 0x001B, 0x001B, 0x001B, 0x001B, 0x001B, 0x001B, 0x001B, 0x001B, 0x001B, 0x001B, 0x001B, 0x001B, 0x001C, 0x001A, 0x000C,
    143            0x0430, 0x043A, 0x001A, 0x001A, 0x001A, 0x001A, 0x001A, 0x001A, 0x001A, 0x001A, 0x001A, 0x001A, 0x001A, 0x001A, 0x001A, 0x001A, 0x001A, 0x001A, 0x001A, 0x001A, 0x001A, 0x001A, 0x001A, 0x001A, 0x001A, 0x001A, 0x001A, 0x001A, 0x001A, 0x001A, 0x001A, 
    144                  0x001A, 0x001A, 0x001A, 0x001A, 0x001A, 0x001A, 0x001A, 0x001A, 0x001A, 0x001A, 0x001A, 0x001A, 0x001A, 0x001A, 0x001A, 0x001A, 0x001A, 0x001A, 0x001A, 0x001A, 0x001A, 0x001A, 0x001A, 0x001A, 0x001A, 0x001A, 0x001A, 0x001A, 0x001A, 0x001A, 
    145                  0x001A, 0x001A, 0x001A, 0x001A, 0x001A, 0x001A, 0x001A, 0x001A, 0x001A, 0x001A, 0x001A, 0x001A, 0x001A, 0x001A, 0x001A, 0x001A, 0x001A, 0x001A, 0x001A, 0x001A, 0x001A, 0x001A, 0x0017, 0x0009,
    146            0x0006, 0x0013, 0x0017, 0x0018, 0x0019, 0x0019, 0x0019, 0x0019, 0x0019, 0x0019, 0x0019, 0x0019, 0x0019, 0x0019, 0x0019, 0x0019, 0x0019, 0x0019, 0x0019, 0x0019, 0x0019, 0x0019, 0x0019, 0x0019, 0x0019, 0x0019, 0x0019, 0x0019, 0x0019, 0x0019, 0x0019, 
    147                  0x0019, 0x0019, 0x0019, 0x0019, 0x0019, 0x0019, 0x0019, 0x0019, 0x0019, 0x0019, 0x0019, 0x0019, 0x0019, 0x0019, 0x0019, 0x0019, 0x0019, 0x0019, 0x0019, 0x0019, 0x0019, 0x0019, 0x0019, 0x0019, 0x0019, 0x0019, 0x0019, 0x0019, 0x0019, 0x0019, 
    148                  0x0019, 0x0019, 0x0019, 0x0019, 0x0019, 0x0019, 0x0019, 0x0019, 0x0019, 0x0019, 0x0019, 0x0019, 0x0019, 0x0019, 0x0019, 0x0019, 0x0019, 0x0019, 0x0019, 0x0019, 0x0018, 0x0016, 0x000E, 0x0003,
    149            0x0000, 0x0004, 0x000A, 0x000C, 0x000D, 0x000D, 0x000D, 0x000D, 0x000D, 0x000D, 0x000D, 0x000D, 0x000D, 0x000D, 0x000D, 0x000D, 0x000D, 0x000D, 0x000D, 0x000D, 0x000D, 0x000D, 0x000D, 0x000D, 0x000D, 0x000D, 0x000D, 0x000D, 0x000D, 0x000D, 0x000D, 
    150                  0x000D, 0x000D, 0x000D, 0x000D, 0x000D, 0x000D, 0x000D, 0x000D, 0x000D, 0x000D, 0x000D, 0x000D, 0x000D, 0x000D, 0x000D, 0x000D, 0x000D, 0x000D, 0x000D, 0x000D, 0x000D, 0x000D, 0x000D, 0x000D, 0x000D, 0x000D, 0x000D, 0x000D, 0x000D, 0x000D, 
    151                  0x000D, 0x000D, 0x000D, 0x000D, 0x000D, 0x000D, 0x000D, 0x000D, 0x000D, 0x000D, 0x000D, 0x000D, 0x000D, 0x000D, 0x000D, 0x000D, 0x000D, 0x000D, 0x000D, 0x000D, 0x000C, 0x0008, 0x0003, 0x0000
    152          };
    153          

   \                                 In section .rodata, align 4, keep-with-next
    154          GUI_CONST_STORAGE GUI_BITMAP bmDeleteKey = {
   \                     bmDeleteKey:
   \   00000000                      ; Initializer data, 20 bytes
   \   00000000   55002800AA00       DC16 85, 40, 170, 16
   \              1000        
   \   00000008   ........0000       DC32 acDeleteKey, 0, GUI_BitmapMethods555
   \              0000........
    155            85, /* XSize */
    156            40, /* YSize */
    157            170, /* BytesPerLine */
    158            16, /* BitsPerPixel */
    159            (unsigned char *)acDeleteKey,  /* Pointer to picture data */
    160            NULL  /* Pointer to palette */
    161           ,GUI_DRAW_BMP555
    162          };
    163          
    164          /* *** End of file *** */


   Section sizes:

     Function/Label Bytes
     -------------- -----
     acDeleteKey    6800
     bmDeleteKey      20

 
 6 820 bytes in section .rodata
 
 6 820 bytes of CONST memory

Errors: none
Warnings: none
