###############################################################################
#                                                                             #
# IAR ANSI C/C++ Compiler V6.10.2.52244/W32 for ARM     19/Nov/2015  13:12:53 #
# Copyright 1999-2010 IAR Systems AB.                                         #
#                                                                             #
#    Cpu mode     =  arm                                                      #
#    Endian       =  little                                                   #
#    Source file  =  C:\DUII\TargetHW\GUI\DROPDOWN_ItemSpacing.c              #
#    Command line =  C:\DUII\TargetHW\GUI\DROPDOWN_ItemSpacing.c -D DEBUG=1   #
#                    -D SDRAM_TARGET=1 -D USB_IS_HIGH_SPEED -D NOPROFILER -D  #
#                    OS_TRACE=0 -D OS_VIEW_ENABLE=0 -lCN                      #
#                    C:\DUII\TargetHW\Release\List\ -o                        #
#                    C:\DUII\TargetHW\Release\Obj\ --endian=little            #
#                    --cpu=ARM926EJ-S -e --fpu=None --dlib_config             #
#                    "C:\Program Files (x86)\IAR Systems\Embedded Workbench   #
#                    6.0\arm\INC\c\DLib_Config_Normal.h" -I                   #
#                    C:\DUII\TargetHW\Application\SEGGERDEMO\ -I              #
#                    C:\DUII\TargetHW\Application\SEGGERDEMO\Src\ -I          #
#                    C:\DUII\TargetHW\Config\ -I C:\DUII\TargetHW\FS\ -I      #
#                    C:\DUII\TargetHW\GUI\ -I C:\DUII\TargetHW\Inc\ -I        #
#                    C:\DUII\TargetHW\OS\ -I C:\DUII\TargetHW\Setup\ -I       #
#                    \DUII\DUII\ -I \DUII\DUII\Graphics\ --cpu_mode arm -Ohs  #
#                    --use_c++_inline --require_prototypes                    #
#    List file    =  C:\DUII\TargetHW\Release\List\DROPDOWN_ItemSpacing.lst   #
#    Object file  =  C:\DUII\TargetHW\Release\Obj\DROPDOWN_ItemSpacing.o      #
#                                                                             #
#                                                                             #
###############################################################################

C:\DUII\TargetHW\GUI\DROPDOWN_ItemSpacing.c
      1          /*********************************************************************
      2          *                SEGGER Microcontroller GmbH & Co. KG                *
      3          *        Solutions for real time microcontroller applications        *
      4          **********************************************************************
      5          *                                                                    *
      6          *        (c) 1996 - 2010  SEGGER Microcontroller GmbH & Co. KG       *
      7          *                                                                    *
      8          *        Internet: www.segger.com    Support:  support@segger.com    *
      9          *                                                                    *
     10          **********************************************************************
     11          
     12          ** emWin V5.06 - Graphical user interface for embedded applications **
     13          emWin is protected by international copyright laws.   Knowledge of the
     14          source code may not be used to write a similar product.  This file may
     15          only be used in accordance with a license and should not be re-
     16          distributed in any way. We appreciate your understanding and fairness.
     17          ----------------------------------------------------------------------
     18          File        : DROPDOWN_ItemSpacing.c
     19          Purpose     : Implementation of DROPDOWN_SetItemSpacing & DROPDOWN_GetItemSpacing
     20          ---------------------------END-OF-HEADER------------------------------
     21          */
     22          
     23          #include "DROPDOWN_Private.h"
     24          #include "LISTBOX.h"
     25          
     26          #if GUI_WINSUPPORT
     27          
     28          /*********************************************************************
     29          *
     30          *       Public routines
     31          *
     32          **********************************************************************
     33          */
     34          
     35          /*********************************************************************
     36          *
     37          *       DROPDOWN_SetItemSpacing
     38          */

   \                                 In section .text, align 4, keep-with-next
     39          void DROPDOWN_SetItemSpacing(DROPDOWN_Handle hObj, unsigned Value) {
   \                     DROPDOWN_SetItemSpacing:
   \   00000000   30402DE9           PUSH     {R4,R5,LR}
   \   00000004   0040A0E1           MOV      R4,R0
   \   00000008   04D04DE2           SUB      SP,SP,#+4
   \   0000000C   0150A0E1           MOV      R5,R1
     40            if (hObj) {
   \   00000010   000054E3           CMP      R4,#+0
   \   00000014   0B00000A           BEQ      ??DROPDOWN_SetItemSpacing_0
     41              DROPDOWN_Obj * pObj;
     42              WM_HWIN hListWin;
     43              WM_LOCK();
   \   00000018   ........           BL       GUI_Lock
     44              pObj = DROPDOWN_LOCK_H(hObj);
   \   0000001C   0400A0E1           MOV      R0,R4
   \   00000020   ........           BL       GUI_ALLOC_LockH
     45              hListWin = pObj->hListWin;
   \   00000024   884090E5           LDR      R4,[R0, #+136]
     46              pObj->ItemSpacing = Value;
   \   00000028   BE58C0E1           STRH     R5,[R0, #+142]
     47              GUI_UNLOCK_H(pObj);
   \   0000002C   ........           BL       GUI_ALLOC_UnlockH
     48              if (hListWin) {
   \   00000030   000054E3           CMP      R4,#+0
   \   00000034   0200000A           BEQ      ??DROPDOWN_SetItemSpacing_1
     49                LISTBOX_SetItemSpacing(hListWin, Value);
   \   00000038   0510A0E1           MOV      R1,R5
   \   0000003C   0400A0E1           MOV      R0,R4
   \   00000040   ........           BL       LISTBOX_SetItemSpacing
     50              }
     51              WM_UNLOCK();
   \                     ??DROPDOWN_SetItemSpacing_1:
   \   00000044   ........           BL       GUI_Unlock
     52            }
     53          }
   \                     ??DROPDOWN_SetItemSpacing_0:
   \   00000048   04D08DE2           ADD      SP,SP,#+4        ;; stack cleaning
   \   0000004C   3080BDE8           POP      {R4,R5,PC}       ;; return
     54          
     55          /*********************************************************************
     56          *
     57          *       DROPDOWN_GetItemSpacing
     58          */

   \                                 In section .text, align 4, keep-with-next
     59          unsigned DROPDOWN_GetItemSpacing(DROPDOWN_Handle hObj) {
   \                     DROPDOWN_GetItemSpacing:
   \   00000000   30402DE9           PUSH     {R4,R5,LR}
   \   00000004   04D04DE2           SUB      SP,SP,#+4
   \   00000008   0040B0E1           MOVS     R4,R0
     60            unsigned Value = 0;
   \   0000000C   0050A0E3           MOV      R5,#+0
     61            if (hObj) {
   \   00000010   0500000A           BEQ      ??DROPDOWN_GetItemSpacing_0
     62              DROPDOWN_Obj * pObj;
     63              WM_LOCK();
   \   00000014   ........           BL       GUI_Lock
     64              pObj = DROPDOWN_LOCK_H(hObj);
     65              Value = pObj->ItemSpacing;
   \   00000018   0400A0E1           MOV      R0,R4
   \   0000001C   ........           BL       GUI_ALLOC_LockH
   \   00000020   BE58D0E1           LDRH     R5,[R0, #+142]
     66              GUI_UNLOCK_H(pObj);
   \   00000024   ........           BL       GUI_ALLOC_UnlockH
     67              WM_UNLOCK();
   \   00000028   ........           BL       GUI_Unlock
     68            }
     69            return Value;
   \                     ??DROPDOWN_GetItemSpacing_0:
   \   0000002C   0500A0E1           MOV      R0,R5
   \   00000030   04D08DE2           ADD      SP,SP,#+4
   \   00000034   3080BDE8           POP      {R4,R5,PC}       ;; return
     70          }
     71          
     72          #else                            /* Avoid problems with empty object modules */
     73            void DROPDOWN_ItemSpacing_C(void);
     74            void DROPDOWN_ItemSpacing_C(void) {}
     75          #endif

   Maximum stack usage in bytes:

     Function                .cstack
     --------                -------
     DROPDOWN_GetItemSpacing     16
     DROPDOWN_SetItemSpacing     16


   Section sizes:

     Function/Label          Bytes
     --------------          -----
     DROPDOWN_SetItemSpacing   80
     DROPDOWN_GetItemSpacing   56

 
 136 bytes in section .text
 
 136 bytes of CODE memory

Errors: none
Warnings: none
