###############################################################################
#                                                                             #
# IAR ANSI C/C++ Compiler V6.10.2.52244/W32 for ARM     19/Nov/2015  13:15:55 #
# Copyright 1999-2010 IAR Systems AB.                                         #
#                                                                             #
#    Cpu mode     =  arm                                                      #
#    Endian       =  little                                                   #
#    Source file  =  C:\DUII\DUII\Graphics\GoProIcon.c                        #
#    Command line =  C:\DUII\DUII\Graphics\GoProIcon.c -D DEBUG=1 -D          #
#                    SDRAM_TARGET=1 -D USB_IS_HIGH_SPEED -D NOPROFILER -D     #
#                    OS_TRACE=0 -D OS_VIEW_ENABLE=0 -lCN                      #
#                    C:\DUII\TargetHW\Release\List\ -o                        #
#                    C:\DUII\TargetHW\Release\Obj\ --endian=little            #
#                    --cpu=ARM926EJ-S -e --fpu=None --dlib_config             #
#                    "C:\Program Files (x86)\IAR Systems\Embedded Workbench   #
#                    6.0\arm\INC\c\DLib_Config_Normal.h" -I                   #
#                    C:\DUII\TargetHW\Application\SEGGERDEMO\ -I              #
#                    C:\DUII\TargetHW\Application\SEGGERDEMO\Src\ -I          #
#                    C:\DUII\TargetHW\Config\ -I C:\DUII\TargetHW\FS\ -I      #
#                    C:\DUII\TargetHW\GUI\ -I C:\DUII\TargetHW\Inc\ -I        #
#                    C:\DUII\TargetHW\OS\ -I C:\DUII\TargetHW\Setup\ -I       #
#                    \DUII\DUII\ -I \DUII\DUII\Graphics\ --cpu_mode arm -Ohs  #
#                    --use_c++_inline --require_prototypes                    #
#    List file    =  C:\DUII\TargetHW\Release\List\GoProIcon.lst              #
#    Object file  =  C:\DUII\TargetHW\Release\Obj\GoProIcon.o                 #
#                                                                             #
#                                                                             #
###############################################################################

C:\DUII\DUII\Graphics\GoProIcon.c
      1          /*********************************************************************
      2          *                SEGGER MICROCONTROLLER SYSTEME GmbH                 *
      3          *        Solutions for real time microcontroller applications        *
      4          *                           www.segger.com                           *
      5          **********************************************************************
      6          *
      7          * C-file generated by
      8          *
      9          *        Bitmap converter for emWin V5.04.
     10          *        Compiled Jan  8 2010, 16:37:17
     11          *        (C) 1998 - 2005 Segger Microcontroller Systeme GmbH
     12          *
     13          **********************************************************************
     14          *
     15          * Source file: GoProIcon
     16          * Dimensions:  60 * 60
     17          * NumColors:   256
     18          *
     19          **********************************************************************
     20          */
     21          
     22          #include <stdlib.h>
     23          
     24          #include "GUI.h"
     25          
     26          #ifndef GUI_CONST_STORAGE
     27            #define GUI_CONST_STORAGE const
     28          #endif
     29          
     30          /*   Palette
     31          The following are the entries of the palette table.
     32          Every entry is a 32-bit value (of which 24 bits are actually used)
     33          the lower   8 bits represent the Red component,
     34          the middle  8 bits represent the Green component,
     35          the highest 8 bits (of the 24 bits used) represent the Blue component
     36          as follows:   0xBBGGRR
     37          */
     38          

   \                                 In section .rodata, align 4, keep-with-next
     39          static GUI_CONST_STORAGE GUI_COLOR ColorsGoProIcon[] = {
   \                     ColorsGoProIcon:
   \   00000000                      ; Initializer data, 1024 bytes
   \   00000000   000000003939       DC32 0, 3750201, 3684408, 3618615, 3552822, 3158064, 2894892, 3092271, 3815994, 2631720
   \              390038383800
   \              373737003636
   \              360030303000
   \              2C2C2C002F2F
   \              2F003A3A3A00
   \              28282800    
   \   00000028   353535002D2D       DC32 3487029, 2960685, 3421236, 394758, 1644825, 2829099, 526344, 16711422, 2565927, 3026478
   \              2D0034343400
   \              060606001919
   \              19002B2B2B00
   \              08080800FEFE
   \              FE0027272700
   \              2E2E2E00    
   \   00000050   292929003333       DC32 2697513, 3355443, 2763306, 3289650, 1776411, 3223857, 1907997, 2039583, 2171169, 2434341
   \              33002A2A2A00
   \              323232001B1B
   \              1B0031313100
   \              1D1D1D001F1F
   \              1F0021212100
   \              25252500    
   \   00000078   1A1A1A002020       DC32 1710618, 2105376, 2236962, 2500134, 65793, 1842204, 1381653, 2302755, 4605510, 10526880
   \              200022222200
   \              262626000101
   \              01001C1C1C00
   \              151515002323
   \              230046464600
   \              A0A0A000    
   \   000000A0   0E0E0E004444       DC32 921102, 4473924, 2368548, 4737096, 5263440, 11053224, 592137, 6842472, 16167424, 9737364
   \              440024242400
   \              484848005050
   \              5000A8A8A800
   \              090909006868
   \              680000B2F600
   \              94949400    
   \   000000C8   AAAAAA00D6D6       DC32 11184810, 14079702, 789516, 1118481, 4013373, 4079166, 10000536, 13882323, 197379, 657930
   \              D6000C0C0C00
   \              111111003D3D
   \              3D003E3E3E00
   \              98989800D3D3
   \              D30003030300
   \              0A0A0A00    
   \   000000F0   121212001818       DC32 1184274, 1579032, 1973790, 3881787, 15641600, 15838720, 16758784, 8816262, 9211020, 9342606
   \              18001E1E1E00
   \              3B3B3B0000AC
   \              EE0000AEF100
   \              00B8FF008686
   \              86008C8C8C00
   \              8E8E8E00    
   \   00000118   9E9E9E00ACAC       DC32 10395294, 11316396, 263172, 328965, 723723, 1315860, 1447446, 5126400, 4210752, 4276545
   \              AC0004040400
   \              050505000B0B
   \              0B0014141400
   \              161616000039
   \              4E0040404000
   \              41414100    
   \   00000140   424242005656       DC32 4342338, 5658198, 5921370, 6974058, 11424013, 16035840, 16299008, 8684676, 8947848, 9605778
   \              56005A5A5A00
   \              6A6A6A000D51
   \              AE0000B0F400
   \              00B4F8008484
   \              840088888800
   \              92929200    
   \   00000168   9A9A9A00A6A6       DC32 10132122, 10921638, 13948116, 14474460, 16448250, 131586, 3348484, 2435380, 3947580, 4398853
   \              A600D4D4D400
   \              DCDCDC00FAFA
   \              FA0002020200
   \              041833003429
   \              25003C3C3C00
   \              051F4300    
   \   00000190   434343005555       DC32 4408131, 5592405, 5789784, 6710886, 7368816, 10701836, 10767628, 11030028, 9474192, 10263708
   \              550058585800
   \              666666007070
   \              70000C4CA300
   \              0C4DA4000C4E
   \              A80090909000
   \              9C9C9C00    
   \   000001B8   A2A2A200A5A5       DC32 10658466, 10855845, 11776947, 11842740, 11974326, 12632256, 13684944, 14211288, 328704, 854784
   \              A500B3B3B300
   \              B4B4B400B6B6
   \              B600C0C0C000
   \              D0D0D000D8D8
   \              D80000040500
   \              000B0D00    
   \   000001E0   000C0E000D0D       DC32 920576, 855309, 1513239, 3545348, 2237999, 2238000, 4929024, 5192192, 6703360, 6703616
   \              0D0017171700
   \              041936002F26
   \              220030262200
   \              00364B00003A
   \              4F0000496600
   \              004A6600    
   \   00000208   4A4A4A004D4D       DC32 4868682, 5066061, 5395026, 6250335, 6316128, 6579300, 7237230, 7895160, 8355711, 8403721
   \              4D0052525200
   \              5F5F5F006060
   \              600064646400
   \              6E6E6E007878
   \              78007F7F7F00
   \              093B8000    
   \   00000230   0C52B00000AF       DC32 11555340, 15904512, 16496384, 16561664, 9145227, 9868950, 11447982, 12763842, 12895428, 13224393
   \              F20000B7FB00
   \              00B6FC008B8B
   \              8B0096969600
   \              AEAEAE00C2C2
   \              C200C4C4C400
   \              C9C9C900    
   \   00000258   DADADA00DEDE       DC32 14342874, 14606046, 15000804, 15132390, 15329769, 15527148, 15790320, 16053492, 16185078, 16382457
   \              DE00E4E4E400
   \              E6E6E600E9E9
   \              E900ECECEC00
   \              F0F0F000F4F4
   \              F400F6F6F600
   \              F9F9F900    
   \   00000280   050000000007       DC32 5, 591616, 592136, 1575681, 2034947, 1643008, 1774336, 1774592, 1840384, 1971971
   \              090008090900
   \              010B1800030D
   \              1F0000121900
   \              00131B000014
   \              1B0000151C00
   \              03171E00    
   \   000002A8   101010001614       DC32 1052688, 1250326, 2626307, 2103297, 3479556, 2893595, 1251107, 1711399, 1645865, 2040622
   \              130003132800
   \              011820000418
   \              35001B272C00
   \              23171300271D
   \              1A00291D1900
   \              2E231F00    
   \   000002D0   222323002324       DC32 2302754, 2368547, 2696994, 2172206, 2829098, 2763565, 2698030, 2829359, 2172209, 2895409
   \              240022272900
   \              2E2521002A2B
   \              2B002D2B2A00
   \              2E2B29002F2C
   \              2B0031252100
   \              312E2C00    
   \   000002F8   313232003433       DC32 3289649, 3289908, 4144959, 4661509, 4727046, 4923654, 4989190, 5054982, 5252102, 4732160
   \              32003F3F3F00
   \              052147000621
   \              480006214B00
   \              06214C000622
   \              4D0006245000
   \              00354800    
   \   00000320   00364C000038       DC32 4994560, 5060608, 5257984, 5455625, 4733201, 4798992, 4798994, 5127955, 4208936, 6177792
   \              4D00003B5000
   \              093F53001139
   \              4800103A4900
   \              123A4900133F
   \              4E0028394000
   \              00445E00    
   \   00000348   11475A001247       DC32 5916433, 5981970, 6047765, 6835200, 8282907, 8348699, 8348701, 8217631, 5197647, 6118749
   \              5B0015485C00
   \              004C68001B63
   \              7E001B647F00
   \              1D647F001F64
   \              7D004F4F4F00
   \              5D5D5D00    
   \   00000370   636363007373       DC32 6513507, 7566195, 7631988, 7829367, 8092539, 8224125, 8666377, 8994570, 11227148, 11292940
   \              730074747400
   \              777777007B7B
   \              7B007D7D7D00
   \              093D84000A3F
   \              89000C50AB00
   \              0C51AC00    
   \   00000398   0E53B3000D55       DC32 11752206, 11949325, 12146190, 8414235, 8414237, 14655744, 14787072, 14984960, 15247360, 15378688
   \              B6000E56B900
   \              1B6480001D64
   \              800000A1DF00
   \              00A2E10000A7
   \              E40000A8E800
   \              00A9EA00    
   \   000003C0   00AEEC0000B0       DC32 15511040, 15970304, 16495872, 16628224, 16759296, 16760064, 16760832, 8421504, 8553090, 10198172
   \              F30000B5FB00
   \              00BAFD0000BA
   \              FF0000BDFF00
   \              00C0FF008080
   \              800082828200
   \              9C9C9B00    
   \   000003E8   B1B1B100BBBB       DC32 11645361, 12303291, 13027014, 13487565, 14869218, 15658734
   \              BB00C6C6C600
   \              CDCDCD00E2E2
   \              E200EEEEEE00
     40               0x000000,0x393939,0x383838,0x373737
     41              ,0x363636,0x303030,0x2C2C2C,0x2F2F2F
     42              ,0x3A3A3A,0x282828,0x353535,0x2D2D2D
     43              ,0x343434,0x060606,0x191919,0x2B2B2B
     44              ,0x080808,0xFEFEFE,0x272727,0x2E2E2E
     45              ,0x292929,0x333333,0x2A2A2A,0x323232
     46              ,0x1B1B1B,0x313131,0x1D1D1D,0x1F1F1F
     47              ,0x212121,0x252525,0x1A1A1A,0x202020
     48              ,0x222222,0x262626,0x010101,0x1C1C1C
     49              ,0x151515,0x232323,0x464646,0xA0A0A0
     50              ,0x0E0E0E,0x444444,0x242424,0x484848
     51              ,0x505050,0xA8A8A8,0x090909,0x686868
     52              ,0xF6B200,0x949494,0xAAAAAA,0xD6D6D6
     53              ,0x0C0C0C,0x111111,0x3D3D3D,0x3E3E3E
     54              ,0x989898,0xD3D3D3,0x030303,0x0A0A0A
     55              ,0x121212,0x181818,0x1E1E1E,0x3B3B3B
     56              ,0xEEAC00,0xF1AE00,0xFFB800,0x868686
     57              ,0x8C8C8C,0x8E8E8E,0x9E9E9E,0xACACAC
     58              ,0x040404,0x050505,0x0B0B0B,0x141414
     59              ,0x161616,0x4E3900,0x404040,0x414141
     60              ,0x424242,0x565656,0x5A5A5A,0x6A6A6A
     61              ,0xAE510D,0xF4B000,0xF8B400,0x848484
     62              ,0x888888,0x929292,0x9A9A9A,0xA6A6A6
     63              ,0xD4D4D4,0xDCDCDC,0xFAFAFA,0x020202
     64              ,0x331804,0x252934,0x3C3C3C,0x431F05
     65              ,0x434343,0x555555,0x585858,0x666666
     66              ,0x707070,0xA34C0C,0xA44D0C,0xA84E0C
     67              ,0x909090,0x9C9C9C,0xA2A2A2,0xA5A5A5
     68              ,0xB3B3B3,0xB4B4B4,0xB6B6B6,0xC0C0C0
     69              ,0xD0D0D0,0xD8D8D8,0x050400,0x0D0B00
     70              ,0x0E0C00,0x0D0D0D,0x171717,0x361904
     71              ,0x22262F,0x222630,0x4B3600,0x4F3A00
     72              ,0x664900,0x664A00,0x4A4A4A,0x4D4D4D
     73              ,0x525252,0x5F5F5F,0x606060,0x646464
     74              ,0x6E6E6E,0x787878,0x7F7F7F,0x803B09
     75              ,0xB0520C,0xF2AF00,0xFBB700,0xFCB600
     76              ,0x8B8B8B,0x969696,0xAEAEAE,0xC2C2C2
     77              ,0xC4C4C4,0xC9C9C9,0xDADADA,0xDEDEDE
     78              ,0xE4E4E4,0xE6E6E6,0xE9E9E9,0xECECEC
     79              ,0xF0F0F0,0xF4F4F4,0xF6F6F6,0xF9F9F9
     80              ,0x000005,0x090700,0x090908,0x180B01
     81              ,0x1F0D03,0x191200,0x1B1300,0x1B1400
     82              ,0x1C1500,0x1E1703,0x101010,0x131416
     83              ,0x281303,0x201801,0x351804,0x2C271B
     84              ,0x131723,0x1A1D27,0x191D29,0x1F232E
     85              ,0x232322,0x242423,0x292722,0x21252E
     86              ,0x2B2B2A,0x2A2B2D,0x292B2E,0x2B2C2F
     87              ,0x212531,0x2C2E31,0x323231,0x323334
     88              ,0x3F3F3F,0x472105,0x482106,0x4B2106
     89              ,0x4C2106,0x4D2206,0x502406,0x483500
     90              ,0x4C3600,0x4D3800,0x503B00,0x533F09
     91              ,0x483911,0x493A10,0x493A12,0x4E3F13
     92              ,0x403928,0x5E4400,0x5A4711,0x5B4712
     93              ,0x5C4815,0x684C00,0x7E631B,0x7F641B
     94              ,0x7F641D,0x7D641F,0x4F4F4F,0x5D5D5D
     95              ,0x636363,0x737373,0x747474,0x777777
     96              ,0x7B7B7B,0x7D7D7D,0x843D09,0x893F0A
     97              ,0xAB500C,0xAC510C,0xB3530E,0xB6550D
     98              ,0xB9560E,0x80641B,0x80641D,0xDFA100
     99              ,0xE1A200,0xE4A700,0xE8A800,0xEAA900
    100              ,0xECAE00,0xF3B000,0xFBB500,0xFDBA00
    101              ,0xFFBA00,0xFFBD00,0xFFC000,0x808080
    102              ,0x828282,0x9B9C9C,0xB1B1B1,0xBBBBBB
    103              ,0xC6C6C6,0xCDCDCD,0xE2E2E2,0xEEEEEE
    104          };
    105          

   \                                 In section .rodata, align 4, keep-with-next
    106          static GUI_CONST_STORAGE GUI_LOGPALETTE PalGoProIcon = {
   \                     PalGoProIcon:
   \   00000000                      ; Initializer data, 12 bytes
   \   00000000   00010000           DC32 256
   \   00000004   00000000           DC8 0, 0, 0, 0
   \   00000008   ........           DC32 ColorsGoProIcon
    107            256,	/* number of entries */
    108            0, 	/* No transparency */
    109            &ColorsGoProIcon[0]
    110          };
    111          

   \                                 In section .rodata, align 4, keep-with-next
    112          static GUI_CONST_STORAGE unsigned char acGoProIcon[] = {
   \                     acGoProIcon:
   \   00000000                      ; Initializer data, 3600 bytes
   \   00000000   00000000484C       DC8 0, 0, 0, 0, 72, 76, 29, 9, 9, 9
   \              1D090909    
   \   0000000A   090909090909       DC8 9, 9, 9, 9, 9, 9, 9, 9, 9, 9
   \              09090909    
   \   00000014   090909090909       DC8 9, 9, 9, 9, 9, 9, 9, 9, 9, 9
   \              09090909    
   \   0000001E   090909090909       DC8 9, 9, 9, 9, 9, 9, 9, 9, 9, 9
   \              09090909    
   \   00000028   090909090909       DC8 9, 9, 9, 9, 9, 9, 9, 9, 9, 9
   \              09090909    
   \   00000032   090909091F79       DC8 9, 9, 9, 9, 31, 121, 0, 0, 0, 0
   \              00000000    
   \   0000003C   000000241908       DC8 0, 0, 0, 36, 25, 8, 3, 25, 7, 7
   \              03190707    
   \   00000046   070707070707       DC8 7, 7, 7, 7, 7, 7, 7, 7, 7, 7
   \              07070707    
   \   00000050   070707070707       DC8 7, 7, 7, 7, 7, 7, 7, 7, 7, 7
   \              07070707    
   \   0000005A   070707070707       DC8 7, 7, 7, 7, 7, 7, 7, 7, 7, 7
   \              07070707    
   \   00000064   070707070707       DC8 7, 7, 7, 7, 7, 7, 7, 7, 7, 7
   \              07070707    
   \   0000006E   070705170101       DC8 7, 7, 5, 23, 1, 1, 9, 59, 0, 0
   \              093B0000    
   \   00000078   00001B4F031C       DC8 0, 0, 27, 79, 3, 28, 14, 14, 61, 14
   \              0E0E3D0E    
   \   00000082   0E0E0E0E0E0E       DC8 14, 14, 14, 14, 14, 14, 14, 14, 14, 14
   \              0E0E0E0E    
   \   0000008C   0E0E0E0E0E0E       DC8 14, 14, 14, 14, 14, 14, 14, 14, 14, 14
   \              0E0E0E0E    
   \   00000096   0E0E0E0E0E0E       DC8 14, 14, 14, 14, 14, 14, 14, 14, 14, 14
   \              0E0E0E0E    
   \   000000A0   0E0E0E0E0E0E       DC8 14, 14, 14, 14, 14, 14, 14, 14, 14, 14
   \              0E0E0E0E    
   \   000000AA   0E3D0E0E1809       DC8 14, 61, 14, 14, 24, 9, 55, 63, 53, 0
   \              373F3500    
   \   000000B4   002450053D23       DC8 0, 36, 80, 5, 61, 35, 37, 29, 33, 18
   \              251D2112    
   \   000000BE   090909090909       DC8 9, 9, 9, 9, 9, 9, 9, 9, 9, 9
   \              09090909    
   \   000000C8   090909090909       DC8 9, 9, 9, 9, 9, 9, 9, 9, 9, 9
   \              09090909    
   \   000000D2   090909090909       DC8 9, 9, 9, 9, 9, 9, 9, 9, 9, 9
   \              09090909    
   \   000000DC   090909090909       DC8 9, 9, 9, 9, 9, 9, 9, 9, 9, 9
   \              09090909    
   \   000000E6   1212211D1C0E       DC8 18, 18, 33, 29, 28, 14, 24, 8, 63, 16
   \              18083F10    
   \   000000F0   3A19030E1C14       DC8 58, 25, 3, 14, 28, 20, 6, 7, 7, 5
   \              06070705    
   \   000000FA   050505050505       DC8 5, 5, 5, 5, 5, 5, 5, 5, 5, 5
   \              05050505    
   \   00000104   050505050505       DC8 5, 5, 5, 5, 5, 5, 5, 5, 5, 5
   \              05050505    
   \   0000010E   050505050505       DC8 5, 5, 5, 5, 5, 5, 5, 5, 5, 5
   \              05050505    
   \   00000118   050505050505       DC8 5, 5, 5, 5, 5, 5, 5, 5, 5, 5
   \              05050505    
   \   00000122   050507131621       DC8 5, 5, 7, 19, 22, 33, 35, 62, 78, 37
   \              233E4E25    
   \   0000012C   4C3F201B1413       DC8 76, 63, 32, 27, 20, 19, 23, 10, 10, 10
   \              170A0A0A    
   \   00000136   0A0A04040404       DC8 10, 10, 4, 4, 4, 4, 4, 4, 4, 4
   \              04040404    
   \   00000140   040404040404       DC8 4, 4, 4, 4, 4, 4, 4, 4, 4, 4
   \              04040404    
   \   0000014A   040404040404       DC8 4, 4, 4, 4, 4, 4, 4, 4, 4, 4
   \              04040404    
   \   00000154   040404040404       DC8 4, 4, 4, 4, 4, 4, 4, 4, 4, 10
   \              0404040A    
   \   0000015E   0A0A0A0C190B       DC8 10, 10, 10, 12, 25, 11, 18, 24, 11, 10
   \              12180B0A    
   \   00000168   12041A09070C       DC8 18, 4, 26, 9, 7, 12, 2, 1, 1, 1
   \              02010101    
   \   00000172   010101010101       DC8 1, 1, 1, 1, 1, 1, 1, 1, 1, 1
   \              01010101    
   \   0000017C   010101010101       DC8 1, 1, 1, 1, 1, 1, 1, 1, 1, 1
   \              01010101    
   \   00000186   010101010101       DC8 1, 1, 1, 1, 1, 1, 1, 1, 1, 1
   \              01010101    
   \   00000190   010101010101       DC8 1, 1, 1, 1, 1, 1, 1, 1, 1, 1
   \              01010101    
   \   0000019A   010101020415       DC8 1, 1, 1, 2, 4, 21, 19, 37, 31, 3
   \              13251F03    
   \   000001A4   06053E061503       DC8 6, 5, 62, 6, 21, 3, 8, 8, 8, 8
   \              08080808    
   \   000001AE   080808080808       DC8 8, 8, 8, 8, 8, 8, 8, 8, 8, 8
   \              08080808    
   \   000001B8   080808080808       DC8 8, 8, 8, 8, 8, 8, 8, 8, 8, 8
   \              08080808    
   \   000001C2   080808080808       DC8 8, 8, 8, 8, 8, 8, 8, 8, 8, 8
   \              08080808    
   \   000001CC   080808080808       DC8 8, 8, 8, 8, 8, 8, 8, 8, 8, 8
   \              08080808    
   \   000001D6   080808080104       DC8 8, 8, 8, 8, 1, 4, 23, 22, 27, 12
   \              17161B0C    
   \   000001E0   06071C070A02       DC8 6, 7, 28, 7, 10, 2, 8, 8, 8, 8
   \              08080808    
   \   000001EA   080808080808       DC8 8, 8, 8, 8, 8, 8, 8, 8, 8, 8
   \              08080808    
   \   000001F4   080808080808       DC8 8, 8, 8, 8, 8, 8, 8, 8, 8, 8
   \              08080808    
   \   000001FE   080808080808       DC8 8, 8, 8, 8, 8, 8, 8, 8, 8, 8
   \              08080808    
   \   00000208   080808080808       DC8 8, 8, 8, 8, 8, 8, 8, 8, 8, 8
   \              08080808    
   \   00000212   080808080803       DC8 8, 8, 8, 8, 8, 3, 21, 11, 31, 21
   \              150B1F15    
   \   0000021C   060720050A02       DC8 6, 7, 32, 5, 10, 2, 1, 1, 1, 1
   \              01010101    
   \   00000226   010101010101       DC8 1, 1, 1, 1, 1, 1, 1, 1, 1, 1
   \              01010101    
   \   00000230   010101010101       DC8 1, 1, 1, 1, 1, 1, 1, 1, 1, 1
   \              01010101    
   \   0000023A   010101010101       DC8 1, 1, 1, 1, 1, 1, 1, 1, 1, 1
   \              01010101    
   \   00000244   010101010101       DC8 1, 1, 1, 1, 1, 1, 1, 1, 1, 1
   \              01010101    
   \   0000024E   010101010102       DC8 1, 1, 1, 1, 1, 2, 12, 19, 28, 21
   \              0C131C15    
   \   00000258   060720050A02       DC8 6, 7, 32, 5, 10, 2, 1, 1, 1, 1
   \              01010101    
   \   00000262   010101010101       DC8 1, 1, 1, 1, 1, 1, 1, 1, 1, 1
   \              01010101    
   \   0000026C   010101010101       DC8 1, 1, 1, 1, 1, 1, 1, 1, 1, 1
   \              01010101    
   \   00000276   010101010101       DC8 1, 1, 1, 1, 1, 1, 1, 1, 1, 1
   \              01010101    
   \   00000280   010101010101       DC8 1, 1, 1, 1, 1, 1, 1, 1, 1, 1
   \              01010101    
   \   0000028A   010101010102       DC8 1, 1, 1, 1, 1, 2, 12, 19, 32, 21
   \              0C132015    
   \   00000294   060725050A02       DC8 6, 7, 37, 5, 10, 2, 1, 1, 1, 1
   \              01010101    
   \   0000029E   010101010101       DC8 1, 1, 1, 1, 1, 1, 1, 1, 1, 1
   \              01010101    
   \   000002A8   010101010101       DC8 1, 1, 1, 1, 1, 1, 1, 1, 1, 1
   \              01010101    
   \   000002B2   010101010101       DC8 1, 1, 1, 1, 1, 1, 1, 1, 1, 1
   \              01010101    
   \   000002BC   010101010101       DC8 1, 1, 1, 1, 1, 1, 1, 1, 1, 1
   \              01010101    
   \   000002C6   010101010102       DC8 1, 1, 1, 1, 1, 2, 10, 7, 37, 21
   \              0A072515    
   \   000002D0   060720050C03       DC8 6, 7, 32, 5, 12, 3, 2, 2, 2, 2
   \              02020202    
   \   000002DA   020202020202       DC8 2, 2, 2, 2, 2, 2, 2, 2, 2, 2
   \              02020202    
   \   000002E4   020202020202       DC8 2, 2, 2, 2, 2, 2, 2, 2, 2, 2
   \              02020202    
   \   000002EE   020202020202       DC8 2, 2, 2, 2, 2, 2, 2, 2, 2, 2
   \              02020202    
   \   000002F8   020202020202       DC8 2, 2, 2, 2, 2, 2, 2, 2, 2, 2
   \              02020202    
   \   00000302   020202086201       DC8 2, 2, 2, 8, 98, 1, 23, 22, 27, 21
   \              17161B15    
   \   0000030C   060720050C03       DC8 6, 7, 32, 5, 12, 3, 2, 2, 2, 2
   \              02020202    
   \   00000316   020202020202       DC8 2, 2, 2, 2, 2, 2, 2, 2, 2, 2
   \              02020202    
   \   00000320   020202020202       DC8 2, 2, 2, 2, 2, 2, 2, 2, 2, 2
   \              02020202    
   \   0000032A   020202020202       DC8 2, 2, 2, 2, 2, 2, 2, 2, 2, 2
   \              02020202    
   \   00000334   020202020202       DC8 2, 2, 2, 2, 2, 2, 2, 2, 2, 2
   \              02020202    
   \   0000033E   013F3F17204B       DC8 1, 63, 63, 23, 32, 75, 59, 58, 46, 12
   \              3B3A2E0C    
   \   00000348   060720050C03       DC8 6, 7, 32, 5, 12, 3, 2, 2, 2, 2
   \              02020202    
   \   00000352   020202020202       DC8 2, 2, 2, 2, 2, 2, 2, 2, 2, 2
   \              02020202    
   \   0000035C   020202020202       DC8 2, 2, 2, 2, 2, 2, 2, 2, 2, 2
   \              02020202    
   \   00000366   020202020202       DC8 2, 2, 2, 2, 2, 2, 2, 2, 2, 2
   \              02020202    
   \   00000370   020202020202       DC8 2, 2, 2, 2, 2, 2, 2, 2, 2, 8
   \              02020208    
   \   0000037A   080F24480000       DC8 8, 15, 36, 72, 0, 0, 0, 0, 16, 12
   \              0000100C    
   \   00000384   06071C071504       DC8 6, 7, 28, 7, 21, 4, 3, 3, 3, 3
   \              03030303    
   \   0000038E   030303030303       DC8 3, 3, 3, 3, 3, 3, 3, 3, 3, 3
   \              03030303    
   \   00000398   030303030303       DC8 3, 3, 3, 3, 3, 3, 3, 3, 3, 3
   \              03030303    
   \   000003A2   030303030303       DC8 3, 3, 3, 3, 3, 3, 3, 3, 3, 3
   \              03030303    
   \   000003AC   030303030303       DC8 3, 3, 3, 3, 3, 3, 3, 2, 8, 19
   \              03020813    
   \   000003B6   3C2200000000       DC8 60, 34, 0, 0, 0, 0, 0, 0, 16, 12
   \              0000100C    
   \   000003C0   06071C071504       DC8 6, 7, 28, 7, 21, 4, 3, 3, 3, 3
   \              03030303    
   \   000003CA   030303030303       DC8 3, 3, 3, 3, 3, 3, 3, 3, 3, 3
   \              03030303    
   \   000003D4   030303030303       DC8 3, 3, 3, 3, 3, 3, 3, 3, 3, 3
   \              03030303    
   \   000003DE   030303030303       DC8 3, 3, 3, 3, 3, 3, 3, 3, 3, 3
   \              03030303    
   \   000003E8   030303030303       DC8 3, 3, 3, 3, 3, 3, 8, 3, 35, 58
   \              0803233A    
   \   000003F2   000000000000       DC8 0, 0, 0, 0, 0, 0, 0, 0, 16, 12
   \              0000100C    
   \   000003FC   06071C071504       DC8 6, 7, 28, 7, 21, 4, 3, 3, 3, 3
   \              03030303    
   \   00000406   030303030303       DC8 3, 3, 3, 3, 3, 3, 3, 3, 3, 3
   \              03030303    
   \   00000410   030303030303       DC8 3, 3, 3, 3, 3, 3, 3, 3, 3, 3
   \              03030303    
   \   0000041A   030303030303       DC8 3, 3, 3, 3, 3, 3, 3, 3, 3, 3
   \              03030303    
   \   00000424   030303030308       DC8 3, 3, 3, 3, 3, 8, 7, 40, 0, 0
   \              07280000    
   \   0000042E   000000000000       DC8 0, 0, 0, 0, 0, 0, 0, 0, 16, 12
   \              0000100C    
   \   00000438   06071C13150A       DC8 6, 7, 28, 19, 21, 10, 4, 4, 4, 4
   \              04040404    
   \   00000442   040404040404       DC8 4, 4, 4, 4, 4, 4, 4, 4, 4, 4
   \              04040404    
   \   0000044C   040404040404       DC8 4, 4, 4, 4, 4, 4, 4, 4, 4, 4
   \              04040404    
   \   00000456   040404040404       DC8 4, 4, 4, 4, 4, 4, 4, 4, 4, 4
   \              04040404    
   \   00000460   04040404012A       DC8 4, 4, 4, 4, 1, 42, 72, 0, 0, 0
   \              48000000    
   \   0000046A   000000000000       DC8 0, 0, 0, 0, 0, 0, 0, 0, 16, 12
   \              0000100C    
   \   00000474   06071C13150A       DC8 6, 7, 28, 19, 21, 10, 4, 4, 4, 4
   \              04040404    
   \   0000047E   040404040404       DC8 4, 4, 4, 4, 4, 4, 4, 4, 4, 4
   \              04040404    
   \   00000488   040404040404       DC8 4, 4, 4, 4, 4, 4, 4, 4, 4, 4
   \              04040404    
   \   00000492   040404040404       DC8 4, 4, 4, 4, 4, 4, 4, 4, 4, 4
   \              04040404    
   \   0000049C   040403011B22       DC8 4, 4, 3, 1, 27, 34, 0, 0, 0, 0
   \              00000000    
   \   000004A6   000000000000       DC8 0, 0, 0, 0, 0, 0, 0, 0, 16, 12
   \              0000100C    
   \   000004B0   06071F0B170C       DC8 6, 7, 31, 11, 23, 12, 10, 10, 10, 10
   \              0A0A0A0A    
   \   000004BA   0A0A0A0A0A0A       DC8 10, 10, 10, 10, 10, 10, 10, 10, 10, 10
   \              0A0A0A0A    
   \   000004C4   0A0A0A0A0A0A       DC8 10, 10, 10, 10, 10, 10, 10, 10, 10, 10
   \              0A0A0A0A    
   \   000004CE   0A0A0A0A0A0A       DC8 10, 10, 10, 10, 10, 10, 10, 10, 10, 10
   \              0A0A0A0A    
   \   000004D8   0A04031E0000       DC8 10, 4, 3, 30, 0, 0, 0, 0, 0, 0
   \              00000000    
   \   000004E2   000000000000       DC8 0, 0, 0, 0, 0, 0, 0, 0, 16, 12
   \              0000100C    
   \   000004EC   06071F0B170C       DC8 6, 7, 31, 11, 23, 12, 10, 10, 4, 4
   \              0A0A0404    
   \   000004F6   0A0A0A0A0A0A       DC8 10, 10, 10, 10, 10, 10, 10, 10, 10, 10
   \              0A0A0A0A    
   \   00000500   0A0A0A0A0A0A       DC8 10, 10, 10, 10, 10, 10, 10, 10, 10, 4
   \              0A0A0A04    
   \   0000050A   040404040404       DC8 4, 4, 4, 4, 4, 4, 4, 10, 10, 10
   \              040A0A0A    
   \   00000514   04023D000000       DC8 4, 2, 61, 0, 0, 0, 0, 0, 0, 0
   \              00000000    
   \   0000051E   000000000000       DC8 0, 0, 0, 0, 0, 0, 0, 0, 16, 12
   \              0000100C    
   \   00000528   06071F0B1713       DC8 6, 7, 31, 11, 23, 19, 20, 18, 18, 18
   \              14121212    
   \   00000532   05040A0A0A0A       DC8 5, 4, 10, 10, 10, 10, 10, 10, 10, 10
   \              0A0A0A0A    
   \   0000053C   0A0A0A0A0A0A       DC8 10, 10, 10, 10, 10, 10, 12, 4, 25, 18
   \              0C041912    
   \   00000546   121212121212       DC8 18, 18, 18, 18, 18, 18, 18, 18, 22, 12
   \              1212160C    
   \   00000550   021E00000000       DC8 2, 30, 0, 0, 0, 0, 0, 0, 0, 0
   \              00000000    
   \   0000055A   000000000000       DC8 0, 0, 0, 0, 0, 0, 0, 0, 16, 12
   \              0000100C    
   \   00000564   06071F0B1436       DC8 6, 7, 31, 11, 20, 54, 223, 49, 39, 70
   \              DF312746    
   \   0000056E   51130C0C0C0C       DC8 81, 19, 12, 12, 12, 12, 12, 12, 21, 25
   \              0C0C1519    
   \   00000578   070707070517       DC8 7, 7, 7, 7, 5, 23, 12, 11, 44, 49
   \              0C0B2C31    
   \   00000582   276E27272727       DC8 39, 110, 39, 39, 39, 39, 39, 89, 134, 5
   \              27598605    
   \   0000058C   180000000000       DC8 24, 0, 0, 0, 0, 0, 0, 0, 0, 0
   \              00000000    
   \   00000596   000000000000       DC8 0, 0, 0, 0, 0, 0, 0, 0, 16, 12
   \              0000100C    
   \   000005A0   06071F2051FE       DC8 6, 7, 31, 32, 81, 254, 51, 39, 49, 90
   \              3327315A    
   \   000005AA   520B0C0C0C0C       DC8 82, 11, 12, 12, 12, 12, 10, 7, 20, 1
   \              0A071401    
   \   000005B4   262B2B2B4E05       DC8 38, 43, 43, 43, 78, 5, 11, 28, 222, 17
   \              0B1CDE11    
   \   000005BE   2D4344444444       DC8 45, 67, 68, 68, 68, 68, 144, 91, 157, 249
   \              905B9DF9    
   \   000005C8   000000351824       DC8 0, 0, 0, 53, 24, 36, 34, 0, 0, 53
   \              22000035    
   \   000005D2   181818184B00       DC8 24, 24, 24, 24, 75, 0, 0, 0, 16, 12
   \              0000100C    
   \   000005DC   06071F7A3111       DC8 6, 7, 31, 122, 49, 17, 100, 122, 27, 28
   \              647A1B1C    
   \   000005E6   070506060605       DC8 7, 5, 6, 6, 6, 5, 7, 78, 45, 93
   \              074E2D5D    
   \   000005F0   753333335D94       DC8 117, 51, 51, 51, 93, 148, 47, 61, 104, 17
   \              2F3D6811    
   \   000005FA   83281E1E1E1E       DC8 131, 40, 30, 30, 30, 30, 14, 0, 115, 152
   \              0E007398    
   \   00000604   22206E397532       DC8 34, 32, 110, 57, 117, 50, 34, 6, 111, 51
   \              22066F33    
   \   0000060E   335C335C7592       DC8 51, 92, 51, 92, 117, 146, 21, 0, 16, 12
   \              1500100C    
   \   00000618   06071F4C6C5E       DC8 6, 7, 31, 76, 108, 94, 43, 19, 10, 12
   \              2B130A0C    
   \   00000622   15362B262608       DC8 21, 54, 43, 38, 38, 8, 27, 71, 156, 81
   \              1B479C51    
   \   0000062C   020302040AFC       DC8 2, 3, 2, 4, 10, 252, 154, 29, 83, 17
   \              9A1D5311    
   \   00000636   683626262626       DC8 104, 54, 38, 38, 38, 38, 38, 44, 153, 149
   \              262C9995    
   \   00000640   00385E621A4C       DC8 0, 56, 94, 98, 26, 76, 95, 253, 51, 4
   \              5FFD3304    
   \   0000064A   231818230498       DC8 35, 24, 24, 35, 4, 152, 147, 0, 13, 12
   \              93000D0C    
   \   00000654   06071B246C5E       DC8 6, 7, 27, 36, 108, 94, 43, 6, 21, 21
   \              2B061515    
   \   0000065E   2A5B97979B38       DC8 42, 91, 151, 151, 155, 56, 40, 115, 149, 28
   \              2873951C    
   \   00000668   0B1313073C31       DC8 11, 19, 19, 7, 60, 49, 158, 11, 103, 17
   \              9E0B6711    
   \   00000672   5D7439393939       DC8 93, 116, 57, 57, 57, 57, 57, 93, 71, 6
   \              395D4706    
   \   0000067C   003296000000       DC8 0, 50, 150, 0, 0, 0, 16, 153, 56, 0
   \              10993800    
   \   00000686   000000000072       DC8 0, 0, 0, 0, 0, 114, 116, 0, 73, 12
   \              7400490C    
   \   00000690   06071B4B9111       DC8 6, 7, 27, 75, 145, 17, 79, 26, 29, 33
   \              4F1A1D21    
   \   0000069A   180F03291172       DC8 24, 15, 3, 41, 17, 114, 52, 148, 116, 27
   \              3494741B    
   \   000006A4   1D1D1D21285A       DC8 29, 29, 29, 33, 40, 90, 159, 15, 47, 17
   \              9F0F2F11    
   \   000006AE   530C3737374F       DC8 83, 12, 55, 55, 55, 79, 6, 53, 0, 0
   \              06350000    
   \   000006B8   002D5D3A0000       DC8 0, 45, 93, 58, 0, 0, 16, 155, 39, 0
   \              109B2700    
   \   000006C2   0000000000FB       DC8 0, 0, 0, 0, 0, 251, 51, 0, 73, 12
   \              3300490C    
   \   000006CC   06071F0E529D       DC8 6, 7, 31, 14, 82, 157, 115, 88, 67, 67
   \              73584343    
   \   000006D6   43F78A479FE1       DC8 67, 247, 138, 71, 159, 225, 40, 138, 158, 91
   \              288A9E5B    
   \   000006E0   4357575731FF       DC8 67, 87, 87, 87, 49, 255, 147, 24, 104, 17
   \              93186811    
   \   000006EA   851F0F0F071C       DC8 133, 31, 15, 15, 7, 28, 0, 0, 0, 0
   \              00000000    
   \   000006F4   00FA9A480000       DC8 0, 250, 154, 72, 0, 0, 34, 39, 156, 88
   \              22279C58    
   \   000006FE   2F2F2F2F595E       DC8 47, 47, 47, 47, 89, 94, 49, 0, 13, 12
   \              31000D0C    
   \   00000708   06073E140E50       DC8 6, 7, 62, 20, 14, 80, 88, 71, 113, 112
   \              58477170    
   \   00000712   70717038520F       DC8 112, 113, 112, 56, 82, 15, 11, 24, 44, 69
   \              0B182C45    
   \   0000071C   2D32323227DD       DC8 45, 50, 50, 50, 39, 221, 10, 180, 38, 90
   \              0AB4265A    
   \   00000726   2B06BE15052E       DC8 43, 6, 190, 21, 5, 46, 0, 0, 0, 0
   \              00000000    
   \   00000730   00DBE0220000       DC8 0, 219, 224, 34, 0, 0, 0, 13, 132, 108
   \              000D846C    
   \   0000073A   2D2D2D2D59DA       DC8 45, 45, 45, 45, 89, 218, 13, 60, 46, 12
   \              0D3C2E0C    
   \   00000744   06071A141325       DC8 6, 7, 26, 20, 19, 37, 24, 35, 26, 26
   \              18231A1A    
   \   0000074E   1A1A1A1B2105       DC8 26, 26, 26, 27, 33, 5, 23, 5, 32, 35
   \              17052023    
   \   00000758   2323231A3EB5       DC8 35, 35, 35, 26, 62, 181, 187, 97, 178, 176
   \              BB61B2B0    
   \   00000762   BC6161BFAB00       DC8 188, 97, 97, 191, 171, 0, 0, 0, 0, 0
   \              00000000    
   \   0000076C   000000000000       DC8 0, 0, 0, 0, 0, 0, 0, 0, 0, 0
   \              00000000    
   \   00000776   000000000000       DC8 0, 0, 0, 0, 0, 0, 0, 52, 46, 12
   \              00342E0C    
   \   00000780   06071A140B05       DC8 6, 7, 26, 20, 11, 5, 23, 25, 25, 25
   \              17191919    
   \   0000078A   191917190505       DC8 25, 25, 23, 25, 5, 5, 5, 5, 25, 23
   \              05051917    
   \   00000794   1717171719BD       DC8 23, 23, 23, 23, 25, 189, 208, 233, 234, 216
   \              D0E9EAD8    
   \   0000079E   D6D7D9B6ADD5       DC8 214, 215, 217, 182, 173, 213, 129, 128, 128, 129
   \              81808081    
   \   000007A8   D176A4C26363       DC8 209, 118, 164, 194, 99, 99, 99, 193, 174, 0
   \              63C1AE00    
   \   000007B2   4E532F2F2F53       DC8 78, 83, 47, 47, 47, 83, 38, 0, 16, 12
   \              2600100C    
   \   000007BC   06071A140614       DC8 6, 7, 26, 20, 6, 20, 11, 25, 5, 5
   \              0B190505    
   \   000007C6   050516131609       DC8 5, 5, 22, 19, 22, 9, 9, 20, 33, 19
   \              09142113    
   \   000007D0   14120705197D       DC8 20, 18, 7, 5, 25, 125, 207, 66, 66, 143
   \              CF42428F    
   \   000007DA   8F4230A94DF6       DC8 143, 66, 48, 169, 77, 246, 244, 66, 66, 245
   \              F44242F5    
   \   000007E4   4078C6E85454       DC8 64, 120, 198, 232, 84, 84, 84, 231, 227, 0
   \              54E7E300    
   \   000007EE   6F1111111111       DC8 111, 17, 17, 17, 17, 17, 113, 0, 13, 12
   \              71000D0C    
   \   000007F8   060723120726       DC8 6, 7, 35, 18, 7, 38, 8, 18, 6, 11
   \              0812060B    
   \   00000802   14132B0C8251       DC8 20, 19, 43, 12, 130, 81, 102, 131, 134, 10
   \              6683860A    
   \   0000080C   65DC0513057C       DC8 101, 220, 5, 19, 5, 124, 204, 241, 141, 64
   \              CCF18D40    
   \   00000816   4030EEA67E56       DC8 64, 48, 238, 166, 126, 86, 65, 64, 64, 48
   \              41404030    
   \   00000820   EB77C3546969       DC8 235, 119, 195, 84, 105, 105, 105, 228, 139, 0
   \              69E48B00    
   \   0000082A   F91111111111       DC8 249, 17, 17, 17, 17, 17, 50, 0, 13, 12
   \              32000D0C    
   \   00000834   06071A1B2638       DC8 6, 7, 26, 27, 38, 56, 248, 82, 192, 100
   \              F852C064    
   \   0000083E   841447453872       DC8 132, 20, 71, 69, 56, 114, 136, 110, 111, 39
   \              886E6F27    
   \   00000848   68458725057C       DC8 104, 69, 135, 37, 5, 124, 206, 48, 85, 65
   \              CE305541    
   \   00000852   4130EFA7C8F2       DC8 65, 48, 239, 167, 200, 242, 141, 65, 65, 48
   \              8D414130    
   \   0000085C   EC77C48C6A6A       DC8 236, 119, 196, 140, 106, 106, 106, 229, 139, 0
   \              6AE58B00    
   \   00000866   6D1111111111       DC8 109, 17, 17, 17, 17, 17, 50, 0, 13, 12
   \              32000D0C    
   \   00000870   06071A1A2690       DC8 6, 7, 26, 26, 38, 144, 49, 109, 44, 135
   \              316D2C87    
   \   0000087A   45824458462D       DC8 69, 130, 68, 88, 70, 45, 82, 39, 145, 69
   \              52279145    
   \   00000884   894389150BB7       DC8 137, 67, 137, 21, 11, 183, 205, 86, 86, 48
   \              CD565630    
   \   0000088E   308EF0A8C9F3       DC8 48, 142, 240, 168, 201, 243, 86, 48, 48, 142
   \              5630308E    
   \   00000898   ED78C5E66B6B       DC8 237, 120, 197, 230, 107, 107, 107, 140, 226, 0
   \              6B8CE200    
   \   000008A2   461111111111       DC8 70, 17, 17, 17, 17, 17, 146, 0, 13, 12
   \              92000D0C    
   \   000008AC   06071A2A162C       DC8 6, 7, 26, 42, 22, 44, 80, 41, 23, 3
   \              50291703    
   \   000008B6   260302154F52       DC8 38, 3, 2, 21, 79, 82, 38, 4, 1, 3
   \              26040103    
   \   000008C0   852629030BBA       DC8 133, 38, 41, 3, 11, 186, 175, 210, 211, 212
   \              AFD2D3D4    
   \   000008CA   CB7F7EA1A5CA       DC8 203, 127, 126, 161, 165, 202, 77, 77, 77, 127
   \              4D4D4D7F    
   \   000008D4   C776A37B6060       DC8 199, 118, 163, 123, 96, 96, 96, 123, 172, 0
   \              607BAC00    
   \   000008DE   17652C2C2C65       DC8 23, 101, 44, 44, 44, 101, 3, 0, 16, 12
   \              0300100C    
   \   000008E8   060723120925       DC8 6, 7, 35, 18, 9, 37, 33, 33, 15, 9
   \              21210F09    
   \   000008F2   091614141D1F       DC8 9, 22, 20, 20, 29, 31, 33, 20, 9, 18
   \              21140912    
   \   000008FC   201212061313       DC8 32, 18, 18, 6, 19, 19, 185, 179, 125, 177
   \              B9B37DB1    
   \   00000906   A00000000000       DC8 160, 0, 0, 0, 0, 0, 0, 0, 0, 0
   \              00000000    
   \   00000910   000000000000       DC8 0, 0, 0, 0, 0, 0, 0, 0, 0, 0
   \              00000000    
   \   0000091A   000000000000       DC8 0, 0, 0, 0, 0, 0, 0, 0, 16, 12
   \              0000100C    
   \   00000924   060718211606       DC8 6, 7, 24, 33, 22, 6, 11, 11, 11, 11
   \              0B0B0B0B    
   \   0000092E   0B0B0B0B1313       DC8 11, 11, 11, 11, 19, 19, 11, 11, 11, 11
   \              0B0B0B0B    
   \   00000938   130B0B0B0B0B       DC8 19, 11, 11, 11, 11, 11, 11, 7, 184, 162
   \              0B07B8A2    
   \   00000942   000000000000       DC8 0, 0, 0, 0, 0, 0, 0, 0, 0, 0
   \              00000000    
   \   0000094C   000000000000       DC8 0, 0, 0, 0, 0, 0, 0, 0, 0, 0
   \              00000000    
   \   00000956   000000000000       DC8 0, 0, 0, 0, 0, 0, 0, 0, 16, 12
   \              0000100C    
   \   00000960   060718211606       DC8 6, 7, 24, 33, 22, 6, 11, 11, 11, 11
   \              0B0B0B0B    
   \   0000096A   0B0B0B0B0B0B       DC8 11, 11, 11, 11, 11, 11, 11, 11, 11, 11
   \              0B0B0B0B    
   \   00000974   0B0B0B0B0B0B       DC8 11, 11, 11, 11, 11, 11, 7, 15, 74, 0
   \              070F4A00    
   \   0000097E   000000000000       DC8 0, 0, 0, 0, 0, 0, 0, 0, 0, 0
   \              00000000    
   \   00000988   000000000000       DC8 0, 0, 0, 0, 0, 0, 0, 0, 0, 0
   \              00000000    
   \   00000992   000000000000       DC8 0, 0, 0, 0, 0, 0, 0, 0, 16, 12
   \              0000100C    
   \   0000099C   06071E1D140F       DC8 6, 7, 30, 29, 20, 15, 6, 6, 6, 6
   \              06060606    
   \   000009A6   060606060606       DC8 6, 6, 6, 6, 6, 6, 6, 6, 6, 6
   \              06060606    
   \   000009B0   060606060605       DC8 6, 6, 6, 6, 6, 5, 20, 74, 0, 0
   \              144A0000    
   \   000009BA   000000000000       DC8 0, 0, 0, 0, 0, 0, 0, 0, 0, 0
   \              00000000    
   \   000009C4   000000000000       DC8 0, 0, 0, 0, 0, 0, 0, 0, 0, 0
   \              00000000    
   \   000009CE   000000000000       DC8 0, 0, 0, 0, 0, 0, 0, 0, 16, 12
   \              0000100C    
   \   000009D8   06071E1D140F       DC8 6, 7, 30, 29, 20, 15, 6, 6, 6, 6
   \              06060606    
   \   000009E2   060606060606       DC8 6, 6, 6, 6, 6, 6, 6, 6, 6, 6
   \              06060606    
   \   000009EC   0606060B0725       DC8 6, 6, 6, 11, 7, 37, 13, 0, 0, 0
   \              0D000000    
   \   000009F6   000000000000       DC8 0, 0, 0, 0, 0, 0, 0, 0, 0, 0
   \              00000000    
   \   00000A00   000000000000       DC8 0, 0, 0, 0, 0, 0, 0, 0, 0, 0
   \              00000000    
   \   00000A0A   000000000000       DC8 0, 0, 0, 0, 0, 0, 0, 0, 16, 12
   \              0000100C    
   \   00000A14   06071E1D140F       DC8 6, 7, 30, 29, 20, 15, 6, 6, 6, 6
   \              06060606    
   \   00000A1E   060606060606       DC8 6, 6, 6, 6, 6, 6, 6, 6, 6, 6
   \              06060606    
   \   00000A28   0F06130B0E3A       DC8 15, 6, 19, 11, 14, 58, 0, 0, 0, 0
   \              00000000    
   \   00000A32   000000000000       DC8 0, 0, 0, 0, 0, 0, 0, 0, 0, 0
   \              00000000    
   \   00000A3C   000000000000       DC8 0, 0, 0, 0, 0, 0, 0, 0, 0, 0
   \              00000000    
   \   00000A46   000000000000       DC8 0, 0, 0, 0, 0, 0, 0, 0, 16, 12
   \              0000100C    
   \   00000A50   06071E2A0916       DC8 6, 7, 30, 42, 9, 22, 15, 15, 15, 15
   \              0F0F0F0F    
   \   00000A5A   0F0F0F0F0F0F       DC8 15, 15, 15, 15, 15, 15, 15, 15, 15, 15
   \              0F0F0F0F    
   \   00000A64   0B1320340000       DC8 11, 19, 32, 52, 0, 0, 0, 0, 0, 0
   \              00000000    
   \   00000A6E   000000000000       DC8 0, 0, 0, 0, 0, 0, 0, 0, 0, 0
   \              00000000    
   \   00000A78   000000000000       DC8 0, 0, 0, 0, 0, 0, 0, 0, 0, 0
   \              00000000    
   \   00000A82   000000000000       DC8 0, 0, 0, 0, 0, 0, 0, 0, 16, 12
   \              0000100C    
   \   00000A8C   06071E2A0916       DC8 6, 7, 30, 42, 9, 22, 15, 15, 15, 15
   \              0F0F0F0F    
   \   00000A96   0F0F0F0F0F0F       DC8 15, 15, 15, 15, 15, 15, 15, 6, 11, 11
   \              0F060B0B    
   \   00000AA0   2AAA22000000       DC8 42, 170, 34, 0, 0, 0, 0, 0, 0, 0
   \              00000000    
   \   00000AAA   000000000000       DC8 0, 0, 0, 0, 0, 0, 0, 0, 0, 0
   \              00000000    
   \   00000AB4   000000000000       DC8 0, 0, 0, 0, 0, 0, 0, 0, 0, 0
   \              00000000    
   \   00000ABE   000000000000       DC8 0, 0, 0, 0, 0, 0, 0, 0, 16, 12
   \              0000100C    
   \   00000AC8   06071E2A0916       DC8 6, 7, 30, 42, 9, 22, 15, 15, 15, 15
   \              0F0F0F0F    
   \   00000AD2   1616160F060B       DC8 22, 22, 22, 15, 6, 11, 11, 22, 27, 40
   \              0B161B28    
   \   00000ADC   220000000000       DC8 34, 0, 0, 0, 0, 0, 0, 0, 0, 0
   \              00000000    
   \   00000AE6   000000000000       DC8 0, 0, 0, 0, 0, 0, 0, 0, 0, 0
   \              00000000    
   \   00000AF0   000000000000       DC8 0, 0, 0, 0, 0, 0, 0, 0, 0, 0
   \              00000000    
   \   00000AFA   000000000000       DC8 0, 0, 0, 0, 0, 0, 0, 0, 16, 12
   \              0000100C    
   \   00000B04   06071E2A1216       DC8 6, 7, 30, 42, 18, 22, 22, 22, 15, 15
   \              16160F0F    
   \   00000B0E   06060B06121B       DC8 6, 6, 11, 6, 18, 27, 75, 13, 0, 0
   \              4B0D0000    
   \   00000B18   000000000000       DC8 0, 0, 0, 0, 0, 0, 0, 0, 0, 0
   \              00000000    
   \   00000B22   000000000000       DC8 0, 0, 0, 0, 0, 0, 0, 0, 0, 0
   \              00000000    
   \   00000B2C   000000000000       DC8 0, 0, 0, 0, 0, 0, 0, 0, 0, 0
   \              00000000    
   \   00000B36   000000000000       DC8 0, 0, 0, 0, 0, 0, 0, 0, 16, 12
   \              0000100C    
   \   00000B40   060718211406       DC8 6, 7, 24, 33, 20, 6, 6, 15, 20, 18
   \              060F1412    
   \   00000B4A   251A24344900       DC8 37, 26, 36, 52, 73, 0, 0, 0, 0, 0
   \              00000000    
   \   00000B54   000000000000       DC8 0, 0, 0, 0, 0, 0, 0, 0, 0, 0
   \              00000000    
   \   00000B5E   000000000000       DC8 0, 0, 0, 0, 0, 0, 0, 0, 0, 0
   \              00000000    
   \   00000B68   000000000000       DC8 0, 0, 0, 0, 0, 0, 0, 0, 0, 0
   \              00000000    
   \   00000B72   000000000000       DC8 0, 0, 0, 0, 0, 0, 0, 0, 16, 12
   \              0000100C    
   \   00000B7C   0B074A283535       DC8 11, 7, 74, 40, 53, 53, 40, 121, 46, 73
   \              28792E49    
   \   00000B86   220000000000       DC8 34, 0, 0, 0, 0, 0, 0, 0, 0, 0
   \              00000000    
   \   00000B90   000000000000       DC8 0, 0, 0, 0, 0, 0, 0, 0, 0, 0
   \              00000000    
   \   00000B9A   000000000000       DC8 0, 0, 0, 0, 0, 0, 0, 0, 0, 0
   \              00000000    
   \   00000BA4   000000000000       DC8 0, 0, 0, 0, 0, 0, 0, 0, 0, 0
   \              00000000    
   \   00000BAE   000000000000       DC8 0, 0, 0, 0, 0, 0, 0, 0, 16, 12
   \              0000100C    
   \   00000BB8   0B1300000000       DC8 11, 19, 0, 0, 0, 0, 0, 0, 0, 0
   \              00000000    
   \   00000BC2   000000000000       DC8 0, 0, 0, 0, 0, 0, 0, 0, 0, 0
   \              00000000    
   \   00000BCC   000000000000       DC8 0, 0, 0, 0, 0, 0, 0, 0, 0, 0
   \              00000000    
   \   00000BD6   000000000000       DC8 0, 0, 0, 0, 0, 0, 0, 0, 0, 0
   \              00000000    
   \   00000BE0   000000000000       DC8 0, 0, 0, 0, 0, 0, 0, 0, 0, 0
   \              00000000    
   \   00000BEA   000000000000       DC8 0, 0, 0, 0, 0, 0, 0, 0, 16, 12
   \              0000100C    
   \   00000BF4   0B1322000000       DC8 11, 19, 34, 0, 0, 0, 0, 0, 0, 0
   \              00000000    
   \   00000BFE   000000000000       DC8 0, 0, 0, 0, 0, 0, 0, 0, 0, 0
   \              00000000    
   \   00000C08   000000000000       DC8 0, 0, 0, 0, 0, 0, 0, 0, 0, 0
   \              00000000    
   \   00000C12   000000000000       DC8 0, 0, 0, 0, 0, 0, 0, 0, 0, 0
   \              00000000    
   \   00000C1C   000000000000       DC8 0, 0, 0, 0, 0, 0, 0, 0, 0, 0
   \              00000000    
   \   00000C26   000000000000       DC8 0, 0, 0, 0, 0, 0, 0, 0, 16, 12
   \              0000100C    
   \   00000C30   0B1322000000       DC8 11, 19, 34, 0, 0, 0, 0, 0, 0, 0
   \              00000000    
   \   00000C3A   000000000000       DC8 0, 0, 0, 0, 0, 0, 0, 0, 0, 0
   \              00000000    
   \   00000C44   000000000000       DC8 0, 0, 0, 0, 0, 0, 0, 0, 0, 0
   \              00000000    
   \   00000C4E   000000000000       DC8 0, 0, 0, 0, 0, 0, 0, 0, 0, 0
   \              00000000    
   \   00000C58   000000000000       DC8 0, 0, 0, 0, 0, 0, 0, 0, 0, 0
   \              00000000    
   \   00000C62   000000000000       DC8 0, 0, 0, 0, 0, 0, 0, 0, 16, 12
   \              0000100C    
   \   00000C6C   06195F000000       DC8 6, 25, 95, 0, 0, 0, 0, 0, 0, 0
   \              00000000    
   \   00000C76   000000000000       DC8 0, 0, 0, 0, 0, 0, 0, 0, 0, 0
   \              00000000    
   \   00000C80   000000000000       DC8 0, 0, 0, 0, 0, 0, 0, 0, 0, 0
   \              00000000    
   \   00000C8A   000000000000       DC8 0, 0, 0, 0, 0, 0, 0, 0, 0, 0
   \              00000000    
   \   00000C94   000000000000       DC8 0, 0, 0, 0, 0, 0, 0, 0, 0, 0
   \              00000000    
   \   00000C9E   000000000000       DC8 0, 0, 0, 0, 0, 0, 0, 0, 59, 4
   \              00003B04    
   \   00000CA8   1D012E000000       DC8 29, 1, 46, 0, 0, 0, 0, 0, 0, 0
   \              00000000    
   \   00000CB2   000000000000       DC8 0, 0, 0, 0, 0, 0, 0, 0, 0, 0
   \              00000000    
   \   00000CBC   000000000000       DC8 0, 0, 0, 0, 0, 0, 0, 0, 0, 0
   \              00000000    
   \   00000CC6   000000000000       DC8 0, 0, 0, 0, 0, 0, 0, 0, 0, 0
   \              00000000    
   \   00000CD0   000000000000       DC8 0, 0, 0, 0, 0, 0, 0, 0, 0, 0
   \              00000000    
   \   00000CDA   000000000000       DC8 0, 0, 0, 0, 0, 0, 0, 0, 36, 1
   \              00002401    
   \   00000CE4   3C623E000000       DC8 60, 98, 62, 0, 0, 0, 0, 0, 0, 0
   \              00000000    
   \   00000CEE   000000000000       DC8 0, 0, 0, 0, 0, 0, 0, 0, 0, 0
   \              00000000    
   \   00000CF8   000000000000       DC8 0, 0, 0, 0, 0, 0, 0, 0, 0, 0
   \              00000000    
   \   00000D02   000000000000       DC8 0, 0, 0, 0, 0, 0, 0, 0, 0, 0
   \              00000000    
   \   00000D0C   000000000000       DC8 0, 0, 0, 0, 0, 0, 0, 0, 0, 0
   \              00000000    
   \   00000D16   000000000000       DC8 0, 0, 0, 0, 0, 0, 0, 0, 6, 12
   \              0000060C    
   \   00000D20   5F0B363B0000       DC8 95, 11, 54, 59, 0, 0, 0, 0, 0, 0
   \              00000000    
   \   00000D2A   000000000000       DC8 0, 0, 0, 0, 0, 0, 0, 0, 0, 0
   \              00000000    
   \   00000D34   000000000000       DC8 0, 0, 0, 0, 0, 0, 0, 0, 0, 0
   \              00000000    
   \   00000D3E   000000000000       DC8 0, 0, 0, 0, 0, 0, 0, 0, 0, 0
   \              00000000    
   \   00000D48   000000000000       DC8 0, 0, 0, 0, 0, 0, 0, 0, 0, 0
   \              00000000    
   \   00000D52   000000000000       DC8 0, 0, 0, 0, 0, 0, 0, 36, 100, 27
   \              0024641B    
   \   00000D5C   0028370A3400       DC8 0, 40, 55, 10, 52, 0, 0, 0, 0, 0
   \              00000000    
   \   00000D66   000000000000       DC8 0, 0, 0, 0, 0, 0, 0, 0, 0, 0
   \              00000000    
   \   00000D70   000000000000       DC8 0, 0, 0, 0, 0, 0, 0, 0, 0, 0
   \              00000000    
   \   00000D7A   000000000000       DC8 0, 0, 0, 0, 0, 0, 0, 0, 0, 0
   \              00000000    
   \   00000D84   000000000000       DC8 0, 0, 0, 0, 0, 0, 0, 0, 0, 0
   \              00000000    
   \   00000D8E   000000000000       DC8 0, 0, 0, 0, 0, 0, 36, 54, 4, 13
   \              2436040D    
   \   00000D98   00002436371D       DC8 0, 0, 36, 54, 55, 29, 60, 46, 13, 13
   \              3C2E0D0D    
   \   00000DA2   0D0D0D0D0D0D       DC8 13, 13, 13, 13, 13, 13, 13, 13, 13, 13
   \              0D0D0D0D    
   \   00000DAC   0D0D0D0D0D0D       DC8 13, 13, 13, 13, 13, 13, 13, 13, 13, 13
   \              0D0D0D0D    
   \   00000DB6   0D0D0D0D0D0D       DC8 13, 13, 13, 13, 13, 13, 13, 13, 13, 13
   \              0D0D0D0D    
   \   00000DC0   0D0D0D0D0D0D       DC8 13, 13, 13, 13, 13, 13, 13, 13, 13, 13
   \              0D0D0D0D    
   \   00000DCA   0D0D0D3B240F       DC8 13, 13, 13, 59, 36, 15, 80, 4, 74, 0
   \              50044A00    
   \   00000DD4   000000341203       DC8 0, 0, 0, 52, 18, 3, 3, 23, 25, 5
   \              03171905    
   \   00000DDE   050505050505       DC8 5, 5, 5, 5, 5, 5, 5, 5, 5, 5
   \              05050505    
   \   00000DE8   050505050505       DC8 5, 5, 5, 5, 5, 5, 5, 5, 5, 5
   \              05050505    
   \   00000DF2   050505050505       DC8 5, 5, 5, 5, 5, 5, 5, 5, 5, 5
   \              05050505    
   \   00000DFC   050505050505       DC8 5, 5, 5, 5, 5, 5, 5, 5, 5, 5
   \              05050505    
   \   00000E06   05050515020A       DC8 5, 5, 5, 21, 2, 10, 28, 13, 0, 0
   \              1C0D0000    
    113            0x00, 0x00, 0x00, 0x00, 0x48, 0x4C, 0x1D, 0x09, 0x09, 0x09, 0x09, 0x09, 0x09, 0x09, 0x09, 0x09, 0x09, 0x09, 0x09, 0x09, 0x09, 0x09, 0x09, 0x09, 0x09, 0x09, 0x09, 0x09, 0x09, 0x09, 0x09, 0x09, 0x09, 0x09, 0x09, 0x09, 0x09, 0x09, 0x09, 0x09, 0x09, 0x09, 
    114                  0x09, 0x09, 0x09, 0x09, 0x09, 0x09, 0x09, 0x09, 0x09, 0x09, 0x09, 0x09, 0x1F, 0x79, 0x00, 0x00, 0x00, 0x00,
    115            0x00, 0x00, 0x00, 0x24, 0x19, 0x08, 0x03, 0x19, 0x07, 0x07, 0x07, 0x07, 0x07, 0x07, 0x07, 0x07, 0x07, 0x07, 0x07, 0x07, 0x07, 0x07, 0x07, 0x07, 0x07, 0x07, 0x07, 0x07, 0x07, 0x07, 0x07, 0x07, 0x07, 0x07, 0x07, 0x07, 0x07, 0x07, 0x07, 0x07, 0x07, 0x07, 
    116                  0x07, 0x07, 0x07, 0x07, 0x07, 0x07, 0x07, 0x07, 0x07, 0x07, 0x05, 0x17, 0x01, 0x01, 0x09, 0x3B, 0x00, 0x00,
    117            0x00, 0x00, 0x1B, 0x4F, 0x03, 0x1C, 0x0E, 0x0E, 0x3D, 0x0E, 0x0E, 0x0E, 0x0E, 0x0E, 0x0E, 0x0E, 0x0E, 0x0E, 0x0E, 0x0E, 0x0E, 0x0E, 0x0E, 0x0E, 0x0E, 0x0E, 0x0E, 0x0E, 0x0E, 0x0E, 0x0E, 0x0E, 0x0E, 0x0E, 0x0E, 0x0E, 0x0E, 0x0E, 0x0E, 0x0E, 0x0E, 0x0E, 
    118                  0x0E, 0x0E, 0x0E, 0x0E, 0x0E, 0x0E, 0x0E, 0x0E, 0x0E, 0x3D, 0x0E, 0x0E, 0x18, 0x09, 0x37, 0x3F, 0x35, 0x00,
    119            0x00, 0x24, 0x50, 0x05, 0x3D, 0x23, 0x25, 0x1D, 0x21, 0x12, 0x09, 0x09, 0x09, 0x09, 0x09, 0x09, 0x09, 0x09, 0x09, 0x09, 0x09, 0x09, 0x09, 0x09, 0x09, 0x09, 0x09, 0x09, 0x09, 0x09, 0x09, 0x09, 0x09, 0x09, 0x09, 0x09, 0x09, 0x09, 0x09, 0x09, 0x09, 0x09, 
    120                  0x09, 0x09, 0x09, 0x09, 0x09, 0x09, 0x09, 0x09, 0x12, 0x12, 0x21, 0x1D, 0x1C, 0x0E, 0x18, 0x08, 0x3F, 0x10,
    121            0x3A, 0x19, 0x03, 0x0E, 0x1C, 0x14, 0x06, 0x07, 0x07, 0x05, 0x05, 0x05, 0x05, 0x05, 0x05, 0x05, 0x05, 0x05, 0x05, 0x05, 0x05, 0x05, 0x05, 0x05, 0x05, 0x05, 0x05, 0x05, 0x05, 0x05, 0x05, 0x05, 0x05, 0x05, 0x05, 0x05, 0x05, 0x05, 0x05, 0x05, 0x05, 0x05, 
    122                  0x05, 0x05, 0x05, 0x05, 0x05, 0x05, 0x05, 0x05, 0x05, 0x05, 0x07, 0x13, 0x16, 0x21, 0x23, 0x3E, 0x4E, 0x25,
    123            0x4C, 0x3F, 0x20, 0x1B, 0x14, 0x13, 0x17, 0x0A, 0x0A, 0x0A, 0x0A, 0x0A, 0x04, 0x04, 0x04, 0x04, 0x04, 0x04, 0x04, 0x04, 0x04, 0x04, 0x04, 0x04, 0x04, 0x04, 0x04, 0x04, 0x04, 0x04, 0x04, 0x04, 0x04, 0x04, 0x04, 0x04, 0x04, 0x04, 0x04, 0x04, 0x04, 0x04, 
    124                  0x04, 0x04, 0x04, 0x04, 0x04, 0x04, 0x04, 0x0A, 0x0A, 0x0A, 0x0A, 0x0C, 0x19, 0x0B, 0x12, 0x18, 0x0B, 0x0A,
    125            0x12, 0x04, 0x1A, 0x09, 0x07, 0x0C, 0x02, 0x01, 0x01, 0x01, 0x01, 0x01, 0x01, 0x01, 0x01, 0x01, 0x01, 0x01, 0x01, 0x01, 0x01, 0x01, 0x01, 0x01, 0x01, 0x01, 0x01, 0x01, 0x01, 0x01, 0x01, 0x01, 0x01, 0x01, 0x01, 0x01, 0x01, 0x01, 0x01, 0x01, 0x01, 0x01, 
    126                  0x01, 0x01, 0x01, 0x01, 0x01, 0x01, 0x01, 0x01, 0x01, 0x01, 0x01, 0x02, 0x04, 0x15, 0x13, 0x25, 0x1F, 0x03,
    127            0x06, 0x05, 0x3E, 0x06, 0x15, 0x03, 0x08, 0x08, 0x08, 0x08, 0x08, 0x08, 0x08, 0x08, 0x08, 0x08, 0x08, 0x08, 0x08, 0x08, 0x08, 0x08, 0x08, 0x08, 0x08, 0x08, 0x08, 0x08, 0x08, 0x08, 0x08, 0x08, 0x08, 0x08, 0x08, 0x08, 0x08, 0x08, 0x08, 0x08, 0x08, 0x08, 
    128                  0x08, 0x08, 0x08, 0x08, 0x08, 0x08, 0x08, 0x08, 0x08, 0x08, 0x08, 0x08, 0x01, 0x04, 0x17, 0x16, 0x1B, 0x0C,
    129            0x06, 0x07, 0x1C, 0x07, 0x0A, 0x02, 0x08, 0x08, 0x08, 0x08, 0x08, 0x08, 0x08, 0x08, 0x08, 0x08, 0x08, 0x08, 0x08, 0x08, 0x08, 0x08, 0x08, 0x08, 0x08, 0x08, 0x08, 0x08, 0x08, 0x08, 0x08, 0x08, 0x08, 0x08, 0x08, 0x08, 0x08, 0x08, 0x08, 0x08, 0x08, 0x08, 
    130                  0x08, 0x08, 0x08, 0x08, 0x08, 0x08, 0x08, 0x08, 0x08, 0x08, 0x08, 0x08, 0x08, 0x03, 0x15, 0x0B, 0x1F, 0x15,
    131            0x06, 0x07, 0x20, 0x05, 0x0A, 0x02, 0x01, 0x01, 0x01, 0x01, 0x01, 0x01, 0x01, 0x01, 0x01, 0x01, 0x01, 0x01, 0x01, 0x01, 0x01, 0x01, 0x01, 0x01, 0x01, 0x01, 0x01, 0x01, 0x01, 0x01, 0x01, 0x01, 0x01, 0x01, 0x01, 0x01, 0x01, 0x01, 0x01, 0x01, 0x01, 0x01, 
    132                  0x01, 0x01, 0x01, 0x01, 0x01, 0x01, 0x01, 0x01, 0x01, 0x01, 0x01, 0x01, 0x01, 0x02, 0x0C, 0x13, 0x1C, 0x15,
    133            0x06, 0x07, 0x20, 0x05, 0x0A, 0x02, 0x01, 0x01, 0x01, 0x01, 0x01, 0x01, 0x01, 0x01, 0x01, 0x01, 0x01, 0x01, 0x01, 0x01, 0x01, 0x01, 0x01, 0x01, 0x01, 0x01, 0x01, 0x01, 0x01, 0x01, 0x01, 0x01, 0x01, 0x01, 0x01, 0x01, 0x01, 0x01, 0x01, 0x01, 0x01, 0x01, 
    134                  0x01, 0x01, 0x01, 0x01, 0x01, 0x01, 0x01, 0x01, 0x01, 0x01, 0x01, 0x01, 0x01, 0x02, 0x0C, 0x13, 0x20, 0x15,
    135            0x06, 0x07, 0x25, 0x05, 0x0A, 0x02, 0x01, 0x01, 0x01, 0x01, 0x01, 0x01, 0x01, 0x01, 0x01, 0x01, 0x01, 0x01, 0x01, 0x01, 0x01, 0x01, 0x01, 0x01, 0x01, 0x01, 0x01, 0x01, 0x01, 0x01, 0x01, 0x01, 0x01, 0x01, 0x01, 0x01, 0x01, 0x01, 0x01, 0x01, 0x01, 0x01, 
    136                  0x01, 0x01, 0x01, 0x01, 0x01, 0x01, 0x01, 0x01, 0x01, 0x01, 0x01, 0x01, 0x01, 0x02, 0x0A, 0x07, 0x25, 0x15,
    137            0x06, 0x07, 0x20, 0x05, 0x0C, 0x03, 0x02, 0x02, 0x02, 0x02, 0x02, 0x02, 0x02, 0x02, 0x02, 0x02, 0x02, 0x02, 0x02, 0x02, 0x02, 0x02, 0x02, 0x02, 0x02, 0x02, 0x02, 0x02, 0x02, 0x02, 0x02, 0x02, 0x02, 0x02, 0x02, 0x02, 0x02, 0x02, 0x02, 0x02, 0x02, 0x02, 
    138                  0x02, 0x02, 0x02, 0x02, 0x02, 0x02, 0x02, 0x02, 0x02, 0x02, 0x02, 0x08, 0x62, 0x01, 0x17, 0x16, 0x1B, 0x15,
    139            0x06, 0x07, 0x20, 0x05, 0x0C, 0x03, 0x02, 0x02, 0x02, 0x02, 0x02, 0x02, 0x02, 0x02, 0x02, 0x02, 0x02, 0x02, 0x02, 0x02, 0x02, 0x02, 0x02, 0x02, 0x02, 0x02, 0x02, 0x02, 0x02, 0x02, 0x02, 0x02, 0x02, 0x02, 0x02, 0x02, 0x02, 0x02, 0x02, 0x02, 0x02, 0x02, 
    140                  0x02, 0x02, 0x02, 0x02, 0x02, 0x02, 0x02, 0x02, 0x01, 0x3F, 0x3F, 0x17, 0x20, 0x4B, 0x3B, 0x3A, 0x2E, 0x0C,
    141            0x06, 0x07, 0x20, 0x05, 0x0C, 0x03, 0x02, 0x02, 0x02, 0x02, 0x02, 0x02, 0x02, 0x02, 0x02, 0x02, 0x02, 0x02, 0x02, 0x02, 0x02, 0x02, 0x02, 0x02, 0x02, 0x02, 0x02, 0x02, 0x02, 0x02, 0x02, 0x02, 0x02, 0x02, 0x02, 0x02, 0x02, 0x02, 0x02, 0x02, 0x02, 0x02, 
    142                  0x02, 0x02, 0x02, 0x02, 0x02, 0x02, 0x02, 0x08, 0x08, 0x0F, 0x24, 0x48, 0x00, 0x00, 0x00, 0x00, 0x10, 0x0C,
    143            0x06, 0x07, 0x1C, 0x07, 0x15, 0x04, 0x03, 0x03, 0x03, 0x03, 0x03, 0x03, 0x03, 0x03, 0x03, 0x03, 0x03, 0x03, 0x03, 0x03, 0x03, 0x03, 0x03, 0x03, 0x03, 0x03, 0x03, 0x03, 0x03, 0x03, 0x03, 0x03, 0x03, 0x03, 0x03, 0x03, 0x03, 0x03, 0x03, 0x03, 0x03, 0x03, 
    144                  0x03, 0x03, 0x03, 0x03, 0x03, 0x02, 0x08, 0x13, 0x3C, 0x22, 0x00, 0x00, 0x00, 0x00, 0x00, 0x00, 0x10, 0x0C,
    145            0x06, 0x07, 0x1C, 0x07, 0x15, 0x04, 0x03, 0x03, 0x03, 0x03, 0x03, 0x03, 0x03, 0x03, 0x03, 0x03, 0x03, 0x03, 0x03, 0x03, 0x03, 0x03, 0x03, 0x03, 0x03, 0x03, 0x03, 0x03, 0x03, 0x03, 0x03, 0x03, 0x03, 0x03, 0x03, 0x03, 0x03, 0x03, 0x03, 0x03, 0x03, 0x03, 
    146                  0x03, 0x03, 0x03, 0x03, 0x08, 0x03, 0x23, 0x3A, 0x00, 0x00, 0x00, 0x00, 0x00, 0x00, 0x00, 0x00, 0x10, 0x0C,
    147            0x06, 0x07, 0x1C, 0x07, 0x15, 0x04, 0x03, 0x03, 0x03, 0x03, 0x03, 0x03, 0x03, 0x03, 0x03, 0x03, 0x03, 0x03, 0x03, 0x03, 0x03, 0x03, 0x03, 0x03, 0x03, 0x03, 0x03, 0x03, 0x03, 0x03, 0x03, 0x03, 0x03, 0x03, 0x03, 0x03, 0x03, 0x03, 0x03, 0x03, 0x03, 0x03, 
    148                  0x03, 0x03, 0x03, 0x08, 0x07, 0x28, 0x00, 0x00, 0x00, 0x00, 0x00, 0x00, 0x00, 0x00, 0x00, 0x00, 0x10, 0x0C,
    149            0x06, 0x07, 0x1C, 0x13, 0x15, 0x0A, 0x04, 0x04, 0x04, 0x04, 0x04, 0x04, 0x04, 0x04, 0x04, 0x04, 0x04, 0x04, 0x04, 0x04, 0x04, 0x04, 0x04, 0x04, 0x04, 0x04, 0x04, 0x04, 0x04, 0x04, 0x04, 0x04, 0x04, 0x04, 0x04, 0x04, 0x04, 0x04, 0x04, 0x04, 0x04, 0x04, 
    150                  0x04, 0x04, 0x01, 0x2A, 0x48, 0x00, 0x00, 0x00, 0x00, 0x00, 0x00, 0x00, 0x00, 0x00, 0x00, 0x00, 0x10, 0x0C,
    151            0x06, 0x07, 0x1C, 0x13, 0x15, 0x0A, 0x04, 0x04, 0x04, 0x04, 0x04, 0x04, 0x04, 0x04, 0x04, 0x04, 0x04, 0x04, 0x04, 0x04, 0x04, 0x04, 0x04, 0x04, 0x04, 0x04, 0x04, 0x04, 0x04, 0x04, 0x04, 0x04, 0x04, 0x04, 0x04, 0x04, 0x04, 0x04, 0x04, 0x04, 0x04, 0x04, 
    152                  0x03, 0x01, 0x1B, 0x22, 0x00, 0x00, 0x00, 0x00, 0x00, 0x00, 0x00, 0x00, 0x00, 0x00, 0x00, 0x00, 0x10, 0x0C,
    153            0x06, 0x07, 0x1F, 0x0B, 0x17, 0x0C, 0x0A, 0x0A, 0x0A, 0x0A, 0x0A, 0x0A, 0x0A, 0x0A, 0x0A, 0x0A, 0x0A, 0x0A, 0x0A, 0x0A, 0x0A, 0x0A, 0x0A, 0x0A, 0x0A, 0x0A, 0x0A, 0x0A, 0x0A, 0x0A, 0x0A, 0x0A, 0x0A, 0x0A, 0x0A, 0x0A, 0x0A, 0x0A, 0x0A, 0x0A, 0x0A, 0x04, 
    154                  0x03, 0x1E, 0x00, 0x00, 0x00, 0x00, 0x00, 0x00, 0x00, 0x00, 0x00, 0x00, 0x00, 0x00, 0x00, 0x00, 0x10, 0x0C,
    155            0x06, 0x07, 0x1F, 0x0B, 0x17, 0x0C, 0x0A, 0x0A, 0x04, 0x04, 0x0A, 0x0A, 0x0A, 0x0A, 0x0A, 0x0A, 0x0A, 0x0A, 0x0A, 0x0A, 0x0A, 0x0A, 0x0A, 0x0A, 0x0A, 0x0A, 0x0A, 0x0A, 0x0A, 0x04, 0x04, 0x04, 0x04, 0x04, 0x04, 0x04, 0x04, 0x0A, 0x0A, 0x0A, 0x04, 0x02, 
    156                  0x3D, 0x00, 0x00, 0x00, 0x00, 0x00, 0x00, 0x00, 0x00, 0x00, 0x00, 0x00, 0x00, 0x00, 0x00, 0x00, 0x10, 0x0C,
    157            0x06, 0x07, 0x1F, 0x0B, 0x17, 0x13, 0x14, 0x12, 0x12, 0x12, 0x05, 0x04, 0x0A, 0x0A, 0x0A, 0x0A, 0x0A, 0x0A, 0x0A, 0x0A, 0x0A, 0x0A, 0x0A, 0x0A, 0x0A, 0x0A, 0x0C, 0x04, 0x19, 0x12, 0x12, 0x12, 0x12, 0x12, 0x12, 0x12, 0x12, 0x12, 0x16, 0x0C, 0x02, 0x1E, 
    158                  0x00, 0x00, 0x00, 0x00, 0x00, 0x00, 0x00, 0x00, 0x00, 0x00, 0x00, 0x00, 0x00, 0x00, 0x00, 0x00, 0x10, 0x0C,
    159            0x06, 0x07, 0x1F, 0x0B, 0x14, 0x36, 0xDF, 0x31, 0x27, 0x46, 0x51, 0x13, 0x0C, 0x0C, 0x0C, 0x0C, 0x0C, 0x0C, 0x15, 0x19, 0x07, 0x07, 0x07, 0x07, 0x05, 0x17, 0x0C, 0x0B, 0x2C, 0x31, 0x27, 0x6E, 0x27, 0x27, 0x27, 0x27, 0x27, 0x59, 0x86, 0x05, 0x18, 0x00, 
    160                  0x00, 0x00, 0x00, 0x00, 0x00, 0x00, 0x00, 0x00, 0x00, 0x00, 0x00, 0x00, 0x00, 0x00, 0x00, 0x00, 0x10, 0x0C,
    161            0x06, 0x07, 0x1F, 0x20, 0x51, 0xFE, 0x33, 0x27, 0x31, 0x5A, 0x52, 0x0B, 0x0C, 0x0C, 0x0C, 0x0C, 0x0A, 0x07, 0x14, 0x01, 0x26, 0x2B, 0x2B, 0x2B, 0x4E, 0x05, 0x0B, 0x1C, 0xDE, 0x11, 0x2D, 0x43, 0x44, 0x44, 0x44, 0x44, 0x90, 0x5B, 0x9D, 0xF9, 0x00, 0x00, 
    162                  0x00, 0x35, 0x18, 0x24, 0x22, 0x00, 0x00, 0x35, 0x18, 0x18, 0x18, 0x18, 0x4B, 0x00, 0x00, 0x00, 0x10, 0x0C,
    163            0x06, 0x07, 0x1F, 0x7A, 0x31, 0x11, 0x64, 0x7A, 0x1B, 0x1C, 0x07, 0x05, 0x06, 0x06, 0x06, 0x05, 0x07, 0x4E, 0x2D, 0x5D, 0x75, 0x33, 0x33, 0x33, 0x5D, 0x94, 0x2F, 0x3D, 0x68, 0x11, 0x83, 0x28, 0x1E, 0x1E, 0x1E, 0x1E, 0x0E, 0x00, 0x73, 0x98, 0x22, 0x20, 
    164                  0x6E, 0x39, 0x75, 0x32, 0x22, 0x06, 0x6F, 0x33, 0x33, 0x5C, 0x33, 0x5C, 0x75, 0x92, 0x15, 0x00, 0x10, 0x0C,
    165            0x06, 0x07, 0x1F, 0x4C, 0x6C, 0x5E, 0x2B, 0x13, 0x0A, 0x0C, 0x15, 0x36, 0x2B, 0x26, 0x26, 0x08, 0x1B, 0x47, 0x9C, 0x51, 0x02, 0x03, 0x02, 0x04, 0x0A, 0xFC, 0x9A, 0x1D, 0x53, 0x11, 0x68, 0x36, 0x26, 0x26, 0x26, 0x26, 0x26, 0x2C, 0x99, 0x95, 0x00, 0x38, 
    166                  0x5E, 0x62, 0x1A, 0x4C, 0x5F, 0xFD, 0x33, 0x04, 0x23, 0x18, 0x18, 0x23, 0x04, 0x98, 0x93, 0x00, 0x0D, 0x0C,
    167            0x06, 0x07, 0x1B, 0x24, 0x6C, 0x5E, 0x2B, 0x06, 0x15, 0x15, 0x2A, 0x5B, 0x97, 0x97, 0x9B, 0x38, 0x28, 0x73, 0x95, 0x1C, 0x0B, 0x13, 0x13, 0x07, 0x3C, 0x31, 0x9E, 0x0B, 0x67, 0x11, 0x5D, 0x74, 0x39, 0x39, 0x39, 0x39, 0x39, 0x5D, 0x47, 0x06, 0x00, 0x32, 
    168                  0x96, 0x00, 0x00, 0x00, 0x10, 0x99, 0x38, 0x00, 0x00, 0x00, 0x00, 0x00, 0x00, 0x72, 0x74, 0x00, 0x49, 0x0C,
    169            0x06, 0x07, 0x1B, 0x4B, 0x91, 0x11, 0x4F, 0x1A, 0x1D, 0x21, 0x18, 0x0F, 0x03, 0x29, 0x11, 0x72, 0x34, 0x94, 0x74, 0x1B, 0x1D, 0x1D, 0x1D, 0x21, 0x28, 0x5A, 0x9F, 0x0F, 0x2F, 0x11, 0x53, 0x0C, 0x37, 0x37, 0x37, 0x4F, 0x06, 0x35, 0x00, 0x00, 0x00, 0x2D, 
    170                  0x5D, 0x3A, 0x00, 0x00, 0x10, 0x9B, 0x27, 0x00, 0x00, 0x00, 0x00, 0x00, 0x00, 0xFB, 0x33, 0x00, 0x49, 0x0C,
    171            0x06, 0x07, 0x1F, 0x0E, 0x52, 0x9D, 0x73, 0x58, 0x43, 0x43, 0x43, 0xF7, 0x8A, 0x47, 0x9F, 0xE1, 0x28, 0x8A, 0x9E, 0x5B, 0x43, 0x57, 0x57, 0x57, 0x31, 0xFF, 0x93, 0x18, 0x68, 0x11, 0x85, 0x1F, 0x0F, 0x0F, 0x07, 0x1C, 0x00, 0x00, 0x00, 0x00, 0x00, 0xFA, 
    172                  0x9A, 0x48, 0x00, 0x00, 0x22, 0x27, 0x9C, 0x58, 0x2F, 0x2F, 0x2F, 0x2F, 0x59, 0x5E, 0x31, 0x00, 0x0D, 0x0C,
    173            0x06, 0x07, 0x3E, 0x14, 0x0E, 0x50, 0x58, 0x47, 0x71, 0x70, 0x70, 0x71, 0x70, 0x38, 0x52, 0x0F, 0x0B, 0x18, 0x2C, 0x45, 0x2D, 0x32, 0x32, 0x32, 0x27, 0xDD, 0x0A, 0xB4, 0x26, 0x5A, 0x2B, 0x06, 0xBE, 0x15, 0x05, 0x2E, 0x00, 0x00, 0x00, 0x00, 0x00, 0xDB, 
    174                  0xE0, 0x22, 0x00, 0x00, 0x00, 0x0D, 0x84, 0x6C, 0x2D, 0x2D, 0x2D, 0x2D, 0x59, 0xDA, 0x0D, 0x3C, 0x2E, 0x0C,
    175            0x06, 0x07, 0x1A, 0x14, 0x13, 0x25, 0x18, 0x23, 0x1A, 0x1A, 0x1A, 0x1A, 0x1A, 0x1B, 0x21, 0x05, 0x17, 0x05, 0x20, 0x23, 0x23, 0x23, 0x23, 0x1A, 0x3E, 0xB5, 0xBB, 0x61, 0xB2, 0xB0, 0xBC, 0x61, 0x61, 0xBF, 0xAB, 0x00, 0x00, 0x00, 0x00, 0x00, 0x00, 0x00, 
    176                  0x00, 0x00, 0x00, 0x00, 0x00, 0x00, 0x00, 0x00, 0x00, 0x00, 0x00, 0x00, 0x00, 0x00, 0x00, 0x34, 0x2E, 0x0C,
    177            0x06, 0x07, 0x1A, 0x14, 0x0B, 0x05, 0x17, 0x19, 0x19, 0x19, 0x19, 0x19, 0x17, 0x19, 0x05, 0x05, 0x05, 0x05, 0x19, 0x17, 0x17, 0x17, 0x17, 0x17, 0x19, 0xBD, 0xD0, 0xE9, 0xEA, 0xD8, 0xD6, 0xD7, 0xD9, 0xB6, 0xAD, 0xD5, 0x81, 0x80, 0x80, 0x81, 0xD1, 0x76, 
    178                  0xA4, 0xC2, 0x63, 0x63, 0x63, 0xC1, 0xAE, 0x00, 0x4E, 0x53, 0x2F, 0x2F, 0x2F, 0x53, 0x26, 0x00, 0x10, 0x0C,
    179            0x06, 0x07, 0x1A, 0x14, 0x06, 0x14, 0x0B, 0x19, 0x05, 0x05, 0x05, 0x05, 0x16, 0x13, 0x16, 0x09, 0x09, 0x14, 0x21, 0x13, 0x14, 0x12, 0x07, 0x05, 0x19, 0x7D, 0xCF, 0x42, 0x42, 0x8F, 0x8F, 0x42, 0x30, 0xA9, 0x4D, 0xF6, 0xF4, 0x42, 0x42, 0xF5, 0x40, 0x78, 
    180                  0xC6, 0xE8, 0x54, 0x54, 0x54, 0xE7, 0xE3, 0x00, 0x6F, 0x11, 0x11, 0x11, 0x11, 0x11, 0x71, 0x00, 0x0D, 0x0C,
    181            0x06, 0x07, 0x23, 0x12, 0x07, 0x26, 0x08, 0x12, 0x06, 0x0B, 0x14, 0x13, 0x2B, 0x0C, 0x82, 0x51, 0x66, 0x83, 0x86, 0x0A, 0x65, 0xDC, 0x05, 0x13, 0x05, 0x7C, 0xCC, 0xF1, 0x8D, 0x40, 0x40, 0x30, 0xEE, 0xA6, 0x7E, 0x56, 0x41, 0x40, 0x40, 0x30, 0xEB, 0x77, 
    182                  0xC3, 0x54, 0x69, 0x69, 0x69, 0xE4, 0x8B, 0x00, 0xF9, 0x11, 0x11, 0x11, 0x11, 0x11, 0x32, 0x00, 0x0D, 0x0C,
    183            0x06, 0x07, 0x1A, 0x1B, 0x26, 0x38, 0xF8, 0x52, 0xC0, 0x64, 0x84, 0x14, 0x47, 0x45, 0x38, 0x72, 0x88, 0x6E, 0x6F, 0x27, 0x68, 0x45, 0x87, 0x25, 0x05, 0x7C, 0xCE, 0x30, 0x55, 0x41, 0x41, 0x30, 0xEF, 0xA7, 0xC8, 0xF2, 0x8D, 0x41, 0x41, 0x30, 0xEC, 0x77, 
    184                  0xC4, 0x8C, 0x6A, 0x6A, 0x6A, 0xE5, 0x8B, 0x00, 0x6D, 0x11, 0x11, 0x11, 0x11, 0x11, 0x32, 0x00, 0x0D, 0x0C,
    185            0x06, 0x07, 0x1A, 0x1A, 0x26, 0x90, 0x31, 0x6D, 0x2C, 0x87, 0x45, 0x82, 0x44, 0x58, 0x46, 0x2D, 0x52, 0x27, 0x91, 0x45, 0x89, 0x43, 0x89, 0x15, 0x0B, 0xB7, 0xCD, 0x56, 0x56, 0x30, 0x30, 0x8E, 0xF0, 0xA8, 0xC9, 0xF3, 0x56, 0x30, 0x30, 0x8E, 0xED, 0x78, 
    186                  0xC5, 0xE6, 0x6B, 0x6B, 0x6B, 0x8C, 0xE2, 0x00, 0x46, 0x11, 0x11, 0x11, 0x11, 0x11, 0x92, 0x00, 0x0D, 0x0C,
    187            0x06, 0x07, 0x1A, 0x2A, 0x16, 0x2C, 0x50, 0x29, 0x17, 0x03, 0x26, 0x03, 0x02, 0x15, 0x4F, 0x52, 0x26, 0x04, 0x01, 0x03, 0x85, 0x26, 0x29, 0x03, 0x0B, 0xBA, 0xAF, 0xD2, 0xD3, 0xD4, 0xCB, 0x7F, 0x7E, 0xA1, 0xA5, 0xCA, 0x4D, 0x4D, 0x4D, 0x7F, 0xC7, 0x76, 
    188                  0xA3, 0x7B, 0x60, 0x60, 0x60, 0x7B, 0xAC, 0x00, 0x17, 0x65, 0x2C, 0x2C, 0x2C, 0x65, 0x03, 0x00, 0x10, 0x0C,
    189            0x06, 0x07, 0x23, 0x12, 0x09, 0x25, 0x21, 0x21, 0x0F, 0x09, 0x09, 0x16, 0x14, 0x14, 0x1D, 0x1F, 0x21, 0x14, 0x09, 0x12, 0x20, 0x12, 0x12, 0x06, 0x13, 0x13, 0xB9, 0xB3, 0x7D, 0xB1, 0xA0, 0x00, 0x00, 0x00, 0x00, 0x00, 0x00, 0x00, 0x00, 0x00, 0x00, 0x00, 
    190                  0x00, 0x00, 0x00, 0x00, 0x00, 0x00, 0x00, 0x00, 0x00, 0x00, 0x00, 0x00, 0x00, 0x00, 0x00, 0x00, 0x10, 0x0C,
    191            0x06, 0x07, 0x18, 0x21, 0x16, 0x06, 0x0B, 0x0B, 0x0B, 0x0B, 0x0B, 0x0B, 0x0B, 0x0B, 0x13, 0x13, 0x0B, 0x0B, 0x0B, 0x0B, 0x13, 0x0B, 0x0B, 0x0B, 0x0B, 0x0B, 0x0B, 0x07, 0xB8, 0xA2, 0x00, 0x00, 0x00, 0x00, 0x00, 0x00, 0x00, 0x00, 0x00, 0x00, 0x00, 0x00, 
    192                  0x00, 0x00, 0x00, 0x00, 0x00, 0x00, 0x00, 0x00, 0x00, 0x00, 0x00, 0x00, 0x00, 0x00, 0x00, 0x00, 0x10, 0x0C,
    193            0x06, 0x07, 0x18, 0x21, 0x16, 0x06, 0x0B, 0x0B, 0x0B, 0x0B, 0x0B, 0x0B, 0x0B, 0x0B, 0x0B, 0x0B, 0x0B, 0x0B, 0x0B, 0x0B, 0x0B, 0x0B, 0x0B, 0x0B, 0x0B, 0x0B, 0x07, 0x0F, 0x4A, 0x00, 0x00, 0x00, 0x00, 0x00, 0x00, 0x00, 0x00, 0x00, 0x00, 0x00, 0x00, 0x00, 
    194                  0x00, 0x00, 0x00, 0x00, 0x00, 0x00, 0x00, 0x00, 0x00, 0x00, 0x00, 0x00, 0x00, 0x00, 0x00, 0x00, 0x10, 0x0C,
    195            0x06, 0x07, 0x1E, 0x1D, 0x14, 0x0F, 0x06, 0x06, 0x06, 0x06, 0x06, 0x06, 0x06, 0x06, 0x06, 0x06, 0x06, 0x06, 0x06, 0x06, 0x06, 0x06, 0x06, 0x06, 0x06, 0x05, 0x14, 0x4A, 0x00, 0x00, 0x00, 0x00, 0x00, 0x00, 0x00, 0x00, 0x00, 0x00, 0x00, 0x00, 0x00, 0x00, 
    196                  0x00, 0x00, 0x00, 0x00, 0x00, 0x00, 0x00, 0x00, 0x00, 0x00, 0x00, 0x00, 0x00, 0x00, 0x00, 0x00, 0x10, 0x0C,
    197            0x06, 0x07, 0x1E, 0x1D, 0x14, 0x0F, 0x06, 0x06, 0x06, 0x06, 0x06, 0x06, 0x06, 0x06, 0x06, 0x06, 0x06, 0x06, 0x06, 0x06, 0x06, 0x06, 0x06, 0x0B, 0x07, 0x25, 0x0D, 0x00, 0x00, 0x00, 0x00, 0x00, 0x00, 0x00, 0x00, 0x00, 0x00, 0x00, 0x00, 0x00, 0x00, 0x00, 
    198                  0x00, 0x00, 0x00, 0x00, 0x00, 0x00, 0x00, 0x00, 0x00, 0x00, 0x00, 0x00, 0x00, 0x00, 0x00, 0x00, 0x10, 0x0C,
    199            0x06, 0x07, 0x1E, 0x1D, 0x14, 0x0F, 0x06, 0x06, 0x06, 0x06, 0x06, 0x06, 0x06, 0x06, 0x06, 0x06, 0x06, 0x06, 0x06, 0x06, 0x0F, 0x06, 0x13, 0x0B, 0x0E, 0x3A, 0x00, 0x00, 0x00, 0x00, 0x00, 0x00, 0x00, 0x00, 0x00, 0x00, 0x00, 0x00, 0x00, 0x00, 0x00, 0x00, 
    200                  0x00, 0x00, 0x00, 0x00, 0x00, 0x00, 0x00, 0x00, 0x00, 0x00, 0x00, 0x00, 0x00, 0x00, 0x00, 0x00, 0x10, 0x0C,
    201            0x06, 0x07, 0x1E, 0x2A, 0x09, 0x16, 0x0F, 0x0F, 0x0F, 0x0F, 0x0F, 0x0F, 0x0F, 0x0F, 0x0F, 0x0F, 0x0F, 0x0F, 0x0F, 0x0F, 0x0B, 0x13, 0x20, 0x34, 0x00, 0x00, 0x00, 0x00, 0x00, 0x00, 0x00, 0x00, 0x00, 0x00, 0x00, 0x00, 0x00, 0x00, 0x00, 0x00, 0x00, 0x00, 
    202                  0x00, 0x00, 0x00, 0x00, 0x00, 0x00, 0x00, 0x00, 0x00, 0x00, 0x00, 0x00, 0x00, 0x00, 0x00, 0x00, 0x10, 0x0C,
    203            0x06, 0x07, 0x1E, 0x2A, 0x09, 0x16, 0x0F, 0x0F, 0x0F, 0x0F, 0x0F, 0x0F, 0x0F, 0x0F, 0x0F, 0x0F, 0x0F, 0x06, 0x0B, 0x0B, 0x2A, 0xAA, 0x22, 0x00, 0x00, 0x00, 0x00, 0x00, 0x00, 0x00, 0x00, 0x00, 0x00, 0x00, 0x00, 0x00, 0x00, 0x00, 0x00, 0x00, 0x00, 0x00, 
    204                  0x00, 0x00, 0x00, 0x00, 0x00, 0x00, 0x00, 0x00, 0x00, 0x00, 0x00, 0x00, 0x00, 0x00, 0x00, 0x00, 0x10, 0x0C,
    205            0x06, 0x07, 0x1E, 0x2A, 0x09, 0x16, 0x0F, 0x0F, 0x0F, 0x0F, 0x16, 0x16, 0x16, 0x0F, 0x06, 0x0B, 0x0B, 0x16, 0x1B, 0x28, 0x22, 0x00, 0x00, 0x00, 0x00, 0x00, 0x00, 0x00, 0x00, 0x00, 0x00, 0x00, 0x00, 0x00, 0x00, 0x00, 0x00, 0x00, 0x00, 0x00, 0x00, 0x00, 
    206                  0x00, 0x00, 0x00, 0x00, 0x00, 0x00, 0x00, 0x00, 0x00, 0x00, 0x00, 0x00, 0x00, 0x00, 0x00, 0x00, 0x10, 0x0C,
    207            0x06, 0x07, 0x1E, 0x2A, 0x12, 0x16, 0x16, 0x16, 0x0F, 0x0F, 0x06, 0x06, 0x0B, 0x06, 0x12, 0x1B, 0x4B, 0x0D, 0x00, 0x00, 0x00, 0x00, 0x00, 0x00, 0x00, 0x00, 0x00, 0x00, 0x00, 0x00, 0x00, 0x00, 0x00, 0x00, 0x00, 0x00, 0x00, 0x00, 0x00, 0x00, 0x00, 0x00, 
    208                  0x00, 0x00, 0x00, 0x00, 0x00, 0x00, 0x00, 0x00, 0x00, 0x00, 0x00, 0x00, 0x00, 0x00, 0x00, 0x00, 0x10, 0x0C,
    209            0x06, 0x07, 0x18, 0x21, 0x14, 0x06, 0x06, 0x0F, 0x14, 0x12, 0x25, 0x1A, 0x24, 0x34, 0x49, 0x00, 0x00, 0x00, 0x00, 0x00, 0x00, 0x00, 0x00, 0x00, 0x00, 0x00, 0x00, 0x00, 0x00, 0x00, 0x00, 0x00, 0x00, 0x00, 0x00, 0x00, 0x00, 0x00, 0x00, 0x00, 0x00, 0x00, 
    210                  0x00, 0x00, 0x00, 0x00, 0x00, 0x00, 0x00, 0x00, 0x00, 0x00, 0x00, 0x00, 0x00, 0x00, 0x00, 0x00, 0x10, 0x0C,
    211            0x0B, 0x07, 0x4A, 0x28, 0x35, 0x35, 0x28, 0x79, 0x2E, 0x49, 0x22, 0x00, 0x00, 0x00, 0x00, 0x00, 0x00, 0x00, 0x00, 0x00, 0x00, 0x00, 0x00, 0x00, 0x00, 0x00, 0x00, 0x00, 0x00, 0x00, 0x00, 0x00, 0x00, 0x00, 0x00, 0x00, 0x00, 0x00, 0x00, 0x00, 0x00, 0x00, 
    212                  0x00, 0x00, 0x00, 0x00, 0x00, 0x00, 0x00, 0x00, 0x00, 0x00, 0x00, 0x00, 0x00, 0x00, 0x00, 0x00, 0x10, 0x0C,
    213            0x0B, 0x13, 0x00, 0x00, 0x00, 0x00, 0x00, 0x00, 0x00, 0x00, 0x00, 0x00, 0x00, 0x00, 0x00, 0x00, 0x00, 0x00, 0x00, 0x00, 0x00, 0x00, 0x00, 0x00, 0x00, 0x00, 0x00, 0x00, 0x00, 0x00, 0x00, 0x00, 0x00, 0x00, 0x00, 0x00, 0x00, 0x00, 0x00, 0x00, 0x00, 0x00, 
    214                  0x00, 0x00, 0x00, 0x00, 0x00, 0x00, 0x00, 0x00, 0x00, 0x00, 0x00, 0x00, 0x00, 0x00, 0x00, 0x00, 0x10, 0x0C,
    215            0x0B, 0x13, 0x22, 0x00, 0x00, 0x00, 0x00, 0x00, 0x00, 0x00, 0x00, 0x00, 0x00, 0x00, 0x00, 0x00, 0x00, 0x00, 0x00, 0x00, 0x00, 0x00, 0x00, 0x00, 0x00, 0x00, 0x00, 0x00, 0x00, 0x00, 0x00, 0x00, 0x00, 0x00, 0x00, 0x00, 0x00, 0x00, 0x00, 0x00, 0x00, 0x00, 
    216                  0x00, 0x00, 0x00, 0x00, 0x00, 0x00, 0x00, 0x00, 0x00, 0x00, 0x00, 0x00, 0x00, 0x00, 0x00, 0x00, 0x10, 0x0C,
    217            0x0B, 0x13, 0x22, 0x00, 0x00, 0x00, 0x00, 0x00, 0x00, 0x00, 0x00, 0x00, 0x00, 0x00, 0x00, 0x00, 0x00, 0x00, 0x00, 0x00, 0x00, 0x00, 0x00, 0x00, 0x00, 0x00, 0x00, 0x00, 0x00, 0x00, 0x00, 0x00, 0x00, 0x00, 0x00, 0x00, 0x00, 0x00, 0x00, 0x00, 0x00, 0x00, 
    218                  0x00, 0x00, 0x00, 0x00, 0x00, 0x00, 0x00, 0x00, 0x00, 0x00, 0x00, 0x00, 0x00, 0x00, 0x00, 0x00, 0x10, 0x0C,
    219            0x06, 0x19, 0x5F, 0x00, 0x00, 0x00, 0x00, 0x00, 0x00, 0x00, 0x00, 0x00, 0x00, 0x00, 0x00, 0x00, 0x00, 0x00, 0x00, 0x00, 0x00, 0x00, 0x00, 0x00, 0x00, 0x00, 0x00, 0x00, 0x00, 0x00, 0x00, 0x00, 0x00, 0x00, 0x00, 0x00, 0x00, 0x00, 0x00, 0x00, 0x00, 0x00, 
    220                  0x00, 0x00, 0x00, 0x00, 0x00, 0x00, 0x00, 0x00, 0x00, 0x00, 0x00, 0x00, 0x00, 0x00, 0x00, 0x00, 0x3B, 0x04,
    221            0x1D, 0x01, 0x2E, 0x00, 0x00, 0x00, 0x00, 0x00, 0x00, 0x00, 0x00, 0x00, 0x00, 0x00, 0x00, 0x00, 0x00, 0x00, 0x00, 0x00, 0x00, 0x00, 0x00, 0x00, 0x00, 0x00, 0x00, 0x00, 0x00, 0x00, 0x00, 0x00, 0x00, 0x00, 0x00, 0x00, 0x00, 0x00, 0x00, 0x00, 0x00, 0x00, 
    222                  0x00, 0x00, 0x00, 0x00, 0x00, 0x00, 0x00, 0x00, 0x00, 0x00, 0x00, 0x00, 0x00, 0x00, 0x00, 0x00, 0x24, 0x01,
    223            0x3C, 0x62, 0x3E, 0x00, 0x00, 0x00, 0x00, 0x00, 0x00, 0x00, 0x00, 0x00, 0x00, 0x00, 0x00, 0x00, 0x00, 0x00, 0x00, 0x00, 0x00, 0x00, 0x00, 0x00, 0x00, 0x00, 0x00, 0x00, 0x00, 0x00, 0x00, 0x00, 0x00, 0x00, 0x00, 0x00, 0x00, 0x00, 0x00, 0x00, 0x00, 0x00, 
    224                  0x00, 0x00, 0x00, 0x00, 0x00, 0x00, 0x00, 0x00, 0x00, 0x00, 0x00, 0x00, 0x00, 0x00, 0x00, 0x00, 0x06, 0x0C,
    225            0x5F, 0x0B, 0x36, 0x3B, 0x00, 0x00, 0x00, 0x00, 0x00, 0x00, 0x00, 0x00, 0x00, 0x00, 0x00, 0x00, 0x00, 0x00, 0x00, 0x00, 0x00, 0x00, 0x00, 0x00, 0x00, 0x00, 0x00, 0x00, 0x00, 0x00, 0x00, 0x00, 0x00, 0x00, 0x00, 0x00, 0x00, 0x00, 0x00, 0x00, 0x00, 0x00, 
    226                  0x00, 0x00, 0x00, 0x00, 0x00, 0x00, 0x00, 0x00, 0x00, 0x00, 0x00, 0x00, 0x00, 0x00, 0x00, 0x24, 0x64, 0x1B,
    227            0x00, 0x28, 0x37, 0x0A, 0x34, 0x00, 0x00, 0x00, 0x00, 0x00, 0x00, 0x00, 0x00, 0x00, 0x00, 0x00, 0x00, 0x00, 0x00, 0x00, 0x00, 0x00, 0x00, 0x00, 0x00, 0x00, 0x00, 0x00, 0x00, 0x00, 0x00, 0x00, 0x00, 0x00, 0x00, 0x00, 0x00, 0x00, 0x00, 0x00, 0x00, 0x00, 
    228                  0x00, 0x00, 0x00, 0x00, 0x00, 0x00, 0x00, 0x00, 0x00, 0x00, 0x00, 0x00, 0x00, 0x00, 0x24, 0x36, 0x04, 0x0D,
    229            0x00, 0x00, 0x24, 0x36, 0x37, 0x1D, 0x3C, 0x2E, 0x0D, 0x0D, 0x0D, 0x0D, 0x0D, 0x0D, 0x0D, 0x0D, 0x0D, 0x0D, 0x0D, 0x0D, 0x0D, 0x0D, 0x0D, 0x0D, 0x0D, 0x0D, 0x0D, 0x0D, 0x0D, 0x0D, 0x0D, 0x0D, 0x0D, 0x0D, 0x0D, 0x0D, 0x0D, 0x0D, 0x0D, 0x0D, 0x0D, 0x0D, 
    230                  0x0D, 0x0D, 0x0D, 0x0D, 0x0D, 0x0D, 0x0D, 0x0D, 0x0D, 0x0D, 0x0D, 0x3B, 0x24, 0x0F, 0x50, 0x04, 0x4A, 0x00,
    231            0x00, 0x00, 0x00, 0x34, 0x12, 0x03, 0x03, 0x17, 0x19, 0x05, 0x05, 0x05, 0x05, 0x05, 0x05, 0x05, 0x05, 0x05, 0x05, 0x05, 0x05, 0x05, 0x05, 0x05, 0x05, 0x05, 0x05, 0x05, 0x05, 0x05, 0x05, 0x05, 0x05, 0x05, 0x05, 0x05, 0x05, 0x05, 0x05, 0x05, 0x05, 0x05, 
    232                  0x05, 0x05, 0x05, 0x05, 0x05, 0x05, 0x05, 0x05, 0x05, 0x05, 0x05, 0x15, 0x02, 0x0A, 0x1C, 0x0D, 0x00, 0x00
    233          };
    234          

   \                                 In section .rodata, align 4, keep-with-next
    235          GUI_CONST_STORAGE GUI_BITMAP bmGoProIcon = {
   \                     bmGoProIcon:
   \   00000000                      ; Initializer data, 20 bytes
   \   00000000   3C003C003C00       DC16 60, 60, 60, 8
   \              0800        
   \   00000008   ............       DC32 acGoProIcon, PalGoProIcon
   \              ....        
   \   00000010   00000000           DC8 0, 0, 0, 0
    236            60, /* XSize */
    237            60, /* YSize */
    238            60, /* BytesPerLine */
    239            8, /* BitsPerPixel */
    240            acGoProIcon,  /* Pointer to picture data (indices) */
    241            &PalGoProIcon  /* Pointer to palette */
    242          };
    243          
    244          /* *** End of file *** */


   Section sizes:

     Function/Label  Bytes
     --------------  -----
     ColorsGoProIcon 1024
     PalGoProIcon      12
     acGoProIcon     3600
     bmGoProIcon       20

 
 4 656 bytes in section .rodata
 
 4 656 bytes of CONST memory

Errors: none
Warnings: none
