###############################################################################
#                                                                             #
# IAR ANSI C/C++ Compiler V6.10.2.52244/W32 for ARM     19/Nov/2015  13:08:13 #
# Copyright 1999-2010 IAR Systems AB.                                         #
#                                                                             #
#    Cpu mode     =  arm                                                      #
#    Endian       =  little                                                   #
#    Source file  =  C:\DUII\TargetHW\GUI\GUI_SetOrg.c                        #
#    Command line =  C:\DUII\TargetHW\GUI\GUI_SetOrg.c -D DEBUG=1 -D          #
#                    SDRAM_TARGET=1 -D USB_IS_HIGH_SPEED -D NOPROFILER -D     #
#                    OS_TRACE=0 -D OS_VIEW_ENABLE=0 -lCN                      #
#                    C:\DUII\TargetHW\Release\List\ -o                        #
#                    C:\DUII\TargetHW\Release\Obj\ --endian=little            #
#                    --cpu=ARM926EJ-S -e --fpu=None --dlib_config             #
#                    "C:\Program Files (x86)\IAR Systems\Embedded Workbench   #
#                    6.0\arm\INC\c\DLib_Config_Normal.h" -I                   #
#                    C:\DUII\TargetHW\Application\SEGGERDEMO\ -I              #
#                    C:\DUII\TargetHW\Application\SEGGERDEMO\Src\ -I          #
#                    C:\DUII\TargetHW\Config\ -I C:\DUII\TargetHW\FS\ -I      #
#                    C:\DUII\TargetHW\GUI\ -I C:\DUII\TargetHW\Inc\ -I        #
#                    C:\DUII\TargetHW\OS\ -I C:\DUII\TargetHW\Setup\ -I       #
#                    \DUII\DUII\ -I \DUII\DUII\Graphics\ --cpu_mode arm -Ohs  #
#                    --use_c++_inline --require_prototypes                    #
#    List file    =  C:\DUII\TargetHW\Release\List\GUI_SetOrg.lst             #
#    Object file  =  C:\DUII\TargetHW\Release\Obj\GUI_SetOrg.o                #
#                                                                             #
#                                                                             #
###############################################################################

C:\DUII\TargetHW\GUI\GUI_SetOrg.c
      1          /*********************************************************************
      2          *                SEGGER Microcontroller GmbH & Co. KG                *
      3          *        Solutions for real time microcontroller applications        *
      4          **********************************************************************
      5          *                                                                    *
      6          *        (c) 1996 - 2010  SEGGER Microcontroller GmbH & Co. KG       *
      7          *                                                                    *
      8          *        Internet: www.segger.com    Support:  support@segger.com    *
      9          *                                                                    *
     10          **********************************************************************
     11          
     12          ** emWin V5.06 - Graphical user interface for embedded applications **
     13          emWin is protected by international copyright laws.   Knowledge of the
     14          source code may not be used to write a similar product.  This file may
     15          only be used in accordance with a license and should not be re-
     16          distributed in any way. We appreciate your understanding and fairness.
     17          ----------------------------------------------------------------------
     18          File        : GUI_SetOrg.C
     19          Purpose     : Defines the GUI_SetOrg function
     20          ---------------------------END-OF-HEADER------------------------------
     21          */
     22          
     23          #include "GUI_Private.h"
     24          
     25          /*********************************************************************
     26          *
     27          *       Public code
     28          *
     29          **********************************************************************
     30          */
     31          /*********************************************************************
     32          *
     33          *       GUI_SetOrg
     34          */

   \                                 In section .text, align 4, keep-with-next
     35          void GUI_SetOrg(int x, int y) {
   \                     GUI_SetOrg:
   \   00000000   30402DE9           PUSH     {R4,R5,LR}
   \   00000004   04D04DE2           SUB      SP,SP,#+4
   \   00000008   0040A0E1           MOV      R4,R0
   \   0000000C   0150A0E1           MOV      R5,R1
     36            GUI_LOCK();
   \   00000010   ........           BL       GUI_Lock
     37            GUI_OrgX = x;
   \   00000014   38009FE5           LDR      R0,??GUI_SetOrg_0
     38            GUI_OrgY = y;
     39            GUI_Context.apDevice[GUI_Context.SelLayer]->pDeviceAPI->pfSetOrg(GUI_Context.apDevice[GUI_Context.SelLayer], x, y);
   \   00000018   0520A0E1           MOV      R2,R5
   \   0000001C   B040C0E1           STRH     R4,[R0, #+0]
   \   00000020   30009FE5           LDR      R0,??GUI_SetOrg_0+0x4
   \   00000024   B050C0E1           STRH     R5,[R0, #+0]
   \   00000028   2C009FE5           LDR      R0,??GUI_SetOrg_0+0x8
   \   0000002C   1110D0E5           LDRB     R1,[R0, #+17]
   \   00000030   010180E0           ADD      R0,R0,R1, LSL #+2
   \   00000034   480090E5           LDR      R0,[R0, #+72]
   \   00000038   0410A0E1           MOV      R1,R4
   \   0000003C   0C3090E5           LDR      R3,[R0, #+12]
   \   00000040   203093E5           LDR      R3,[R3, #+32]
   \   00000044   33FF2FE1           BLX      R3
     40            GUI_UNLOCK();
   \   00000048   04D08DE2           ADD      SP,SP,#+4
   \   0000004C   3040BDE8           POP      {R4,R5,LR}
   \   00000050   ........           B        GUI_Unlock       ;; tailcall
   \                     ??GUI_SetOrg_0:
   \   00000054   ........           DC32     GUI_OrgX
   \   00000058   ........           DC32     GUI_OrgY
   \   0000005C   ........           DC32     GUI_Context
     41          }
     42          
     43          /*************************** End of file ****************************/

   Maximum stack usage in bytes:

     Function   .cstack
     --------   -------
     GUI_SetOrg     16


   Section sizes:

     Function/Label Bytes
     -------------- -----
     GUI_SetOrg       96

 
 96 bytes in section .text
 
 96 bytes of CODE memory

Errors: none
Warnings: none
