###############################################################################
#                                                                             #
# IAR ANSI C/C++ Compiler V6.10.2.52244/W32 for ARM     19/Nov/2015  13:15:42 #
# Copyright 1999-2010 IAR Systems AB.                                         #
#                                                                             #
#    Cpu mode     =  arm                                                      #
#    Endian       =  little                                                   #
#    Source file  =  C:\DUII\TargetHW\GUI\GUI_EditFloat.c                     #
#    Command line =  C:\DUII\TargetHW\GUI\GUI_EditFloat.c -D DEBUG=1 -D       #
#                    SDRAM_TARGET=1 -D USB_IS_HIGH_SPEED -D NOPROFILER -D     #
#                    OS_TRACE=0 -D OS_VIEW_ENABLE=0 -lCN                      #
#                    C:\DUII\TargetHW\Release\List\ -o                        #
#                    C:\DUII\TargetHW\Release\Obj\ --endian=little            #
#                    --cpu=ARM926EJ-S -e --fpu=None --dlib_config             #
#                    "C:\Program Files (x86)\IAR Systems\Embedded Workbench   #
#                    6.0\arm\INC\c\DLib_Config_Normal.h" -I                   #
#                    C:\DUII\TargetHW\Application\SEGGERDEMO\ -I              #
#                    C:\DUII\TargetHW\Application\SEGGERDEMO\Src\ -I          #
#                    C:\DUII\TargetHW\Config\ -I C:\DUII\TargetHW\FS\ -I      #
#                    C:\DUII\TargetHW\GUI\ -I C:\DUII\TargetHW\Inc\ -I        #
#                    C:\DUII\TargetHW\OS\ -I C:\DUII\TargetHW\Setup\ -I       #
#                    \DUII\DUII\ -I \DUII\DUII\Graphics\ --cpu_mode arm -Ohs  #
#                    --use_c++_inline --require_prototypes                    #
#    List file    =  C:\DUII\TargetHW\Release\List\GUI_EditFloat.lst          #
#    Object file  =  C:\DUII\TargetHW\Release\Obj\GUI_EditFloat.o             #
#                                                                             #
#                                                                             #
###############################################################################

C:\DUII\TargetHW\GUI\GUI_EditFloat.c
      1          /*********************************************************************
      2          *                SEGGER Microcontroller GmbH & Co. KG                *
      3          *        Solutions for real time microcontroller applications        *
      4          **********************************************************************
      5          *                                                                    *
      6          *        (c) 1996 - 2010  SEGGER Microcontroller GmbH & Co. KG       *
      7          *                                                                    *
      8          *        Internet: www.segger.com    Support:  support@segger.com    *
      9          *                                                                    *
     10          **********************************************************************
     11          
     12          ** emWin V5.06 - Graphical user interface for embedded applications **
     13          emWin is protected by international copyright laws.   Knowledge of the
     14          source code may not be used to write a similar product.  This file may
     15          only be used in accordance with a license and should not be re-
     16          distributed in any way. We appreciate your understanding and fairness.
     17          ----------------------------------------------------------------------
     18          File        : GUI_EditFloat.c
     19          Purpose     : Widget, add. module
     20          ----------------------------------------------------------------------
     21          */
     22          
     23          #include "EDIT.h"
     24          #include "GUI_Private.h"
     25          #include "EDIT_Private.h"
     26          
     27          #if GUI_WINSUPPORT
     28          
     29          /*********************************************************************
     30          *
     31          *             Exported routines
     32          *
     33          **********************************************************************
     34          */
     35          /*********************************************************************
     36          *
     37          *       GUI_EditFloat
     38          */

   \                                 In section .text, align 4, keep-with-next
     39          float GUI_EditFloat(float Value, float Min, float Max, int Len, int xsize, int Shift, U8 Flags) {
   \                     GUI_EditFloat:
   \   00000000   F34F2DE9           PUSH     {R0,R1,R4-R11,LR}
   \   00000004   0CD04DE2           SUB      SP,SP,#+12
   \   00000008   0240A0E1           MOV      R4,R2
   \   0000000C   0380A0E1           MOV      R8,R3
   \   00000010   38909DE5           LDR      R9,[SP, #+56]
   \   00000014   3C509DE5           LDR      R5,[SP, #+60]
   \   00000018   4060DDE5           LDRB     R6,[SP, #+64]
     40            float Ret;
     41            int Key, x, y, ysize, Id;
     42            EDIT_Handle hEdit;
     43            EDIT_Obj* pObj;
     44            const GUI_FONT GUI_UNI_PTR * pOldFont;
     45            WM_LOCK();
   \   0000001C   ........           BL       GUI_Lock
     46            pOldFont = GUI_SetFont(EDIT_GetDefaultFont());
   \   00000020   ........           BL       EDIT_GetDefaultFont
   \   00000024   ........           BL       GUI_SetFont
   \   00000028   0070A0E1           MOV      R7,R0
     47            x = GUI_GetDispPosX();
   \   0000002C   ........           BL       GUI_GetDispPosX
   \   00000030   00A0A0E1           MOV      R10,R0
     48            y = GUI_GetDispPosY();
   \   00000034   ........           BL       GUI_GetDispPosY
   \   00000038   00B0A0E1           MOV      R11,R0
     49            if (xsize == 0)
   \   0000003C   000059E3           CMP      R9,#+0
   \   00000040   0200001A           BNE      ??GUI_EditFloat_0
     50              xsize = GUI_GetCharDistX('X') * Len;
   \   00000044   5800A0E3           MOV      R0,#+88
   \   00000048   ........           BL       GUI_GetCharDistX
   \   0000004C   980009E0           MUL      R9,R8,R0
     51            ysize = GUI_GetFontSizeY();
   \                     ??GUI_EditFloat_0:
   \   00000050   ........           BL       GUI_GetFontSizeY
   \   00000054   0030A0E1           MOV      R3,R0
     52            Id = 0x1234;
     53            hEdit = EDIT_Create(x, y, xsize, ysize, Id, Len, 0);
   \   00000058   0000A0E3           MOV      R0,#+0
   \   0000005C   08008DE5           STR      R0,[SP, #+8]
   \   00000060   3400A0E3           MOV      R0,#+52
   \   00000064   480D80E3           ORR      R0,R0,#0x1200
   \   00000068   00008DE5           STR      R0,[SP, #+0]
   \   0000006C   04808DE5           STR      R8,[SP, #+4]
   \   00000070   0920A0E1           MOV      R2,R9
   \   00000074   0B10A0E1           MOV      R1,R11
   \   00000078   0A00A0E1           MOV      R0,R10
   \   0000007C   ........           BL       EDIT_Create
   \   00000080   0080A0E1           MOV      R8,R0
     54            EDIT_SetFloatMode(hEdit, Value, Min, Max, Shift, Flags);
   \   00000084   04608DE5           STR      R6,[SP, #+4]
   \   00000088   00508DE5           STR      R5,[SP, #+0]
   \   0000008C   0430A0E1           MOV      R3,R4
   \   00000090   10209DE5           LDR      R2,[SP, #+16]
   \   00000094   0C109DE5           LDR      R1,[SP, #+12]
   \   00000098   ........           BL       EDIT_SetFloatMode
     55            do {
     56              Key = GUI_WaitKey();
   \                     ??GUI_EditFloat_1:
   \   0000009C   ........           BL       GUI_WaitKey
   \   000000A0   0040A0E1           MOV      R4,R0
     57              switch (Key) {
   \   000000A4   1B0054E3           CMP      R4,#+27
   \   000000A8   0200000A           BEQ      ??GUI_EditFloat_2
     58              case GUI_KEY_ESCAPE:
     59                break;
     60              default:
     61                EDIT_AddKey(hEdit, Key);
   \   000000AC   0410A0E1           MOV      R1,R4
   \   000000B0   0800A0E1           MOV      R0,R8
   \   000000B4   ........           BL       EDIT_AddKey
     62              }
     63            } while ((Key != GUI_KEY_ESCAPE) && (Key != GUI_KEY_ENTER) && (Key != 0));
   \                     ??GUI_EditFloat_2:
   \   000000B8   1B0054E3           CMP      R4,#+27
   \   000000BC   0D005413           CMPNE    R4,#+13
   \   000000C0   00005413           CMPNE    R4,#+0
   \   000000C4   F4FFFF1A           BNE      ??GUI_EditFloat_1
     64            GUI_SetFont(pOldFont);
   \   000000C8   0700A0E1           MOV      R0,R7
   \   000000CC   ........           BL       GUI_SetFont
     65            pObj = EDIT_LOCK_H(hEdit);
   \   000000D0   0800A0E1           MOV      R0,R8
   \   000000D4   ........           BL       GUI_ALLOC_LockH
   \   000000D8   0040A0E1           MOV      R4,R0
     66            Ret = (I32)pObj->CurrentValue / (float)GUI_Pow10[pObj->NumDecs];
   \   000000DC   480094E5           LDR      R0,[R4, #+72]
   \   000000E0   ........           BL       __aeabi_i2f
   \   000000E4   0050A0E1           MOV      R5,R0
   \   000000E8   4400D4E5           LDRB     R0,[R4, #+68]
   \   000000EC   30109FE5           LDR      R1,??GUI_EditFloat_3
   \   000000F0   000191E7           LDR      R0,[R1, +R0, LSL #+2]
   \   000000F4   ........           BL       __aeabi_ui2f
   \   000000F8   0010A0E1           MOV      R1,R0
   \   000000FC   0500A0E1           MOV      R0,R5
   \   00000100   ........           BL       __aeabi_fdiv
   \   00000104   0040A0E1           MOV      R4,R0
     67            GUI_UNLOCK_H(pObj);
   \   00000108   ........           BL       GUI_ALLOC_UnlockH
     68            EDIT_Delete(hEdit);
   \   0000010C   0800A0E1           MOV      R0,R8
   \   00000110   ........           BL       WM_DeleteWindow
     69            WM_UNLOCK();
   \   00000114   ........           BL       GUI_Unlock
     70            return Ret;
   \   00000118   0400A0E1           MOV      R0,R4
   \   0000011C   14D08DE2           ADD      SP,SP,#+20
   \   00000120   F08FBDE8           POP      {R4-R11,PC}      ;; return
   \                     ??GUI_EditFloat_3:
   \   00000124   ........           DC32     GUI_Pow10
     71          }
     72          
     73          #else /* avoid empty object files */
     74          
     75          void GUI_EditFloat_C(void);
     76          void GUI_EditFloat_C(void){}
     77          
     78          #endif

   Maximum stack usage in bytes:

     Function      .cstack
     --------      -------
     GUI_EditFloat     56


   Section sizes:

     Function/Label Bytes
     -------------- -----
     GUI_EditFloat   296

 
 296 bytes in section .text
 
 296 bytes of CODE memory

Errors: none
Warnings: none
