###############################################################################
#                                                                             #
# IAR ANSI C/C++ Compiler V6.10.2.52244/W32 for ARM     19/Nov/2015  13:12:32 #
# Copyright 1999-2010 IAR Systems AB.                                         #
#                                                                             #
#    Cpu mode     =  arm                                                      #
#    Endian       =  little                                                   #
#    Source file  =  C:\DUII\TargetHW\GUI\GUI_GetLineStyle.c                  #
#    Command line =  C:\DUII\TargetHW\GUI\GUI_GetLineStyle.c -D DEBUG=1 -D    #
#                    SDRAM_TARGET=1 -D USB_IS_HIGH_SPEED -D NOPROFILER -D     #
#                    OS_TRACE=0 -D OS_VIEW_ENABLE=0 -lCN                      #
#                    C:\DUII\TargetHW\Release\List\ -o                        #
#                    C:\DUII\TargetHW\Release\Obj\ --endian=little            #
#                    --cpu=ARM926EJ-S -e --fpu=None --dlib_config             #
#                    "C:\Program Files (x86)\IAR Systems\Embedded Workbench   #
#                    6.0\arm\INC\c\DLib_Config_Normal.h" -I                   #
#                    C:\DUII\TargetHW\Application\SEGGERDEMO\ -I              #
#                    C:\DUII\TargetHW\Application\SEGGERDEMO\Src\ -I          #
#                    C:\DUII\TargetHW\Config\ -I C:\DUII\TargetHW\FS\ -I      #
#                    C:\DUII\TargetHW\GUI\ -I C:\DUII\TargetHW\Inc\ -I        #
#                    C:\DUII\TargetHW\OS\ -I C:\DUII\TargetHW\Setup\ -I       #
#                    \DUII\DUII\ -I \DUII\DUII\Graphics\ --cpu_mode arm -Ohs  #
#                    --use_c++_inline --require_prototypes                    #
#    List file    =  C:\DUII\TargetHW\Release\List\GUI_GetLineStyle.lst       #
#    Object file  =  C:\DUII\TargetHW\Release\Obj\GUI_GetLineStyle.o          #
#                                                                             #
#                                                                             #
###############################################################################

C:\DUII\TargetHW\GUI\GUI_GetLineStyle.c
      1          /*********************************************************************
      2          *                SEGGER Microcontroller GmbH & Co. KG                *
      3          *        Solutions for real time microcontroller applications        *
      4          **********************************************************************
      5          *                                                                    *
      6          *        (c) 1996 - 2010  SEGGER Microcontroller GmbH & Co. KG       *
      7          *                                                                    *
      8          *        Internet: www.segger.com    Support:  support@segger.com    *
      9          *                                                                    *
     10          **********************************************************************
     11          
     12          ** emWin V5.06 - Graphical user interface for embedded applications **
     13          emWin is protected by international copyright laws.   Knowledge of the
     14          source code may not be used to write a similar product.  This file may
     15          only be used in accordance with a license and should not be re-
     16          distributed in any way. We appreciate your understanding and fairness.
     17          ----------------------------------------------------------------------
     18          File        : GUI_GetLineStyle.c
     19          Purpose     : Implementation of optional routines
     20          ---------------------------END-OF-HEADER------------------------------
     21          */
     22          
     23          #include "GUI_Private.h"
     24          
     25          /*********************************************************************
     26          *
     27          *       Public code
     28          *
     29          **********************************************************************
     30          */
     31          /*********************************************************************
     32          *
     33          *       GUI_GetLineStyle
     34          */

   \                                 In section .text, align 4, keep-with-next
     35          U8 GUI_GetLineStyle(void) {
   \                     GUI_GetLineStyle:
   \   00000000   10402DE9           PUSH     {R4,LR}
     36            U8 r;
     37            GUI_LOCK();
   \   00000004   ........           BL       GUI_Lock
     38            r = GUI_Context.LineStyle;
   \   00000008   0C009FE5           LDR      R0,??GUI_GetLineStyle_0
   \   0000000C   1A40D0E5           LDRB     R4,[R0, #+26]
     39            GUI_UNLOCK();
   \   00000010   ........           BL       GUI_Unlock
     40            return r;
   \   00000014   0400A0E1           MOV      R0,R4
   \   00000018   1080BDE8           POP      {R4,PC}          ;; return
   \                     ??GUI_GetLineStyle_0:
   \   0000001C   ........           DC32     GUI_Context
     41          }
     42          
     43          /*************************** End of file ****************************/

   Maximum stack usage in bytes:

     Function         .cstack
     --------         -------
     GUI_GetLineStyle      8


   Section sizes:

     Function/Label   Bytes
     --------------   -----
     GUI_GetLineStyle   32

 
 32 bytes in section .text
 
 32 bytes of CODE memory

Errors: none
Warnings: none
