###############################################################################
#                                                                             #
# IAR ANSI C/C++ Compiler V6.10.2.52244/W32 for ARM     19/Nov/2015  13:12:40 #
# Copyright 1999-2010 IAR Systems AB.                                         #
#                                                                             #
#    Cpu mode     =  arm                                                      #
#    Endian       =  little                                                   #
#    Source file  =  C:\DUII\TargetHW\GUI\GUICC_233.c                         #
#    Command line =  C:\DUII\TargetHW\GUI\GUICC_233.c -D DEBUG=1 -D           #
#                    SDRAM_TARGET=1 -D USB_IS_HIGH_SPEED -D NOPROFILER -D     #
#                    OS_TRACE=0 -D OS_VIEW_ENABLE=0 -lCN                      #
#                    C:\DUII\TargetHW\Release\List\ -o                        #
#                    C:\DUII\TargetHW\Release\Obj\ --endian=little            #
#                    --cpu=ARM926EJ-S -e --fpu=None --dlib_config             #
#                    "C:\Program Files (x86)\IAR Systems\Embedded Workbench   #
#                    6.0\arm\INC\c\DLib_Config_Normal.h" -I                   #
#                    C:\DUII\TargetHW\Application\SEGGERDEMO\ -I              #
#                    C:\DUII\TargetHW\Application\SEGGERDEMO\Src\ -I          #
#                    C:\DUII\TargetHW\Config\ -I C:\DUII\TargetHW\FS\ -I      #
#                    C:\DUII\TargetHW\GUI\ -I C:\DUII\TargetHW\Inc\ -I        #
#                    C:\DUII\TargetHW\OS\ -I C:\DUII\TargetHW\Setup\ -I       #
#                    \DUII\DUII\ -I \DUII\DUII\Graphics\ --cpu_mode arm -Ohs  #
#                    --use_c++_inline --require_prototypes                    #
#    List file    =  C:\DUII\TargetHW\Release\List\GUICC_233.lst              #
#    Object file  =  C:\DUII\TargetHW\Release\Obj\GUICC_233.o                 #
#                                                                             #
#                                                                             #
###############################################################################

C:\DUII\TargetHW\GUI\GUICC_233.c
      1          /*********************************************************************
      2          *                SEGGER Microcontroller GmbH & Co. KG                *
      3          *        Solutions for real time microcontroller applications        *
      4          **********************************************************************
      5          *                                                                    *
      6          *        (c) 1996 - 2010  SEGGER Microcontroller GmbH & Co. KG       *
      7          *                                                                    *
      8          *        Internet: www.segger.com    Support:  support@segger.com    *
      9          *                                                                    *
     10          **********************************************************************
     11          
     12          ** emWin V5.06 - Graphical user interface for embedded applications **
     13          emWin is protected by international copyright laws.   Knowledge of the
     14          source code may not be used to write a similar product.  This file may
     15          only be used in accordance with a license and should not be re-
     16          distributed in any way. We appreciate your understanding and fairness.
     17          ----------------------------------------------------------------------
     18          File        : GUICC_233.C
     19          Purpose     : Color conversion routines
     20          ---------------------------END-OF-HEADER------------------------------
     21          */
     22          
     23          #include "LCD_Protected.h"
     24          
     25          /*********************************************************************
     26          *
     27          *       Static code,
     28          *
     29          *       LCD_FIXEDPALETTE == 233, 256 colors, BBGGGRRR
     30          *
     31          **********************************************************************
     32          */
     33          /*********************************************************************
     34          *
     35          *       _Color2Index_233
     36          */

   \                                 In section .text, align 4, keep-with-next
     37          static unsigned _Color2Index_233(LCD_COLOR Color) {
     38            int r, g, b;
     39            r = Color & 255;
     40            g = (Color >> 8 ) & 255;
     41            b = Color >> 16;
     42            r = (r * 7 + 127) / 255;
     43            g = (g * 7 + 127) / 255;
     44            b = (b + 42) / 85;
     45            return r + (g << 3) + (b << 6);
   \                     _Color2Index_233:
   \   00000000   FF1000E2           AND      R1,R0,#0xFF
   \   00000004   811161E0           RSB      R1,R1,R1, LSL #+3
   \   00000008   ........           LDR      R2,??DataTable2  ;; 0x80808081
   \   0000000C   7F1081E2           ADD      R1,R1,#+127
   \   00000010   9132C2E0           SMULL    R3,R2,R1,R2
   \   00000014   ........           LDR      R3,??DataTable2  ;; 0x80808081
   \   00000018   012082E0           ADD      R2,R2,R1
   \   0000001C   C213B0E1           ASRS     R1,R2,#+7
   \   00000020   FF20A0E3           MOV      R2,#+255
   \   00000024   202402E0           AND      R2,R2,R0, LSR #+8
   \   00000028   822162E0           RSB      R2,R2,R2, LSL #+3
   \   0000002C   7F2082E2           ADD      R2,R2,#+127
   \   00000030   92C3C3E0           SMULL    R12,R3,R2,R3
   \   00000034   01108142           ADDMI    R1,R1,#+1
   \   00000038   023083E0           ADD      R3,R3,R2
   \   0000003C   C323B0E1           ASRS     R2,R3,#+7
   \   00000040   01208242           ADDMI    R2,R2,#+1
   \   00000044   821181E0           ADD      R1,R1,R2, LSL #+3
   \   00000048   2A20A0E3           MOV      R2,#+42
   \   0000004C   200882E0           ADD      R0,R2,R0, LSR #+16
   \   00000050   ........           LDR      R2,??DataTable2_1  ;; 0x60606061
   \   00000054   9032C2E0           SMULL    R3,R2,R0,R2
   \   00000058   C202B0E1           ASRS     R0,R2,#+5
   \   0000005C   01008042           ADDMI    R0,R0,#+1
   \   00000060   000381E0           ADD      R0,R1,R0, LSL #+6
   \   00000064   1EFF2FE1           BX       LR               ;; return
     46          }
     47          
     48          /*********************************************************************
     49          *
     50          *       _Index2Color_233
     51          */

   \                                 In section .text, align 4, keep-with-next
     52          static LCD_COLOR _Index2Color_233(unsigned Index) {
     53            int r, g, b;
     54            r =  (Index & 7)       * 255 / 7;
     55            g = ((Index >> 3) & 7) * 255 / 7;
     56            b = ((Index >> 6) & 3) * 85;
     57            return r + (g << 8) + (((U32)b) << 16);
   \                     _Index2Color_233:
   \   00000000   071000E2           AND      R1,R0,#0x7
   \   00000004   ........           LDR      R3,??DataTable2_2  ;; 0x92492492
   \   00000008   011461E0           RSB      R1,R1,R1, LSL #+8
   \   0000000C   0020A0E3           MOV      R2,#+0
   \   00000010   9133A2E0           UMLAL    R3,R2,R1,R3
   \   00000014   0710A0E3           MOV      R1,#+7
   \   00000018   A01101E0           AND      R1,R1,R0, LSR #+3
   \   0000001C   ........           LDR      R12,??DataTable2_2  ;; 0x92492492
   \   00000020   011461E0           RSB      R1,R1,R1, LSL #+8
   \   00000024   0030A0E3           MOV      R3,#+0
   \   00000028   91CCA3E0           UMLAL    R12,R3,R1,R12
   \   0000002C   2311A0E1           LSR      R1,R3,#+2
   \   00000030   0114A0E1           LSL      R1,R1,#+8
   \   00000034   221181E0           ADD      R1,R1,R2, LSR #+2
   \   00000038   0320A0E3           MOV      R2,#+3
   \   0000003C   200302E0           AND      R0,R2,R0, LSR #+6
   \   00000040   5520A0E3           MOV      R2,#+85
   \   00000044   820060E1           SMULBB   R0,R2,R0
   \   00000048   000881E0           ADD      R0,R1,R0, LSL #+16
   \   0000004C   1EFF2FE1           BX       LR               ;; return
     58          }
     59          
     60          /*********************************************************************
     61          *
     62          *       _GetIndexMask_233
     63          */

   \                                 In section .text, align 4, keep-with-next
     64          static unsigned _GetIndexMask_233(void) {
     65            return 0xff;
   \                     _GetIndexMask_233:
   \   00000000   FF00A0E3           MOV      R0,#+255
   \   00000004   1EFF2FE1           BX       LR               ;; return
     66          }
     67          
     68          /*********************************************************************
     69          *
     70          *       Public data
     71          *
     72          **********************************************************************
     73          */
     74          /*********************************************************************
     75          *
     76          *       LCD_API_ColorConv_233
     77          *
     78          * Purpose
     79          *   API table for this color conversion mode. Only used by memory
     80          *   devices in this mode.
     81          */

   \                                 In section .rodata, align 4, keep-with-next
     82          const LCD_API_COLOR_CONV LCD_API_ColorConv_233 = {
   \                     LCD_API_ColorConv_233:
   \   00000000                      ; Initializer data, 12 bytes
   \   00000000   ............       DC32 _Color2Index_233, _Index2Color_233, _GetIndexMask_233
   \              ............

   \                                 In section .text, align 4, keep-with-next
   \                     ??DataTable2:
   \   00000000   81808080           DC32     0x80808081

   \                                 In section .text, align 4, keep-with-next
   \                     ??DataTable2_1:
   \   00000000   61606060           DC32     0x60606061

   \                                 In section .text, align 4, keep-with-next
   \                     ??DataTable2_2:
   \   00000000   92244992           DC32     0x92492492
     83            _Color2Index_233,
     84            _Index2Color_233,
     85            _GetIndexMask_233
     86          };
     87          
     88          /*************************** End of file ****************************/

   Maximum stack usage in bytes:

     Function          .cstack
     --------          -------
     _Color2Index_233       0
     _GetIndexMask_233      0
     _Index2Color_233       0


   Section sizes:

     Function/Label        Bytes
     --------------        -----
     _Color2Index_233       104
     _Index2Color_233        80
     _GetIndexMask_233        8
     LCD_API_ColorConv_233   12
     ??DataTable2             4
     ??DataTable2_1           4
     ??DataTable2_2           4

 
  12 bytes in section .rodata
 204 bytes in section .text
 
 204 bytes of CODE  memory
  12 bytes of CONST memory

Errors: none
Warnings: none
