###############################################################################
#                                                                             #
# IAR ANSI C/C++ Compiler V6.10.2.52244/W32 for ARM     19/Nov/2015  13:09:56 #
# Copyright 1999-2010 IAR Systems AB.                                         #
#                                                                             #
#    Cpu mode     =  arm                                                      #
#    Endian       =  little                                                   #
#    Source file  =  C:\DUII\TargetHW\GUI\GUICC_8888.c                        #
#    Command line =  C:\DUII\TargetHW\GUI\GUICC_8888.c -D DEBUG=1 -D          #
#                    SDRAM_TARGET=1 -D USB_IS_HIGH_SPEED -D NOPROFILER -D     #
#                    OS_TRACE=0 -D OS_VIEW_ENABLE=0 -lCN                      #
#                    C:\DUII\TargetHW\Release\List\ -o                        #
#                    C:\DUII\TargetHW\Release\Obj\ --endian=little            #
#                    --cpu=ARM926EJ-S -e --fpu=None --dlib_config             #
#                    "C:\Program Files (x86)\IAR Systems\Embedded Workbench   #
#                    6.0\arm\INC\c\DLib_Config_Normal.h" -I                   #
#                    C:\DUII\TargetHW\Application\SEGGERDEMO\ -I              #
#                    C:\DUII\TargetHW\Application\SEGGERDEMO\Src\ -I          #
#                    C:\DUII\TargetHW\Config\ -I C:\DUII\TargetHW\FS\ -I      #
#                    C:\DUII\TargetHW\GUI\ -I C:\DUII\TargetHW\Inc\ -I        #
#                    C:\DUII\TargetHW\OS\ -I C:\DUII\TargetHW\Setup\ -I       #
#                    \DUII\DUII\ -I \DUII\DUII\Graphics\ --cpu_mode arm -Ohs  #
#                    --use_c++_inline --require_prototypes                    #
#    List file    =  C:\DUII\TargetHW\Release\List\GUICC_8888.lst             #
#    Object file  =  C:\DUII\TargetHW\Release\Obj\GUICC_8888.o                #
#                                                                             #
#                                                                             #
###############################################################################

C:\DUII\TargetHW\GUI\GUICC_8888.c
      1          /*********************************************************************
      2          *                SEGGER Microcontroller GmbH & Co. KG                *
      3          *        Solutions for real time microcontroller applications        *
      4          **********************************************************************
      5          *                                                                    *
      6          *        (c) 1996 - 2010  SEGGER Microcontroller GmbH & Co. KG       *
      7          *                                                                    *
      8          *        Internet: www.segger.com    Support:  support@segger.com    *
      9          *                                                                    *
     10          **********************************************************************
     11          
     12          ** emWin V5.06 - Graphical user interface for embedded applications **
     13          emWin is protected by international copyright laws.   Knowledge of the
     14          source code may not be used to write a similar product.  This file may
     15          only be used in accordance with a license and should not be re-
     16          distributed in any way. We appreciate your understanding and fairness.
     17          ----------------------------------------------------------------------
     18          File        : GUICC_8888.C
     19          Purpose     : Color conversion routines
     20          ---------------------------END-OF-HEADER------------------------------
     21          */
     22          
     23          #include "LCD_Protected.h"
     24          
     25          /*********************************************************************
     26          *
     27          *       Static code,
     28          *
     29          *       LCD_FIXEDPALETTE == 8888, 4294967296 colors + 8 bit transparency, TTTTTTTTBBBBBBBBGGGGGGGGRRRRRRRR
     30          *
     31          **********************************************************************
     32          */
     33          /*********************************************************************
     34          *
     35          *       _Color2Index_8888
     36          */

   \                                 In section .text, align 4, keep-with-next
     37          static unsigned _Color2Index_8888(LCD_COLOR Color) {
     38            return Color;
   \                     _Color2Index_8888:
   \   00000000   1EFF2FE1           BX       LR               ;; return
     39          }
     40          
     41          /*********************************************************************
     42          *
     43          *       _GetIndexMask_8888
     44          */

   \                                 In section .text, align 4, keep-with-next
     45          static unsigned _GetIndexMask_8888(void) {
     46            return (unsigned)0xffffffff;
   \                     _GetIndexMask_8888:
   \   00000000   0000E0E3           MVN      R0,#+0
   \   00000004   1EFF2FE1           BX       LR               ;; return
     47          }
     48          
     49          /*********************************************************************
     50          *
     51          *       Public data
     52          *
     53          **********************************************************************
     54          */
     55          /*********************************************************************
     56          *
     57          *       LCD_API_ColorConv_8888
     58          *
     59          * Purpose
     60          *   API table for this color conversion mode. Only used by memory
     61          *   devices in this mode.
     62          */

   \                                 In section .rodata, align 4, keep-with-next
     63          const LCD_API_COLOR_CONV LCD_API_ColorConv_8888 = {
   \                     LCD_API_ColorConv_8888:
   \   00000000                      ; Initializer data, 12 bytes
   \   00000000   ............       DC32 _Color2Index_8888, LCD_Index2Color_8888, _GetIndexMask_8888
   \              ............
     64            _Color2Index_8888,
     65            LCD_Index2Color_8888,
     66            _GetIndexMask_8888
     67          };
     68          
     69          /*************************** End of file ****************************/

   Maximum stack usage in bytes:

     Function           .cstack
     --------           -------
     _Color2Index_8888       0
     _GetIndexMask_8888      0


   Section sizes:

     Function/Label         Bytes
     --------------         -----
     _Color2Index_8888         4
     _GetIndexMask_8888        8
     LCD_API_ColorConv_8888   12

 
 12 bytes in section .rodata
 12 bytes in section .text
 
 12 bytes of CODE  memory
 12 bytes of CONST memory

Errors: none
Warnings: none
