###############################################################################
#                                                                             #
# IAR ANSI C/C++ Compiler V6.10.2.52244/W32 for ARM     19/Nov/2015  13:13:06 #
# Copyright 1999-2010 IAR Systems AB.                                         #
#                                                                             #
#    Cpu mode     =  arm                                                      #
#    Endian       =  little                                                   #
#    Source file  =  C:\DUII\TargetHW\GUI\GUICC_332.c                         #
#    Command line =  C:\DUII\TargetHW\GUI\GUICC_332.c -D DEBUG=1 -D           #
#                    SDRAM_TARGET=1 -D USB_IS_HIGH_SPEED -D NOPROFILER -D     #
#                    OS_TRACE=0 -D OS_VIEW_ENABLE=0 -lCN                      #
#                    C:\DUII\TargetHW\Release\List\ -o                        #
#                    C:\DUII\TargetHW\Release\Obj\ --endian=little            #
#                    --cpu=ARM926EJ-S -e --fpu=None --dlib_config             #
#                    "C:\Program Files (x86)\IAR Systems\Embedded Workbench   #
#                    6.0\arm\INC\c\DLib_Config_Normal.h" -I                   #
#                    C:\DUII\TargetHW\Application\SEGGERDEMO\ -I              #
#                    C:\DUII\TargetHW\Application\SEGGERDEMO\Src\ -I          #
#                    C:\DUII\TargetHW\Config\ -I C:\DUII\TargetHW\FS\ -I      #
#                    C:\DUII\TargetHW\GUI\ -I C:\DUII\TargetHW\Inc\ -I        #
#                    C:\DUII\TargetHW\OS\ -I C:\DUII\TargetHW\Setup\ -I       #
#                    \DUII\DUII\ -I \DUII\DUII\Graphics\ --cpu_mode arm -Ohs  #
#                    --use_c++_inline --require_prototypes                    #
#    List file    =  C:\DUII\TargetHW\Release\List\GUICC_332.lst              #
#    Object file  =  C:\DUII\TargetHW\Release\Obj\GUICC_332.o                 #
#                                                                             #
#                                                                             #
###############################################################################

C:\DUII\TargetHW\GUI\GUICC_332.c
      1          /*********************************************************************
      2          *                SEGGER Microcontroller GmbH & Co. KG                *
      3          *        Solutions for real time microcontroller applications        *
      4          **********************************************************************
      5          *                                                                    *
      6          *        (c) 1996 - 2010  SEGGER Microcontroller GmbH & Co. KG       *
      7          *                                                                    *
      8          *        Internet: www.segger.com    Support:  support@segger.com    *
      9          *                                                                    *
     10          **********************************************************************
     11          
     12          ** emWin V5.06 - Graphical user interface for embedded applications **
     13          emWin is protected by international copyright laws.   Knowledge of the
     14          source code may not be used to write a similar product.  This file may
     15          only be used in accordance with a license and should not be re-
     16          distributed in any way. We appreciate your understanding and fairness.
     17          ----------------------------------------------------------------------
     18          File        : GUICC_332.C
     19          Purpose     : Color conversion routines
     20          ---------------------------END-OF-HEADER------------------------------
     21          */
     22          
     23          #include "LCD_Protected.h"
     24          
     25          /*********************************************************************
     26          *
     27          *       Static code,
     28          *
     29          *       LCD_FIXEDPALETTE == 332, 256 colors, BBBGGGRR
     30          *
     31          **********************************************************************
     32          */
     33          /*********************************************************************
     34          *
     35          *       _Color2Index_332
     36          */

   \                                 In section .text, align 4, keep-with-next
     37          static unsigned _Color2Index_332(LCD_COLOR Color) {
     38            int r, g, b;
     39            r = Color & 255;
     40            g = (Color >> 8 ) & 255;
     41            b = Color >> 16;
     42            r = (r + 42) / 85;
     43            g = (g * 7 + 127) / 255;
     44            b = (b * 7 + 127) / 255;
     45            return r + (g << 2) + (b << 5);
   \                     _Color2Index_332:
   \   00000000   FF1000E2           AND      R1,R0,#0xFF
   \   00000004   2A1081E2           ADD      R1,R1,#+42
   \   00000008   C120A0E3           MOV      R2,#+193
   \   0000000C   0118A0E1           LSL      R1,R1,#+16
   \   00000010   C02C82E3           ORR      R2,R2,#0xC000
   \   00000014   2118A0E1           LSR      R1,R1,#+16
   \   00000018   910202E0           MUL      R2,R1,R2
   \   0000001C   ........           LDR      R3,??DataTable2  ;; 0x80808081
   \   00000020   221BA0E1           LSR      R1,R2,#+22
   \   00000024   FF20A0E3           MOV      R2,#+255
   \   00000028   202402E0           AND      R2,R2,R0, LSR #+8
   \   0000002C   822162E0           RSB      R2,R2,R2, LSL #+3
   \   00000030   7F2082E2           ADD      R2,R2,#+127
   \   00000034   92C3C3E0           SMULL    R12,R3,R2,R3
   \   00000038   2008A0E1           LSR      R0,R0,#+16
   \   0000003C   023083E0           ADD      R3,R3,R2
   \   00000040   C323B0E1           ASRS     R2,R3,#+7
   \   00000044   01208242           ADDMI    R2,R2,#+1
   \   00000048   021181E0           ADD      R1,R1,R2, LSL #+2
   \   0000004C   800160E0           RSB      R0,R0,R0, LSL #+3
   \   00000050   ........           LDR      R2,??DataTable2  ;; 0x80808081
   \   00000054   7F0080E2           ADD      R0,R0,#+127
   \   00000058   9032C2E0           SMULL    R3,R2,R0,R2
   \   0000005C   002082E0           ADD      R2,R2,R0
   \   00000060   C203B0E1           ASRS     R0,R2,#+7
   \   00000064   01008042           ADDMI    R0,R0,#+1
   \   00000068   800281E0           ADD      R0,R1,R0, LSL #+5
   \   0000006C   1EFF2FE1           BX       LR               ;; return
     46          }
     47          
     48          /*********************************************************************
     49          *
     50          *       _Index2Color_332
     51          */

   \                                 In section .text, align 4, keep-with-next
     52          static LCD_COLOR _Index2Color_332(unsigned Index) {
     53            unsigned r, g, b;
     54            r =  (Index & 3)       * 85;
     55            g = ((Index >> 2) & 7) * 255 / 7;
     56            b = ((Index >> 5) & 7) * 255 / 7;
     57            return r + (g << 8) + (((U32)b) << 16);
   \                     _Index2Color_332:
   \   00000000   031000E2           AND      R1,R0,#0x3
   \   00000004   5520A0E3           MOV      R2,#+85
   \   00000008   820161E1           SMULBB   R1,R2,R1
   \   0000000C   0720A0E3           MOV      R2,#+7
   \   00000010   202102E0           AND      R2,R2,R0, LSR #+2
   \   00000014   ........           LDR      R12,??DataTable2_1  ;; 0x92492492
   \   00000018   022462E0           RSB      R2,R2,R2, LSL #+8
   \   0000001C   0030A0E3           MOV      R3,#+0
   \   00000020   92CCA3E0           UMLAL    R12,R3,R2,R12
   \   00000024   2321A0E1           LSR      R2,R3,#+2
   \   00000028   021481E0           ADD      R1,R1,R2, LSL #+8
   \   0000002C   0720A0E3           MOV      R2,#+7
   \   00000030   A00202E0           AND      R0,R2,R0, LSR #+5
   \   00000034   ........           LDR      R3,??DataTable2_1  ;; 0x92492492
   \   00000038   000460E0           RSB      R0,R0,R0, LSL #+8
   \   0000003C   0020A0E3           MOV      R2,#+0
   \   00000040   9033A2E0           UMLAL    R3,R2,R0,R3
   \   00000044   2201A0E1           LSR      R0,R2,#+2
   \   00000048   000881E0           ADD      R0,R1,R0, LSL #+16
   \   0000004C   1EFF2FE1           BX       LR               ;; return
     58          }
     59          
     60          /*********************************************************************
     61          *
     62          *       _GetIndexMask_332
     63          */

   \                                 In section .text, align 4, keep-with-next
     64          static unsigned _GetIndexMask_332(void) {
     65            return 0xff;
   \                     _GetIndexMask_332:
   \   00000000   FF00A0E3           MOV      R0,#+255
   \   00000004   1EFF2FE1           BX       LR               ;; return
     66          }
     67          
     68          /*********************************************************************
     69          *
     70          *       Public data
     71          *
     72          **********************************************************************
     73          */
     74          /*********************************************************************
     75          *
     76          *       LCD_API_ColorConv_332
     77          *
     78          * Purpose
     79          *   API table for this color conversion mode. Only used by memory
     80          *   devices in this mode.
     81          */

   \                                 In section .rodata, align 4, keep-with-next
     82          const LCD_API_COLOR_CONV LCD_API_ColorConv_332 = {
   \                     LCD_API_ColorConv_332:
   \   00000000                      ; Initializer data, 12 bytes
   \   00000000   ............       DC32 _Color2Index_332, _Index2Color_332, _GetIndexMask_332
   \              ............

   \                                 In section .text, align 4, keep-with-next
   \                     ??DataTable2:
   \   00000000   81808080           DC32     0x80808081

   \                                 In section .text, align 4, keep-with-next
   \                     ??DataTable2_1:
   \   00000000   92244992           DC32     0x92492492
     83            _Color2Index_332,
     84            _Index2Color_332,
     85            _GetIndexMask_332
     86          };
     87          
     88          /*************************** End of file ****************************/

   Maximum stack usage in bytes:

     Function          .cstack
     --------          -------
     _Color2Index_332       0
     _GetIndexMask_332      0
     _Index2Color_332       0


   Section sizes:

     Function/Label        Bytes
     --------------        -----
     _Color2Index_332       112
     _Index2Color_332        80
     _GetIndexMask_332        8
     LCD_API_ColorConv_332   12
     ??DataTable2             4
     ??DataTable2_1           4

 
  12 bytes in section .rodata
 208 bytes in section .text
 
 208 bytes of CODE  memory
  12 bytes of CONST memory

Errors: none
Warnings: none
