###############################################################################
#                                                                             #
# IAR ANSI C/C++ Compiler V6.10.2.52244/W32 for ARM     19/Nov/2015  13:10:56 #
# Copyright 1999-2010 IAR Systems AB.                                         #
#                                                                             #
#    Cpu mode     =  arm                                                      #
#    Endian       =  little                                                   #
#    Source file  =  C:\DUII\TargetHW\GUI\GUICC_M888.c                        #
#    Command line =  C:\DUII\TargetHW\GUI\GUICC_M888.c -D DEBUG=1 -D          #
#                    SDRAM_TARGET=1 -D USB_IS_HIGH_SPEED -D NOPROFILER -D     #
#                    OS_TRACE=0 -D OS_VIEW_ENABLE=0 -lCN                      #
#                    C:\DUII\TargetHW\Release\List\ -o                        #
#                    C:\DUII\TargetHW\Release\Obj\ --endian=little            #
#                    --cpu=ARM926EJ-S -e --fpu=None --dlib_config             #
#                    "C:\Program Files (x86)\IAR Systems\Embedded Workbench   #
#                    6.0\arm\INC\c\DLib_Config_Normal.h" -I                   #
#                    C:\DUII\TargetHW\Application\SEGGERDEMO\ -I              #
#                    C:\DUII\TargetHW\Application\SEGGERDEMO\Src\ -I          #
#                    C:\DUII\TargetHW\Config\ -I C:\DUII\TargetHW\FS\ -I      #
#                    C:\DUII\TargetHW\GUI\ -I C:\DUII\TargetHW\Inc\ -I        #
#                    C:\DUII\TargetHW\OS\ -I C:\DUII\TargetHW\Setup\ -I       #
#                    \DUII\DUII\ -I \DUII\DUII\Graphics\ --cpu_mode arm -Ohs  #
#                    --use_c++_inline --require_prototypes                    #
#    List file    =  C:\DUII\TargetHW\Release\List\GUICC_M888.lst             #
#    Object file  =  C:\DUII\TargetHW\Release\Obj\GUICC_M888.o                #
#                                                                             #
#                                                                             #
###############################################################################

C:\DUII\TargetHW\GUI\GUICC_M888.c
      1          /*********************************************************************
      2          *                SEGGER Microcontroller GmbH & Co. KG                *
      3          *        Solutions for real time microcontroller applications        *
      4          **********************************************************************
      5          *                                                                    *
      6          *        (c) 1996 - 2010  SEGGER Microcontroller GmbH & Co. KG       *
      7          *                                                                    *
      8          *        Internet: www.segger.com    Support:  support@segger.com    *
      9          *                                                                    *
     10          **********************************************************************
     11          
     12          ** emWin V5.06 - Graphical user interface for embedded applications **
     13          emWin is protected by international copyright laws.   Knowledge of the
     14          source code may not be used to write a similar product.  This file may
     15          only be used in accordance with a license and should not be re-
     16          distributed in any way. We appreciate your understanding and fairness.
     17          ----------------------------------------------------------------------
     18          File        : GUICC_M888.C
     19          Purpose     : Color conversion routines
     20          ---------------------------END-OF-HEADER------------------------------
     21          */
     22          
     23          #include "LCD_Protected.h"
     24          
     25          /*********************************************************************
     26          *
     27          *       Static code,
     28          *
     29          *       LCD_FIXEDPALETTE == 888, 4294967296 colors, RRRRRRRRGGGGGGGGBBBBBBBB
     30          *
     31          **********************************************************************
     32          */
     33          /*********************************************************************
     34          *
     35          *       _Color2Index_M888
     36          */

   \                                 In section .text, align 4, keep-with-next
     37          static unsigned _Color2Index_M888(LCD_COLOR Color) {
     38            U32 r, g, b;
     39            b = Color & 0xff;
     40            g = (Color & 0xff00) >> 8;
     41            r = (Color & 0xff0000) >> 16;
     42            return (unsigned)(b << 16) | (g << 8) | r;
   \                     _Color2Index_M888:
   \   00000000   FF20A0E3           MOV      R2,#+255
   \   00000004   202402E0           AND      R2,R2,R0, LSR #+8
   \   00000008   FF1000E2           AND      R1,R0,#0xFF
   \   0000000C   0224A0E1           LSL      R2,R2,#+8
   \   00000010   011882E1           ORR      R1,R2,R1, LSL #+16
   \   00000014   FF20A0E3           MOV      R2,#+255
   \   00000018   200802E0           AND      R0,R2,R0, LSR #+16
   \   0000001C   010080E1           ORR      R0,R0,R1
   \   00000020   1EFF2FE1           BX       LR               ;; return
     43          }
     44          
     45          /*********************************************************************
     46          *
     47          *       _GetIndexMask_M888
     48          */

   \                                 In section .text, align 4, keep-with-next
     49          static unsigned _GetIndexMask_M888(void) {
     50            return (unsigned)0xffffff;
   \                     _GetIndexMask_M888:
   \   00000000   FF04E0E3           MVN      R0,#-16777216
   \   00000004   1EFF2FE1           BX       LR               ;; return
     51          }
     52          
     53          /*********************************************************************
     54          *
     55          *       Public data
     56          *
     57          **********************************************************************
     58          */
     59          /*********************************************************************
     60          *
     61          *       LCD_API_ColorConv_M888
     62          *
     63          * Purpose
     64          *   API table for this color conversion mode. Only used by memory
     65          *   devices in this mode.
     66          */

   \                                 In section .rodata, align 4, keep-with-next
     67          const LCD_API_COLOR_CONV LCD_API_ColorConv_M888 = {
   \                     LCD_API_ColorConv_M888:
   \   00000000                      ; Initializer data, 12 bytes
   \   00000000   ............       DC32 _Color2Index_M888, LCD_Index2Color_M888, _GetIndexMask_M888
   \              ............
     68            _Color2Index_M888,
     69            LCD_Index2Color_M888,
     70            _GetIndexMask_M888
     71          };
     72          
     73          /*************************** End of file ****************************/

   Maximum stack usage in bytes:

     Function           .cstack
     --------           -------
     _Color2Index_M888       0
     _GetIndexMask_M888      0


   Section sizes:

     Function/Label         Bytes
     --------------         -----
     _Color2Index_M888        36
     _GetIndexMask_M888        8
     LCD_API_ColorConv_M888   12

 
 12 bytes in section .rodata
 44 bytes in section .text
 
 44 bytes of CODE  memory
 12 bytes of CONST memory

Errors: none
Warnings: none
