###############################################################################
#                                                                             #
# IAR ANSI C/C++ Compiler V6.10.2.52244/W32 for ARM     10/Dec/2015  15:15:17 #
# Copyright 1999-2010 IAR Systems AB.                                         #
#                                                                             #
#    Cpu mode     =  arm                                                      #
#    Endian       =  little                                                   #
#    Source file  =  C:\DUII\DUII\Graphics\HelpExitButton.c                   #
#    Command line =  C:\DUII\DUII\Graphics\HelpExitButton.c -D DEBUG=1 -D     #
#                    SDRAM_TARGET=1 -D USB_IS_HIGH_SPEED -D NOPROFILER -D     #
#                    OS_TRACE=0 -D OS_VIEW_ENABLE=0 -lCN                      #
#                    C:\DUII\TargetHW\Release\List\ -o                        #
#                    C:\DUII\TargetHW\Release\Obj\ --endian=little            #
#                    --cpu=ARM926EJ-S -e --fpu=None --dlib_config             #
#                    "C:\Program Files (x86)\IAR Systems\Embedded Workbench   #
#                    6.0\arm\INC\c\DLib_Config_Normal.h" -I                   #
#                    C:\DUII\TargetHW\Application\SEGGERDEMO\ -I              #
#                    C:\DUII\TargetHW\Application\SEGGERDEMO\Src\ -I          #
#                    C:\DUII\TargetHW\Config\ -I C:\DUII\TargetHW\FS\ -I      #
#                    C:\DUII\TargetHW\GUI\ -I C:\DUII\TargetHW\Inc\ -I        #
#                    C:\DUII\TargetHW\OS\ -I C:\DUII\TargetHW\Setup\ -I       #
#                    \DUII\DUII\ -I \DUII\DUII\Graphics\ --cpu_mode arm -Ohs  #
#                    --use_c++_inline --require_prototypes                    #
#    List file    =  C:\DUII\TargetHW\Release\List\HelpExitButton.lst         #
#    Object file  =  C:\DUII\TargetHW\Release\Obj\HelpExitButton.o            #
#                                                                             #
#                                                                             #
###############################################################################

C:\DUII\DUII\Graphics\HelpExitButton.c
      1          /*********************************************************************
      2          *                SEGGER MICROCONTROLLER SYSTEME GmbH                 *
      3          *        Solutions for real time microcontroller applications        *
      4          *                           www.segger.com                           *
      5          **********************************************************************
      6          *
      7          * C-file generated by
      8          *
      9          *        Bitmap converter for emWin V5.04.
     10          *        Compiled Jan  8 2010, 16:37:17
     11          *        (C) 1998 - 2005 Segger Microcontroller Systeme GmbH
     12          *
     13          **********************************************************************
     14          *
     15          * Source file: HelpExitButton
     16          * Dimensions:  100 * 30
     17          * NumColors:   256
     18          *
     19          **********************************************************************
     20          */
     21          
     22          #include <stdlib.h>
     23          
     24          #include "GUI.h"
     25          
     26          #ifndef GUI_CONST_STORAGE
     27            #define GUI_CONST_STORAGE const
     28          #endif
     29          
     30          /*   Palette
     31          The following are the entries of the palette table.
     32          Every entry is a 32-bit value (of which 24 bits are actually used)
     33          the lower   8 bits represent the Red component,
     34          the middle  8 bits represent the Green component,
     35          the highest 8 bits (of the 24 bits used) represent the Blue component
     36          as follows:   0xBBGGRR
     37          */
     38          

   \                                 In section .rodata, align 4, keep-with-next
     39          static GUI_CONST_STORAGE GUI_COLOR ColorsHelpExitButton[] = {
   \                     ColorsHelpExitButton:
   \   00000000                      ; Initializer data, 1024 bytes
   \   00000000   495AA8000000       DC32 11033161, 0, 11165259, 11164746, 11231052, 11362637, 12747362, 11428686, 12879717, 12945509
   \              00004B5EAA00
   \              4A5CAA004C5F
   \              AB004D61AD00
   \              6282C2004E63
   \              AE006587C400
   \              6588C500    
   \   00000028   12162A006485       DC32 2758162, 12813668, 12615777, 12747875, 13011302, 15191487, 11890518, 12351836, 12417886, 12022103
   \              C3006180C000
   \              6384C2006689
   \              C600BFCDE700
   \              566FB5005C79
   \              BC005E7BBD00
   \              5771B700    
   \   00000050   607FBF005F7D       DC32 12549984, 12483935, 11494735, 11824468, 11758419, 12088152, 12220251, 11560785, 11626834, 12154202
   \              BE004F65AF00
   \              546DB400536B
   \              B3005873B800
   \              5B77BA005167
   \              B0005269B100
   \              5A75B900    
   \   00000078   26325B00222F       DC32 5976614, 4927266, 7686199, 2626316, 1443845, 1575686, 7620149, 9919815, 10641483, 1509894
   \              4B0037487500
   \              0C1328000508
   \              1600060B1800
   \              35467400475D
   \              97004B60A200
   \              060A1700    
   \   000000A0   070C18000E14       DC32 1575943, 2692110, 3677461, 3875352, 3809819, 4729631, 6306604, 8407096, 9721923, 10115398
   \              2900151D3800
   \              18223B001B22
   \              3A001F2B4800
   \              2C3B60003848
   \              800043589400
   \              46599A00    
   \   000000C8   4E689E00516B       DC32 10381390, 10840913, 11364432, 11366486, 853765, 1378309, 1510150, 1641735, 2035725, 2626573
   \              A5005068AD00
   \              5670AD000507
   \              0D0005081500
   \              060B1700070D
   \              19000D101F00
   \              0D142800    
   \   000000F0   111528001018       DC32 2626833, 2824208, 2956050, 3677717, 3678233, 3941658, 3941660, 4007710, 4073759, 4663325
   \              2B00121B2D00
   \              151E38001920
   \              38001A253C00
   \              1C253C001E27
   \              3D001F293E00
   \              1D284700    
   \   00000118   1E2A4800202C       DC32 4729374, 4795424, 5253923, 5385762, 6042663, 6831406, 7095090, 7554100, 7947830, 7752247
   \              4900232B5000
   \              222E52002734
   \              5C002E3D6800
   \              32436C003444
   \              730036467900
   \              374A7600    
   \   00000140   3B4E7E003A4B       DC32 8277563, 8538938, 8604987, 8998460, 9064766, 9196095, 9457983, 9066306, 10310724, 9787716
   \              82003B4D8300
   \              3C4E89003E51
   \              8A003F528C00
   \              3F5190004257
   \              8A0044549D00
   \              44599500    
   \   00000168   465B9600465E       DC32 9853766, 9657926, 10313288, 10509384, 10051657, 10249549, 10577230, 11101005, 11166798, 11496531
   \              9300485E9D00
   \              485CA0004960
   \              99004D659C00
   \              4E65A1004D63
   \              A9004E64AA00
   \              536CAF00    
   \   00000190   5772B2005B78       DC32 11694679, 11958363, 12024412, 12090205, 1050631, 1509638, 1444873, 1641992, 2101518, 2758415
   \              B6005C7AB700
   \              5D7BB8000708
   \              100006091700
   \              090C1600080E
   \              19000E112000
   \              0F172A00    
   \   000001B8   10172B001019       DC32 2823952, 2890000, 2890257, 2889747, 2891286, 3283478, 3611925, 3743510, 3546648, 3809559
   \              2C00111A2C00
   \              13182C00161E
   \              2C00161A3200
   \              151D3700161F
   \              3900181E3600
   \              17213A00    
   \   000001E0   1A2139001A22       DC32 3744026, 3744282, 3875868, 3941917, 4073503, 4074016, 4139552, 4465690, 4531740, 4597532
   \              39001C243B00
   \              1D263C001F28
   \              3E00202A3E00
   \              202A3F001A24
   \              44001C264500
   \              1C274600    
   \   00000208   222D4200202D       DC32 4336930, 4861216, 4861473, 5254177, 4731429, 4796966, 4207404, 5517604, 5845031, 5715496
   \              4A00212E4A00
   \              212C50002532
   \              480026324900
   \              2C3340002431
   \              540027305900
   \              28365700    
   \   00000230   28355D002A38       DC32 6108456, 6240298, 4471607, 6567465, 6699308, 6372396, 6438189, 4735551, 6570288, 7029297
   \              5F00373B4400
   \              293664002C39
   \              66002C3C6100
   \              2D3D62003F42
   \              480030416400
   \              31426B00    
   \   00000258   34476E003748       DC32 7227188, 6834231, 7292981, 7422514, 7488307, 7815220, 8143414, 7881781, 8013622, 8340790
   \              680035486F00
   \              324271003343
   \              720034407700
   \              36427C003544
   \              780036477A00
   \              36457F00    
   \   00000280   37497B00394A       DC32 8079671, 8079929, 8211513, 8015931, 8148030, 8023913, 8473145, 8538943, 9062972, 9194301
   \              7B00394C7D00
   \              3B507A003E54
   \              7C00696F7A00
   \              394A81003F4B
   \              82003C4A8A00
   \              3D4B8C00    
   \   000002A8   3F4F8E003E53       DC32 9326399, 8475454, 8868671, 8541247, 8934464, 9262144, 9262658, 9132355, 9198661, 9524032
   \              81003F538700
   \              3F5482004054
   \              880040548D00
   \              42568D004359
   \              8B00455C8C00
   \              40539100    
   \   000002D0   425492004356       DC32 9589826, 9590339, 10048066, 10049348, 9525829, 9526342, 9723720, 9985608, 10247496, 10704967
   \              920042529900
   \              44579900455A
   \              9100465C9100
   \              485F9400485E
   \              9800485D9C00
   \              4758A300    
   \   000002F8   485BA400495A       DC32 10771272, 10967625, 10902602, 10968906, 9790026, 10249035, 9987403, 9987660, 9987917, 10447183
   \              A7004A5CA600
   \              4A5FA7004A62
   \              95004B639C00
   \              4B6598004C66
   \              98004D679800
   \              4F699F00    
   \   00000320   4B62A4004C64       DC32 10773067, 10576972, 11034955, 10579281, 10645331, 11102544, 11300436, 11368281, 11564376, 11826264
   \              A1004B61A800
   \              516DA100536F
   \              A2005069A900
   \              546EAC005977
   \              AD005875B000
   \              5874B400    
   \   00000348   6473AF006283       DC32 11498340, 12551010, 10717305, 12485492, 12748132, 12879719, 13011303, 12879976, 13143146, 13143917
   \              BF007988A300
   \              7483BE006485
   \              C2006787C400
   \              6789C6006888
   \              C4006A8CC800
   \              6D8FC800    
   \   00000370   6E8FC9007887       DC32 13209454, 12683128, 12683384, 12749433, 12815227, 12881275, 12947068, 13013117, 13078910, 13144959
   \              C1007888C100
   \              798AC2007B8B
   \              C3007B8DC400
   \              7C8EC5007D90
   \              C6007E91C700
   \              7F93C800    
   \   00000398   7C98CC007E9C       DC32 13408380, 13606014, 13606015, 10981249, 11575447, 13210752, 13276801, 13342850, 13408643, 13474693
   \              CF007F9CCF00
   \              818FA70097A0
   \              B0008094C900
   \              8196CA008298
   \              CB008399CC00
   \              859BCD00    
   \   000003C0   859CCE00869E       DC32 13540485, 13540998, 13606535, 13279628, 13804167, 13738120, 13738890, 13936525, 14333086, 14597031
   \              CE00879ECF00
   \              8CA1CA0087A2
   \              D20088A0D100
   \              8AA3D1008DA7
   \              D4009EB4DA00
   \              A7BBDE00    
   \   000003E8   AFBFD900BBC8       DC32 14270383, 14600379, 15059385, 15125949, 15191743, 15389895
   \              DE00B9C9E500
   \              BDCDE600BFCE
   \              E700C7D4EA00
     40               0xA85A49,0x000000,0xAA5E4B,0xAA5C4A
     41              ,0xAB5F4C,0xAD614D,0xC28262,0xAE634E
     42              ,0xC48765,0xC58865,0x2A1612,0xC38564
     43              ,0xC08061,0xC28463,0xC68966,0xE7CDBF
     44              ,0xB56F56,0xBC795C,0xBD7B5E,0xB77157
     45              ,0xBF7F60,0xBE7D5F,0xAF654F,0xB46D54
     46              ,0xB36B53,0xB87358,0xBA775B,0xB06751
     47              ,0xB16952,0xB9755A,0x5B3226,0x4B2F22
     48              ,0x754837,0x28130C,0x160805,0x180B06
     49              ,0x744635,0x975D47,0xA2604B,0x170A06
     50              ,0x180C07,0x29140E,0x381D15,0x3B2218
     51              ,0x3A221B,0x482B1F,0x603B2C,0x804838
     52              ,0x945843,0x9A5946,0x9E684E,0xA56B51
     53              ,0xAD6850,0xAD7056,0x0D0705,0x150805
     54              ,0x170B06,0x190D07,0x1F100D,0x28140D
     55              ,0x281511,0x2B1810,0x2D1B12,0x381E15
     56              ,0x382019,0x3C251A,0x3C251C,0x3D271E
     57              ,0x3E291F,0x47281D,0x482A1E,0x492C20
     58              ,0x502B23,0x522E22,0x5C3427,0x683D2E
     59              ,0x6C4332,0x734434,0x794636,0x764A37
     60              ,0x7E4E3B,0x824B3A,0x834D3B,0x894E3C
     61              ,0x8A513E,0x8C523F,0x90513F,0x8A5742
     62              ,0x9D5444,0x955944,0x965B46,0x935E46
     63              ,0x9D5E48,0xA05C48,0x996049,0x9C654D
     64              ,0xA1654E,0xA9634D,0xAA644E,0xAF6C53
     65              ,0xB27257,0xB6785B,0xB77A5C,0xB87B5D
     66              ,0x100807,0x170906,0x160C09,0x190E08
     67              ,0x20110E,0x2A170F,0x2B1710,0x2C1910
     68              ,0x2C1A11,0x2C1813,0x2C1E16,0x321A16
     69              ,0x371D15,0x391F16,0x361E18,0x3A2117
     70              ,0x39211A,0x39221A,0x3B241C,0x3C261D
     71              ,0x3E281F,0x3E2A20,0x3F2A20,0x44241A
     72              ,0x45261C,0x46271C,0x422D22,0x4A2D20
     73              ,0x4A2E21,0x502C21,0x483225,0x493226
     74              ,0x40332C,0x543124,0x593027,0x573628
     75              ,0x5D3528,0x5F382A,0x443B37,0x643629
     76              ,0x66392C,0x613C2C,0x623D2D,0x48423F
     77              ,0x644130,0x6B4231,0x6E4734,0x684837
     78              ,0x6F4835,0x714232,0x724333,0x774034
     79              ,0x7C4236,0x784435,0x7A4736,0x7F4536
     80              ,0x7B4937,0x7B4A39,0x7D4C39,0x7A503B
     81              ,0x7C543E,0x7A6F69,0x814A39,0x824B3F
     82              ,0x8A4A3C,0x8C4B3D,0x8E4F3F,0x81533E
     83              ,0x87533F,0x82543F,0x885440,0x8D5440
     84              ,0x8D5642,0x8B5943,0x8C5C45,0x915340
     85              ,0x925442,0x925643,0x995242,0x995744
     86              ,0x915A45,0x915C46,0x945F48,0x985E48
     87              ,0x9C5D48,0xA35847,0xA45B48,0xA75A49
     88              ,0xA65C4A,0xA75F4A,0x95624A,0x9C634B
     89              ,0x98654B,0x98664C,0x98674D,0x9F694F
     90              ,0xA4624B,0xA1644C,0xA8614B,0xA16D51
     91              ,0xA26F53,0xA96950,0xAC6E54,0xAD7759
     92              ,0xB07558,0xB47458,0xAF7364,0xBF8362
     93              ,0xA38879,0xBE8374,0xC28564,0xC48767
     94              ,0xC68967,0xC48868,0xC88C6A,0xC88F6D
     95              ,0xC98F6E,0xC18778,0xC18878,0xC28A79
     96              ,0xC38B7B,0xC48D7B,0xC58E7C,0xC6907D
     97              ,0xC7917E,0xC8937F,0xCC987C,0xCF9C7E
     98              ,0xCF9C7F,0xA78F81,0xB0A097,0xC99480
     99              ,0xCA9681,0xCB9882,0xCC9983,0xCD9B85
    100              ,0xCE9C85,0xCE9E86,0xCF9E87,0xCAA18C
    101              ,0xD2A287,0xD1A088,0xD1A38A,0xD4A78D
    102              ,0xDAB49E,0xDEBBA7,0xD9BFAF,0xDEC8BB
    103              ,0xE5C9B9,0xE6CDBD,0xE7CEBF,0xEAD4C7
    104          };
    105          

   \                                 In section .rodata, align 4, keep-with-next
    106          static GUI_CONST_STORAGE GUI_LOGPALETTE PalHelpExitButton = {
   \                     PalHelpExitButton:
   \   00000000                      ; Initializer data, 12 bytes
   \   00000000   00010000           DC32 256
   \   00000004   00000000           DC8 0, 0, 0, 0
   \   00000008   ........           DC32 ColorsHelpExitButton
    107            256,	/* number of entries */
    108            0, 	/* No transparency */
    109            &ColorsHelpExitButton[0]
    110          };
    111          

   \                                 In section .rodata, align 4, keep-with-next
    112          static GUI_CONST_STORAGE unsigned char acHelpExitButton[] = {
   \                     acHelpExitButton:
   \   00000000                      ; Initializer data, 3000 bytes
   \   00000000   010193EAFBFE       DC8 1, 1, 147, 234, 251, 254, 15, 15, 15, 15
   \              0F0F0F0F    
   \   0000000A   0F0F0F0F0F0F       DC8 15, 15, 15, 15, 15, 15, 15, 15, 15, 15
   \              0F0F0F0F    
   \   00000014   0F0F0F0F0F0F       DC8 15, 15, 15, 15, 15, 15, 15, 15, 15, 15
   \              0F0F0F0F    
   \   0000001E   0F0F0F0F0F0F       DC8 15, 15, 15, 15, 15, 15, 15, 15, 15, 15
   \              0F0F0F0F    
   \   00000028   0F0F0F0F0F0F       DC8 15, 15, 15, 15, 15, 15, 15, 15, 15, 15
   \              0F0F0F0F    
   \   00000032   0F0F0F0F0F0F       DC8 15, 15, 15, 15, 15, 15, 15, 15, 15, 15
   \              0F0F0F0F    
   \   0000003C   0F0F0F0F0F0F       DC8 15, 15, 15, 15, 15, 15, 15, 15, 15, 15
   \              0F0F0F0F    
   \   00000046   0F0F0F0F0F0F       DC8 15, 15, 15, 15, 15, 15, 15, 15, 15, 15
   \              0F0F0F0F    
   \   00000050   0F0F0F0F0F0F       DC8 15, 15, 15, 15, 15, 15, 15, 15, 15, 15
   \              0F0F0F0F    
   \   0000005A   0F0F0F0FFDFA       DC8 15, 15, 15, 15, 253, 250, 233, 136, 1, 1
   \              E9880101    
   \   00000064   01A5FFF9E7DA       DC8 1, 165, 255, 249, 231, 218, 14, 14, 14, 14
   \              0E0E0E0E    
   \   0000006E   0E0E0E0E0E0E       DC8 14, 14, 14, 14, 14, 14, 14, 14, 14, 14
   \              0E0E0E0E    
   \   00000078   0E0E0E0E0E0E       DC8 14, 14, 14, 14, 14, 14, 14, 14, 14, 14
   \              0E0E0E0E    
   \   00000082   0E0E0E0E0E0E       DC8 14, 14, 14, 14, 14, 14, 14, 14, 14, 14
   \              0E0E0E0E    
   \   0000008C   0E0E0E0E0E0E       DC8 14, 14, 14, 14, 14, 14, 14, 14, 14, 14
   \              0E0E0E0E    
   \   00000096   0E0E0E0E0E0E       DC8 14, 14, 14, 14, 14, 14, 14, 14, 14, 14
   \              0E0E0E0E    
   \   000000A0   0E0E0E0E0E0E       DC8 14, 14, 14, 14, 14, 14, 14, 14, 14, 14
   \              0E0E0E0E    
   \   000000AA   0E0E0E0E0E0E       DC8 14, 14, 14, 14, 14, 14, 14, 14, 14, 14
   \              0E0E0E0E    
   \   000000B4   0E0E0E0E0E0E       DC8 14, 14, 14, 14, 14, 14, 14, 14, 14, 14
   \              0E0E0E0E    
   \   000000BE   0E0E0E0ED8DC       DC8 14, 14, 14, 14, 216, 220, 232, 244, 151, 1
   \              E8F49701    
   \   000000C8   8EFCF7090909       DC8 142, 252, 247, 9, 9, 9, 9, 9, 9, 9
   \              09090909    
   \   000000D2   090909090909       DC8 9, 9, 9, 9, 9, 9, 9, 9, 9, 9
   \              09090909    
   \   000000DC   090909090909       DC8 9, 9, 9, 9, 9, 9, 9, 9, 9, 9
   \              09090909    
   \   000000E6   090909090909       DC8 9, 9, 9, 9, 9, 9, 9, 9, 9, 9
   \              09090909    
   \   000000F0   090909090909       DC8 9, 9, 9, 9, 9, 9, 9, 9, 9, 9
   \              09090909    
   \   000000FA   090909090909       DC8 9, 9, 9, 9, 9, 9, 9, 9, 9, 9
   \              09090909    
   \   00000104   090909090909       DC8 9, 9, 9, 9, 9, 9, 9, 9, 9, 9
   \              09090909    
   \   0000010E   090909090909       DC8 9, 9, 9, 9, 9, 9, 9, 9, 9, 9
   \              09090909    
   \   00000118   090909090909       DC8 9, 9, 9, 9, 9, 9, 9, 9, 9, 9
   \              09090909    
   \   00000122   090909090909       DC8 9, 9, 9, 9, 9, 9, 9, 219, 207, 114
   \              09DBCF72    
   \   0000012C   D4F808080808       DC8 212, 248, 8, 8, 8, 8, 8, 8, 8, 8
   \              08080808    
   \   00000136   080808080808       DC8 8, 8, 8, 8, 8, 8, 8, 8, 8, 8
   \              08080808    
   \   00000140   080808080808       DC8 8, 8, 8, 8, 8, 8, 8, 8, 8, 8
   \              08080808    
   \   0000014A   080808080808       DC8 8, 8, 8, 8, 8, 8, 8, 8, 8, 8
   \              08080808    
   \   00000154   080808080808       DC8 8, 8, 8, 8, 8, 8, 8, 8, 8, 8
   \              08080808    
   \   0000015E   080808080808       DC8 8, 8, 8, 8, 8, 8, 8, 8, 164, 204
   \              0808A4CC    
   \   00000168   080808080808       DC8 8, 8, 8, 8, 8, 8, 8, 8, 8, 8
   \              08080808    
   \   00000172   080808080808       DC8 8, 8, 8, 8, 8, 8, 8, 8, 8, 8
   \              08080808    
   \   0000017C   080808080808       DC8 8, 8, 8, 8, 8, 8, 8, 8, 8, 8
   \              08080808    
   \   00000186   080808080808       DC8 8, 8, 8, 8, 8, 8, 8, 8, 211, 134
   \              0808D386    
   \   00000190   F3E60B0B0B0B       DC8 243, 230, 11, 11, 11, 11, 11, 11, 11, 11
   \              0B0B0B0B    
   \   0000019A   0B0B0B0B0B0B       DC8 11, 11, 11, 11, 11, 11, 11, 11, 11, 11
   \              0B0B0B0B    
   \   000001A4   0B0B0B0B0B0B       DC8 11, 11, 11, 11, 11, 11, 11, 11, 11, 11
   \              0B0B0B0B    
   \   000001AE   0B0B0B0B0B0B       DC8 11, 11, 11, 11, 11, 11, 11, 11, 11, 11
   \              0B0B0B0B    
   \   000001B8   0B0B0B0B0B0B       DC8 11, 11, 11, 11, 11, 11, 11, 11, 11, 11
   \              0B0B0B0B    
   \   000001C2   0B0B0B0B0B0B       DC8 11, 11, 11, 11, 11, 11, 11, 198, 1, 107
   \              0BC6016B    
   \   000001CC   0B0B0B0B0B0B       DC8 11, 11, 11, 11, 11, 11, 11, 11, 11, 11
   \              0B0B0B0B    
   \   000001D6   0B0B0B0B0B0B       DC8 11, 11, 11, 11, 11, 11, 11, 11, 11, 11
   \              0B0B0B0B    
   \   000001E0   0B0B0B0B0B0B       DC8 11, 11, 11, 11, 11, 11, 11, 11, 11, 11
   \              0B0B0B0B    
   \   000001EA   0B0B0B0B0B0B       DC8 11, 11, 11, 11, 11, 11, 11, 11, 217, 135
   \              0B0BD987    
   \   000001F4   F6D70D0D0D0D       DC8 246, 215, 13, 13, 13, 13, 13, 13, 13, 13
   \              0D0D0D0D    
   \   000001FE   0D0D0D0D0D0D       DC8 13, 13, 13, 13, 13, 13, 13, 13, 13, 13
   \              0D0D0D0D    
   \   00000208   0D0D0D0D0D0D       DC8 13, 13, 13, 13, 13, 13, 13, 13, 13, 13
   \              0D0D0D0D    
   \   00000212   0D0D0D0D0D0D       DC8 13, 13, 13, 13, 13, 13, 13, 13, 13, 13
   \              0D0D0D0D    
   \   0000021C   0D0D0D0D0D0D       DC8 13, 13, 13, 13, 13, 13, 13, 13, 13, 13
   \              0D0D0D0D    
   \   00000226   0D0D0D0D0D0D       DC8 13, 13, 13, 13, 13, 13, 203, 57, 57, 197
   \              CB3939C5    
   \   00000230   0D0D0D0D0D0D       DC8 13, 13, 13, 13, 13, 13, 13, 13, 13, 13
   \              0D0D0D0D    
   \   0000023A   0D0D0D0D0D0D       DC8 13, 13, 13, 13, 13, 13, 13, 13, 13, 13
   \              0D0D0D0D    
   \   00000244   0D0D0D0D0D0D       DC8 13, 13, 13, 13, 13, 13, 13, 13, 13, 13
   \              0D0D0D0D    
   \   0000024E   0D0D0D0D0D0D       DC8 13, 13, 13, 13, 13, 13, 13, 13, 214, 130
   \              0D0DD682    
   \   00000258   F50606060606       DC8 245, 6, 6, 6, 6, 6, 6, 6, 6, 6
   \              06060606    
   \   00000262   060606060606       DC8 6, 6, 6, 6, 6, 6, 6, 6, 6, 6
   \              06060606    
   \   0000026C   060606060606       DC8 6, 6, 6, 6, 6, 6, 6, 6, 6, 6
   \              06060606    
   \   00000276   060606060606       DC8 6, 6, 6, 6, 6, 6, 6, 6, 6, 6
   \              06060606    
   \   00000280   060606060606       DC8 6, 6, 6, 6, 6, 6, 6, 6, 6, 6
   \              06060606    
   \   0000028A   060606060606       DC8 6, 6, 6, 6, 6, 6, 62, 62, 196, 6
   \              3E3EC406    
   \   00000294   060606060606       DC8 6, 6, 6, 6, 6, 6, 6, 6, 6, 6
   \              06060606    
   \   0000029E   060606060606       DC8 6, 6, 6, 6, 6, 6, 6, 6, 6, 6
   \              06060606    
   \   000002A8   060606060606       DC8 6, 6, 6, 6, 6, 6, 6, 6, 6, 6
   \              06060606    
   \   000002B2   060606060606       DC8 6, 6, 6, 6, 6, 6, 6, 6, 6, 126
   \              0606067E    
   \   000002BC   F20C0C0C0C0C       DC8 242, 12, 12, 12, 12, 12, 12, 12, 12, 12
   \              0C0C0C0C    
   \   000002C6   0C0C0C0C0C0C       DC8 12, 12, 12, 12, 12, 12, 12, 12, 12, 12
   \              0C0C0C0C    
   \   000002D0   0C0C0C0C0C0C       DC8 12, 12, 12, 12, 12, 12, 12, 12, 12, 12
   \              0C0C0C0C    
   \   000002DA   0C0C0C0C0C0C       DC8 12, 12, 12, 12, 12, 12, 12, 12, 12, 12
   \              0C0C0C0C    
   \   000002E4   0C0C0C0C0C0C       DC8 12, 12, 12, 12, 12, 12, 12, 12, 12, 12
   \              0C0C0C0C    
   \   000002EE   0C0C0C0C0C67       DC8 12, 12, 12, 12, 12, 103, 148, 208, 12, 12
   \              94D00C0C    
   \   000002F8   0C0C0C0CC7A3       DC8 12, 12, 12, 12, 199, 163, 103, 12, 12, 12
   \              670C0C0C    
   \   00000302   0C0C0C0C0C0C       DC8 12, 12, 12, 12, 12, 12, 12, 12, 12, 12
   \              0C0C0C0C    
   \   0000030C   0C0C0C0C0C0C       DC8 12, 12, 12, 12, 12, 12, 12, 12, 12, 12
   \              0C0C0C0C    
   \   00000316   0C0C0C0C0C0C       DC8 12, 12, 12, 12, 12, 12, 12, 12, 12, 125
   \              0C0C0C7D    
   \   00000320   F11414141414       DC8 241, 20, 20, 20, 20, 20, 20, 20, 20, 20
   \              14141414    
   \   0000032A   141414141414       DC8 20, 20, 20, 20, 20, 20, 20, 20, 20, 20
   \              14141414    
   \   00000334   141414141414       DC8 20, 20, 20, 20, 20, 20, 20, 20, 20, 102
   \              14141466    
   \   0000033E   323232C21F1F       DC8 50, 50, 50, 194, 31, 31, 31, 31, 112, 31
   \              1F1F701F    
   \   00000348   1F9866141414       DC8 31, 152, 102, 20, 20, 20, 20, 20, 20, 20
   \              14141414    
   \   00000352   141414141414       DC8 20, 20, 20, 20, 20, 20, 20, 20, 20, 20
   \              14141414    
   \   0000035C   141414141F01       DC8 20, 20, 20, 20, 31, 1, 178, 20, 20, 20
   \              B2141414    
   \   00000366   141414141414       DC8 20, 20, 20, 20, 20, 20, 20, 20, 20, 20
   \              14141414    
   \   00000370   141414141414       DC8 20, 20, 20, 20, 20, 20, 20, 20, 20, 20
   \              14141414    
   \   0000037A   141414141414       DC8 20, 20, 20, 20, 20, 20, 20, 20, 20, 68
   \              14141444    
   \   00000384   F01515151515       DC8 240, 21, 21, 21, 21, 21, 21, 21, 21, 21
   \              15151515    
   \   0000038E   151515151515       DC8 21, 21, 21, 21, 21, 21, 21, 21, 21, 21
   \              15151515    
   \   00000398   151515151515       DC8 21, 21, 21, 21, 21, 21, 21, 21, 101, 40
   \              15156528    
   \   000003A2   010101010101       DC8 1, 1, 1, 1, 1, 1, 1, 40, 40, 132
   \              01282884    
   \   000003AC   414165151515       DC8 65, 65, 101, 21, 21, 21, 21, 21, 21, 21
   \              15151515    
   \   000003B6   151515151515       DC8 21, 21, 21, 21, 21, 21, 21, 21, 21, 21
   \              15151515    
   \   000003C0   151515159601       DC8 21, 21, 21, 21, 150, 1, 173, 21, 21, 21
   \              AD151515    
   \   000003CA   151515151515       DC8 21, 21, 21, 21, 21, 21, 21, 21, 21, 21
   \              15151515    
   \   000003D4   151515151515       DC8 21, 21, 21, 21, 21, 21, 21, 21, 21, 21
   \              15151515    
   \   000003DE   151515151515       DC8 21, 21, 21, 21, 21, 21, 21, 21, 21, 68
   \              15151544    
   \   000003E8   EF1212121212       DC8 239, 18, 18, 18, 18, 18, 18, 18, 18, 18
   \              12121212    
   \   000003F2   121212121212       DC8 18, 18, 18, 18, 18, 18, 18, 18, 18, 18
   \              12121212    
   \   000003FC   121212121212       DC8 18, 18, 18, 18, 18, 18, 18, 18, 51, 1
   \              12123301    
   \   00000406   01018BB15F33       DC8 1, 1, 139, 177, 95, 51, 53, 18, 18, 18
   \              35121212    
   \   00000410   121212121233       DC8 18, 18, 18, 18, 18, 51, 18, 18, 18, 18
   \              12121212    
   \   0000041A   121235121212       DC8 18, 18, 53, 18, 18, 18, 53, 95, 18, 18
   \              355F1212    
   \   00000424   12121212AB01       DC8 18, 18, 18, 18, 171, 1, 186, 18, 18, 18
   \              BA121212    
   \   0000042E   121212121212       DC8 18, 18, 18, 18, 18, 18, 18, 18, 18, 18
   \              12121212    
   \   00000438   121212121212       DC8 18, 18, 18, 18, 18, 18, 18, 18, 18, 18
   \              12121212    
   \   00000442   121212121212       DC8 18, 18, 18, 18, 18, 18, 18, 18, 18, 124
   \              1212127C    
   \   0000044C   EE1111111111       DC8 238, 17, 17, 17, 17, 17, 17, 17, 17, 17
   \              11111111    
   \   00000456   111111111111       DC8 17, 17, 17, 17, 17, 17, 17, 17, 17, 17
   \              11111111    
   \   00000460   111111111111       DC8 17, 17, 17, 17, 17, 17, 17, 17, 17, 206
   \              111111CE    
   \   0000046A   016F11111111       DC8 1, 111, 17, 17, 17, 17, 17, 17, 17, 17
   \              11111111    
   \   00000474   11111111C301       DC8 17, 17, 17, 17, 195, 1, 146, 17, 17, 17
   \              92111111    
   \   0000047E   572323111111       DC8 87, 35, 35, 17, 17, 17, 131, 1, 91, 17
   \              83015B11    
   \   00000488   1111D1115701       DC8 17, 17, 209, 17, 87, 1, 91, 17, 17, 17
   \              5B111111    
   \   00000492   111111111111       DC8 17, 17, 17, 17, 17, 17, 17, 17, 17, 17
   \              11111111    
   \   0000049C   111111111111       DC8 17, 17, 17, 17, 17, 17, 17, 17, 17, 17
   \              11111111    
   \   000004A6   111111111111       DC8 17, 17, 17, 17, 17, 17, 17, 17, 17, 67
   \              11111143    
   \   000004B0   ED1A1A1A1A1A       DC8 237, 26, 26, 26, 26, 26, 26, 26, 26, 26
   \              1A1A1A1A    
   \   000004BA   1A1A1A1A1A1A       DC8 26, 26, 26, 26, 26, 26, 26, 26, 26, 26
   \              1A1A1A1A    
   \   000004C4   1A1A1A1A1A1A       DC8 26, 26, 26, 26, 26, 26, 26, 26, 26, 79
   \              1A1A1A4F    
   \   000004CE   012B1A1A1A1A       DC8 1, 43, 26, 26, 26, 26, 26, 26, 26, 26
   \              1A1A1A1A    
   \   000004D8   1A1A1A1A643D       DC8 26, 26, 26, 26, 100, 61, 1, 100, 26, 76
   \              01641A4C    
   \   000004E2   01234F1A1A1A       DC8 1, 35, 79, 26, 26, 26, 71, 1, 185, 26
   \              4701B91A    
   \   000004EC   1A1A4C010101       DC8 26, 26, 76, 1, 1, 1, 61, 35, 71, 1
   \              3D234701    
   \   000004F6   01911A1A1A1A       DC8 1, 145, 26, 26, 26, 26, 26, 26, 26, 26
   \              1A1A1A1A    
   \   00000500   1A1A1A1A1A1A       DC8 26, 26, 26, 26, 26, 26, 26, 26, 26, 26
   \              1A1A1A1A    
   \   0000050A   1A1A1A1A1A1A       DC8 26, 26, 26, 26, 26, 26, 26, 26, 26, 67
   \              1A1A1A43    
   \   00000514   EC1D1D1D1D1D       DC8 236, 29, 29, 29, 29, 29, 29, 29, 29, 29
   \              1D1D1D1D    
   \   0000051E   1D1D1D1D1D1D       DC8 29, 29, 29, 29, 29, 29, 29, 29, 29, 29
   \              1D1D1D1D    
   \   00000528   1D1D1D1D1D1D       DC8 29, 29, 29, 29, 29, 29, 29, 29, 29, 32
   \              1D1D1D20    
   \   00000532   016E50202020       DC8 1, 110, 80, 32, 32, 32, 32, 32, 32, 46
   \              2020202E    
   \   0000053C   2D2D601D1DAE       DC8 45, 45, 96, 29, 29, 174, 1, 149, 46, 1
   \              01952E01    
   \   00000546   38601D1D1D1D       DC8 56, 96, 29, 29, 29, 29, 45, 1, 94, 29
   \              2D015E1D    
   \   00000550   1D1D5E2B3801       DC8 29, 29, 94, 43, 56, 1, 1, 43, 46, 80
   \              012B2E50    
   \   0000055A   B81D1D1D1D1D       DC8 184, 29, 29, 29, 29, 29, 29, 29, 29, 29
   \              1D1D1D1D    
   \   00000564   1D1D1D1D1D1D       DC8 29, 29, 29, 29, 29, 29, 29, 29, 29, 29
   \              1D1D1D1D    
   \   0000056E   1D1D1D1D1D1D       DC8 29, 29, 29, 29, 29, 29, 29, 29, 29, 123
   \              1D1D1D7B    
   \   00000578   EB1919191919       DC8 235, 25, 25, 25, 25, 25, 25, 25, 25, 25
   \              19191919    
   \   00000582   191919191919       DC8 25, 25, 25, 25, 25, 25, 25, 25, 25, 25
   \              19191919    
   \   0000058C   191919191919       DC8 25, 25, 25, 25, 25, 25, 25, 25, 25, 1
   \              19191901    
   \   00000596   010101010101       DC8 1, 1, 1, 1, 1, 1, 1, 1, 39, 70
   \              01012746    
   \   000005A0   24AC19191919       DC8 36, 172, 25, 25, 25, 25, 109, 1, 1, 119
   \              6D010177    
   \   000005AA   CD1919191919       DC8 205, 25, 25, 25, 25, 25, 70, 1, 201, 25
   \              4601C919    
   \   000005B4   191919192401       DC8 25, 25, 25, 25, 36, 1, 187, 25, 25, 25
   \              BB191919    
   \   000005BE   191919191919       DC8 25, 25, 25, 25, 25, 25, 25, 25, 25, 25
   \              19191919    
   \   000005C8   191919191919       DC8 25, 25, 25, 25, 25, 25, 25, 25, 25, 25
   \              19191919    
   \   000005D2   191919191919       DC8 25, 25, 25, 25, 25, 25, 25, 25, 25, 66
   \              19191942    
   \   000005DC   E51313131313       DC8 229, 19, 19, 19, 19, 19, 19, 19, 19, 19
   \              13131313    
   \   000005E6   131313131313       DC8 19, 19, 19, 19, 19, 19, 19, 19, 19, 19
   \              13131313    
   \   000005F0   131313131313       DC8 19, 19, 19, 19, 19, 19, 19, 19, 19, 137
   \              13131389    
   \   000005FA   018D24252525       DC8 1, 141, 36, 37, 37, 37, 99, 19, 19, 19
   \              63131313    
   \   00000604   131313131313       DC8 19, 19, 19, 19, 19, 19, 162, 1, 1, 99
   \              A2010163    
   \   0000060E   131313131313       DC8 19, 19, 19, 19, 19, 19, 39, 39, 19, 19
   \              27271313    
   \   00000618   131313132401       DC8 19, 19, 19, 19, 36, 1, 37, 19, 19, 19
   \              25131313    
   \   00000622   131313131313       DC8 19, 19, 19, 19, 19, 19, 19, 19, 19, 19
   \              13131313    
   \   0000062C   131313131313       DC8 19, 19, 19, 19, 19, 19, 19, 19, 19, 19
   \              13131313    
   \   00000636   131313131313       DC8 19, 19, 19, 19, 19, 19, 19, 19, 19, 66
   \              13131342    
   \   00000640   E41010101010       DC8 228, 16, 16, 16, 16, 16, 16, 16, 16, 16
   \              10101010    
   \   0000064A   101010101010       DC8 16, 16, 16, 16, 16, 16, 16, 16, 16, 16
   \              10101010    
   \   00000654   101010101010       DC8 16, 16, 16, 16, 16, 16, 16, 16, 16, 77
   \              1010104D    
   \   0000065E   014D10101010       DC8 1, 77, 16, 16, 16, 16, 16, 16, 16, 16
   \              10101010    
   \   00000668   B0101010105A       DC8 176, 16, 16, 16, 16, 90, 105, 1, 1, 161
   \              690101A1    
   \   00000672   101010101010       DC8 16, 16, 16, 16, 16, 16, 1, 69, 16, 16
   \              01451010    
   \   0000067C   101010104501       DC8 16, 16, 16, 16, 69, 1, 90, 16, 16, 16
   \              5A101010    
   \   00000686   101010101010       DC8 16, 16, 16, 16, 16, 16, 16, 16, 16, 16
   \              10101010    
   \   00000690   101010101010       DC8 16, 16, 16, 16, 16, 16, 16, 16, 16, 16
   \              10101010    
   \   0000069A   101010101010       DC8 16, 16, 16, 16, 16, 16, 16, 16, 16, 122
   \              1010107A    
   \   000006A4   E31717171717       DC8 227, 23, 23, 23, 23, 23, 23, 23, 23, 23
   \              17171717    
   \   000006AE   171717171717       DC8 23, 23, 23, 23, 23, 23, 23, 23, 23, 23
   \              17171717    
   \   000006B8   171717171717       DC8 23, 23, 23, 23, 23, 23, 23, 23, 23, 154
   \              1717179A    
   \   000006C2   014B17171717       DC8 1, 75, 23, 23, 23, 23, 23, 23, 23, 129
   \              17171781    
   \   000006CC   015C17173475       DC8 1, 92, 23, 23, 52, 117, 1, 175, 41, 34
   \              01AF2922    
   \   000006D6   5C1717171734       DC8 92, 23, 23, 23, 23, 52, 1, 73, 23, 23
   \              01491717    
   \   000006E0   34A059174B01       DC8 52, 160, 89, 23, 75, 1, 89, 23, 23, 23
   \              59171717    
   \   000006EA   171717171717       DC8 23, 23, 23, 23, 23, 23, 23, 23, 23, 23
   \              17171717    
   \   000006F4   171717171717       DC8 23, 23, 23, 23, 23, 23, 23, 23, 23, 23
   \              17171717    
   \   000006FE   171717171717       DC8 23, 23, 23, 23, 23, 23, 23, 23, 23, 44
   \              1717172C    
   \   00000708   E21818181818       DC8 226, 24, 24, 24, 24, 24, 24, 24, 24, 24
   \              18181818    
   \   00000712   181818181818       DC8 24, 24, 24, 24, 24, 24, 24, 24, 24, 24
   \              18181818    
   \   0000071C   181818181818       DC8 24, 24, 24, 24, 24, 24, 24, 24, 24, 188
   \              181818BC    
   \   00000726   0129C8181818       DC8 1, 41, 200, 24, 24, 24, 24, 85, 63, 1
   \              18553F01    
   \   00000730   521818184901       DC8 82, 24, 24, 24, 73, 1, 140, 24, 48, 1
   \              8C183001    
   \   0000073A   3F1818181830       DC8 63, 24, 24, 24, 24, 48, 1, 153, 24, 48
   \              01991830    
   \   00000744   290152189E01       DC8 41, 1, 82, 24, 158, 1, 85, 24, 24, 24
   \              55181818    
   \   0000074E   181818181818       DC8 24, 24, 24, 24, 24, 24, 24, 24, 24, 24
   \              18181818    
   \   00000758   181818181818       DC8 24, 24, 24, 24, 24, 24, 24, 24, 24, 24
   \              18181818    
   \   00000762   181818181818       DC8 24, 24, 24, 24, 24, 24, 24, 24, 24, 44
   \              1818182C    
   \   0000076C   E11C1C1C1C1C       DC8 225, 28, 28, 28, 28, 28, 28, 28, 28, 28
   \              1C1C1C1C    
   \   00000776   1C1C1C1C1C1C       DC8 28, 28, 28, 28, 28, 28, 28, 28, 28, 28
   \              1C1C1C1C    
   \   00000780   1C1C1C1C1C1C       DC8 28, 28, 28, 28, 28, 28, 28, 28, 28, 28
   \              1C1C1C1C    
   \   0000078A   3B0180261C54       DC8 59, 1, 128, 38, 28, 84, 74, 1, 34, 81
   \              4A012251    
   \   00000794   1C1C1C54012A       DC8 28, 28, 28, 84, 1, 42, 98, 28, 28, 78
   \              621C1C4E    
   \   0000079E   012A621C1CB5       DC8 1, 42, 98, 28, 28, 181, 1, 42, 74, 1
   \              012A4A01    
   \   000007A8   01511C1C2601       DC8 1, 81, 28, 28, 38, 1, 59, 38, 28, 78
   \              3B261C4E    
   \   000007B2   01261C1C1C1C       DC8 1, 38, 28, 28, 28, 28, 28, 28, 28, 28
   \              1C1C1C1C    
   \   000007BC   1C1C1C1C1C1C       DC8 28, 28, 28, 28, 28, 28, 28, 28, 28, 28
   \              1C1C1C1C    
   \   000007C6   1C1C1C1C1C1C       DC8 28, 28, 28, 28, 28, 28, 28, 28, 28, 44
   \              1C1C1C2C    
   \   000007D0   E01B1B1B1B1B       DC8 224, 27, 27, 27, 27, 27, 27, 27, 27, 27
   \              1B1B1B1B    
   \   000007DA   1B1B1B1B1B1B       DC8 27, 27, 27, 27, 27, 27, 27, 27, 27, 27
   \              1B1B1B1B    
   \   000007E4   1B1B1B1B1B1B       DC8 27, 27, 27, 27, 27, 27, 27, 27, 27, 27
   \              1B1B1B1B    
   \   000007EE   312201010101       DC8 49, 34, 1, 1, 1, 1, 1, 133, 49, 27
   \              0185311B    
   \   000007F8   1B1B61217431       DC8 27, 27, 97, 33, 116, 49, 27, 27, 27, 27
   \              1B1B1B1B    
   \   00000802   1E012190A661       DC8 30, 1, 33, 144, 166, 97, 34, 1, 1, 33
   \              22010121    
   \   0000080C   B41B1B1B1B9D       DC8 180, 27, 27, 27, 27, 157, 1, 1, 1, 1
   \              01010101    
   \   00000816   1E1B1B1B1B1B       DC8 30, 27, 27, 27, 27, 27, 27, 27, 27, 27
   \              1B1B1B1B    
   \   00000820   1B1B1B1B1B1B       DC8 27, 27, 27, 27, 27, 27, 27, 27, 27, 27
   \              1B1B1B1B    
   \   0000082A   1B1B1B1B1B1B       DC8 27, 27, 27, 27, 27, 27, 27, 27, 27, 121
   \              1B1B1B79    
   \   00000834   DF1616161616       DC8 223, 22, 22, 22, 22, 22, 22, 22, 22, 22
   \              16161616    
   \   0000083E   161616161616       DC8 22, 22, 22, 22, 22, 22, 22, 22, 22, 22
   \              16161616    
   \   00000848   161616161616       DC8 22, 22, 22, 22, 22, 22, 22, 22, 22, 22
   \              16161616    
   \   00000852   165D1E211E1E       DC8 22, 93, 30, 33, 30, 30, 183, 22, 22, 22
   \              B7161616    
   \   0000085C   16161E375D16       DC8 22, 22, 30, 55, 93, 22, 22, 22, 22, 22
   \              16161616    
   \   00000866   162F37215316       DC8 22, 47, 55, 33, 83, 22, 83, 127, 47, 202
   \              537F2FCA    
   \   00000870   161616161616       DC8 22, 22, 22, 22, 22, 22, 179, 30, 30, 47
   \              B31E1E2F    
   \   0000087A   161616161616       DC8 22, 22, 22, 22, 22, 22, 22, 22, 22, 22
   \              16161616    
   \   00000884   161616161616       DC8 22, 22, 22, 22, 22, 22, 22, 22, 22, 22
   \              16161616    
   \   0000088E   161616161616       DC8 22, 22, 22, 22, 22, 22, 22, 22, 22, 120
   \              16161678    
   \   00000898   DE0707070707       DC8 222, 7, 7, 7, 7, 7, 7, 7, 7, 7
   \              07070707    
   \   000008A2   070707070707       DC8 7, 7, 7, 7, 7, 7, 7, 7, 7, 7
   \              07070707    
   \   000008AC   070707070707       DC8 7, 7, 7, 7, 7, 7, 7, 7, 7, 7
   \              07070707    
   \   000008B6   070707070707       DC8 7, 7, 7, 7, 7, 7, 7, 7, 7, 7
   \              07070707    
   \   000008C0   075601560707       DC8 7, 86, 1, 86, 7, 7, 7, 7, 7, 7
   \              07070707    
   \   000008CA   070707C10707       DC8 7, 7, 7, 193, 7, 7, 7, 7, 7, 7
   \              07070707    
   \   000008D4   070707070707       DC8 7, 7, 7, 7, 7, 7, 7, 7, 7, 7
   \              07070707    
   \   000008DE   070707070707       DC8 7, 7, 7, 7, 7, 7, 7, 7, 7, 7
   \              07070707    
   \   000008E8   070707070707       DC8 7, 7, 7, 7, 7, 7, 7, 7, 7, 7
   \              07070707    
   \   000008F2   070707070707       DC8 7, 7, 7, 7, 7, 7, 7, 7, 7, 64
   \              07070740    
   \   000008FC   DD0505050505       DC8 221, 5, 5, 5, 5, 5, 5, 5, 5, 5
   \              05050505    
   \   00000906   050505050505       DC8 5, 5, 5, 5, 5, 5, 5, 5, 5, 5
   \              05050505    
   \   00000910   050505050505       DC8 5, 5, 5, 5, 5, 5, 5, 5, 5, 5
   \              05050505    
   \   0000091A   050505050505       DC8 5, 5, 5, 5, 5, 5, 5, 5, 5, 5
   \              05050505    
   \   00000924   058F9F050505       DC8 5, 143, 159, 5, 5, 5, 5, 5, 5, 5
   \              05050505    
   \   0000092E   050505050505       DC8 5, 5, 5, 5, 5, 5, 5, 5, 5, 5
   \              05050505    
   \   00000938   050505050505       DC8 5, 5, 5, 5, 5, 5, 5, 5, 5, 5
   \              05050505    
   \   00000942   050505050505       DC8 5, 5, 5, 5, 5, 5, 5, 5, 5, 5
   \              05050505    
   \   0000094C   050505050505       DC8 5, 5, 5, 5, 5, 5, 5, 5, 5, 5
   \              05050505    
   \   00000956   050505050505       DC8 5, 5, 5, 5, 5, 5, 5, 5, 5, 64
   \              05050540    
   \   00000960   D50204040404       DC8 213, 2, 4, 4, 4, 4, 4, 4, 4, 4
   \              04040404    
   \   0000096A   040404040404       DC8 4, 4, 4, 4, 4, 4, 4, 4, 4, 4
   \              04040404    
   \   00000974   040404040404       DC8 4, 4, 4, 4, 4, 4, 4, 4, 4, 4
   \              04040404    
   \   0000097E   040404040404       DC8 4, 4, 4, 4, 4, 4, 4, 4, 4, 4
   \              04040404    
   \   00000988   040404040404       DC8 4, 4, 4, 4, 4, 4, 4, 4, 4, 4
   \              04040404    
   \   00000992   040404040404       DC8 4, 4, 4, 4, 4, 4, 4, 4, 4, 4
   \              04040404    
   \   0000099C   040404040404       DC8 4, 4, 4, 4, 4, 4, 4, 4, 4, 4
   \              04040404    
   \   000009A6   040404040404       DC8 4, 4, 4, 4, 4, 4, 4, 4, 4, 4
   \              04040404    
   \   000009B0   040404040404       DC8 4, 4, 4, 4, 4, 4, 4, 4, 4, 4
   \              04040404    
   \   000009BA   040404040404       DC8 4, 4, 4, 4, 4, 4, 4, 4, 192, 118
   \              0404C076    
   \   000009C4   D2BE02020202       DC8 210, 190, 2, 2, 2, 2, 2, 2, 2, 2
   \              02020202    
   \   000009CE   020202020202       DC8 2, 2, 2, 2, 2, 2, 2, 2, 2, 2
   \              02020202    
   \   000009D8   020202020202       DC8 2, 2, 2, 2, 2, 2, 2, 2, 2, 2
   \              02020202    
   \   000009E2   020202020202       DC8 2, 2, 2, 2, 2, 2, 2, 2, 2, 2
   \              02020202    
   \   000009EC   020202020202       DC8 2, 2, 2, 2, 2, 2, 2, 2, 2, 2
   \              02020202    
   \   000009F6   020202020202       DC8 2, 2, 2, 2, 2, 2, 2, 2, 2, 2
   \              02020202    
   \   00000A00   020202020202       DC8 2, 2, 2, 2, 2, 2, 2, 2, 2, 2
   \              02020202    
   \   00000A0A   020202020202       DC8 2, 2, 2, 2, 2, 2, 2, 2, 2, 2
   \              02020202    
   \   00000A14   020202020202       DC8 2, 2, 2, 2, 2, 2, 2, 2, 2, 2
   \              02020202    
   \   00000A1E   020202020202       DC8 2, 2, 2, 2, 2, 2, 2, 2, 170, 10
   \              0202AA0A    
   \   00000A28   A75803030303       DC8 167, 88, 3, 3, 3, 3, 3, 3, 3, 3
   \              03030303    
   \   00000A32   030303030303       DC8 3, 3, 3, 3, 3, 3, 3, 3, 3, 3
   \              03030303    
   \   00000A3C   030303030303       DC8 3, 3, 3, 3, 3, 3, 3, 3, 3, 3
   \              03030303    
   \   00000A46   030303030303       DC8 3, 3, 3, 3, 3, 3, 3, 3, 3, 3
   \              03030303    
   \   00000A50   030303030303       DC8 3, 3, 3, 3, 3, 3, 3, 3, 3, 3
   \              03030303    
   \   00000A5A   030303030303       DC8 3, 3, 3, 3, 3, 3, 3, 3, 3, 3
   \              03030303    
   \   00000A64   030303030303       DC8 3, 3, 3, 3, 3, 3, 3, 3, 3, 3
   \              03030303    
   \   00000A6E   030303030303       DC8 3, 3, 3, 3, 3, 3, 3, 3, 3, 3
   \              03030303    
   \   00000A78   030303030303       DC8 3, 3, 3, 3, 3, 3, 3, 3, 3, 3
   \              03030303    
   \   00000A82   030303030303       DC8 3, 3, 3, 3, 3, 3, 3, 3, 138, 108
   \              03038A6C    
   \   00000A8C   71A8B6000000       DC8 113, 168, 182, 0, 0, 0, 0, 0, 0, 0
   \              00000000    
   \   00000A96   000000000000       DC8 0, 0, 0, 0, 0, 0, 0, 0, 0, 0
   \              00000000    
   \   00000AA0   000000000000       DC8 0, 0, 0, 0, 0, 0, 0, 0, 0, 0
   \              00000000    
   \   00000AAA   000000000000       DC8 0, 0, 0, 0, 0, 0, 0, 0, 0, 0
   \              00000000    
   \   00000AB4   000000000000       DC8 0, 0, 0, 0, 0, 0, 0, 0, 0, 0
   \              00000000    
   \   00000ABE   000000000000       DC8 0, 0, 0, 0, 0, 0, 0, 0, 0, 0
   \              00000000    
   \   00000AC8   000000000000       DC8 0, 0, 0, 0, 0, 0, 0, 0, 0, 0
   \              00000000    
   \   00000AD2   000000000000       DC8 0, 0, 0, 0, 0, 0, 0, 0, 0, 0
   \              00000000    
   \   00000ADC   000000000000       DC8 0, 0, 0, 0, 0, 0, 0, 0, 0, 0
   \              00000000    
   \   00000AE6   000000000000       DC8 0, 0, 0, 0, 0, 0, 0, 155, 10, 54
   \              009B0A36    
   \   00000AF0   0173489C58BF       DC8 1, 115, 72, 156, 88, 191, 0, 0, 0, 0
   \              00000000    
   \   00000AFA   000000000000       DC8 0, 0, 0, 0, 0, 0, 0, 0, 0, 0
   \              00000000    
   \   00000B04   000000000000       DC8 0, 0, 0, 0, 0, 0, 0, 0, 0, 0
   \              00000000    
   \   00000B0E   000000000000       DC8 0, 0, 0, 0, 0, 0, 0, 0, 0, 0
   \              00000000    
   \   00000B18   000000000000       DC8 0, 0, 0, 0, 0, 0, 0, 0, 0, 0
   \              00000000    
   \   00000B22   000000000000       DC8 0, 0, 0, 0, 0, 0, 0, 0, 0, 0
   \              00000000    
   \   00000B2C   000000000000       DC8 0, 0, 0, 0, 0, 0, 0, 0, 0, 0
   \              00000000    
   \   00000B36   000000000000       DC8 0, 0, 0, 0, 0, 0, 0, 0, 0, 0
   \              00000000    
   \   00000B40   000000000000       DC8 0, 0, 0, 0, 0, 0, 0, 0, 0, 0
   \              00000000    
   \   00000B4A   00000000BDA9       DC8 0, 0, 0, 0, 189, 169, 72, 10, 106, 1
   \              480A6A01    
   \   00000B54   0101683A3C0A       DC8 1, 1, 104, 58, 60, 10, 10, 10, 10, 10
   \              0A0A0A0A    
   \   00000B5E   0A0A0A0A0A0A       DC8 10, 10, 10, 10, 10, 10, 10, 10, 10, 10
   \              0A0A0A0A    
   \   00000B68   0A0A0A0A0A0A       DC8 10, 10, 10, 10, 10, 10, 10, 10, 10, 10
   \              0A0A0A0A    
   \   00000B72   0A0A0A0A0A0A       DC8 10, 10, 10, 10, 10, 10, 10, 10, 10, 10
   \              0A0A0A0A    
   \   00000B7C   0A0A0A0A0A0A       DC8 10, 10, 10, 10, 10, 10, 10, 10, 10, 10
   \              0A0A0A0A    
   \   00000B86   0A0A0A0A0A0A       DC8 10, 10, 10, 10, 10, 10, 10, 10, 10, 10
   \              0A0A0A0A    
   \   00000B90   0A0A0A0A0A0A       DC8 10, 10, 10, 10, 10, 10, 10, 10, 10, 10
   \              0A0A0A0A    
   \   00000B9A   0A0A0A0A0A0A       DC8 10, 10, 10, 10, 10, 10, 10, 10, 10, 10
   \              0A0A0A0A    
   \   00000BA4   0A0A0A0A0A0A       DC8 10, 10, 10, 10, 10, 10, 10, 10, 10, 10
   \              0A0A0A0A    
   \   00000BAE   0A0A0A0A0A3C       DC8 10, 10, 10, 10, 10, 60, 58, 54, 1, 1
   \              3A360101    
    113            0x01, 0x01, 0x93, 0xEA, 0xFB, 0xFE, 0x0F, 0x0F, 0x0F, 0x0F, 0x0F, 0x0F, 0x0F, 0x0F, 0x0F, 0x0F, 0x0F, 0x0F, 0x0F, 0x0F, 0x0F, 0x0F, 0x0F, 0x0F, 0x0F, 0x0F, 0x0F, 0x0F, 0x0F, 0x0F, 0x0F, 0x0F, 0x0F, 0x0F, 0x0F, 0x0F, 0x0F, 0x0F, 0x0F, 0x0F, 0x0F, 0x0F, 
    114                  0x0F, 0x0F, 0x0F, 0x0F, 0x0F, 0x0F, 0x0F, 0x0F, 0x0F, 0x0F, 0x0F, 0x0F, 0x0F, 0x0F, 0x0F, 0x0F, 0x0F, 0x0F, 0x0F, 0x0F, 0x0F, 0x0F, 0x0F, 0x0F, 0x0F, 0x0F, 0x0F, 0x0F, 0x0F, 0x0F, 0x0F, 0x0F, 0x0F, 0x0F, 0x0F, 0x0F, 0x0F, 0x0F, 0x0F, 0x0F, 0x0F, 
    115                  0x0F, 0x0F, 0x0F, 0x0F, 0x0F, 0x0F, 0x0F, 0x0F, 0x0F, 0x0F, 0x0F, 0xFD, 0xFA, 0xE9, 0x88, 0x01, 0x01,
    116            0x01, 0xA5, 0xFF, 0xF9, 0xE7, 0xDA, 0x0E, 0x0E, 0x0E, 0x0E, 0x0E, 0x0E, 0x0E, 0x0E, 0x0E, 0x0E, 0x0E, 0x0E, 0x0E, 0x0E, 0x0E, 0x0E, 0x0E, 0x0E, 0x0E, 0x0E, 0x0E, 0x0E, 0x0E, 0x0E, 0x0E, 0x0E, 0x0E, 0x0E, 0x0E, 0x0E, 0x0E, 0x0E, 0x0E, 0x0E, 0x0E, 0x0E, 
    117                  0x0E, 0x0E, 0x0E, 0x0E, 0x0E, 0x0E, 0x0E, 0x0E, 0x0E, 0x0E, 0x0E, 0x0E, 0x0E, 0x0E, 0x0E, 0x0E, 0x0E, 0x0E, 0x0E, 0x0E, 0x0E, 0x0E, 0x0E, 0x0E, 0x0E, 0x0E, 0x0E, 0x0E, 0x0E, 0x0E, 0x0E, 0x0E, 0x0E, 0x0E, 0x0E, 0x0E, 0x0E, 0x0E, 0x0E, 0x0E, 0x0E, 
    118                  0x0E, 0x0E, 0x0E, 0x0E, 0x0E, 0x0E, 0x0E, 0x0E, 0x0E, 0x0E, 0x0E, 0xD8, 0xDC, 0xE8, 0xF4, 0x97, 0x01,
    119            0x8E, 0xFC, 0xF7, 0x09, 0x09, 0x09, 0x09, 0x09, 0x09, 0x09, 0x09, 0x09, 0x09, 0x09, 0x09, 0x09, 0x09, 0x09, 0x09, 0x09, 0x09, 0x09, 0x09, 0x09, 0x09, 0x09, 0x09, 0x09, 0x09, 0x09, 0x09, 0x09, 0x09, 0x09, 0x09, 0x09, 0x09, 0x09, 0x09, 0x09, 0x09, 0x09, 
    120                  0x09, 0x09, 0x09, 0x09, 0x09, 0x09, 0x09, 0x09, 0x09, 0x09, 0x09, 0x09, 0x09, 0x09, 0x09, 0x09, 0x09, 0x09, 0x09, 0x09, 0x09, 0x09, 0x09, 0x09, 0x09, 0x09, 0x09, 0x09, 0x09, 0x09, 0x09, 0x09, 0x09, 0x09, 0x09, 0x09, 0x09, 0x09, 0x09, 0x09, 0x09, 
    121                  0x09, 0x09, 0x09, 0x09, 0x09, 0x09, 0x09, 0x09, 0x09, 0x09, 0x09, 0x09, 0x09, 0x09, 0xDB, 0xCF, 0x72,
    122            0xD4, 0xF8, 0x08, 0x08, 0x08, 0x08, 0x08, 0x08, 0x08, 0x08, 0x08, 0x08, 0x08, 0x08, 0x08, 0x08, 0x08, 0x08, 0x08, 0x08, 0x08, 0x08, 0x08, 0x08, 0x08, 0x08, 0x08, 0x08, 0x08, 0x08, 0x08, 0x08, 0x08, 0x08, 0x08, 0x08, 0x08, 0x08, 0x08, 0x08, 0x08, 0x08, 
    123                  0x08, 0x08, 0x08, 0x08, 0x08, 0x08, 0x08, 0x08, 0x08, 0x08, 0x08, 0x08, 0x08, 0x08, 0x08, 0x08, 0xA4, 0xCC, 0x08, 0x08, 0x08, 0x08, 0x08, 0x08, 0x08, 0x08, 0x08, 0x08, 0x08, 0x08, 0x08, 0x08, 0x08, 0x08, 0x08, 0x08, 0x08, 0x08, 0x08, 0x08, 0x08, 
    124                  0x08, 0x08, 0x08, 0x08, 0x08, 0x08, 0x08, 0x08, 0x08, 0x08, 0x08, 0x08, 0x08, 0x08, 0x08, 0xD3, 0x86,
    125            0xF3, 0xE6, 0x0B, 0x0B, 0x0B, 0x0B, 0x0B, 0x0B, 0x0B, 0x0B, 0x0B, 0x0B, 0x0B, 0x0B, 0x0B, 0x0B, 0x0B, 0x0B, 0x0B, 0x0B, 0x0B, 0x0B, 0x0B, 0x0B, 0x0B, 0x0B, 0x0B, 0x0B, 0x0B, 0x0B, 0x0B, 0x0B, 0x0B, 0x0B, 0x0B, 0x0B, 0x0B, 0x0B, 0x0B, 0x0B, 0x0B, 0x0B, 
    126                  0x0B, 0x0B, 0x0B, 0x0B, 0x0B, 0x0B, 0x0B, 0x0B, 0x0B, 0x0B, 0x0B, 0x0B, 0x0B, 0x0B, 0x0B, 0xC6, 0x01, 0x6B, 0x0B, 0x0B, 0x0B, 0x0B, 0x0B, 0x0B, 0x0B, 0x0B, 0x0B, 0x0B, 0x0B, 0x0B, 0x0B, 0x0B, 0x0B, 0x0B, 0x0B, 0x0B, 0x0B, 0x0B, 0x0B, 0x0B, 0x0B, 
    127                  0x0B, 0x0B, 0x0B, 0x0B, 0x0B, 0x0B, 0x0B, 0x0B, 0x0B, 0x0B, 0x0B, 0x0B, 0x0B, 0x0B, 0x0B, 0xD9, 0x87,
    128            0xF6, 0xD7, 0x0D, 0x0D, 0x0D, 0x0D, 0x0D, 0x0D, 0x0D, 0x0D, 0x0D, 0x0D, 0x0D, 0x0D, 0x0D, 0x0D, 0x0D, 0x0D, 0x0D, 0x0D, 0x0D, 0x0D, 0x0D, 0x0D, 0x0D, 0x0D, 0x0D, 0x0D, 0x0D, 0x0D, 0x0D, 0x0D, 0x0D, 0x0D, 0x0D, 0x0D, 0x0D, 0x0D, 0x0D, 0x0D, 0x0D, 0x0D, 
    129                  0x0D, 0x0D, 0x0D, 0x0D, 0x0D, 0x0D, 0x0D, 0x0D, 0x0D, 0x0D, 0x0D, 0x0D, 0x0D, 0x0D, 0xCB, 0x39, 0x39, 0xC5, 0x0D, 0x0D, 0x0D, 0x0D, 0x0D, 0x0D, 0x0D, 0x0D, 0x0D, 0x0D, 0x0D, 0x0D, 0x0D, 0x0D, 0x0D, 0x0D, 0x0D, 0x0D, 0x0D, 0x0D, 0x0D, 0x0D, 0x0D, 
    130                  0x0D, 0x0D, 0x0D, 0x0D, 0x0D, 0x0D, 0x0D, 0x0D, 0x0D, 0x0D, 0x0D, 0x0D, 0x0D, 0x0D, 0x0D, 0xD6, 0x82,
    131            0xF5, 0x06, 0x06, 0x06, 0x06, 0x06, 0x06, 0x06, 0x06, 0x06, 0x06, 0x06, 0x06, 0x06, 0x06, 0x06, 0x06, 0x06, 0x06, 0x06, 0x06, 0x06, 0x06, 0x06, 0x06, 0x06, 0x06, 0x06, 0x06, 0x06, 0x06, 0x06, 0x06, 0x06, 0x06, 0x06, 0x06, 0x06, 0x06, 0x06, 0x06, 0x06, 
    132                  0x06, 0x06, 0x06, 0x06, 0x06, 0x06, 0x06, 0x06, 0x06, 0x06, 0x06, 0x06, 0x06, 0x06, 0x3E, 0x3E, 0xC4, 0x06, 0x06, 0x06, 0x06, 0x06, 0x06, 0x06, 0x06, 0x06, 0x06, 0x06, 0x06, 0x06, 0x06, 0x06, 0x06, 0x06, 0x06, 0x06, 0x06, 0x06, 0x06, 0x06, 0x06, 
    133                  0x06, 0x06, 0x06, 0x06, 0x06, 0x06, 0x06, 0x06, 0x06, 0x06, 0x06, 0x06, 0x06, 0x06, 0x06, 0x06, 0x7E,
    134            0xF2, 0x0C, 0x0C, 0x0C, 0x0C, 0x0C, 0x0C, 0x0C, 0x0C, 0x0C, 0x0C, 0x0C, 0x0C, 0x0C, 0x0C, 0x0C, 0x0C, 0x0C, 0x0C, 0x0C, 0x0C, 0x0C, 0x0C, 0x0C, 0x0C, 0x0C, 0x0C, 0x0C, 0x0C, 0x0C, 0x0C, 0x0C, 0x0C, 0x0C, 0x0C, 0x0C, 0x0C, 0x0C, 0x0C, 0x0C, 0x0C, 0x0C, 
    135                  0x0C, 0x0C, 0x0C, 0x0C, 0x0C, 0x0C, 0x0C, 0x0C, 0x0C, 0x0C, 0x0C, 0x0C, 0x0C, 0x67, 0x94, 0xD0, 0x0C, 0x0C, 0x0C, 0x0C, 0x0C, 0x0C, 0xC7, 0xA3, 0x67, 0x0C, 0x0C, 0x0C, 0x0C, 0x0C, 0x0C, 0x0C, 0x0C, 0x0C, 0x0C, 0x0C, 0x0C, 0x0C, 0x0C, 0x0C, 0x0C, 
    136                  0x0C, 0x0C, 0x0C, 0x0C, 0x0C, 0x0C, 0x0C, 0x0C, 0x0C, 0x0C, 0x0C, 0x0C, 0x0C, 0x0C, 0x0C, 0x0C, 0x7D,
    137            0xF1, 0x14, 0x14, 0x14, 0x14, 0x14, 0x14, 0x14, 0x14, 0x14, 0x14, 0x14, 0x14, 0x14, 0x14, 0x14, 0x14, 0x14, 0x14, 0x14, 0x14, 0x14, 0x14, 0x14, 0x14, 0x14, 0x14, 0x14, 0x14, 0x66, 0x32, 0x32, 0x32, 0xC2, 0x1F, 0x1F, 0x1F, 0x1F, 0x70, 0x1F, 0x1F, 0x98, 
    138                  0x66, 0x14, 0x14, 0x14, 0x14, 0x14, 0x14, 0x14, 0x14, 0x14, 0x14, 0x14, 0x14, 0x14, 0x14, 0x14, 0x14, 0x14, 0x14, 0x14, 0x14, 0x14, 0x1F, 0x01, 0xB2, 0x14, 0x14, 0x14, 0x14, 0x14, 0x14, 0x14, 0x14, 0x14, 0x14, 0x14, 0x14, 0x14, 0x14, 0x14, 0x14, 
    139                  0x14, 0x14, 0x14, 0x14, 0x14, 0x14, 0x14, 0x14, 0x14, 0x14, 0x14, 0x14, 0x14, 0x14, 0x14, 0x14, 0x44,
    140            0xF0, 0x15, 0x15, 0x15, 0x15, 0x15, 0x15, 0x15, 0x15, 0x15, 0x15, 0x15, 0x15, 0x15, 0x15, 0x15, 0x15, 0x15, 0x15, 0x15, 0x15, 0x15, 0x15, 0x15, 0x15, 0x15, 0x15, 0x15, 0x65, 0x28, 0x01, 0x01, 0x01, 0x01, 0x01, 0x01, 0x01, 0x28, 0x28, 0x84, 0x41, 0x41, 
    141                  0x65, 0x15, 0x15, 0x15, 0x15, 0x15, 0x15, 0x15, 0x15, 0x15, 0x15, 0x15, 0x15, 0x15, 0x15, 0x15, 0x15, 0x15, 0x15, 0x15, 0x15, 0x15, 0x96, 0x01, 0xAD, 0x15, 0x15, 0x15, 0x15, 0x15, 0x15, 0x15, 0x15, 0x15, 0x15, 0x15, 0x15, 0x15, 0x15, 0x15, 0x15, 
    142                  0x15, 0x15, 0x15, 0x15, 0x15, 0x15, 0x15, 0x15, 0x15, 0x15, 0x15, 0x15, 0x15, 0x15, 0x15, 0x15, 0x44,
    143            0xEF, 0x12, 0x12, 0x12, 0x12, 0x12, 0x12, 0x12, 0x12, 0x12, 0x12, 0x12, 0x12, 0x12, 0x12, 0x12, 0x12, 0x12, 0x12, 0x12, 0x12, 0x12, 0x12, 0x12, 0x12, 0x12, 0x12, 0x12, 0x33, 0x01, 0x01, 0x01, 0x8B, 0xB1, 0x5F, 0x33, 0x35, 0x12, 0x12, 0x12, 0x12, 0x12, 
    144                  0x12, 0x12, 0x12, 0x33, 0x12, 0x12, 0x12, 0x12, 0x12, 0x12, 0x35, 0x12, 0x12, 0x12, 0x35, 0x5F, 0x12, 0x12, 0x12, 0x12, 0x12, 0x12, 0xAB, 0x01, 0xBA, 0x12, 0x12, 0x12, 0x12, 0x12, 0x12, 0x12, 0x12, 0x12, 0x12, 0x12, 0x12, 0x12, 0x12, 0x12, 0x12, 
    145                  0x12, 0x12, 0x12, 0x12, 0x12, 0x12, 0x12, 0x12, 0x12, 0x12, 0x12, 0x12, 0x12, 0x12, 0x12, 0x12, 0x7C,
    146            0xEE, 0x11, 0x11, 0x11, 0x11, 0x11, 0x11, 0x11, 0x11, 0x11, 0x11, 0x11, 0x11, 0x11, 0x11, 0x11, 0x11, 0x11, 0x11, 0x11, 0x11, 0x11, 0x11, 0x11, 0x11, 0x11, 0x11, 0x11, 0x11, 0xCE, 0x01, 0x6F, 0x11, 0x11, 0x11, 0x11, 0x11, 0x11, 0x11, 0x11, 0x11, 0x11, 
    147                  0x11, 0x11, 0xC3, 0x01, 0x92, 0x11, 0x11, 0x11, 0x57, 0x23, 0x23, 0x11, 0x11, 0x11, 0x83, 0x01, 0x5B, 0x11, 0x11, 0x11, 0xD1, 0x11, 0x57, 0x01, 0x5B, 0x11, 0x11, 0x11, 0x11, 0x11, 0x11, 0x11, 0x11, 0x11, 0x11, 0x11, 0x11, 0x11, 0x11, 0x11, 0x11, 
    148                  0x11, 0x11, 0x11, 0x11, 0x11, 0x11, 0x11, 0x11, 0x11, 0x11, 0x11, 0x11, 0x11, 0x11, 0x11, 0x11, 0x43,
    149            0xED, 0x1A, 0x1A, 0x1A, 0x1A, 0x1A, 0x1A, 0x1A, 0x1A, 0x1A, 0x1A, 0x1A, 0x1A, 0x1A, 0x1A, 0x1A, 0x1A, 0x1A, 0x1A, 0x1A, 0x1A, 0x1A, 0x1A, 0x1A, 0x1A, 0x1A, 0x1A, 0x1A, 0x1A, 0x4F, 0x01, 0x2B, 0x1A, 0x1A, 0x1A, 0x1A, 0x1A, 0x1A, 0x1A, 0x1A, 0x1A, 0x1A, 
    150                  0x1A, 0x1A, 0x64, 0x3D, 0x01, 0x64, 0x1A, 0x4C, 0x01, 0x23, 0x4F, 0x1A, 0x1A, 0x1A, 0x47, 0x01, 0xB9, 0x1A, 0x1A, 0x1A, 0x4C, 0x01, 0x01, 0x01, 0x3D, 0x23, 0x47, 0x01, 0x01, 0x91, 0x1A, 0x1A, 0x1A, 0x1A, 0x1A, 0x1A, 0x1A, 0x1A, 0x1A, 0x1A, 0x1A, 
    151                  0x1A, 0x1A, 0x1A, 0x1A, 0x1A, 0x1A, 0x1A, 0x1A, 0x1A, 0x1A, 0x1A, 0x1A, 0x1A, 0x1A, 0x1A, 0x1A, 0x43,
    152            0xEC, 0x1D, 0x1D, 0x1D, 0x1D, 0x1D, 0x1D, 0x1D, 0x1D, 0x1D, 0x1D, 0x1D, 0x1D, 0x1D, 0x1D, 0x1D, 0x1D, 0x1D, 0x1D, 0x1D, 0x1D, 0x1D, 0x1D, 0x1D, 0x1D, 0x1D, 0x1D, 0x1D, 0x1D, 0x20, 0x01, 0x6E, 0x50, 0x20, 0x20, 0x20, 0x20, 0x20, 0x20, 0x2E, 0x2D, 0x2D, 
    153                  0x60, 0x1D, 0x1D, 0xAE, 0x01, 0x95, 0x2E, 0x01, 0x38, 0x60, 0x1D, 0x1D, 0x1D, 0x1D, 0x2D, 0x01, 0x5E, 0x1D, 0x1D, 0x1D, 0x5E, 0x2B, 0x38, 0x01, 0x01, 0x2B, 0x2E, 0x50, 0xB8, 0x1D, 0x1D, 0x1D, 0x1D, 0x1D, 0x1D, 0x1D, 0x1D, 0x1D, 0x1D, 0x1D, 0x1D, 
    154                  0x1D, 0x1D, 0x1D, 0x1D, 0x1D, 0x1D, 0x1D, 0x1D, 0x1D, 0x1D, 0x1D, 0x1D, 0x1D, 0x1D, 0x1D, 0x1D, 0x7B,
    155            0xEB, 0x19, 0x19, 0x19, 0x19, 0x19, 0x19, 0x19, 0x19, 0x19, 0x19, 0x19, 0x19, 0x19, 0x19, 0x19, 0x19, 0x19, 0x19, 0x19, 0x19, 0x19, 0x19, 0x19, 0x19, 0x19, 0x19, 0x19, 0x19, 0x01, 0x01, 0x01, 0x01, 0x01, 0x01, 0x01, 0x01, 0x01, 0x27, 0x46, 0x24, 0xAC, 
    156                  0x19, 0x19, 0x19, 0x19, 0x6D, 0x01, 0x01, 0x77, 0xCD, 0x19, 0x19, 0x19, 0x19, 0x19, 0x46, 0x01, 0xC9, 0x19, 0x19, 0x19, 0x19, 0x19, 0x24, 0x01, 0xBB, 0x19, 0x19, 0x19, 0x19, 0x19, 0x19, 0x19, 0x19, 0x19, 0x19, 0x19, 0x19, 0x19, 0x19, 0x19, 0x19, 
    157                  0x19, 0x19, 0x19, 0x19, 0x19, 0x19, 0x19, 0x19, 0x19, 0x19, 0x19, 0x19, 0x19, 0x19, 0x19, 0x19, 0x42,
    158            0xE5, 0x13, 0x13, 0x13, 0x13, 0x13, 0x13, 0x13, 0x13, 0x13, 0x13, 0x13, 0x13, 0x13, 0x13, 0x13, 0x13, 0x13, 0x13, 0x13, 0x13, 0x13, 0x13, 0x13, 0x13, 0x13, 0x13, 0x13, 0x13, 0x89, 0x01, 0x8D, 0x24, 0x25, 0x25, 0x25, 0x63, 0x13, 0x13, 0x13, 0x13, 0x13, 
    159                  0x13, 0x13, 0x13, 0x13, 0xA2, 0x01, 0x01, 0x63, 0x13, 0x13, 0x13, 0x13, 0x13, 0x13, 0x27, 0x27, 0x13, 0x13, 0x13, 0x13, 0x13, 0x13, 0x24, 0x01, 0x25, 0x13, 0x13, 0x13, 0x13, 0x13, 0x13, 0x13, 0x13, 0x13, 0x13, 0x13, 0x13, 0x13, 0x13, 0x13, 0x13, 
    160                  0x13, 0x13, 0x13, 0x13, 0x13, 0x13, 0x13, 0x13, 0x13, 0x13, 0x13, 0x13, 0x13, 0x13, 0x13, 0x13, 0x42,
    161            0xE4, 0x10, 0x10, 0x10, 0x10, 0x10, 0x10, 0x10, 0x10, 0x10, 0x10, 0x10, 0x10, 0x10, 0x10, 0x10, 0x10, 0x10, 0x10, 0x10, 0x10, 0x10, 0x10, 0x10, 0x10, 0x10, 0x10, 0x10, 0x10, 0x4D, 0x01, 0x4D, 0x10, 0x10, 0x10, 0x10, 0x10, 0x10, 0x10, 0x10, 0xB0, 0x10, 
    162                  0x10, 0x10, 0x10, 0x5A, 0x69, 0x01, 0x01, 0xA1, 0x10, 0x10, 0x10, 0x10, 0x10, 0x10, 0x01, 0x45, 0x10, 0x10, 0x10, 0x10, 0x10, 0x10, 0x45, 0x01, 0x5A, 0x10, 0x10, 0x10, 0x10, 0x10, 0x10, 0x10, 0x10, 0x10, 0x10, 0x10, 0x10, 0x10, 0x10, 0x10, 0x10, 
    163                  0x10, 0x10, 0x10, 0x10, 0x10, 0x10, 0x10, 0x10, 0x10, 0x10, 0x10, 0x10, 0x10, 0x10, 0x10, 0x10, 0x7A,
    164            0xE3, 0x17, 0x17, 0x17, 0x17, 0x17, 0x17, 0x17, 0x17, 0x17, 0x17, 0x17, 0x17, 0x17, 0x17, 0x17, 0x17, 0x17, 0x17, 0x17, 0x17, 0x17, 0x17, 0x17, 0x17, 0x17, 0x17, 0x17, 0x17, 0x9A, 0x01, 0x4B, 0x17, 0x17, 0x17, 0x17, 0x17, 0x17, 0x17, 0x81, 0x01, 0x5C, 
    165                  0x17, 0x17, 0x34, 0x75, 0x01, 0xAF, 0x29, 0x22, 0x5C, 0x17, 0x17, 0x17, 0x17, 0x34, 0x01, 0x49, 0x17, 0x17, 0x34, 0xA0, 0x59, 0x17, 0x4B, 0x01, 0x59, 0x17, 0x17, 0x17, 0x17, 0x17, 0x17, 0x17, 0x17, 0x17, 0x17, 0x17, 0x17, 0x17, 0x17, 0x17, 0x17, 
    166                  0x17, 0x17, 0x17, 0x17, 0x17, 0x17, 0x17, 0x17, 0x17, 0x17, 0x17, 0x17, 0x17, 0x17, 0x17, 0x17, 0x2C,
    167            0xE2, 0x18, 0x18, 0x18, 0x18, 0x18, 0x18, 0x18, 0x18, 0x18, 0x18, 0x18, 0x18, 0x18, 0x18, 0x18, 0x18, 0x18, 0x18, 0x18, 0x18, 0x18, 0x18, 0x18, 0x18, 0x18, 0x18, 0x18, 0x18, 0xBC, 0x01, 0x29, 0xC8, 0x18, 0x18, 0x18, 0x18, 0x55, 0x3F, 0x01, 0x52, 0x18, 
    168                  0x18, 0x18, 0x49, 0x01, 0x8C, 0x18, 0x30, 0x01, 0x3F, 0x18, 0x18, 0x18, 0x18, 0x30, 0x01, 0x99, 0x18, 0x30, 0x29, 0x01, 0x52, 0x18, 0x9E, 0x01, 0x55, 0x18, 0x18, 0x18, 0x18, 0x18, 0x18, 0x18, 0x18, 0x18, 0x18, 0x18, 0x18, 0x18, 0x18, 0x18, 0x18, 
    169                  0x18, 0x18, 0x18, 0x18, 0x18, 0x18, 0x18, 0x18, 0x18, 0x18, 0x18, 0x18, 0x18, 0x18, 0x18, 0x18, 0x2C,
    170            0xE1, 0x1C, 0x1C, 0x1C, 0x1C, 0x1C, 0x1C, 0x1C, 0x1C, 0x1C, 0x1C, 0x1C, 0x1C, 0x1C, 0x1C, 0x1C, 0x1C, 0x1C, 0x1C, 0x1C, 0x1C, 0x1C, 0x1C, 0x1C, 0x1C, 0x1C, 0x1C, 0x1C, 0x1C, 0x1C, 0x3B, 0x01, 0x80, 0x26, 0x1C, 0x54, 0x4A, 0x01, 0x22, 0x51, 0x1C, 0x1C, 
    171                  0x1C, 0x54, 0x01, 0x2A, 0x62, 0x1C, 0x1C, 0x4E, 0x01, 0x2A, 0x62, 0x1C, 0x1C, 0xB5, 0x01, 0x2A, 0x4A, 0x01, 0x01, 0x51, 0x1C, 0x1C, 0x26, 0x01, 0x3B, 0x26, 0x1C, 0x4E, 0x01, 0x26, 0x1C, 0x1C, 0x1C, 0x1C, 0x1C, 0x1C, 0x1C, 0x1C, 0x1C, 0x1C, 0x1C, 
    172                  0x1C, 0x1C, 0x1C, 0x1C, 0x1C, 0x1C, 0x1C, 0x1C, 0x1C, 0x1C, 0x1C, 0x1C, 0x1C, 0x1C, 0x1C, 0x1C, 0x2C,
    173            0xE0, 0x1B, 0x1B, 0x1B, 0x1B, 0x1B, 0x1B, 0x1B, 0x1B, 0x1B, 0x1B, 0x1B, 0x1B, 0x1B, 0x1B, 0x1B, 0x1B, 0x1B, 0x1B, 0x1B, 0x1B, 0x1B, 0x1B, 0x1B, 0x1B, 0x1B, 0x1B, 0x1B, 0x1B, 0x1B, 0x31, 0x22, 0x01, 0x01, 0x01, 0x01, 0x01, 0x85, 0x31, 0x1B, 0x1B, 0x1B, 
    174                  0x61, 0x21, 0x74, 0x31, 0x1B, 0x1B, 0x1B, 0x1B, 0x1E, 0x01, 0x21, 0x90, 0xA6, 0x61, 0x22, 0x01, 0x01, 0x21, 0xB4, 0x1B, 0x1B, 0x1B, 0x1B, 0x9D, 0x01, 0x01, 0x01, 0x01, 0x1E, 0x1B, 0x1B, 0x1B, 0x1B, 0x1B, 0x1B, 0x1B, 0x1B, 0x1B, 0x1B, 0x1B, 0x1B, 
    175                  0x1B, 0x1B, 0x1B, 0x1B, 0x1B, 0x1B, 0x1B, 0x1B, 0x1B, 0x1B, 0x1B, 0x1B, 0x1B, 0x1B, 0x1B, 0x1B, 0x79,
    176            0xDF, 0x16, 0x16, 0x16, 0x16, 0x16, 0x16, 0x16, 0x16, 0x16, 0x16, 0x16, 0x16, 0x16, 0x16, 0x16, 0x16, 0x16, 0x16, 0x16, 0x16, 0x16, 0x16, 0x16, 0x16, 0x16, 0x16, 0x16, 0x16, 0x16, 0x16, 0x5D, 0x1E, 0x21, 0x1E, 0x1E, 0xB7, 0x16, 0x16, 0x16, 0x16, 0x16, 
    177                  0x1E, 0x37, 0x5D, 0x16, 0x16, 0x16, 0x16, 0x16, 0x16, 0x2F, 0x37, 0x21, 0x53, 0x16, 0x53, 0x7F, 0x2F, 0xCA, 0x16, 0x16, 0x16, 0x16, 0x16, 0x16, 0xB3, 0x1E, 0x1E, 0x2F, 0x16, 0x16, 0x16, 0x16, 0x16, 0x16, 0x16, 0x16, 0x16, 0x16, 0x16, 0x16, 0x16, 
    178                  0x16, 0x16, 0x16, 0x16, 0x16, 0x16, 0x16, 0x16, 0x16, 0x16, 0x16, 0x16, 0x16, 0x16, 0x16, 0x16, 0x78,
    179            0xDE, 0x07, 0x07, 0x07, 0x07, 0x07, 0x07, 0x07, 0x07, 0x07, 0x07, 0x07, 0x07, 0x07, 0x07, 0x07, 0x07, 0x07, 0x07, 0x07, 0x07, 0x07, 0x07, 0x07, 0x07, 0x07, 0x07, 0x07, 0x07, 0x07, 0x07, 0x07, 0x07, 0x07, 0x07, 0x07, 0x07, 0x07, 0x07, 0x07, 0x07, 0x56, 
    180                  0x01, 0x56, 0x07, 0x07, 0x07, 0x07, 0x07, 0x07, 0x07, 0x07, 0x07, 0xC1, 0x07, 0x07, 0x07, 0x07, 0x07, 0x07, 0x07, 0x07, 0x07, 0x07, 0x07, 0x07, 0x07, 0x07, 0x07, 0x07, 0x07, 0x07, 0x07, 0x07, 0x07, 0x07, 0x07, 0x07, 0x07, 0x07, 0x07, 0x07, 0x07, 
    181                  0x07, 0x07, 0x07, 0x07, 0x07, 0x07, 0x07, 0x07, 0x07, 0x07, 0x07, 0x07, 0x07, 0x07, 0x07, 0x07, 0x40,
    182            0xDD, 0x05, 0x05, 0x05, 0x05, 0x05, 0x05, 0x05, 0x05, 0x05, 0x05, 0x05, 0x05, 0x05, 0x05, 0x05, 0x05, 0x05, 0x05, 0x05, 0x05, 0x05, 0x05, 0x05, 0x05, 0x05, 0x05, 0x05, 0x05, 0x05, 0x05, 0x05, 0x05, 0x05, 0x05, 0x05, 0x05, 0x05, 0x05, 0x05, 0x05, 0x8F, 
    183                  0x9F, 0x05, 0x05, 0x05, 0x05, 0x05, 0x05, 0x05, 0x05, 0x05, 0x05, 0x05, 0x05, 0x05, 0x05, 0x05, 0x05, 0x05, 0x05, 0x05, 0x05, 0x05, 0x05, 0x05, 0x05, 0x05, 0x05, 0x05, 0x05, 0x05, 0x05, 0x05, 0x05, 0x05, 0x05, 0x05, 0x05, 0x05, 0x05, 0x05, 0x05, 
    184                  0x05, 0x05, 0x05, 0x05, 0x05, 0x05, 0x05, 0x05, 0x05, 0x05, 0x05, 0x05, 0x05, 0x05, 0x05, 0x05, 0x40,
    185            0xD5, 0x02, 0x04, 0x04, 0x04, 0x04, 0x04, 0x04, 0x04, 0x04, 0x04, 0x04, 0x04, 0x04, 0x04, 0x04, 0x04, 0x04, 0x04, 0x04, 0x04, 0x04, 0x04, 0x04, 0x04, 0x04, 0x04, 0x04, 0x04, 0x04, 0x04, 0x04, 0x04, 0x04, 0x04, 0x04, 0x04, 0x04, 0x04, 0x04, 0x04, 0x04, 
    186                  0x04, 0x04, 0x04, 0x04, 0x04, 0x04, 0x04, 0x04, 0x04, 0x04, 0x04, 0x04, 0x04, 0x04, 0x04, 0x04, 0x04, 0x04, 0x04, 0x04, 0x04, 0x04, 0x04, 0x04, 0x04, 0x04, 0x04, 0x04, 0x04, 0x04, 0x04, 0x04, 0x04, 0x04, 0x04, 0x04, 0x04, 0x04, 0x04, 0x04, 0x04, 
    187                  0x04, 0x04, 0x04, 0x04, 0x04, 0x04, 0x04, 0x04, 0x04, 0x04, 0x04, 0x04, 0x04, 0x04, 0x04, 0xC0, 0x76,
    188            0xD2, 0xBE, 0x02, 0x02, 0x02, 0x02, 0x02, 0x02, 0x02, 0x02, 0x02, 0x02, 0x02, 0x02, 0x02, 0x02, 0x02, 0x02, 0x02, 0x02, 0x02, 0x02, 0x02, 0x02, 0x02, 0x02, 0x02, 0x02, 0x02, 0x02, 0x02, 0x02, 0x02, 0x02, 0x02, 0x02, 0x02, 0x02, 0x02, 0x02, 0x02, 0x02, 
    189                  0x02, 0x02, 0x02, 0x02, 0x02, 0x02, 0x02, 0x02, 0x02, 0x02, 0x02, 0x02, 0x02, 0x02, 0x02, 0x02, 0x02, 0x02, 0x02, 0x02, 0x02, 0x02, 0x02, 0x02, 0x02, 0x02, 0x02, 0x02, 0x02, 0x02, 0x02, 0x02, 0x02, 0x02, 0x02, 0x02, 0x02, 0x02, 0x02, 0x02, 0x02, 
    190                  0x02, 0x02, 0x02, 0x02, 0x02, 0x02, 0x02, 0x02, 0x02, 0x02, 0x02, 0x02, 0x02, 0x02, 0x02, 0xAA, 0x0A,
    191            0xA7, 0x58, 0x03, 0x03, 0x03, 0x03, 0x03, 0x03, 0x03, 0x03, 0x03, 0x03, 0x03, 0x03, 0x03, 0x03, 0x03, 0x03, 0x03, 0x03, 0x03, 0x03, 0x03, 0x03, 0x03, 0x03, 0x03, 0x03, 0x03, 0x03, 0x03, 0x03, 0x03, 0x03, 0x03, 0x03, 0x03, 0x03, 0x03, 0x03, 0x03, 0x03, 
    192                  0x03, 0x03, 0x03, 0x03, 0x03, 0x03, 0x03, 0x03, 0x03, 0x03, 0x03, 0x03, 0x03, 0x03, 0x03, 0x03, 0x03, 0x03, 0x03, 0x03, 0x03, 0x03, 0x03, 0x03, 0x03, 0x03, 0x03, 0x03, 0x03, 0x03, 0x03, 0x03, 0x03, 0x03, 0x03, 0x03, 0x03, 0x03, 0x03, 0x03, 0x03, 
    193                  0x03, 0x03, 0x03, 0x03, 0x03, 0x03, 0x03, 0x03, 0x03, 0x03, 0x03, 0x03, 0x03, 0x03, 0x03, 0x8A, 0x6C,
    194            0x71, 0xA8, 0xB6, 0x00, 0x00, 0x00, 0x00, 0x00, 0x00, 0x00, 0x00, 0x00, 0x00, 0x00, 0x00, 0x00, 0x00, 0x00, 0x00, 0x00, 0x00, 0x00, 0x00, 0x00, 0x00, 0x00, 0x00, 0x00, 0x00, 0x00, 0x00, 0x00, 0x00, 0x00, 0x00, 0x00, 0x00, 0x00, 0x00, 0x00, 0x00, 0x00, 
    195                  0x00, 0x00, 0x00, 0x00, 0x00, 0x00, 0x00, 0x00, 0x00, 0x00, 0x00, 0x00, 0x00, 0x00, 0x00, 0x00, 0x00, 0x00, 0x00, 0x00, 0x00, 0x00, 0x00, 0x00, 0x00, 0x00, 0x00, 0x00, 0x00, 0x00, 0x00, 0x00, 0x00, 0x00, 0x00, 0x00, 0x00, 0x00, 0x00, 0x00, 0x00, 
    196                  0x00, 0x00, 0x00, 0x00, 0x00, 0x00, 0x00, 0x00, 0x00, 0x00, 0x00, 0x00, 0x00, 0x00, 0x9B, 0x0A, 0x36,
    197            0x01, 0x73, 0x48, 0x9C, 0x58, 0xBF, 0x00, 0x00, 0x00, 0x00, 0x00, 0x00, 0x00, 0x00, 0x00, 0x00, 0x00, 0x00, 0x00, 0x00, 0x00, 0x00, 0x00, 0x00, 0x00, 0x00, 0x00, 0x00, 0x00, 0x00, 0x00, 0x00, 0x00, 0x00, 0x00, 0x00, 0x00, 0x00, 0x00, 0x00, 0x00, 0x00, 
    198                  0x00, 0x00, 0x00, 0x00, 0x00, 0x00, 0x00, 0x00, 0x00, 0x00, 0x00, 0x00, 0x00, 0x00, 0x00, 0x00, 0x00, 0x00, 0x00, 0x00, 0x00, 0x00, 0x00, 0x00, 0x00, 0x00, 0x00, 0x00, 0x00, 0x00, 0x00, 0x00, 0x00, 0x00, 0x00, 0x00, 0x00, 0x00, 0x00, 0x00, 0x00, 
    199                  0x00, 0x00, 0x00, 0x00, 0x00, 0x00, 0x00, 0x00, 0x00, 0x00, 0x00, 0xBD, 0xA9, 0x48, 0x0A, 0x6A, 0x01,
    200            0x01, 0x01, 0x68, 0x3A, 0x3C, 0x0A, 0x0A, 0x0A, 0x0A, 0x0A, 0x0A, 0x0A, 0x0A, 0x0A, 0x0A, 0x0A, 0x0A, 0x0A, 0x0A, 0x0A, 0x0A, 0x0A, 0x0A, 0x0A, 0x0A, 0x0A, 0x0A, 0x0A, 0x0A, 0x0A, 0x0A, 0x0A, 0x0A, 0x0A, 0x0A, 0x0A, 0x0A, 0x0A, 0x0A, 0x0A, 0x0A, 0x0A, 
    201                  0x0A, 0x0A, 0x0A, 0x0A, 0x0A, 0x0A, 0x0A, 0x0A, 0x0A, 0x0A, 0x0A, 0x0A, 0x0A, 0x0A, 0x0A, 0x0A, 0x0A, 0x0A, 0x0A, 0x0A, 0x0A, 0x0A, 0x0A, 0x0A, 0x0A, 0x0A, 0x0A, 0x0A, 0x0A, 0x0A, 0x0A, 0x0A, 0x0A, 0x0A, 0x0A, 0x0A, 0x0A, 0x0A, 0x0A, 0x0A, 0x0A, 
    202                  0x0A, 0x0A, 0x0A, 0x0A, 0x0A, 0x0A, 0x0A, 0x0A, 0x0A, 0x0A, 0x0A, 0x0A, 0x3C, 0x3A, 0x36, 0x01, 0x01
    203          };
    204          

   \                                 In section .rodata, align 4, keep-with-next
    205          GUI_CONST_STORAGE GUI_BITMAP bmHelpExitButton = {
   \                     bmHelpExitButton:
   \   00000000                      ; Initializer data, 20 bytes
   \   00000000   64001E006400       DC16 100, 30, 100, 8
   \              0800        
   \   00000008   ............       DC32 acHelpExitButton, PalHelpExitButton
   \              ....        
   \   00000010   00000000           DC8 0, 0, 0, 0
    206            100, /* XSize */
    207            30, /* YSize */
    208            100, /* BytesPerLine */
    209            8, /* BitsPerPixel */
    210            acHelpExitButton,  /* Pointer to picture data (indices) */
    211            &PalHelpExitButton  /* Pointer to palette */
    212          };
    213          
    214          /* *** End of file *** */


   Section sizes:

     Function/Label       Bytes
     --------------       -----
     ColorsHelpExitButton 1024
     PalHelpExitButton      12
     acHelpExitButton     3000
     bmHelpExitButton       20

 
 4 056 bytes in section .rodata
 
 4 056 bytes of CONST memory

Errors: none
Warnings: none
