###############################################################################
#                                                                             #
# IAR ANSI C/C++ Compiler V6.10.2.52244/W32 for ARM     19/Nov/2015  13:08:37 #
# Copyright 1999-2010 IAR Systems AB.                                         #
#                                                                             #
#    Cpu mode     =  arm                                                      #
#    Endian       =  little                                                   #
#    Source file  =  C:\DUII\TargetHW\GUI\LCD_GetColorIndex.c                 #
#    Command line =  C:\DUII\TargetHW\GUI\LCD_GetColorIndex.c -D DEBUG=1 -D   #
#                    SDRAM_TARGET=1 -D USB_IS_HIGH_SPEED -D NOPROFILER -D     #
#                    OS_TRACE=0 -D OS_VIEW_ENABLE=0 -lCN                      #
#                    C:\DUII\TargetHW\Release\List\ -o                        #
#                    C:\DUII\TargetHW\Release\Obj\ --endian=little            #
#                    --cpu=ARM926EJ-S -e --fpu=None --dlib_config             #
#                    "C:\Program Files (x86)\IAR Systems\Embedded Workbench   #
#                    6.0\arm\INC\c\DLib_Config_Normal.h" -I                   #
#                    C:\DUII\TargetHW\Application\SEGGERDEMO\ -I              #
#                    C:\DUII\TargetHW\Application\SEGGERDEMO\Src\ -I          #
#                    C:\DUII\TargetHW\Config\ -I C:\DUII\TargetHW\FS\ -I      #
#                    C:\DUII\TargetHW\GUI\ -I C:\DUII\TargetHW\Inc\ -I        #
#                    C:\DUII\TargetHW\OS\ -I C:\DUII\TargetHW\Setup\ -I       #
#                    \DUII\DUII\ -I \DUII\DUII\Graphics\ --cpu_mode arm -Ohs  #
#                    --use_c++_inline --require_prototypes                    #
#    List file    =  C:\DUII\TargetHW\Release\List\LCD_GetColorIndex.lst      #
#    Object file  =  C:\DUII\TargetHW\Release\Obj\LCD_GetColorIndex.o         #
#                                                                             #
#                                                                             #
###############################################################################

C:\DUII\TargetHW\GUI\LCD_GetColorIndex.c
      1          /*********************************************************************
      2          *                SEGGER Microcontroller GmbH & Co. KG                *
      3          *        Solutions for real time microcontroller applications        *
      4          **********************************************************************
      5          *                                                                    *
      6          *        (c) 1996 - 2010  SEGGER Microcontroller GmbH & Co. KG       *
      7          *                                                                    *
      8          *        Internet: www.segger.com    Support:  support@segger.com    *
      9          *                                                                    *
     10          **********************************************************************
     11          
     12          ** emWin V5.06 - Graphical user interface for embedded applications **
     13          emWin is protected by international copyright laws.   Knowledge of the
     14          source code may not be used to write a similar product.  This file may
     15          only be used in accordance with a license and should not be re-
     16          distributed in any way. We appreciate your understanding and fairness.
     17          ----------------------------------------------------------------------
     18          File        : LCD_GetColorIndex.c
     19          Purpose     : Implementation of different LCD_GetColorIndex routines
     20          ---------------------------END-OF-HEADER------------------------------
     21          */
     22          
     23          #include "GUI_Private.h"
     24          
     25          /*********************************************************************
     26          *
     27          *       Public code
     28          *
     29          **********************************************************************
     30          */
     31          /*********************************************************************
     32          *
     33          *       LCD_GetBkColorIndex
     34          */

   \                                 In section .text, align 4, keep-with-next
     35          int LCD_GetBkColorIndex(void) {
     36            return LCD__GetBkColorIndex();
   \                     LCD_GetBkColorIndex:
   \   00000000   ........           LDR      R0,??DataTable1
   \   00000004   000090E5           LDR      R0,[R0, #+0]
   \   00000008   000090E5           LDR      R0,[R0, #+0]
   \   0000000C   1EFF2FE1           BX       LR               ;; return
     37          }
     38          
     39          /*********************************************************************
     40          *
     41          *       LCD_GetColorIndex
     42          */

   \                                 In section .text, align 4, keep-with-next
     43          int LCD_GetColorIndex(void) {
     44            return LCD__GetColorIndex();
   \                     LCD_GetColorIndex:
   \   00000000   ........           LDR      R0,??DataTable1_1
   \   00000004   000090E5           LDR      R0,[R0, #+0]
   \   00000008   000090E5           LDR      R0,[R0, #+0]
   \   0000000C   1EFF2FE1           BX       LR               ;; return
     45          }

   \                                 In section .text, align 4, keep-with-next
   \                     ??DataTable1:
   \   00000000   ........           DC32     LCD_pBkColorIndex

   \                                 In section .text, align 4, keep-with-next
   \                     ??DataTable1_1:
   \   00000000   ........           DC32     LCD_pColorIndex
     46          
     47          /*************************** End of file ****************************/

   Maximum stack usage in bytes:

     Function            .cstack
     --------            -------
     LCD_GetBkColorIndex      0
     LCD_GetColorIndex        0


   Section sizes:

     Function/Label      Bytes
     --------------      -----
     LCD_GetBkColorIndex   16
     LCD_GetColorIndex     16
     ??DataTable1           4
     ??DataTable1_1         4

 
 40 bytes in section .text
 
 40 bytes of CODE memory

Errors: none
Warnings: none
