###############################################################################
#                                                                             #
# IAR ANSI C/C++ Compiler V6.10.2.52244/W32 for ARM     19/Nov/2015  13:10:47 #
# Copyright 1999-2010 IAR Systems AB.                                         #
#                                                                             #
#    Cpu mode     =  arm                                                      #
#    Endian       =  little                                                   #
#    Source file  =  C:\DUII\TargetHW\GUI\LCD_SetClipRectEx.c                 #
#    Command line =  C:\DUII\TargetHW\GUI\LCD_SetClipRectEx.c -D DEBUG=1 -D   #
#                    SDRAM_TARGET=1 -D USB_IS_HIGH_SPEED -D NOPROFILER -D     #
#                    OS_TRACE=0 -D OS_VIEW_ENABLE=0 -lCN                      #
#                    C:\DUII\TargetHW\Release\List\ -o                        #
#                    C:\DUII\TargetHW\Release\Obj\ --endian=little            #
#                    --cpu=ARM926EJ-S -e --fpu=None --dlib_config             #
#                    "C:\Program Files (x86)\IAR Systems\Embedded Workbench   #
#                    6.0\arm\INC\c\DLib_Config_Normal.h" -I                   #
#                    C:\DUII\TargetHW\Application\SEGGERDEMO\ -I              #
#                    C:\DUII\TargetHW\Application\SEGGERDEMO\Src\ -I          #
#                    C:\DUII\TargetHW\Config\ -I C:\DUII\TargetHW\FS\ -I      #
#                    C:\DUII\TargetHW\GUI\ -I C:\DUII\TargetHW\Inc\ -I        #
#                    C:\DUII\TargetHW\OS\ -I C:\DUII\TargetHW\Setup\ -I       #
#                    \DUII\DUII\ -I \DUII\DUII\Graphics\ --cpu_mode arm -Ohs  #
#                    --use_c++_inline --require_prototypes                    #
#    List file    =  C:\DUII\TargetHW\Release\List\LCD_SetClipRectEx.lst      #
#    Object file  =  C:\DUII\TargetHW\Release\Obj\LCD_SetClipRectEx.o         #
#                                                                             #
#                                                                             #
###############################################################################

C:\DUII\TargetHW\GUI\LCD_SetClipRectEx.c
      1          /*********************************************************************
      2          *                SEGGER Microcontroller GmbH & Co. KG                *
      3          *        Solutions for real time microcontroller applications        *
      4          **********************************************************************
      5          *                                                                    *
      6          *        (c) 1996 - 2010  SEGGER Microcontroller GmbH & Co. KG       *
      7          *                                                                    *
      8          *        Internet: www.segger.com    Support:  support@segger.com    *
      9          *                                                                    *
     10          **********************************************************************
     11          
     12          ** emWin V5.06 - Graphical user interface for embedded applications **
     13          emWin is protected by international copyright laws.   Knowledge of the
     14          source code may not be used to write a similar product.  This file may
     15          only be used in accordance with a license and should not be re-
     16          distributed in any way. We appreciate your understanding and fairness.
     17          ----------------------------------------------------------------------
     18          File        : LCD_ClipRectEx.c
     19          Purpose     : Implementation of optional routines
     20          ---------------------------END-OF-HEADER------------------------------
     21          */
     22          
     23          #include "GUI_Private.h"
     24          
     25          /*********************************************************************
     26          *
     27          *       Public code
     28          *
     29          **********************************************************************
     30          */
     31          /*********************************************************************
     32          *
     33          *       LCD_SetClipRectEx
     34          *
     35          * Purpose:
     36          *   This function is actually a driver function.
     37          *   Since it is identical for all drivers with only one controller,
     38          *   it is placed here.
     39          *   For multi-controller systems, this routine is placed in the
     40          *   distribution driver.
     41          */
     42          

   \                                 In section .text, align 4, keep-with-next
     43          void LCD_SetClipRectEx(const GUI_RECT* pRect) {
   \                     LCD_SetClipRectEx:
   \   00000000   30402DE9           PUSH     {R4,R5,LR}
     44            LCD_RECT r;
     45            LCDDEV_L0_GetRect(GUI_Context.apDevice[GUI_Context.SelLayer], &r);
   \   00000004   38509FE5           LDR      R5,??LCD_SetClipRectEx_0
   \   00000008   0040A0E1           MOV      R4,R0
   \   0000000C   1100D5E5           LDRB     R0,[R5, #+17]
   \   00000010   0CD04DE2           SUB      SP,SP,#+12
   \   00000014   0D10A0E1           MOV      R1,SP
   \   00000018   000185E0           ADD      R0,R5,R0, LSL #+2
   \   0000001C   480090E5           LDR      R0,[R0, #+72]
   \   00000020   0C2090E5           LDR      R2,[R0, #+12]
   \   00000024   302092E5           LDR      R2,[R2, #+48]
   \   00000028   32FF2FE1           BLX      R2
     46            GUI__IntersectRects(&GUI_Context.ClipRect, pRect, &r);
   \   0000002C   0D20A0E1           MOV      R2,SP
   \   00000030   0410A0E1           MOV      R1,R4
   \   00000034   080085E2           ADD      R0,R5,#+8
   \   00000038   ........           BL       GUI__IntersectRects
     47          }
   \   0000003C   0CD08DE2           ADD      SP,SP,#+12       ;; stack cleaning
   \   00000040   3080BDE8           POP      {R4,R5,PC}       ;; return
   \                     ??LCD_SetClipRectEx_0:
   \   00000044   ........           DC32     GUI_Context
     48          
     49          /*************************** End of file ****************************/

   Maximum stack usage in bytes:

     Function          .cstack
     --------          -------
     LCD_SetClipRectEx     24


   Section sizes:

     Function/Label    Bytes
     --------------    -----
     LCD_SetClipRectEx   72

 
 72 bytes in section .text
 
 72 bytes of CODE memory

Errors: none
Warnings: none
