###############################################################################
#                                                                             #
# IAR ANSI C/C++ Compiler V6.10.2.52244/W32 for ARM     19/Nov/2015  13:16:21 #
# Copyright 1999-2010 IAR Systems AB.                                         #
#                                                                             #
#    Cpu mode     =  arm                                                      #
#    Endian       =  little                                                   #
#    Source file  =  C:\DUII\TargetHW\GUI\LISTWHEEL_Create.c                  #
#    Command line =  C:\DUII\TargetHW\GUI\LISTWHEEL_Create.c -D DEBUG=1 -D    #
#                    SDRAM_TARGET=1 -D USB_IS_HIGH_SPEED -D NOPROFILER -D     #
#                    OS_TRACE=0 -D OS_VIEW_ENABLE=0 -lCN                      #
#                    C:\DUII\TargetHW\Release\List\ -o                        #
#                    C:\DUII\TargetHW\Release\Obj\ --endian=little            #
#                    --cpu=ARM926EJ-S -e --fpu=None --dlib_config             #
#                    "C:\Program Files (x86)\IAR Systems\Embedded Workbench   #
#                    6.0\arm\INC\c\DLib_Config_Normal.h" -I                   #
#                    C:\DUII\TargetHW\Application\SEGGERDEMO\ -I              #
#                    C:\DUII\TargetHW\Application\SEGGERDEMO\Src\ -I          #
#                    C:\DUII\TargetHW\Config\ -I C:\DUII\TargetHW\FS\ -I      #
#                    C:\DUII\TargetHW\GUI\ -I C:\DUII\TargetHW\Inc\ -I        #
#                    C:\DUII\TargetHW\OS\ -I C:\DUII\TargetHW\Setup\ -I       #
#                    \DUII\DUII\ -I \DUII\DUII\Graphics\ --cpu_mode arm -Ohs  #
#                    --use_c++_inline --require_prototypes                    #
#    List file    =  C:\DUII\TargetHW\Release\List\LISTWHEEL_Create.lst       #
#    Object file  =  C:\DUII\TargetHW\Release\Obj\LISTWHEEL_Create.o          #
#                                                                             #
#                                                                             #
###############################################################################

C:\DUII\TargetHW\GUI\LISTWHEEL_Create.c
      1          /*********************************************************************
      2          *                SEGGER Microcontroller GmbH & Co. KG                *
      3          *        Solutions for real time microcontroller applications        *
      4          **********************************************************************
      5          *                                                                    *
      6          *        (c) 1996 - 2010  SEGGER Microcontroller GmbH & Co. KG       *
      7          *                                                                    *
      8          *        Internet: www.segger.com    Support:  support@segger.com    *
      9          *                                                                    *
     10          **********************************************************************
     11          
     12          ** emWin V5.06 - Graphical user interface for embedded applications **
     13          emWin is protected by international copyright laws.   Knowledge of the
     14          source code may not be used to write a similar product.  This file may
     15          only be used in accordance with a license and should not be re-
     16          distributed in any way. We appreciate your understanding and fairness.
     17          ----------------------------------------------------------------------
     18          File        : LISTWHEEL_Create.c
     19          Purpose     : Implementation of listbox widget
     20          ---------------------------END-OF-HEADER------------------------------
     21          */
     22          
     23          #include "LISTWHEEL.h"
     24          
     25          #if GUI_WINSUPPORT
     26          
     27          /*********************************************************************
     28          *
     29          *       Exported routines
     30          *
     31          **********************************************************************
     32          */
     33          /*********************************************************************
     34          *
     35          *       LISTWHEEL_Create
     36          */

   \                                 In section .text, align 4, keep-with-next
     37          LISTWHEEL_Handle LISTWHEEL_Create(const GUI_ConstString* ppText, int x0, int y0, int xsize, int ysize, int Flags) {
   \                     LISTWHEEL_Create:
   \   00000000   00402DE9           PUSH     {LR}
   \   00000004   00C0A0E1           MOV      R12,R0
   \   00000008   14D04DE2           SUB      SP,SP,#+20
   \   0000000C   0100A0E1           MOV      R0,R1
   \   00000010   0210A0E1           MOV      R1,R2
   \   00000014   1CE09DE5           LDR      LR,[SP, #+28]
     38            return LISTWHEEL_CreateEx(x0, y0, xsize, ysize, WM_HWIN_NULL, Flags, 0, 0, ppText);
   \   00000018   10C08DE5           STR      R12,[SP, #+16]
   \   0000001C   0320A0E1           MOV      R2,R3
   \   00000020   00C0A0E3           MOV      R12,#+0
   \   00000024   18309DE5           LDR      R3,[SP, #+24]
   \   00000028   0CC08DE5           STR      R12,[SP, #+12]
   \   0000002C   08C08DE5           STR      R12,[SP, #+8]
   \   00000030   04E08DE5           STR      LR,[SP, #+4]
   \   00000034   00C08DE5           STR      R12,[SP, #+0]
   \   00000038   ........           BL       LISTWHEEL_CreateEx
   \   0000003C   14D08DE2           ADD      SP,SP,#+20       ;; stack cleaning
   \   00000040   0080BDE8           POP      {PC}             ;; return
     39          }
     40          
     41          /*********************************************************************
     42          *
     43          *       LISTWHEEL_CreateAsChild
     44          */

   \                                 In section .text, align 4, keep-with-next
     45          LISTWHEEL_Handle LISTWHEEL_CreateAsChild(const GUI_ConstString* ppText, WM_HWIN hWinParent,
     46                                               int x0, int y0, int xsize, int ysize, int Flags)
     47          {
   \                     LISTWHEEL_CreateAsChild:
   \   00000000   10402DE9           PUSH     {R4,LR}
   \   00000004   18D04DE2           SUB      SP,SP,#+24
   \   00000008   00E0A0E1           MOV      LR,R0
   \   0000000C   01C0A0E1           MOV      R12,R1
   \   00000010   28409DE5           LDR      R4,[SP, #+40]
     48            return LISTWHEEL_CreateEx(x0, y0, xsize, ysize, hWinParent, Flags, 0, 0, ppText);
   \   00000014   10E08DE5           STR      LR,[SP, #+16]
   \   00000018   0200A0E1           MOV      R0,R2
   \   0000001C   0310A0E1           MOV      R1,R3
   \   00000020   00E0A0E3           MOV      LR,#+0
   \   00000024   20209DE5           LDR      R2,[SP, #+32]
   \   00000028   24309DE5           LDR      R3,[SP, #+36]
   \   0000002C   0CE08DE5           STR      LR,[SP, #+12]
   \   00000030   08E08DE5           STR      LR,[SP, #+8]
   \   00000034   04408DE5           STR      R4,[SP, #+4]
   \   00000038   00C08DE5           STR      R12,[SP, #+0]
   \   0000003C   ........           BL       LISTWHEEL_CreateEx
   \   00000040   18D08DE2           ADD      SP,SP,#+24       ;; stack cleaning
   \   00000044   1080BDE8           POP      {R4,PC}          ;; return
     49          }
     50          
     51          #else  /* avoid empty object files */
     52            void LISTWHEEL_Create_C(void) {}
     53          #endif

   Maximum stack usage in bytes:

     Function                .cstack
     --------                -------
     LISTWHEEL_Create            24
     LISTWHEEL_CreateAsChild     32


   Section sizes:

     Function/Label          Bytes
     --------------          -----
     LISTWHEEL_Create          68
     LISTWHEEL_CreateAsChild   72

 
 140 bytes in section .text
 
 140 bytes of CODE memory

Errors: none
Warnings: none
