###############################################################################
#                                                                             #
# IAR ANSI C/C++ Compiler V6.10.2.52244/W32 for ARM     19/Nov/2015  13:12:42 #
# Copyright 1999-2010 IAR Systems AB.                                         #
#                                                                             #
#    Cpu mode     =  arm                                                      #
#    Endian       =  little                                                   #
#    Source file  =  C:\DUII\TargetHW\GUI\LISTBOX_CreateIndirect.c            #
#    Command line =  C:\DUII\TargetHW\GUI\LISTBOX_CreateIndirect.c -D         #
#                    DEBUG=1 -D SDRAM_TARGET=1 -D USB_IS_HIGH_SPEED -D        #
#                    NOPROFILER -D OS_TRACE=0 -D OS_VIEW_ENABLE=0 -lCN        #
#                    C:\DUII\TargetHW\Release\List\ -o                        #
#                    C:\DUII\TargetHW\Release\Obj\ --endian=little            #
#                    --cpu=ARM926EJ-S -e --fpu=None --dlib_config             #
#                    "C:\Program Files (x86)\IAR Systems\Embedded Workbench   #
#                    6.0\arm\INC\c\DLib_Config_Normal.h" -I                   #
#                    C:\DUII\TargetHW\Application\SEGGERDEMO\ -I              #
#                    C:\DUII\TargetHW\Application\SEGGERDEMO\Src\ -I          #
#                    C:\DUII\TargetHW\Config\ -I C:\DUII\TargetHW\FS\ -I      #
#                    C:\DUII\TargetHW\GUI\ -I C:\DUII\TargetHW\Inc\ -I        #
#                    C:\DUII\TargetHW\OS\ -I C:\DUII\TargetHW\Setup\ -I       #
#                    \DUII\DUII\ -I \DUII\DUII\Graphics\ --cpu_mode arm -Ohs  #
#                    --use_c++_inline --require_prototypes                    #
#    List file    =  C:\DUII\TargetHW\Release\List\LISTBOX_CreateIndirect.lst #
#    Object file  =  C:\DUII\TargetHW\Release\Obj\LISTBOX_CreateIndirect.o    #
#                                                                             #
#                                                                             #
###############################################################################

C:\DUII\TargetHW\GUI\LISTBOX_CreateIndirect.c
      1          /*********************************************************************
      2          *                SEGGER Microcontroller GmbH & Co. KG                *
      3          *        Solutions for real time microcontroller applications        *
      4          **********************************************************************
      5          *                                                                    *
      6          *        (c) 1996 - 2010  SEGGER Microcontroller GmbH & Co. KG       *
      7          *                                                                    *
      8          *        Internet: www.segger.com    Support:  support@segger.com    *
      9          *                                                                    *
     10          **********************************************************************
     11          
     12          ** emWin V5.06 - Graphical user interface for embedded applications **
     13          emWin is protected by international copyright laws.   Knowledge of the
     14          source code may not be used to write a similar product.  This file may
     15          only be used in accordance with a license and should not be re-
     16          distributed in any way. We appreciate your understanding and fairness.
     17          ----------------------------------------------------------------------
     18          File        : LISTBOX_CreateIndirect.c
     19          Purpose     : Implementation of listbox widget
     20          ---------------------------END-OF-HEADER------------------------------
     21          */
     22          
     23          #include "GUI.h"
     24          #include "LISTBOX.h"
     25          
     26          #if GUI_WINSUPPORT
     27          
     28          /*********************************************************************
     29          *
     30          *       Exported routines
     31          *
     32          **********************************************************************
     33          */
     34          /*********************************************************************
     35          *
     36          *       LISTBOX_CreateIndirect
     37          */

   \                                 In section .text, align 4, keep-with-next
     38          LISTBOX_Handle LISTBOX_CreateIndirect(const GUI_WIDGET_CREATE_INFO* pCreateInfo, WM_HWIN hWinParent, int x0, int y0, WM_CALLBACK* cb) {
   \                     LISTBOX_CreateIndirect:
   \   00000000   00402DE9           PUSH     {LR}
   \   00000004   02C0A0E1           MOV      R12,R2
   \   00000008   14D04DE2           SUB      SP,SP,#+20
     39            LISTBOX_Handle hObj;
     40            GUI_USE_PARA(cb);
     41            hObj = LISTBOX_CreateEx(pCreateInfo->x0 + x0, pCreateInfo->y0 + y0, pCreateInfo->xSize, pCreateInfo->ySize,
     42                                    hWinParent, 0, pCreateInfo->Flags, pCreateInfo->Id, 0);
     43            return hObj;
   \   0000000C   0020A0E3           MOV      R2,#+0
   \   00000010   10208DE5           STR      R2,[SP, #+16]
   \   00000014   F820D0E1           LDRSH    R2,[R0, #+8]
   \   00000018   03E0A0E1           MOV      LR,R3
   \   0000001C   0C208DE5           STR      R2,[SP, #+12]
   \   00000020   B221D0E1           LDRH     R2,[R0, #+18]
   \   00000024   00108DE5           STR      R1,[SP, #+0]
   \   00000028   08208DE5           STR      R2,[SP, #+8]
   \   0000002C   0020A0E3           MOV      R2,#+0
   \   00000030   04208DE5           STR      R2,[SP, #+4]
   \   00000034   F031D0E1           LDRSH    R3,[R0, #+16]
   \   00000038   FE20D0E1           LDRSH    R2,[R0, #+14]
   \   0000003C   FC10D0E1           LDRSH    R1,[R0, #+12]
   \   00000040   FA00D0E1           LDRSH    R0,[R0, #+10]
   \   00000044   01108EE0           ADD      R1,LR,R1
   \   00000048   00008CE0           ADD      R0,R12,R0
   \   0000004C   ........           BL       LISTBOX_CreateEx
   \   00000050   14D08DE2           ADD      SP,SP,#+20       ;; stack cleaning
   \   00000054   0080BDE8           POP      {PC}             ;; return
     44          }
     45          
     46          #else  /* avoid empty object files */
     47            void LISTBOX_CreateIndirect_C(void) {}
     48          #endif

   Maximum stack usage in bytes:

     Function               .cstack
     --------               -------
     LISTBOX_CreateIndirect     24


   Section sizes:

     Function/Label         Bytes
     --------------         -----
     LISTBOX_CreateIndirect   88

 
 88 bytes in section .text
 
 88 bytes of CODE memory

Errors: none
Warnings: none
