###############################################################################
#                                                                             #
# IAR ANSI C/C++ Compiler V6.10.2.52244/W32 for ARM     19/Nov/2015  13:10:05 #
# Copyright 1999-2010 IAR Systems AB.                                         #
#                                                                             #
#    Cpu mode     =  arm                                                      #
#    Endian       =  little                                                   #
#    Source file  =  C:\DUII\DUII\Graphics\LockedSD.c                         #
#    Command line =  C:\DUII\DUII\Graphics\LockedSD.c -D DEBUG=1 -D           #
#                    SDRAM_TARGET=1 -D USB_IS_HIGH_SPEED -D NOPROFILER -D     #
#                    OS_TRACE=0 -D OS_VIEW_ENABLE=0 -lCN                      #
#                    C:\DUII\TargetHW\Release\List\ -o                        #
#                    C:\DUII\TargetHW\Release\Obj\ --endian=little            #
#                    --cpu=ARM926EJ-S -e --fpu=None --dlib_config             #
#                    "C:\Program Files (x86)\IAR Systems\Embedded Workbench   #
#                    6.0\arm\INC\c\DLib_Config_Normal.h" -I                   #
#                    C:\DUII\TargetHW\Application\SEGGERDEMO\ -I              #
#                    C:\DUII\TargetHW\Application\SEGGERDEMO\Src\ -I          #
#                    C:\DUII\TargetHW\Config\ -I C:\DUII\TargetHW\FS\ -I      #
#                    C:\DUII\TargetHW\GUI\ -I C:\DUII\TargetHW\Inc\ -I        #
#                    C:\DUII\TargetHW\OS\ -I C:\DUII\TargetHW\Setup\ -I       #
#                    \DUII\DUII\ -I \DUII\DUII\Graphics\ --cpu_mode arm -Ohs  #
#                    --use_c++_inline --require_prototypes                    #
#    List file    =  C:\DUII\TargetHW\Release\List\LockedSD.lst               #
#    Object file  =  C:\DUII\TargetHW\Release\Obj\LockedSD.o                  #
#                                                                             #
#                                                                             #
###############################################################################

C:\DUII\DUII\Graphics\LockedSD.c
      1          /*********************************************************************
      2          *                SEGGER MICROCONTROLLER SYSTEME GmbH                 *
      3          *        Solutions for real time microcontroller applications        *
      4          *                           www.segger.com                           *
      5          **********************************************************************
      6          *
      7          * C-file generated by
      8          *
      9          *        Bitmap converter for emWin V5.04.
     10          *        Compiled Jan  8 2010, 16:37:17
     11          *        (C) 1998 - 2005 Segger Microcontroller Systeme GmbH
     12          *
     13          **********************************************************************
     14          *
     15          * Source file: LockedSD
     16          * Dimensions:  27 * 35
     17          * NumColors:   256
     18          *
     19          **********************************************************************
     20          */
     21          
     22          #include <stdlib.h>
     23          
     24          #include "GUI.h"
     25          
     26          #ifndef GUI_CONST_STORAGE
     27            #define GUI_CONST_STORAGE const
     28          #endif
     29          
     30          /*   Palette
     31          The following are the entries of the palette table.
     32          Every entry is a 32-bit value (of which 24 bits are actually used)
     33          the lower   8 bits represent the Red component,
     34          the middle  8 bits represent the Green component,
     35          the highest 8 bits (of the 24 bits used) represent the Blue component
     36          as follows:   0xBBGGRR
     37          */
     38          

   \                                 In section .rodata, align 4, keep-with-next
     39          static GUI_CONST_STORAGE GUI_COLOR ColorsLockedSD[] = {
   \                     ColorsLockedSD:
   \   00000000                      ; Initializer data, 1024 bytes
   \   00000000   000000002121       DC32 0, 2171169, 592137, 10132122, 394758, 13027014, 10329501, 13816530, 14540253, 7434609
   \              210009090900
   \              9A9A9A000606
   \              0600C6C6C600
   \              9D9D9D00D2D2
   \              D200DDDDDD00
   \              71717100    
   \   00000028   11111100E6E6       DC32 1118481, 15132390, 2960685, 3227893, 16448250, 2434341, 13224393, 3815994, 3161843, 16711422
   \              E6002D2D2D00
   \              F5403100FAFA
   \              FA0025252500
   \              C9C9C9003A3A
   \              3A00F33E3000
   \              FEFEFE00    
   \   00000050   848484004141       DC32 8684676, 4276545, 3227897, 1426682, 12237241, 2697513, 1682917, 9539985, 10855845, 1907997
   \              4100F9403100
   \              FAC41500B9B9
   \              BA0029292900
   \              E5AD19009191
   \              9100A5A5A500
   \              1D1D1D00    
   \   00000078   3D3D3D007A7B       DC32 4013373, 8158074, 11645361, 11974069, 855309, 531496, 3223857, 4473925, 2898924, 1491701
   \              7C00B1B1B100
   \              B5B5B6000D0D
   \              0D00281C0800
   \              313131004544
   \              4400EC3B2C00
   \              F5C21600    
   \   000000A0   191919003535       DC32 1644825, 3487029, 9079427, 11119017, 11447726, 1381653, 599604, 2279890, 4582654, 9276813
   \              3500838A8A00
   \              A9A9A900AEAD
   \              AE0015151500
   \              34260900D2C9
   \              2200FEEC4500
   \              8D8D8D00    
   \   000000C8   95959500A0A9       DC32 9803157, 11184544, 12698049, 13487565, 15329769, 400168, 4868682, 5592405, 5789785, 6644828
   \              AA00C1C1C100
   \              CDCDCD00E9E9
   \              E900281B0600
   \              4A4A4A005555
   \              550059585800
   \              5C646500    
   \   000000F0   606060006B6B       DC32 6316128, 7105387, 7565930, 2173868, 2438107, 2767074, 3161839, 2964209, 1350869, 1690362
   \              6C006A727300
   \              AC2B2100DB33
   \              2500E2382A00
   \              EF3E3000F13A
   \              2D00D59C1400
   \              FACA1900    
   \   00000118   FFF246008989       DC32 4649727, 9013641, 10724259, 10921634, 12434877, 14277081, 14605018, 14869218, 3355434, 4473914
   \              8900A3A3A300
   \              A2A6A600BDBD
   \              BD00D9D9D900
   \              DADADE00E2E2
   \              E2002A333300
   \              3A444400    
   \   00000140   421E1B00472D       DC32 1777218, 2829639, 1120637, 1843820, 1712243, 3027570, 5131850, 5131854, 4934737, 5329233
   \              2B007D191100
   \              6C221C007320
   \              1A0072322E00
   \              4A4E4E004E4E
   \              4E00514C4B00
   \              51515100    
   \   00000168   55565B006566       DC32 5985877, 6776421, 7894900, 8289653, 1778572, 1778832, 1911489, 2371785, 2898679, 2964729
   \              670074777800
   \              757D7E008C23
   \              1B0090241B00
   \              C12A1D00C930
   \              2400F73A2C00
   \              F93C2D00    
   \   00000190   F4BE1600EBC0       DC32 1490676, 1949931, 3398116, 2741750, 2741496, 9276809, 9082260, 10198170, 11053221, 11447721
   \              1D00E4D93300
   \              F6D52900F8D4
   \              2900898D8D00
   \              94958A009A9C
   \              9B00A5A8A800
   \              A9ADAE00    
   \   000001B8   ACB0B000BDBE       DC32 11579564, 12762813, 13880522, 14145494, 15527148, 855051, 1051400, 1052432, 792092, 1644054
   \              C200CACCD300
   \              D6D7D700ECEC
   \              EC000B0C0D00
   \              080B1000100F
   \              10001C160C00
   \              16161900    
   \   000001E0   171815002016       DC32 1382423, 398880, 924452, 1447716, 1645619, 1908541, 338485, 600117, 1321782, 1716020
   \              0600241B0E00
   \              24171600331C
   \              19003D1F1D00
   \              352A05003528
   \              0900362B1400
   \              342F1A00    
   \   00000208   242F30002C37       DC32 3157796, 3684140, 2500403, 3289909, 4210490, 728386, 1448785, 2040393, 1974864, 1843802
   \              380033272600
   \              353332003A3F
   \              4000421D0B00
   \              511B16004922
   \              1F0050221E00
   \              5A221C00    
   \   00000230   5B3215004327       DC32 1389147, 2434883, 2303818, 2764105, 3553093, 3224399, 2106718, 2435419, 2632795, 3882335
   \              25004A272300
   \              492D2A004537
   \              36004F333100
   \              5E2520005B29
   \              25005B2C2800
   \              5F3D3B00    
   \   00000258   671D17006C1D       DC32 1514855, 1449324, 1515122, 1783137, 2106721, 3026272, 2633062, 2567274, 2764656, 2830449
   \              1600721E1700
   \              61351B006125
   \              2000602D2E00
   \              662D28006A2C
   \              2700702F2A00
   \              71302B00    
   \   00000280   403F40005140       DC32 4210496, 4079697, 1006443, 1071729, 1269631, 4736324, 4276815, 5526346, 4342875, 5526353
   \              3E006B5B0F00
   \              715A10007F5F
   \              130044454800
   \              4F4241004A53
   \              54005B444200
   \              51535400    
   \   000002A8   53555500555D       DC32 5592403, 6118741, 5525852, 6249048, 6052956, 6315870, 6842207, 6644579, 6513764, 6711653
   \              5D005C515400
   \              585A5F005C5C
   \              5C005E5F6000
   \              5F6768006363
   \              650064646300
   \              65696600    
   \   000002D0   60696A006B6E       DC32 6973792, 7958123, 7960947, 8158066, 7434877, 8420981, 1581723, 1910692, 1713579, 2042283
   \              790073797900
   \              727B7C007D72
   \              7100757E8000
   \              9B221800A427
   \              1D00AB251A00
   \              AB291F00    
   \   000002F8   B32C2100BB2C       DC32 2174131, 2174139, 2437565, 1730690, 1140116, 1535896, 1277340, 749987, 1275303, 1801130
   \              2100BD312500
   \              82681A009465
   \              1100986F1700
   \              9C7D1300A371
   \              0B00A7751300
   \              AA7B1B00    
   \   00000320   827D7C00C52E       DC32 8158594, 2240197, 2174667, 2437312, 2766809, 2701282, 2699752, 3096307, 3096309, 3227640
   \              2200CB2E2100
   \              C0302500D937
   \              2A00E2372900
   \              E8312900F33E
   \              2F00F53E2F00
   \              F83F3100    
   \   00000348   B49D17008585       DC32 1547700, 8029573, 1477316, 1351130, 1287373, 1354703, 1878733, 1681111, 2995652, 2799830
   \              7A00C48A1600
   \              DA9D1400CDA4
   \              1300CFAB1400
   \              CDAA1C00D7A6
   \              1900C4B52D00
   \              D6B82A00    
   \   00000370   E9AA1800E2B0       DC32 1616617, 1356002, 2078946, 1425133, 1161200, 1293304, 1885942, 1886966, 1494271, 1955583
   \              1400E2B81F00
   \              EDBE1500F0B7
   \              1100F8BB1300
   \              F6C61C00F6CA
   \              1C00FFCC1600
   \              FFD61D00    
   \   00000398   E6C72600EBCA       DC32 2541542, 2607851, 2742778, 4447461, 8818054, 9932932, 9671051, 10064783, 9933200, 9868945
   \              2700FAD92900
   \              E5DC4300868D
   \              860084909700
   \              8B9193008F93
   \              990090919700
   \              91969600    
   \   000003C0   93979E009A9F       DC32 10393491, 10461082, 10263452, 10591388, 11444635, 10461088, 10526624, 10986144, 11316132, 11908274
   \              9F009C9B9C00
   \              9C9CA1009BA1
   \              AE00A09F9F00
   \              A09FA000A0A2
   \              A700A4ABAC00
   \              B2B4B500    
   \   000003E8   B3B7B800B6BA       DC32 12105651, 12303030, 12434106, 12369083, 13486279, 15921906
   \              BB00BABABD00
   \              BBBCBC00C7C8
   \              CD00F2F2F200
     40               0x000000,0x212121,0x090909,0x9A9A9A
     41              ,0x060606,0xC6C6C6,0x9D9D9D,0xD2D2D2
     42              ,0xDDDDDD,0x717171,0x111111,0xE6E6E6
     43              ,0x2D2D2D,0x3140F5,0xFAFAFA,0x252525
     44              ,0xC9C9C9,0x3A3A3A,0x303EF3,0xFEFEFE
     45              ,0x848484,0x414141,0x3140F9,0x15C4FA
     46              ,0xBAB9B9,0x292929,0x19ADE5,0x919191
     47              ,0xA5A5A5,0x1D1D1D,0x3D3D3D,0x7C7B7A
     48              ,0xB1B1B1,0xB6B5B5,0x0D0D0D,0x081C28
     49              ,0x313131,0x444445,0x2C3BEC,0x16C2F5
     50              ,0x191919,0x353535,0x8A8A83,0xA9A9A9
     51              ,0xAEADAE,0x151515,0x092634,0x22C9D2
     52              ,0x45ECFE,0x8D8D8D,0x959595,0xAAA9A0
     53              ,0xC1C1C1,0xCDCDCD,0xE9E9E9,0x061B28
     54              ,0x4A4A4A,0x555555,0x585859,0x65645C
     55              ,0x606060,0x6C6B6B,0x73726A,0x212BAC
     56              ,0x2533DB,0x2A38E2,0x303EEF,0x2D3AF1
     57              ,0x149CD5,0x19CAFA,0x46F2FF,0x898989
     58              ,0xA3A3A3,0xA6A6A2,0xBDBDBD,0xD9D9D9
     59              ,0xDEDADA,0xE2E2E2,0x33332A,0x44443A
     60              ,0x1B1E42,0x2B2D47,0x11197D,0x1C226C
     61              ,0x1A2073,0x2E3272,0x4E4E4A,0x4E4E4E
     62              ,0x4B4C51,0x515151,0x5B5655,0x676665
     63              ,0x787774,0x7E7D75,0x1B238C,0x1B2490
     64              ,0x1D2AC1,0x2430C9,0x2C3AF7,0x2D3CF9
     65              ,0x16BEF4,0x1DC0EB,0x33D9E4,0x29D5F6
     66              ,0x29D4F8,0x8D8D89,0x8A9594,0x9B9C9A
     67              ,0xA8A8A5,0xAEADA9,0xB0B0AC,0xC2BEBD
     68              ,0xD3CCCA,0xD7D7D6,0xECECEC,0x0D0C0B
     69              ,0x100B08,0x100F10,0x0C161C,0x191616
     70              ,0x151817,0x061620,0x0E1B24,0x161724
     71              ,0x191C33,0x1D1F3D,0x052A35,0x092835
     72              ,0x142B36,0x1A2F34,0x302F24,0x38372C
     73              ,0x262733,0x323335,0x403F3A,0x0B1D42
     74              ,0x161B51,0x1F2249,0x1E2250,0x1C225A
     75              ,0x15325B,0x252743,0x23274A,0x2A2D49
     76              ,0x363745,0x31334F,0x20255E,0x25295B
     77              ,0x282C5B,0x3B3D5F,0x171D67,0x161D6C
     78              ,0x171E72,0x1B3561,0x202561,0x2E2D60
     79              ,0x282D66,0x272C6A,0x2A2F70,0x2B3071
     80              ,0x403F40,0x3E4051,0x0F5B6B,0x105A71
     81              ,0x135F7F,0x484544,0x41424F,0x54534A
     82              ,0x42445B,0x545351,0x555553,0x5D5D55
     83              ,0x54515C,0x5F5A58,0x5C5C5C,0x605F5E
     84              ,0x68675F,0x656363,0x636464,0x666965
     85              ,0x6A6960,0x796E6B,0x797973,0x7C7B72
     86              ,0x71727D,0x807E75,0x18229B,0x1D27A4
     87              ,0x1A25AB,0x1F29AB,0x212CB3,0x212CBB
     88              ,0x2531BD,0x1A6882,0x116594,0x176F98
     89              ,0x137D9C,0x0B71A3,0x1375A7,0x1B7BAA
     90              ,0x7C7D82,0x222EC5,0x212ECB,0x2530C0
     91              ,0x2A37D9,0x2937E2,0x2931E8,0x2F3EF3
     92              ,0x2F3EF5,0x313FF8,0x179DB4,0x7A8585
     93              ,0x168AC4,0x149DDA,0x13A4CD,0x14ABCF
     94              ,0x1CAACD,0x19A6D7,0x2DB5C4,0x2AB8D6
     95              ,0x18AAE9,0x14B0E2,0x1FB8E2,0x15BEED
     96              ,0x11B7F0,0x13BBF8,0x1CC6F6,0x1CCAF6
     97              ,0x16CCFF,0x1DD6FF,0x26C7E6,0x27CAEB
     98              ,0x29D9FA,0x43DCE5,0x868D86,0x979084
     99              ,0x93918B,0x99938F,0x979190,0x969691
    100              ,0x9E9793,0x9F9F9A,0x9C9B9C,0xA19C9C
    101              ,0xAEA19B,0x9F9FA0,0xA09FA0,0xA7A2A0
    102              ,0xACABA4,0xB5B4B2,0xB8B7B3,0xBBBAB6
    103              ,0xBDBABA,0xBCBCBB,0xCDC8C7,0xF2F2F2
    104          };
    105          

   \                                 In section .rodata, align 4, keep-with-next
    106          static GUI_CONST_STORAGE GUI_LOGPALETTE PalLockedSD = {
   \                     PalLockedSD:
   \   00000000                      ; Initializer data, 12 bytes
   \   00000000   00010000           DC32 256
   \   00000004   00000000           DC8 0, 0, 0, 0
   \   00000008   ........           DC32 ColorsLockedSD
    107            256,	/* number of entries */
    108            0, 	/* No transparency */
    109            &ColorsLockedSD[0]
    110          };
    111          

   \                                 In section .rodata, align 4, keep-with-next
    112          static GUI_CONST_STORAGE unsigned char acLockedSD[] = {
   \                     acLockedSD:
   \   00000000                      ; Initializer data, 948 bytes
   \   00000000   010101010101       DC8 1, 1, 1, 1, 1, 1, 1, 1, 1, 1
   \              01010101    
   \   0000000A   010101010101       DC8 1, 1, 1, 1, 1, 1, 1, 1, 1, 1
   \              01010101    
   \   00000014   010101010101       DC8 1, 1, 1, 1, 1, 1, 1, 1, 1, 15
   \              0101010F    
   \   0000001E   010101010101       DC8 1, 1, 1, 1, 1, 1, 1, 1, 1, 1
   \              01010101    
   \   00000028   010101010101       DC8 1, 1, 1, 1, 1, 1, 1, 15, 15, 1
   \              010F0F01    
   \   00000032   010101010C0C       DC8 1, 1, 1, 1, 12, 12, 1, 4, 4, 4
   \              01040404    
   \   0000003C   040404040404       DC8 4, 4, 4, 4, 4, 4, 4, 4, 4, 4
   \              04040404    
   \   00000046   040404000219       DC8 4, 4, 4, 0, 2, 25, 12, 12, 12, 12
   \              0C0C0C0C    
   \   00000050   0C1111280F05       DC8 12, 17, 17, 40, 15, 5, 5, 5, 5, 5
   \              05050505    
   \   0000005A   050505050505       DC8 5, 5, 5, 5, 5, 5, 5, 5, 5, 16
   \              05050510    
   \   00000064   200C00191E11       DC8 32, 12, 0, 25, 30, 17, 17, 17, 21, 37
   \              11111525    
   \   0000006E   1D8513130E0E       DC8 29, 133, 19, 19, 14, 14, 14, 14, 14, 14
   \              0E0E0E0E    
   \   00000078   0E0E0E0E0E0E       DC8 14, 14, 14, 14, 14, 14, 14, 19, 11, 60
   \              0E130B3C    
   \   00000082   000125251515       DC8 0, 1, 37, 37, 21, 21, 37, 29, 12, 54
   \              251D0C36    
   \   0000008C   360B0B0B0B0B       DC8 54, 11, 11, 11, 11, 11, 11, 11, 11, 11
   \              0B0B0B0B    
   \   00000096   0B0B0B0B0B72       DC8 11, 11, 11, 11, 11, 114, 255, 27, 34, 117
   \              FF1B2275    
   \   000000A0   1E2515251D0C       DC8 30, 37, 21, 37, 29, 12, 77, 8, 8, 8
   \              4D080808    
   \   000000AA   080808080808       DC8 8, 8, 8, 8, 8, 8, 8, 8, 8, 8
   \              08080808    
   \   000000B4   080808087221       DC8 8, 8, 8, 8, 114, 33, 15, 2, 30, 160
   \              0F021EA0    
   \   000000BE   151D0F077107       DC8 21, 29, 15, 7, 113, 7, 7, 7, 7, 7
   \              07070707    
   \   000000C8   070707070707       DC8 7, 7, 7, 7, 7, 7, 7, 7, 7, 7
   \              07070707    
   \   000000D2   07070B200457       DC8 7, 7, 11, 32, 4, 87, 30, 160, 12, 0
   \              1EA00C00    
   \   000000DC   113410050510       DC8 17, 52, 16, 5, 5, 16, 16, 16, 16, 5
   \              10101005    
   \   000000E6   050505101010       DC8 5, 5, 5, 16, 16, 16, 16, 5, 5, 53
   \              10050535    
   \   000000F0   2B733A11111E       DC8 43, 115, 58, 17, 17, 30, 15, 0, 6, 52
   \              0F000634    
   \   000000FA   18FD6D3333FA       DC8 24, 253, 109, 51, 51, 250, 74, 24, 24, 74
   \              4A18184A    
   \   00000104   FB3333F818FD       DC8 251, 51, 51, 248, 24, 253, 52, 6, 2, 57
   \              34060239    
   \   0000010E   1111110C0432       DC8 17, 17, 17, 12, 4, 50, 33, 33, 200, 156
   \              2121C89C    
   \   00000118   559F95EF21F9       DC8 85, 159, 149, 239, 33, 249, 73, 168, 158, 85
   \              49A89E55    
   \   00000122   9DB8F9183202       DC8 157, 184, 249, 24, 50, 2, 57, 41, 41, 41
   \              39292929    
   \   0000012C   19041B2C20B6       DC8 25, 4, 27, 44, 32, 182, 82, 98, 67, 96
   \              52624360    
   \   00000136   A6496D3ABC43       DC8 166, 73, 109, 58, 188, 67, 98, 186, 91, 108
   \              62BA5B6C    
   \   00000140   2C3102592424       DC8 44, 49, 2, 89, 36, 36, 41, 15, 4, 49
   \              290F0431    
   \   0000014A   2B1C6C586016       DC8 43, 28, 108, 88, 96, 22, 22, 95, 59, 183
   \              165F3BB7    
   \   00000154   980D0D40512A       DC8 152, 13, 13, 64, 81, 42, 50, 28, 71, 2
   \              321C4702    
   \   0000015E   590C0C240100       DC8 89, 12, 12, 36, 1, 0, 20, 28, 245, 72
   \              141CF548    
   \   00000168   2A9326122694       DC8 42, 147, 38, 18, 38, 148, 81, 205, 13, 207
   \              51CD0DCF    
   \   00000172   53A70914F214       DC8 83, 167, 9, 20, 242, 20, 2, 87, 12, 12
   \              02570C0C    
   \   0000017C   0100281B066B       DC8 1, 0, 40, 27, 6, 107, 107, 6, 171, 94
   \              6B06AB5E    
   \   00000186   160DCBBE0D16       DC8 22, 13, 203, 190, 13, 22, 63, 12, 169, 60
   \              3F0CA93C    
   \   00000190   C8031402380F       DC8 200, 3, 20, 2, 56, 15, 25, 10, 45, 49
   \              190A2D31    
   \   0000019A   060303030369       DC8 6, 3, 3, 3, 3, 105, 144, 97, 209, 13
   \              9061D10D    
   \   000001A4   0D0D417D4F38       DC8 13, 13, 65, 125, 79, 56, 178, 20, 242, 20
   \              B214F214    
   \   000001AE   0238010F2201       DC8 2, 56, 1, 15, 34, 1, 245, 107, 107, 107
   \              F56B6B6B    
   \   000001B8   6B036B3E9226       DC8 107, 3, 107, 62, 146, 38, 66, 66, 18, 84
   \              42421254    
   \   000001C2   822539091BF6       DC8 130, 37, 57, 9, 27, 246, 20, 2, 37, 1
   \              14022501    
   \   000001CC   0173016B6B6B       DC8 1, 115, 1, 107, 107, 107, 242, 242, 242, 3
   \              F2F2F203    
   \   000001D6   6B25BF0D12CC       DC8 107, 37, 191, 13, 18, 204, 123, 134, 87, 61
   \              7B86573D    
   \   000001E0   470348140215       DC8 71, 3, 72, 20, 2, 21, 29, 29, 2, 1
   \              1D1D0201    
   \   000001EA   066B036B066B       DC8 6, 107, 3, 107, 6, 107, 245, 185, 154, 38
   \              F5B99A26    
   \   000001F4   424212544E3C       DC8 66, 66, 18, 84, 78, 60, 31, 50, 6, 28
   \              1F32061C    
   \   000001FE   14021E782802       DC8 20, 2, 30, 120, 40, 2, 40, 9, 92, 31
   \              28095C1F    
   \   00000208   095C6BF1A1CA       DC8 9, 92, 107, 241, 161, 202, 13, 18, 13, 18
   \              0D120D12    
   \   00000212   4150B04703F5       DC8 65, 80, 176, 71, 3, 245, 108, 20, 2, 17
   \              6C140211    
   \   0000021C   0A0A755AFE4C       DC8 10, 10, 117, 90, 254, 76, 76, 76, 243, 9
   \              4C4CF309    
   \   00000226   B05F16D1C03F       DC8 176, 95, 22, 209, 192, 63, 209, 22, 189, 17
   \              D116BD11    
   \   00000230   69F2482B4702       DC8 105, 242, 72, 43, 71, 2, 41, 34, 117, 165
   \              292275A5    
   \   0000023A   70EE5BB13D6F       DC8 112, 238, 91, 177, 61, 111, 235, 136, 38, 18
   \              EB882612    
   \   00000244   268A7C410DD0       DC8 38, 138, 124, 65, 13, 208, 83, 180, 6, 28
   \              53B4061C    
   \   0000024E   20310285022D       DC8 32, 49, 2, 133, 2, 45, 237, 240, 92, 44
   \              EDF05C2C    
   \   00000258   20063EACC9D1       DC8 32, 6, 62, 172, 201, 209, 22, 94, 78, 131
   \              165E4E83    
   \   00000262   97D10D408D69       DC8 151, 209, 13, 64, 141, 105, 43, 33, 27, 2
   \              2B211B02    
   \   0000026C   240077F4B52C       DC8 36, 0, 119, 244, 181, 44, 111, 252, 5, 176
   \              6FFC05B0    
   \   00000276   52160D618456       DC8 82, 22, 13, 97, 132, 86, 170, 133, 63, 22
   \              AA853F16    
   \   00000280   16BB56491803       DC8 22, 187, 86, 73, 24, 3, 2, 12, 115, 120
   \              020C7378    
   \   0000028A   ECB3D36A6AEA       DC8 236, 179, 211, 106, 106, 234, 155, 206, 208, 67
   \              9BCED043    
   \   00000294   8B4F3A095D8E       DC8 139, 79, 58, 9, 93, 142, 64, 99, 99, 150
   \              40636396    
   \   0000029E   B94AF5021981       DC8 185, 74, 245, 2, 25, 129, 210, 102, 102, 47
   \              D266662F    
   \   000002A8   2F2F2FC1998C       DC8 47, 47, 47, 193, 153, 140, 135, 160, 175, 61
   \              87A0AF3D    
   \   000002B2   1B20478F8950       DC8 27, 32, 71, 143, 137, 80, 145, 31, 24, 28
   \              911F181C    
   \   000002BC   730F7EDE3030       DC8 115, 15, 126, 222, 48, 48, 48, 70, 70, 70
   \              30464646    
   \   000002C6   30E9DAA2AD1F       DC8 48, 233, 218, 162, 173, 31, 27, 33, 16, 16
   \              1B211010    
   \   000002D0   6E2A3E5C1B18       DC8 110, 42, 62, 92, 27, 24, 44, 2, 15, 127
   \              2C020F7F    
   \   000002DA   D96868E8E7DB       DC8 217, 104, 104, 232, 231, 219, 103, 103, 230, 216
   \              6767E6D8    
   \   000002E4   A41F6C180708       DC8 164, 31, 108, 24, 7, 8, 76, 53, 249, 6
   \              4C35F906    
   \   000002EE   032B10210201       DC8 3, 43, 16, 33, 2, 1, 46, 68, 226, 227
   \              2E44E2E3    
   \   000002F8   E5C47A65E365       DC8 229, 196, 122, 101, 227, 101, 221, 195, 247, 113
   \              DDC3F771    
   \   00000302   080B36364D4B       DC8 8, 11, 54, 54, 77, 75, 53, 16, 53, 77
   \              3510354D    
   \   0000030C   3473012E4464       DC8 52, 115, 1, 46, 68, 100, 39, 228, 214, 163
   \              27E4D6A3    
   \   00000316   452727E0C770       DC8 69, 39, 39, 224, 199, 112, 19, 19, 19, 19
   \              13131313    
   \   00000320   1313130E0E0E       DC8 19, 19, 19, 14, 14, 14, 19, 75, 2, 1
   \              134B0201    
   \   0000032A   2E44642717DF       DC8 46, 68, 100, 39, 23, 223, 215, 23, 39, 39
   \              D7172727    
   \   00000334   E1C65A090909       DC8 225, 198, 90, 9, 9, 9, 9, 9, 9, 9
   \              09090909    
   \   0000033E   0909095CAE04       DC8 9, 9, 9, 92, 174, 4, 15, 46, 213, 23
   \              0F2ED517    
   \   00000348   171717E41717       DC8 23, 23, 23, 228, 23, 23, 23, 23, 197, 0
   \              1717C500    
   \   00000352   000000000000       DC8 0, 0, 0, 0, 0, 0, 0, 0, 0, 0
   \              00000000    
   \   0000035C   0004190F80D4       DC8 0, 4, 25, 15, 128, 212, 26, 26, 26, 26
   \              1A1A1A1A    
   \   00000366   1A1A1A1ADCC2       DC8 26, 26, 26, 26, 220, 194, 116, 10, 10, 10
   \              740A0A0A    
   \   00000370   0A0A0A0A0A0A       DC8 10, 10, 10, 10, 10, 10, 10, 10, 10, 10
   \              0A0A0A0A    
   \   0000037A   002D79232323       DC8 0, 45, 121, 35, 35, 35, 35, 35, 35, 35
   \              23232323    
   \   00000384   233776040000       DC8 35, 55, 118, 4, 0, 0, 0, 0, 0, 0
   \              00000000    
   \   0000038E   000000000000       DC8 0, 0, 0, 0, 0, 0, 0, 0, 0, 0
   \              00000000    
   \   00000398   000000000000       DC8 0, 0, 0, 0, 0, 0, 0, 0, 0, 0
   \              00000000    
   \   000003A2   000000000000       DC8 0, 0, 0, 0, 0, 0, 0, 0, 0, 0
   \              00000000    
   \   000003AC   000000000000       DC8 0, 0, 0, 0, 0, 0, 0, 0
   \              0000        
    113            0x01, 0x01, 0x01, 0x01, 0x01, 0x01, 0x01, 0x01, 0x01, 0x01, 0x01, 0x01, 0x01, 0x01, 0x01, 0x01, 0x01, 0x01, 0x01, 0x01, 0x01, 0x01, 0x01, 0x01, 0x01, 0x01, 0x01,
    114            0x01, 0x01, 0x0F, 0x01, 0x01, 0x01, 0x01, 0x01, 0x01, 0x01, 0x01, 0x01, 0x01, 0x01, 0x01, 0x01, 0x01, 0x01, 0x01, 0x01, 0x0F, 0x0F, 0x01, 0x01, 0x01, 0x01, 0x01,
    115            0x0C, 0x0C, 0x01, 0x04, 0x04, 0x04, 0x04, 0x04, 0x04, 0x04, 0x04, 0x04, 0x04, 0x04, 0x04, 0x04, 0x04, 0x04, 0x04, 0x00, 0x02, 0x19, 0x0C, 0x0C, 0x0C, 0x0C, 0x0C,
    116            0x11, 0x11, 0x28, 0x0F, 0x05, 0x05, 0x05, 0x05, 0x05, 0x05, 0x05, 0x05, 0x05, 0x05, 0x05, 0x05, 0x05, 0x05, 0x10, 0x20, 0x0C, 0x00, 0x19, 0x1E, 0x11, 0x11, 0x11,
    117            0x15, 0x25, 0x1D, 0x85, 0x13, 0x13, 0x0E, 0x0E, 0x0E, 0x0E, 0x0E, 0x0E, 0x0E, 0x0E, 0x0E, 0x0E, 0x0E, 0x0E, 0x0E, 0x13, 0x0B, 0x3C, 0x00, 0x01, 0x25, 0x25, 0x15,
    118            0x15, 0x25, 0x1D, 0x0C, 0x36, 0x36, 0x0B, 0x0B, 0x0B, 0x0B, 0x0B, 0x0B, 0x0B, 0x0B, 0x0B, 0x0B, 0x0B, 0x0B, 0x0B, 0x0B, 0x72, 0xFF, 0x1B, 0x22, 0x75, 0x1E, 0x25,
    119            0x15, 0x25, 0x1D, 0x0C, 0x4D, 0x08, 0x08, 0x08, 0x08, 0x08, 0x08, 0x08, 0x08, 0x08, 0x08, 0x08, 0x08, 0x08, 0x08, 0x08, 0x08, 0x08, 0x72, 0x21, 0x0F, 0x02, 0x1E,
    120            0xA0, 0x15, 0x1D, 0x0F, 0x07, 0x71, 0x07, 0x07, 0x07, 0x07, 0x07, 0x07, 0x07, 0x07, 0x07, 0x07, 0x07, 0x07, 0x07, 0x07, 0x07, 0x07, 0x07, 0x0B, 0x20, 0x04, 0x57,
    121            0x1E, 0xA0, 0x0C, 0x00, 0x11, 0x34, 0x10, 0x05, 0x05, 0x10, 0x10, 0x10, 0x10, 0x05, 0x05, 0x05, 0x05, 0x10, 0x10, 0x10, 0x10, 0x05, 0x05, 0x35, 0x2B, 0x73, 0x3A,
    122            0x11, 0x11, 0x1E, 0x0F, 0x00, 0x06, 0x34, 0x18, 0xFD, 0x6D, 0x33, 0x33, 0xFA, 0x4A, 0x18, 0x18, 0x4A, 0xFB, 0x33, 0x33, 0xF8, 0x18, 0xFD, 0x34, 0x06, 0x02, 0x39,
    123            0x11, 0x11, 0x11, 0x0C, 0x04, 0x32, 0x21, 0x21, 0xC8, 0x9C, 0x55, 0x9F, 0x95, 0xEF, 0x21, 0xF9, 0x49, 0xA8, 0x9E, 0x55, 0x9D, 0xB8, 0xF9, 0x18, 0x32, 0x02, 0x39,
    124            0x29, 0x29, 0x29, 0x19, 0x04, 0x1B, 0x2C, 0x20, 0xB6, 0x52, 0x62, 0x43, 0x60, 0xA6, 0x49, 0x6D, 0x3A, 0xBC, 0x43, 0x62, 0xBA, 0x5B, 0x6C, 0x2C, 0x31, 0x02, 0x59,
    125            0x24, 0x24, 0x29, 0x0F, 0x04, 0x31, 0x2B, 0x1C, 0x6C, 0x58, 0x60, 0x16, 0x16, 0x5F, 0x3B, 0xB7, 0x98, 0x0D, 0x0D, 0x40, 0x51, 0x2A, 0x32, 0x1C, 0x47, 0x02, 0x59,
    126            0x0C, 0x0C, 0x24, 0x01, 0x00, 0x14, 0x1C, 0xF5, 0x48, 0x2A, 0x93, 0x26, 0x12, 0x26, 0x94, 0x51, 0xCD, 0x0D, 0xCF, 0x53, 0xA7, 0x09, 0x14, 0xF2, 0x14, 0x02, 0x57,
    127            0x0C, 0x0C, 0x01, 0x00, 0x28, 0x1B, 0x06, 0x6B, 0x6B, 0x06, 0xAB, 0x5E, 0x16, 0x0D, 0xCB, 0xBE, 0x0D, 0x16, 0x3F, 0x0C, 0xA9, 0x3C, 0xC8, 0x03, 0x14, 0x02, 0x38,
    128            0x0F, 0x19, 0x0A, 0x2D, 0x31, 0x06, 0x03, 0x03, 0x03, 0x03, 0x69, 0x90, 0x61, 0xD1, 0x0D, 0x0D, 0x0D, 0x41, 0x7D, 0x4F, 0x38, 0xB2, 0x14, 0xF2, 0x14, 0x02, 0x38,
    129            0x01, 0x0F, 0x22, 0x01, 0xF5, 0x6B, 0x6B, 0x6B, 0x6B, 0x03, 0x6B, 0x3E, 0x92, 0x26, 0x42, 0x42, 0x12, 0x54, 0x82, 0x25, 0x39, 0x09, 0x1B, 0xF6, 0x14, 0x02, 0x25,
    130            0x01, 0x01, 0x73, 0x01, 0x6B, 0x6B, 0x6B, 0xF2, 0xF2, 0xF2, 0x03, 0x6B, 0x25, 0xBF, 0x0D, 0x12, 0xCC, 0x7B, 0x86, 0x57, 0x3D, 0x47, 0x03, 0x48, 0x14, 0x02, 0x15,
    131            0x1D, 0x1D, 0x02, 0x01, 0x06, 0x6B, 0x03, 0x6B, 0x06, 0x6B, 0xF5, 0xB9, 0x9A, 0x26, 0x42, 0x42, 0x12, 0x54, 0x4E, 0x3C, 0x1F, 0x32, 0x06, 0x1C, 0x14, 0x02, 0x1E,
    132            0x78, 0x28, 0x02, 0x28, 0x09, 0x5C, 0x1F, 0x09, 0x5C, 0x6B, 0xF1, 0xA1, 0xCA, 0x0D, 0x12, 0x0D, 0x12, 0x41, 0x50, 0xB0, 0x47, 0x03, 0xF5, 0x6C, 0x14, 0x02, 0x11,
    133            0x0A, 0x0A, 0x75, 0x5A, 0xFE, 0x4C, 0x4C, 0x4C, 0xF3, 0x09, 0xB0, 0x5F, 0x16, 0xD1, 0xC0, 0x3F, 0xD1, 0x16, 0xBD, 0x11, 0x69, 0xF2, 0x48, 0x2B, 0x47, 0x02, 0x29,
    134            0x22, 0x75, 0xA5, 0x70, 0xEE, 0x5B, 0xB1, 0x3D, 0x6F, 0xEB, 0x88, 0x26, 0x12, 0x26, 0x8A, 0x7C, 0x41, 0x0D, 0xD0, 0x53, 0xB4, 0x06, 0x1C, 0x20, 0x31, 0x02, 0x85,
    135            0x02, 0x2D, 0xED, 0xF0, 0x5C, 0x2C, 0x20, 0x06, 0x3E, 0xAC, 0xC9, 0xD1, 0x16, 0x5E, 0x4E, 0x83, 0x97, 0xD1, 0x0D, 0x40, 0x8D, 0x69, 0x2B, 0x21, 0x1B, 0x02, 0x24,
    136            0x00, 0x77, 0xF4, 0xB5, 0x2C, 0x6F, 0xFC, 0x05, 0xB0, 0x52, 0x16, 0x0D, 0x61, 0x84, 0x56, 0xAA, 0x85, 0x3F, 0x16, 0x16, 0xBB, 0x56, 0x49, 0x18, 0x03, 0x02, 0x0C,
    137            0x73, 0x78, 0xEC, 0xB3, 0xD3, 0x6A, 0x6A, 0xEA, 0x9B, 0xCE, 0xD0, 0x43, 0x8B, 0x4F, 0x3A, 0x09, 0x5D, 0x8E, 0x40, 0x63, 0x63, 0x96, 0xB9, 0x4A, 0xF5, 0x02, 0x19,
    138            0x81, 0xD2, 0x66, 0x66, 0x2F, 0x2F, 0x2F, 0x2F, 0xC1, 0x99, 0x8C, 0x87, 0xA0, 0xAF, 0x3D, 0x1B, 0x20, 0x47, 0x8F, 0x89, 0x50, 0x91, 0x1F, 0x18, 0x1C, 0x73, 0x0F,
    139            0x7E, 0xDE, 0x30, 0x30, 0x30, 0x46, 0x46, 0x46, 0x30, 0xE9, 0xDA, 0xA2, 0xAD, 0x1F, 0x1B, 0x21, 0x10, 0x10, 0x6E, 0x2A, 0x3E, 0x5C, 0x1B, 0x18, 0x2C, 0x02, 0x0F,
    140            0x7F, 0xD9, 0x68, 0x68, 0xE8, 0xE7, 0xDB, 0x67, 0x67, 0xE6, 0xD8, 0xA4, 0x1F, 0x6C, 0x18, 0x07, 0x08, 0x4C, 0x35, 0xF9, 0x06, 0x03, 0x2B, 0x10, 0x21, 0x02, 0x01,
    141            0x2E, 0x44, 0xE2, 0xE3, 0xE5, 0xC4, 0x7A, 0x65, 0xE3, 0x65, 0xDD, 0xC3, 0xF7, 0x71, 0x08, 0x0B, 0x36, 0x36, 0x4D, 0x4B, 0x35, 0x10, 0x35, 0x4D, 0x34, 0x73, 0x01,
    142            0x2E, 0x44, 0x64, 0x27, 0xE4, 0xD6, 0xA3, 0x45, 0x27, 0x27, 0xE0, 0xC7, 0x70, 0x13, 0x13, 0x13, 0x13, 0x13, 0x13, 0x13, 0x0E, 0x0E, 0x0E, 0x13, 0x4B, 0x02, 0x01,
    143            0x2E, 0x44, 0x64, 0x27, 0x17, 0xDF, 0xD7, 0x17, 0x27, 0x27, 0xE1, 0xC6, 0x5A, 0x09, 0x09, 0x09, 0x09, 0x09, 0x09, 0x09, 0x09, 0x09, 0x09, 0x5C, 0xAE, 0x04, 0x0F,
    144            0x2E, 0xD5, 0x17, 0x17, 0x17, 0x17, 0xE4, 0x17, 0x17, 0x17, 0x17, 0xC5, 0x00, 0x00, 0x00, 0x00, 0x00, 0x00, 0x00, 0x00, 0x00, 0x00, 0x00, 0x00, 0x04, 0x19, 0x0F,
    145            0x80, 0xD4, 0x1A, 0x1A, 0x1A, 0x1A, 0x1A, 0x1A, 0x1A, 0x1A, 0xDC, 0xC2, 0x74, 0x0A, 0x0A, 0x0A, 0x0A, 0x0A, 0x0A, 0x0A, 0x0A, 0x0A, 0x0A, 0x0A, 0x0A, 0x0A, 0x00,
    146            0x2D, 0x79, 0x23, 0x23, 0x23, 0x23, 0x23, 0x23, 0x23, 0x23, 0x37, 0x76, 0x04, 0x00, 0x00, 0x00, 0x00, 0x00, 0x00, 0x00, 0x00, 0x00, 0x00, 0x00, 0x00, 0x00, 0x00,
    147            0x00, 0x00, 0x00, 0x00, 0x00, 0x00, 0x00, 0x00, 0x00, 0x00, 0x00, 0x00, 0x00, 0x00, 0x00, 0x00, 0x00, 0x00, 0x00, 0x00, 0x00, 0x00, 0x00, 0x00, 0x00, 0x00, 0x00
    148          };
    149          

   \                                 In section .rodata, align 4, keep-with-next
    150          GUI_CONST_STORAGE GUI_BITMAP bmLockedSD = {
   \                     bmLockedSD:
   \   00000000                      ; Initializer data, 20 bytes
   \   00000000   1B0023001B00       DC16 27, 35, 27, 8
   \              0800        
   \   00000008   ............       DC32 acLockedSD, PalLockedSD
   \              ....        
   \   00000010   00000000           DC8 0, 0, 0, 0
    151            27, /* XSize */
    152            35, /* YSize */
    153            27, /* BytesPerLine */
    154            8, /* BitsPerPixel */
    155            acLockedSD,  /* Pointer to picture data (indices) */
    156            &PalLockedSD  /* Pointer to palette */
    157          };
    158          
    159          /* *** End of file *** */


   Section sizes:

     Function/Label Bytes
     -------------- -----
     ColorsLockedSD 1024
     PalLockedSD      12
     acLockedSD      948
     bmLockedSD       20

 
 2 004 bytes in section .rodata
 
 2 004 bytes of CONST memory

Errors: none
Warnings: none
