###############################################################################
#                                                                             #
# IAR ANSI C/C++ Compiler V5.50.0.51878/W32 for ARM     06/Nov/2010  15:36:13 #
# Copyright (C) 1999-2010 IAR Systems AB.                                     #
#                                                                             #
#    Cpu mode     =  arm                                                      #
#    Endian       =  little                                                   #
#    Source file  =  C:\DUII\DUII\Graphics\OffUnSelected.c                    #
#    Command line =  C:\DUII\DUII\Graphics\OffUnSelected.c -D DEBUG=1 -D      #
#                    SDRAM_TARGET=1 -D USB_IS_HIGH_SPEED -lCN                 #
#                    C:\DUII\TargetHW\Release\List\ -o                        #
#                    C:\DUII\TargetHW\Release\Obj\ --endian=little            #
#                    --cpu=ARM926EJ-S -e --require_prototypes --fpu=None      #
#                    --dlib_config "C:\Program Files\IAR Systems\Embedded     #
#                    Workbench 5.4\arm\INC\DLib_Config_Normal.h" -I           #
#                    C:\DUII\TargetHW\Application\SEGGERDEMO\ -I              #
#                    C:\DUII\TargetHW\Application\SEGGERDEMO\Src\ -I          #
#                    C:\DUII\TargetHW\Config\ -I C:\DUII\TargetHW\FS\ -I      #
#                    C:\DUII\TargetHW\GUI\ -I C:\DUII\TargetHW\Inc\ -I        #
#                    C:\DUII\TargetHW\OS\ -I C:\DUII\TargetHW\Setup\ -I       #
#                    \DUII\DUII\ -I "C:\Program Files\IAR Systems\Embedded    #
#                    Workbench 5.4\arm\INC\" --cpu_mode arm -Ohs              #
#    List file    =  C:\DUII\TargetHW\Release\List\OffUnSelected.lst          #
#    Object file  =  C:\DUII\TargetHW\Release\Obj\OffUnSelected.o             #
#                                                                             #
#                                                                             #
###############################################################################

C:\DUII\DUII\Graphics\OffUnSelected.c
      1          /*********************************************************************
      2          *                SEGGER MICROCONTROLLER SYSTEME GmbH                 *
      3          *        Solutions for real time microcontroller applications        *
      4          *                           www.segger.com                           *
      5          **********************************************************************
      6          *
      7          * C-file generated by
      8          *
      9          *        Bitmap converter for emWin V5.04.
     10          *        Compiled Jan  8 2010, 16:37:17
     11          *        (C) 1998 - 2005 Segger Microcontroller Systeme GmbH
     12          *
     13          **********************************************************************
     14          *
     15          * Source file: OffUnSelected
     16          * Dimensions:  87 * 35
     17          * NumColors:   256
     18          *
     19          **********************************************************************
     20          */
     21          
     22          #include <stdlib.h>
     23          
     24          #include "GUI.h"
     25          
     26          #ifndef GUI_CONST_STORAGE
     27            #define GUI_CONST_STORAGE const
     28          #endif
     29          
     30          /*   Palette
     31          The following are the entries of the palette table.
     32          Every entry is a 32-bit value (of which 24 bits are actually used)
     33          the lower   8 bits represent the Red component,
     34          the middle  8 bits represent the Green component,
     35          the highest 8 bits (of the 24 bits used) represent the Blue component
     36          as follows:   0xBBGGRR
     37          */
     38          

   \                                 In section .rodata, align 4
     39          static GUI_CONST_STORAGE GUI_COLOR ColorsOffUnSelected[] = {
   \                     ColorsOffUnSelected:
   \   00000000   FFFFFF000000       DC32 16777215, 0, 13750482, 11711155, 14671584, 6710887, 11908534
   \              0000D2D0D100
   \              B3B2B200E0DE
   \              DF0067666600
   \              B6B5B500    
   \   0000001C   CFCFCF009D9E       DC32 13619151, 10395293, 131586, 15000805, 15198183, 15395562, 1776411
   \              9E0002020200
   \              E5E4E400E7E7
   \              E700EAEAEA00
   \              1B1B1B00    
   \   00000038   B5B4B400F6F6       DC32 11842741, 16185078, 2236962, 2500134, 15263976, 15329513, 12369084
   \              F60022222200
   \              26262600E8E8
   \              E800E9E8E900
   \              BCBCBC00    
   \   00000054   2D2D2D006867       DC32 2960685, 6776680, 15329514, 15066341, 12237498, 12895428, 16579836
   \              6700EAE8E900
   \              E5E4E500BABA
   \              BA00C4C4C400
   \              FCFCFC00    
   \   00000070   FEFEFE000101       DC32 16711422, 65793, 15066342, 15263977, 1184274, 11842742, 12105913
   \              0100E6E4E500
   \              E9E8E8001212
   \              1200B6B4B400
   \              B9B8B800    
   \   0000008C   E6E5E600E6E6       DC32 15132134, 15132390, 15395307, 16316664, 921102, 1052688, 2631720
   \              E600EBE9EA00
   \              F8F8F8000E0E
   \              0E0010101000
   \              28282800    
   \   000000A8   76767600B3B3       DC32 7763574, 11776947, 12040120, 12763842, 14211289, 15000804
   \              B300B8B7B700
   \              C2C2C200D9D8
   \              D800E4E4E400
   \   000000C0   FDFDFD001818       DC32 16645629, 1579032, 2434341, 3092271, 3815994, 11579569, 11645362
   \              180025252500
   \              2F2F2F003A3A
   \              3A00B1B0B000
   \              B2B1B100    
   \   000000DC   B4B3B300B4B4       DC32 11776948, 11842740, 11908278, 12632256, 12829635, 12829892
   \              B400B6B4B500
   \              C0C0C000C3C3
   \              C300C4C4C300
   \   000000F4   D3D2D200D5D4       DC32 13816531, 13948117, 14079702, 14474460, 15197928, 15461355
   \              D400D6D6D600
   \              DCDCDC00E8E6
   \              E700EBEBEB00
   \   0000010C   F4F4F4001919       DC32 16053492, 1644825, 3421236, 3947580, 4210752, 5066061, 6842472
   \              190034343400
   \              3C3C3C004040
   \              40004D4D4D00
   \              68686800    
   \   00000128   6B6B6B008E8E       DC32 7039851, 9342606, 10066329, 10855845, 10921638, 11053224, 11316397
   \              8E0099999900
   \              A5A5A500A6A6
   \              A600A8A8A800
   \              ADACAC00    
   \   00000144   B0B0B000B2B2       DC32 11579568, 11711154, 11974326, 12369085, 12763843, 12961222
   \              B200B6B6B600
   \              BDBCBC00C3C2
   \              C200C6C5C500
   \   0000015C   CDCDCD00DADA       DC32 13487565, 14342874, 14671840, 15395306, 15395563, 15461356
   \              DA00E0DFDF00
   \              EAE9EA00EBEA
   \              EA00ECEBEB00
   \   00000174   ECECEC00F5F5       DC32 15527148, 16119285, 16514043, 328965, 592137, 657930, 789516
   \              F500FBFBFB00
   \              050505000909
   \              09000A0A0A00
   \              0C0C0C00    
   \   00000190   1A1A1A001C1C       DC32 1710618, 1842204, 2171169, 2829099, 2894892, 3158064, 3750201
   \              1C0021212100
   \              2B2B2B002C2C
   \              2C0030303000
   \              39393900    
   \   000001AC   444444005252       DC32 4473924, 5395026, 5460819, 5658198, 6447714, 7368816, 8026746
   \              520053535300
   \              565656006262
   \              620070707000
   \              7A7A7A00    
   \   000001C8   7C7C7C008888       DC32 8158332, 8947848, 9079434, 10197915, 10263708, 10395294, 10526880
   \              88008A8A8A00
   \              9B9B9B009C9C
   \              9C009E9E9E00
   \              A0A0A000    
   \   000001E4   AAAAAA00B0AF       DC32 11184810, 11513776, 11645361, 11908535, 12171706, 12303292
   \              AF00B1B1B100
   \              B7B5B500BAB9
   \              B900BCBBBB00
   \   000001FC   BEBDBD00BFBE       DC32 12434878, 12500671, 12829636, 12895429, 13027015, 13290188
   \              BE00C4C3C300
   \              C5C4C400C7C6
   \              C600CCCACA00
   \   00000214   CECDCD00D0CF       DC32 13487566, 13619152, 13882323, 14211288, 14277082, 14408668
   \              CF00D3D3D300
   \              D8D8D800DAD9
   \              D900DCDBDB00
   \   0000022C   E1DFE000E1E0       DC32 14737377, 14737633, 14869218, 14935011, 15132391, 15198184
   \              E000E2E2E200
   \              E3E3E300E7E6
   \              E600E8E7E700
   \   00000244   E9E9E900EAE9       DC32 15329769, 15329770, 15592941, 15658734, 15921906, 263172, 394758
   \              E900EDEDED00
   \              EEEEEE00F2F2
   \              F20004040400
   \              06060600    
   \   00000260   141414002020       DC32 1315860, 2105376, 2302755, 2565927, 2763306, 3223857, 3552822
   \              200023232300
   \              272727002A2A
   \              2A0031313100
   \              36363600    
   \   0000027C   383838003B3B       DC32 3684408, 3881787, 4079166, 4408131, 4737096, 5723991, 5789785
   \              3B003E3E3E00
   \              434343004848
   \              480057575700
   \              59585800    
   \   00000298   5A5A5A006161       DC32 5921370, 6381921, 6974058, 6974059, 7039852, 7171437, 7237230
   \              61006A6A6A00
   \              6B6A6A006C6B
   \              6B006D6D6D00
   \              6E6E6E00    
   \   000002B4   706F6F007271       DC32 7303024, 7434610, 8092540, 8618883, 8684676, 8816262, 9276813
   \              71007C7B7B00
   \              838383008484
   \              840086868600
   \              8D8D8D00    
   \   000002D0   8F8F8F009393       DC32 9408399, 9671571, 9737364, 9737365, 9934744, 10000537, 10592674
   \              930094949400
   \              959494009897
   \              970099989800
   \              A2A1A100    
   \   000002EC   A3A3A300A4A4       DC32 10724259, 10790052, 11119018, 11250604, 11447982, 11514033
   \              A400AAA9A900
   \              ACABAB00AEAE
   \              AE00B1B0AF00
   \   00000304   B4B2B200B4B4       DC32 11711156, 11777204, 11908791, 11974328, 12105657, 12105912
   \              B300B7B6B500
   \              B8B6B600B9B7
   \              B800B8B8B800
   \   0000031C   B9B9B900BAB8       DC32 12171705, 12105914, 12237243, 12171963, 12434877, 12434622
   \              B800BBB9BA00
   \              BBBAB900BDBD
   \              BD00BEBCBD00
   \   00000334   BFBDBD00BEBD       DC32 12434879, 12500414, 12500415, 12763844, 13026759, 13027014
   \              BE00BFBDBE00
   \              C4C2C200C7C5
   \              C600C6C6C600
   \   0000034C   C8C6C700C8C7       DC32 13092552, 13092808, 13158601, 13224393, 13224394, 13224395
   \              C700C9C8C800
   \              C9C9C900CAC9
   \              C900CBC9C900
   \   00000364   CBC9CA00CACA       DC32 13289931, 13290186, 13355979, 13750481, 13882068, 13882324
   \              CA00CBCBCB00
   \              D1D0D100D4D2
   \              D300D4D3D300
   \   0000037C   D6D4D500D9D7       DC32 14013654, 14145497, 14211290, 14277083, 14408669, 14474461
   \              D700DAD8D800
   \              DBD9D900DDDB
   \              DB00DDDCDC00
   \   00000394   DDDDDD00DEDD       DC32 14540253, 14540254, 14605790, 14606047, 14671839, 14671585
   \              DD00DEDDDE00
   \              DFDEDE00DFDF
   \              DF00E1DEDF00
   \   000003AC   E0E0E000E1E1       DC32 14737632, 14803425, 14868963, 14869219, 14935012, 15000549
   \              E100E3E1E200
   \              E3E2E200E4E3
   \              E300E5E3E400
   \   000003C4   E5E5E500E7E6       DC32 15066597, 15197927, 15263721, 15460842, 15461099, 15526891
   \              E700E9E7E800
   \              EAE9EB00EBEA
   \              EB00EBEBEC00
   \   000003DC   ECEBEC00EDEB       DC32 15526892, 15526893, 15592940, 15856113, 16250871, 16316663
   \              EC00ECEDED00
   \              F1F1F100F7F7
   \              F700F7F8F800
   \   000003F4   F9F9F900FAFA       DC32 16382457, 16448250, 16448251
   \              FA00FBFAFA00
     40               0xFFFFFF,0x000000,0xD1D0D2,0xB2B2B3
     41              ,0xDFDEE0,0x666667,0xB5B5B6,0xCFCFCF
     42              ,0x9E9E9D,0x020202,0xE4E4E5,0xE7E7E7
     43              ,0xEAEAEA,0x1B1B1B,0xB4B4B5,0xF6F6F6
     44              ,0x222222,0x262626,0xE8E8E8,0xE9E8E9
     45              ,0xBCBCBC,0x2D2D2D,0x676768,0xE9E8EA
     46              ,0xE5E4E5,0xBABABA,0xC4C4C4,0xFCFCFC
     47              ,0xFEFEFE,0x010101,0xE5E4E6,0xE8E8E9
     48              ,0x121212,0xB4B4B6,0xB8B8B9,0xE6E5E6
     49              ,0xE6E6E6,0xEAE9EB,0xF8F8F8,0x0E0E0E
     50              ,0x101010,0x282828,0x767676,0xB3B3B3
     51              ,0xB7B7B8,0xC2C2C2,0xD8D8D9,0xE4E4E4
     52              ,0xFDFDFD,0x181818,0x252525,0x2F2F2F
     53              ,0x3A3A3A,0xB0B0B1,0xB1B1B2,0xB3B3B4
     54              ,0xB4B4B4,0xB5B4B6,0xC0C0C0,0xC3C3C3
     55              ,0xC3C4C4,0xD2D2D3,0xD4D4D5,0xD6D6D6
     56              ,0xDCDCDC,0xE7E6E8,0xEBEBEB,0xF4F4F4
     57              ,0x191919,0x343434,0x3C3C3C,0x404040
     58              ,0x4D4D4D,0x686868,0x6B6B6B,0x8E8E8E
     59              ,0x999999,0xA5A5A5,0xA6A6A6,0xA8A8A8
     60              ,0xACACAD,0xB0B0B0,0xB2B2B2,0xB6B6B6
     61              ,0xBCBCBD,0xC2C2C3,0xC5C5C6,0xCDCDCD
     62              ,0xDADADA,0xDFDFE0,0xEAE9EA,0xEAEAEB
     63              ,0xEBEBEC,0xECECEC,0xF5F5F5,0xFBFBFB
     64              ,0x050505,0x090909,0x0A0A0A,0x0C0C0C
     65              ,0x1A1A1A,0x1C1C1C,0x212121,0x2B2B2B
     66              ,0x2C2C2C,0x303030,0x393939,0x444444
     67              ,0x525252,0x535353,0x565656,0x626262
     68              ,0x707070,0x7A7A7A,0x7C7C7C,0x888888
     69              ,0x8A8A8A,0x9B9B9B,0x9C9C9C,0x9E9E9E
     70              ,0xA0A0A0,0xAAAAAA,0xAFAFB0,0xB1B1B1
     71              ,0xB5B5B7,0xB9B9BA,0xBBBBBC,0xBDBDBE
     72              ,0xBEBEBF,0xC3C3C4,0xC4C4C5,0xC6C6C7
     73              ,0xCACACC,0xCDCDCE,0xCFCFD0,0xD3D3D3
     74              ,0xD8D8D8,0xD9D9DA,0xDBDBDC,0xE0DFE1
     75              ,0xE0E0E1,0xE2E2E2,0xE3E3E3,0xE6E6E7
     76              ,0xE7E7E8,0xE9E9E9,0xE9E9EA,0xEDEDED
     77              ,0xEEEEEE,0xF2F2F2,0x040404,0x060606
     78              ,0x141414,0x202020,0x232323,0x272727
     79              ,0x2A2A2A,0x313131,0x363636,0x383838
     80              ,0x3B3B3B,0x3E3E3E,0x434343,0x484848
     81              ,0x575757,0x585859,0x5A5A5A,0x616161
     82              ,0x6A6A6A,0x6A6A6B,0x6B6B6C,0x6D6D6D
     83              ,0x6E6E6E,0x6F6F70,0x717172,0x7B7B7C
     84              ,0x838383,0x848484,0x868686,0x8D8D8D
     85              ,0x8F8F8F,0x939393,0x949494,0x949495
     86              ,0x979798,0x989899,0xA1A1A2,0xA3A3A3
     87              ,0xA4A4A4,0xA9A9AA,0xABABAC,0xAEAEAE
     88              ,0xAFB0B1,0xB2B2B4,0xB3B4B4,0xB5B6B7
     89              ,0xB6B6B8,0xB8B7B9,0xB8B8B8,0xB9B9B9
     90              ,0xB8B8BA,0xBAB9BB,0xB9BABB,0xBDBDBD
     91              ,0xBDBCBE,0xBDBDBF,0xBEBDBE,0xBEBDBF
     92              ,0xC2C2C4,0xC6C5C7,0xC6C6C6,0xC7C6C8
     93              ,0xC7C7C8,0xC8C8C9,0xC9C9C9,0xC9C9CA
     94              ,0xC9C9CB,0xCAC9CB,0xCACACA,0xCBCBCB
     95              ,0xD1D0D1,0xD3D2D4,0xD3D3D4,0xD5D4D6
     96              ,0xD7D7D9,0xD8D8DA,0xD9D9DB,0xDBDBDD
     97              ,0xDCDCDD,0xDDDDDD,0xDDDDDE,0xDEDDDE
     98              ,0xDEDEDF,0xDFDFDF,0xDFDEE1,0xE0E0E0
     99              ,0xE1E1E1,0xE2E1E3,0xE2E2E3,0xE3E3E4
    100              ,0xE4E3E5,0xE5E5E5,0xE7E6E7,0xE8E7E9
    101              ,0xEBE9EA,0xEBEAEB,0xECEBEB,0xECEBEC
    102              ,0xECEBED,0xEDEDEC,0xF1F1F1,0xF7F7F7
    103              ,0xF8F8F7,0xF9F9F9,0xFAFAFA,0xFAFAFB
    104          };
    105          

   \                                 In section .rodata, align 4
    106          static GUI_CONST_STORAGE GUI_LOGPALETTE PalOffUnSelected = {
   \                     PalOffUnSelected:
   \   00000000   00010000           DC32 256
   \   00000004   00000000           DC8 0, 0, 0, 0
   \   00000008   ........           DC32 ColorsOffUnSelected
    107            256,	/* number of entries */
    108            0, 	/* No transparency */
    109            &ColorsOffUnSelected[0]
    110          };
    111          

   \                                 In section .rodata, align 4
    112          static GUI_CONST_STORAGE unsigned char acOffUnSelected[] = {
   \                     acOffUnSelected:
   \   00000000   17171717175A       DC8 23, 23, 23, 23, 23, 90, 246, 248, 65, 237, 4, 4, 4, 4, 4, 4, 4, 4
   \              F6F841ED0404
   \              040404040404
   \   00000012   040404040404       DC8 4, 4, 4, 4, 4, 4, 4, 4, 4, 4, 4, 4, 4, 4, 4, 4, 4, 4, 4, 4, 4, 4, 4
   \              040404040404
   \              040404040404
   \              0404040404  
   \   00000029   040404040404       DC8 4, 4, 4, 4, 4, 4, 4, 4, 4, 4, 4, 4, 4, 4, 4, 4, 4, 4, 4, 4, 4, 4, 4
   \              040404040404
   \              040404040404
   \              0404040404  
   \   00000040   040404040404       DC8 4, 4, 4, 4, 4, 4, 4, 4, 4, 4, 4, 4, 139, 10, 37, 247, 37, 23, 23
   \              040404040404
   \              8B0A25F72517
   \              17          
   \   00000053   171717171313       DC8 23, 23, 23, 23, 19, 19, 19, 19, 244, 90, 138, 217, 206, 124, 3, 3
   \              1313F45A8AD9
   \              CE7C0303    
   \   00000063   030303030303       DC8 3, 3, 3, 3, 3, 3, 3, 3, 3, 3, 3, 3, 3, 3, 3, 3, 3, 3, 3, 3, 3, 3, 3
   \              030303030303
   \              030303030303
   \              0303030303  
   \   0000007A   030303030303       DC8 3, 3, 3, 3, 3, 3, 3, 3, 3, 3, 3, 3, 3, 3, 3, 3, 3, 3, 3, 3, 3, 3, 3
   \              030303030303
   \              030303030303
   \              0303030303  
   \   00000091   030303030303       DC8 3, 3, 3, 3, 3, 3, 3, 3, 3, 3, 3, 3, 3, 3, 3, 3, 3, 3, 55, 202, 129
   \              030303030303
   \              030303030303
   \              37CA81      
   \   000000A6   3D1842131313       DC8 61, 24, 66, 19, 19, 19, 19, 19, 19, 19, 19, 92, 89, 130, 54, 53, 84
   \              13131313135C
   \              5982363554  
   \   000000B7   DA0707070707       DC8 218, 7, 7, 7, 7, 7, 7, 7, 7, 7, 7, 7, 7, 7, 7, 7, 7, 7, 7, 7, 7, 7
   \              070707070707
   \              070707070707
   \              07070707    
   \   000000CD   070707070707       DC8 7, 7, 7, 7, 7, 7, 7, 7, 7, 7, 7, 7, 7, 7, 7, 7, 7, 7, 7, 7, 7, 7, 7
   \              070707070707
   \              070707070707
   \              0707070707  
   \   000000E4   070707070707       DC8 7, 7, 7, 7, 7, 7, 7, 7, 7, 7, 7, 7, 7, 7, 7, 7, 7, 7, 7, 7, 7, 7
   \              070707070707
   \              070707070707
   \              07070707    
   \   000000FA   851A0EC022DE       DC8 133, 26, 14, 192, 34, 222, 90, 91, 19, 19, 19, 31, 31, 92, 226, 44
   \              5A5B1313131F
   \              1F5CE22C    
   \   0000010A   35D55BFF0000       DC8 53, 213, 91, 255, 0, 0, 0, 0, 0, 0, 0, 0, 0, 0, 0, 0, 0, 0, 0, 0, 0
   \              000000000000
   \              000000000000
   \              000000      
   \   0000011F   000000000000       DC8 0, 0, 0, 0, 0, 0, 0, 0, 0, 0, 0, 0, 0, 0, 0, 0, 0, 0, 0, 0, 0, 0, 0
   \              000000000000
   \              000000000000
   \              0000000000  
   \   00000136   000000000000       DC8 0, 0, 0, 0, 0, 0, 0, 0, 0, 0, 0, 0, 0, 0, 0, 0, 0, 0, 0, 0, 0, 0, 0
   \              000000000000
   \              000000000000
   \              0000000000  
   \   0000014D   000000000030       DC8 0, 0, 0, 0, 0, 48, 67, 137, 125, 53, 209, 10, 91, 31, 31, 31, 92
   \              43897D35D10A
   \              5B1F1F1F5C  
   \   0000015E   89372CEE0000       DC8 137, 55, 44, 238, 0, 0, 0, 0, 0, 0, 0, 0, 0, 0, 0, 0, 0, 0, 0, 0, 0
   \              000000000000
   \              000000000000
   \              000000      
   \   00000173   000000000000       DC8 0, 0, 0, 0, 0, 0, 0, 0, 0, 0, 0, 0, 0, 0, 0, 0, 0, 0, 0, 0, 0, 0, 0
   \              000000000000
   \              000000000000
   \              0000000000  
   \   0000018A   000000000000       DC8 0, 0, 0, 0, 0, 0, 0, 0, 0, 0, 0, 0, 0, 0, 0, 0, 0, 0, 0, 0, 0, 0, 0
   \              000000000000
   \              000000000000
   \              0000000000  
   \   000001A1   000000000000       DC8 0, 0, 0, 0, 0, 0, 0, 0, 0, 0, 0, 67, 212, 122, 86, 31, 146, 31, 37
   \              000000000043
   \              D47A561F921F
   \              25          
   \   000001B4   8CC50E920000       DC8 140, 197, 14, 146, 0, 0, 0, 0, 0, 0, 0, 0, 0, 0, 0, 0, 0, 0, 0, 0
   \              000000000000
   \              000000000000
   \              0000        
   \   000001C8   000000000000       DC8 0, 0, 0, 0, 0, 0, 0, 0, 0, 0, 0, 0, 0, 0, 0, 0, 0, 0, 0, 0, 0, 0, 0
   \              000000000000
   \              000000000000
   \              0000000000  
   \   000001DF   000000000000       DC8 0, 0, 0, 0, 0, 0, 0, 0, 0, 0, 0, 0, 0, 0, 0, 0, 0, 0, 0, 0, 0, 0, 0
   \              000000000000
   \              000000000000
   \              0000000000  
   \   000001F6   000000000000       DC8 0, 0, 0, 0, 0, 0, 0, 0, 0, 0, 0, 0, 0, 0, 38, 85, 54, 134, 37, 243
   \              000000000000
   \              000026553686
   \              25F3        
   \   0000020A   255635E80000       DC8 37, 86, 53, 232, 0, 0, 0, 0, 0, 0, 0, 0, 0, 0, 0, 0, 0, 0, 0, 0, 0
   \              000000000000
   \              000000000000
   \              000000      
   \   0000021F   000000000000       DC8 0, 0, 0, 0, 0, 0, 0, 0, 250, 36, 18, 95, 0, 0, 0, 0, 0, 0, 0, 48
   \              0000FA24125F
   \              000000000000
   \              0030        
   \   00000233   42240B0B0B0B       DC8 66, 36, 11, 11, 11, 11, 11, 11, 11, 11, 36, 67, 0, 48, 12, 36, 11
   \              0B0B0B0B2443
   \              00300C240B  
   \   00000244   0B0B0B0B0B0B       DC8 11, 11, 11, 11, 11, 11, 11, 36, 94, 0, 0, 0, 0, 0, 0, 0, 0, 0, 0, 0
   \              0B245E000000
   \              000000000000
   \              0000        
   \   00000258   000000002E03       DC8 0, 0, 0, 0, 46, 3, 44, 139, 37, 228, 193, 131, 28, 0, 0, 0, 0, 0, 0
   \              2C8B25E4C183
   \              1C0000000000
   \              00          
   \   0000026B   000000000000       DC8 0, 0, 0, 0, 0, 0, 0, 0, 0, 0, 0, 0, 0, 0, 0, 0, 15, 121, 108, 103
   \              000000000000
   \              000000000F79
   \              6C67        
   \   0000027F   669A6A4A8700       DC8 102, 154, 106, 74, 135, 0, 0, 0, 0, 0, 147, 162, 13, 16, 16, 16, 16
   \              0000000093A2
   \              0D10101010  
   \   00000290   10101010444C       DC8 16, 16, 16, 16, 68, 76, 0, 66, 106, 101, 16, 16, 16, 16, 16, 16, 16
   \              00426A651010
   \              1010101010  
   \   000002A1   6665BB000000       DC8 102, 101, 187, 0, 0, 0, 0, 0, 0, 0, 0, 0, 0, 0, 0, 0, 0, 0, 249, 79
   \              000000000000
   \              000000000000
   \              F94F        
   \   000002B5   36D7F5867A2F       DC8 54, 215, 245, 134, 122, 47, 0, 0, 0, 0, 0, 0, 0, 0, 0, 0, 0, 0, 0
   \              000000000000
   \              000000000000
   \              00          
   \   000002C8   000000000000       DC8 0, 0, 0, 0, 0, 0, 0, 0, 0, 233, 161, 1, 1, 1, 1, 1, 1, 1, 97, 182
   \              000000E9A101
   \              010101010101
   \              61B6        
   \   000002DC   000000009132       DC8 0, 0, 0, 0, 145, 50, 1, 1, 1, 1, 1, 1, 1, 1, 1, 1, 177, 0, 11, 100
   \              010101010101
   \              01010101B100
   \              0B64        
   \   000002F0   010101010101       DC8 1, 1, 1, 1, 1, 1, 1, 1, 1, 1, 75, 0, 0, 0, 0, 0, 0, 0, 0, 0, 0, 0
   \              010101014B00
   \              000000000000
   \              00000000    
   \   00000306   000000001BBC       DC8 0, 0, 0, 0, 27, 188, 77, 205, 240, 208, 125, 67, 0, 0, 0, 0, 0, 0
   \              4DCDF0D07D43
   \              000000000000
   \   00000318   000000000000       DC8 0, 0, 0, 0, 0, 0, 0, 0, 0, 0, 0, 0, 0, 0, 0, 241, 157, 1, 1, 96
   \              000000000000
   \              000000F19D01
   \              0160        
   \   0000032C   A04A6E980101       DC8 160, 74, 110, 152, 1, 1, 1, 76, 0, 0, 0, 12, 17, 1, 1, 1, 153, 51
   \              014C0000000C
   \              110101019933
   \   0000033E   151515153277       DC8 21, 21, 21, 21, 50, 119, 0, 18, 13, 1, 1, 1, 16, 51, 21, 21, 21
   \              00120D010101
   \              1033151515  
   \   0000034F   689B4F000000       DC8 104, 155, 79, 0, 0, 0, 0, 0, 0, 0, 0, 0, 0, 0, 0, 0, 0, 0, 0, 83
   \              000000000000
   \              000000000000
   \              0053        
   \   00000363   7319E3C82D1C       DC8 115, 25, 227, 200, 45, 28, 0, 0, 0, 0, 0, 0, 0, 0, 0, 0, 0, 0, 0, 0
   \              000000000000
   \              000000000000
   \              0000        
   \   00000377   000000000000       DC8 0, 0, 0, 0, 0, 0, 0, 172, 1, 1, 1, 75, 0, 0, 0, 62, 41, 1, 1, 32
   \              00AC0101014B
   \              0000003E2901
   \              0120        
   \   0000038B   3F00000C1101       DC8 63, 0, 0, 12, 17, 1, 1, 9, 80, 0, 15, 15, 15, 15, 15, 95, 0, 18, 13
   \              010950000F0F
   \              0F0F0F5F0012
   \              0D          
   \   0000039E   01010914000F       DC8 1, 1, 9, 20, 0, 15, 15, 15, 15, 15, 95, 0, 0, 0, 0, 0, 0, 0, 0, 0
   \              0F0F0F0F5F00
   \              000000000000
   \              0000        
   \   000003B2   000000000000       DC8 0, 0, 0, 0, 0, 0, 0, 25, 112, 44, 223, 6, 129, 0, 0, 0, 0, 0, 0, 0
   \              0019702CDF06
   \              810000000000
   \              0000        
   \   000003C6   000000000000       DC8 0, 0, 0, 0, 0, 0, 0, 0, 0, 0, 0, 0, 0, 0, 229, 39, 1, 1, 70, 38, 0
   \              000000000000
   \              0000E5270101
   \              462600      
   \   000003DB   000000750101       DC8 0, 0, 0, 117, 1, 1, 1, 42, 0, 0, 12, 17, 1, 1, 9, 56, 0, 0, 0, 0, 0
   \              012A00000C11
   \              010109380000
   \              000000      
   \   000003F0   000000120D01       DC8 0, 0, 0, 18, 13, 1, 1, 9, 59, 0, 0, 0, 0, 0, 0, 0, 0, 0, 0, 0, 0, 0
   \              01093B000000
   \              000000000000
   \              00000000    
   \   00000406   000000000000       DC8 0, 0, 0, 0, 0, 0, 0, 0, 0, 0, 126, 73, 14, 61, 57, 60, 0, 0, 0, 0
   \              000000007E49
   \              0E3D393C0000
   \              0000        
   \   0000041A   000000000000       DC8 0, 0, 0, 0, 0, 0, 0, 0, 0, 0, 0, 0, 0, 0, 0, 0, 0, 180, 1, 1, 1, 42
   \              000000000000
   \              0000000000B4
   \              0101012A    
   \   00000430   00000000003F       DC8 0, 0, 0, 0, 0, 63, 32, 1, 1, 51, 27, 0, 12, 17, 1, 1, 9, 43, 0, 0
   \              200101331B00
   \              0C110101092B
   \              0000        
   \   00000444   000000000000       DC8 0, 0, 0, 0, 0, 0, 18, 13, 1, 1, 9, 45, 0, 0, 0, 0, 0, 0, 0, 0, 0, 0
   \              120D0101092D
   \              000000000000
   \              00000000    
   \   0000045A   000000000000       DC8 0, 0, 0, 0, 0, 0, 0, 0, 0, 0, 0, 0, 0, 20, 22, 14, 2, 57, 60, 0, 0
   \              000000000000
   \              0014160E0239
   \              3C0000      
   \   0000046F   000000000000       DC8 0, 0, 0, 0, 0, 0, 0, 0, 0, 0, 0, 0, 0, 0, 0, 0, 0, 0, 0, 166, 1, 1
   \              000000000000
   \              000000000000
   \              00A60101    
   \   00000485   017600000000       DC8 1, 118, 0, 0, 0, 0, 0, 38, 50, 1, 1, 32, 62, 0, 12, 17, 1, 1, 9, 56
   \              002632010120
   \              3E000C110101
   \              0938        
   \   00000499   000000000000       DC8 0, 0, 0, 0, 0, 0, 0, 0, 18, 13, 1, 1, 9, 59, 0, 0, 0, 0, 0, 0, 0, 0
   \              0000120D0101
   \              093B00000000
   \              00000000    
   \   000004AF   000000000000       DC8 0, 0, 0, 0, 0, 0, 0, 0, 0, 0, 0, 0, 0, 0, 0, 20, 22, 14, 2, 57, 60
   \              000000000000
   \              00000014160E
   \              02393C      
   \   000004C4   000000000000       DC8 0, 0, 0, 0, 0, 0, 0, 0, 0, 0, 0, 0, 0, 0, 0, 0, 0, 0, 0, 0, 27, 71
   \              000000000000
   \              000000000000
   \              00001B47    
   \   000004DA   01011D7B0000       DC8 1, 1, 29, 123, 0, 0, 0, 0, 0, 0, 21, 1, 1, 1, 126, 0, 12, 17, 1, 1
   \              000000001501
   \              01017E000C11
   \              0101        
   \   000004EE   09BA932F2F8E       DC8 9, 186, 147, 47, 47, 142, 12, 0, 0, 0, 18, 13, 1, 1, 9, 191, 148
   \              0C000000120D
   \              010109BF94  
   \   000004FF   2F2F8E420000       DC8 47, 47, 142, 66, 0, 0, 0, 0, 0, 0, 0, 0, 0, 0, 0, 0, 0, 0, 0, 0, 0
   \              000000000000
   \              000000000000
   \              000000      
   \   00000514   0014160E0239       DC8 0, 20, 22, 14, 2, 57, 60, 0, 0, 0, 0, 0, 0, 0, 0, 0, 0, 0, 0, 0, 0
   \              3C0000000000
   \              000000000000
   \              000000      
   \   00000529   000000000000       DC8 0, 0, 0, 0, 0, 0, 148, 103, 1, 1, 29, 81, 0, 0, 0, 0, 0, 0, 21, 1
   \              946701011D51
   \              000000000000
   \              1501        
   \   0000053D   01014E000C11       DC8 1, 1, 78, 0, 12, 17, 1, 1, 1, 32, 68, 49, 49, 40, 72, 28, 0, 0, 18
   \              010101204431
   \              3128481C0000
   \              12          
   \   00000550   0D0101012044       DC8 13, 1, 1, 1, 32, 68, 49, 49, 99, 108, 0, 0, 0, 0, 0, 0, 0, 0, 0, 0
   \              3131636C0000
   \              000000000000
   \              0000        
   \   00000564   000000000000       DC8 0, 0, 0, 0, 0, 0, 0, 0, 20, 22, 14, 2, 33, 26, 0, 0, 0, 0, 0, 0, 0
   \              000014160E02
   \              211A00000000
   \              000000      
   \   00000579   000000000000       DC8 0, 0, 0, 0, 0, 0, 0, 0, 0, 0, 0, 0, 0, 93, 41, 1, 1, 29, 81, 0, 0
   \              000000000000
   \              005D2901011D
   \              510000      
   \   0000058E   000000001501       DC8 0, 0, 0, 0, 21, 1, 1, 1, 77, 0, 12, 17, 1, 1, 1, 1, 1, 1, 1, 1, 69
   \              01014D000C11
   \              010101010101
   \              010145      
   \   000005A3   300000120D01       DC8 48, 0, 0, 18, 13, 1, 1, 1, 1, 1, 1, 1, 1, 71, 0, 0, 0, 0, 0, 0, 0
   \              010101010101
   \              014700000000
   \              000000      
   \   000005B8   000000000000       DC8 0, 0, 0, 0, 0, 0, 0, 0, 0, 0, 0, 20, 22, 14, 2, 33, 26, 0, 0, 0, 0
   \              000000000014
   \              160E02211A00
   \              000000      
   \   000005CD   000000000000       DC8 0, 0, 0, 0, 0, 0, 0, 0, 0, 0, 0, 0, 0, 0, 0, 0, 93, 41, 1, 1, 29
   \              000000000000
   \              000000005D29
   \              01011D      
   \   000005E2   510000000000       DC8 81, 0, 0, 0, 0, 0, 0, 21, 1, 1, 1, 77, 0, 12, 17, 1, 1, 1, 41, 70
   \              00150101014D
   \              000C11010101
   \              2946        
   \   000005F6   343445161C00       DC8 52, 52, 69, 22, 28, 0, 0, 18, 13, 1, 1, 29, 104, 70, 52, 52, 105
   \              00120D01011D
   \              6846343469  
   \   00000607   4A0000000000       DC8 74, 0, 0, 0, 0, 0, 0, 0, 0, 0, 0, 0, 0, 0, 0, 0, 0, 0, 0, 20, 22
   \              000000000000
   \              000000000000
   \              001416      
   \   0000061C   0E02211A0000       DC8 14, 2, 33, 26, 0, 0, 0, 0, 0, 0, 0, 0, 0, 0, 0, 0, 0, 0, 0, 0, 0, 0
   \              000000000000
   \              000000000000
   \              00000000    
   \   00000632   00005E9E0101       DC8 0, 0, 94, 158, 1, 1, 29, 82, 0, 0, 0, 0, 0, 0, 21, 1, 1, 1, 82, 0
   \              1D5200000000
   \              000015010101
   \              5200        
   \   00000646   0C1101010950       DC8 12, 17, 1, 1, 9, 80, 0, 15, 15, 15, 38, 0, 0, 0, 18, 13, 1, 1, 9
   \              000F0F0F2600
   \              0000120D0101
   \              09          
   \   00000659   14000F0F0F26       DC8 20, 0, 15, 15, 15, 38, 0, 0, 0, 0, 0, 0, 0, 0, 0, 0, 0, 0, 0, 0, 0
   \              000000000000
   \              000000000000
   \              000000      
   \   0000066E   00000014160E       DC8 0, 0, 0, 20, 22, 14, 2, 33, 26, 0, 0, 0, 0, 0, 0, 0, 0, 0, 0, 0, 0
   \              02211A000000
   \              000000000000
   \              000000      
   \   00000683   000000000000       DC8 0, 0, 0, 0, 0, 0, 0, 0, 0, 109, 1, 1, 1, 120, 0, 0, 0, 0, 0, 253
   \              0000006D0101
   \              017800000000
   \              00FD        
   \   00000697   320101635700       DC8 50, 1, 1, 99, 87, 0, 12, 17, 1, 1, 9, 56, 0, 0, 0, 0, 0, 0, 0, 0
   \              0C1101010938
   \              000000000000
   \              0000        
   \   000006AB   120D0101093B       DC8 18, 13, 1, 1, 9, 59, 0, 0, 0, 0, 0, 0, 0, 0, 0, 0, 0, 0, 0, 0, 0, 0
   \              000000000000
   \              000000000000
   \              00000000    
   \   000006C1   000000000000       DC8 0, 0, 0, 0, 0, 0, 0, 20, 22, 14, 2, 33, 26, 0, 0, 0, 0, 0, 0, 0, 0
   \              0014160E0221
   \              1A0000000000
   \              000000      
   \   000006D6   000000000000       DC8 0, 0, 0, 0, 0, 0, 0, 0, 0, 0, 0, 0, 0, 114, 1, 1, 1, 175, 0, 0, 0
   \              000000000000
   \              0072010101AF
   \              000000      
   \   000006EB   00003F200101       DC8 0, 0, 63, 32, 1, 1, 41, 149, 0, 12, 17, 1, 1, 9, 43, 0, 0, 0, 0, 0
   \              2995000C1101
   \              01092B000000
   \              0000        
   \   000006FF   000000120D01       DC8 0, 0, 0, 18, 13, 1, 1, 9, 45, 0, 0, 0, 0, 0, 0, 0, 0, 0, 0, 0, 0, 0
   \              01092D000000
   \              000000000000
   \              00000000    
   \   00000715   000000000000       DC8 0, 0, 0, 0, 0, 0, 0, 0, 0, 0, 20, 22, 14, 2, 33, 26, 0, 0, 0, 0, 0
   \              000000001416
   \              0E02211A0000
   \              000000      
   \   0000072A   000000000000       DC8 0, 0, 0, 0, 0, 0, 0, 0, 0, 0, 0, 0, 0, 0, 0, 0, 214, 150, 1, 1, 72
   \              000000000000
   \              00000000D696
   \              010148      
   \   0000073F   000000000077       DC8 0, 0, 0, 0, 0, 119, 1, 1, 1, 167, 0, 0, 12, 17, 1, 1, 9, 43, 0, 0
   \              010101A70000
   \              0C110101092B
   \              0000        
   \   00000753   000000000000       DC8 0, 0, 0, 0, 0, 0, 18, 13, 1, 1, 9, 45, 0, 0, 0, 0, 0, 0, 0, 0, 0, 0
   \              120D0101092D
   \              000000000000
   \              00000000    
   \   00000769   000000000000       DC8 0, 0, 0, 0, 0, 0, 0, 0, 0, 0, 0, 0, 0, 20, 22, 14, 2, 14, 26, 0, 0
   \              000000000000
   \              0014160E020E
   \              1A0000      
   \   0000077E   000000000000       DC8 0, 0, 0, 0, 0, 0, 0, 0, 0, 0, 0, 0, 0, 0, 0, 0, 0, 0, 0, 27, 107, 1
   \              000000000000
   \              000000000000
   \              001B6B01    
   \   00000794   01017B000000       DC8 1, 1, 123, 0, 0, 0, 11, 51, 1, 1, 151, 87, 0, 0, 12, 17, 1, 1, 9
   \              0B3301019757
   \              00000C110101
   \              09          
   \   000007A7   2B0000000000       DC8 43, 0, 0, 0, 0, 0, 0, 0, 0, 18, 13, 1, 1, 9, 45, 0, 0, 0, 0, 0, 0
   \              000000120D01
   \              01092D000000
   \              000000      
   \   000007BC   000000000000       DC8 0, 0, 0, 0, 0, 0, 0, 0, 0, 0, 0, 0, 0, 0, 0, 0, 0, 20, 22, 14, 220
   \              000000000000
   \              000000000014
   \              160EDC      
   \   000007D1   0E1A001C0000       DC8 14, 26, 0, 28, 0, 0, 0, 0, 0, 0, 0, 0, 0, 0, 0, 0, 0, 0, 0, 0, 0, 0
   \              000000000000
   \              000000000000
   \              00000000    
   \   000007E7   000057270101       DC8 0, 0, 87, 39, 1, 1, 40, 42, 121, 181, 105, 1, 1, 1, 174, 0, 0, 0
   \              282A79B56901
   \              0101AE000000
   \   000007F9   0C110101092B       DC8 12, 17, 1, 1, 9, 43, 0, 0, 0, 0, 0, 0, 0, 0, 18, 13, 1, 1, 9, 45, 0
   \              000000000000
   \              0000120D0101
   \              092D00      
   \   0000080E   000000000000       DC8 0, 0, 0, 0, 0, 0, 0, 0, 0, 0, 0, 0, 0, 0, 0, 0, 0, 0, 0, 0, 0, 0
   \              000000000000
   \              000000000000
   \              00000000    
   \   00000824   C7160E022C55       DC8 199, 22, 14, 2, 44, 85, 0, 0, 0, 0, 0, 0, 0, 0, 0, 0, 0, 0, 0, 0, 0
   \              000000000000
   \              000000000000
   \              000000      
   \   00000839   000000000000       DC8 0, 0, 0, 0, 0, 0, 0, 0, 56, 39, 1, 1, 1, 1, 1, 1, 1, 1, 111, 38, 0
   \              000038270101
   \              010101010101
   \              6F2600      
   \   0000084E   00000C110101       DC8 0, 0, 12, 17, 1, 1, 9, 82, 0, 0, 0, 0, 0, 0, 0, 0, 11, 13, 1, 1, 29
   \              095200000000
   \              000000000B0D
   \              01011D      
   \   00000863   2D0000000000       DC8 45, 0, 0, 0, 0, 0, 0, 0, 0, 0, 0, 0, 0, 0, 0, 0, 0, 0, 0, 0, 0, 0
   \              000000000000
   \              000000000000
   \              00000000    
   \   00000879   00004FA953DD       DC8 0, 0, 79, 169, 83, 221, 128, 84, 252, 0, 0, 0, 0, 0, 0, 0, 0, 0, 0
   \              8054FC000000
   \              000000000000
   \              00          
   \   0000088C   000000000000       DC8 0, 0, 0, 0, 0, 0, 0, 0, 0, 0, 0, 0, 0, 62, 111, 100, 97, 9, 96, 40
   \              000000000000
   \              003E6F646109
   \              6028        
   \   000008A0   9F4EFE000000       DC8 159, 78, 254, 0, 0, 0, 0, 93, 69, 98, 39, 32, 198, 0, 0, 0, 0, 0, 0
   \              005D45622720
   \              C60000000000
   \              00          
   \   000008B3   0000919C6227       DC8 0, 0, 145, 156, 98, 39, 32, 210, 0, 0, 0, 0, 0, 0, 0, 0, 0, 0, 0, 0
   \              20D200000000
   \              000000000000
   \              0000        
   \   000008C7   000000000000       DC8 0, 0, 0, 0, 0, 0, 0, 0, 0, 0, 0, 113, 42, 126, 46, 132, 54, 230, 27
   \              000000000071
   \              2A7E2E8436E6
   \              1B          
   \   000008DA   000000000000       DC8 0, 0, 0, 0, 0, 0, 0, 0, 0, 0, 0, 0, 0, 0, 0, 0, 0, 0, 0, 0, 0, 0, 0
   \              000000000000
   \              000000000000
   \              0000000000  
   \   000008F1   0043DB193AEC       DC8 0, 67, 219, 25, 58, 236, 28, 0, 0, 0, 0, 0, 0, 27, 141, 138, 64, 64
   \              1C0000000000
   \              001B8D8A4040
   \   00000903   5E0000000000       DC8 94, 0, 0, 0, 0, 0, 0, 0, 0, 27, 235, 138, 64, 64, 251, 0, 0, 0, 0
   \              0000001BEB8A
   \              4040FB000000
   \              00          
   \   00000916   000000000000       DC8 0, 0, 0, 0, 0, 0, 0, 0, 0, 0, 0, 0, 0, 0, 0, 0, 0, 0, 141, 109, 183
   \              000000000000
   \              000000000000
   \              8D6DB7      
   \   0000092B   CF04E0371988       DC8 207, 4, 224, 55, 25, 136, 27, 0, 0, 0, 0, 0, 0, 0, 0, 0, 0, 0, 0, 0
   \              1B0000000000
   \              000000000000
   \              0000        
   \   0000093F   000000000000       DC8 0, 0, 0, 0, 0, 0, 0, 0, 0, 0, 0, 0, 0, 0, 0, 0, 0, 0, 0, 0, 0, 0, 0
   \              000000000000
   \              000000000000
   \              0000000000  
   \   00000956   000000000000       DC8 0, 0, 0, 0, 0, 0, 0, 0, 0, 0, 0, 0, 0, 0, 0, 0, 0, 0, 0, 0, 0, 0, 0
   \              000000000000
   \              000000000000
   \              0000000000  
   \   0000096D   000000000000       DC8 0, 0, 0, 0, 0, 0, 0, 0, 0, 0, 0, 0, 0, 0, 0, 0, 0, 0, 75, 164, 55
   \              000000000000
   \              000000000000
   \              4BA437      
   \   00000982   8241235503BE       DC8 130, 65, 35, 85, 3, 190, 135, 0, 0, 0, 0, 0, 0, 0, 0, 0, 0, 0, 0, 0
   \              870000000000
   \              000000000000
   \              0000        
   \   00000996   000000000000       DC8 0, 0, 0, 0, 0, 0, 0, 0, 0, 0, 0, 0, 0, 0, 0, 0, 0, 0, 0, 0, 0, 0, 0
   \              000000000000
   \              000000000000
   \              0000000000  
   \   000009AD   000000000000       DC8 0, 0, 0, 0, 0, 0, 0, 0, 0, 0, 0, 0, 0, 0, 0, 0, 0, 0, 0, 0, 0, 0, 0
   \              000000000000
   \              000000000000
   \              0000000000  
   \   000009C4   000000000000       DC8 0, 0, 0, 0, 0, 0, 0, 0, 0, 0, 0, 0, 0, 0, 0, 0, 0, 203, 107, 184
   \              000000000000
   \              0000000000CB
   \              6BB8        
   \   000009D8   192E4141E106       DC8 25, 46, 65, 65, 225, 6, 80, 116, 59, 28, 0, 0, 0, 0, 0, 0, 0, 0, 0
   \              50743B1C0000
   \              000000000000
   \              00          
   \   000009EB   000000000000       DC8 0, 0, 0, 0, 0, 0, 0, 0, 0, 0, 0, 0, 0, 0, 0, 0, 0, 0, 0, 0, 0, 0, 0
   \              000000000000
   \              000000000000
   \              0000000000  
   \   00000A02   000000000000       DC8 0, 0, 0, 0, 0, 0, 0, 0, 0, 0, 0, 0, 0, 0, 0, 0, 0, 0, 0, 0, 0, 0, 0
   \              000000000000
   \              000000000000
   \              0000000000  
   \   00000A19   000000000000       DC8 0, 0, 0, 0, 0, 0, 0, 0, 0, 0, 0, 0, 0, 0, 0, 0, 0, 0, 25, 163, 175
   \              000000000000
   \              000000000000
   \              19A3AF      
   \   00000A2E   2283231E1E23       DC8 34, 131, 35, 30, 30, 35, 132, 124, 186, 168, 179, 136, 48, 0, 0, 0
   \              847CBAA8B388
   \              30000000    
   \   00000A3E   000000000000       DC8 0, 0, 0, 0, 0, 0, 0, 0, 0, 0, 0, 0, 0, 0, 0, 0, 0, 0, 0, 0, 0, 0, 0
   \              000000000000
   \              000000000000
   \              0000000000  
   \   00000A55   000000000000       DC8 0, 0, 0, 0, 0, 0, 0, 0, 0, 0, 0, 0, 0, 0, 0, 0, 0, 0, 0, 0, 0, 0, 0
   \              000000000000
   \              000000000000
   \              0000000000  
   \   00000A6C   000000000000       DC8 0, 0, 0, 0, 0, 0, 0, 0, 0, 0, 0, 0, 0, 0, 0, 0, 0, 0, 0, 28, 88
   \              000000000000
   \              000000000000
   \              001C58      
   \   00000A81   B2477253CCEA       DC8 178, 71, 114, 83, 204, 234, 35, 30, 24, 35, 24, 216, 34, 189, 174
   \              231E182318D8
   \              22BDAE      
   \   00000A90   A5AB74750808       DC8 165, 171, 116, 117, 8, 8, 8, 8, 8, 8, 8, 8, 8, 8, 8, 8, 8, 8, 8, 8
   \              080808080808
   \              080808080808
   \              0808        
   \   00000AA4   080808080808       DC8 8, 8, 8, 8, 8, 8, 8, 8, 8, 8, 8, 8, 8, 8, 8, 8, 8, 8, 8, 8, 8, 8, 8
   \              080808080808
   \              080808080808
   \              0808080808  
   \   00000ABB   080808080808       DC8 8, 8, 8, 8, 8, 8, 8, 8, 8, 8, 8, 8, 8, 8, 8, 8, 8, 8, 8, 8, 8, 8, 8
   \              080808080808
   \              080808080808
   \              0808080808  
   \   00000AD2   080876734948       DC8 8, 8, 118, 115, 73, 72, 110, 185, 34, 127, 231, 242, 24, 24, 24, 24
   \              6EB9227FE7F2
   \              18181818    
   \   00000AE2   231E3D7F224E       DC8 35, 30, 61, 127, 34, 78, 176, 173, 73, 22, 22, 22, 22, 22, 22, 22
   \              B0AD49161616
   \              16161616    
   \   00000AF2   161616161616       DC8 22, 22, 22, 22, 22, 22, 22, 22, 22, 22, 22, 22, 22, 22, 22, 22, 22
   \              161616161616
   \              1616161616  
   \   00000B03   161616161616       DC8 22, 22, 22, 22, 22, 22, 22, 22, 22, 22, 22, 22, 22, 22, 22, 22, 22
   \              161616161616
   \              1616161616  
   \   00000B14   161616161616       DC8 22, 22, 22, 22, 22, 22, 22, 22, 22, 22, 22, 22, 22, 22, 22, 22, 22
   \              161616161616
   \              1616161616  
   \   00000B25   161616161616       DC8 22, 22, 22, 22, 22, 22, 5, 170, 42, 76, 194, 201, 211, 89, 143, 24
   \              05AA2A4CC2C9
   \              D3598F18    
   \   00000B35   18180A0A0A0A       DC8 24, 24, 10, 10, 10, 10, 144, 140, 133, 58, 84, 25, 196, 6, 6, 6, 6
   \              908C853A5419
   \              C406060606  
   \   00000B46   060606060606       DC8 6, 6, 6, 6, 6, 6, 6, 6, 6, 6, 6, 6, 6, 6, 6, 6, 6, 6, 6, 6, 6, 6, 6
   \              060606060606
   \              060606060606
   \              0606060606  
   \   00000B5D   060606060606       DC8 6, 6, 6, 6, 6, 6, 6, 6, 6, 6, 6, 6, 6, 6, 6, 6, 6, 6, 6, 6, 6, 6, 6
   \              060606060606
   \              060606060606
   \              0606060606  
   \   00000B74   060606060606       DC8 6, 6, 6, 6, 6, 6, 6, 6, 6, 6, 6, 6, 6, 6, 195, 34, 126, 128, 86, 46
   \              060606060606
   \              0606C3227E80
   \              562E        
   \   00000B88   241E0A0A0A0A       DC8 36, 30, 10, 10, 10, 10, 10, 10, 10, 10, 10, 30, 144, 239, 138, 63
   \              0A0A0A0A0A1E
   \              90EF8A3F    
   \   00000B98   3D0202020202       DC8 61, 2, 2, 2, 2, 2, 2, 2, 2, 2, 2, 2, 2, 2, 2, 2, 2, 2, 2, 2, 2, 2
   \              020202020202
   \              020202020202
   \              02020202    
   \   00000BAE   020202020202       DC8 2, 2, 2, 2, 2, 2, 2, 2, 2, 2, 2, 2, 2, 2, 2, 2, 2, 2, 2, 2, 2, 2, 2
   \              020202020202
   \              020202020202
   \              0202020202  
   \   00000BC5   020202020202       DC8 2, 2, 2, 2, 2, 2, 2, 2, 2, 2, 2, 2, 2, 2, 2, 2, 2, 2, 2, 2, 2, 62
   \              020202020202
   \              020202020202
   \              0202023E    
   \   00000BDB   2E590B8F1E0A       DC8 46, 89, 11, 143, 30, 10, 10, 10, 10, 10, 0, 0, 0
   \              0A0A0A0A0000
   \              00          
    113            0x17, 0x17, 0x17, 0x17, 0x17, 0x5A, 0xF6, 0xF8, 0x41, 0xED, 0x04, 0x04, 0x04, 0x04, 0x04, 0x04, 0x04, 0x04, 0x04, 0x04, 0x04, 0x04, 0x04, 0x04, 0x04, 0x04, 0x04, 0x04, 0x04, 0x04, 0x04, 0x04, 0x04, 0x04, 0x04, 0x04, 0x04, 0x04, 0x04, 0x04, 0x04, 0x04, 
    114                  0x04, 0x04, 0x04, 0x04, 0x04, 0x04, 0x04, 0x04, 0x04, 0x04, 0x04, 0x04, 0x04, 0x04, 0x04, 0x04, 0x04, 0x04, 0x04, 0x04, 0x04, 0x04, 0x04, 0x04, 0x04, 0x04, 0x04, 0x04, 0x04, 0x04, 0x04, 0x04, 0x04, 0x04, 0x8B, 0x0A, 0x25, 0xF7, 0x25, 0x17, 0x17, 
    115                  0x17, 0x17, 0x17, 0x17,
    116            0x13, 0x13, 0x13, 0x13, 0xF4, 0x5A, 0x8A, 0xD9, 0xCE, 0x7C, 0x03, 0x03, 0x03, 0x03, 0x03, 0x03, 0x03, 0x03, 0x03, 0x03, 0x03, 0x03, 0x03, 0x03, 0x03, 0x03, 0x03, 0x03, 0x03, 0x03, 0x03, 0x03, 0x03, 0x03, 0x03, 0x03, 0x03, 0x03, 0x03, 0x03, 0x03, 0x03, 
    117                  0x03, 0x03, 0x03, 0x03, 0x03, 0x03, 0x03, 0x03, 0x03, 0x03, 0x03, 0x03, 0x03, 0x03, 0x03, 0x03, 0x03, 0x03, 0x03, 0x03, 0x03, 0x03, 0x03, 0x03, 0x03, 0x03, 0x03, 0x03, 0x03, 0x03, 0x03, 0x03, 0x03, 0x03, 0x37, 0xCA, 0x81, 0x3D, 0x18, 0x42, 0x13, 
    118                  0x13, 0x13, 0x13, 0x13,
    119            0x13, 0x13, 0x13, 0x5C, 0x59, 0x82, 0x36, 0x35, 0x54, 0xDA, 0x07, 0x07, 0x07, 0x07, 0x07, 0x07, 0x07, 0x07, 0x07, 0x07, 0x07, 0x07, 0x07, 0x07, 0x07, 0x07, 0x07, 0x07, 0x07, 0x07, 0x07, 0x07, 0x07, 0x07, 0x07, 0x07, 0x07, 0x07, 0x07, 0x07, 0x07, 0x07, 
    120                  0x07, 0x07, 0x07, 0x07, 0x07, 0x07, 0x07, 0x07, 0x07, 0x07, 0x07, 0x07, 0x07, 0x07, 0x07, 0x07, 0x07, 0x07, 0x07, 0x07, 0x07, 0x07, 0x07, 0x07, 0x07, 0x07, 0x07, 0x07, 0x07, 0x07, 0x07, 0x07, 0x07, 0x07, 0x85, 0x1A, 0x0E, 0xC0, 0x22, 0xDE, 0x5A, 
    121                  0x5B, 0x13, 0x13, 0x13,
    122            0x1F, 0x1F, 0x5C, 0xE2, 0x2C, 0x35, 0xD5, 0x5B, 0xFF, 0x00, 0x00, 0x00, 0x00, 0x00, 0x00, 0x00, 0x00, 0x00, 0x00, 0x00, 0x00, 0x00, 0x00, 0x00, 0x00, 0x00, 0x00, 0x00, 0x00, 0x00, 0x00, 0x00, 0x00, 0x00, 0x00, 0x00, 0x00, 0x00, 0x00, 0x00, 0x00, 0x00, 
    123                  0x00, 0x00, 0x00, 0x00, 0x00, 0x00, 0x00, 0x00, 0x00, 0x00, 0x00, 0x00, 0x00, 0x00, 0x00, 0x00, 0x00, 0x00, 0x00, 0x00, 0x00, 0x00, 0x00, 0x00, 0x00, 0x00, 0x00, 0x00, 0x00, 0x00, 0x00, 0x00, 0x00, 0x00, 0x00, 0x30, 0x43, 0x89, 0x7D, 0x35, 0xD1, 
    124                  0x0A, 0x5B, 0x1F, 0x1F,
    125            0x1F, 0x5C, 0x89, 0x37, 0x2C, 0xEE, 0x00, 0x00, 0x00, 0x00, 0x00, 0x00, 0x00, 0x00, 0x00, 0x00, 0x00, 0x00, 0x00, 0x00, 0x00, 0x00, 0x00, 0x00, 0x00, 0x00, 0x00, 0x00, 0x00, 0x00, 0x00, 0x00, 0x00, 0x00, 0x00, 0x00, 0x00, 0x00, 0x00, 0x00, 0x00, 0x00, 
    126                  0x00, 0x00, 0x00, 0x00, 0x00, 0x00, 0x00, 0x00, 0x00, 0x00, 0x00, 0x00, 0x00, 0x00, 0x00, 0x00, 0x00, 0x00, 0x00, 0x00, 0x00, 0x00, 0x00, 0x00, 0x00, 0x00, 0x00, 0x00, 0x00, 0x00, 0x00, 0x00, 0x00, 0x00, 0x00, 0x00, 0x00, 0x00, 0x43, 0xD4, 0x7A, 
    127                  0x56, 0x1F, 0x92, 0x1F,
    128            0x25, 0x8C, 0xC5, 0x0E, 0x92, 0x00, 0x00, 0x00, 0x00, 0x00, 0x00, 0x00, 0x00, 0x00, 0x00, 0x00, 0x00, 0x00, 0x00, 0x00, 0x00, 0x00, 0x00, 0x00, 0x00, 0x00, 0x00, 0x00, 0x00, 0x00, 0x00, 0x00, 0x00, 0x00, 0x00, 0x00, 0x00, 0x00, 0x00, 0x00, 0x00, 0x00, 
    129                  0x00, 0x00, 0x00, 0x00, 0x00, 0x00, 0x00, 0x00, 0x00, 0x00, 0x00, 0x00, 0x00, 0x00, 0x00, 0x00, 0x00, 0x00, 0x00, 0x00, 0x00, 0x00, 0x00, 0x00, 0x00, 0x00, 0x00, 0x00, 0x00, 0x00, 0x00, 0x00, 0x00, 0x00, 0x00, 0x00, 0x00, 0x00, 0x00, 0x26, 0x55, 
    130                  0x36, 0x86, 0x25, 0xF3,
    131            0x25, 0x56, 0x35, 0xE8, 0x00, 0x00, 0x00, 0x00, 0x00, 0x00, 0x00, 0x00, 0x00, 0x00, 0x00, 0x00, 0x00, 0x00, 0x00, 0x00, 0x00, 0x00, 0x00, 0x00, 0x00, 0x00, 0x00, 0x00, 0x00, 0xFA, 0x24, 0x12, 0x5F, 0x00, 0x00, 0x00, 0x00, 0x00, 0x00, 0x00, 0x30, 0x42, 
    132                  0x24, 0x0B, 0x0B, 0x0B, 0x0B, 0x0B, 0x0B, 0x0B, 0x0B, 0x24, 0x43, 0x00, 0x30, 0x0C, 0x24, 0x0B, 0x0B, 0x0B, 0x0B, 0x0B, 0x0B, 0x0B, 0x0B, 0x24, 0x5E, 0x00, 0x00, 0x00, 0x00, 0x00, 0x00, 0x00, 0x00, 0x00, 0x00, 0x00, 0x00, 0x00, 0x00, 0x00, 0x2E, 
    133                  0x03, 0x2C, 0x8B, 0x25,
    134            0xE4, 0xC1, 0x83, 0x1C, 0x00, 0x00, 0x00, 0x00, 0x00, 0x00, 0x00, 0x00, 0x00, 0x00, 0x00, 0x00, 0x00, 0x00, 0x00, 0x00, 0x00, 0x00, 0x00, 0x00, 0x00, 0x00, 0x0F, 0x79, 0x6C, 0x67, 0x66, 0x9A, 0x6A, 0x4A, 0x87, 0x00, 0x00, 0x00, 0x00, 0x00, 0x93, 0xA2, 
    135                  0x0D, 0x10, 0x10, 0x10, 0x10, 0x10, 0x10, 0x10, 0x10, 0x44, 0x4C, 0x00, 0x42, 0x6A, 0x65, 0x10, 0x10, 0x10, 0x10, 0x10, 0x10, 0x10, 0x66, 0x65, 0xBB, 0x00, 0x00, 0x00, 0x00, 0x00, 0x00, 0x00, 0x00, 0x00, 0x00, 0x00, 0x00, 0x00, 0x00, 0x00, 0xF9, 
    136                  0x4F, 0x36, 0xD7, 0xF5,
    137            0x86, 0x7A, 0x2F, 0x00, 0x00, 0x00, 0x00, 0x00, 0x00, 0x00, 0x00, 0x00, 0x00, 0x00, 0x00, 0x00, 0x00, 0x00, 0x00, 0x00, 0x00, 0x00, 0x00, 0x00, 0x00, 0xE9, 0xA1, 0x01, 0x01, 0x01, 0x01, 0x01, 0x01, 0x01, 0x61, 0xB6, 0x00, 0x00, 0x00, 0x00, 0x91, 0x32, 
    138                  0x01, 0x01, 0x01, 0x01, 0x01, 0x01, 0x01, 0x01, 0x01, 0x01, 0xB1, 0x00, 0x0B, 0x64, 0x01, 0x01, 0x01, 0x01, 0x01, 0x01, 0x01, 0x01, 0x01, 0x01, 0x4B, 0x00, 0x00, 0x00, 0x00, 0x00, 0x00, 0x00, 0x00, 0x00, 0x00, 0x00, 0x00, 0x00, 0x00, 0x00, 0x1B, 
    139                  0xBC, 0x4D, 0xCD, 0xF0,
    140            0xD0, 0x7D, 0x43, 0x00, 0x00, 0x00, 0x00, 0x00, 0x00, 0x00, 0x00, 0x00, 0x00, 0x00, 0x00, 0x00, 0x00, 0x00, 0x00, 0x00, 0x00, 0x00, 0x00, 0x00, 0xF1, 0x9D, 0x01, 0x01, 0x60, 0xA0, 0x4A, 0x6E, 0x98, 0x01, 0x01, 0x01, 0x4C, 0x00, 0x00, 0x00, 0x0C, 0x11, 
    141                  0x01, 0x01, 0x01, 0x99, 0x33, 0x15, 0x15, 0x15, 0x15, 0x32, 0x77, 0x00, 0x12, 0x0D, 0x01, 0x01, 0x01, 0x10, 0x33, 0x15, 0x15, 0x15, 0x68, 0x9B, 0x4F, 0x00, 0x00, 0x00, 0x00, 0x00, 0x00, 0x00, 0x00, 0x00, 0x00, 0x00, 0x00, 0x00, 0x00, 0x00, 0x00, 
    142                  0x53, 0x73, 0x19, 0xE3,
    143            0xC8, 0x2D, 0x1C, 0x00, 0x00, 0x00, 0x00, 0x00, 0x00, 0x00, 0x00, 0x00, 0x00, 0x00, 0x00, 0x00, 0x00, 0x00, 0x00, 0x00, 0x00, 0x00, 0x00, 0x00, 0xAC, 0x01, 0x01, 0x01, 0x4B, 0x00, 0x00, 0x00, 0x3E, 0x29, 0x01, 0x01, 0x20, 0x3F, 0x00, 0x00, 0x0C, 0x11, 
    144                  0x01, 0x01, 0x09, 0x50, 0x00, 0x0F, 0x0F, 0x0F, 0x0F, 0x0F, 0x5F, 0x00, 0x12, 0x0D, 0x01, 0x01, 0x09, 0x14, 0x00, 0x0F, 0x0F, 0x0F, 0x0F, 0x0F, 0x5F, 0x00, 0x00, 0x00, 0x00, 0x00, 0x00, 0x00, 0x00, 0x00, 0x00, 0x00, 0x00, 0x00, 0x00, 0x00, 0x00, 
    145                  0x19, 0x70, 0x2C, 0xDF,
    146            0x06, 0x81, 0x00, 0x00, 0x00, 0x00, 0x00, 0x00, 0x00, 0x00, 0x00, 0x00, 0x00, 0x00, 0x00, 0x00, 0x00, 0x00, 0x00, 0x00, 0x00, 0x00, 0x00, 0xE5, 0x27, 0x01, 0x01, 0x46, 0x26, 0x00, 0x00, 0x00, 0x00, 0x75, 0x01, 0x01, 0x01, 0x2A, 0x00, 0x00, 0x0C, 0x11, 
    147                  0x01, 0x01, 0x09, 0x38, 0x00, 0x00, 0x00, 0x00, 0x00, 0x00, 0x00, 0x00, 0x12, 0x0D, 0x01, 0x01, 0x09, 0x3B, 0x00, 0x00, 0x00, 0x00, 0x00, 0x00, 0x00, 0x00, 0x00, 0x00, 0x00, 0x00, 0x00, 0x00, 0x00, 0x00, 0x00, 0x00, 0x00, 0x00, 0x00, 0x00, 0x00, 
    148                  0x7E, 0x49, 0x0E, 0x3D,
    149            0x39, 0x3C, 0x00, 0x00, 0x00, 0x00, 0x00, 0x00, 0x00, 0x00, 0x00, 0x00, 0x00, 0x00, 0x00, 0x00, 0x00, 0x00, 0x00, 0x00, 0x00, 0x00, 0x00, 0xB4, 0x01, 0x01, 0x01, 0x2A, 0x00, 0x00, 0x00, 0x00, 0x00, 0x3F, 0x20, 0x01, 0x01, 0x33, 0x1B, 0x00, 0x0C, 0x11, 
    150                  0x01, 0x01, 0x09, 0x2B, 0x00, 0x00, 0x00, 0x00, 0x00, 0x00, 0x00, 0x00, 0x12, 0x0D, 0x01, 0x01, 0x09, 0x2D, 0x00, 0x00, 0x00, 0x00, 0x00, 0x00, 0x00, 0x00, 0x00, 0x00, 0x00, 0x00, 0x00, 0x00, 0x00, 0x00, 0x00, 0x00, 0x00, 0x00, 0x00, 0x00, 0x00, 
    151                  0x14, 0x16, 0x0E, 0x02,
    152            0x39, 0x3C, 0x00, 0x00, 0x00, 0x00, 0x00, 0x00, 0x00, 0x00, 0x00, 0x00, 0x00, 0x00, 0x00, 0x00, 0x00, 0x00, 0x00, 0x00, 0x00, 0x00, 0x00, 0xA6, 0x01, 0x01, 0x01, 0x76, 0x00, 0x00, 0x00, 0x00, 0x00, 0x26, 0x32, 0x01, 0x01, 0x20, 0x3E, 0x00, 0x0C, 0x11, 
    153                  0x01, 0x01, 0x09, 0x38, 0x00, 0x00, 0x00, 0x00, 0x00, 0x00, 0x00, 0x00, 0x12, 0x0D, 0x01, 0x01, 0x09, 0x3B, 0x00, 0x00, 0x00, 0x00, 0x00, 0x00, 0x00, 0x00, 0x00, 0x00, 0x00, 0x00, 0x00, 0x00, 0x00, 0x00, 0x00, 0x00, 0x00, 0x00, 0x00, 0x00, 0x00, 
    154                  0x14, 0x16, 0x0E, 0x02,
    155            0x39, 0x3C, 0x00, 0x00, 0x00, 0x00, 0x00, 0x00, 0x00, 0x00, 0x00, 0x00, 0x00, 0x00, 0x00, 0x00, 0x00, 0x00, 0x00, 0x00, 0x00, 0x00, 0x1B, 0x47, 0x01, 0x01, 0x1D, 0x7B, 0x00, 0x00, 0x00, 0x00, 0x00, 0x00, 0x15, 0x01, 0x01, 0x01, 0x7E, 0x00, 0x0C, 0x11, 
    156                  0x01, 0x01, 0x09, 0xBA, 0x93, 0x2F, 0x2F, 0x8E, 0x0C, 0x00, 0x00, 0x00, 0x12, 0x0D, 0x01, 0x01, 0x09, 0xBF, 0x94, 0x2F, 0x2F, 0x8E, 0x42, 0x00, 0x00, 0x00, 0x00, 0x00, 0x00, 0x00, 0x00, 0x00, 0x00, 0x00, 0x00, 0x00, 0x00, 0x00, 0x00, 0x00, 0x00, 
    157                  0x14, 0x16, 0x0E, 0x02,
    158            0x39, 0x3C, 0x00, 0x00, 0x00, 0x00, 0x00, 0x00, 0x00, 0x00, 0x00, 0x00, 0x00, 0x00, 0x00, 0x00, 0x00, 0x00, 0x00, 0x00, 0x00, 0x00, 0x94, 0x67, 0x01, 0x01, 0x1D, 0x51, 0x00, 0x00, 0x00, 0x00, 0x00, 0x00, 0x15, 0x01, 0x01, 0x01, 0x4E, 0x00, 0x0C, 0x11, 
    159                  0x01, 0x01, 0x01, 0x20, 0x44, 0x31, 0x31, 0x28, 0x48, 0x1C, 0x00, 0x00, 0x12, 0x0D, 0x01, 0x01, 0x01, 0x20, 0x44, 0x31, 0x31, 0x63, 0x6C, 0x00, 0x00, 0x00, 0x00, 0x00, 0x00, 0x00, 0x00, 0x00, 0x00, 0x00, 0x00, 0x00, 0x00, 0x00, 0x00, 0x00, 0x00, 
    160                  0x14, 0x16, 0x0E, 0x02,
    161            0x21, 0x1A, 0x00, 0x00, 0x00, 0x00, 0x00, 0x00, 0x00, 0x00, 0x00, 0x00, 0x00, 0x00, 0x00, 0x00, 0x00, 0x00, 0x00, 0x00, 0x00, 0x00, 0x5D, 0x29, 0x01, 0x01, 0x1D, 0x51, 0x00, 0x00, 0x00, 0x00, 0x00, 0x00, 0x15, 0x01, 0x01, 0x01, 0x4D, 0x00, 0x0C, 0x11, 
    162                  0x01, 0x01, 0x01, 0x01, 0x01, 0x01, 0x01, 0x01, 0x45, 0x30, 0x00, 0x00, 0x12, 0x0D, 0x01, 0x01, 0x01, 0x01, 0x01, 0x01, 0x01, 0x01, 0x47, 0x00, 0x00, 0x00, 0x00, 0x00, 0x00, 0x00, 0x00, 0x00, 0x00, 0x00, 0x00, 0x00, 0x00, 0x00, 0x00, 0x00, 0x00, 
    163                  0x14, 0x16, 0x0E, 0x02,
    164            0x21, 0x1A, 0x00, 0x00, 0x00, 0x00, 0x00, 0x00, 0x00, 0x00, 0x00, 0x00, 0x00, 0x00, 0x00, 0x00, 0x00, 0x00, 0x00, 0x00, 0x00, 0x00, 0x5D, 0x29, 0x01, 0x01, 0x1D, 0x51, 0x00, 0x00, 0x00, 0x00, 0x00, 0x00, 0x15, 0x01, 0x01, 0x01, 0x4D, 0x00, 0x0C, 0x11, 
    165                  0x01, 0x01, 0x01, 0x29, 0x46, 0x34, 0x34, 0x45, 0x16, 0x1C, 0x00, 0x00, 0x12, 0x0D, 0x01, 0x01, 0x1D, 0x68, 0x46, 0x34, 0x34, 0x69, 0x4A, 0x00, 0x00, 0x00, 0x00, 0x00, 0x00, 0x00, 0x00, 0x00, 0x00, 0x00, 0x00, 0x00, 0x00, 0x00, 0x00, 0x00, 0x00, 
    166                  0x14, 0x16, 0x0E, 0x02,
    167            0x21, 0x1A, 0x00, 0x00, 0x00, 0x00, 0x00, 0x00, 0x00, 0x00, 0x00, 0x00, 0x00, 0x00, 0x00, 0x00, 0x00, 0x00, 0x00, 0x00, 0x00, 0x00, 0x5E, 0x9E, 0x01, 0x01, 0x1D, 0x52, 0x00, 0x00, 0x00, 0x00, 0x00, 0x00, 0x15, 0x01, 0x01, 0x01, 0x52, 0x00, 0x0C, 0x11, 
    168                  0x01, 0x01, 0x09, 0x50, 0x00, 0x0F, 0x0F, 0x0F, 0x26, 0x00, 0x00, 0x00, 0x12, 0x0D, 0x01, 0x01, 0x09, 0x14, 0x00, 0x0F, 0x0F, 0x0F, 0x26, 0x00, 0x00, 0x00, 0x00, 0x00, 0x00, 0x00, 0x00, 0x00, 0x00, 0x00, 0x00, 0x00, 0x00, 0x00, 0x00, 0x00, 0x00, 
    169                  0x14, 0x16, 0x0E, 0x02,
    170            0x21, 0x1A, 0x00, 0x00, 0x00, 0x00, 0x00, 0x00, 0x00, 0x00, 0x00, 0x00, 0x00, 0x00, 0x00, 0x00, 0x00, 0x00, 0x00, 0x00, 0x00, 0x00, 0x00, 0x6D, 0x01, 0x01, 0x01, 0x78, 0x00, 0x00, 0x00, 0x00, 0x00, 0xFD, 0x32, 0x01, 0x01, 0x63, 0x57, 0x00, 0x0C, 0x11, 
    171                  0x01, 0x01, 0x09, 0x38, 0x00, 0x00, 0x00, 0x00, 0x00, 0x00, 0x00, 0x00, 0x12, 0x0D, 0x01, 0x01, 0x09, 0x3B, 0x00, 0x00, 0x00, 0x00, 0x00, 0x00, 0x00, 0x00, 0x00, 0x00, 0x00, 0x00, 0x00, 0x00, 0x00, 0x00, 0x00, 0x00, 0x00, 0x00, 0x00, 0x00, 0x00, 
    172                  0x14, 0x16, 0x0E, 0x02,
    173            0x21, 0x1A, 0x00, 0x00, 0x00, 0x00, 0x00, 0x00, 0x00, 0x00, 0x00, 0x00, 0x00, 0x00, 0x00, 0x00, 0x00, 0x00, 0x00, 0x00, 0x00, 0x00, 0x00, 0x72, 0x01, 0x01, 0x01, 0xAF, 0x00, 0x00, 0x00, 0x00, 0x00, 0x3F, 0x20, 0x01, 0x01, 0x29, 0x95, 0x00, 0x0C, 0x11, 
    174                  0x01, 0x01, 0x09, 0x2B, 0x00, 0x00, 0x00, 0x00, 0x00, 0x00, 0x00, 0x00, 0x12, 0x0D, 0x01, 0x01, 0x09, 0x2D, 0x00, 0x00, 0x00, 0x00, 0x00, 0x00, 0x00, 0x00, 0x00, 0x00, 0x00, 0x00, 0x00, 0x00, 0x00, 0x00, 0x00, 0x00, 0x00, 0x00, 0x00, 0x00, 0x00, 
    175                  0x14, 0x16, 0x0E, 0x02,
    176            0x21, 0x1A, 0x00, 0x00, 0x00, 0x00, 0x00, 0x00, 0x00, 0x00, 0x00, 0x00, 0x00, 0x00, 0x00, 0x00, 0x00, 0x00, 0x00, 0x00, 0x00, 0x00, 0x00, 0xD6, 0x96, 0x01, 0x01, 0x48, 0x00, 0x00, 0x00, 0x00, 0x00, 0x77, 0x01, 0x01, 0x01, 0xA7, 0x00, 0x00, 0x0C, 0x11, 
    177                  0x01, 0x01, 0x09, 0x2B, 0x00, 0x00, 0x00, 0x00, 0x00, 0x00, 0x00, 0x00, 0x12, 0x0D, 0x01, 0x01, 0x09, 0x2D, 0x00, 0x00, 0x00, 0x00, 0x00, 0x00, 0x00, 0x00, 0x00, 0x00, 0x00, 0x00, 0x00, 0x00, 0x00, 0x00, 0x00, 0x00, 0x00, 0x00, 0x00, 0x00, 0x00, 
    178                  0x14, 0x16, 0x0E, 0x02,
    179            0x0E, 0x1A, 0x00, 0x00, 0x00, 0x00, 0x00, 0x00, 0x00, 0x00, 0x00, 0x00, 0x00, 0x00, 0x00, 0x00, 0x00, 0x00, 0x00, 0x00, 0x00, 0x00, 0x00, 0x1B, 0x6B, 0x01, 0x01, 0x01, 0x7B, 0x00, 0x00, 0x00, 0x0B, 0x33, 0x01, 0x01, 0x97, 0x57, 0x00, 0x00, 0x0C, 0x11, 
    180                  0x01, 0x01, 0x09, 0x2B, 0x00, 0x00, 0x00, 0x00, 0x00, 0x00, 0x00, 0x00, 0x12, 0x0D, 0x01, 0x01, 0x09, 0x2D, 0x00, 0x00, 0x00, 0x00, 0x00, 0x00, 0x00, 0x00, 0x00, 0x00, 0x00, 0x00, 0x00, 0x00, 0x00, 0x00, 0x00, 0x00, 0x00, 0x00, 0x00, 0x00, 0x00, 
    181                  0x14, 0x16, 0x0E, 0xDC,
    182            0x0E, 0x1A, 0x00, 0x1C, 0x00, 0x00, 0x00, 0x00, 0x00, 0x00, 0x00, 0x00, 0x00, 0x00, 0x00, 0x00, 0x00, 0x00, 0x00, 0x00, 0x00, 0x00, 0x00, 0x00, 0x57, 0x27, 0x01, 0x01, 0x28, 0x2A, 0x79, 0xB5, 0x69, 0x01, 0x01, 0x01, 0xAE, 0x00, 0x00, 0x00, 0x0C, 0x11, 
    183                  0x01, 0x01, 0x09, 0x2B, 0x00, 0x00, 0x00, 0x00, 0x00, 0x00, 0x00, 0x00, 0x12, 0x0D, 0x01, 0x01, 0x09, 0x2D, 0x00, 0x00, 0x00, 0x00, 0x00, 0x00, 0x00, 0x00, 0x00, 0x00, 0x00, 0x00, 0x00, 0x00, 0x00, 0x00, 0x00, 0x00, 0x00, 0x00, 0x00, 0x00, 0x00, 
    184                  0xC7, 0x16, 0x0E, 0x02,
    185            0x2C, 0x55, 0x00, 0x00, 0x00, 0x00, 0x00, 0x00, 0x00, 0x00, 0x00, 0x00, 0x00, 0x00, 0x00, 0x00, 0x00, 0x00, 0x00, 0x00, 0x00, 0x00, 0x00, 0x00, 0x00, 0x38, 0x27, 0x01, 0x01, 0x01, 0x01, 0x01, 0x01, 0x01, 0x01, 0x6F, 0x26, 0x00, 0x00, 0x00, 0x0C, 0x11, 
    186                  0x01, 0x01, 0x09, 0x52, 0x00, 0x00, 0x00, 0x00, 0x00, 0x00, 0x00, 0x00, 0x0B, 0x0D, 0x01, 0x01, 0x1D, 0x2D, 0x00, 0x00, 0x00, 0x00, 0x00, 0x00, 0x00, 0x00, 0x00, 0x00, 0x00, 0x00, 0x00, 0x00, 0x00, 0x00, 0x00, 0x00, 0x00, 0x00, 0x00, 0x00, 0x00, 
    187                  0x4F, 0xA9, 0x53, 0xDD,
    188            0x80, 0x54, 0xFC, 0x00, 0x00, 0x00, 0x00, 0x00, 0x00, 0x00, 0x00, 0x00, 0x00, 0x00, 0x00, 0x00, 0x00, 0x00, 0x00, 0x00, 0x00, 0x00, 0x00, 0x00, 0x00, 0x00, 0x3E, 0x6F, 0x64, 0x61, 0x09, 0x60, 0x28, 0x9F, 0x4E, 0xFE, 0x00, 0x00, 0x00, 0x00, 0x5D, 0x45, 
    189                  0x62, 0x27, 0x20, 0xC6, 0x00, 0x00, 0x00, 0x00, 0x00, 0x00, 0x00, 0x00, 0x91, 0x9C, 0x62, 0x27, 0x20, 0xD2, 0x00, 0x00, 0x00, 0x00, 0x00, 0x00, 0x00, 0x00, 0x00, 0x00, 0x00, 0x00, 0x00, 0x00, 0x00, 0x00, 0x00, 0x00, 0x00, 0x00, 0x00, 0x00, 0x00, 
    190                  0x71, 0x2A, 0x7E, 0x2E,
    191            0x84, 0x36, 0xE6, 0x1B, 0x00, 0x00, 0x00, 0x00, 0x00, 0x00, 0x00, 0x00, 0x00, 0x00, 0x00, 0x00, 0x00, 0x00, 0x00, 0x00, 0x00, 0x00, 0x00, 0x00, 0x00, 0x00, 0x00, 0x00, 0x43, 0xDB, 0x19, 0x3A, 0xEC, 0x1C, 0x00, 0x00, 0x00, 0x00, 0x00, 0x00, 0x1B, 0x8D, 
    192                  0x8A, 0x40, 0x40, 0x5E, 0x00, 0x00, 0x00, 0x00, 0x00, 0x00, 0x00, 0x00, 0x1B, 0xEB, 0x8A, 0x40, 0x40, 0xFB, 0x00, 0x00, 0x00, 0x00, 0x00, 0x00, 0x00, 0x00, 0x00, 0x00, 0x00, 0x00, 0x00, 0x00, 0x00, 0x00, 0x00, 0x00, 0x00, 0x00, 0x00, 0x00, 0x8D, 
    193                  0x6D, 0xB7, 0xCF, 0x04,
    194            0xE0, 0x37, 0x19, 0x88, 0x1B, 0x00, 0x00, 0x00, 0x00, 0x00, 0x00, 0x00, 0x00, 0x00, 0x00, 0x00, 0x00, 0x00, 0x00, 0x00, 0x00, 0x00, 0x00, 0x00, 0x00, 0x00, 0x00, 0x00, 0x00, 0x00, 0x00, 0x00, 0x00, 0x00, 0x00, 0x00, 0x00, 0x00, 0x00, 0x00, 0x00, 0x00, 
    195                  0x00, 0x00, 0x00, 0x00, 0x00, 0x00, 0x00, 0x00, 0x00, 0x00, 0x00, 0x00, 0x00, 0x00, 0x00, 0x00, 0x00, 0x00, 0x00, 0x00, 0x00, 0x00, 0x00, 0x00, 0x00, 0x00, 0x00, 0x00, 0x00, 0x00, 0x00, 0x00, 0x00, 0x00, 0x00, 0x00, 0x00, 0x00, 0x00, 0x00, 0x4B, 
    196                  0xA4, 0x37, 0x82, 0x41,
    197            0x23, 0x55, 0x03, 0xBE, 0x87, 0x00, 0x00, 0x00, 0x00, 0x00, 0x00, 0x00, 0x00, 0x00, 0x00, 0x00, 0x00, 0x00, 0x00, 0x00, 0x00, 0x00, 0x00, 0x00, 0x00, 0x00, 0x00, 0x00, 0x00, 0x00, 0x00, 0x00, 0x00, 0x00, 0x00, 0x00, 0x00, 0x00, 0x00, 0x00, 0x00, 0x00, 
    198                  0x00, 0x00, 0x00, 0x00, 0x00, 0x00, 0x00, 0x00, 0x00, 0x00, 0x00, 0x00, 0x00, 0x00, 0x00, 0x00, 0x00, 0x00, 0x00, 0x00, 0x00, 0x00, 0x00, 0x00, 0x00, 0x00, 0x00, 0x00, 0x00, 0x00, 0x00, 0x00, 0x00, 0x00, 0x00, 0x00, 0x00, 0x00, 0x00, 0xCB, 0x6B, 
    199                  0xB8, 0x19, 0x2E, 0x41,
    200            0x41, 0xE1, 0x06, 0x50, 0x74, 0x3B, 0x1C, 0x00, 0x00, 0x00, 0x00, 0x00, 0x00, 0x00, 0x00, 0x00, 0x00, 0x00, 0x00, 0x00, 0x00, 0x00, 0x00, 0x00, 0x00, 0x00, 0x00, 0x00, 0x00, 0x00, 0x00, 0x00, 0x00, 0x00, 0x00, 0x00, 0x00, 0x00, 0x00, 0x00, 0x00, 0x00, 
    201                  0x00, 0x00, 0x00, 0x00, 0x00, 0x00, 0x00, 0x00, 0x00, 0x00, 0x00, 0x00, 0x00, 0x00, 0x00, 0x00, 0x00, 0x00, 0x00, 0x00, 0x00, 0x00, 0x00, 0x00, 0x00, 0x00, 0x00, 0x00, 0x00, 0x00, 0x00, 0x00, 0x00, 0x00, 0x00, 0x00, 0x00, 0x00, 0x19, 0xA3, 0xAF, 
    202                  0x22, 0x83, 0x23, 0x1E,
    203            0x1E, 0x23, 0x84, 0x7C, 0xBA, 0xA8, 0xB3, 0x88, 0x30, 0x00, 0x00, 0x00, 0x00, 0x00, 0x00, 0x00, 0x00, 0x00, 0x00, 0x00, 0x00, 0x00, 0x00, 0x00, 0x00, 0x00, 0x00, 0x00, 0x00, 0x00, 0x00, 0x00, 0x00, 0x00, 0x00, 0x00, 0x00, 0x00, 0x00, 0x00, 0x00, 0x00, 
    204                  0x00, 0x00, 0x00, 0x00, 0x00, 0x00, 0x00, 0x00, 0x00, 0x00, 0x00, 0x00, 0x00, 0x00, 0x00, 0x00, 0x00, 0x00, 0x00, 0x00, 0x00, 0x00, 0x00, 0x00, 0x00, 0x00, 0x00, 0x00, 0x00, 0x00, 0x00, 0x00, 0x00, 0x00, 0x00, 0x1C, 0x58, 0xB2, 0x47, 0x72, 0x53, 
    205                  0xCC, 0xEA, 0x23, 0x1E,
    206            0x18, 0x23, 0x18, 0xD8, 0x22, 0xBD, 0xAE, 0xA5, 0xAB, 0x74, 0x75, 0x08, 0x08, 0x08, 0x08, 0x08, 0x08, 0x08, 0x08, 0x08, 0x08, 0x08, 0x08, 0x08, 0x08, 0x08, 0x08, 0x08, 0x08, 0x08, 0x08, 0x08, 0x08, 0x08, 0x08, 0x08, 0x08, 0x08, 0x08, 0x08, 0x08, 0x08, 
    207                  0x08, 0x08, 0x08, 0x08, 0x08, 0x08, 0x08, 0x08, 0x08, 0x08, 0x08, 0x08, 0x08, 0x08, 0x08, 0x08, 0x08, 0x08, 0x08, 0x08, 0x08, 0x08, 0x08, 0x08, 0x08, 0x08, 0x08, 0x08, 0x08, 0x08, 0x08, 0x08, 0x08, 0x76, 0x73, 0x49, 0x48, 0x6E, 0xB9, 0x22, 0x7F, 
    208                  0xE7, 0xF2, 0x18, 0x18,
    209            0x18, 0x18, 0x23, 0x1E, 0x3D, 0x7F, 0x22, 0x4E, 0xB0, 0xAD, 0x49, 0x16, 0x16, 0x16, 0x16, 0x16, 0x16, 0x16, 0x16, 0x16, 0x16, 0x16, 0x16, 0x16, 0x16, 0x16, 0x16, 0x16, 0x16, 0x16, 0x16, 0x16, 0x16, 0x16, 0x16, 0x16, 0x16, 0x16, 0x16, 0x16, 0x16, 0x16, 
    210                  0x16, 0x16, 0x16, 0x16, 0x16, 0x16, 0x16, 0x16, 0x16, 0x16, 0x16, 0x16, 0x16, 0x16, 0x16, 0x16, 0x16, 0x16, 0x16, 0x16, 0x16, 0x16, 0x16, 0x16, 0x16, 0x16, 0x16, 0x16, 0x16, 0x16, 0x16, 0x16, 0x16, 0x05, 0xAA, 0x2A, 0x4C, 0xC2, 0xC9, 0xD3, 0x59, 
    211                  0x8F, 0x18, 0x18, 0x18,
    212            0x0A, 0x0A, 0x0A, 0x0A, 0x90, 0x8C, 0x85, 0x3A, 0x54, 0x19, 0xC4, 0x06, 0x06, 0x06, 0x06, 0x06, 0x06, 0x06, 0x06, 0x06, 0x06, 0x06, 0x06, 0x06, 0x06, 0x06, 0x06, 0x06, 0x06, 0x06, 0x06, 0x06, 0x06, 0x06, 0x06, 0x06, 0x06, 0x06, 0x06, 0x06, 0x06, 0x06, 
    213                  0x06, 0x06, 0x06, 0x06, 0x06, 0x06, 0x06, 0x06, 0x06, 0x06, 0x06, 0x06, 0x06, 0x06, 0x06, 0x06, 0x06, 0x06, 0x06, 0x06, 0x06, 0x06, 0x06, 0x06, 0x06, 0x06, 0x06, 0x06, 0x06, 0x06, 0x06, 0x06, 0x06, 0xC3, 0x22, 0x7E, 0x80, 0x56, 0x2E, 0x24, 0x1E, 
    214                  0x0A, 0x0A, 0x0A, 0x0A,
    215            0x0A, 0x0A, 0x0A, 0x0A, 0x0A, 0x1E, 0x90, 0xEF, 0x8A, 0x3F, 0x3D, 0x02, 0x02, 0x02, 0x02, 0x02, 0x02, 0x02, 0x02, 0x02, 0x02, 0x02, 0x02, 0x02, 0x02, 0x02, 0x02, 0x02, 0x02, 0x02, 0x02, 0x02, 0x02, 0x02, 0x02, 0x02, 0x02, 0x02, 0x02, 0x02, 0x02, 0x02, 
    216                  0x02, 0x02, 0x02, 0x02, 0x02, 0x02, 0x02, 0x02, 0x02, 0x02, 0x02, 0x02, 0x02, 0x02, 0x02, 0x02, 0x02, 0x02, 0x02, 0x02, 0x02, 0x02, 0x02, 0x02, 0x02, 0x02, 0x02, 0x02, 0x02, 0x02, 0x02, 0x02, 0x02, 0x02, 0x3E, 0x2E, 0x59, 0x0B, 0x8F, 0x1E, 0x0A, 
    217                  0x0A, 0x0A, 0x0A, 0x0A
    218          };
    219          

   \                                 In section .rodata, align 4
    220          GUI_CONST_STORAGE GUI_BITMAP bmOffUnSelected = {
   \                     bmOffUnSelected:
   \   00000000   570023005700       DC16 87, 35, 87, 8
   \              0800        
   \   00000008   ............       DC32 acOffUnSelected, PalOffUnSelected
   \              ....        
   \   00000010   00000000           DC8 0, 0, 0, 0
    221            87, /* XSize */
    222            35, /* YSize */
    223            87, /* BytesPerLine */
    224            8, /* BitsPerPixel */
    225            acOffUnSelected,  /* Pointer to picture data (indices) */
    226            &PalOffUnSelected  /* Pointer to palette */
    227          };
    228          
    229          /* *** End of file *** */


   Section sizes:

     Function/Label      Bytes
     --------------      -----
     ColorsOffUnSelected 1024
     PalOffUnSelected      12
     acOffUnSelected     3048
     bmOffUnSelected       20

 
 4 104 bytes in section .rodata
 
 4 104 bytes of CONST memory

Errors: none
Warnings: none
