###############################################################################
#                                                                             #
# IAR ANSI C/C++ Compiler V6.10.2.52244/W32 for ARM     19/Nov/2015  13:16:27 #
# Copyright 1999-2010 IAR Systems AB.                                         #
#                                                                             #
#    Cpu mode     =  arm                                                      #
#    Endian       =  little                                                   #
#    Source file  =  C:\DUII\TargetHW\GUI\RADIO_CreateIndirect.c              #
#    Command line =  C:\DUII\TargetHW\GUI\RADIO_CreateIndirect.c -D DEBUG=1   #
#                    -D SDRAM_TARGET=1 -D USB_IS_HIGH_SPEED -D NOPROFILER -D  #
#                    OS_TRACE=0 -D OS_VIEW_ENABLE=0 -lCN                      #
#                    C:\DUII\TargetHW\Release\List\ -o                        #
#                    C:\DUII\TargetHW\Release\Obj\ --endian=little            #
#                    --cpu=ARM926EJ-S -e --fpu=None --dlib_config             #
#                    "C:\Program Files (x86)\IAR Systems\Embedded Workbench   #
#                    6.0\arm\INC\c\DLib_Config_Normal.h" -I                   #
#                    C:\DUII\TargetHW\Application\SEGGERDEMO\ -I              #
#                    C:\DUII\TargetHW\Application\SEGGERDEMO\Src\ -I          #
#                    C:\DUII\TargetHW\Config\ -I C:\DUII\TargetHW\FS\ -I      #
#                    C:\DUII\TargetHW\GUI\ -I C:\DUII\TargetHW\Inc\ -I        #
#                    C:\DUII\TargetHW\OS\ -I C:\DUII\TargetHW\Setup\ -I       #
#                    \DUII\DUII\ -I \DUII\DUII\Graphics\ --cpu_mode arm -Ohs  #
#                    --use_c++_inline --require_prototypes                    #
#    List file    =  C:\DUII\TargetHW\Release\List\RADIO_CreateIndirect.lst   #
#    Object file  =  C:\DUII\TargetHW\Release\Obj\RADIO_CreateIndirect.o      #
#                                                                             #
#                                                                             #
###############################################################################

C:\DUII\TargetHW\GUI\RADIO_CreateIndirect.c
      1          /*********************************************************************
      2          *                SEGGER Microcontroller GmbH & Co. KG                *
      3          *        Solutions for real time microcontroller applications        *
      4          **********************************************************************
      5          *                                                                    *
      6          *        (c) 1996 - 2010  SEGGER Microcontroller GmbH & Co. KG       *
      7          *                                                                    *
      8          *        Internet: www.segger.com    Support:  support@segger.com    *
      9          *                                                                    *
     10          **********************************************************************
     11          
     12          ** emWin V5.06 - Graphical user interface for embedded applications **
     13          emWin is protected by international copyright laws.   Knowledge of the
     14          source code may not be used to write a similar product.  This file may
     15          only be used in accordance with a license and should not be re-
     16          distributed in any way. We appreciate your understanding and fairness.
     17          ----------------------------------------------------------------------
     18          File        : RADIO_Create.c
     19          Purpose     : Implementation of radio widget
     20          ---------------------------END-OF-HEADER------------------------------
     21          */
     22          
     23          #include "GUI.h"
     24          #include "RADIO.h"
     25          
     26          #if GUI_WINSUPPORT
     27          
     28          /*********************************************************************
     29          *
     30          *       Exported routines
     31          *
     32          **********************************************************************
     33          */
     34          /*********************************************************************
     35          *
     36          *       RADIO_CreateIndirect
     37          */

   \                                 In section .text, align 4, keep-with-next
     38          RADIO_Handle RADIO_CreateIndirect(const GUI_WIDGET_CREATE_INFO* pCreateInfo, WM_HWIN hWinParent, int x0, int y0, WM_CALLBACK* cb) {
   \                     RADIO_CreateIndirect:
   \   00000000   00402DE9           PUSH     {LR}
   \   00000004   02C0A0E1           MOV      R12,R2
   \   00000008   03E0A0E1           MOV      LR,R3
     39            RADIO_Handle  hThis;
     40            int NumItems = (pCreateInfo->Para)       & 0xFF;
     41            int Spacing  = (pCreateInfo->Para >>  8) & 0xFF;
     42            GUI_USE_PARA(cb);
     43            hThis = RADIO_CreateEx(pCreateInfo->x0 + x0, pCreateInfo->y0 + y0, pCreateInfo->xSize, pCreateInfo->ySize,
     44                                   hWinParent, pCreateInfo->Flags, 0, pCreateInfo->Id, NumItems, Spacing);
     45            return hThis;
   \   0000000C   142090E5           LDR      R2,[R0, #+20]
   \   00000010   FF30A0E3           MOV      R3,#+255
   \   00000014   423403E0           AND      R3,R3,R2, ASR #+8
   \   00000018   1CD04DE2           SUB      SP,SP,#+28
   \   0000001C   FF2002E2           AND      R2,R2,#0xFF
   \   00000020   14308DE5           STR      R3,[SP, #+20]
   \   00000024   10208DE5           STR      R2,[SP, #+16]
   \   00000028   F820D0E1           LDRSH    R2,[R0, #+8]
   \   0000002C   0C208DE5           STR      R2,[SP, #+12]
   \   00000030   0020A0E3           MOV      R2,#+0
   \   00000034   08208DE5           STR      R2,[SP, #+8]
   \   00000038   B221D0E1           LDRH     R2,[R0, #+18]
   \   0000003C   00108DE5           STR      R1,[SP, #+0]
   \   00000040   04208DE5           STR      R2,[SP, #+4]
   \   00000044   F031D0E1           LDRSH    R3,[R0, #+16]
   \   00000048   FE20D0E1           LDRSH    R2,[R0, #+14]
   \   0000004C   FC10D0E1           LDRSH    R1,[R0, #+12]
   \   00000050   FA00D0E1           LDRSH    R0,[R0, #+10]
   \   00000054   01108EE0           ADD      R1,LR,R1
   \   00000058   00008CE0           ADD      R0,R12,R0
   \   0000005C   ........           BL       RADIO_CreateEx
   \   00000060   1CD08DE2           ADD      SP,SP,#+28       ;; stack cleaning
   \   00000064   0080BDE8           POP      {PC}             ;; return
     46          }
     47          
     48          #else  /* avoid empty object files */
     49            void RADIO_CreateIndirect_C(void) {}
     50          #endif
     51          
     52          /************************* end of file ******************************/

   Maximum stack usage in bytes:

     Function             .cstack
     --------             -------
     RADIO_CreateIndirect     32


   Section sizes:

     Function/Label       Bytes
     --------------       -----
     RADIO_CreateIndirect  104

 
 104 bytes in section .text
 
 104 bytes of CODE memory

Errors: none
Warnings: none
