###############################################################################
#                                                                             #
# IAR ANSI C/C++ Compiler V6.10.2.52244/W32 for ARM     19/Nov/2015  13:16:27 #
# Copyright 1999-2010 IAR Systems AB.                                         #
#                                                                             #
#    Cpu mode     =  arm                                                      #
#    Endian       =  little                                                   #
#    Source file  =  C:\DUII\TargetHW\GUI\RADIO_SetBkColor.c                  #
#    Command line =  C:\DUII\TargetHW\GUI\RADIO_SetBkColor.c -D DEBUG=1 -D    #
#                    SDRAM_TARGET=1 -D USB_IS_HIGH_SPEED -D NOPROFILER -D     #
#                    OS_TRACE=0 -D OS_VIEW_ENABLE=0 -lCN                      #
#                    C:\DUII\TargetHW\Release\List\ -o                        #
#                    C:\DUII\TargetHW\Release\Obj\ --endian=little            #
#                    --cpu=ARM926EJ-S -e --fpu=None --dlib_config             #
#                    "C:\Program Files (x86)\IAR Systems\Embedded Workbench   #
#                    6.0\arm\INC\c\DLib_Config_Normal.h" -I                   #
#                    C:\DUII\TargetHW\Application\SEGGERDEMO\ -I              #
#                    C:\DUII\TargetHW\Application\SEGGERDEMO\Src\ -I          #
#                    C:\DUII\TargetHW\Config\ -I C:\DUII\TargetHW\FS\ -I      #
#                    C:\DUII\TargetHW\GUI\ -I C:\DUII\TargetHW\Inc\ -I        #
#                    C:\DUII\TargetHW\OS\ -I C:\DUII\TargetHW\Setup\ -I       #
#                    \DUII\DUII\ -I \DUII\DUII\Graphics\ --cpu_mode arm -Ohs  #
#                    --use_c++_inline --require_prototypes                    #
#    List file    =  C:\DUII\TargetHW\Release\List\RADIO_SetBkColor.lst       #
#    Object file  =  C:\DUII\TargetHW\Release\Obj\RADIO_SetBkColor.o          #
#                                                                             #
#                                                                             #
###############################################################################

C:\DUII\TargetHW\GUI\RADIO_SetBkColor.c
      1          /*********************************************************************
      2          *                SEGGER Microcontroller GmbH & Co. KG                *
      3          *        Solutions for real time microcontroller applications        *
      4          **********************************************************************
      5          *                                                                    *
      6          *        (c) 1996 - 2010  SEGGER Microcontroller GmbH & Co. KG       *
      7          *                                                                    *
      8          *        Internet: www.segger.com    Support:  support@segger.com    *
      9          *                                                                    *
     10          **********************************************************************
     11          
     12          ** emWin V5.06 - Graphical user interface for embedded applications **
     13          emWin is protected by international copyright laws.   Knowledge of the
     14          source code may not be used to write a similar product.  This file may
     15          only be used in accordance with a license and should not be re-
     16          distributed in any way. We appreciate your understanding and fairness.
     17          ----------------------------------------------------------------------
     18          File        : RADIO_SetBkColor.c
     19          Purpose     : Implementation of RADIO_SetBkColor
     20          ---------------------------END-OF-HEADER------------------------------
     21          */
     22          
     23          #include "RADIO_Private.h"
     24          
     25          #if GUI_WINSUPPORT
     26          
     27          /*********************************************************************
     28          *
     29          *       Public code
     30          *
     31          **********************************************************************
     32          */
     33          /*********************************************************************
     34          *
     35          *       RADIO_SetBkColor
     36          */

   \                                 In section .text, align 4, keep-with-next
     37          void RADIO_SetBkColor(RADIO_Handle hObj, GUI_COLOR Color) {
   \                     RADIO_SetBkColor:
   \   00000000   30402DE9           PUSH     {R4,R5,LR}
   \   00000004   0040A0E1           MOV      R4,R0
   \   00000008   04D04DE2           SUB      SP,SP,#+4
   \   0000000C   0150A0E1           MOV      R5,R1
     38            if (hObj) {
   \   00000010   000054E3           CMP      R4,#+0
   \   00000014   0F00000A           BEQ      ??RADIO_SetBkColor_0
     39              RADIO_Obj* pObj;
     40              WM_LOCK();
   \   00000018   ........           BL       GUI_Lock
     41              pObj = RADIO_LOCK_H(hObj);
   \   0000001C   0400A0E1           MOV      R0,R4
   \   00000020   ........           BL       GUI_ALLOC_LockH
     42              if (Color != pObj->Props.BkColor) {
   \   00000024   341090E5           LDR      R1,[R0, #+52]
   \   00000028   010055E1           CMP      R5,R1
   \   0000002C   0700000A           BEQ      ??RADIO_SetBkColor_1
     43                pObj->Props.BkColor = Color;
   \   00000030   345080E5           STR      R5,[R0, #+52]
     44                #if WM_SUPPORT_TRANSPARENCY
     45                  if (Color <= 0xFFFFFF) {
   \   00000034   400755E3           CMP      R5,#+16777216
     46                    WM_SetTransState(hObj, 0);
   \   00000038   0010A033           MOVCC    R1,#+0
     47                  } else {
     48                    WM_SetTransState(hObj, WM_CF_HASTRANS);
   \   0000003C   0110A023           MOVCS    R1,#+1
   \   00000040   0400A0E1           MOV      R0,R4
   \   00000044   ........           BL       WM_SetTransState
     49                  }
     50                #endif
     51                WM_InvalidateWindow(hObj);
   \   00000048   0400A0E1           MOV      R0,R4
   \   0000004C   ........           BL       WM_InvalidateWindow
     52              }
     53              GUI_UNLOCK_H(pObj);
   \                     ??RADIO_SetBkColor_1:
   \   00000050   ........           BL       GUI_ALLOC_UnlockH
     54              WM_UNLOCK();
   \   00000054   ........           BL       GUI_Unlock
     55            }
     56          }
   \                     ??RADIO_SetBkColor_0:
   \   00000058   04D08DE2           ADD      SP,SP,#+4        ;; stack cleaning
   \   0000005C   3080BDE8           POP      {R4,R5,PC}       ;; return
     57          
     58          #else  /* avoid empty object files */
     59          
     60          void RADIO_SetBkColor_c(void);
     61          void RADIO_SetBkColor_c(void) {}
     62          
     63          #endif  /* #if GUI_WINSUPPORT */
     64          
     65          /************************* end of file ******************************/

   Maximum stack usage in bytes:

     Function         .cstack
     --------         -------
     RADIO_SetBkColor     16


   Section sizes:

     Function/Label   Bytes
     --------------   -----
     RADIO_SetBkColor   96

 
 96 bytes in section .text
 
 96 bytes of CODE memory

Errors: none
Warnings: none
