###############################################################################
#                                                                             #
# IAR ANSI C/C++ Compiler V6.10.2.52244/W32 for ARM     19/Nov/2015  13:08:38 #
# Copyright 1999-2010 IAR Systems AB.                                         #
#                                                                             #
#    Cpu mode     =  arm                                                      #
#    Endian       =  little                                                   #
#    Source file  =  C:\DUII\DUII\Graphics\Replay Prime Icon.c                #
#    Command line =  "C:\DUII\DUII\Graphics\Replay Prime Icon.c" -D DEBUG=1   #
#                    -D SDRAM_TARGET=1 -D USB_IS_HIGH_SPEED -D NOPROFILER -D  #
#                    OS_TRACE=0 -D OS_VIEW_ENABLE=0 -lCN                      #
#                    C:\DUII\TargetHW\Release\List\ -o                        #
#                    C:\DUII\TargetHW\Release\Obj\ --endian=little            #
#                    --cpu=ARM926EJ-S -e --fpu=None --dlib_config             #
#                    "C:\Program Files (x86)\IAR Systems\Embedded Workbench   #
#                    6.0\arm\INC\c\DLib_Config_Normal.h" -I                   #
#                    C:\DUII\TargetHW\Application\SEGGERDEMO\ -I              #
#                    C:\DUII\TargetHW\Application\SEGGERDEMO\Src\ -I          #
#                    C:\DUII\TargetHW\Config\ -I C:\DUII\TargetHW\FS\ -I      #
#                    C:\DUII\TargetHW\GUI\ -I C:\DUII\TargetHW\Inc\ -I        #
#                    C:\DUII\TargetHW\OS\ -I C:\DUII\TargetHW\Setup\ -I       #
#                    \DUII\DUII\ -I \DUII\DUII\Graphics\ --cpu_mode arm -Ohs  #
#                    --use_c++_inline --require_prototypes                    #
#    List file    =  C:\DUII\TargetHW\Release\List\Replay Prime Icon.lst      #
#    Object file  =  C:\DUII\TargetHW\Release\Obj\Replay Prime Icon.o         #
#                                                                             #
#                                                                             #
###############################################################################

C:\DUII\DUII\Graphics\Replay Prime Icon.c
      1          /*********************************************************************
      2          *                SEGGER MICROCONTROLLER SYSTEME GmbH                 *
      3          *        Solutions for real time microcontroller applications        *
      4          *                           www.segger.com                           *
      5          **********************************************************************
      6          *
      7          * C-file generated by
      8          *
      9          *        Bitmap converter for emWin V5.04.
     10          *        Compiled Jan  8 2010, 16:37:17
     11          *        (C) 1998 - 2005 Segger Microcontroller Systeme GmbH
     12          *
     13          **********************************************************************
     14          *
     15          * Source file: ReplayPrimeIcon
     16          * Dimensions:  60 * 60
     17          * NumColors:   256
     18          *
     19          **********************************************************************
     20          */
     21          
     22          #include <stdlib.h>
     23          
     24          #include "GUI.h"
     25          
     26          #ifndef GUI_CONST_STORAGE
     27            #define GUI_CONST_STORAGE const
     28          #endif
     29          
     30          /*   Palette
     31          The following are the entries of the palette table.
     32          Every entry is a 32-bit value (of which 24 bits are actually used)
     33          the lower   8 bits represent the Red component,
     34          the middle  8 bits represent the Green component,
     35          the highest 8 bits (of the 24 bits used) represent the Blue component
     36          as follows:   0xBBGGRR
     37          */
     38          

   \                                 In section .rodata, align 4, keep-with-next
     39          static GUI_CONST_STORAGE GUI_COLOR ColorsReplayPrimeIcon[] = {
   \                     ColorsReplayPrimeIcon:
   \   00000000                      ; Initializer data, 1024 bytes
   \   00000000   000000000000       DC32 0, 0, 3684408, 16711422, 3552822, 2500134, 2697513, 3223857, 1315860, 2894892
   \              000038383800
   \              FEFEFE003636
   \              360026262600
   \              292929003131
   \              310014141400
   \              2C2C2C00    
   \   00000028   1C1C1C000000       DC32 1842204, 0, 2171169, 1973790, 6908265, 1644825, 13487565, 328965, 8553090, 1184274
   \              000021212100
   \              1E1E1E006969
   \              690019191900
   \              CDCDCD000505
   \              050082828200
   \              12121200    
   \   00000050   727272003D3D       DC32 7500402, 4013373, 16382457, 5065805, 15856113, 855309, 15066597, 16119285, 14277081, 9539986
   \              3D00F9F9F900
   \              4D4C4D00F1F1
   \              F1000D0D0D00
   \              E5E5E500F5F5
   \              F500D9D9D900
   \              92919100    
   \   00000078   9D9D9D00C1C0       DC32 10329501, 12632257, 13750737, 131586, 14013909, 14540253, 5328977, 8223869, 11382189, 15592942
   \              C000D1D1D100
   \              02020200D5D5
   \              D500DDDDDD00
   \              515051007D7C
   \              7D00ADADAD00
   \              EEEDED00    
   \   000000A0   717474009595       DC32 7631985, 9803157, 10855845, 11119017, 12237242, 12500414, 3552810, 3552812, 5855577, 7631988
   \              9500A5A5A500
   \              A9A9A900BAB9
   \              BA00BEBDBE00
   \              2A3636002C36
   \              360059595900
   \              74747400    
   \   000000C8   99999900B2B1       DC32 10066329, 11710898, 14737632, 15329769, 6644838, 7171182, 8684676, 12961221, 13224650, 657930
   \              B200E0E0E000
   \              E9E9E9006664
   \              65006E6C6D00
   \              84848400C5C5
   \              C500CACAC900
   \              0A0A0A00    
   \   000000F0   141213001C19       DC32 1249812, 1644828, 8026490, 9276813, 11908533, 526344, 1644584, 2302500, 4276290, 4539717
   \              19007A797A00
   \              8D8D8D00B5B5
   \              B50008080800
   \              281819002422
   \              230042404100
   \              45454500    
   \   00000118   4A4949005655       DC32 4802890, 5657942, 6447458, 2957822, 9013641, 10592673, 1578776, 3487282, 6118749, 7368561
   \              560062616200
   \              FE212D008989
   \              8900A1A1A100
   \              181718003236
   \              35005D5D5D00
   \              716F7000    
   \   00000140   9C2A3000A8A7       DC32 3156636, 10987432, 986640, 1841948, 1907742, 2368791, 2039329, 1644340, 2105121, 2368547
   \              A700100E0F00
   \              1C1B1C001E1C
   \              1D0017252400
   \              211E1F003417
   \              1900211F2000
   \              23242400    
   \   00000168   202828002529       DC32 2631712, 2631973, 2960678, 2894636, 3157809, 3355189, 3881532, 4473669, 4671048, 4934220
   \              2800262D2D00
   \              2C2B2C00312F
   \              300035323300
   \              3C3A3B004543
   \              440048464700
   \              4C4A4B00    
   \   00000190   504F50005856       DC32 5263184, 5723736, 5789529, 6381918, 6250080, 6776424, 7039596, 7894904, 3156897, 2432210
   \              570059575800
   \              5E616100605E
   \              5F0068666700
   \              6C6A6B007877
   \              7800A12B3000
   \              D21C2500    
   \   000001B8   E31E2800E41F       DC32 2629347, 2695140, 2760686, 2826238, 2760941, 2892279, 8618628, 9934488, 11052968, 13618896
   \              2900EE1F2A00
   \              FE1F2B00ED20
   \              2A00F7212C00
   \              848283009896
   \              9700A8A7A800
   \              D0CECF00    
   \   000001E0   0B0507000907       DC32 460043, 526089, 591882, 1052431, 986644, 1052433, 1052180, 1315605, 1644818, 1512728
   \              08000A080900
   \              0F0F1000140E
   \              0F00110F1000
   \              140E10001513
   \              140012191900
   \              18151700    
   \   00000208   1C1718001E1D       DC32 1578780, 1973534, 2171152, 2960918, 2236955, 2368538, 2500383, 2763291, 2960923, 1183787
   \              1E0010212100
   \              162E2D001B22
   \              22001A242400
   \              1F2726001B2A
   \              2A001B2E2D00
   \              2B101200    
   \   00000230   281D1E003B19       DC32 1973544, 1775931, 1710141, 2105136, 2368292, 3026466, 2565928, 2236719, 2565676, 2566184
   \              1B003D181A00
   \              301F20002423
   \              2400222E2E00
   \              282727002F21
   \              22002C262700
   \              28282700    
   \   00000258   2B2C2C002B31       DC32 2894891, 3223851, 3355690, 3355436, 3618863, 2960688, 2960438, 2894650, 3420982, 4079159
   \              31002A343300
   \              2C3333002F38
   \              3700302D2D00
   \              362C2D003A2B
   \              2C0036333400
   \              373E3E00    
   \   00000280   3B3031003837       DC32 3223611, 3684152, 3947325, 1644104, 1907027, 2762826, 3289164, 3157595, 3420756, 1841002
   \              38003D3B3C00
   \              481619005319
   \              1D004A282A00
   \              4C3032005B2E
   \              300054323400
   \              6A171C00    
   \   000002A8   69181C006926       DC32 1841257, 2696809, 2894186, 3091567, 3157347, 3222890, 3354724, 3420516, 2367606, 3288433
   \              29006A292C00
   \              6F2C2F00632D
   \              30006A2D3100
   \              643033006431
   \              340076202400
   \              712D3200    
   \   000002D0   7C2E33007A30       DC32 3354236, 3420282, 4210497, 4407876, 4736841, 5197393, 5460564, 6052701, 6315873, 6447462
   \              3400413F4000
   \              444243004947
   \              4800514E4F00
   \              545253005D5B
   \              5C00615F6000
   \              66616200    
   \   000002F8   6A6769007472       DC32 6907754, 7565940, 7631733, 7829368, 8092284, 1708940, 1972364, 2103948, 2103964, 2695818
   \              730075737400
   \              787777007C7A
   \              7B008C131A00
   \              8C181E008C1A
   \              20009C1A2000
   \              8A222900    
   \   00000320   8B292E00862C       DC32 3025291, 3157126, 2893458, 2564511, 2761883, 2893467, 2893215, 3222427, 2235047, 2366654
   \              300092262C00
   \              9F2127009B24
   \              2A009B262C00
   \              9F252C009B2B
   \              3100A71A2200
   \              BE1C2400    
   \   00000348   BE1F2800A124       DC32 2629566, 2827425, 3222180, 3222440, 2695608, 2892987, 8355456, 2366658, 2366663, 2431947
   \              2B00A42A3100
   \              A82B3100B821
   \              2900BB242C00
   \              807E7F00C21C
   \              2400C71C2400
   \              CB1B2500    
   \   00000370   D41E2800D91D       DC32 2629332, 2498009, 3024579, 3156168, 2695377, 3024080, 2826969, 3024091, 2563557, 2629352
   \              2600C3262E00
   \              C8283000D120
   \              2900D0242E00
   \              D9222B00DB24
   \              2E00E51D2700
   \              E81E2800    
   \   00000398   F71E2A00F120       DC32 2760439, 2826481, 2892528, 2957817, 9277061, 8881800, 8947593, 9210765, 9408655, 9671316
   \              2B00F0222C00
   \              F9212D00858E
   \              8D0088868700
   \              898788008D8B
   \              8C008F908F00
   \              94929300    
   \   000003C0   9C9B9B009C9C       DC32 10197916, 10198172, 10460832, 11513520, 12105656, 12303292, 12566208, 13158597, 13355980, 13421516
   \              9B00A09E9F00
   \              B0AEAF00B8B7
   \              B800BCBBBB00
   \              C0BEBF00C5C8
   \              C800CCCBCB00
   \              CCCBCC00    
   \   000003E8   D0CFD000D5D3       DC32 13684688, 13947861, 14935012, 15790064, 16053236, 16316408
   \              D400E4E3E300
   \              F0EFF000F4F3
   \              F400F8F7F800
     40               0x000000,0x000000,0x383838,0xFEFEFE
     41              ,0x363636,0x262626,0x292929,0x313131
     42              ,0x141414,0x2C2C2C,0x1C1C1C,0x000000
     43              ,0x212121,0x1E1E1E,0x696969,0x191919
     44              ,0xCDCDCD,0x050505,0x828282,0x121212
     45              ,0x727272,0x3D3D3D,0xF9F9F9,0x4D4C4D
     46              ,0xF1F1F1,0x0D0D0D,0xE5E5E5,0xF5F5F5
     47              ,0xD9D9D9,0x919192,0x9D9D9D,0xC0C0C1
     48              ,0xD1D1D1,0x020202,0xD5D5D5,0xDDDDDD
     49              ,0x515051,0x7D7C7D,0xADADAD,0xEDEDEE
     50              ,0x747471,0x959595,0xA5A5A5,0xA9A9A9
     51              ,0xBAB9BA,0xBEBDBE,0x36362A,0x36362C
     52              ,0x595959,0x747474,0x999999,0xB2B1B2
     53              ,0xE0E0E0,0xE9E9E9,0x656466,0x6D6C6E
     54              ,0x848484,0xC5C5C5,0xC9CACA,0x0A0A0A
     55              ,0x131214,0x19191C,0x7A797A,0x8D8D8D
     56              ,0xB5B5B5,0x080808,0x191828,0x232224
     57              ,0x414042,0x454545,0x49494A,0x565556
     58              ,0x626162,0x2D21FE,0x898989,0xA1A1A1
     59              ,0x181718,0x353632,0x5D5D5D,0x706F71
     60              ,0x302A9C,0xA7A7A8,0x0F0E10,0x1C1B1C
     61              ,0x1D1C1E,0x242517,0x1F1E21,0x191734
     62              ,0x201F21,0x242423,0x282820,0x282925
     63              ,0x2D2D26,0x2C2B2C,0x302F31,0x333235
     64              ,0x3B3A3C,0x444345,0x474648,0x4B4A4C
     65              ,0x504F50,0x575658,0x585759,0x61615E
     66              ,0x5F5E60,0x676668,0x6B6A6C,0x787778
     67              ,0x302BA1,0x251CD2,0x281EE3,0x291FE4
     68              ,0x2A1FEE,0x2B1FFE,0x2A20ED,0x2C21F7
     69              ,0x838284,0x979698,0xA8A7A8,0xCFCED0
     70              ,0x07050B,0x080709,0x09080A,0x100F0F
     71              ,0x0F0E14,0x100F11,0x100E14,0x141315
     72              ,0x191912,0x171518,0x18171C,0x1E1D1E
     73              ,0x212110,0x2D2E16,0x22221B,0x24241A
     74              ,0x26271F,0x2A2A1B,0x2D2E1B,0x12102B
     75              ,0x1E1D28,0x1B193B,0x1A183D,0x201F30
     76              ,0x242324,0x2E2E22,0x272728,0x22212F
     77              ,0x27262C,0x272828,0x2C2C2B,0x31312B
     78              ,0x33342A,0x33332C,0x37382F,0x2D2D30
     79              ,0x2D2C36,0x2C2B3A,0x343336,0x3E3E37
     80              ,0x31303B,0x383738,0x3C3B3D,0x191648
     81              ,0x1D1953,0x2A284A,0x32304C,0x302E5B
     82              ,0x343254,0x1C176A,0x1C1869,0x292669
     83              ,0x2C296A,0x2F2C6F,0x302D63,0x312D6A
     84              ,0x333064,0x343164,0x242076,0x322D71
     85              ,0x332E7C,0x34307A,0x403F41,0x434244
     86              ,0x484749,0x4F4E51,0x535254,0x5C5B5D
     87              ,0x605F61,0x626166,0x69676A,0x737274
     88              ,0x747375,0x777778,0x7B7A7C,0x1A138C
     89              ,0x1E188C,0x201A8C,0x201A9C,0x29228A
     90              ,0x2E298B,0x302C86,0x2C2692,0x27219F
     91              ,0x2A249B,0x2C269B,0x2C259F,0x312B9B
     92              ,0x221AA7,0x241CBE,0x281FBE,0x2B24A1
     93              ,0x312AA4,0x312BA8,0x2921B8,0x2C24BB
     94              ,0x7F7E80,0x241CC2,0x241CC7,0x251BCB
     95              ,0x281ED4,0x261DD9,0x2E26C3,0x3028C8
     96              ,0x2920D1,0x2E24D0,0x2B22D9,0x2E24DB
     97              ,0x271DE5,0x281EE8,0x2A1EF7,0x2B20F1
     98              ,0x2C22F0,0x2D21F9,0x8D8E85,0x878688
     99              ,0x888789,0x8C8B8D,0x8F908F,0x939294
    100              ,0x9B9B9C,0x9B9C9C,0x9F9EA0,0xAFAEB0
    101              ,0xB8B7B8,0xBBBBBC,0xBFBEC0,0xC8C8C5
    102              ,0xCBCBCC,0xCCCBCC,0xD0CFD0,0xD4D3D5
    103              ,0xE3E3E4,0xF0EFF0,0xF4F3F4,0xF8F7F8
    104          };
    105          

   \                                 In section .rodata, align 4, keep-with-next
    106          static GUI_CONST_STORAGE GUI_LOGPALETTE PalReplayPrimeIcon = {
   \                     PalReplayPrimeIcon:
   \   00000000                      ; Initializer data, 12 bytes
   \   00000000   00010000           DC32 256
   \   00000004   00000000           DC8 0, 0, 0, 0
   \   00000008   ........           DC32 ColorsReplayPrimeIcon
    107            256,	/* number of entries */
    108            0, 	/* No transparency */
    109            &ColorsReplayPrimeIcon[0]
    110          };
    111          

   \                                 In section .rodata, align 4, keep-with-next
    112          static GUI_CONST_STORAGE unsigned char acReplayPrimeIcon[] = {
   \                     acReplayPrimeIcon:
   \   00000000                      ; Initializer data, 3600 bytes
   \   00000000   000000003B0D       DC8 0, 0, 0, 0, 59, 13, 5, 5, 5, 5
   \              05050505    
   \   0000000A   050505050505       DC8 5, 5, 5, 5, 5, 5, 5, 5, 5, 5
   \              05050505    
   \   00000014   050505050505       DC8 5, 5, 5, 5, 5, 5, 5, 5, 5, 5
   \              05050505    
   \   0000001E   050505050505       DC8 5, 5, 5, 5, 5, 5, 5, 5, 5, 5
   \              05050505    
   \   00000028   050505050505       DC8 5, 5, 5, 5, 5, 5, 5, 5, 5, 5
   \              05050505    
   \   00000032   050505050D19       DC8 5, 5, 5, 5, 13, 25, 0, 0, 0, 0
   \              00000000    
   \   0000003C   0000115960A1       DC8 0, 0, 17, 89, 96, 161, 9, 149, 146, 146
   \              09959292    
   \   00000046   929292929292       DC8 146, 146, 146, 146, 146, 146, 146, 146, 146, 146
   \              92929292    
   \   00000050   929292929292       DC8 146, 146, 146, 146, 146, 146, 146, 146, 146, 146
   \              92929292    
   \   0000005A   929292929292       DC8 146, 146, 146, 146, 146, 146, 146, 146, 146, 146
   \              92929292    
   \   00000064   929292929292       DC8 146, 146, 146, 146, 146, 146, 146, 146, 146, 146
   \              92929292    
   \   0000006E   92929509A160       DC8 146, 146, 149, 9, 161, 96, 5, 17, 0, 0
   \              05110000    
   \   00000078   00115E15594C       DC8 0, 17, 94, 21, 89, 76, 15, 10, 10, 84
   \              0F0A0A54    
   \   00000082   545454545454       DC8 84, 84, 84, 84, 84, 84, 84, 84, 84, 84
   \              54545454    
   \   0000008C   545454545454       DC8 84, 84, 84, 84, 84, 84, 84, 84, 84, 84
   \              54545454    
   \   00000096   545454545454       DC8 84, 84, 84, 84, 84, 84, 84, 84, 84, 84
   \              54545454    
   \   000000A0   545454545454       DC8 84, 84, 84, 84, 84, 84, 84, 84, 84, 84
   \              54545454    
   \   000000AA   540A0A0F4C43       DC8 84, 10, 10, 15, 76, 67, 21, 158, 65, 0
   \              159E4100    
   \   000000B4   005915545343       DC8 0, 89, 21, 84, 83, 67, 146, 149, 6, 6
   \              92950606    
   \   000000BE   060606060606       DC8 6, 6, 6, 6, 6, 6, 6, 6, 6, 6
   \              06060606    
   \   000000C8   060606060606       DC8 6, 6, 6, 6, 6, 6, 6, 6, 6, 6
   \              06060606    
   \   000000D2   060606060606       DC8 6, 6, 6, 6, 6, 6, 6, 6, 6, 6
   \              06060606    
   \   000000DC   060606060606       DC8 6, 6, 6, 6, 6, 6, 6, 6, 6, 6
   \              06060606    
   \   000000E6   060606924353       DC8 6, 6, 6, 146, 67, 83, 83, 162, 9, 0
   \              53A20900    
   \   000000F0   3B60590A925D       DC8 59, 96, 89, 10, 146, 93, 155, 7, 7, 7
   \              9B070707    
   \   000000FA   070707070707       DC8 7, 7, 7, 7, 7, 7, 7, 7, 7, 7
   \              07070707    
   \   00000104   070707070707       DC8 7, 7, 7, 7, 7, 7, 7, 7, 7, 7
   \              07070707    
   \   0000010E   070707070707       DC8 7, 7, 7, 7, 7, 7, 7, 7, 7, 7
   \              07070707    
   \   00000118   070707070707       DC8 7, 7, 7, 7, 7, 7, 7, 7, 7, 7
   \              07070707    
   \   00000122   0707075E5D92       DC8 7, 7, 7, 94, 93, 146, 84, 88, 21, 19
   \              54581513    
   \   0000012C   0DA153050907       DC8 13, 161, 83, 5, 9, 7, 4, 4, 4, 161
   \              040404A1    
   \   00000136   A1A1A1A1A1A1       DC8 161, 161, 161, 161, 161, 161, 161, 161, 161, 161
   \              A1A1A1A1    
   \   00000140   A1A1A1A1A1A1       DC8 161, 161, 161, 161, 161, 161, 161, 161, 161, 161
   \              A1A1A1A1    
   \   0000014A   A1A1A1A1A1A1       DC8 161, 161, 161, 161, 161, 161, 161, 161, 161, 161
   \              A1A1A1A1    
   \   00000154   A1A1A1A1A1A1       DC8 161, 161, 161, 161, 161, 161, 161, 161, 161, 161
   \              A1A1A1A1    
   \   0000015E   A10404040709       DC8 161, 4, 4, 4, 7, 9, 146, 83, 95, 5
   \              92535F05    
   \   00000168   92090D090704       DC8 146, 9, 13, 9, 7, 4, 2, 2, 2, 96
   \              02020260    
   \   00000172   606060606060       DC8 96, 96, 96, 96, 96, 96, 96, 96, 96, 96
   \              60606060    
   \   0000017C   606060606060       DC8 96, 96, 96, 96, 96, 96, 96, 96, 96, 96
   \              60606060    
   \   00000186   606060606060       DC8 96, 96, 96, 96, 96, 96, 96, 96, 96, 96
   \              60606060    
   \   00000190   606060606060       DC8 96, 96, 96, 96, 96, 96, 96, 96, 96, 96
   \              60606060    
   \   0000019A   60020202045F       DC8 96, 2, 2, 2, 4, 95, 9, 12, 149, 155
   \              090C959B    
   \   000001A4   0595595E0402       DC8 5, 149, 89, 94, 4, 2, 96, 96, 96, 96
   \              60606060    
   \   000001AE   606060606060       DC8 96, 96, 96, 96, 96, 96, 96, 96, 96, 96
   \              60606060    
   \   000001B8   606060606060       DC8 96, 96, 96, 96, 96, 96, 96, 96, 96, 96
   \              60606060    
   \   000001C2   606060606060       DC8 96, 96, 96, 96, 96, 96, 96, 96, 96, 96
   \              60606060    
   \   000001CC   606060606060       DC8 96, 96, 96, 96, 96, 96, 96, 96, 96, 96
   \              60606060    
   \   000001D6   606060600204       DC8 96, 96, 96, 96, 2, 4, 94, 5, 89, 7
   \              5E055907    
   \   000001E0   050605070402       DC8 5, 6, 5, 7, 4, 2, 2, 2, 2, 2
   \              02020202    
   \   000001EA   020202020202       DC8 2, 2, 2, 2, 2, 2, 2, 2, 2, 2
   \              02020202    
   \   000001F4   020202020202       DC8 2, 2, 2, 2, 2, 2, 2, 2, 2, 2
   \              02020202    
   \   000001FE   020202020202       DC8 2, 2, 2, 2, 2, 2, 2, 2, 2, 2
   \              02020202    
   \   00000208   020202020202       DC8 2, 2, 2, 2, 2, 2, 2, 2, 2, 2
   \              02020202    
   \   00000212   020202020204       DC8 2, 2, 2, 2, 2, 4, 7, 6, 5, 94
   \              0706055E    
   \   0000021C   050692070402       DC8 5, 6, 146, 7, 4, 2, 2, 2, 2, 2
   \              02020202    
   \   00000226   020202020202       DC8 2, 2, 2, 2, 2, 2, 2, 2, 2, 2
   \              02020202    
   \   00000230   020202020202       DC8 2, 2, 2, 2, 2, 2, 2, 2, 2, 2
   \              02020202    
   \   0000023A   020202020202       DC8 2, 2, 2, 2, 2, 2, 2, 2, 2, 2
   \              02020202    
   \   00000244   020202020202       DC8 2, 2, 2, 2, 2, 2, 2, 2, 2, 2
   \              02020202    
   \   0000024E   0202020202A1       DC8 2, 2, 2, 2, 2, 161, 7, 6, 5, 94
   \              0706055E    
   \   00000258   050692070402       DC8 5, 6, 146, 7, 4, 2, 2, 2, 2, 2
   \              02020202    
   \   00000262   020202020202       DC8 2, 2, 2, 2, 2, 2, 2, 2, 2, 2
   \              02020202    
   \   0000026C   020202020202       DC8 2, 2, 2, 2, 2, 2, 2, 2, 2, 2
   \              02020202    
   \   00000276   020202020202       DC8 2, 2, 2, 2, 2, 2, 2, 2, 2, 2
   \              02020202    
   \   00000280   020202020202       DC8 2, 2, 2, 2, 2, 2, 2, 2, 2, 2
   \              02020202    
   \   0000028A   0202020202A1       DC8 2, 2, 2, 2, 2, 161, 7, 6, 5, 94
   \              0706055E    
   \   00000294   05069207A102       DC8 5, 6, 146, 7, 161, 2, 2, 2, 2, 2
   \              02020202    
   \   0000029E   020202020202       DC8 2, 2, 2, 2, 2, 2, 2, 2, 2, 2
   \              02020202    
   \   000002A8   020202020202       DC8 2, 2, 2, 2, 2, 2, 2, 2, 2, 2
   \              02020202    
   \   000002B2   020202020202       DC8 2, 2, 2, 2, 2, 2, 2, 2, 2, 2
   \              02020202    
   \   000002BC   020202020202       DC8 2, 2, 2, 2, 2, 2, 2, 2, 2, 2
   \              02020202    
   \   000002C6   020202020202       DC8 2, 2, 2, 2, 2, 2, 4, 9, 146, 94
   \              0409925E    
   \   000002D0   050692070402       DC8 5, 6, 146, 7, 4, 2, 2, 2, 2, 2
   \              02020202    
   \   000002DA   020202020202       DC8 2, 2, 2, 2, 2, 2, 2, 2, 2, 2
   \              02020202    
   \   000002E4   020202020202       DC8 2, 2, 2, 2, 2, 2, 2, 2, 2, 2
   \              02020202    
   \   000002EE   020202020202       DC8 2, 2, 2, 2, 2, 2, 2, 2, 2, 2
   \              02020202    
   \   000002F8   020202020202       DC8 2, 2, 2, 2, 2, 2, 2, 2, 2, 2
   \              02020202    
   \   00000302   020260600207       DC8 2, 2, 96, 96, 2, 7, 5, 10, 88, 7
   \              050A5807    
   \   0000030C   050692070402       DC8 5, 6, 146, 7, 4, 2, 2, 2, 2, 2
   \              02020202    
   \   00000316   020202020202       DC8 2, 2, 2, 2, 2, 2, 2, 2, 2, 2
   \              02020202    
   \   00000320   020202020202       DC8 2, 2, 2, 2, 2, 2, 2, 2, 2, 2
   \              02020202    
   \   0000032A   020202020202       DC8 2, 2, 2, 2, 2, 2, 2, 2, 2, 2
   \              02020202    
   \   00000334   020202020202       DC8 2, 2, 2, 2, 2, 2, 2, 2, 2, 2
   \              02020202    
   \   0000033E   60605E0D1921       DC8 96, 96, 94, 13, 25, 33, 0, 0, 8, 7
   \              00000807    
   \   00000348   050692070402       DC8 5, 6, 146, 7, 4, 2, 2, 2, 2, 2
   \              02020202    
   \   00000352   020202020202       DC8 2, 2, 2, 2, 2, 2, 2, 2, 2, 2
   \              02020202    
   \   0000035C   020202020202       DC8 2, 2, 2, 2, 2, 2, 2, 2, 2, 2
   \              02020202    
   \   00000366   020202020202       DC8 2, 2, 2, 2, 2, 2, 2, 2, 2, 2
   \              02020202    
   \   00000370   020202020202       DC8 2, 2, 2, 2, 2, 2, 2, 161, 2, 96
   \              02A10260    
   \   0000037A   090821000000       DC8 9, 8, 33, 0, 0, 0, 0, 0, 129, 7
   \              00008107    
   \   00000384   0506055E04A1       DC8 5, 6, 5, 94, 4, 161, 161, 161, 161, 161
   \              A1A1A1A1    
   \   0000038E   A1A1A1A1A1A1       DC8 161, 161, 161, 161, 161, 161, 161, 161, 161, 161
   \              A1A1A1A1    
   \   00000398   A1A1A1A1A1A1       DC8 161, 161, 161, 161, 161, 161, 161, 161, 161, 161
   \              A1A1A1A1    
   \   000003A2   A1A1A1A1A1A1       DC8 161, 161, 161, 161, 161, 161, 161, 161, 161, 161
   \              A1A1A1A1    
   \   000003AC   A1A1A1A1A1A1       DC8 161, 161, 161, 161, 161, 161, 161, 96, 95, 76
   \              A1605F4C    
   \   000003B6   000000000000       DC8 0, 0, 0, 0, 0, 0, 0, 0, 129, 7
   \              00008107    
   \   000003C0   0506055E04A1       DC8 5, 6, 5, 94, 4, 161, 161, 161, 161, 161
   \              A1A1A1A1    
   \   000003CA   A1A1A1A1A1A1       DC8 161, 161, 161, 161, 161, 161, 161, 161, 161, 161
   \              A1A1A1A1    
   \   000003D4   A1A1A1A1A1A1       DC8 161, 161, 161, 161, 161, 161, 161, 161, 161, 161
   \              A1A1A1A1    
   \   000003DE   A1A1A1A1A1A1       DC8 161, 161, 161, 161, 161, 161, 161, 161, 161, 161
   \              A1A1A1A1    
   \   000003E8   A1A1A1A1A102       DC8 161, 161, 161, 161, 161, 2, 96, 89, 17, 0
   \              60591100    
   \   000003F2   000000000000       DC8 0, 0, 0, 0, 0, 0, 0, 0, 129, 7
   \              00008107    
   \   000003FC   0506055E9E04       DC8 5, 6, 5, 94, 158, 4, 4, 4, 4, 4
   \              04040404    
   \   00000406   040404040404       DC8 4, 4, 4, 4, 4, 4, 4, 4, 4, 4
   \              04040404    
   \   00000410   040404040404       DC8 4, 4, 4, 4, 4, 4, 4, 4, 4, 4
   \              04040404    
   \   0000041A   040404040404       DC8 4, 4, 4, 4, 4, 4, 4, 4, 4, 4
   \              04040404    
   \   00000424   040404040204       DC8 4, 4, 4, 4, 2, 4, 129, 0, 0, 0
   \              81000000    
   \   0000042E   000000000000       DC8 0, 0, 0, 0, 0, 0, 0, 0, 129, 7
   \              00008107    
   \   00000438   0506055E9E04       DC8 5, 6, 5, 94, 158, 4, 154, 46, 46, 47
   \              9A2E2E2F    
   \   00000442   04042F2E2E2E       DC8 4, 4, 47, 46, 46, 46, 47, 4, 77, 77
   \              2F044D4D    
   \   0000044C   040404090606       DC8 4, 4, 4, 9, 6, 6, 6, 6, 9, 161
   \              060609A1    
   \   00000456   07069EA10404       DC8 7, 6, 158, 161, 4, 4, 7, 6, 6, 6
   \              07060606    
   \   00000460   06095F5D0919       DC8 6, 9, 95, 93, 9, 25, 0, 0, 0, 0
   \              00000000    
   \   0000046A   000000000000       DC8 0, 0, 0, 0, 0, 0, 0, 0, 129, 7
   \              00008107    
   \   00000474   0506055E9E9A       DC8 5, 6, 5, 94, 158, 154, 176, 108, 213, 207
   \              B06CD5CF    
   \   0000047E   0704B4D46C50       DC8 7, 4, 180, 212, 108, 80, 80, 160, 168, 166
   \              50A0A8A6    
   \   00000488   2F0407382633       DC8 47, 4, 7, 56, 38, 51, 51, 43, 216, 9
   \              332BD809    
   \   00000492   BB2A645E0409       DC8 187, 42, 100, 94, 4, 9, 100, 30, 51, 51
   \              641E3333    
   \   0000049C   2A32172AA100       DC8 42, 50, 23, 42, 161, 0, 0, 95, 63, 123
   \              005F3F7B    
   \   000004A6   00000000004C       DC8 0, 0, 0, 0, 0, 76, 149, 0, 8, 7
   \              95000807    
   \   000004B0   0506599B98B3       DC8 5, 6, 89, 155, 152, 179, 115, 221, 218, 198
   \              73DDDAC6    
   \   000004BA   93DFE56DDC49       DC8 147, 223, 229, 109, 220, 73, 219, 132, 80, 224
   \              DB8450E0    
   \   000004C4   9C996018181F       DC8 156, 153, 96, 24, 24, 31, 57, 255, 3, 23
   \              39FF0317    
   \   000004CE   1E03609B094F       DC8 30, 3, 96, 155, 9, 79, 255, 32, 51, 44
   \              FF20332C    
   \   000004D8   033A6A035D00       DC8 3, 58, 106, 3, 93, 0, 0, 30, 24, 17
   \              001E1811    
   \   000004E2   000000000041       DC8 0, 0, 0, 0, 0, 65, 19, 0, 129, 7
   \              13008107    
   \   000004EC   050659095FE3       DC8 5, 6, 89, 9, 95, 227, 209, 61, 90, 90
   \              D13D5A5A    
   \   000004F6   D7D94255C76F       DC8 215, 217, 66, 85, 199, 111, 87, 165, 225, 113
   \              57A5E171    
   \   00000500   D69467036A11       DC8 214, 148, 103, 3, 106, 17, 25, 242, 3, 48
   \              19F20330    
   \   0000050A   FA20535E6216       DC8 250, 32, 83, 94, 98, 22, 239, 19, 76, 68
   \              EF134C44    
   \   00000514   0325321C0000       DC8 3, 37, 50, 28, 0, 0, 0, 35, 30, 0
   \              00231E00    
   \   0000051E   000000000000       DC8 0, 0, 0, 0, 0, 0, 0, 0, 129, 7
   \              00008107    
   \   00000528   0595595CA749       DC8 5, 149, 89, 92, 167, 73, 170, 137, 154, 177
   \              AA899AB1    
   \   00000532   72578AB5E8A3       DC8 114, 87, 138, 181, 232, 163, 178, 73, 231, 112
   \              B249E770    
   \   0000053C   49C3EA03040E       DC8 73, 195, 234, 3, 4, 14, 75, 3, 249, 2
   \              4B03F902    
   \   00000546   031D0F061DFD       DC8 3, 29, 15, 6, 29, 253, 88, 9, 6, 56
   \              58090638    
   \   00000550   0346231BF52D       DC8 3, 70, 35, 27, 245, 45, 44, 3, 23, 13
   \              2C03170D    
   \   0000055A   1E761E3F25EF       DC8 30, 118, 30, 63, 37, 239, 41, 0, 8, 7
   \              29000807    
   \   00000564   05955991C8E6       DC8 5, 149, 89, 145, 200, 230, 141, 151, 46, 201
   \              8D972EC9    
   \   0000056E   E4562FCAA443       DC8 228, 86, 47, 202, 164, 67, 204, 210, 115, 233
   \              CCD273E9    
   \   00000578   D08BF7230DF6       DC8 208, 139, 247, 35, 13, 246, 28, 42, 12, 106
   \              1C2A0C6A    
   \   00000582   03464C0C4022       DC8 3, 70, 76, 12, 64, 34, 19, 155, 93, 45
   \              139B5D2D    
   \   0000058C   180C1D1E512A       DC8 24, 12, 29, 30, 81, 42, 24, 27, 25, 162
   \              181B19A2    
   \   00000596   350E4A51326B       DC8 53, 14, 74, 81, 50, 107, 45, 17, 8, 7
   \              2D110807    
   \   000005A0   0595595CDE6D       DC8 5, 149, 89, 92, 222, 109, 13, 77, 152, 175
   \              0D4D98AF    
   \   000005AA   71CBADACABAE       DC8 113, 203, 173, 172, 171, 174, 133, 211, 112, 169
   \              85D370A9    
   \   000005B4   809F031E0F07       DC8 128, 159, 3, 30, 15, 7, 5, 84, 13, 243
   \              05540DF3    
   \   000005BE   032925481D03       DC8 3, 41, 37, 72, 29, 3, 74, 101, 158, 27
   \              4A659E1B    
   \   000005C8   2C592417176A       DC8 44, 89, 36, 23, 23, 106, 22, 56, 0, 182
   \              163800B6    
   \   000005D2   18452574F43E       DC8 24, 69, 37, 116, 244, 62, 81, 65, 8, 7
   \              51410807    
   \   000005DC   05950C9DE2C4       DC8 5, 149, 12, 157, 226, 196, 135, 158, 7, 7
   \              879E0707    
   \   000005E6   CD6F6E6E70C5       DC8 205, 111, 110, 110, 112, 197, 91, 206, 142, 85
   \              5BCE8E55    
   \   000005F0   963627660C5F       DC8 150, 54, 39, 102, 12, 95, 95, 158, 93, 116
   \              5F9E5D74    
   \   000005FA   1A1BFF320639       DC8 26, 27, 255, 50, 6, 57, 27, 62, 94, 39
   \              1B3E5E27    
   \   00000604   481DFFFFFF35       DC8 72, 29, 255, 255, 255, 53, 56, 33, 0, 2
   \              38210002    
   \   0000060E   39F640F0D8F1       DC8 57, 246, 64, 240, 216, 241, 31, 0, 8, 7
   \              1F000807    
   \   00000618   0595599B8F82       DC8 5, 149, 89, 155, 143, 130, 89, 6, 149, 149
   \              59069595    
   \   00000622   888C42424282       DC8 136, 140, 66, 66, 66, 130, 5, 89, 134, 6
   \              05598606    
   \   0000062C   955E093D9295       DC8 149, 94, 9, 61, 146, 149, 149, 149, 149, 67
   \              95959543    
   \   00000636   0695060D0D43       DC8 6, 149, 6, 13, 13, 67, 93, 33, 0, 17
   \              5D210011    
   \   00000640   002111111100       DC8 0, 33, 17, 17, 17, 0, 0, 0, 0, 0
   \              00000000    
   \   0000064A   3B19197B3C13       DC8 59, 25, 25, 123, 60, 19, 17, 0, 129, 7
   \              11008107    
   \   00000654   05950C966728       DC8 5, 149, 12, 150, 103, 40, 49, 191, 191, 191
   \              31BFBFBF    
   \   0000065E   BF2828282828       DC8 191, 40, 40, 40, 40, 40, 49, 49, 49, 191
   \              313131BF    
   \   00000668   BF144FBFBFBF       DC8 191, 20, 79, 191, 191, 191, 191, 191, 191, 191
   \              BFBFBFBF    
   \   00000672   144F4F1431BF       DC8 20, 79, 79, 20, 49, 191, 14, 36, 100, 23
   \              0E246417    
   \   0000067C   641717171717       DC8 100, 23, 23, 23, 23, 23, 186, 48, 78, 48
   \              BA304E30    
   \   00000686   4730BA171717       DC8 71, 48, 186, 23, 23, 23, 7, 0, 129, 7
   \              07008107    
   \   00000690   05950DA2FF03       DC8 5, 149, 13, 162, 255, 3, 3, 3, 3, 3
   \              03030303    
   \   0000069A   030303030303       DC8 3, 3, 3, 3, 3, 3, 3, 3, 3, 3
   \              03030303    
   \   000006A4   030303030303       DC8 3, 3, 3, 3, 3, 3, 3, 3, 3, 3
   \              03030303    
   \   000006AE   030303030303       DC8 3, 3, 3, 3, 3, 3, 3, 3, 3, 3
   \              03030303    
   \   000006B8   030303030303       DC8 3, 3, 3, 3, 3, 3, 3, 28, 239, 192
   \              031CEFC0    
   \   000006C2   3E5118030303       DC8 62, 81, 24, 3, 3, 3, 35, 0, 60, 7
   \              23003C07    
   \   000006CC   05955415FE03       DC8 5, 149, 84, 21, 254, 3, 3, 3, 3, 3
   \              03030303    
   \   000006D6   030303030303       DC8 3, 3, 3, 3, 3, 3, 3, 3, 3, 3
   \              03030303    
   \   000006E0   030303030303       DC8 3, 3, 3, 3, 3, 3, 3, 3, 3, 3
   \              03030303    
   \   000006EA   030303030303       DC8 3, 3, 3, 3, 3, 3, 3, 3, 3, 3
   \              03030303    
   \   000006F4   0303030303FE       DC8 3, 3, 3, 3, 3, 254, 55, 127, 82, 76
   \              377F524C    
   \   000006FE   4C3C0CF20303       DC8 76, 60, 12, 242, 3, 3, 28, 0, 60, 7
   \              1C003C07    
   \   00000708   05955415FE16       DC8 5, 149, 84, 21, 254, 22, 34, 119, 16, 16
   \              22771010    
   \   00000712   10101C031620       DC8 16, 16, 28, 3, 22, 32, 119, 16, 16, 16
   \              77101010    
   \   0000071C   102003037735       DC8 16, 32, 3, 3, 119, 53, 253, 248, 255, 3
   \              FDF8FF03    
   \   00000726   030303FD1CFF       DC8 3, 3, 3, 253, 28, 255, 35, 249, 16, 119
   \              23F91077    
   \   00000730   7710F81C1625       DC8 119, 16, 248, 28, 22, 37, 98, 36, 70, 84
   \              62244654    
   \   0000073A   5443C25D4B03       DC8 84, 67, 194, 93, 75, 3, 28, 0, 60, 7
   \              1C003C07    
   \   00000744   05950A1516FC       DC8 5, 149, 10, 21, 22, 252, 94, 12, 12, 12
   \              5E0C0C0C    
   \   0000074E   0C0C0C1D1A07       DC8 12, 12, 12, 29, 26, 7, 146, 5, 5, 5
   \              92050505    
   \   00000758   0543EBFD5E75       DC8 5, 67, 235, 253, 94, 117, 31, 83, 193, 3
   \              1F53C103    
   \   00000762   0303FD645D1C       DC8 3, 3, 253, 100, 93, 28, 191, 12, 67, 144
   \              BF0C4390    
   \   0000076C   430C081EF506       DC8 67, 12, 8, 30, 245, 6, 28, 3, 255, 188
   \              1C03FFBC    
   \   00000776   5840032C0627       DC8 88, 64, 3, 44, 6, 39, 52, 0, 60, 7
   \              34003C07    
   \   00000780   05950A1516FC       DC8 5, 149, 10, 21, 22, 252, 94, 237, 57, 31
   \              5EED391F    
   \   0000078A   1F3912A110B7       DC8 31, 57, 18, 161, 16, 183, 116, 58, 248, 249
   \              743AF8F9    
   \   00000794   10EBA277634B       DC8 16, 235, 162, 119, 99, 75, 58, 96, 158, 43
   \              3A609E2B    
   \   0000079E   0303EC5F4434       DC8 3, 3, 236, 95, 68, 52, 37, 100, 246, 31
   \              2564F61F    
   \   000007A8   1F1FF6FE6A58       DC8 31, 31, 246, 254, 106, 88, 23, 253, 3, 53
   \              17FD0335    
   \   000007B2   FB03186A522B       DC8 251, 3, 24, 106, 82, 43, 26, 0, 60, 7
   \              1A003C07    
   \   000007BC   05950A15161A       DC8 5, 149, 10, 21, 22, 26, 68, 117, 119, 16
   \              44757710    
   \   000007C6   102075BA2066       DC8 16, 32, 117, 186, 32, 102, 245, 39, 16, 34
   \              F5271022    
   \   000007D0   22F230226933       DC8 34, 242, 48, 34, 105, 51, 250, 104, 79, 187
   \              FA684FBB    
   \   000007DA   FC7747BF48FC       DC8 252, 119, 71, 191, 72, 252, 239, 72, 29, 29
   \              EF481D1D    
   \   000007E4   EE3FF2FE6844       DC8 238, 63, 242, 254, 104, 68, 7, 105, 254, 3
   \              0769FE03    
   \   000007EE   031C467F81C2       DC8 3, 28, 70, 127, 129, 194, 26, 0, 60, 7
   \              1A003C07    
   \   000007F8   059553A2FF1A       DC8 5, 149, 83, 162, 255, 26, 185, 97, 182, 97
   \              B961B661    
   \   00000802   62B81751274E       DC8 98, 184, 23, 81, 39, 78, 245, 26, 55, 101
   \              F51A3765    
   \   0000080C   363676FE37F4       DC8 54, 54, 118, 254, 55, 244, 32, 190, 251, 37
   \              20BEFB25    
   \   00000816   3E4F1D39361A       DC8 62, 79, 29, 57, 54, 26, 30, 55, 41, 41
   \              1E372929    
   \   00000820   29EEF0183662       DC8 41, 238, 240, 24, 54, 98, 4, 79, 24, 3
   \              044F1803    
   \   0000082A   031F5356816B       DC8 3, 31, 83, 86, 129, 107, 26, 0, 60, 7
   \              1A003C07    
   \   00000834   059553A21634       DC8 5, 149, 83, 162, 22, 52, 61, 216, 16, 16
   \              3DD81010    
   \   0000083E   10F8FB031A4C       DC8 16, 248, 251, 3, 26, 76, 50, 3, 251, 6
   \              3203FB06    
   \   00000848   432C032743EF       DC8 67, 44, 3, 39, 67, 239, 31, 60, 52, 31
   \              1F3C341F    
   \   00000852   7B5823403C1C       DC8 123, 88, 35, 64, 60, 28, 54, 158, 32, 251
   \              369E20FB    
   \   0000085C   FB22FB16663D       DC8 251, 34, 251, 22, 102, 61, 116, 3, 3, 26
   \              7403031A    
   \   00000866   03032A0F3C4B       DC8 3, 3, 42, 15, 60, 75, 26, 0, 60, 7
   \              1A003C07    
   \   00000870   059553601634       DC8 5, 149, 83, 96, 22, 52, 65, 30, 3, 3
   \              411E0303    
   \   0000087A   030303033441       DC8 3, 3, 3, 3, 52, 65, 41, 3, 3, 57
   \              29030339    
   \   00000884   0F151A183C4A       DC8 15, 21, 26, 24, 60, 74, 245, 33, 119, 3
   \              F5217703    
   \   0000088E   C1EE032B411C       DC8 193, 238, 3, 43, 65, 28, 189, 120, 126, 124
   \              BD787E7C    
   \   00000898   527B1176765D       DC8 82, 123, 17, 118, 118, 93, 22, 3, 50, 67
   \              16033243    
   \   000008A2   1F0303ED831A       DC8 31, 3, 3, 237, 131, 26, 52, 0, 60, 7
   \              34003C07    
   \   000008AC   059553601B1B       DC8 5, 149, 83, 96, 27, 27, 38, 52, 3, 3
   \              26340303    
   \   000008B6   03030303FE26       DC8 3, 3, 3, 3, 254, 38, 35, 3, 3, 3
   \              23030303    
   \   000008C0   FBF33403F31C       DC8 251, 243, 52, 3, 243, 28, 53, 38, 253, 3
   \              3526FD03    
   \   000008CA   030303351F1B       DC8 3, 3, 3, 53, 31, 27, 250, 51, 243, 243
   \              FA33F3F3    
   \   000008D4   26F326101663       DC8 38, 243, 38, 16, 22, 99, 186, 18, 61, 15
   \              BA123D0F    
   \   000008DE   07376A472903       DC8 7, 55, 106, 71, 41, 3, 28, 0, 60, 7
   \              1C003C07    
   \   000008E8   05920F60FE03       DC8 5, 146, 15, 96, 254, 3, 3, 3, 3, 3
   \              03030303    
   \   000008F2   030303030303       DC8 3, 3, 3, 3, 3, 3, 3, 3, 3, 3
   \              03030303    
   \   000008FC   030303030303       DC8 3, 3, 3, 3, 3, 3, 3, 3, 3, 3
   \              03030303    
   \   00000906   030303030303       DC8 3, 3, 3, 3, 3, 3, 3, 3, 3, 3
   \              03030303    
   \   00000910   030303030335       DC8 3, 3, 3, 3, 3, 53, 23, 122, 129, 83
   \              177A8153    
   \   0000091A   81797D120303       DC8 129, 121, 125, 18, 3, 3, 28, 0, 60, 7
   \              1C003C07    
   \   00000924   05920F021603       DC8 5, 146, 15, 2, 22, 3, 3, 3, 3, 3
   \              03030303    
   \   0000092E   030303030303       DC8 3, 3, 3, 3, 3, 3, 3, 3, 3, 3
   \              03030303    
   \   00000938   030303030303       DC8 3, 3, 3, 3, 3, 3, 3, 3, 3, 3
   \              03030303    
   \   00000942   030303030303       DC8 3, 3, 3, 3, 3, 3, 3, 3, 3, 3
   \              03030303    
   \   0000094C   030303030303       DC8 3, 3, 3, 3, 3, 3, 3, 246, 49, 102
   \              03F63166    
   \   00000956   4E4A23030303       DC8 78, 74, 35, 3, 3, 3, 52, 0, 60, 7
   \              34003C07    
   \   00000960   059254923774       DC8 5, 146, 84, 146, 55, 116, 116, 116, 116, 116
   \              74747474    
   \   0000096A   747474747474       DC8 116, 116, 116, 116, 116, 116, 116, 116, 116, 116
   \              74747474    
   \   00000974   747474747474       DC8 116, 116, 116, 116, 116, 116, 56, 20, 14, 14
   \              38140E0E    
   \   0000097E   0E0E0E0E0E0E       DC8 14, 14, 14, 14, 14, 14, 14, 14, 14, 14
   \              0E0E0E0E    
   \   00000988   0E0E0E0E0E0E       DC8 14, 14, 14, 14, 14, 14, 106, 49, 20, 14
   \              6A31140E    
   \   00000992   0E31140E0E0E       DC8 14, 49, 20, 14, 14, 14, 97, 0, 129, 7
   \              61008107    
   \   0000099C   05925405580D       DC8 5, 146, 84, 5, 88, 13, 13, 13, 13, 13
   \              0D0D0D0D    
   \   000009A6   0D0D0D0D0D0D       DC8 13, 13, 13, 13, 13, 13, 13, 13, 13, 13
   \              0D0D0D0D    
   \   000009B0   0D0D0D0D0C0C       DC8 13, 13, 13, 13, 12, 12, 122, 0, 0, 0
   \              7A000000    
   \   000009BA   000000000000       DC8 0, 0, 0, 0, 0, 0, 0, 0, 0, 0
   \              00000000    
   \   000009C4   000000000000       DC8 0, 0, 0, 0, 0, 0, 0, 0, 0, 0
   \              00000000    
   \   000009CE   000000000000       DC8 0, 0, 0, 0, 0, 0, 0, 0, 129, 7
   \              00008107    
   \   000009D8   059254050609       DC8 5, 146, 84, 5, 6, 9, 9, 9, 9, 9
   \              09090909    
   \   000009E2   090909090909       DC8 9, 9, 9, 9, 9, 9, 9, 9, 9, 9
   \              09090909    
   \   000009EC   0909095E067B       DC8 9, 9, 9, 94, 6, 123, 0, 0, 0, 0
   \              00000000    
   \   000009F6   000000000000       DC8 0, 0, 0, 0, 0, 0, 0, 0, 0, 0
   \              00000000    
   \   00000A00   000000000000       DC8 0, 0, 0, 0, 0, 0, 0, 0, 0, 0
   \              00000000    
   \   00000A0A   000000000000       DC8 0, 0, 0, 0, 0, 0, 0, 0, 129, 7
   \              00008107    
   \   00000A14   05925405065D       DC8 5, 146, 84, 5, 6, 93, 93, 93, 93, 93
   \              5D5D5D5D    
   \   00000A1E   5D5D5D5D5D5D       DC8 93, 93, 93, 93, 93, 93, 93, 93, 93, 93
   \              5D5D5D5D    
   \   00000A28   5D099B0D1100       DC8 93, 9, 155, 13, 17, 0, 0, 0, 0, 0
   \              00000000    
   \   00000A32   000000000000       DC8 0, 0, 0, 0, 0, 0, 0, 0, 0, 0
   \              00000000    
   \   00000A3C   000000000000       DC8 0, 0, 0, 0, 0, 0, 0, 0, 0, 0
   \              00000000    
   \   00000A46   000000000000       DC8 0, 0, 0, 0, 0, 0, 0, 0, 129, 7
   \              00008107    
   \   00000A50   05925405065D       DC8 5, 146, 84, 5, 6, 93, 93, 93, 93, 93
   \              5D5D5D5D    
   \   00000A5A   5D5D5D5D5D5D       DC8 93, 93, 93, 93, 93, 93, 93, 93, 93, 9
   \              5D5D5D09    
   \   00000A64   9B057B000000       DC8 155, 5, 123, 0, 0, 0, 0, 0, 0, 0
   \              00000000    
   \   00000A6E   000000000000       DC8 0, 0, 0, 0, 0, 0, 0, 0, 0, 0
   \              00000000    
   \   00000A78   000000000000       DC8 0, 0, 0, 0, 0, 0, 0, 0, 0, 0
   \              00000000    
   \   00000A82   000000000000       DC8 0, 0, 0, 0, 0, 0, 0, 0, 129, 7
   \              00008107    
   \   00000A8C   05925405065D       DC8 5, 146, 84, 5, 6, 93, 93, 93, 93, 93
   \              5D5D5D5D    
   \   00000A96   5D5D5D5D5D5D       DC8 93, 93, 93, 93, 93, 93, 9, 9, 9, 5
   \              09090905    
   \   00000AA0   132100000000       DC8 19, 33, 0, 0, 0, 0, 0, 0, 0, 0
   \              00000000    
   \   00000AAA   000000000000       DC8 0, 0, 0, 0, 0, 0, 0, 0, 0, 0
   \              00000000    
   \   00000AB4   000000000000       DC8 0, 0, 0, 0, 0, 0, 0, 0, 0, 0
   \              00000000    
   \   00000ABE   000000000000       DC8 0, 0, 0, 0, 0, 0, 0, 0, 129, 7
   \              00008107    
   \   00000AC8   05920A059506       DC8 5, 146, 10, 5, 149, 6, 6, 6, 6, 6
   \              06060606    
   \   00000AD2   0606065D0909       DC8 6, 6, 6, 93, 9, 9, 149, 84, 25, 0
   \              95541900    
   \   00000ADC   000000000000       DC8 0, 0, 0, 0, 0, 0, 0, 0, 0, 0
   \              00000000    
   \   00000AE6   000000000000       DC8 0, 0, 0, 0, 0, 0, 0, 0, 0, 0
   \              00000000    
   \   00000AF0   000000000000       DC8 0, 0, 0, 0, 0, 0, 0, 0, 0, 0
   \              00000000    
   \   00000AFA   000000000000       DC8 0, 0, 0, 0, 0, 0, 0, 0, 129, 7
   \              00008107    
   \   00000B04   05920A05955D       DC8 5, 146, 10, 5, 149, 93, 93, 93, 9, 9
   \              5D5D0909    
   \   00000B0E   09090605537B       DC8 9, 9, 6, 5, 83, 123, 17, 0, 0, 0
   \              11000000    
   \   00000B18   000000000000       DC8 0, 0, 0, 0, 0, 0, 0, 0, 0, 0
   \              00000000    
   \   00000B22   000000000000       DC8 0, 0, 0, 0, 0, 0, 0, 0, 0, 0
   \              00000000    
   \   00000B2C   000000000000       DC8 0, 0, 0, 0, 0, 0, 0, 0, 0, 0
   \              00000000    
   \   00000B36   000000000000       DC8 0, 0, 0, 0, 0, 0, 0, 0, 129, 7
   \              00008107    
   \   00000B40   059253599295       DC8 5, 146, 83, 89, 146, 149, 146, 5, 12, 84
   \              92050C54    
   \   00000B4A   817B41210000       DC8 129, 123, 65, 33, 0, 0, 0, 0, 0, 0
   \              00000000    
   \   00000B54   000000000000       DC8 0, 0, 0, 0, 0, 0, 0, 0, 0, 0
   \              00000000    
   \   00000B5E   000000000000       DC8 0, 0, 0, 0, 0, 0, 0, 0, 0, 0
   \              00000000    
   \   00000B68   000000000000       DC8 0, 0, 0, 0, 0, 0, 0, 0, 0, 0
   \              00000000    
   \   00000B72   000000000000       DC8 0, 0, 0, 0, 0, 0, 0, 0, 129, 7
   \              00008107    
   \   00000B7C   920C11111111       DC8 146, 12, 17, 17, 17, 17, 17, 0, 0, 0
   \              11000000    
   \   00000B86   000000000000       DC8 0, 0, 0, 0, 0, 0, 0, 0, 0, 0
   \              00000000    
   \   00000B90   000000000000       DC8 0, 0, 0, 0, 0, 0, 0, 0, 0, 0
   \              00000000    
   \   00000B9A   000000000000       DC8 0, 0, 0, 0, 0, 0, 0, 0, 0, 0
   \              00000000    
   \   00000BA4   000000000000       DC8 0, 0, 0, 0, 0, 0, 0, 0, 0, 0
   \              00000000    
   \   00000BAE   000000000000       DC8 0, 0, 0, 0, 0, 0, 0, 0, 129, 7
   \              00008107    
   \   00000BB8   925800000000       DC8 146, 88, 0, 0, 0, 0, 0, 0, 0, 0
   \              00000000    
   \   00000BC2   000000000000       DC8 0, 0, 0, 0, 0, 0, 0, 0, 0, 0
   \              00000000    
   \   00000BCC   000000000000       DC8 0, 0, 0, 0, 0, 0, 0, 0, 0, 0
   \              00000000    
   \   00000BD6   000000000000       DC8 0, 0, 0, 0, 0, 0, 0, 0, 0, 0
   \              00000000    
   \   00000BE0   000000000000       DC8 0, 0, 0, 0, 0, 0, 0, 0, 0, 0
   \              00000000    
   \   00000BEA   000000000000       DC8 0, 0, 0, 0, 0, 0, 0, 0, 129, 7
   \              00008107    
   \   00000BF4   925800000000       DC8 146, 88, 0, 0, 0, 0, 0, 0, 0, 0
   \              00000000    
   \   00000BFE   000000000000       DC8 0, 0, 0, 0, 0, 0, 0, 0, 0, 0
   \              00000000    
   \   00000C08   000000000000       DC8 0, 0, 0, 0, 0, 0, 0, 0, 0, 0
   \              00000000    
   \   00000C12   000000000000       DC8 0, 0, 0, 0, 0, 0, 0, 0, 0, 0
   \              00000000    
   \   00000C1C   000000000000       DC8 0, 0, 0, 0, 0, 0, 0, 0, 0, 0
   \              00000000    
   \   00000C26   000000000000       DC8 0, 0, 0, 0, 0, 0, 0, 0, 129, 7
   \              00008107    
   \   00000C30   925800000000       DC8 146, 88, 0, 0, 0, 0, 0, 0, 0, 0
   \              00000000    
   \   00000C3A   000000000000       DC8 0, 0, 0, 0, 0, 0, 0, 0, 0, 0
   \              00000000    
   \   00000C44   000000000000       DC8 0, 0, 0, 0, 0, 0, 0, 0, 0, 0
   \              00000000    
   \   00000C4E   000000000000       DC8 0, 0, 0, 0, 0, 0, 0, 0, 0, 0
   \              00000000    
   \   00000C58   000000000000       DC8 0, 0, 0, 0, 0, 0, 0, 0, 0, 0
   \              00000000    
   \   00000C62   000000000000       DC8 0, 0, 0, 0, 0, 0, 0, 0, 129, 7
   \              00008107    
   \   00000C6C   950500000000       DC8 149, 5, 0, 0, 0, 0, 0, 0, 0, 0
   \              00000000    
   \   00000C76   000000000000       DC8 0, 0, 0, 0, 0, 0, 0, 0, 0, 0
   \              00000000    
   \   00000C80   000000000000       DC8 0, 0, 0, 0, 0, 0, 0, 0, 0, 0
   \              00000000    
   \   00000C8A   000000000000       DC8 0, 0, 0, 0, 0, 0, 0, 0, 0, 0
   \              00000000    
   \   00000C94   000000000000       DC8 0, 0, 0, 0, 0, 0, 0, 0, 0, 0
   \              00000000    
   \   00000C9E   000000000000       DC8 0, 0, 0, 0, 0, 0, 0, 0, 10, 7
   \              00000A07    
   \   00000CA8   0C0400000000       DC8 12, 4, 0, 0, 0, 0, 0, 0, 0, 0
   \              00000000    
   \   00000CB2   000000000000       DC8 0, 0, 0, 0, 0, 0, 0, 0, 0, 0
   \              00000000    
   \   00000CBC   000000000000       DC8 0, 0, 0, 0, 0, 0, 0, 0, 0, 0
   \              00000000    
   \   00000CC6   000000000000       DC8 0, 0, 0, 0, 0, 0, 0, 0, 0, 0
   \              00000000    
   \   00000CD0   000000000000       DC8 0, 0, 0, 0, 0, 0, 0, 0, 0, 0
   \              00000000    
   \   00000CDA   000000000000       DC8 0, 0, 0, 0, 0, 0, 0, 0, 9, 6
   \              00000906    
   \   00000CE4   7B1508000000       DC8 123, 21, 8, 0, 0, 0, 0, 0, 0, 0
   \              00000000    
   \   00000CEE   000000000000       DC8 0, 0, 0, 0, 0, 0, 0, 0, 0, 0
   \              00000000    
   \   00000CF8   000000000000       DC8 0, 0, 0, 0, 0, 0, 0, 0, 0, 0
   \              00000000    
   \   00000D02   000000000000       DC8 0, 0, 0, 0, 0, 0, 0, 0, 0, 0
   \              00000000    
   \   00000D0C   000000000000       DC8 0, 0, 0, 0, 0, 0, 0, 0, 0, 0
   \              00000000    
   \   00000D16   000000000000       DC8 0, 0, 0, 0, 0, 0, 0, 59, 21, 76
   \              003B154C    
   \   00000D20   005D60410000       DC8 0, 93, 96, 65, 0, 0, 0, 0, 0, 0
   \              00000000    
   \   00000D2A   000000000000       DC8 0, 0, 0, 0, 0, 0, 0, 0, 0, 0
   \              00000000    
   \   00000D34   000000000000       DC8 0, 0, 0, 0, 0, 0, 0, 0, 0, 0
   \              00000000    
   \   00000D3E   000000000000       DC8 0, 0, 0, 0, 0, 0, 0, 0, 0, 0
   \              00000000    
   \   00000D48   000000000000       DC8 0, 0, 0, 0, 0, 0, 0, 0, 0, 0
   \              00000000    
   \   00000D52   000000000000       DC8 0, 0, 0, 0, 0, 0, 33, 7, 4, 33
   \              21070421    
   \   00000D5C   004102A17B00       DC8 0, 65, 2, 161, 123, 0, 0, 0, 0, 0
   \              00000000    
   \   00000D66   000000000000       DC8 0, 0, 0, 0, 0, 0, 0, 0, 0, 0
   \              00000000    
   \   00000D70   000000000000       DC8 0, 0, 0, 0, 0, 0, 0, 0, 0, 0
   \              00000000    
   \   00000D7A   000000000000       DC8 0, 0, 0, 0, 0, 0, 0, 0, 0, 0
   \              00000000    
   \   00000D84   000000000000       DC8 0, 0, 0, 0, 0, 0, 0, 0, 0, 0
   \              00000000    
   \   00000D8E   000000000019       DC8 0, 0, 0, 0, 0, 25, 7, 182, 123, 0
   \              07B67B00    
   \   00000D98   00003B5EB65E       DC8 0, 0, 59, 94, 182, 94, 13, 8, 60, 8
   \              0D083C08    
   \   00000DA2   080808080808       DC8 8, 8, 8, 8, 8, 8, 8, 8, 8, 8
   \              08080808    
   \   00000DAC   080808080808       DC8 8, 8, 8, 8, 8, 8, 8, 8, 8, 8
   \              08080808    
   \   00000DB6   080808080808       DC8 8, 8, 8, 8, 8, 8, 8, 8, 8, 8
   \              08080808    
   \   00000DC0   080808080808       DC8 8, 8, 8, 8, 8, 8, 8, 8, 8, 8
   \              08080808    
   \   00000DCA   083C080A0915       DC8 8, 60, 8, 10, 9, 21, 4, 123, 0, 0
   \              047B0000    
   \   00000DD4   000000000806       DC8 0, 0, 0, 0, 8, 6, 7, 7, 7, 7
   \              07070707    
   \   00000DDE   070707070707       DC8 7, 7, 7, 7, 7, 7, 7, 7, 7, 7
   \              07070707    
   \   00000DE8   070707070707       DC8 7, 7, 7, 7, 7, 7, 7, 7, 7, 7
   \              07070707    
   \   00000DF2   070707070707       DC8 7, 7, 7, 7, 7, 7, 7, 7, 7, 7
   \              07070707    
   \   00000DFC   070707070707       DC8 7, 7, 7, 7, 7, 7, 7, 7, 7, 7
   \              07070707    
   \   00000E06   07070707090F       DC8 7, 7, 7, 7, 9, 15, 33, 0, 0, 0
   \              21000000    
    113            0x00, 0x00, 0x00, 0x00, 0x3B, 0x0D, 0x05, 0x05, 0x05, 0x05, 0x05, 0x05, 0x05, 0x05, 0x05, 0x05, 0x05, 0x05, 0x05, 0x05, 0x05, 0x05, 0x05, 0x05, 0x05, 0x05, 0x05, 0x05, 0x05, 0x05, 0x05, 0x05, 0x05, 0x05, 0x05, 0x05, 0x05, 0x05, 0x05, 0x05, 0x05, 0x05, 
    114                  0x05, 0x05, 0x05, 0x05, 0x05, 0x05, 0x05, 0x05, 0x05, 0x05, 0x05, 0x05, 0x0D, 0x19, 0x00, 0x00, 0x00, 0x00,
    115            0x00, 0x00, 0x11, 0x59, 0x60, 0xA1, 0x09, 0x95, 0x92, 0x92, 0x92, 0x92, 0x92, 0x92, 0x92, 0x92, 0x92, 0x92, 0x92, 0x92, 0x92, 0x92, 0x92, 0x92, 0x92, 0x92, 0x92, 0x92, 0x92, 0x92, 0x92, 0x92, 0x92, 0x92, 0x92, 0x92, 0x92, 0x92, 0x92, 0x92, 0x92, 0x92, 
    116                  0x92, 0x92, 0x92, 0x92, 0x92, 0x92, 0x92, 0x92, 0x92, 0x92, 0x95, 0x09, 0xA1, 0x60, 0x05, 0x11, 0x00, 0x00,
    117            0x00, 0x11, 0x5E, 0x15, 0x59, 0x4C, 0x0F, 0x0A, 0x0A, 0x54, 0x54, 0x54, 0x54, 0x54, 0x54, 0x54, 0x54, 0x54, 0x54, 0x54, 0x54, 0x54, 0x54, 0x54, 0x54, 0x54, 0x54, 0x54, 0x54, 0x54, 0x54, 0x54, 0x54, 0x54, 0x54, 0x54, 0x54, 0x54, 0x54, 0x54, 0x54, 0x54, 
    118                  0x54, 0x54, 0x54, 0x54, 0x54, 0x54, 0x54, 0x54, 0x54, 0x0A, 0x0A, 0x0F, 0x4C, 0x43, 0x15, 0x9E, 0x41, 0x00,
    119            0x00, 0x59, 0x15, 0x54, 0x53, 0x43, 0x92, 0x95, 0x06, 0x06, 0x06, 0x06, 0x06, 0x06, 0x06, 0x06, 0x06, 0x06, 0x06, 0x06, 0x06, 0x06, 0x06, 0x06, 0x06, 0x06, 0x06, 0x06, 0x06, 0x06, 0x06, 0x06, 0x06, 0x06, 0x06, 0x06, 0x06, 0x06, 0x06, 0x06, 0x06, 0x06, 
    120                  0x06, 0x06, 0x06, 0x06, 0x06, 0x06, 0x06, 0x06, 0x06, 0x06, 0x06, 0x92, 0x43, 0x53, 0x53, 0xA2, 0x09, 0x00,
    121            0x3B, 0x60, 0x59, 0x0A, 0x92, 0x5D, 0x9B, 0x07, 0x07, 0x07, 0x07, 0x07, 0x07, 0x07, 0x07, 0x07, 0x07, 0x07, 0x07, 0x07, 0x07, 0x07, 0x07, 0x07, 0x07, 0x07, 0x07, 0x07, 0x07, 0x07, 0x07, 0x07, 0x07, 0x07, 0x07, 0x07, 0x07, 0x07, 0x07, 0x07, 0x07, 0x07, 
    122                  0x07, 0x07, 0x07, 0x07, 0x07, 0x07, 0x07, 0x07, 0x07, 0x07, 0x07, 0x5E, 0x5D, 0x92, 0x54, 0x58, 0x15, 0x13,
    123            0x0D, 0xA1, 0x53, 0x05, 0x09, 0x07, 0x04, 0x04, 0x04, 0xA1, 0xA1, 0xA1, 0xA1, 0xA1, 0xA1, 0xA1, 0xA1, 0xA1, 0xA1, 0xA1, 0xA1, 0xA1, 0xA1, 0xA1, 0xA1, 0xA1, 0xA1, 0xA1, 0xA1, 0xA1, 0xA1, 0xA1, 0xA1, 0xA1, 0xA1, 0xA1, 0xA1, 0xA1, 0xA1, 0xA1, 0xA1, 0xA1, 
    124                  0xA1, 0xA1, 0xA1, 0xA1, 0xA1, 0xA1, 0xA1, 0xA1, 0xA1, 0x04, 0x04, 0x04, 0x07, 0x09, 0x92, 0x53, 0x5F, 0x05,
    125            0x92, 0x09, 0x0D, 0x09, 0x07, 0x04, 0x02, 0x02, 0x02, 0x60, 0x60, 0x60, 0x60, 0x60, 0x60, 0x60, 0x60, 0x60, 0x60, 0x60, 0x60, 0x60, 0x60, 0x60, 0x60, 0x60, 0x60, 0x60, 0x60, 0x60, 0x60, 0x60, 0x60, 0x60, 0x60, 0x60, 0x60, 0x60, 0x60, 0x60, 0x60, 0x60, 
    126                  0x60, 0x60, 0x60, 0x60, 0x60, 0x60, 0x60, 0x60, 0x60, 0x02, 0x02, 0x02, 0x04, 0x5F, 0x09, 0x0C, 0x95, 0x9B,
    127            0x05, 0x95, 0x59, 0x5E, 0x04, 0x02, 0x60, 0x60, 0x60, 0x60, 0x60, 0x60, 0x60, 0x60, 0x60, 0x60, 0x60, 0x60, 0x60, 0x60, 0x60, 0x60, 0x60, 0x60, 0x60, 0x60, 0x60, 0x60, 0x60, 0x60, 0x60, 0x60, 0x60, 0x60, 0x60, 0x60, 0x60, 0x60, 0x60, 0x60, 0x60, 0x60, 
    128                  0x60, 0x60, 0x60, 0x60, 0x60, 0x60, 0x60, 0x60, 0x60, 0x60, 0x60, 0x60, 0x02, 0x04, 0x5E, 0x05, 0x59, 0x07,
    129            0x05, 0x06, 0x05, 0x07, 0x04, 0x02, 0x02, 0x02, 0x02, 0x02, 0x02, 0x02, 0x02, 0x02, 0x02, 0x02, 0x02, 0x02, 0x02, 0x02, 0x02, 0x02, 0x02, 0x02, 0x02, 0x02, 0x02, 0x02, 0x02, 0x02, 0x02, 0x02, 0x02, 0x02, 0x02, 0x02, 0x02, 0x02, 0x02, 0x02, 0x02, 0x02, 
    130                  0x02, 0x02, 0x02, 0x02, 0x02, 0x02, 0x02, 0x02, 0x02, 0x02, 0x02, 0x02, 0x02, 0x04, 0x07, 0x06, 0x05, 0x5E,
    131            0x05, 0x06, 0x92, 0x07, 0x04, 0x02, 0x02, 0x02, 0x02, 0x02, 0x02, 0x02, 0x02, 0x02, 0x02, 0x02, 0x02, 0x02, 0x02, 0x02, 0x02, 0x02, 0x02, 0x02, 0x02, 0x02, 0x02, 0x02, 0x02, 0x02, 0x02, 0x02, 0x02, 0x02, 0x02, 0x02, 0x02, 0x02, 0x02, 0x02, 0x02, 0x02, 
    132                  0x02, 0x02, 0x02, 0x02, 0x02, 0x02, 0x02, 0x02, 0x02, 0x02, 0x02, 0x02, 0x02, 0xA1, 0x07, 0x06, 0x05, 0x5E,
    133            0x05, 0x06, 0x92, 0x07, 0x04, 0x02, 0x02, 0x02, 0x02, 0x02, 0x02, 0x02, 0x02, 0x02, 0x02, 0x02, 0x02, 0x02, 0x02, 0x02, 0x02, 0x02, 0x02, 0x02, 0x02, 0x02, 0x02, 0x02, 0x02, 0x02, 0x02, 0x02, 0x02, 0x02, 0x02, 0x02, 0x02, 0x02, 0x02, 0x02, 0x02, 0x02, 
    134                  0x02, 0x02, 0x02, 0x02, 0x02, 0x02, 0x02, 0x02, 0x02, 0x02, 0x02, 0x02, 0x02, 0xA1, 0x07, 0x06, 0x05, 0x5E,
    135            0x05, 0x06, 0x92, 0x07, 0xA1, 0x02, 0x02, 0x02, 0x02, 0x02, 0x02, 0x02, 0x02, 0x02, 0x02, 0x02, 0x02, 0x02, 0x02, 0x02, 0x02, 0x02, 0x02, 0x02, 0x02, 0x02, 0x02, 0x02, 0x02, 0x02, 0x02, 0x02, 0x02, 0x02, 0x02, 0x02, 0x02, 0x02, 0x02, 0x02, 0x02, 0x02, 
    136                  0x02, 0x02, 0x02, 0x02, 0x02, 0x02, 0x02, 0x02, 0x02, 0x02, 0x02, 0x02, 0x02, 0x02, 0x04, 0x09, 0x92, 0x5E,
    137            0x05, 0x06, 0x92, 0x07, 0x04, 0x02, 0x02, 0x02, 0x02, 0x02, 0x02, 0x02, 0x02, 0x02, 0x02, 0x02, 0x02, 0x02, 0x02, 0x02, 0x02, 0x02, 0x02, 0x02, 0x02, 0x02, 0x02, 0x02, 0x02, 0x02, 0x02, 0x02, 0x02, 0x02, 0x02, 0x02, 0x02, 0x02, 0x02, 0x02, 0x02, 0x02, 
    138                  0x02, 0x02, 0x02, 0x02, 0x02, 0x02, 0x02, 0x02, 0x02, 0x02, 0x60, 0x60, 0x02, 0x07, 0x05, 0x0A, 0x58, 0x07,
    139            0x05, 0x06, 0x92, 0x07, 0x04, 0x02, 0x02, 0x02, 0x02, 0x02, 0x02, 0x02, 0x02, 0x02, 0x02, 0x02, 0x02, 0x02, 0x02, 0x02, 0x02, 0x02, 0x02, 0x02, 0x02, 0x02, 0x02, 0x02, 0x02, 0x02, 0x02, 0x02, 0x02, 0x02, 0x02, 0x02, 0x02, 0x02, 0x02, 0x02, 0x02, 0x02, 
    140                  0x02, 0x02, 0x02, 0x02, 0x02, 0x02, 0x02, 0x02, 0x60, 0x60, 0x5E, 0x0D, 0x19, 0x21, 0x00, 0x00, 0x08, 0x07,
    141            0x05, 0x06, 0x92, 0x07, 0x04, 0x02, 0x02, 0x02, 0x02, 0x02, 0x02, 0x02, 0x02, 0x02, 0x02, 0x02, 0x02, 0x02, 0x02, 0x02, 0x02, 0x02, 0x02, 0x02, 0x02, 0x02, 0x02, 0x02, 0x02, 0x02, 0x02, 0x02, 0x02, 0x02, 0x02, 0x02, 0x02, 0x02, 0x02, 0x02, 0x02, 0x02, 
    142                  0x02, 0x02, 0x02, 0x02, 0x02, 0xA1, 0x02, 0x60, 0x09, 0x08, 0x21, 0x00, 0x00, 0x00, 0x00, 0x00, 0x81, 0x07,
    143            0x05, 0x06, 0x05, 0x5E, 0x04, 0xA1, 0xA1, 0xA1, 0xA1, 0xA1, 0xA1, 0xA1, 0xA1, 0xA1, 0xA1, 0xA1, 0xA1, 0xA1, 0xA1, 0xA1, 0xA1, 0xA1, 0xA1, 0xA1, 0xA1, 0xA1, 0xA1, 0xA1, 0xA1, 0xA1, 0xA1, 0xA1, 0xA1, 0xA1, 0xA1, 0xA1, 0xA1, 0xA1, 0xA1, 0xA1, 0xA1, 0xA1, 
    144                  0xA1, 0xA1, 0xA1, 0xA1, 0xA1, 0x60, 0x5F, 0x4C, 0x00, 0x00, 0x00, 0x00, 0x00, 0x00, 0x00, 0x00, 0x81, 0x07,
    145            0x05, 0x06, 0x05, 0x5E, 0x04, 0xA1, 0xA1, 0xA1, 0xA1, 0xA1, 0xA1, 0xA1, 0xA1, 0xA1, 0xA1, 0xA1, 0xA1, 0xA1, 0xA1, 0xA1, 0xA1, 0xA1, 0xA1, 0xA1, 0xA1, 0xA1, 0xA1, 0xA1, 0xA1, 0xA1, 0xA1, 0xA1, 0xA1, 0xA1, 0xA1, 0xA1, 0xA1, 0xA1, 0xA1, 0xA1, 0xA1, 0xA1, 
    146                  0xA1, 0xA1, 0xA1, 0x02, 0x60, 0x59, 0x11, 0x00, 0x00, 0x00, 0x00, 0x00, 0x00, 0x00, 0x00, 0x00, 0x81, 0x07,
    147            0x05, 0x06, 0x05, 0x5E, 0x9E, 0x04, 0x04, 0x04, 0x04, 0x04, 0x04, 0x04, 0x04, 0x04, 0x04, 0x04, 0x04, 0x04, 0x04, 0x04, 0x04, 0x04, 0x04, 0x04, 0x04, 0x04, 0x04, 0x04, 0x04, 0x04, 0x04, 0x04, 0x04, 0x04, 0x04, 0x04, 0x04, 0x04, 0x04, 0x04, 0x04, 0x04, 
    148                  0x04, 0x04, 0x02, 0x04, 0x81, 0x00, 0x00, 0x00, 0x00, 0x00, 0x00, 0x00, 0x00, 0x00, 0x00, 0x00, 0x81, 0x07,
    149            0x05, 0x06, 0x05, 0x5E, 0x9E, 0x04, 0x9A, 0x2E, 0x2E, 0x2F, 0x04, 0x04, 0x2F, 0x2E, 0x2E, 0x2E, 0x2F, 0x04, 0x4D, 0x4D, 0x04, 0x04, 0x04, 0x09, 0x06, 0x06, 0x06, 0x06, 0x09, 0xA1, 0x07, 0x06, 0x9E, 0xA1, 0x04, 0x04, 0x07, 0x06, 0x06, 0x06, 0x06, 0x09, 
    150                  0x5F, 0x5D, 0x09, 0x19, 0x00, 0x00, 0x00, 0x00, 0x00, 0x00, 0x00, 0x00, 0x00, 0x00, 0x00, 0x00, 0x81, 0x07,
    151            0x05, 0x06, 0x05, 0x5E, 0x9E, 0x9A, 0xB0, 0x6C, 0xD5, 0xCF, 0x07, 0x04, 0xB4, 0xD4, 0x6C, 0x50, 0x50, 0xA0, 0xA8, 0xA6, 0x2F, 0x04, 0x07, 0x38, 0x26, 0x33, 0x33, 0x2B, 0xD8, 0x09, 0xBB, 0x2A, 0x64, 0x5E, 0x04, 0x09, 0x64, 0x1E, 0x33, 0x33, 0x2A, 0x32, 
    152                  0x17, 0x2A, 0xA1, 0x00, 0x00, 0x5F, 0x3F, 0x7B, 0x00, 0x00, 0x00, 0x00, 0x00, 0x4C, 0x95, 0x00, 0x08, 0x07,
    153            0x05, 0x06, 0x59, 0x9B, 0x98, 0xB3, 0x73, 0xDD, 0xDA, 0xC6, 0x93, 0xDF, 0xE5, 0x6D, 0xDC, 0x49, 0xDB, 0x84, 0x50, 0xE0, 0x9C, 0x99, 0x60, 0x18, 0x18, 0x1F, 0x39, 0xFF, 0x03, 0x17, 0x1E, 0x03, 0x60, 0x9B, 0x09, 0x4F, 0xFF, 0x20, 0x33, 0x2C, 0x03, 0x3A, 
    154                  0x6A, 0x03, 0x5D, 0x00, 0x00, 0x1E, 0x18, 0x11, 0x00, 0x00, 0x00, 0x00, 0x00, 0x41, 0x13, 0x00, 0x81, 0x07,
    155            0x05, 0x06, 0x59, 0x09, 0x5F, 0xE3, 0xD1, 0x3D, 0x5A, 0x5A, 0xD7, 0xD9, 0x42, 0x55, 0xC7, 0x6F, 0x57, 0xA5, 0xE1, 0x71, 0xD6, 0x94, 0x67, 0x03, 0x6A, 0x11, 0x19, 0xF2, 0x03, 0x30, 0xFA, 0x20, 0x53, 0x5E, 0x62, 0x16, 0xEF, 0x13, 0x4C, 0x44, 0x03, 0x25, 
    156                  0x32, 0x1C, 0x00, 0x00, 0x00, 0x23, 0x1E, 0x00, 0x00, 0x00, 0x00, 0x00, 0x00, 0x00, 0x00, 0x00, 0x81, 0x07,
    157            0x05, 0x95, 0x59, 0x5C, 0xA7, 0x49, 0xAA, 0x89, 0x9A, 0xB1, 0x72, 0x57, 0x8A, 0xB5, 0xE8, 0xA3, 0xB2, 0x49, 0xE7, 0x70, 0x49, 0xC3, 0xEA, 0x03, 0x04, 0x0E, 0x4B, 0x03, 0xF9, 0x02, 0x03, 0x1D, 0x0F, 0x06, 0x1D, 0xFD, 0x58, 0x09, 0x06, 0x38, 0x03, 0x46, 
    158                  0x23, 0x1B, 0xF5, 0x2D, 0x2C, 0x03, 0x17, 0x0D, 0x1E, 0x76, 0x1E, 0x3F, 0x25, 0xEF, 0x29, 0x00, 0x08, 0x07,
    159            0x05, 0x95, 0x59, 0x91, 0xC8, 0xE6, 0x8D, 0x97, 0x2E, 0xC9, 0xE4, 0x56, 0x2F, 0xCA, 0xA4, 0x43, 0xCC, 0xD2, 0x73, 0xE9, 0xD0, 0x8B, 0xF7, 0x23, 0x0D, 0xF6, 0x1C, 0x2A, 0x0C, 0x6A, 0x03, 0x46, 0x4C, 0x0C, 0x40, 0x22, 0x13, 0x9B, 0x5D, 0x2D, 0x18, 0x0C, 
    160                  0x1D, 0x1E, 0x51, 0x2A, 0x18, 0x1B, 0x19, 0xA2, 0x35, 0x0E, 0x4A, 0x51, 0x32, 0x6B, 0x2D, 0x11, 0x08, 0x07,
    161            0x05, 0x95, 0x59, 0x5C, 0xDE, 0x6D, 0x0D, 0x4D, 0x98, 0xAF, 0x71, 0xCB, 0xAD, 0xAC, 0xAB, 0xAE, 0x85, 0xD3, 0x70, 0xA9, 0x80, 0x9F, 0x03, 0x1E, 0x0F, 0x07, 0x05, 0x54, 0x0D, 0xF3, 0x03, 0x29, 0x25, 0x48, 0x1D, 0x03, 0x4A, 0x65, 0x9E, 0x1B, 0x2C, 0x59, 
    162                  0x24, 0x17, 0x17, 0x6A, 0x16, 0x38, 0x00, 0xB6, 0x18, 0x45, 0x25, 0x74, 0xF4, 0x3E, 0x51, 0x41, 0x08, 0x07,
    163            0x05, 0x95, 0x0C, 0x9D, 0xE2, 0xC4, 0x87, 0x9E, 0x07, 0x07, 0xCD, 0x6F, 0x6E, 0x6E, 0x70, 0xC5, 0x5B, 0xCE, 0x8E, 0x55, 0x96, 0x36, 0x27, 0x66, 0x0C, 0x5F, 0x5F, 0x9E, 0x5D, 0x74, 0x1A, 0x1B, 0xFF, 0x32, 0x06, 0x39, 0x1B, 0x3E, 0x5E, 0x27, 0x48, 0x1D, 
    164                  0xFF, 0xFF, 0xFF, 0x35, 0x38, 0x21, 0x00, 0x02, 0x39, 0xF6, 0x40, 0xF0, 0xD8, 0xF1, 0x1F, 0x00, 0x08, 0x07,
    165            0x05, 0x95, 0x59, 0x9B, 0x8F, 0x82, 0x59, 0x06, 0x95, 0x95, 0x88, 0x8C, 0x42, 0x42, 0x42, 0x82, 0x05, 0x59, 0x86, 0x06, 0x95, 0x5E, 0x09, 0x3D, 0x92, 0x95, 0x95, 0x95, 0x95, 0x43, 0x06, 0x95, 0x06, 0x0D, 0x0D, 0x43, 0x5D, 0x21, 0x00, 0x11, 0x00, 0x21, 
    166                  0x11, 0x11, 0x11, 0x00, 0x00, 0x00, 0x00, 0x00, 0x3B, 0x19, 0x19, 0x7B, 0x3C, 0x13, 0x11, 0x00, 0x81, 0x07,
    167            0x05, 0x95, 0x0C, 0x96, 0x67, 0x28, 0x31, 0xBF, 0xBF, 0xBF, 0xBF, 0x28, 0x28, 0x28, 0x28, 0x28, 0x31, 0x31, 0x31, 0xBF, 0xBF, 0x14, 0x4F, 0xBF, 0xBF, 0xBF, 0xBF, 0xBF, 0xBF, 0xBF, 0x14, 0x4F, 0x4F, 0x14, 0x31, 0xBF, 0x0E, 0x24, 0x64, 0x17, 0x64, 0x17, 
    168                  0x17, 0x17, 0x17, 0x17, 0xBA, 0x30, 0x4E, 0x30, 0x47, 0x30, 0xBA, 0x17, 0x17, 0x17, 0x07, 0x00, 0x81, 0x07,
    169            0x05, 0x95, 0x0D, 0xA2, 0xFF, 0x03, 0x03, 0x03, 0x03, 0x03, 0x03, 0x03, 0x03, 0x03, 0x03, 0x03, 0x03, 0x03, 0x03, 0x03, 0x03, 0x03, 0x03, 0x03, 0x03, 0x03, 0x03, 0x03, 0x03, 0x03, 0x03, 0x03, 0x03, 0x03, 0x03, 0x03, 0x03, 0x03, 0x03, 0x03, 0x03, 0x03, 
    170                  0x03, 0x03, 0x03, 0x03, 0x03, 0x1C, 0xEF, 0xC0, 0x3E, 0x51, 0x18, 0x03, 0x03, 0x03, 0x23, 0x00, 0x3C, 0x07,
    171            0x05, 0x95, 0x54, 0x15, 0xFE, 0x03, 0x03, 0x03, 0x03, 0x03, 0x03, 0x03, 0x03, 0x03, 0x03, 0x03, 0x03, 0x03, 0x03, 0x03, 0x03, 0x03, 0x03, 0x03, 0x03, 0x03, 0x03, 0x03, 0x03, 0x03, 0x03, 0x03, 0x03, 0x03, 0x03, 0x03, 0x03, 0x03, 0x03, 0x03, 0x03, 0x03, 
    172                  0x03, 0x03, 0x03, 0xFE, 0x37, 0x7F, 0x52, 0x4C, 0x4C, 0x3C, 0x0C, 0xF2, 0x03, 0x03, 0x1C, 0x00, 0x3C, 0x07,
    173            0x05, 0x95, 0x54, 0x15, 0xFE, 0x16, 0x22, 0x77, 0x10, 0x10, 0x10, 0x10, 0x1C, 0x03, 0x16, 0x20, 0x77, 0x10, 0x10, 0x10, 0x10, 0x20, 0x03, 0x03, 0x77, 0x35, 0xFD, 0xF8, 0xFF, 0x03, 0x03, 0x03, 0x03, 0xFD, 0x1C, 0xFF, 0x23, 0xF9, 0x10, 0x77, 0x77, 0x10, 
    174                  0xF8, 0x1C, 0x16, 0x25, 0x62, 0x24, 0x46, 0x54, 0x54, 0x43, 0xC2, 0x5D, 0x4B, 0x03, 0x1C, 0x00, 0x3C, 0x07,
    175            0x05, 0x95, 0x0A, 0x15, 0x16, 0xFC, 0x5E, 0x0C, 0x0C, 0x0C, 0x0C, 0x0C, 0x0C, 0x1D, 0x1A, 0x07, 0x92, 0x05, 0x05, 0x05, 0x05, 0x43, 0xEB, 0xFD, 0x5E, 0x75, 0x1F, 0x53, 0xC1, 0x03, 0x03, 0x03, 0xFD, 0x64, 0x5D, 0x1C, 0xBF, 0x0C, 0x43, 0x90, 0x43, 0x0C, 
    176                  0x08, 0x1E, 0xF5, 0x06, 0x1C, 0x03, 0xFF, 0xBC, 0x58, 0x40, 0x03, 0x2C, 0x06, 0x27, 0x34, 0x00, 0x3C, 0x07,
    177            0x05, 0x95, 0x0A, 0x15, 0x16, 0xFC, 0x5E, 0xED, 0x39, 0x1F, 0x1F, 0x39, 0x12, 0xA1, 0x10, 0xB7, 0x74, 0x3A, 0xF8, 0xF9, 0x10, 0xEB, 0xA2, 0x77, 0x63, 0x4B, 0x3A, 0x60, 0x9E, 0x2B, 0x03, 0x03, 0xEC, 0x5F, 0x44, 0x34, 0x25, 0x64, 0xF6, 0x1F, 0x1F, 0x1F, 
    178                  0xF6, 0xFE, 0x6A, 0x58, 0x17, 0xFD, 0x03, 0x35, 0xFB, 0x03, 0x18, 0x6A, 0x52, 0x2B, 0x1A, 0x00, 0x3C, 0x07,
    179            0x05, 0x95, 0x0A, 0x15, 0x16, 0x1A, 0x44, 0x75, 0x77, 0x10, 0x10, 0x20, 0x75, 0xBA, 0x20, 0x66, 0xF5, 0x27, 0x10, 0x22, 0x22, 0xF2, 0x30, 0x22, 0x69, 0x33, 0xFA, 0x68, 0x4F, 0xBB, 0xFC, 0x77, 0x47, 0xBF, 0x48, 0xFC, 0xEF, 0x48, 0x1D, 0x1D, 0xEE, 0x3F, 
    180                  0xF2, 0xFE, 0x68, 0x44, 0x07, 0x69, 0xFE, 0x03, 0x03, 0x1C, 0x46, 0x7F, 0x81, 0xC2, 0x1A, 0x00, 0x3C, 0x07,
    181            0x05, 0x95, 0x53, 0xA2, 0xFF, 0x1A, 0xB9, 0x61, 0xB6, 0x61, 0x62, 0xB8, 0x17, 0x51, 0x27, 0x4E, 0xF5, 0x1A, 0x37, 0x65, 0x36, 0x36, 0x76, 0xFE, 0x37, 0xF4, 0x20, 0xBE, 0xFB, 0x25, 0x3E, 0x4F, 0x1D, 0x39, 0x36, 0x1A, 0x1E, 0x37, 0x29, 0x29, 0x29, 0xEE, 
    182                  0xF0, 0x18, 0x36, 0x62, 0x04, 0x4F, 0x18, 0x03, 0x03, 0x1F, 0x53, 0x56, 0x81, 0x6B, 0x1A, 0x00, 0x3C, 0x07,
    183            0x05, 0x95, 0x53, 0xA2, 0x16, 0x34, 0x3D, 0xD8, 0x10, 0x10, 0x10, 0xF8, 0xFB, 0x03, 0x1A, 0x4C, 0x32, 0x03, 0xFB, 0x06, 0x43, 0x2C, 0x03, 0x27, 0x43, 0xEF, 0x1F, 0x3C, 0x34, 0x1F, 0x7B, 0x58, 0x23, 0x40, 0x3C, 0x1C, 0x36, 0x9E, 0x20, 0xFB, 0xFB, 0x22, 
    184                  0xFB, 0x16, 0x66, 0x3D, 0x74, 0x03, 0x03, 0x1A, 0x03, 0x03, 0x2A, 0x0F, 0x3C, 0x4B, 0x1A, 0x00, 0x3C, 0x07,
    185            0x05, 0x95, 0x53, 0x60, 0x16, 0x34, 0x41, 0x1E, 0x03, 0x03, 0x03, 0x03, 0x03, 0x03, 0x34, 0x41, 0x29, 0x03, 0x03, 0x39, 0x0F, 0x15, 0x1A, 0x18, 0x3C, 0x4A, 0xF5, 0x21, 0x77, 0x03, 0xC1, 0xEE, 0x03, 0x2B, 0x41, 0x1C, 0xBD, 0x78, 0x7E, 0x7C, 0x52, 0x7B, 
    186                  0x11, 0x76, 0x76, 0x5D, 0x16, 0x03, 0x32, 0x43, 0x1F, 0x03, 0x03, 0xED, 0x83, 0x1A, 0x34, 0x00, 0x3C, 0x07,
    187            0x05, 0x95, 0x53, 0x60, 0x1B, 0x1B, 0x26, 0x34, 0x03, 0x03, 0x03, 0x03, 0x03, 0x03, 0xFE, 0x26, 0x23, 0x03, 0x03, 0x03, 0xFB, 0xF3, 0x34, 0x03, 0xF3, 0x1C, 0x35, 0x26, 0xFD, 0x03, 0x03, 0x03, 0x03, 0x35, 0x1F, 0x1B, 0xFA, 0x33, 0xF3, 0xF3, 0x26, 0xF3, 
    188                  0x26, 0x10, 0x16, 0x63, 0xBA, 0x12, 0x3D, 0x0F, 0x07, 0x37, 0x6A, 0x47, 0x29, 0x03, 0x1C, 0x00, 0x3C, 0x07,
    189            0x05, 0x92, 0x0F, 0x60, 0xFE, 0x03, 0x03, 0x03, 0x03, 0x03, 0x03, 0x03, 0x03, 0x03, 0x03, 0x03, 0x03, 0x03, 0x03, 0x03, 0x03, 0x03, 0x03, 0x03, 0x03, 0x03, 0x03, 0x03, 0x03, 0x03, 0x03, 0x03, 0x03, 0x03, 0x03, 0x03, 0x03, 0x03, 0x03, 0x03, 0x03, 0x03, 
    190                  0x03, 0x03, 0x03, 0x35, 0x17, 0x7A, 0x81, 0x53, 0x81, 0x79, 0x7D, 0x12, 0x03, 0x03, 0x1C, 0x00, 0x3C, 0x07,
    191            0x05, 0x92, 0x0F, 0x02, 0x16, 0x03, 0x03, 0x03, 0x03, 0x03, 0x03, 0x03, 0x03, 0x03, 0x03, 0x03, 0x03, 0x03, 0x03, 0x03, 0x03, 0x03, 0x03, 0x03, 0x03, 0x03, 0x03, 0x03, 0x03, 0x03, 0x03, 0x03, 0x03, 0x03, 0x03, 0x03, 0x03, 0x03, 0x03, 0x03, 0x03, 0x03, 
    192                  0x03, 0x03, 0x03, 0x03, 0x03, 0xF6, 0x31, 0x66, 0x4E, 0x4A, 0x23, 0x03, 0x03, 0x03, 0x34, 0x00, 0x3C, 0x07,
    193            0x05, 0x92, 0x54, 0x92, 0x37, 0x74, 0x74, 0x74, 0x74, 0x74, 0x74, 0x74, 0x74, 0x74, 0x74, 0x74, 0x74, 0x74, 0x74, 0x74, 0x74, 0x74, 0x74, 0x74, 0x74, 0x74, 0x38, 0x14, 0x0E, 0x0E, 0x0E, 0x0E, 0x0E, 0x0E, 0x0E, 0x0E, 0x0E, 0x0E, 0x0E, 0x0E, 0x0E, 0x0E, 
    194                  0x0E, 0x0E, 0x0E, 0x0E, 0x6A, 0x31, 0x14, 0x0E, 0x0E, 0x31, 0x14, 0x0E, 0x0E, 0x0E, 0x61, 0x00, 0x81, 0x07,
    195            0x05, 0x92, 0x54, 0x05, 0x58, 0x0D, 0x0D, 0x0D, 0x0D, 0x0D, 0x0D, 0x0D, 0x0D, 0x0D, 0x0D, 0x0D, 0x0D, 0x0D, 0x0D, 0x0D, 0x0D, 0x0D, 0x0D, 0x0D, 0x0C, 0x0C, 0x7A, 0x00, 0x00, 0x00, 0x00, 0x00, 0x00, 0x00, 0x00, 0x00, 0x00, 0x00, 0x00, 0x00, 0x00, 0x00, 
    196                  0x00, 0x00, 0x00, 0x00, 0x00, 0x00, 0x00, 0x00, 0x00, 0x00, 0x00, 0x00, 0x00, 0x00, 0x00, 0x00, 0x81, 0x07,
    197            0x05, 0x92, 0x54, 0x05, 0x06, 0x09, 0x09, 0x09, 0x09, 0x09, 0x09, 0x09, 0x09, 0x09, 0x09, 0x09, 0x09, 0x09, 0x09, 0x09, 0x09, 0x09, 0x09, 0x5E, 0x06, 0x7B, 0x00, 0x00, 0x00, 0x00, 0x00, 0x00, 0x00, 0x00, 0x00, 0x00, 0x00, 0x00, 0x00, 0x00, 0x00, 0x00, 
    198                  0x00, 0x00, 0x00, 0x00, 0x00, 0x00, 0x00, 0x00, 0x00, 0x00, 0x00, 0x00, 0x00, 0x00, 0x00, 0x00, 0x81, 0x07,
    199            0x05, 0x92, 0x54, 0x05, 0x06, 0x5D, 0x5D, 0x5D, 0x5D, 0x5D, 0x5D, 0x5D, 0x5D, 0x5D, 0x5D, 0x5D, 0x5D, 0x5D, 0x5D, 0x5D, 0x5D, 0x09, 0x9B, 0x0D, 0x11, 0x00, 0x00, 0x00, 0x00, 0x00, 0x00, 0x00, 0x00, 0x00, 0x00, 0x00, 0x00, 0x00, 0x00, 0x00, 0x00, 0x00, 
    200                  0x00, 0x00, 0x00, 0x00, 0x00, 0x00, 0x00, 0x00, 0x00, 0x00, 0x00, 0x00, 0x00, 0x00, 0x00, 0x00, 0x81, 0x07,
    201            0x05, 0x92, 0x54, 0x05, 0x06, 0x5D, 0x5D, 0x5D, 0x5D, 0x5D, 0x5D, 0x5D, 0x5D, 0x5D, 0x5D, 0x5D, 0x5D, 0x5D, 0x5D, 0x09, 0x9B, 0x05, 0x7B, 0x00, 0x00, 0x00, 0x00, 0x00, 0x00, 0x00, 0x00, 0x00, 0x00, 0x00, 0x00, 0x00, 0x00, 0x00, 0x00, 0x00, 0x00, 0x00, 
    202                  0x00, 0x00, 0x00, 0x00, 0x00, 0x00, 0x00, 0x00, 0x00, 0x00, 0x00, 0x00, 0x00, 0x00, 0x00, 0x00, 0x81, 0x07,
    203            0x05, 0x92, 0x54, 0x05, 0x06, 0x5D, 0x5D, 0x5D, 0x5D, 0x5D, 0x5D, 0x5D, 0x5D, 0x5D, 0x5D, 0x5D, 0x09, 0x09, 0x09, 0x05, 0x13, 0x21, 0x00, 0x00, 0x00, 0x00, 0x00, 0x00, 0x00, 0x00, 0x00, 0x00, 0x00, 0x00, 0x00, 0x00, 0x00, 0x00, 0x00, 0x00, 0x00, 0x00, 
    204                  0x00, 0x00, 0x00, 0x00, 0x00, 0x00, 0x00, 0x00, 0x00, 0x00, 0x00, 0x00, 0x00, 0x00, 0x00, 0x00, 0x81, 0x07,
    205            0x05, 0x92, 0x0A, 0x05, 0x95, 0x06, 0x06, 0x06, 0x06, 0x06, 0x06, 0x06, 0x06, 0x5D, 0x09, 0x09, 0x95, 0x54, 0x19, 0x00, 0x00, 0x00, 0x00, 0x00, 0x00, 0x00, 0x00, 0x00, 0x00, 0x00, 0x00, 0x00, 0x00, 0x00, 0x00, 0x00, 0x00, 0x00, 0x00, 0x00, 0x00, 0x00, 
    206                  0x00, 0x00, 0x00, 0x00, 0x00, 0x00, 0x00, 0x00, 0x00, 0x00, 0x00, 0x00, 0x00, 0x00, 0x00, 0x00, 0x81, 0x07,
    207            0x05, 0x92, 0x0A, 0x05, 0x95, 0x5D, 0x5D, 0x5D, 0x09, 0x09, 0x09, 0x09, 0x06, 0x05, 0x53, 0x7B, 0x11, 0x00, 0x00, 0x00, 0x00, 0x00, 0x00, 0x00, 0x00, 0x00, 0x00, 0x00, 0x00, 0x00, 0x00, 0x00, 0x00, 0x00, 0x00, 0x00, 0x00, 0x00, 0x00, 0x00, 0x00, 0x00, 
    208                  0x00, 0x00, 0x00, 0x00, 0x00, 0x00, 0x00, 0x00, 0x00, 0x00, 0x00, 0x00, 0x00, 0x00, 0x00, 0x00, 0x81, 0x07,
    209            0x05, 0x92, 0x53, 0x59, 0x92, 0x95, 0x92, 0x05, 0x0C, 0x54, 0x81, 0x7B, 0x41, 0x21, 0x00, 0x00, 0x00, 0x00, 0x00, 0x00, 0x00, 0x00, 0x00, 0x00, 0x00, 0x00, 0x00, 0x00, 0x00, 0x00, 0x00, 0x00, 0x00, 0x00, 0x00, 0x00, 0x00, 0x00, 0x00, 0x00, 0x00, 0x00, 
    210                  0x00, 0x00, 0x00, 0x00, 0x00, 0x00, 0x00, 0x00, 0x00, 0x00, 0x00, 0x00, 0x00, 0x00, 0x00, 0x00, 0x81, 0x07,
    211            0x92, 0x0C, 0x11, 0x11, 0x11, 0x11, 0x11, 0x00, 0x00, 0x00, 0x00, 0x00, 0x00, 0x00, 0x00, 0x00, 0x00, 0x00, 0x00, 0x00, 0x00, 0x00, 0x00, 0x00, 0x00, 0x00, 0x00, 0x00, 0x00, 0x00, 0x00, 0x00, 0x00, 0x00, 0x00, 0x00, 0x00, 0x00, 0x00, 0x00, 0x00, 0x00, 
    212                  0x00, 0x00, 0x00, 0x00, 0x00, 0x00, 0x00, 0x00, 0x00, 0x00, 0x00, 0x00, 0x00, 0x00, 0x00, 0x00, 0x81, 0x07,
    213            0x92, 0x58, 0x00, 0x00, 0x00, 0x00, 0x00, 0x00, 0x00, 0x00, 0x00, 0x00, 0x00, 0x00, 0x00, 0x00, 0x00, 0x00, 0x00, 0x00, 0x00, 0x00, 0x00, 0x00, 0x00, 0x00, 0x00, 0x00, 0x00, 0x00, 0x00, 0x00, 0x00, 0x00, 0x00, 0x00, 0x00, 0x00, 0x00, 0x00, 0x00, 0x00, 
    214                  0x00, 0x00, 0x00, 0x00, 0x00, 0x00, 0x00, 0x00, 0x00, 0x00, 0x00, 0x00, 0x00, 0x00, 0x00, 0x00, 0x81, 0x07,
    215            0x92, 0x58, 0x00, 0x00, 0x00, 0x00, 0x00, 0x00, 0x00, 0x00, 0x00, 0x00, 0x00, 0x00, 0x00, 0x00, 0x00, 0x00, 0x00, 0x00, 0x00, 0x00, 0x00, 0x00, 0x00, 0x00, 0x00, 0x00, 0x00, 0x00, 0x00, 0x00, 0x00, 0x00, 0x00, 0x00, 0x00, 0x00, 0x00, 0x00, 0x00, 0x00, 
    216                  0x00, 0x00, 0x00, 0x00, 0x00, 0x00, 0x00, 0x00, 0x00, 0x00, 0x00, 0x00, 0x00, 0x00, 0x00, 0x00, 0x81, 0x07,
    217            0x92, 0x58, 0x00, 0x00, 0x00, 0x00, 0x00, 0x00, 0x00, 0x00, 0x00, 0x00, 0x00, 0x00, 0x00, 0x00, 0x00, 0x00, 0x00, 0x00, 0x00, 0x00, 0x00, 0x00, 0x00, 0x00, 0x00, 0x00, 0x00, 0x00, 0x00, 0x00, 0x00, 0x00, 0x00, 0x00, 0x00, 0x00, 0x00, 0x00, 0x00, 0x00, 
    218                  0x00, 0x00, 0x00, 0x00, 0x00, 0x00, 0x00, 0x00, 0x00, 0x00, 0x00, 0x00, 0x00, 0x00, 0x00, 0x00, 0x81, 0x07,
    219            0x95, 0x05, 0x00, 0x00, 0x00, 0x00, 0x00, 0x00, 0x00, 0x00, 0x00, 0x00, 0x00, 0x00, 0x00, 0x00, 0x00, 0x00, 0x00, 0x00, 0x00, 0x00, 0x00, 0x00, 0x00, 0x00, 0x00, 0x00, 0x00, 0x00, 0x00, 0x00, 0x00, 0x00, 0x00, 0x00, 0x00, 0x00, 0x00, 0x00, 0x00, 0x00, 
    220                  0x00, 0x00, 0x00, 0x00, 0x00, 0x00, 0x00, 0x00, 0x00, 0x00, 0x00, 0x00, 0x00, 0x00, 0x00, 0x00, 0x0A, 0x07,
    221            0x0C, 0x04, 0x00, 0x00, 0x00, 0x00, 0x00, 0x00, 0x00, 0x00, 0x00, 0x00, 0x00, 0x00, 0x00, 0x00, 0x00, 0x00, 0x00, 0x00, 0x00, 0x00, 0x00, 0x00, 0x00, 0x00, 0x00, 0x00, 0x00, 0x00, 0x00, 0x00, 0x00, 0x00, 0x00, 0x00, 0x00, 0x00, 0x00, 0x00, 0x00, 0x00, 
    222                  0x00, 0x00, 0x00, 0x00, 0x00, 0x00, 0x00, 0x00, 0x00, 0x00, 0x00, 0x00, 0x00, 0x00, 0x00, 0x00, 0x09, 0x06,
    223            0x7B, 0x15, 0x08, 0x00, 0x00, 0x00, 0x00, 0x00, 0x00, 0x00, 0x00, 0x00, 0x00, 0x00, 0x00, 0x00, 0x00, 0x00, 0x00, 0x00, 0x00, 0x00, 0x00, 0x00, 0x00, 0x00, 0x00, 0x00, 0x00, 0x00, 0x00, 0x00, 0x00, 0x00, 0x00, 0x00, 0x00, 0x00, 0x00, 0x00, 0x00, 0x00, 
    224                  0x00, 0x00, 0x00, 0x00, 0x00, 0x00, 0x00, 0x00, 0x00, 0x00, 0x00, 0x00, 0x00, 0x00, 0x00, 0x3B, 0x15, 0x4C,
    225            0x00, 0x5D, 0x60, 0x41, 0x00, 0x00, 0x00, 0x00, 0x00, 0x00, 0x00, 0x00, 0x00, 0x00, 0x00, 0x00, 0x00, 0x00, 0x00, 0x00, 0x00, 0x00, 0x00, 0x00, 0x00, 0x00, 0x00, 0x00, 0x00, 0x00, 0x00, 0x00, 0x00, 0x00, 0x00, 0x00, 0x00, 0x00, 0x00, 0x00, 0x00, 0x00, 
    226                  0x00, 0x00, 0x00, 0x00, 0x00, 0x00, 0x00, 0x00, 0x00, 0x00, 0x00, 0x00, 0x00, 0x00, 0x21, 0x07, 0x04, 0x21,
    227            0x00, 0x41, 0x02, 0xA1, 0x7B, 0x00, 0x00, 0x00, 0x00, 0x00, 0x00, 0x00, 0x00, 0x00, 0x00, 0x00, 0x00, 0x00, 0x00, 0x00, 0x00, 0x00, 0x00, 0x00, 0x00, 0x00, 0x00, 0x00, 0x00, 0x00, 0x00, 0x00, 0x00, 0x00, 0x00, 0x00, 0x00, 0x00, 0x00, 0x00, 0x00, 0x00, 
    228                  0x00, 0x00, 0x00, 0x00, 0x00, 0x00, 0x00, 0x00, 0x00, 0x00, 0x00, 0x00, 0x00, 0x19, 0x07, 0xB6, 0x7B, 0x00,
    229            0x00, 0x00, 0x3B, 0x5E, 0xB6, 0x5E, 0x0D, 0x08, 0x3C, 0x08, 0x08, 0x08, 0x08, 0x08, 0x08, 0x08, 0x08, 0x08, 0x08, 0x08, 0x08, 0x08, 0x08, 0x08, 0x08, 0x08, 0x08, 0x08, 0x08, 0x08, 0x08, 0x08, 0x08, 0x08, 0x08, 0x08, 0x08, 0x08, 0x08, 0x08, 0x08, 0x08, 
    230                  0x08, 0x08, 0x08, 0x08, 0x08, 0x08, 0x08, 0x08, 0x08, 0x3C, 0x08, 0x0A, 0x09, 0x15, 0x04, 0x7B, 0x00, 0x00,
    231            0x00, 0x00, 0x00, 0x00, 0x08, 0x06, 0x07, 0x07, 0x07, 0x07, 0x07, 0x07, 0x07, 0x07, 0x07, 0x07, 0x07, 0x07, 0x07, 0x07, 0x07, 0x07, 0x07, 0x07, 0x07, 0x07, 0x07, 0x07, 0x07, 0x07, 0x07, 0x07, 0x07, 0x07, 0x07, 0x07, 0x07, 0x07, 0x07, 0x07, 0x07, 0x07, 
    232                  0x07, 0x07, 0x07, 0x07, 0x07, 0x07, 0x07, 0x07, 0x07, 0x07, 0x07, 0x07, 0x09, 0x0F, 0x21, 0x00, 0x00, 0x00
    233          };
    234          

   \                                 In section .rodata, align 4, keep-with-next
    235          GUI_CONST_STORAGE GUI_BITMAP bmReplayPrimeIcon = {
   \                     bmReplayPrimeIcon:
   \   00000000                      ; Initializer data, 20 bytes
   \   00000000   3C003C003C00       DC16 60, 60, 60, 8
   \              0800        
   \   00000008   ............       DC32 acReplayPrimeIcon, PalReplayPrimeIcon
   \              ....        
   \   00000010   00000000           DC8 0, 0, 0, 0
    236            60, /* XSize */
    237            60, /* YSize */
    238            60, /* BytesPerLine */
    239            8, /* BitsPerPixel */
    240            acReplayPrimeIcon,  /* Pointer to picture data (indices) */
    241            &PalReplayPrimeIcon  /* Pointer to palette */
    242          };
    243          
    244          /* *** End of file *** */


   Section sizes:

     Function/Label        Bytes
     --------------        -----
     ColorsReplayPrimeIcon 1024
     PalReplayPrimeIcon      12
     acReplayPrimeIcon     3600
     bmReplayPrimeIcon       20

 
 4 656 bytes in section .rodata
 
 4 656 bytes of CONST memory

Errors: none
Warnings: none
