###############################################################################
#                                                                             #
# IAR ANSI C/C++ Compiler V6.10.2.52244/W32 for ARM     19/Nov/2015  13:16:28 #
# Copyright 1999-2010 IAR Systems AB.                                         #
#                                                                             #
#    Cpu mode     =  arm                                                      #
#    Endian       =  little                                                   #
#    Source file  =  C:\DUII\DUII\Graphics\Replay 1080 Icon.c                 #
#    Command line =  "C:\DUII\DUII\Graphics\Replay 1080 Icon.c" -D DEBUG=1    #
#                    -D SDRAM_TARGET=1 -D USB_IS_HIGH_SPEED -D NOPROFILER -D  #
#                    OS_TRACE=0 -D OS_VIEW_ENABLE=0 -lCN                      #
#                    C:\DUII\TargetHW\Release\List\ -o                        #
#                    C:\DUII\TargetHW\Release\Obj\ --endian=little            #
#                    --cpu=ARM926EJ-S -e --fpu=None --dlib_config             #
#                    "C:\Program Files (x86)\IAR Systems\Embedded Workbench   #
#                    6.0\arm\INC\c\DLib_Config_Normal.h" -I                   #
#                    C:\DUII\TargetHW\Application\SEGGERDEMO\ -I              #
#                    C:\DUII\TargetHW\Application\SEGGERDEMO\Src\ -I          #
#                    C:\DUII\TargetHW\Config\ -I C:\DUII\TargetHW\FS\ -I      #
#                    C:\DUII\TargetHW\GUI\ -I C:\DUII\TargetHW\Inc\ -I        #
#                    C:\DUII\TargetHW\OS\ -I C:\DUII\TargetHW\Setup\ -I       #
#                    \DUII\DUII\ -I \DUII\DUII\Graphics\ --cpu_mode arm -Ohs  #
#                    --use_c++_inline --require_prototypes                    #
#    List file    =  C:\DUII\TargetHW\Release\List\Replay 1080 Icon.lst       #
#    Object file  =  C:\DUII\TargetHW\Release\Obj\Replay 1080 Icon.o          #
#                                                                             #
#                                                                             #
###############################################################################

C:\DUII\DUII\Graphics\Replay 1080 Icon.c
      1          /*********************************************************************
      2          *                SEGGER MICROCONTROLLER SYSTEME GmbH                 *
      3          *        Solutions for real time microcontroller applications        *
      4          *                           www.segger.com                           *
      5          **********************************************************************
      6          *
      7          * C-file generated by
      8          *
      9          *        Bitmap converter for emWin V5.04.
     10          *        Compiled Jan  8 2010, 16:37:17
     11          *        (C) 1998 - 2005 Segger Microcontroller Systeme GmbH
     12          *
     13          **********************************************************************
     14          *
     15          * Source file: Replay1080Icon
     16          * Dimensions:  60 * 60
     17          * NumColors:   256
     18          *
     19          **********************************************************************
     20          */
     21          
     22          #include <stdlib.h>
     23          
     24          #include "GUI.h"
     25          
     26          #ifndef GUI_CONST_STORAGE
     27            #define GUI_CONST_STORAGE const
     28          #endif
     29          
     30          /*   Palette
     31          The following are the entries of the palette table.
     32          Every entry is a 32-bit value (of which 24 bits are actually used)
     33          the lower   8 bits represent the Red component,
     34          the middle  8 bits represent the Green component,
     35          the highest 8 bits (of the 24 bits used) represent the Blue component
     36          as follows:   0xBBGGRR
     37          */
     38          

   \                                 In section .rodata, align 4, keep-with-next
     39          static GUI_CONST_STORAGE GUI_COLOR ColorsReplay1080Icon[] = {
   \                     ColorsReplay1080Icon:
   \   00000000                      ; Initializer data, 1024 bytes
   \   00000000   000000003939       DC32 0, 3750201, 3421235, 2829099, 2434341, 1315860, 1842204, 3289645, 3223614, 2894885
   \              390033343400
   \              2B2B2B002525
   \              250014141400
   \              1C1C1C002D32
   \              32003E303100
   \              252C2C00    
   \   00000028   FDFDFD000C0C       DC32 16645629, 789516, 394530, 2365932, 2629086, 2826482, 2894409, 4010741, 131601, 10197916
   \              0C0022050600
   \              EC192400DE1D
   \              2800F2202B00
   \              492A2C00F532
   \              3D0011020200
   \              9C9B9B00    
   \   00000050   F4F4F400F21D       DC32 16053492, 2694642, 2431963, 5393585, 2826718, 2826475, 9605778, 12369084, 8158332, 2234347
   \              2900DB1B2500
   \              B14C5200DE21
   \              2B00EB202B00
   \              92929200BCBC
   \              BC007C7C7C00
   \              EB172200    
   \   00000078   EB1D2800F32A       DC32 2629099, 3484403, 10855845, 11776947, 5000268, 15527148, 6908522, 2694884, 2694651, 8618884
   \              3500A5A5A500
   \              B3B3B3004C4C
   \              4C00ECECEC00
   \              6A6A6900E41E
   \              2900FB1D2900
   \              84838300    
   \   000000A0   C3C3C300F3E3       DC32 12829635, 15000563, 1839580, 2366404, 2892741, 2234099, 2431475, 2957821, 13816529, 14474460
   \              E400DC111C00
   \              C41B2400C523
   \              2C00F3162200
   \              F3192500FD21
   \              2D00D1D2D200
   \              DCDCDC00    
   \   000000C8   F3DBDC00FBD3       DC32 14474227, 13947899, 2894898, 5395026, 3156636, 1840546, 2827193, 3222202, 9145227, 11184810
   \              D400322C2C00
   \              525252009C2A
   \              3000A2151C00
   \              B9232B00BA2A
   \              31008B8B8B00
   \              AAAAAA00    
   \   000000F0   DAE1E100FBEA       DC32 14803418, 15461115, 2302996, 2368307, 2828858, 4473924, 5855577, 6447714, 1840284, 2827676
   \              EB0014242300
   \              332324003A2A
   \              2B0044444400
   \              595959006262
   \              62009C141C00
   \              9C252B00    
   \   00000118   A22A3000B424       DC32 3156642, 2827444, 4142572, 3221235, 3747572, 6051062, 11052030, 13487326, 13684703, 13947875
   \              2B00EC353F00
   \              F3263100F42E
   \              3900F6545C00
   \              FEA3A800DECC
   \              CD00DFCFD000
   \              E3D3D400    
   \   00000140   EBDBDC00F3D5       DC32 14474219, 14079475, 1644818, 2829339, 1644340, 1710140, 2368301, 3223616, 2959980, 3354724
   \              D60012191900
   \              1B2C2B003417
   \              19003C181A00
   \              2D2324004030
   \              31006C2A2D00
   \              64303300    
   \   00000168   9D1B2200B614       DC32 2235293, 1905846, 2300605, 4274622, 6118045, 7960480, 2432210, 2892746, 2826960, 1641956
   \              1D00BD1A2300
   \              BE3941009D5A
   \              5D00A0777900
   \              D21C2500CA23
   \              2C00D0222B00
   \              E40D1900    
   \   00000190   F13D4600AD9A       DC32 4603377, 10197677, 12368834, 11710204, 13158597, 13027018, 13290443, 13026790, 13882091, 13486847
   \              9B00C2BBBC00
   \              FCAEB200C5C8
   \              C800CAC6C600
   \              CBCBCA00E6C5
   \              C600EBD2D300
   \              FFCACD00    
   \   000001B8   FFDBDD00E5E6       DC32 14539775, 15132389, 15131898, 1513240, 2960918, 2368538, 1184032, 2039587, 1183787, 1710378
   \              E600FAE4E600
   \              18171700162E
   \              2D001A242400
   \              20111200231F
   \              1F002B101200
   \              2A191A00    
   \   000001E0   341617002828       DC32 1513012, 2566184, 3618863, 4079159, 1644104, 1907027, 3157580, 3289164, 3157595, 3420756
   \              27002F383700
   \              373E3E004816
   \              190053191D00
   \              4C2E30004C30
   \              32005B2E3000
   \              54323400    
   \   00000208   6A171C006918       DC32 1841002, 1841257, 2696809, 3157347, 3222890, 2367606, 3288433, 3354236, 3420282, 6316125
   \              1C0069262900
   \              632D30006A2D
   \              310076202400
   \              712D32007C2E
   \              33007A303400
   \              5D606000    
   \   00000230   707070007877       DC32 7368816, 7894904, 524677, 853641, 1051019, 1708940, 1972364, 1116829, 2103948, 2103957
   \              780085010800
   \              89060D008B09
   \              10008C131A00
   \              8C181E009D0A
   \              11008C1A2000
   \              951A2000    
   \   00000258   832227008A22       DC32 2564739, 2695818, 3025291, 3157126, 4012173, 2498705, 2893458, 2564511, 3485855, 3946392
   \              29008B292E00
   \              862C30008D38
   \              3D0091202600
   \              92262C009F21
   \              27009F303500
   \              98373C00    
   \   00000280   A0000600AF0B       DC32 393376, 1313711, 1313463, 1313470, 1642683, 2235047, 2103215, 2235304, 2103473, 2103231
   \              1400B70A1400
   \              BE0A1400BB10
   \              1900A71A2200
   \              AF172000A81B
   \              2200B1182000
   \              BF172000    
   \   000002A8   BE1F2800A124       DC32 2629566, 2827425, 3222440, 4077735, 3090616, 4275366, 4802189, 5657479, 4933275, 7500168
   \              2B00A82B3100
   \              A7383E00B828
   \              2F00A63C4100
   \              8D4649008753
   \              56009B464B00
   \              88717200    
   \   000002D0   966467009E74       DC32 6775958, 7763102, 7894686, 5065124, 4867244, 5130429, 5328057, 6446777, 8223648, 1971654
   \              76009E767800
   \              A4494D00AC44
   \              4A00BD484E00
   \              B94C5100B95E
   \              6200A07B7D00
   \              C6151E00    
   \   000002F8   DE0B1700C417       DC32 1510366, 2168772, 2431947, 2629332, 3156168, 3682260, 1510380, 1246960, 1773303, 2563557
   \              2100CB1B2500
   \              D41E2800C828
   \              3000D42F3800
   \              EC0B1700F006
   \              1300F70E1B00
   \              E51D2700    
   \   00000320   E7202B00EF2D       DC32 2826471, 3616239, 3944955, 4669888, 4998598, 5196231, 5525189, 4998357, 5788117, 7433178
   \              3700FB313C00
   \              C0414700C645
   \              4C00C7494F00
   \              C54E5400D544
   \              4C00D5515800
   \              DA6B7100    
   \   00000348   DD7A7F00E855       DC32 8354525, 6116840, 5063920, 5392888, 5985273, 6511603, 8617937, 9277061, 8750239, 9868707
   \              5D00F0444D00
   \              F8495200F953
   \              5B00F35B6300
   \              D17F8300858E
   \              8D009F848500
   \              A3959600    
   \   00000370   AC979800A7AB       DC32 10000300, 11185063, 10987432, 12632254, 8946649, 9802195, 10789084, 12303062, 8814825, 8946665
   \              AA00A8A7A700
   \              BEC0C000D983
   \              8800D3919500
   \              DCA0A400D6BA
   \              BB00E9808600
   \              E9838800    
   \   00000398   E0969A00EC98       DC32 10131168, 10262764, 9801978, 10788863, 11578856, 12302571, 11249655, 11775984, 11973360, 12763131
   \              9C00FA909500
   \              FF9FA400E8AD
   \              B000EBB8BB00
   \              F7A7AB00F0AF
   \              B300F0B2B600
   \              FBBFC200    
   \   000003C0   CBD0CF00D6E1       DC32 13619403, 14803414, 13618665, 13684705, 14211043, 14276836, 14210795, 13289714, 13750258, 13684223
   \              E100E9CDCF00
   \              E1CFD000E3D7
   \              D800E4D8D900
   \              EBD6D800F2C8
   \              CA00F2CFD100
   \              FFCDD000    
   \   000003E8   FADEE000EEF0       DC32 14737146, 15790318, 16251118, 15329526, 15263739, 15921662
   \              F000EEF8F700
   \              F6E8E900FBE7
   \              E800FEF1F200
     40               0x000000,0x393939,0x343433,0x2B2B2B
     41              ,0x252525,0x141414,0x1C1C1C,0x32322D
     42              ,0x31303E,0x2C2C25,0xFDFDFD,0x0C0C0C
     43              ,0x060522,0x2419EC,0x281DDE,0x2B20F2
     44              ,0x2C2A49,0x3D32F5,0x020211,0x9B9B9C
     45              ,0xF4F4F4,0x291DF2,0x251BDB,0x524CB1
     46              ,0x2B21DE,0x2B20EB,0x929292,0xBCBCBC
     47              ,0x7C7C7C,0x2217EB,0x281DEB,0x352AF3
     48              ,0xA5A5A5,0xB3B3B3,0x4C4C4C,0xECECEC
     49              ,0x696A6A,0x291EE4,0x291DFB,0x838384
     50              ,0xC3C3C3,0xE4E3F3,0x1C11DC,0x241BC4
     51              ,0x2C23C5,0x2216F3,0x2519F3,0x2D21FD
     52              ,0xD2D2D1,0xDCDCDC,0xDCDBF3,0xD4D3FB
     53              ,0x2C2C32,0x525252,0x302A9C,0x1C15A2
     54              ,0x2B23B9,0x312ABA,0x8B8B8B,0xAAAAAA
     55              ,0xE1E1DA,0xEBEAFB,0x232414,0x242333
     56              ,0x2B2A3A,0x444444,0x595959,0x626262
     57              ,0x1C149C,0x2B259C,0x302AA2,0x2B24B4
     58              ,0x3F35EC,0x3126F3,0x392EF4,0x5C54F6
     59              ,0xA8A3FE,0xCDCCDE,0xD0CFDF,0xD4D3E3
     60              ,0xDCDBEB,0xD6D5F3,0x191912,0x2B2C1B
     61              ,0x191734,0x1A183C,0x24232D,0x313040
     62              ,0x2D2A6C,0x333064,0x221B9D,0x1D14B6
     63              ,0x231ABD,0x4139BE,0x5D5A9D,0x7977A0
     64              ,0x251CD2,0x2C23CA,0x2B22D0,0x190DE4
     65              ,0x463DF1,0x9B9AAD,0xBCBBC2,0xB2AEFC
     66              ,0xC8C8C5,0xC6C6CA,0xCACBCB,0xC6C5E6
     67              ,0xD3D2EB,0xCDCAFF,0xDDDBFF,0xE6E6E5
     68              ,0xE6E4FA,0x171718,0x2D2E16,0x24241A
     69              ,0x121120,0x1F1F23,0x12102B,0x1A192A
     70              ,0x171634,0x272828,0x37382F,0x3E3E37
     71              ,0x191648,0x1D1953,0x302E4C,0x32304C
     72              ,0x302E5B,0x343254,0x1C176A,0x1C1869
     73              ,0x292669,0x302D63,0x312D6A,0x242076
     74              ,0x322D71,0x332E7C,0x34307A,0x60605D
     75              ,0x707070,0x787778,0x080185,0x0D0689
     76              ,0x10098B,0x1A138C,0x1E188C,0x110A9D
     77              ,0x201A8C,0x201A95,0x272283,0x29228A
     78              ,0x2E298B,0x302C86,0x3D388D,0x262091
     79              ,0x2C2692,0x27219F,0x35309F,0x3C3798
     80              ,0x0600A0,0x140BAF,0x140AB7,0x140ABE
     81              ,0x1910BB,0x221AA7,0x2017AF,0x221BA8
     82              ,0x2018B1,0x2017BF,0x281FBE,0x2B24A1
     83              ,0x312BA8,0x3E38A7,0x2F28B8,0x413CA6
     84              ,0x49468D,0x565387,0x4B469B,0x727188
     85              ,0x676496,0x76749E,0x78769E,0x4D49A4
     86              ,0x4A44AC,0x4E48BD,0x514CB9,0x625EB9
     87              ,0x7D7BA0,0x1E15C6,0x170BDE,0x2117C4
     88              ,0x251BCB,0x281ED4,0x3028C8,0x382FD4
     89              ,0x170BEC,0x1306F0,0x1B0EF7,0x271DE5
     90              ,0x2B20E7,0x372DEF,0x3C31FB,0x4741C0
     91              ,0x4C45C6,0x4F49C7,0x544EC5,0x4C44D5
     92              ,0x5851D5,0x716BDA,0x7F7ADD,0x5D55E8
     93              ,0x4D44F0,0x5249F8,0x5B53F9,0x635BF3
     94              ,0x837FD1,0x8D8E85,0x85849F,0x9695A3
     95              ,0x9897AC,0xAAABA7,0xA7A7A8,0xC0C0BE
     96              ,0x8883D9,0x9591D3,0xA4A0DC,0xBBBAD6
     97              ,0x8680E9,0x8883E9,0x9A96E0,0x9C98EC
     98              ,0x9590FA,0xA49FFF,0xB0ADE8,0xBBB8EB
     99              ,0xABA7F7,0xB3AFF0,0xB6B2F0,0xC2BFFB
    100              ,0xCFD0CB,0xE1E1D6,0xCFCDE9,0xD0CFE1
    101              ,0xD8D7E3,0xD9D8E4,0xD8D6EB,0xCAC8F2
    102              ,0xD1CFF2,0xD0CDFF,0xE0DEFA,0xF0F0EE
    103              ,0xF7F8EE,0xE9E8F6,0xE8E7FB,0xF2F1FE
    104          };
    105          

   \                                 In section .rodata, align 4, keep-with-next
    106          static GUI_CONST_STORAGE GUI_LOGPALETTE PalReplay1080Icon = {
   \                     PalReplay1080Icon:
   \   00000000                      ; Initializer data, 12 bytes
   \   00000000   00010000           DC32 256
   \   00000004   00000000           DC8 0, 0, 0, 0
   \   00000008   ........           DC32 ColorsReplay1080Icon
    107            256,	/* number of entries */
    108            0, 	/* No transparency */
    109            &ColorsReplay1080Icon[0]
    110          };
    111          

   \                                 In section .rodata, align 4, keep-with-next
    112          static GUI_CONST_STORAGE unsigned char acReplay1080Icon[] = {
   \                     acReplay1080Icon:
   \   00000000                      ; Initializer data, 3600 bytes
   \   00000000   000000000B75       DC8 0, 0, 0, 0, 11, 117, 4, 4, 4, 4
   \              04040404    
   \   0000000A   040404040404       DC8 4, 4, 4, 4, 4, 4, 4, 4, 4, 4
   \              04040404    
   \   00000014   040404040404       DC8 4, 4, 4, 4, 4, 4, 4, 4, 4, 4
   \              04040404    
   \   0000001E   040404040404       DC8 4, 4, 4, 4, 4, 4, 4, 4, 4, 4
   \              04040404    
   \   00000028   040404040404       DC8 4, 4, 4, 4, 4, 4, 4, 4, 4, 4
   \              04040404    
   \   00000032   04040404060B       DC8 4, 4, 4, 4, 6, 11, 0, 0, 0, 0
   \              00000000    
   \   0000003C   000000040101       DC8 0, 0, 0, 4, 1, 1, 3, 121, 121, 121
   \              03797979    
   \   00000046   797979797979       DC8 121, 121, 121, 121, 121, 121, 121, 121, 121, 121
   \              79797979    
   \   00000050   797979797979       DC8 121, 121, 121, 121, 121, 121, 121, 121, 121, 121
   \              79797979    
   \   0000005A   797979797979       DC8 121, 121, 121, 121, 121, 121, 121, 121, 121, 121
   \              79797979    
   \   00000064   797979797979       DC8 121, 121, 121, 121, 121, 121, 121, 121, 121, 121
   \              79797979    
   \   0000006E   797979030101       DC8 121, 121, 121, 3, 1, 1, 4, 0, 0, 0
   \              04000000    
   \   00000078   0000077B0471       DC8 0, 0, 7, 123, 4, 113, 6, 6, 6, 6
   \              06060606    
   \   00000082   060606060606       DC8 6, 6, 6, 6, 6, 6, 6, 6, 6, 6
   \              06060606    
   \   0000008C   060606060606       DC8 6, 6, 6, 6, 6, 6, 6, 6, 6, 6
   \              06060606    
   \   00000096   060606060606       DC8 6, 6, 6, 6, 6, 6, 6, 6, 6, 6
   \              06060606    
   \   000000A0   060606060606       DC8 6, 6, 6, 6, 6, 6, 6, 6, 6, 6
   \              06060606    
   \   000000AA   060606067104       DC8 6, 6, 6, 6, 113, 4, 123, 2, 11, 0
   \              7B020B00    
   \   000000B4   00047B060604       DC8 0, 4, 123, 6, 6, 4, 121, 121, 3, 3
   \              79790303    
   \   000000BE   030303030303       DC8 3, 3, 3, 3, 3, 3, 3, 3, 3, 3
   \              03030303    
   \   000000C8   030303030303       DC8 3, 3, 3, 3, 3, 3, 3, 3, 3, 3
   \              03030303    
   \   000000D2   030303030303       DC8 3, 3, 3, 3, 3, 3, 3, 3, 3, 3
   \              03030303    
   \   000000DC   030303030303       DC8 3, 3, 3, 3, 3, 3, 3, 3, 3, 3
   \              03030303    
   \   000000E6   030379790406       DC8 3, 3, 121, 121, 4, 6, 6, 1, 3, 0
   \              06010300    
   \   000000F0   0B0104067903       DC8 11, 1, 4, 6, 121, 3, 52, 7, 7, 2
   \              34070702    
   \   000000FA   020202020202       DC8 2, 2, 2, 2, 2, 2, 2, 2, 2, 2
   \              02020202    
   \   00000104   020202020202       DC8 2, 2, 2, 2, 2, 2, 2, 2, 2, 2
   \              02020202    
   \   0000010E   020202020202       DC8 2, 2, 2, 2, 2, 2, 2, 2, 2, 2
   \              02020202    
   \   00000118   020202020202       DC8 2, 2, 2, 2, 2, 2, 2, 2, 2, 2
   \              02020202    
   \   00000122   020707070379       DC8 2, 7, 7, 7, 3, 121, 6, 117, 123, 5
   \              06757B05    
   \   0000012C   750106040302       DC8 117, 1, 6, 4, 3, 2, 2, 2, 2, 1
   \              02020201    
   \   00000136   010101010101       DC8 1, 1, 1, 1, 1, 1, 1, 1, 1, 1
   \              01010101    
   \   00000140   010101010101       DC8 1, 1, 1, 1, 1, 1, 1, 1, 1, 1
   \              01010101    
   \   0000014A   010101010101       DC8 1, 1, 1, 1, 1, 1, 1, 1, 1, 1
   \              01010101    
   \   00000154   010101010101       DC8 1, 1, 1, 1, 1, 1, 1, 1, 1, 1
   \              01010101    
   \   0000015E   010202020203       DC8 1, 2, 2, 2, 2, 3, 121, 6, 2, 4
   \              79060204    
   \   00000168   790375030202       DC8 121, 3, 117, 3, 2, 2, 1, 1, 1, 1
   \              01010101    
   \   00000172   010101010101       DC8 1, 1, 1, 1, 1, 1, 1, 1, 1, 1
   \              01010101    
   \   0000017C   010101010101       DC8 1, 1, 1, 1, 1, 1, 1, 1, 1, 1
   \              01010101    
   \   00000186   010101010101       DC8 1, 1, 1, 1, 1, 1, 1, 1, 1, 1
   \              01010101    
   \   00000190   010101010101       DC8 1, 1, 1, 1, 1, 1, 1, 1, 1, 1
   \              01010101    
   \   0000019A   010101010202       DC8 1, 1, 1, 1, 2, 2, 3, 117, 121, 52
   \              03757934    
   \   000001A4   047904070201       DC8 4, 121, 4, 7, 2, 1, 1, 1, 1, 1
   \              01010101    
   \   000001AE   010101010101       DC8 1, 1, 1, 1, 1, 1, 1, 1, 1, 1
   \              01010101    
   \   000001B8   010101010101       DC8 1, 1, 1, 1, 1, 1, 1, 1, 1, 1
   \              01010101    
   \   000001C2   010101010101       DC8 1, 1, 1, 1, 1, 1, 1, 1, 1, 1
   \              01010101    
   \   000001CC   010101010101       DC8 1, 1, 1, 1, 1, 1, 1, 1, 1, 1
   \              01010101    
   \   000001D6   010101010102       DC8 1, 1, 1, 1, 1, 2, 7, 4, 4, 7
   \              07040407    
   \   000001E0   047904070201       DC8 4, 121, 4, 7, 2, 1, 1, 1, 1, 1
   \              01010101    
   \   000001EA   010101010101       DC8 1, 1, 1, 1, 1, 1, 1, 1, 1, 1
   \              01010101    
   \   000001F4   010101010101       DC8 1, 1, 1, 1, 1, 1, 1, 1, 1, 1
   \              01010101    
   \   000001FE   010101010101       DC8 1, 1, 1, 1, 1, 1, 1, 1, 1, 1
   \              01010101    
   \   00000208   010101010101       DC8 1, 1, 1, 1, 1, 1, 1, 1, 1, 1
   \              01010101    
   \   00000212   010101010102       DC8 1, 1, 1, 1, 1, 2, 7, 121, 4, 7
   \              07790407    
   \   0000021C   047979070201       DC8 4, 121, 121, 7, 2, 1, 1, 1, 1, 1
   \              01010101    
   \   00000226   010101010101       DC8 1, 1, 1, 1, 1, 1, 1, 1, 1, 1
   \              01010101    
   \   00000230   010101010101       DC8 1, 1, 1, 1, 1, 1, 1, 1, 1, 1
   \              01010101    
   \   0000023A   010101010101       DC8 1, 1, 1, 1, 1, 1, 1, 1, 1, 1
   \              01010101    
   \   00000244   010101010101       DC8 1, 1, 1, 1, 1, 1, 1, 1, 1, 1
   \              01010101    
   \   0000024E   010101010101       DC8 1, 1, 1, 1, 1, 1, 2, 3, 4, 7
   \              02030407    
   \   00000258   047979020201       DC8 4, 121, 121, 2, 2, 1, 1, 1, 1, 1
   \              01010101    
   \   00000262   010101010101       DC8 1, 1, 1, 1, 1, 1, 1, 1, 1, 1
   \              01010101    
   \   0000026C   010101010101       DC8 1, 1, 1, 1, 1, 1, 1, 1, 1, 1
   \              01010101    
   \   00000276   010101010101       DC8 1, 1, 1, 1, 1, 1, 1, 1, 1, 1
   \              01010101    
   \   00000280   010101010101       DC8 1, 1, 1, 1, 1, 1, 1, 1, 1, 1
   \              01010101    
   \   0000028A   010101010101       DC8 1, 1, 1, 1, 1, 1, 2, 3, 4, 7
   \              02030407    
   \   00000294   047979020101       DC8 4, 121, 121, 2, 1, 1, 1, 1, 1, 1
   \              01010101    
   \   0000029E   010101010101       DC8 1, 1, 1, 1, 1, 1, 1, 1, 1, 1
   \              01010101    
   \   000002A8   010101010101       DC8 1, 1, 1, 1, 1, 1, 1, 1, 1, 1
   \              01010101    
   \   000002B2   010101010101       DC8 1, 1, 1, 1, 1, 1, 1, 1, 1, 1
   \              01010101    
   \   000002BC   010101010101       DC8 1, 1, 1, 1, 1, 1, 1, 1, 1, 1
   \              01010101    
   \   000002C6   010101010101       DC8 1, 1, 1, 1, 1, 1, 2, 3, 121, 7
   \              02037907    
   \   000002D0   047979070201       DC8 4, 121, 121, 7, 2, 1, 1, 1, 1, 1
   \              01010101    
   \   000002DA   010101010101       DC8 1, 1, 1, 1, 1, 1, 1, 1, 1, 1
   \              01010101    
   \   000002E4   010101010101       DC8 1, 1, 1, 1, 1, 1, 1, 1, 1, 1
   \              01010101    
   \   000002EE   010101010101       DC8 1, 1, 1, 1, 1, 1, 1, 1, 1, 1
   \              01010101    
   \   000002F8   010101010101       DC8 1, 1, 1, 1, 1, 1, 1, 1, 1, 1
   \              01010101    
   \   00000302   010101010107       DC8 1, 1, 1, 1, 1, 7, 4, 6, 117, 7
   \              04067507    
   \   0000030C   047979070201       DC8 4, 121, 121, 7, 2, 1, 1, 1, 1, 1
   \              01010101    
   \   00000316   010101010101       DC8 1, 1, 1, 1, 1, 1, 1, 1, 1, 1
   \              01010101    
   \   00000320   010101010101       DC8 1, 1, 1, 1, 1, 1, 1, 1, 1, 1
   \              01010101    
   \   0000032A   010101010101       DC8 1, 1, 1, 1, 1, 1, 1, 1, 1, 1
   \              01010101    
   \   00000334   010101010101       DC8 1, 1, 1, 1, 1, 1, 1, 1, 1, 1
   \              01010101    
   \   0000033E   010107060B00       DC8 1, 1, 7, 6, 11, 0, 0, 0, 5, 2
   \              00000502    
   \   00000348   047979070201       DC8 4, 121, 121, 7, 2, 1, 1, 1, 1, 1
   \              01010101    
   \   00000352   010101010101       DC8 1, 1, 1, 1, 1, 1, 1, 1, 1, 1
   \              01010101    
   \   0000035C   010101010101       DC8 1, 1, 1, 1, 1, 1, 1, 1, 1, 1
   \              01010101    
   \   00000366   010101010101       DC8 1, 1, 1, 1, 1, 1, 1, 1, 1, 1
   \              01010101    
   \   00000370   010101010101       DC8 1, 1, 1, 1, 1, 1, 1, 1, 1, 1
   \              01010101    
   \   0000037A   030500000000       DC8 3, 5, 0, 0, 0, 0, 0, 0, 113, 2
   \              00007102    
   \   00000384   047904070201       DC8 4, 121, 4, 7, 2, 1, 1, 1, 1, 1
   \              01010101    
   \   0000038E   010101010101       DC8 1, 1, 1, 1, 1, 1, 1, 1, 1, 1
   \              01010101    
   \   00000398   010101010101       DC8 1, 1, 1, 1, 1, 1, 1, 1, 1, 1
   \              01010101    
   \   000003A2   010101010101       DC8 1, 1, 1, 1, 1, 1, 1, 1, 1, 1
   \              01010101    
   \   000003AC   010101010101       DC8 1, 1, 1, 1, 1, 1, 1, 1, 2, 113
   \              01010271    
   \   000003B6   000000000000       DC8 0, 0, 0, 0, 0, 0, 0, 0, 113, 2
   \              00007102    
   \   000003C0   047904070201       DC8 4, 121, 4, 7, 2, 1, 1, 1, 1, 1
   \              01010101    
   \   000003CA   010101010101       DC8 1, 1, 1, 1, 1, 1, 1, 1, 1, 1
   \              01010101    
   \   000003D4   010101010101       DC8 1, 1, 1, 1, 1, 1, 1, 1, 1, 1
   \              01010101    
   \   000003DE   010101010101       DC8 1, 1, 1, 1, 1, 1, 1, 1, 1, 1
   \              01010101    
   \   000003E8   010101010101       DC8 1, 1, 1, 1, 1, 1, 1, 4, 0, 0
   \              01040000    
   \   000003F2   000000000000       DC8 0, 0, 0, 0, 0, 0, 0, 0, 113, 2
   \              00007102    
   \   000003FC   047904070202       DC8 4, 121, 4, 7, 2, 2, 2, 2, 2, 2
   \              02020202    
   \   00000406   020202020202       DC8 2, 2, 2, 2, 2, 2, 2, 2, 2, 2
   \              02020202    
   \   00000410   020202020202       DC8 2, 2, 2, 2, 2, 2, 2, 2, 2, 2
   \              02020202    
   \   0000041A   020202020202       DC8 2, 2, 2, 2, 2, 2, 2, 2, 2, 2
   \              02020202    
   \   00000424   020202020102       DC8 2, 2, 2, 2, 1, 2, 113, 0, 0, 0
   \              71000000    
   \   0000042E   000000000000       DC8 0, 0, 0, 0, 0, 0, 0, 0, 113, 2
   \              00007102    
   \   00000438   047904070202       DC8 4, 121, 4, 7, 2, 2, 122, 122, 122, 122
   \              7A7A7A7A    
   \   00000442   01027A7A7A7A       DC8 1, 2, 122, 122, 122, 122, 122, 1, 122, 122
   \              7A017A7A    
   \   0000044C   010202030303       DC8 1, 2, 2, 3, 3, 3, 3, 3, 3, 1
   \              03030301    
   \   00000456   070302010202       DC8 7, 3, 2, 1, 2, 2, 7, 3, 3, 3
   \              07030303    
   \   00000460   03030203030B       DC8 3, 3, 2, 3, 3, 11, 0, 0, 0, 0
   \              00000000    
   \   0000046A   000000000000       DC8 0, 0, 0, 0, 0, 0, 0, 0, 113, 2
   \              00007102    
   \   00000474   04790407027A       DC8 4, 121, 4, 7, 2, 122, 89, 70, 172, 54
   \              5946AC36    
   \   0000047E   020289464636       DC8 2, 2, 137, 70, 70, 54, 54, 8, 129, 127
   \              3608817F    
   \   00000488   7A0207273B21       DC8 122, 2, 7, 39, 59, 33, 33, 59, 28, 3
   \              213B1C03    
   \   00000492   422035070203       DC8 66, 32, 53, 7, 2, 3, 53, 19, 33, 33
   \              35132121    
   \   0000049C   201322200100       DC8 32, 19, 34, 32, 1, 0, 0, 2, 58, 5
   \              00023A05    
   \   000004A6   000000000071       DC8 0, 0, 0, 0, 0, 113, 121, 0, 5, 2
   \              79000502    
   \   000004B0   047904340788       DC8 4, 121, 4, 52, 7, 136, 15, 22, 43, 90
   \              0F162B5A    
   \   000004BA   56C21E60C12F       DC8 86, 194, 30, 96, 193, 47, 192, 62, 54, 98
   \              C03E3662    
   \   000004C4   340701FBFBDF       DC8 52, 7, 1, 251, 251, 223, 104, 20, 10, 34
   \              68140A22    
   \   000004CE   130A0134038C       DC8 19, 10, 1, 52, 3, 140, 20, 48, 33, 27
   \              1430211B    
   \   000004D8   0A6A240A0300       DC8 10, 106, 36, 10, 3, 0, 0, 19, 251, 0
   \              0013FB00    
   \   000004E2   00000000000B       DC8 0, 0, 0, 0, 0, 11, 5, 0, 113, 2
   \              05007102    
   \   000004EC   047904030218       DC8 4, 121, 4, 3, 2, 24, 92, 6, 4, 83
   \              5C060453    
   \   000004F6   382B77739725       DC8 56, 43, 119, 115, 151, 37, 84, 16, 98, 47
   \              5410622F    
   \   00000500   38568B0A2400       DC8 56, 86, 139, 10, 36, 0, 11, 19, 10, 66
   \              0B130A42    
   \   0000050A   30300607410A       DC8 48, 48, 6, 7, 65, 10, 26, 5, 113, 65
   \              1A057141    
   \   00000514   0A1C13310000       DC8 10, 28, 19, 49, 0, 0, 0, 49, 19, 0
   \              00311300    
   \   0000051E   000000000000       DC8 0, 0, 0, 0, 0, 0, 0, 0, 113, 2
   \              00007102    
   \   00000528   04790409802F       DC8 4, 121, 4, 9, 128, 47, 131, 83, 122, 89
   \              83537A59    
   \   00000532   1954538A0F7C       DC8 25, 84, 83, 138, 15, 124, 135, 47, 15, 25
   \              872F0F19    
   \   0000053C   2F91D90A0224       DC8 47, 145, 217, 10, 2, 36, 32, 10, 106, 1
   \              200A6A01    
   \   00000546   0A1A71031AFB       DC8 10, 26, 113, 3, 26, 251, 117, 3, 3, 39
   \              75030327    
   \   00000550   0A2231141B1B       DC8 10, 34, 49, 20, 27, 27, 27, 10, 34, 117
   \              1B0A2275    
   \   0000055A   13DE133A1C1A       DC8 19, 222, 19, 58, 28, 26, 26, 0, 5, 2
   \              1A000502    
   \   00000564   047904099826       DC8 4, 121, 4, 9, 152, 38, 85, 7, 122, 153
   \              55077A99    
   \   0000056E   C775079C7D04       DC8 199, 117, 7, 156, 125, 4, 69, 170, 15, 47
   \              45AA0F2F    
   \   00000578   A576683106DF       DC8 165, 118, 104, 49, 6, 223, 49, 32, 117, 36
   \              31207524    
   \   00000582   0A2271752130       DC8 10, 34, 113, 117, 33, 48, 5, 52, 3, 223
   \              053403DF    
   \   0000058C   14751A13DE20       DC8 20, 117, 26, 19, 222, 32, 20, 20, 11, 1
   \              14140B01    
   \   00000596   23243ADE138D       DC8 35, 36, 58, 222, 19, 141, 27, 0, 5, 2
   \              1B000502    
   \   000005A0   047904092C60       DC8 4, 121, 4, 9, 44, 96, 6, 2, 7, 134
   \              06020786    
   \   000005AA   2F9D88588485       DC8 47, 157, 136, 88, 132, 133, 114, 171, 25, 130
   \              72AB1982    
   \   000005B4   527B0A137107       DC8 82, 123, 10, 19, 113, 7, 4, 6, 6, 33
   \              04060621    
   \   000005BE   0A1A1C431A0A       DC8 10, 26, 28, 67, 26, 10, 58, 66, 2, 20
   \              3A420214    
   \   000005C8   1B0435222224       DC8 27, 4, 53, 34, 34, 36, 10, 39, 0, 123
   \              0A27007B    
   \   000005D2   14411C27211C       DC8 20, 65, 28, 39, 33, 28, 222, 11, 5, 2
   \              DE0B0502    
   \   000005DC   047904401892       DC8 4, 121, 4, 64, 24, 146, 115, 2, 2, 2
   \              73020202    
   \   000005E6   452525250F94       DC8 69, 37, 37, 37, 15, 148, 9, 171, 85, 115
   \              09AB5573    
   \   000005F0   034323427502       DC8 3, 67, 35, 66, 117, 2, 2, 2, 3, 39
   \              02020327    
   \   000005FA   6F1414137968       DC8 111, 20, 20, 19, 121, 104, 20, 28, 7, 35
   \              141C0723    
   \   00000604   431A14141423       DC8 67, 26, 20, 20, 20, 35, 39, 0, 0, 1
   \              27000001    
   \   0000060E   28DF21131C13       DC8 40, 223, 33, 19, 28, 19, 40, 0, 5, 2
   \              28000502    
   \   00000618   047904344004       DC8 4, 121, 4, 52, 64, 4, 7, 2, 2, 2
   \              07020202    
   \   00000622   07343F3F3F04       DC8 7, 52, 63, 63, 63, 4, 52, 3, 9, 2
   \              34030902    
   \   0000062C   020102040202       DC8 2, 1, 2, 4, 2, 2, 2, 2, 2, 52
   \              02020234    
   \   00000636   020202797903       DC8 2, 2, 2, 121, 121, 3, 1, 5, 0, 5
   \              01050005    
   \   00000640   00050505050B       DC8 0, 5, 5, 5, 5, 11, 0, 0, 0, 0
   \              00000000    
   \   0000064A   710606067575       DC8 113, 6, 6, 6, 117, 117, 11, 0, 113, 2
   \              0B007102    
   \   00000654   047975030702       DC8 4, 121, 117, 3, 7, 2, 2, 2, 2, 2
   \              02020202    
   \   0000065E   020207070702       DC8 2, 2, 7, 7, 7, 2, 2, 2, 2, 2
   \              02020202    
   \   00000668   020707020202       DC8 2, 7, 7, 2, 2, 2, 2, 2, 2, 2
   \              02020202    
   \   00000672   070707070202       DC8 7, 7, 7, 7, 2, 2, 117, 0, 0, 0
   \              75000000    
   \   0000067C   000000000000       DC8 0, 0, 0, 0, 0, 0, 0, 0, 0, 0
   \              00000000    
   \   00000686   000000000000       DC8 0, 0, 0, 0, 0, 0, 0, 0, 113, 2
   \              00007102    
   \   00000690   047975030702       DC8 4, 121, 117, 3, 7, 2, 2, 2, 2, 7
   \              02020207    
   \   0000069A   070707070707       DC8 7, 7, 7, 7, 7, 7, 7, 7, 7, 7
   \              07070707    
   \   000006A4   070707070707       DC8 7, 7, 7, 7, 7, 7, 7, 7, 7, 7
   \              07070707    
   \   000006AE   070707070203       DC8 7, 7, 7, 7, 2, 3, 0, 0, 0, 0
   \              00000000    
   \   000006B8   000000000000       DC8 0, 0, 0, 0, 0, 0, 0, 0, 0, 0
   \              00000000    
   \   000006C2   000000000000       DC8 0, 0, 0, 0, 0, 0, 0, 0, 113, 2
   \              00007102    
   \   000006CC   047975030707       DC8 4, 121, 117, 3, 7, 7, 7, 7, 7, 2
   \              07070702    
   \   000006D6   570808080808       DC8 87, 8, 8, 8, 8, 8, 8, 8, 8, 8
   \              08080808    
   \   000006E0   080808080808       DC8 8, 8, 8, 8, 8, 8, 8, 8, 8, 8
   \              08080808    
   \   000006EA   080808085774       DC8 8, 8, 8, 8, 87, 116, 18, 18, 18, 18
   \              12121212    
   \   000006F4   121212121212       DC8 18, 18, 18, 18, 18, 18, 18, 18, 18, 18
   \              12121212    
   \   000006FE   000000000000       DC8 0, 0, 0, 0, 0, 0, 0, 0, 113, 2
   \              00007102    
   \   00000708   047975030707       DC8 4, 121, 117, 3, 7, 7, 7, 7, 7, 71
   \              07070747    
   \   00000712   C8180E18180E       DC8 200, 24, 14, 24, 24, 14, 14, 14, 14, 14
   \              0E0E0E0E    
   \   0000071C   180E0E0E0E0E       DC8 24, 14, 14, 14, 14, 14, 24, 24, 14, 14
   \              18180E0E    
   \   00000726   0E0E0E181816       DC8 14, 14, 14, 24, 24, 22, 14, 22, 14, 14
   \              0E160E0E    
   \   00000730   0E1616161616       DC8 14, 22, 22, 22, 22, 22, 22, 22, 14, 200
   \              16160EC8    
   \   0000073A   370000000000       DC8 55, 0, 0, 0, 0, 0, 0, 0, 113, 2
   \              00007102    
   \   00000744   047975033407       DC8 4, 121, 117, 3, 52, 7, 7, 7, 7, 97
   \              07070761    
   \   0000074E   260F1F0F154A       DC8 38, 15, 31, 15, 21, 74, 17, 17, 17, 73
   \              11111149    
   \   00000758   150F1111114A       DC8 21, 15, 17, 17, 17, 74, 15, 21, 31, 17
   \              0F151F11    
   \   00000762   11111F150F0F       DC8 17, 17, 31, 21, 15, 15, 31, 17, 21, 21
   \              1F111515    
   \   0000076C   2E4ACA494A11       DC8 46, 74, 202, 73, 74, 17, 17, 31, 45, 38
   \              111F2D26    
   \   00000776   2B0000000000       DC8 43, 0, 0, 0, 0, 0, 0, 0, 113, 2
   \              00007102    
   \   00000780   047975033407       DC8 4, 121, 117, 3, 52, 7, 7, 7, 7, 43
   \              0707072B    
   \   0000078A   D5F7F2BFE832       DC8 213, 247, 242, 191, 232, 50, 78, 78, 79, 248
   \              4E4E4FF8    
   \   00000794   C3EFF64D4D29       DC8 195, 239, 246, 77, 77, 41, 210, 211, 250, 243
   \              D2D3FAF3    
   \   0000079E   4E4E29D01D1E       DC8 78, 78, 41, 208, 29, 30, 72, 51, 237, 99
   \              4833ED63    
   \   000007A8   4B70B7E5FE4F       DC8 75, 112, 183, 229, 254, 79, 79, 50, 236, 73
   \              4F32EC49    
   \   000007B2   A90000000000       DC8 169, 0, 0, 0, 0, 0, 0, 0, 113, 2
   \              00007102    
   \   000007BC   047975033407       DC8 4, 121, 117, 3, 52, 7, 7, 7, 7, 44
   \              0707072C    
   \   000007C6   0FD13C44F9DA       DC8 15, 209, 60, 68, 249, 218, 167, 56, 93, 35
   \              A7385D23    
   \   000007D0   B270B43939EB       DC8 178, 112, 180, 57, 57, 235, 101, 216, 105, 149
   \              65D86995    
   \   000007DA   3938325F2A0F       DC8 57, 56, 50, 95, 42, 15, 29, 212, 254, 234
   \              1DD4FEEA    
   \   000007E4   32B3A04CF09B       DC8 50, 179, 160, 76, 240, 155, 57, 204, 255, 225
   \              39CCFFE1    
   \   000007EE   A10000000000       DC8 161, 0, 0, 0, 0, 0, 0, 0, 113, 2
   \              00007102    
   \   000007F8   047975790307       DC8 4, 121, 117, 121, 3, 7, 7, 7, 7, 44
   \              0707072C    
   \   00000802   2DD63C376DB6       DC8 45, 214, 60, 55, 109, 182, 190, 46, 74, 253
   \              BE2E4AFD    
   \   0000080C   9F67F46B6B29       DC8 159, 103, 244, 107, 107, 41, 94, 228, 102, 163
   \              5EE466A3    
   \   00000816   262D33B52A0F       DC8 38, 45, 51, 181, 42, 15, 25, 196, 215, 10
   \              19C4D70A    
   \   00000820   3093C64C28A2       DC8 48, 147, 198, 76, 40, 162, 38, 197, 103, 105
   \              26C56769    
   \   0000082A   900000000000       DC8 144, 0, 0, 0, 0, 0, 0, 0, 113, 2
   \              00007102    
   \   00000834   047975790307       DC8 4, 121, 117, 121, 3, 7, 7, 7, 7, 44
   \              0707072C    
   \   0000083E   2D4B3C37F9BC       DC8 45, 75, 60, 55, 249, 188, 42, 21, 17, 253
   \              2A1511FD    
   \   00000848   5EFDB0AE47E6       DC8 94, 253, 176, 174, 71, 230, 227, 224, 102, 164
   \              E3E066A4    
   \   00000852   0F1E6E5F2A0F       DC8 15, 30, 110, 95, 42, 15, 13, 17, 110, 101
   \              0D116E65    
   \   0000085C   50EE63E9685B       DC8 80, 238, 99, 233, 104, 91, 15, 100, 61, 220
   \              0F643DDC    
   \   00000866   8F0000000000       DC8 143, 0, 0, 0, 0, 0, 0, 0, 113, 2
   \              00007102    
   \   00000870   047975790334       DC8 4, 121, 117, 121, 3, 52, 52, 3, 3, 44
   \              3403032C    
   \   0000087A   2D4BF1444C6F       DC8 45, 75, 241, 68, 76, 111, 108, 81, 50, 60
   \              6C51323C    
   \   00000884   9AFAF53333FD       DC8 154, 250, 245, 51, 51, 253, 219, 187, 251, 108
   \              DBBBFB6C    
   \   0000088E   5151FBB12A15       DC8 81, 81, 251, 177, 42, 21, 201, 51, 221, 142
   \              C933DD8E    
   \   00000898   64FFE2E7FCF6       DC8 100, 255, 226, 231, 252, 246, 50, 35, 223, 150
   \              3223DF96    
   \   000008A2   5B0000000000       DC8 91, 0, 0, 0, 0, 0, 0, 0, 113, 2
   \              00007102    
   \   000008AC   047975790334       DC8 4, 121, 117, 121, 3, 52, 52, 3, 3, 97
   \              34030361    
   \   000008B6   261FCB5C1FCD       DC8 38, 31, 203, 92, 31, 205, 23, 23, 23, 158
   \              1717179E    
   \   000008C0   BD48BA1717B8       DC8 189, 72, 186, 23, 23, 184, 90, 37, 207, 23
   \              5A25CF17    
   \   000008CA   1717AFA80F15       DC8 23, 23, 175, 168, 15, 21, 17, 206, 68, 30
   \              11CE441E    
   \   000008D4   2E48175DB917       DC8 46, 72, 23, 93, 185, 23, 23, 173, 55, 13
   \              17AD370D    
   \   000008DE   2B0000000000       DC8 43, 0, 0, 0, 0, 0, 0, 0, 113, 2
   \              00007102    
   \   000008E8   047906790303       DC8 4, 121, 6, 121, 3, 3, 3, 3, 3, 56
   \              03030338    
   \   000008F2   0F1E0D191E0D       DC8 15, 30, 13, 25, 30, 13, 13, 13, 13, 21
   \              0D0D0D15    
   \   000008FC   0F1E0D0D0D0D       DC8 15, 30, 13, 13, 13, 13, 15, 25, 13, 29
   \              0F190D1D    
   \   00000906   1D1D0D0F1919       DC8 29, 29, 13, 15, 25, 25, 30, 29, 21, 25
   \              1E1D1519    
   \   00000910   191E0D0D1D1D       DC8 25, 30, 13, 13, 29, 29, 13, 13, 15, 15
   \              0D0D0F0F    
   \   0000091A   A60000000000       DC8 166, 0, 0, 0, 0, 0, 0, 0, 113, 2
   \              00007102    
   \   00000924   047906790303       DC8 4, 121, 6, 121, 3, 3, 3, 3, 3, 64
   \              03030340    
   \   0000092E   101010101010       DC8 16, 16, 16, 16, 16, 16, 16, 16, 16, 16
   \              10101010    
   \   00000938   101010101010       DC8 16, 16, 16, 16, 16, 16, 16, 126, 120, 12
   \              107E780C    
   \   00000942   0C0C0C0C0C0C       DC8 12, 12, 12, 12, 12, 12, 12, 12, 12, 12
   \              0C0C0C0C    
   \   0000094C   0C0C0C0C0C0C       DC8 12, 12, 12, 12, 12, 12, 12, 12, 12, 12
   \              0C0C0C0C    
   \   00000956   120000000000       DC8 18, 0, 0, 0, 0, 0, 0, 0, 113, 2
   \              00007102    
   \   00000960   047906790303       DC8 4, 121, 6, 121, 3, 3, 3, 3, 3, 3
   \              03030303    
   \   0000096A   090909090909       DC8 9, 9, 9, 9, 9, 9, 9, 9, 9, 9
   \              09090909    
   \   00000974   090909090909       DC8 9, 9, 9, 9, 9, 9, 7, 82, 0, 0
   \              07520000    
   \   0000097E   000000000000       DC8 0, 0, 0, 0, 0, 0, 0, 0, 0, 0
   \              00000000    
   \   00000988   000000000000       DC8 0, 0, 0, 0, 0, 0, 0, 0, 0, 0
   \              00000000    
   \   00000992   000000000000       DC8 0, 0, 0, 0, 0, 0, 0, 0, 113, 2
   \              00007102    
   \   0000099C   047906040303       DC8 4, 121, 6, 4, 3, 3, 3, 3, 3, 3
   \              03030303    
   \   000009A6   030303030303       DC8 3, 3, 3, 3, 3, 3, 3, 3, 3, 3
   \              03030303    
   \   000009B0   030303030334       DC8 3, 3, 3, 3, 3, 52, 5, 0, 0, 0
   \              05000000    
   \   000009BA   000000000000       DC8 0, 0, 0, 0, 0, 0, 0, 0, 0, 0
   \              00000000    
   \   000009C4   000000000000       DC8 0, 0, 0, 0, 0, 0, 0, 0, 0, 0
   \              00000000    
   \   000009CE   000000000000       DC8 0, 0, 0, 0, 0, 0, 0, 0, 113, 2
   \              00007102    
   \   000009D8   047906040303       DC8 4, 121, 6, 4, 3, 3, 3, 3, 3, 3
   \              03030303    
   \   000009E2   030303030303       DC8 3, 3, 3, 3, 3, 3, 3, 3, 3, 3
   \              03030303    
   \   000009EC   03030307030B       DC8 3, 3, 3, 7, 3, 11, 0, 0, 0, 0
   \              00000000    
   \   000009F6   000000000000       DC8 0, 0, 0, 0, 0, 0, 0, 0, 0, 0
   \              00000000    
   \   00000A00   000000000000       DC8 0, 0, 0, 0, 0, 0, 0, 0, 0, 0
   \              00000000    
   \   00000A0A   000000000000       DC8 0, 0, 0, 0, 0, 0, 0, 0, 113, 2
   \              00007102    
   \   00000A14   047906047903       DC8 4, 121, 6, 4, 121, 3, 3, 3, 3, 3
   \              03030303    
   \   00000A1E   030303030303       DC8 3, 3, 3, 3, 3, 3, 3, 3, 3, 3
   \              03030303    
   \   00000A28   030334750000       DC8 3, 3, 52, 117, 0, 0, 0, 0, 0, 0
   \              00000000    
   \   00000A32   000000000000       DC8 0, 0, 0, 0, 0, 0, 0, 0, 0, 0
   \              00000000    
   \   00000A3C   000000000000       DC8 0, 0, 0, 0, 0, 0, 0, 0, 0, 0
   \              00000000    
   \   00000A46   000000000000       DC8 0, 0, 0, 0, 0, 0, 0, 0, 113, 2
   \              00007102    
   \   00000A50   047906047903       DC8 4, 121, 6, 4, 121, 3, 3, 3, 3, 3
   \              03030303    
   \   00000A5A   030303030303       DC8 3, 3, 3, 3, 3, 3, 3, 3, 3, 3
   \              03030303    
   \   00000A64   340405000000       DC8 52, 4, 5, 0, 0, 0, 0, 0, 0, 0
   \              00000000    
   \   00000A6E   000000000000       DC8 0, 0, 0, 0, 0, 0, 0, 0, 0, 0
   \              00000000    
   \   00000A78   000000000000       DC8 0, 0, 0, 0, 0, 0, 0, 0, 0, 0
   \              00000000    
   \   00000A82   000000000000       DC8 0, 0, 0, 0, 0, 0, 0, 0, 113, 2
   \              00007102    
   \   00000A8C   047906047903       DC8 4, 121, 6, 4, 121, 3, 3, 3, 3, 3
   \              03030303    
   \   00000A96   030303030303       DC8 3, 3, 3, 3, 3, 3, 3, 3, 3, 4
   \              03030304    
   \   00000AA0   050000000000       DC8 5, 0, 0, 0, 0, 0, 0, 0, 0, 0
   \              00000000    
   \   00000AAA   000000000000       DC8 0, 0, 0, 0, 0, 0, 0, 0, 0, 0
   \              00000000    
   \   00000AB4   000000000000       DC8 0, 0, 0, 0, 0, 0, 0, 0, 0, 0
   \              00000000    
   \   00000ABE   000000000000       DC8 0, 0, 0, 0, 0, 0, 0, 0, 113, 2
   \              00007102    
   \   00000AC8   047906047903       DC8 4, 121, 6, 4, 121, 3, 3, 3, 3, 3
   \              03030303    
   \   00000AD2   030303030303       DC8 3, 3, 3, 3, 3, 3, 121, 6, 11, 0
   \              79060B00    
   \   00000ADC   000000000000       DC8 0, 0, 0, 0, 0, 0, 0, 0, 0, 0
   \              00000000    
   \   00000AE6   000000000000       DC8 0, 0, 0, 0, 0, 0, 0, 0, 0, 0
   \              00000000    
   \   00000AF0   000000000000       DC8 0, 0, 0, 0, 0, 0, 0, 0, 0, 0
   \              00000000    
   \   00000AFA   000000000000       DC8 0, 0, 0, 0, 0, 0, 0, 0, 113, 2
   \              00007102    
   \   00000B04   047906047903       DC8 4, 121, 6, 4, 121, 3, 3, 3, 3, 3
   \              03030303    
   \   00000B0E   03030304060B       DC8 3, 3, 3, 4, 6, 11, 0, 0, 0, 0
   \              00000000    
   \   00000B18   000000000000       DC8 0, 0, 0, 0, 0, 0, 0, 0, 0, 0
   \              00000000    
   \   00000B22   000000000000       DC8 0, 0, 0, 0, 0, 0, 0, 0, 0, 0
   \              00000000    
   \   00000B2C   000000000000       DC8 0, 0, 0, 0, 0, 0, 0, 0, 0, 0
   \              00000000    
   \   00000B36   000000000000       DC8 0, 0, 0, 0, 0, 0, 0, 0, 113, 2
   \              00007102    
   \   00000B40   047906047979       DC8 4, 121, 6, 4, 121, 121, 121, 4, 117, 6
   \              79047506    
   \   00000B4A   710B0B000000       DC8 113, 11, 11, 0, 0, 0, 0, 0, 0, 0
   \              00000000    
   \   00000B54   000000000000       DC8 0, 0, 0, 0, 0, 0, 0, 0, 0, 0
   \              00000000    
   \   00000B5E   000000000000       DC8 0, 0, 0, 0, 0, 0, 0, 0, 0, 0
   \              00000000    
   \   00000B68   000000000000       DC8 0, 0, 0, 0, 0, 0, 0, 0, 0, 0
   \              00000000    
   \   00000B72   000000000000       DC8 0, 0, 0, 0, 0, 0, 0, 0, 113, 2
   \              00007102    
   \   00000B7C   797500000000       DC8 121, 117, 0, 0, 0, 0, 0, 0, 0, 0
   \              00000000    
   \   00000B86   000000000000       DC8 0, 0, 0, 0, 0, 0, 0, 0, 0, 0
   \              00000000    
   \   00000B90   000000000000       DC8 0, 0, 0, 0, 0, 0, 0, 0, 0, 0
   \              00000000    
   \   00000B9A   000000000000       DC8 0, 0, 0, 0, 0, 0, 0, 0, 0, 0
   \              00000000    
   \   00000BA4   000000000000       DC8 0, 0, 0, 0, 0, 0, 0, 0, 0, 0
   \              00000000    
   \   00000BAE   000000000000       DC8 0, 0, 0, 0, 0, 0, 0, 0, 113, 2
   \              00007102    
   \   00000BB8   797500000000       DC8 121, 117, 0, 0, 0, 0, 0, 0, 0, 0
   \              00000000    
   \   00000BC2   000000000000       DC8 0, 0, 0, 0, 0, 0, 0, 0, 0, 0
   \              00000000    
   \   00000BCC   000000000000       DC8 0, 0, 0, 0, 0, 0, 0, 0, 0, 0
   \              00000000    
   \   00000BD6   000000000000       DC8 0, 0, 0, 0, 0, 0, 0, 0, 0, 0
   \              00000000    
   \   00000BE0   000000000000       DC8 0, 0, 0, 0, 0, 0, 0, 0, 0, 0
   \              00000000    
   \   00000BEA   000000000000       DC8 0, 0, 0, 0, 0, 0, 0, 0, 113, 2
   \              00007102    
   \   00000BF4   797500000000       DC8 121, 117, 0, 0, 0, 0, 0, 0, 0, 0
   \              00000000    
   \   00000BFE   000000000000       DC8 0, 0, 0, 0, 0, 0, 0, 0, 0, 0
   \              00000000    
   \   00000C08   000000000000       DC8 0, 0, 0, 0, 0, 0, 0, 0, 0, 0
   \              00000000    
   \   00000C12   000000000000       DC8 0, 0, 0, 0, 0, 0, 0, 0, 0, 0
   \              00000000    
   \   00000C1C   000000000000       DC8 0, 0, 0, 0, 0, 0, 0, 0, 0, 0
   \              00000000    
   \   00000C26   000000000000       DC8 0, 0, 0, 0, 0, 0, 0, 0, 113, 2
   \              00007102    
   \   00000C30   797500000000       DC8 121, 117, 0, 0, 0, 0, 0, 0, 0, 0
   \              00000000    
   \   00000C3A   000000000000       DC8 0, 0, 0, 0, 0, 0, 0, 0, 0, 0
   \              00000000    
   \   00000C44   000000000000       DC8 0, 0, 0, 0, 0, 0, 0, 0, 0, 0
   \              00000000    
   \   00000C4E   000000000000       DC8 0, 0, 0, 0, 0, 0, 0, 0, 0, 0
   \              00000000    
   \   00000C58   000000000000       DC8 0, 0, 0, 0, 0, 0, 0, 0, 0, 0
   \              00000000    
   \   00000C62   000000000000       DC8 0, 0, 0, 0, 0, 0, 0, 0, 113, 2
   \              00007102    
   \   00000C6C   790400000000       DC8 121, 4, 0, 0, 0, 0, 0, 0, 0, 0
   \              00000000    
   \   00000C76   000000000000       DC8 0, 0, 0, 0, 0, 0, 0, 0, 0, 0
   \              00000000    
   \   00000C80   000000000000       DC8 0, 0, 0, 0, 0, 0, 0, 0, 0, 0
   \              00000000    
   \   00000C8A   000000000000       DC8 0, 0, 0, 0, 0, 0, 0, 0, 0, 0
   \              00000000    
   \   00000C94   000000000000       DC8 0, 0, 0, 0, 0, 0, 0, 0, 0, 0
   \              00000000    
   \   00000C9E   000000000000       DC8 0, 0, 0, 0, 0, 0, 0, 0, 6, 7
   \              00000607    
   \   00000CA8   750200000000       DC8 117, 2, 0, 0, 0, 0, 0, 0, 0, 0
   \              00000000    
   \   00000CB2   000000000000       DC8 0, 0, 0, 0, 0, 0, 0, 0, 0, 0
   \              00000000    
   \   00000CBC   000000000000       DC8 0, 0, 0, 0, 0, 0, 0, 0, 0, 0
   \              00000000    
   \   00000CC6   000000000000       DC8 0, 0, 0, 0, 0, 0, 0, 0, 0, 0
   \              00000000    
   \   00000CD0   000000000000       DC8 0, 0, 0, 0, 0, 0, 0, 0, 0, 0
   \              00000000    
   \   00000CDA   000000000000       DC8 0, 0, 0, 0, 0, 0, 0, 0, 3, 3
   \              00000303    
   \   00000CE4   0B7B05000000       DC8 11, 123, 5, 0, 0, 0, 0, 0, 0, 0
   \              00000000    
   \   00000CEE   000000000000       DC8 0, 0, 0, 0, 0, 0, 0, 0, 0, 0
   \              00000000    
   \   00000CF8   000000000000       DC8 0, 0, 0, 0, 0, 0, 0, 0, 0, 0
   \              00000000    
   \   00000D02   000000000000       DC8 0, 0, 0, 0, 0, 0, 0, 0, 0, 0
   \              00000000    
   \   00000D0C   000000000000       DC8 0, 0, 0, 0, 0, 0, 0, 0, 0, 0
   \              00000000    
   \   00000D16   000000000000       DC8 0, 0, 0, 0, 0, 0, 0, 11, 123, 113
   \              000B7B71    
   \   00000D20   0003010B0000       DC8 0, 3, 1, 11, 0, 0, 0, 0, 0, 0
   \              00000000    
   \   00000D2A   000000000000       DC8 0, 0, 0, 0, 0, 0, 0, 0, 0, 0
   \              00000000    
   \   00000D34   000000000000       DC8 0, 0, 0, 0, 0, 0, 0, 0, 0, 0
   \              00000000    
   \   00000D3E   000000000000       DC8 0, 0, 0, 0, 0, 0, 0, 0, 0, 0
   \              00000000    
   \   00000D48   000000000000       DC8 0, 0, 0, 0, 0, 0, 0, 0, 0, 0
   \              00000000    
   \   00000D52   000000000000       DC8 0, 0, 0, 0, 0, 0, 0, 2, 2, 0
   \              00020200    
   \   00000D5C   000B01010500       DC8 0, 11, 1, 1, 5, 0, 0, 0, 0, 0
   \              00000000    
   \   00000D66   000000000000       DC8 0, 0, 0, 0, 0, 0, 0, 0, 0, 0
   \              00000000    
   \   00000D70   000000000000       DC8 0, 0, 0, 0, 0, 0, 0, 0, 0, 0
   \              00000000    
   \   00000D7A   000000000000       DC8 0, 0, 0, 0, 0, 0, 0, 0, 0, 0
   \              00000000    
   \   00000D84   000000000000       DC8 0, 0, 0, 0, 0, 0, 0, 0, 0, 0
   \              00000000    
   \   00000D8E   00000000000B       DC8 0, 0, 0, 0, 0, 11, 7, 123, 11, 0
   \              077B0B00    
   \   00000D98   00000B077B07       DC8 0, 0, 11, 7, 123, 7, 6, 5, 5, 5
   \              06050505    
   \   00000DA2   050505050505       DC8 5, 5, 5, 5, 5, 5, 5, 5, 5, 5
   \              05050505    
   \   00000DAC   050505050505       DC8 5, 5, 5, 5, 5, 5, 5, 5, 5, 5
   \              05050505    
   \   00000DB6   050505050505       DC8 5, 5, 5, 5, 5, 5, 5, 5, 5, 5
   \              05050505    
   \   00000DC0   050505050505       DC8 5, 5, 5, 5, 5, 5, 5, 5, 5, 5
   \              05050505    
   \   00000DCA   05050506037B       DC8 5, 5, 5, 6, 3, 123, 2, 11, 0, 0
   \              020B0000    
   \   00000DD4   000000000579       DC8 0, 0, 0, 0, 5, 121, 2, 2, 7, 7
   \              02020707    
   \   00000DDE   070707070707       DC8 7, 7, 7, 7, 7, 7, 7, 7, 7, 7
   \              07070707    
   \   00000DE8   070707070707       DC8 7, 7, 7, 7, 7, 7, 7, 7, 7, 7
   \              07070707    
   \   00000DF2   070707070707       DC8 7, 7, 7, 7, 7, 7, 7, 7, 7, 7
   \              07070707    
   \   00000DFC   070707070707       DC8 7, 7, 7, 7, 7, 7, 7, 7, 7, 7
   \              07070707    
   \   00000E06   070702020371       DC8 7, 7, 2, 2, 3, 113, 0, 0, 0, 0
   \              00000000    
    113            0x00, 0x00, 0x00, 0x00, 0x0B, 0x75, 0x04, 0x04, 0x04, 0x04, 0x04, 0x04, 0x04, 0x04, 0x04, 0x04, 0x04, 0x04, 0x04, 0x04, 0x04, 0x04, 0x04, 0x04, 0x04, 0x04, 0x04, 0x04, 0x04, 0x04, 0x04, 0x04, 0x04, 0x04, 0x04, 0x04, 0x04, 0x04, 0x04, 0x04, 0x04, 0x04, 
    114                  0x04, 0x04, 0x04, 0x04, 0x04, 0x04, 0x04, 0x04, 0x04, 0x04, 0x04, 0x04, 0x06, 0x0B, 0x00, 0x00, 0x00, 0x00,
    115            0x00, 0x00, 0x00, 0x04, 0x01, 0x01, 0x03, 0x79, 0x79, 0x79, 0x79, 0x79, 0x79, 0x79, 0x79, 0x79, 0x79, 0x79, 0x79, 0x79, 0x79, 0x79, 0x79, 0x79, 0x79, 0x79, 0x79, 0x79, 0x79, 0x79, 0x79, 0x79, 0x79, 0x79, 0x79, 0x79, 0x79, 0x79, 0x79, 0x79, 0x79, 0x79, 
    116                  0x79, 0x79, 0x79, 0x79, 0x79, 0x79, 0x79, 0x79, 0x79, 0x79, 0x79, 0x03, 0x01, 0x01, 0x04, 0x00, 0x00, 0x00,
    117            0x00, 0x00, 0x07, 0x7B, 0x04, 0x71, 0x06, 0x06, 0x06, 0x06, 0x06, 0x06, 0x06, 0x06, 0x06, 0x06, 0x06, 0x06, 0x06, 0x06, 0x06, 0x06, 0x06, 0x06, 0x06, 0x06, 0x06, 0x06, 0x06, 0x06, 0x06, 0x06, 0x06, 0x06, 0x06, 0x06, 0x06, 0x06, 0x06, 0x06, 0x06, 0x06, 
    118                  0x06, 0x06, 0x06, 0x06, 0x06, 0x06, 0x06, 0x06, 0x06, 0x06, 0x06, 0x06, 0x71, 0x04, 0x7B, 0x02, 0x0B, 0x00,
    119            0x00, 0x04, 0x7B, 0x06, 0x06, 0x04, 0x79, 0x79, 0x03, 0x03, 0x03, 0x03, 0x03, 0x03, 0x03, 0x03, 0x03, 0x03, 0x03, 0x03, 0x03, 0x03, 0x03, 0x03, 0x03, 0x03, 0x03, 0x03, 0x03, 0x03, 0x03, 0x03, 0x03, 0x03, 0x03, 0x03, 0x03, 0x03, 0x03, 0x03, 0x03, 0x03, 
    120                  0x03, 0x03, 0x03, 0x03, 0x03, 0x03, 0x03, 0x03, 0x03, 0x03, 0x79, 0x79, 0x04, 0x06, 0x06, 0x01, 0x03, 0x00,
    121            0x0B, 0x01, 0x04, 0x06, 0x79, 0x03, 0x34, 0x07, 0x07, 0x02, 0x02, 0x02, 0x02, 0x02, 0x02, 0x02, 0x02, 0x02, 0x02, 0x02, 0x02, 0x02, 0x02, 0x02, 0x02, 0x02, 0x02, 0x02, 0x02, 0x02, 0x02, 0x02, 0x02, 0x02, 0x02, 0x02, 0x02, 0x02, 0x02, 0x02, 0x02, 0x02, 
    122                  0x02, 0x02, 0x02, 0x02, 0x02, 0x02, 0x02, 0x02, 0x02, 0x07, 0x07, 0x07, 0x03, 0x79, 0x06, 0x75, 0x7B, 0x05,
    123            0x75, 0x01, 0x06, 0x04, 0x03, 0x02, 0x02, 0x02, 0x02, 0x01, 0x01, 0x01, 0x01, 0x01, 0x01, 0x01, 0x01, 0x01, 0x01, 0x01, 0x01, 0x01, 0x01, 0x01, 0x01, 0x01, 0x01, 0x01, 0x01, 0x01, 0x01, 0x01, 0x01, 0x01, 0x01, 0x01, 0x01, 0x01, 0x01, 0x01, 0x01, 0x01, 
    124                  0x01, 0x01, 0x01, 0x01, 0x01, 0x01, 0x01, 0x01, 0x01, 0x02, 0x02, 0x02, 0x02, 0x03, 0x79, 0x06, 0x02, 0x04,
    125            0x79, 0x03, 0x75, 0x03, 0x02, 0x02, 0x01, 0x01, 0x01, 0x01, 0x01, 0x01, 0x01, 0x01, 0x01, 0x01, 0x01, 0x01, 0x01, 0x01, 0x01, 0x01, 0x01, 0x01, 0x01, 0x01, 0x01, 0x01, 0x01, 0x01, 0x01, 0x01, 0x01, 0x01, 0x01, 0x01, 0x01, 0x01, 0x01, 0x01, 0x01, 0x01, 
    126                  0x01, 0x01, 0x01, 0x01, 0x01, 0x01, 0x01, 0x01, 0x01, 0x01, 0x01, 0x01, 0x02, 0x02, 0x03, 0x75, 0x79, 0x34,
    127            0x04, 0x79, 0x04, 0x07, 0x02, 0x01, 0x01, 0x01, 0x01, 0x01, 0x01, 0x01, 0x01, 0x01, 0x01, 0x01, 0x01, 0x01, 0x01, 0x01, 0x01, 0x01, 0x01, 0x01, 0x01, 0x01, 0x01, 0x01, 0x01, 0x01, 0x01, 0x01, 0x01, 0x01, 0x01, 0x01, 0x01, 0x01, 0x01, 0x01, 0x01, 0x01, 
    128                  0x01, 0x01, 0x01, 0x01, 0x01, 0x01, 0x01, 0x01, 0x01, 0x01, 0x01, 0x01, 0x01, 0x02, 0x07, 0x04, 0x04, 0x07,
    129            0x04, 0x79, 0x04, 0x07, 0x02, 0x01, 0x01, 0x01, 0x01, 0x01, 0x01, 0x01, 0x01, 0x01, 0x01, 0x01, 0x01, 0x01, 0x01, 0x01, 0x01, 0x01, 0x01, 0x01, 0x01, 0x01, 0x01, 0x01, 0x01, 0x01, 0x01, 0x01, 0x01, 0x01, 0x01, 0x01, 0x01, 0x01, 0x01, 0x01, 0x01, 0x01, 
    130                  0x01, 0x01, 0x01, 0x01, 0x01, 0x01, 0x01, 0x01, 0x01, 0x01, 0x01, 0x01, 0x01, 0x02, 0x07, 0x79, 0x04, 0x07,
    131            0x04, 0x79, 0x79, 0x07, 0x02, 0x01, 0x01, 0x01, 0x01, 0x01, 0x01, 0x01, 0x01, 0x01, 0x01, 0x01, 0x01, 0x01, 0x01, 0x01, 0x01, 0x01, 0x01, 0x01, 0x01, 0x01, 0x01, 0x01, 0x01, 0x01, 0x01, 0x01, 0x01, 0x01, 0x01, 0x01, 0x01, 0x01, 0x01, 0x01, 0x01, 0x01, 
    132                  0x01, 0x01, 0x01, 0x01, 0x01, 0x01, 0x01, 0x01, 0x01, 0x01, 0x01, 0x01, 0x01, 0x01, 0x02, 0x03, 0x04, 0x07,
    133            0x04, 0x79, 0x79, 0x02, 0x02, 0x01, 0x01, 0x01, 0x01, 0x01, 0x01, 0x01, 0x01, 0x01, 0x01, 0x01, 0x01, 0x01, 0x01, 0x01, 0x01, 0x01, 0x01, 0x01, 0x01, 0x01, 0x01, 0x01, 0x01, 0x01, 0x01, 0x01, 0x01, 0x01, 0x01, 0x01, 0x01, 0x01, 0x01, 0x01, 0x01, 0x01, 
    134                  0x01, 0x01, 0x01, 0x01, 0x01, 0x01, 0x01, 0x01, 0x01, 0x01, 0x01, 0x01, 0x01, 0x01, 0x02, 0x03, 0x04, 0x07,
    135            0x04, 0x79, 0x79, 0x02, 0x01, 0x01, 0x01, 0x01, 0x01, 0x01, 0x01, 0x01, 0x01, 0x01, 0x01, 0x01, 0x01, 0x01, 0x01, 0x01, 0x01, 0x01, 0x01, 0x01, 0x01, 0x01, 0x01, 0x01, 0x01, 0x01, 0x01, 0x01, 0x01, 0x01, 0x01, 0x01, 0x01, 0x01, 0x01, 0x01, 0x01, 0x01, 
    136                  0x01, 0x01, 0x01, 0x01, 0x01, 0x01, 0x01, 0x01, 0x01, 0x01, 0x01, 0x01, 0x01, 0x01, 0x02, 0x03, 0x79, 0x07,
    137            0x04, 0x79, 0x79, 0x07, 0x02, 0x01, 0x01, 0x01, 0x01, 0x01, 0x01, 0x01, 0x01, 0x01, 0x01, 0x01, 0x01, 0x01, 0x01, 0x01, 0x01, 0x01, 0x01, 0x01, 0x01, 0x01, 0x01, 0x01, 0x01, 0x01, 0x01, 0x01, 0x01, 0x01, 0x01, 0x01, 0x01, 0x01, 0x01, 0x01, 0x01, 0x01, 
    138                  0x01, 0x01, 0x01, 0x01, 0x01, 0x01, 0x01, 0x01, 0x01, 0x01, 0x01, 0x01, 0x01, 0x07, 0x04, 0x06, 0x75, 0x07,
    139            0x04, 0x79, 0x79, 0x07, 0x02, 0x01, 0x01, 0x01, 0x01, 0x01, 0x01, 0x01, 0x01, 0x01, 0x01, 0x01, 0x01, 0x01, 0x01, 0x01, 0x01, 0x01, 0x01, 0x01, 0x01, 0x01, 0x01, 0x01, 0x01, 0x01, 0x01, 0x01, 0x01, 0x01, 0x01, 0x01, 0x01, 0x01, 0x01, 0x01, 0x01, 0x01, 
    140                  0x01, 0x01, 0x01, 0x01, 0x01, 0x01, 0x01, 0x01, 0x01, 0x01, 0x07, 0x06, 0x0B, 0x00, 0x00, 0x00, 0x05, 0x02,
    141            0x04, 0x79, 0x79, 0x07, 0x02, 0x01, 0x01, 0x01, 0x01, 0x01, 0x01, 0x01, 0x01, 0x01, 0x01, 0x01, 0x01, 0x01, 0x01, 0x01, 0x01, 0x01, 0x01, 0x01, 0x01, 0x01, 0x01, 0x01, 0x01, 0x01, 0x01, 0x01, 0x01, 0x01, 0x01, 0x01, 0x01, 0x01, 0x01, 0x01, 0x01, 0x01, 
    142                  0x01, 0x01, 0x01, 0x01, 0x01, 0x01, 0x01, 0x01, 0x03, 0x05, 0x00, 0x00, 0x00, 0x00, 0x00, 0x00, 0x71, 0x02,
    143            0x04, 0x79, 0x04, 0x07, 0x02, 0x01, 0x01, 0x01, 0x01, 0x01, 0x01, 0x01, 0x01, 0x01, 0x01, 0x01, 0x01, 0x01, 0x01, 0x01, 0x01, 0x01, 0x01, 0x01, 0x01, 0x01, 0x01, 0x01, 0x01, 0x01, 0x01, 0x01, 0x01, 0x01, 0x01, 0x01, 0x01, 0x01, 0x01, 0x01, 0x01, 0x01, 
    144                  0x01, 0x01, 0x01, 0x01, 0x01, 0x01, 0x02, 0x71, 0x00, 0x00, 0x00, 0x00, 0x00, 0x00, 0x00, 0x00, 0x71, 0x02,
    145            0x04, 0x79, 0x04, 0x07, 0x02, 0x01, 0x01, 0x01, 0x01, 0x01, 0x01, 0x01, 0x01, 0x01, 0x01, 0x01, 0x01, 0x01, 0x01, 0x01, 0x01, 0x01, 0x01, 0x01, 0x01, 0x01, 0x01, 0x01, 0x01, 0x01, 0x01, 0x01, 0x01, 0x01, 0x01, 0x01, 0x01, 0x01, 0x01, 0x01, 0x01, 0x01, 
    146                  0x01, 0x01, 0x01, 0x01, 0x01, 0x04, 0x00, 0x00, 0x00, 0x00, 0x00, 0x00, 0x00, 0x00, 0x00, 0x00, 0x71, 0x02,
    147            0x04, 0x79, 0x04, 0x07, 0x02, 0x02, 0x02, 0x02, 0x02, 0x02, 0x02, 0x02, 0x02, 0x02, 0x02, 0x02, 0x02, 0x02, 0x02, 0x02, 0x02, 0x02, 0x02, 0x02, 0x02, 0x02, 0x02, 0x02, 0x02, 0x02, 0x02, 0x02, 0x02, 0x02, 0x02, 0x02, 0x02, 0x02, 0x02, 0x02, 0x02, 0x02, 
    148                  0x02, 0x02, 0x01, 0x02, 0x71, 0x00, 0x00, 0x00, 0x00, 0x00, 0x00, 0x00, 0x00, 0x00, 0x00, 0x00, 0x71, 0x02,
    149            0x04, 0x79, 0x04, 0x07, 0x02, 0x02, 0x7A, 0x7A, 0x7A, 0x7A, 0x01, 0x02, 0x7A, 0x7A, 0x7A, 0x7A, 0x7A, 0x01, 0x7A, 0x7A, 0x01, 0x02, 0x02, 0x03, 0x03, 0x03, 0x03, 0x03, 0x03, 0x01, 0x07, 0x03, 0x02, 0x01, 0x02, 0x02, 0x07, 0x03, 0x03, 0x03, 0x03, 0x03, 
    150                  0x02, 0x03, 0x03, 0x0B, 0x00, 0x00, 0x00, 0x00, 0x00, 0x00, 0x00, 0x00, 0x00, 0x00, 0x00, 0x00, 0x71, 0x02,
    151            0x04, 0x79, 0x04, 0x07, 0x02, 0x7A, 0x59, 0x46, 0xAC, 0x36, 0x02, 0x02, 0x89, 0x46, 0x46, 0x36, 0x36, 0x08, 0x81, 0x7F, 0x7A, 0x02, 0x07, 0x27, 0x3B, 0x21, 0x21, 0x3B, 0x1C, 0x03, 0x42, 0x20, 0x35, 0x07, 0x02, 0x03, 0x35, 0x13, 0x21, 0x21, 0x20, 0x13, 
    152                  0x22, 0x20, 0x01, 0x00, 0x00, 0x02, 0x3A, 0x05, 0x00, 0x00, 0x00, 0x00, 0x00, 0x71, 0x79, 0x00, 0x05, 0x02,
    153            0x04, 0x79, 0x04, 0x34, 0x07, 0x88, 0x0F, 0x16, 0x2B, 0x5A, 0x56, 0xC2, 0x1E, 0x60, 0xC1, 0x2F, 0xC0, 0x3E, 0x36, 0x62, 0x34, 0x07, 0x01, 0xFB, 0xFB, 0xDF, 0x68, 0x14, 0x0A, 0x22, 0x13, 0x0A, 0x01, 0x34, 0x03, 0x8C, 0x14, 0x30, 0x21, 0x1B, 0x0A, 0x6A, 
    154                  0x24, 0x0A, 0x03, 0x00, 0x00, 0x13, 0xFB, 0x00, 0x00, 0x00, 0x00, 0x00, 0x00, 0x0B, 0x05, 0x00, 0x71, 0x02,
    155            0x04, 0x79, 0x04, 0x03, 0x02, 0x18, 0x5C, 0x06, 0x04, 0x53, 0x38, 0x2B, 0x77, 0x73, 0x97, 0x25, 0x54, 0x10, 0x62, 0x2F, 0x38, 0x56, 0x8B, 0x0A, 0x24, 0x00, 0x0B, 0x13, 0x0A, 0x42, 0x30, 0x30, 0x06, 0x07, 0x41, 0x0A, 0x1A, 0x05, 0x71, 0x41, 0x0A, 0x1C, 
    156                  0x13, 0x31, 0x00, 0x00, 0x00, 0x31, 0x13, 0x00, 0x00, 0x00, 0x00, 0x00, 0x00, 0x00, 0x00, 0x00, 0x71, 0x02,
    157            0x04, 0x79, 0x04, 0x09, 0x80, 0x2F, 0x83, 0x53, 0x7A, 0x59, 0x19, 0x54, 0x53, 0x8A, 0x0F, 0x7C, 0x87, 0x2F, 0x0F, 0x19, 0x2F, 0x91, 0xD9, 0x0A, 0x02, 0x24, 0x20, 0x0A, 0x6A, 0x01, 0x0A, 0x1A, 0x71, 0x03, 0x1A, 0xFB, 0x75, 0x03, 0x03, 0x27, 0x0A, 0x22, 
    158                  0x31, 0x14, 0x1B, 0x1B, 0x1B, 0x0A, 0x22, 0x75, 0x13, 0xDE, 0x13, 0x3A, 0x1C, 0x1A, 0x1A, 0x00, 0x05, 0x02,
    159            0x04, 0x79, 0x04, 0x09, 0x98, 0x26, 0x55, 0x07, 0x7A, 0x99, 0xC7, 0x75, 0x07, 0x9C, 0x7D, 0x04, 0x45, 0xAA, 0x0F, 0x2F, 0xA5, 0x76, 0x68, 0x31, 0x06, 0xDF, 0x31, 0x20, 0x75, 0x24, 0x0A, 0x22, 0x71, 0x75, 0x21, 0x30, 0x05, 0x34, 0x03, 0xDF, 0x14, 0x75, 
    160                  0x1A, 0x13, 0xDE, 0x20, 0x14, 0x14, 0x0B, 0x01, 0x23, 0x24, 0x3A, 0xDE, 0x13, 0x8D, 0x1B, 0x00, 0x05, 0x02,
    161            0x04, 0x79, 0x04, 0x09, 0x2C, 0x60, 0x06, 0x02, 0x07, 0x86, 0x2F, 0x9D, 0x88, 0x58, 0x84, 0x85, 0x72, 0xAB, 0x19, 0x82, 0x52, 0x7B, 0x0A, 0x13, 0x71, 0x07, 0x04, 0x06, 0x06, 0x21, 0x0A, 0x1A, 0x1C, 0x43, 0x1A, 0x0A, 0x3A, 0x42, 0x02, 0x14, 0x1B, 0x04, 
    162                  0x35, 0x22, 0x22, 0x24, 0x0A, 0x27, 0x00, 0x7B, 0x14, 0x41, 0x1C, 0x27, 0x21, 0x1C, 0xDE, 0x0B, 0x05, 0x02,
    163            0x04, 0x79, 0x04, 0x40, 0x18, 0x92, 0x73, 0x02, 0x02, 0x02, 0x45, 0x25, 0x25, 0x25, 0x0F, 0x94, 0x09, 0xAB, 0x55, 0x73, 0x03, 0x43, 0x23, 0x42, 0x75, 0x02, 0x02, 0x02, 0x03, 0x27, 0x6F, 0x14, 0x14, 0x13, 0x79, 0x68, 0x14, 0x1C, 0x07, 0x23, 0x43, 0x1A, 
    164                  0x14, 0x14, 0x14, 0x23, 0x27, 0x00, 0x00, 0x01, 0x28, 0xDF, 0x21, 0x13, 0x1C, 0x13, 0x28, 0x00, 0x05, 0x02,
    165            0x04, 0x79, 0x04, 0x34, 0x40, 0x04, 0x07, 0x02, 0x02, 0x02, 0x07, 0x34, 0x3F, 0x3F, 0x3F, 0x04, 0x34, 0x03, 0x09, 0x02, 0x02, 0x01, 0x02, 0x04, 0x02, 0x02, 0x02, 0x02, 0x02, 0x34, 0x02, 0x02, 0x02, 0x79, 0x79, 0x03, 0x01, 0x05, 0x00, 0x05, 0x00, 0x05, 
    166                  0x05, 0x05, 0x05, 0x0B, 0x00, 0x00, 0x00, 0x00, 0x71, 0x06, 0x06, 0x06, 0x75, 0x75, 0x0B, 0x00, 0x71, 0x02,
    167            0x04, 0x79, 0x75, 0x03, 0x07, 0x02, 0x02, 0x02, 0x02, 0x02, 0x02, 0x02, 0x07, 0x07, 0x07, 0x02, 0x02, 0x02, 0x02, 0x02, 0x02, 0x07, 0x07, 0x02, 0x02, 0x02, 0x02, 0x02, 0x02, 0x02, 0x07, 0x07, 0x07, 0x07, 0x02, 0x02, 0x75, 0x00, 0x00, 0x00, 0x00, 0x00, 
    168                  0x00, 0x00, 0x00, 0x00, 0x00, 0x00, 0x00, 0x00, 0x00, 0x00, 0x00, 0x00, 0x00, 0x00, 0x00, 0x00, 0x71, 0x02,
    169            0x04, 0x79, 0x75, 0x03, 0x07, 0x02, 0x02, 0x02, 0x02, 0x07, 0x07, 0x07, 0x07, 0x07, 0x07, 0x07, 0x07, 0x07, 0x07, 0x07, 0x07, 0x07, 0x07, 0x07, 0x07, 0x07, 0x07, 0x07, 0x07, 0x07, 0x07, 0x07, 0x07, 0x07, 0x02, 0x03, 0x00, 0x00, 0x00, 0x00, 0x00, 0x00, 
    170                  0x00, 0x00, 0x00, 0x00, 0x00, 0x00, 0x00, 0x00, 0x00, 0x00, 0x00, 0x00, 0x00, 0x00, 0x00, 0x00, 0x71, 0x02,
    171            0x04, 0x79, 0x75, 0x03, 0x07, 0x07, 0x07, 0x07, 0x07, 0x02, 0x57, 0x08, 0x08, 0x08, 0x08, 0x08, 0x08, 0x08, 0x08, 0x08, 0x08, 0x08, 0x08, 0x08, 0x08, 0x08, 0x08, 0x08, 0x08, 0x08, 0x08, 0x08, 0x08, 0x08, 0x57, 0x74, 0x12, 0x12, 0x12, 0x12, 0x12, 0x12, 
    172                  0x12, 0x12, 0x12, 0x12, 0x12, 0x12, 0x12, 0x12, 0x00, 0x00, 0x00, 0x00, 0x00, 0x00, 0x00, 0x00, 0x71, 0x02,
    173            0x04, 0x79, 0x75, 0x03, 0x07, 0x07, 0x07, 0x07, 0x07, 0x47, 0xC8, 0x18, 0x0E, 0x18, 0x18, 0x0E, 0x0E, 0x0E, 0x0E, 0x0E, 0x18, 0x0E, 0x0E, 0x0E, 0x0E, 0x0E, 0x18, 0x18, 0x0E, 0x0E, 0x0E, 0x0E, 0x0E, 0x18, 0x18, 0x16, 0x0E, 0x16, 0x0E, 0x0E, 0x0E, 0x16, 
    174                  0x16, 0x16, 0x16, 0x16, 0x16, 0x16, 0x0E, 0xC8, 0x37, 0x00, 0x00, 0x00, 0x00, 0x00, 0x00, 0x00, 0x71, 0x02,
    175            0x04, 0x79, 0x75, 0x03, 0x34, 0x07, 0x07, 0x07, 0x07, 0x61, 0x26, 0x0F, 0x1F, 0x0F, 0x15, 0x4A, 0x11, 0x11, 0x11, 0x49, 0x15, 0x0F, 0x11, 0x11, 0x11, 0x4A, 0x0F, 0x15, 0x1F, 0x11, 0x11, 0x11, 0x1F, 0x15, 0x0F, 0x0F, 0x1F, 0x11, 0x15, 0x15, 0x2E, 0x4A, 
    176                  0xCA, 0x49, 0x4A, 0x11, 0x11, 0x1F, 0x2D, 0x26, 0x2B, 0x00, 0x00, 0x00, 0x00, 0x00, 0x00, 0x00, 0x71, 0x02,
    177            0x04, 0x79, 0x75, 0x03, 0x34, 0x07, 0x07, 0x07, 0x07, 0x2B, 0xD5, 0xF7, 0xF2, 0xBF, 0xE8, 0x32, 0x4E, 0x4E, 0x4F, 0xF8, 0xC3, 0xEF, 0xF6, 0x4D, 0x4D, 0x29, 0xD2, 0xD3, 0xFA, 0xF3, 0x4E, 0x4E, 0x29, 0xD0, 0x1D, 0x1E, 0x48, 0x33, 0xED, 0x63, 0x4B, 0x70, 
    178                  0xB7, 0xE5, 0xFE, 0x4F, 0x4F, 0x32, 0xEC, 0x49, 0xA9, 0x00, 0x00, 0x00, 0x00, 0x00, 0x00, 0x00, 0x71, 0x02,
    179            0x04, 0x79, 0x75, 0x03, 0x34, 0x07, 0x07, 0x07, 0x07, 0x2C, 0x0F, 0xD1, 0x3C, 0x44, 0xF9, 0xDA, 0xA7, 0x38, 0x5D, 0x23, 0xB2, 0x70, 0xB4, 0x39, 0x39, 0xEB, 0x65, 0xD8, 0x69, 0x95, 0x39, 0x38, 0x32, 0x5F, 0x2A, 0x0F, 0x1D, 0xD4, 0xFE, 0xEA, 0x32, 0xB3, 
    180                  0xA0, 0x4C, 0xF0, 0x9B, 0x39, 0xCC, 0xFF, 0xE1, 0xA1, 0x00, 0x00, 0x00, 0x00, 0x00, 0x00, 0x00, 0x71, 0x02,
    181            0x04, 0x79, 0x75, 0x79, 0x03, 0x07, 0x07, 0x07, 0x07, 0x2C, 0x2D, 0xD6, 0x3C, 0x37, 0x6D, 0xB6, 0xBE, 0x2E, 0x4A, 0xFD, 0x9F, 0x67, 0xF4, 0x6B, 0x6B, 0x29, 0x5E, 0xE4, 0x66, 0xA3, 0x26, 0x2D, 0x33, 0xB5, 0x2A, 0x0F, 0x19, 0xC4, 0xD7, 0x0A, 0x30, 0x93, 
    182                  0xC6, 0x4C, 0x28, 0xA2, 0x26, 0xC5, 0x67, 0x69, 0x90, 0x00, 0x00, 0x00, 0x00, 0x00, 0x00, 0x00, 0x71, 0x02,
    183            0x04, 0x79, 0x75, 0x79, 0x03, 0x07, 0x07, 0x07, 0x07, 0x2C, 0x2D, 0x4B, 0x3C, 0x37, 0xF9, 0xBC, 0x2A, 0x15, 0x11, 0xFD, 0x5E, 0xFD, 0xB0, 0xAE, 0x47, 0xE6, 0xE3, 0xE0, 0x66, 0xA4, 0x0F, 0x1E, 0x6E, 0x5F, 0x2A, 0x0F, 0x0D, 0x11, 0x6E, 0x65, 0x50, 0xEE, 
    184                  0x63, 0xE9, 0x68, 0x5B, 0x0F, 0x64, 0x3D, 0xDC, 0x8F, 0x00, 0x00, 0x00, 0x00, 0x00, 0x00, 0x00, 0x71, 0x02,
    185            0x04, 0x79, 0x75, 0x79, 0x03, 0x34, 0x34, 0x03, 0x03, 0x2C, 0x2D, 0x4B, 0xF1, 0x44, 0x4C, 0x6F, 0x6C, 0x51, 0x32, 0x3C, 0x9A, 0xFA, 0xF5, 0x33, 0x33, 0xFD, 0xDB, 0xBB, 0xFB, 0x6C, 0x51, 0x51, 0xFB, 0xB1, 0x2A, 0x15, 0xC9, 0x33, 0xDD, 0x8E, 0x64, 0xFF, 
    186                  0xE2, 0xE7, 0xFC, 0xF6, 0x32, 0x23, 0xDF, 0x96, 0x5B, 0x00, 0x00, 0x00, 0x00, 0x00, 0x00, 0x00, 0x71, 0x02,
    187            0x04, 0x79, 0x75, 0x79, 0x03, 0x34, 0x34, 0x03, 0x03, 0x61, 0x26, 0x1F, 0xCB, 0x5C, 0x1F, 0xCD, 0x17, 0x17, 0x17, 0x9E, 0xBD, 0x48, 0xBA, 0x17, 0x17, 0xB8, 0x5A, 0x25, 0xCF, 0x17, 0x17, 0x17, 0xAF, 0xA8, 0x0F, 0x15, 0x11, 0xCE, 0x44, 0x1E, 0x2E, 0x48, 
    188                  0x17, 0x5D, 0xB9, 0x17, 0x17, 0xAD, 0x37, 0x0D, 0x2B, 0x00, 0x00, 0x00, 0x00, 0x00, 0x00, 0x00, 0x71, 0x02,
    189            0x04, 0x79, 0x06, 0x79, 0x03, 0x03, 0x03, 0x03, 0x03, 0x38, 0x0F, 0x1E, 0x0D, 0x19, 0x1E, 0x0D, 0x0D, 0x0D, 0x0D, 0x15, 0x0F, 0x1E, 0x0D, 0x0D, 0x0D, 0x0D, 0x0F, 0x19, 0x0D, 0x1D, 0x1D, 0x1D, 0x0D, 0x0F, 0x19, 0x19, 0x1E, 0x1D, 0x15, 0x19, 0x19, 0x1E, 
    190                  0x0D, 0x0D, 0x1D, 0x1D, 0x0D, 0x0D, 0x0F, 0x0F, 0xA6, 0x00, 0x00, 0x00, 0x00, 0x00, 0x00, 0x00, 0x71, 0x02,
    191            0x04, 0x79, 0x06, 0x79, 0x03, 0x03, 0x03, 0x03, 0x03, 0x40, 0x10, 0x10, 0x10, 0x10, 0x10, 0x10, 0x10, 0x10, 0x10, 0x10, 0x10, 0x10, 0x10, 0x10, 0x10, 0x10, 0x10, 0x7E, 0x78, 0x0C, 0x0C, 0x0C, 0x0C, 0x0C, 0x0C, 0x0C, 0x0C, 0x0C, 0x0C, 0x0C, 0x0C, 0x0C, 
    192                  0x0C, 0x0C, 0x0C, 0x0C, 0x0C, 0x0C, 0x0C, 0x0C, 0x12, 0x00, 0x00, 0x00, 0x00, 0x00, 0x00, 0x00, 0x71, 0x02,
    193            0x04, 0x79, 0x06, 0x79, 0x03, 0x03, 0x03, 0x03, 0x03, 0x03, 0x09, 0x09, 0x09, 0x09, 0x09, 0x09, 0x09, 0x09, 0x09, 0x09, 0x09, 0x09, 0x09, 0x09, 0x09, 0x09, 0x07, 0x52, 0x00, 0x00, 0x00, 0x00, 0x00, 0x00, 0x00, 0x00, 0x00, 0x00, 0x00, 0x00, 0x00, 0x00, 
    194                  0x00, 0x00, 0x00, 0x00, 0x00, 0x00, 0x00, 0x00, 0x00, 0x00, 0x00, 0x00, 0x00, 0x00, 0x00, 0x00, 0x71, 0x02,
    195            0x04, 0x79, 0x06, 0x04, 0x03, 0x03, 0x03, 0x03, 0x03, 0x03, 0x03, 0x03, 0x03, 0x03, 0x03, 0x03, 0x03, 0x03, 0x03, 0x03, 0x03, 0x03, 0x03, 0x03, 0x03, 0x34, 0x05, 0x00, 0x00, 0x00, 0x00, 0x00, 0x00, 0x00, 0x00, 0x00, 0x00, 0x00, 0x00, 0x00, 0x00, 0x00, 
    196                  0x00, 0x00, 0x00, 0x00, 0x00, 0x00, 0x00, 0x00, 0x00, 0x00, 0x00, 0x00, 0x00, 0x00, 0x00, 0x00, 0x71, 0x02,
    197            0x04, 0x79, 0x06, 0x04, 0x03, 0x03, 0x03, 0x03, 0x03, 0x03, 0x03, 0x03, 0x03, 0x03, 0x03, 0x03, 0x03, 0x03, 0x03, 0x03, 0x03, 0x03, 0x03, 0x07, 0x03, 0x0B, 0x00, 0x00, 0x00, 0x00, 0x00, 0x00, 0x00, 0x00, 0x00, 0x00, 0x00, 0x00, 0x00, 0x00, 0x00, 0x00, 
    198                  0x00, 0x00, 0x00, 0x00, 0x00, 0x00, 0x00, 0x00, 0x00, 0x00, 0x00, 0x00, 0x00, 0x00, 0x00, 0x00, 0x71, 0x02,
    199            0x04, 0x79, 0x06, 0x04, 0x79, 0x03, 0x03, 0x03, 0x03, 0x03, 0x03, 0x03, 0x03, 0x03, 0x03, 0x03, 0x03, 0x03, 0x03, 0x03, 0x03, 0x03, 0x34, 0x75, 0x00, 0x00, 0x00, 0x00, 0x00, 0x00, 0x00, 0x00, 0x00, 0x00, 0x00, 0x00, 0x00, 0x00, 0x00, 0x00, 0x00, 0x00, 
    200                  0x00, 0x00, 0x00, 0x00, 0x00, 0x00, 0x00, 0x00, 0x00, 0x00, 0x00, 0x00, 0x00, 0x00, 0x00, 0x00, 0x71, 0x02,
    201            0x04, 0x79, 0x06, 0x04, 0x79, 0x03, 0x03, 0x03, 0x03, 0x03, 0x03, 0x03, 0x03, 0x03, 0x03, 0x03, 0x03, 0x03, 0x03, 0x03, 0x34, 0x04, 0x05, 0x00, 0x00, 0x00, 0x00, 0x00, 0x00, 0x00, 0x00, 0x00, 0x00, 0x00, 0x00, 0x00, 0x00, 0x00, 0x00, 0x00, 0x00, 0x00, 
    202                  0x00, 0x00, 0x00, 0x00, 0x00, 0x00, 0x00, 0x00, 0x00, 0x00, 0x00, 0x00, 0x00, 0x00, 0x00, 0x00, 0x71, 0x02,
    203            0x04, 0x79, 0x06, 0x04, 0x79, 0x03, 0x03, 0x03, 0x03, 0x03, 0x03, 0x03, 0x03, 0x03, 0x03, 0x03, 0x03, 0x03, 0x03, 0x04, 0x05, 0x00, 0x00, 0x00, 0x00, 0x00, 0x00, 0x00, 0x00, 0x00, 0x00, 0x00, 0x00, 0x00, 0x00, 0x00, 0x00, 0x00, 0x00, 0x00, 0x00, 0x00, 
    204                  0x00, 0x00, 0x00, 0x00, 0x00, 0x00, 0x00, 0x00, 0x00, 0x00, 0x00, 0x00, 0x00, 0x00, 0x00, 0x00, 0x71, 0x02,
    205            0x04, 0x79, 0x06, 0x04, 0x79, 0x03, 0x03, 0x03, 0x03, 0x03, 0x03, 0x03, 0x03, 0x03, 0x03, 0x03, 0x79, 0x06, 0x0B, 0x00, 0x00, 0x00, 0x00, 0x00, 0x00, 0x00, 0x00, 0x00, 0x00, 0x00, 0x00, 0x00, 0x00, 0x00, 0x00, 0x00, 0x00, 0x00, 0x00, 0x00, 0x00, 0x00, 
    206                  0x00, 0x00, 0x00, 0x00, 0x00, 0x00, 0x00, 0x00, 0x00, 0x00, 0x00, 0x00, 0x00, 0x00, 0x00, 0x00, 0x71, 0x02,
    207            0x04, 0x79, 0x06, 0x04, 0x79, 0x03, 0x03, 0x03, 0x03, 0x03, 0x03, 0x03, 0x03, 0x04, 0x06, 0x0B, 0x00, 0x00, 0x00, 0x00, 0x00, 0x00, 0x00, 0x00, 0x00, 0x00, 0x00, 0x00, 0x00, 0x00, 0x00, 0x00, 0x00, 0x00, 0x00, 0x00, 0x00, 0x00, 0x00, 0x00, 0x00, 0x00, 
    208                  0x00, 0x00, 0x00, 0x00, 0x00, 0x00, 0x00, 0x00, 0x00, 0x00, 0x00, 0x00, 0x00, 0x00, 0x00, 0x00, 0x71, 0x02,
    209            0x04, 0x79, 0x06, 0x04, 0x79, 0x79, 0x79, 0x04, 0x75, 0x06, 0x71, 0x0B, 0x0B, 0x00, 0x00, 0x00, 0x00, 0x00, 0x00, 0x00, 0x00, 0x00, 0x00, 0x00, 0x00, 0x00, 0x00, 0x00, 0x00, 0x00, 0x00, 0x00, 0x00, 0x00, 0x00, 0x00, 0x00, 0x00, 0x00, 0x00, 0x00, 0x00, 
    210                  0x00, 0x00, 0x00, 0x00, 0x00, 0x00, 0x00, 0x00, 0x00, 0x00, 0x00, 0x00, 0x00, 0x00, 0x00, 0x00, 0x71, 0x02,
    211            0x79, 0x75, 0x00, 0x00, 0x00, 0x00, 0x00, 0x00, 0x00, 0x00, 0x00, 0x00, 0x00, 0x00, 0x00, 0x00, 0x00, 0x00, 0x00, 0x00, 0x00, 0x00, 0x00, 0x00, 0x00, 0x00, 0x00, 0x00, 0x00, 0x00, 0x00, 0x00, 0x00, 0x00, 0x00, 0x00, 0x00, 0x00, 0x00, 0x00, 0x00, 0x00, 
    212                  0x00, 0x00, 0x00, 0x00, 0x00, 0x00, 0x00, 0x00, 0x00, 0x00, 0x00, 0x00, 0x00, 0x00, 0x00, 0x00, 0x71, 0x02,
    213            0x79, 0x75, 0x00, 0x00, 0x00, 0x00, 0x00, 0x00, 0x00, 0x00, 0x00, 0x00, 0x00, 0x00, 0x00, 0x00, 0x00, 0x00, 0x00, 0x00, 0x00, 0x00, 0x00, 0x00, 0x00, 0x00, 0x00, 0x00, 0x00, 0x00, 0x00, 0x00, 0x00, 0x00, 0x00, 0x00, 0x00, 0x00, 0x00, 0x00, 0x00, 0x00, 
    214                  0x00, 0x00, 0x00, 0x00, 0x00, 0x00, 0x00, 0x00, 0x00, 0x00, 0x00, 0x00, 0x00, 0x00, 0x00, 0x00, 0x71, 0x02,
    215            0x79, 0x75, 0x00, 0x00, 0x00, 0x00, 0x00, 0x00, 0x00, 0x00, 0x00, 0x00, 0x00, 0x00, 0x00, 0x00, 0x00, 0x00, 0x00, 0x00, 0x00, 0x00, 0x00, 0x00, 0x00, 0x00, 0x00, 0x00, 0x00, 0x00, 0x00, 0x00, 0x00, 0x00, 0x00, 0x00, 0x00, 0x00, 0x00, 0x00, 0x00, 0x00, 
    216                  0x00, 0x00, 0x00, 0x00, 0x00, 0x00, 0x00, 0x00, 0x00, 0x00, 0x00, 0x00, 0x00, 0x00, 0x00, 0x00, 0x71, 0x02,
    217            0x79, 0x75, 0x00, 0x00, 0x00, 0x00, 0x00, 0x00, 0x00, 0x00, 0x00, 0x00, 0x00, 0x00, 0x00, 0x00, 0x00, 0x00, 0x00, 0x00, 0x00, 0x00, 0x00, 0x00, 0x00, 0x00, 0x00, 0x00, 0x00, 0x00, 0x00, 0x00, 0x00, 0x00, 0x00, 0x00, 0x00, 0x00, 0x00, 0x00, 0x00, 0x00, 
    218                  0x00, 0x00, 0x00, 0x00, 0x00, 0x00, 0x00, 0x00, 0x00, 0x00, 0x00, 0x00, 0x00, 0x00, 0x00, 0x00, 0x71, 0x02,
    219            0x79, 0x04, 0x00, 0x00, 0x00, 0x00, 0x00, 0x00, 0x00, 0x00, 0x00, 0x00, 0x00, 0x00, 0x00, 0x00, 0x00, 0x00, 0x00, 0x00, 0x00, 0x00, 0x00, 0x00, 0x00, 0x00, 0x00, 0x00, 0x00, 0x00, 0x00, 0x00, 0x00, 0x00, 0x00, 0x00, 0x00, 0x00, 0x00, 0x00, 0x00, 0x00, 
    220                  0x00, 0x00, 0x00, 0x00, 0x00, 0x00, 0x00, 0x00, 0x00, 0x00, 0x00, 0x00, 0x00, 0x00, 0x00, 0x00, 0x06, 0x07,
    221            0x75, 0x02, 0x00, 0x00, 0x00, 0x00, 0x00, 0x00, 0x00, 0x00, 0x00, 0x00, 0x00, 0x00, 0x00, 0x00, 0x00, 0x00, 0x00, 0x00, 0x00, 0x00, 0x00, 0x00, 0x00, 0x00, 0x00, 0x00, 0x00, 0x00, 0x00, 0x00, 0x00, 0x00, 0x00, 0x00, 0x00, 0x00, 0x00, 0x00, 0x00, 0x00, 
    222                  0x00, 0x00, 0x00, 0x00, 0x00, 0x00, 0x00, 0x00, 0x00, 0x00, 0x00, 0x00, 0x00, 0x00, 0x00, 0x00, 0x03, 0x03,
    223            0x0B, 0x7B, 0x05, 0x00, 0x00, 0x00, 0x00, 0x00, 0x00, 0x00, 0x00, 0x00, 0x00, 0x00, 0x00, 0x00, 0x00, 0x00, 0x00, 0x00, 0x00, 0x00, 0x00, 0x00, 0x00, 0x00, 0x00, 0x00, 0x00, 0x00, 0x00, 0x00, 0x00, 0x00, 0x00, 0x00, 0x00, 0x00, 0x00, 0x00, 0x00, 0x00, 
    224                  0x00, 0x00, 0x00, 0x00, 0x00, 0x00, 0x00, 0x00, 0x00, 0x00, 0x00, 0x00, 0x00, 0x00, 0x00, 0x0B, 0x7B, 0x71,
    225            0x00, 0x03, 0x01, 0x0B, 0x00, 0x00, 0x00, 0x00, 0x00, 0x00, 0x00, 0x00, 0x00, 0x00, 0x00, 0x00, 0x00, 0x00, 0x00, 0x00, 0x00, 0x00, 0x00, 0x00, 0x00, 0x00, 0x00, 0x00, 0x00, 0x00, 0x00, 0x00, 0x00, 0x00, 0x00, 0x00, 0x00, 0x00, 0x00, 0x00, 0x00, 0x00, 
    226                  0x00, 0x00, 0x00, 0x00, 0x00, 0x00, 0x00, 0x00, 0x00, 0x00, 0x00, 0x00, 0x00, 0x00, 0x00, 0x02, 0x02, 0x00,
    227            0x00, 0x0B, 0x01, 0x01, 0x05, 0x00, 0x00, 0x00, 0x00, 0x00, 0x00, 0x00, 0x00, 0x00, 0x00, 0x00, 0x00, 0x00, 0x00, 0x00, 0x00, 0x00, 0x00, 0x00, 0x00, 0x00, 0x00, 0x00, 0x00, 0x00, 0x00, 0x00, 0x00, 0x00, 0x00, 0x00, 0x00, 0x00, 0x00, 0x00, 0x00, 0x00, 
    228                  0x00, 0x00, 0x00, 0x00, 0x00, 0x00, 0x00, 0x00, 0x00, 0x00, 0x00, 0x00, 0x00, 0x0B, 0x07, 0x7B, 0x0B, 0x00,
    229            0x00, 0x00, 0x0B, 0x07, 0x7B, 0x07, 0x06, 0x05, 0x05, 0x05, 0x05, 0x05, 0x05, 0x05, 0x05, 0x05, 0x05, 0x05, 0x05, 0x05, 0x05, 0x05, 0x05, 0x05, 0x05, 0x05, 0x05, 0x05, 0x05, 0x05, 0x05, 0x05, 0x05, 0x05, 0x05, 0x05, 0x05, 0x05, 0x05, 0x05, 0x05, 0x05, 
    230                  0x05, 0x05, 0x05, 0x05, 0x05, 0x05, 0x05, 0x05, 0x05, 0x05, 0x05, 0x06, 0x03, 0x7B, 0x02, 0x0B, 0x00, 0x00,
    231            0x00, 0x00, 0x00, 0x00, 0x05, 0x79, 0x02, 0x02, 0x07, 0x07, 0x07, 0x07, 0x07, 0x07, 0x07, 0x07, 0x07, 0x07, 0x07, 0x07, 0x07, 0x07, 0x07, 0x07, 0x07, 0x07, 0x07, 0x07, 0x07, 0x07, 0x07, 0x07, 0x07, 0x07, 0x07, 0x07, 0x07, 0x07, 0x07, 0x07, 0x07, 0x07, 
    232                  0x07, 0x07, 0x07, 0x07, 0x07, 0x07, 0x07, 0x07, 0x07, 0x07, 0x02, 0x02, 0x03, 0x71, 0x00, 0x00, 0x00, 0x00
    233          };
    234          

   \                                 In section .rodata, align 4, keep-with-next
    235          GUI_CONST_STORAGE GUI_BITMAP bmReplay1080Icon = {
   \                     bmReplay1080Icon:
   \   00000000                      ; Initializer data, 20 bytes
   \   00000000   3C003C003C00       DC16 60, 60, 60, 8
   \              0800        
   \   00000008   ............       DC32 acReplay1080Icon, PalReplay1080Icon
   \              ....        
   \   00000010   00000000           DC8 0, 0, 0, 0
    236            60, /* XSize */
    237            60, /* YSize */
    238            60, /* BytesPerLine */
    239            8, /* BitsPerPixel */
    240            acReplay1080Icon,  /* Pointer to picture data (indices) */
    241            &PalReplay1080Icon  /* Pointer to palette */
    242          };
    243          
    244          /* *** End of file *** */


   Section sizes:

     Function/Label       Bytes
     --------------       -----
     ColorsReplay1080Icon 1024
     PalReplay1080Icon      12
     acReplay1080Icon     3600
     bmReplay1080Icon       20

 
 4 656 bytes in section .rodata
 
 4 656 bytes of CONST memory

Errors: none
Warnings: none
