###############################################################################
#                                                                             #
# IAR ANSI C/C++ Compiler V6.10.2.52244/W32 for ARM     19/Nov/2015  13:11:58 #
# Copyright 1999-2010 IAR Systems AB.                                         #
#                                                                             #
#    Cpu mode     =  arm                                                      #
#    Endian       =  little                                                   #
#    Source file  =  C:\DUII\DUII\Graphics\Signal3.c                          #
#    Command line =  C:\DUII\DUII\Graphics\Signal3.c -D DEBUG=1 -D            #
#                    SDRAM_TARGET=1 -D USB_IS_HIGH_SPEED -D NOPROFILER -D     #
#                    OS_TRACE=0 -D OS_VIEW_ENABLE=0 -lCN                      #
#                    C:\DUII\TargetHW\Release\List\ -o                        #
#                    C:\DUII\TargetHW\Release\Obj\ --endian=little            #
#                    --cpu=ARM926EJ-S -e --fpu=None --dlib_config             #
#                    "C:\Program Files (x86)\IAR Systems\Embedded Workbench   #
#                    6.0\arm\INC\c\DLib_Config_Normal.h" -I                   #
#                    C:\DUII\TargetHW\Application\SEGGERDEMO\ -I              #
#                    C:\DUII\TargetHW\Application\SEGGERDEMO\Src\ -I          #
#                    C:\DUII\TargetHW\Config\ -I C:\DUII\TargetHW\FS\ -I      #
#                    C:\DUII\TargetHW\GUI\ -I C:\DUII\TargetHW\Inc\ -I        #
#                    C:\DUII\TargetHW\OS\ -I C:\DUII\TargetHW\Setup\ -I       #
#                    \DUII\DUII\ -I \DUII\DUII\Graphics\ --cpu_mode arm -Ohs  #
#                    --use_c++_inline --require_prototypes                    #
#    List file    =  C:\DUII\TargetHW\Release\List\Signal3.lst                #
#    Object file  =  C:\DUII\TargetHW\Release\Obj\Signal3.o                   #
#                                                                             #
#                                                                             #
###############################################################################

C:\DUII\DUII\Graphics\Signal3.c
      1          /*********************************************************************
      2          *                SEGGER MICROCONTROLLER SYSTEME GmbH                 *
      3          *        Solutions for real time microcontroller applications        *
      4          *                           www.segger.com                           *
      5          **********************************************************************
      6          *
      7          * C-file generated by
      8          *
      9          *        Bitmap converter for emWin V5.04.
     10          *        Compiled Jan  8 2010, 16:37:17
     11          *        (C) 1998 - 2005 Segger Microcontroller Systeme GmbH
     12          *
     13          **********************************************************************
     14          *
     15          * Source file: Signal3
     16          * Dimensions:  38 * 35
     17          * NumColors:   256
     18          *
     19          **********************************************************************
     20          */
     21          
     22          #include <stdlib.h>
     23          
     24          #include "GUI.h"
     25          
     26          #ifndef GUI_CONST_STORAGE
     27            #define GUI_CONST_STORAGE const
     28          #endif
     29          
     30          /*   Palette
     31          The following are the entries of the palette table.
     32          Every entry is a 32-bit value (of which 24 bits are actually used)
     33          the lower   8 bits represent the Red component,
     34          the middle  8 bits represent the Green component,
     35          the highest 8 bits (of the 24 bits used) represent the Blue component
     36          as follows:   0xBBGGRR
     37          */
     38          

   \                                 In section .rodata, align 4, keep-with-next
     39          static GUI_CONST_STORAGE GUI_COLOR ColorsSignal3[] = {
   \                     ColorsSignal3:
   \   00000000                      ; Initializer data, 1024 bytes
   \   00000000   FFFFFF000000       DC32 16777215, 0, 2236962, 3750201, 4079166, 4276545, 2894892, 3289650, 3487029, 3881787
   \              000022222200
   \              393939003E3E
   \              3E0041414100
   \              2C2C2C003232
   \              320035353500
   \              3B3B3B00    
   \   00000028   42424200F2F2       DC32 4342338, 15921906, 3026478, 2763307, 2565671, 2039327, 1776411, 1250067, 1513239, 986639
   \              F2002E2E2E00
   \              2B2A2A002726
   \              27001F1E1F00
   \              1B1B1B001313
   \              130017171700
   \              0F0E0F00    
   \   00000050   0B0A0B000808       DC32 723467, 526344, 131586, 328965, 1841693, 1911065, 527879, 920847, 131330, 133122
   \              080002020200
   \              050505001D1A
   \              1C0019291D00
   \              070E08000F0D
   \              0E0002010200
   \              02080200    
   \   00000078   040805000612       DC32 329732, 528902, 922636, 1121294, 1446934, 1448468, 2697258, 2763051, 5663565, 5662798
   \              08000C140E00
   \              0E1C11001614
   \              1600141A1600
   \              2A2829002B29
   \              2A004D6B5600
   \              4E685600    
   \   000000A0   34844A004090       DC32 4883508, 5935168, 7645020, 10341000, 11192475, 66817, 1792, 132099, 327943, 394502
   \              5A005CA77400
   \              88CA9D009BC8
   \              AA0001050100
   \              000700000304
   \              020007010500
   \              06050600    
   \   000000C8   060605000706       DC32 329222, 460295, 2048, 133120, 264451, 330499, 461575, 462086, 460552, 525577
   \              070000080000
   \              000802000309
   \              0400030B0500
   \              070B0700060D
   \              070008070700
   \              09050800    
   \   000000F0   080C0700080A       DC32 461832, 526856, 723212, 855054, 462853, 659719, 659464, 660232, 856843, 791819
   \              08000C090B00
   \              0E0C0D000510
   \              070007110A00
   \              08100A000813
   \              0A000B130D00
   \              0B150C00    
   \   00000118   0D180F00120F       DC32 989197, 1183506, 1118226, 1120272, 1186576, 1383954, 1383188, 1580311, 1646359, 1645337
   \              120012101100
   \              10181100101B
   \              1200121E1500
   \              141B1500171D
   \              1800171F1900
   \              191B1900    
   \   00000140   1A181A00181F       DC32 1710106, 1711896, 1973535, 1450770, 1779479, 1779734, 1845527, 1843739, 1778968, 2106911
   \              1A001F1D1E00
   \              122316001727
   \              1B0016281B00
   \              17291C001B22
   \              1C0018251B00
   \              1F262000    
   \   00000168   1E2920001F2A       DC32 2107678, 2239007, 2571551, 2105121, 2236707, 2172192, 2368293, 2371105, 2371106, 2631464
   \              22001F3D2700
   \              211F20002321
   \              220020252100
   \              25232400212E
   \              2400222E2400
   \              28272800    
   \   00000190   2B2F2C002C2A       DC32 2895659, 2828844, 2634532, 3160622, 3226671, 3358001, 2705182, 2836512, 2837024, 3033891
   \              2B0024332800
   \              2E3A30002F3C
   \              3100313D3300
   \              1E4729002048
   \              2B00204A2B00
   \              234B2E00    
   \   000001B8   2B4031002B53       DC32 3227691, 3560235, 3625772, 3885620, 4016952, 3502634, 4157998, 3962161, 4159792, 4544318
   \              36002C533700
   \              344A3B00384B
   \              3D002A723500
   \              2E723F003175
   \              3C0030793F00
   \              3E574500    
   \   000001E0   3C5A4300346A       DC32 4414012, 4418100, 4356400, 4422961, 4553271, 4751156, 4881973, 4939076, 4809537, 5203783
   \              430030794200
   \              317D4300377A
   \              4500347F4800
   \              357E4A00445D
   \              4B0041634900
   \              47674F00    
   \   00000208   4B6353004966       DC32 5464907, 5400137, 5530956, 5662285, 5531723, 5401673, 5597517, 5864526, 5995855, 6388825
   \              52004C655400
   \              4D6656004B68
   \              5400496C5200
   \              4D6955004E7C
   \              59004F7D5B00
   \              597C6100    
   \   00000230   328246003782       DC32 4620850, 4948535, 5146167, 5211448, 5211961, 5409848, 5803071, 5671233, 6131526, 6264390
   \              4B0037864E00
   \              38854F003987
   \              4F00388C5200
   \              3F8C58004189
   \              5600468F5D00
   \              46965F00    
   \   00000258   459760004A93       DC32 6330181, 6394698, 6395721, 6855757, 6855758, 6722130, 7052372, 6852696, 6984537, 6854489
   \              610049976100
   \              4D9C68004E9C
   \              680052926600
   \              549C6B005890
   \              680059936A00
   \              59976800    
   \   00000280   589A6E005A9E       DC32 7248472, 7380570, 7118932, 7316310, 7316566, 7382361, 7710047, 7443302, 7707749, 7708516
   \              700054A06C00
   \              56A36F0056A4
   \              6F0059A57000
   \              5FA575006693
   \              7100659C7500
   \              649F7500    
   \   000002A8   6E937900699D       DC32 7967598, 7904617, 7840097, 8038500, 8039012, 8170852, 8167532, 8299629, 8368742, 8368488
   \              780061A17700
   \              64A87A0064AA
   \              7A0064AD7C00
   \              6CA07C006DA4
   \              7E0066B27F00
   \              68B17F00    
   \   000002D0   70A77F006BAF       DC32 8365936, 8499051, 8434024, 8499818, 8565611, 8565867, 8632171, 8827247, 8430450, 8562801
   \              810068B18000
   \              6AB281006BB3
   \              82006BB48200
   \              6BB783006FB1
   \              860072A38000
   \              71A88200    
   \   000002F8   70AC850074A8       DC32 8760432, 8759412, 8957812, 9023097, 9088634, 9090678, 9025652, 9289334, 9486201, 9486202
   \              850074AF8800
   \              79AE89007AAE
   \              8A0076B68A00
   \              74B8890076BE
   \              8D0079BF9000
   \              7ABF9000    
   \   00000320   7AC091007CC2       DC32 9551994, 9618044, 9683070, 9815423, 9549186, 9615746, 9943945, 10731156, 10275718, 10338447
   \              92007EC09300
   \              7FC5950082B5
   \              910082B99200
   \              89BB970094BE
   \              A30086CB9C00
   \              8FC09D00    
   \   00000348   8CCEA0008ECD       DC32 10538636, 10669454, 10732948, 10995609, 11061146, 10933136, 11130261, 11130516, 11327383, 11525019
   \              A20094C5A300
   \              99C7A7009AC7
   \              A80090D3A600
   \              95D5A90094D6
   \              A90097D7AC00
   \              9BDBAF00    
   \   00000370   9CD8AF009CDB       DC32 11524252, 11525020, 11590556, 11721631, 11722141, 11586466, 11919265, 11853219, 11985313, 12445354
   \              AF009CDBB000
   \              9FDBB2009DDD
   \              B200A2CBB000
   \              A1DFB500A3DD
   \              B400A1E1B600
   \              AAE6BD00    
   \   00000398   ABE8BE00ADEB       DC32 12511403, 12708781, 12708782, 12774575, 13167287, 13362874, 13298617, 13299641, 13430459, 13692863
   \              C100AEEBC100
   \              AFECC200B7EA
   \              C800BAE6CB00
   \              B9EBCA00B9EF
   \              CA00BBEECC00
   \              BFEFD000    
   \   000003C0   BBF0CC00BAF5       DC32 13430971, 13497786, 13563322, 13629372, 13694398, 13695166, 14217926, 14155204, 14286022, 14480842
   \              CD00BAF5CE00
   \              BCF7CF00BEF5
   \              D000BEF8D000
   \              C6F2D800C4FD
   \              D700C6FCD900
   \              CAF5DC00    
   \   000003E8   CCFFDE00CFFF       DC32 14614476, 14811087, 15007698, 15138772, 15597531, 15859679
   \              E100D2FFE400
   \              D4FFE600DBFF
   \              ED00DFFFF100
     40               0xFFFFFF,0x000000,0x222222,0x393939
     41              ,0x3E3E3E,0x414141,0x2C2C2C,0x323232
     42              ,0x353535,0x3B3B3B,0x424242,0xF2F2F2
     43              ,0x2E2E2E,0x2A2A2B,0x272627,0x1F1E1F
     44              ,0x1B1B1B,0x131313,0x171717,0x0F0E0F
     45              ,0x0B0A0B,0x080808,0x020202,0x050505
     46              ,0x1C1A1D,0x1D2919,0x080E07,0x0E0D0F
     47              ,0x020102,0x020802,0x050804,0x081206
     48              ,0x0E140C,0x111C0E,0x161416,0x161A14
     49              ,0x29282A,0x2A292B,0x566B4D,0x56684E
     50              ,0x4A8434,0x5A9040,0x74A75C,0x9DCA88
     51              ,0xAAC89B,0x010501,0x000700,0x020403
     52              ,0x050107,0x060506,0x050606,0x070607
     53              ,0x000800,0x020800,0x040903,0x050B03
     54              ,0x070B07,0x070D06,0x070708,0x080509
     55              ,0x070C08,0x080A08,0x0B090C,0x0D0C0E
     56              ,0x071005,0x0A1107,0x0A1008,0x0A1308
     57              ,0x0D130B,0x0C150B,0x0F180D,0x120F12
     58              ,0x111012,0x111810,0x121B10,0x151E12
     59              ,0x151B14,0x181D17,0x191F17,0x191B19
     60              ,0x1A181A,0x1A1F18,0x1E1D1F,0x162312
     61              ,0x1B2717,0x1B2816,0x1C2917,0x1C221B
     62              ,0x1B2518,0x20261F,0x20291E,0x222A1F
     63              ,0x273D1F,0x201F21,0x222123,0x212520
     64              ,0x242325,0x242E21,0x242E22,0x282728
     65              ,0x2C2F2B,0x2B2A2C,0x283324,0x303A2E
     66              ,0x313C2F,0x333D31,0x29471E,0x2B4820
     67              ,0x2B4A20,0x2E4B23,0x31402B,0x36532B
     68              ,0x37532C,0x3B4A34,0x3D4B38,0x35722A
     69              ,0x3F722E,0x3C7531,0x3F7930,0x45573E
     70              ,0x435A3C,0x436A34,0x427930,0x437D31
     71              ,0x457A37,0x487F34,0x4A7E35,0x4B5D44
     72              ,0x496341,0x4F6747,0x53634B,0x526649
     73              ,0x54654C,0x56664D,0x54684B,0x526C49
     74              ,0x55694D,0x597C4E,0x5B7D4F,0x617C59
     75              ,0x468232,0x4B8237,0x4E8637,0x4F8538
     76              ,0x4F8739,0x528C38,0x588C3F,0x568941
     77              ,0x5D8F46,0x5F9646,0x609745,0x61934A
     78              ,0x619749,0x689C4D,0x689C4E,0x669252
     79              ,0x6B9C54,0x689058,0x6A9359,0x689759
     80              ,0x6E9A58,0x709E5A,0x6CA054,0x6FA356
     81              ,0x6FA456,0x70A559,0x75A55F,0x719366
     82              ,0x759C65,0x759F64,0x79936E,0x789D69
     83              ,0x77A161,0x7AA864,0x7AAA64,0x7CAD64
     84              ,0x7CA06C,0x7EA46D,0x7FB266,0x7FB168
     85              ,0x7FA770,0x81AF6B,0x80B168,0x81B26A
     86              ,0x82B36B,0x82B46B,0x83B76B,0x86B16F
     87              ,0x80A372,0x82A871,0x85AC70,0x85A874
     88              ,0x88AF74,0x89AE79,0x8AAE7A,0x8AB676
     89              ,0x89B874,0x8DBE76,0x90BF79,0x90BF7A
     90              ,0x91C07A,0x92C27C,0x93C07E,0x95C57F
     91              ,0x91B582,0x92B982,0x97BB89,0xA3BE94
     92              ,0x9CCB86,0x9DC08F,0xA0CE8C,0xA2CD8E
     93              ,0xA3C594,0xA7C799,0xA8C79A,0xA6D390
     94              ,0xA9D595,0xA9D694,0xACD797,0xAFDB9B
     95              ,0xAFD89C,0xAFDB9C,0xB0DB9C,0xB2DB9F
     96              ,0xB2DD9D,0xB0CBA2,0xB5DFA1,0xB4DDA3
     97              ,0xB6E1A1,0xBDE6AA,0xBEE8AB,0xC1EBAD
     98              ,0xC1EBAE,0xC2ECAF,0xC8EAB7,0xCBE6BA
     99              ,0xCAEBB9,0xCAEFB9,0xCCEEBB,0xD0EFBF
    100              ,0xCCF0BB,0xCDF5BA,0xCEF5BA,0xCFF7BC
    101              ,0xD0F5BE,0xD0F8BE,0xD8F2C6,0xD7FDC4
    102              ,0xD9FCC6,0xDCF5CA,0xDEFFCC,0xE1FFCF
    103              ,0xE4FFD2,0xE6FFD4,0xEDFFDB,0xF1FFDF
    104          };
    105          

   \                                 In section .rodata, align 4, keep-with-next
    106          static GUI_CONST_STORAGE GUI_LOGPALETTE PalSignal3 = {
   \                     PalSignal3:
   \   00000000                      ; Initializer data, 12 bytes
   \   00000000   00010000           DC32 256
   \   00000004   00000000           DC8 0, 0, 0, 0
   \   00000008   ........           DC32 ColorsSignal3
    107            256,	/* number of entries */
    108            0, 	/* No transparency */
    109            &ColorsSignal3[0]
    110          };
    111          

   \                                 In section .rodata, align 4, keep-with-next
    112          static GUI_CONST_STORAGE unsigned char acSignal3[] = {
   \                     acSignal3:
   \   00000000                      ; Initializer data, 1332 bytes
   \   00000000   020202020202       DC8 2, 2, 2, 2, 2, 2, 2, 2, 2, 2
   \              02020202    
   \   0000000A   020202020202       DC8 2, 2, 2, 2, 2, 2, 2, 2, 2, 2
   \              02020202    
   \   00000014   020202020202       DC8 2, 2, 2, 2, 2, 2, 2, 2, 2, 2
   \              02020202    
   \   0000001E   020202020202       DC8 2, 2, 2, 2, 2, 2, 2, 2, 2, 2
   \              02020202    
   \   00000028   020202020202       DC8 2, 2, 2, 2, 2, 2, 2, 2, 2, 2
   \              02020202    
   \   00000032   020202020202       DC8 2, 2, 2, 2, 2, 2, 2, 2, 2, 2
   \              02020202    
   \   0000003C   020202020202       DC8 2, 2, 2, 2, 2, 2, 2, 2, 2, 2
   \              02020202    
   \   00000046   020202020202       DC8 2, 2, 2, 2, 2, 2, 6, 6, 6, 6
   \              06060606    
   \   00000050   060606060606       DC8 6, 6, 6, 6, 6, 6, 6, 6, 6, 6
   \              06060606    
   \   0000005A   060606060606       DC8 6, 6, 6, 6, 6, 6, 6, 6, 6, 6
   \              06060606    
   \   00000064   060606060606       DC8 6, 6, 6, 6, 6, 6, 6, 6, 6, 6
   \              06060606    
   \   0000006E   060606060303       DC8 6, 6, 6, 6, 3, 3, 3, 3, 3, 3
   \              03030303    
   \   00000078   030303030303       DC8 3, 3, 3, 3, 3, 3, 3, 3, 3, 3
   \              03030303    
   \   00000082   030303030303       DC8 3, 3, 3, 3, 3, 3, 3, 3, 3, 3
   \              03030303    
   \   0000008C   030303030303       DC8 3, 3, 3, 3, 3, 3, 3, 3, 3, 3
   \              03030303    
   \   00000096   030305050505       DC8 3, 3, 5, 5, 5, 5, 5, 5, 5, 5
   \              05050505    
   \   000000A0   050505050505       DC8 5, 5, 5, 5, 5, 5, 5, 5, 5, 5
   \              05050505    
   \   000000AA   050505050505       DC8 5, 5, 5, 5, 5, 5, 5, 5, 5, 5
   \              05050505    
   \   000000B4   050505050505       DC8 5, 5, 5, 5, 5, 5, 5, 5, 5, 5
   \              05050505    
   \   000000BE   0A0A0A0A0A0A       DC8 10, 10, 10, 10, 10, 10, 10, 10, 10, 10
   \              0A0A0A0A    
   \   000000C8   0A0A0A0A0A0A       DC8 10, 10, 10, 10, 10, 10, 10, 10, 10, 10
   \              0A0A0A0A    
   \   000000D2   0A0A0A0A0A0A       DC8 10, 10, 10, 10, 10, 10, 10, 10, 10, 10
   \              0A0A0A0A    
   \   000000DC   0A0A0A0A0A0A       DC8 10, 10, 10, 10, 10, 10, 10, 10, 5, 5
   \              0A0A0505    
   \   000000E6   050505050505       DC8 5, 5, 5, 5, 5, 5, 5, 5, 5, 5
   \              05050505    
   \   000000F0   050505050505       DC8 5, 5, 5, 5, 5, 5, 5, 5, 5, 5
   \              05050505    
   \   000000FA   050505050505       DC8 5, 5, 5, 5, 5, 5, 5, 5, 5, 5
   \              05050505    
   \   00000104   050505050505       DC8 5, 5, 5, 5, 5, 5, 4, 4, 4, 4
   \              04040404    
   \   0000010E   040404040404       DC8 4, 4, 4, 4, 4, 4, 4, 4, 4, 4
   \              04040404    
   \   00000118   040404040404       DC8 4, 4, 4, 4, 4, 4, 4, 4, 4, 4
   \              04040404    
   \   00000122   040404040404       DC8 4, 4, 4, 4, 4, 4, 4, 4, 4, 4
   \              04040404    
   \   0000012C   040404040404       DC8 4, 4, 4, 4, 4, 4, 4, 4, 4, 4
   \              04040404    
   \   00000136   040404040404       DC8 4, 4, 4, 4, 4, 4, 4, 4, 4, 4
   \              04040404    
   \   00000140   040404040404       DC8 4, 4, 4, 4, 4, 4, 4, 4, 4, 4
   \              04040404    
   \   0000014A   040404040404       DC8 4, 4, 4, 4, 4, 4, 4, 4, 4, 4
   \              04040404    
   \   00000154   040409090909       DC8 4, 4, 9, 9, 9, 9, 9, 9, 9, 9
   \              09090909    
   \   0000015E   090909090909       DC8 9, 9, 9, 9, 9, 9, 9, 9, 9, 9
   \              09090909    
   \   00000168   090909090909       DC8 9, 9, 9, 9, 9, 9, 9, 9, 9, 9
   \              09090909    
   \   00000172   090909090909       DC8 9, 9, 9, 9, 9, 9, 9, 9, 9, 9
   \              09090909    
   \   0000017C   030303030303       DC8 3, 3, 3, 3, 3, 3, 3, 3, 3, 3
   \              03030303    
   \   00000186   030303030303       DC8 3, 3, 3, 3, 3, 3, 3, 3, 3, 3
   \              03030303    
   \   00000190   030303030303       DC8 3, 3, 3, 3, 3, 3, 3, 3, 3, 3
   \              03030303    
   \   0000019A   030303030303       DC8 3, 3, 3, 3, 3, 3, 3, 3, 8, 8
   \              03030808    
   \   000001A4   080808080808       DC8 8, 8, 8, 8, 8, 8, 8, 8, 8, 8
   \              08080808    
   \   000001AE   080808080808       DC8 8, 8, 8, 8, 8, 8, 8, 8, 8, 8
   \              08080808    
   \   000001B8   080808080808       DC8 8, 8, 8, 8, 8, 8, 8, 8, 8, 8
   \              08080808    
   \   000001C2   080808080808       DC8 8, 8, 8, 8, 8, 8, 7, 7, 7, 7
   \              07070707    
   \   000001CC   070707070707       DC8 7, 7, 7, 7, 7, 7, 7, 7, 7, 7
   \              07070707    
   \   000001D6   070707070707       DC8 7, 7, 7, 7, 7, 7, 7, 7, 7, 7
   \              07070707    
   \   000001E0   070707070707       DC8 7, 7, 7, 7, 7, 7, 7, 7, 7, 7
   \              07070707    
   \   000001EA   070707070C0C       DC8 7, 7, 7, 7, 12, 12, 12, 12, 12, 12
   \              0C0C0C0C    
   \   000001F4   0C0C0C0C0C0C       DC8 12, 12, 12, 12, 12, 12, 12, 12, 12, 12
   \              0C0C0C0C    
   \   000001FE   0C2524252465       DC8 12, 37, 36, 37, 36, 101, 12, 12, 12, 12
   \              0C0C0C0C    
   \   00000208   0C0C0C0C0C0C       DC8 12, 12, 12, 12, 12, 12, 12, 12, 12, 12
   \              0C0C0C0C    
   \   00000212   0C0C0D0D0D0D       DC8 12, 12, 13, 13, 13, 13, 13, 13, 13, 13
   \              0D0D0D0D    
   \   0000021C   0D0D0D0D0D0D       DC8 13, 13, 13, 13, 13, 13, 13, 13, 100, 127
   \              0D0D647F    
   \   00000226   81808772630D       DC8 129, 128, 135, 114, 99, 13, 13, 13, 13, 13
   \              0D0D0D0D    
   \   00000230   0D0D0D0D0D0D       DC8 13, 13, 13, 13, 13, 13, 13, 13, 13, 13
   \              0D0D0D0D    
   \   0000023A   0E0E0E0E0E0E       DC8 14, 14, 14, 14, 14, 14, 14, 14, 14, 14
   \              0E0E0E0E    
   \   00000244   0E0E0E0E0E60       DC8 14, 14, 14, 14, 14, 96, 105, 194, 172, 161
   \              69C2ACA1    
   \   0000024E   C4AB5F0E0E0E       DC8 196, 171, 95, 14, 14, 14, 14, 14, 14, 14
   \              0E0E0E0E    
   \   00000258   0E0E0E0E0E0E       DC8 14, 14, 14, 14, 14, 14, 14, 14, 2, 2
   \              0E0E0202    
   \   00000262   020202020202       DC8 2, 2, 2, 2, 2, 2, 2, 2, 2, 2
   \              02020202    
   \   0000026C   0202025D68BF       DC8 2, 2, 2, 93, 104, 191, 155, 148, 175, 177
   \              9B94AFB1    
   \   00000276   595E02020202       DC8 89, 94, 2, 2, 2, 2, 2, 2, 2, 2
   \              02020202    
   \   00000280   020202020202       DC8 2, 2, 2, 2, 2, 2, 15, 15, 15, 15
   \              0F0F0F0F    
   \   0000028A   0F0F0F0F0F0F       DC8 15, 15, 15, 15, 15, 15, 15, 24, 24, 24
   \              0F181818    
   \   00000294   181867A87528       DC8 24, 24, 103, 168, 117, 40, 178, 189, 87, 82
   \              B2BD5752    
   \   0000029E   0F0F0F0F0F0F       DC8 15, 15, 15, 15, 15, 15, 15, 15, 15, 15
   \              0F0F0F0F    
   \   000002A8   0F0F0F0F1010       DC8 15, 15, 15, 15, 16, 16, 16, 16, 16, 16
   \              10101010    
   \   000002B2   101010104F5B       DC8 16, 16, 16, 16, 79, 91, 97, 98, 90, 34
   \              61625A22    
   \   000002BC   667C7329C5C1       DC8 102, 124, 115, 41, 197, 193, 78, 80, 16, 16
   \              4E501010    
   \   000002C6   101010101010       DC8 16, 16, 16, 16, 16, 16, 16, 16, 16, 16
   \              10101010    
   \   000002D0   101012121212       DC8 16, 16, 18, 18, 18, 18, 18, 18, 18, 18
   \              12121212    
   \   000002DA   124777B09EA9       DC8 18, 71, 119, 176, 158, 169, 205, 113, 88, 122
   \              CD71587A    
   \   000002E4   7B9AD0CC4C22       DC8 123, 154, 208, 204, 76, 34, 18, 18, 18, 18
   \              12121212    
   \   000002EE   121212121212       DC8 18, 18, 18, 18, 18, 18, 18, 18, 18, 18
   \              12121212    
   \   000002F8   111111111111       DC8 17, 17, 17, 17, 17, 17, 17, 17, 17, 62
   \              1111113E    
   \   00000302   26C0A0ADDE26       DC8 38, 192, 160, 173, 222, 38, 75, 125, 142, 42
   \              4B7D8E2A    
   \   0000030C   D9CE49481111       DC8 217, 206, 73, 72, 17, 17, 17, 17, 17, 17
   \              11111111    
   \   00000316   111111111111       DC8 17, 17, 17, 17, 17, 17, 17, 17, 19, 19
   \              11111313    
   \   00000320   1313131B1B1B       DC8 19, 19, 19, 27, 27, 27, 19, 59, 131, 159
   \              133B839F    
   \   0000032A   8DA3E0864A8F       DC8 141, 163, 224, 134, 74, 143, 41, 184, 228, 209
   \              29B8E4D1    
   \   00000334   203F13131313       DC8 32, 63, 19, 19, 19, 19, 19, 19, 19, 19
   \              13131313    
   \   0000033E   131313131313       DC8 19, 19, 19, 19, 19, 19, 20, 20, 20, 20
   \              14141414    
   \   00000348   323C381E2F30       DC8 50, 60, 56, 30, 47, 48, 112, 118, 144, 182
   \              707690B6    
   \   00000352   E788469299C6       DC8 231, 136, 70, 146, 153, 198, 233, 212, 66, 21
   \              E9D44215    
   \   0000035C   141414141414       DC8 20, 20, 20, 20, 20, 20, 20, 20, 20, 20
   \              14141414    
   \   00000366   141414141515       DC8 20, 20, 20, 20, 21, 21, 51, 61, 120, 137
   \              333D7889    
   \   00000370   8AA78B3A6C8C       DC8 138, 167, 139, 58, 108, 140, 152, 200, 242, 39
   \              98C8F227    
   \   0000037A   45972A2BF1D5       DC8 69, 151, 42, 43, 241, 213, 57, 49, 21, 21
   \              39311515    
   \   00000384   151515151515       DC8 21, 21, 21, 21, 21, 21, 21, 21, 21, 21
   \              15151515    
   \   0000038E   151517171C20       DC8 21, 21, 23, 23, 28, 32, 188, 190, 187, 223
   \              BCBEBBDF    
   \   00000398   F0516A91A5D2       DC8 240, 81, 106, 145, 165, 210, 248, 39, 67, 156
   \              F827439C    
   \   000003A2   B9D8F72C371C       DC8 185, 216, 247, 44, 55, 28, 23, 23, 23, 23
   \              17171717    
   \   000003AC   171717171717       DC8 23, 23, 23, 23, 23, 23, 23, 23, 23, 23
   \              17171717    
   \   000003B6   161601449D93       DC8 22, 22, 1, 68, 157, 147, 162, 218, 237, 77
   \              A2DAED4D    
   \   000003C0   6B96B7DDFB84       DC8 107, 150, 183, 221, 251, 132, 31, 166, 199, 226
   \              1FA6C7E2    
   \   000003CA   FA2C35011616       DC8 250, 44, 53, 1, 22, 22, 22, 22, 22, 22
   \              16161616    
   \   000003D4   161616161616       DC8 22, 22, 22, 22, 22, 22, 22, 22, 1, 1
   \              16160101    
   \   000003DE   011A7428B3E5       DC8 1, 26, 116, 40, 179, 229, 239, 35, 109, 164
   \              EF236DA4    
   \   000003E8   C9E6FD8240B5       DC8 201, 230, 253, 130, 64, 181, 43, 232, 252, 214
   \              2BE8FCD6    
   \   000003F2   2E0101010101       DC8 46, 1, 1, 1, 1, 1, 1, 1, 1, 1
   \              01010101    
   \   000003FC   010101010101       DC8 1, 1, 1, 1, 1, 1, 1, 1, 1, 26
   \              0101011A    
   \   00000406   7E95CBF4F923       DC8 126, 149, 203, 244, 249, 35, 111, 186, 215, 243
   \              6FBAD7F3    
   \   00000410   FF8543CADBF5       DC8 255, 133, 67, 202, 219, 245, 254, 225, 52, 1
   \              FEE13401    
   \   0000041A   010101010101       DC8 1, 1, 1, 1, 1, 1, 1, 1, 1, 1
   \              01010101    
   \   00000424   010101010101       DC8 1, 1, 1, 1, 1, 1, 1, 45, 121, 174
   \              012D79AE    
   \   0000042E   D3EECF1E5CC3       DC8 211, 238, 207, 30, 92, 195, 220, 236, 235, 110
   \              DCECEB6E    
   \   00000438   1DB4E3EAF6AA       DC8 29, 180, 227, 234, 246, 170, 1, 1, 1, 1
   \              01010101    
   \   00000442   010101010101       DC8 1, 1, 1, 1, 1, 1, 1, 1, 1, 1
   \              01010101    
   \   0000044C   010101010101       DC8 1, 1, 1, 1, 1, 1, 54, 83, 85, 25
   \              36535519    
   \   00000456   410101211919       DC8 65, 1, 1, 33, 25, 25, 33, 1, 1, 26
   \              2101011A    
   \   00000460   5619541D0101       DC8 86, 25, 84, 29, 1, 1, 1, 1, 1, 1
   \              01010101    
   \   0000046A   010101010101       DC8 1, 1, 1, 1, 1, 1, 1, 1, 1, 1
   \              01010101    
   \   00000474   010101010101       DC8 1, 1, 1, 1, 1, 1, 1, 1, 1, 1
   \              01010101    
   \   0000047E   010101010101       DC8 1, 1, 1, 1, 1, 1, 1, 1, 1, 1
   \              01010101    
   \   00000488   010101010101       DC8 1, 1, 1, 1, 1, 1, 1, 1, 1, 1
   \              01010101    
   \   00000492   010101010101       DC8 1, 1, 1, 1, 1, 1, 1, 1, 1, 1
   \              01010101    
   \   0000049C   010101010101       DC8 1, 1, 1, 1, 1, 1, 1, 1, 1, 1
   \              01010101    
   \   000004A6   010101010101       DC8 1, 1, 1, 1, 1, 1, 1, 1, 1, 1
   \              01010101    
   \   000004B0   010101010101       DC8 1, 1, 1, 1, 1, 1, 1, 1, 1, 1
   \              01010101    
   \   000004BA   010101010101       DC8 1, 1, 1, 1, 1, 1, 1, 1, 1, 1
   \              01010101    
   \   000004C4   010101010101       DC8 1, 1, 1, 1, 1, 1, 1, 1, 1, 1
   \              01010101    
   \   000004CE   010101010101       DC8 1, 1, 1, 1, 1, 1, 1, 1, 1, 1
   \              01010101    
   \   000004D8   010101010101       DC8 1, 1, 1, 1, 1, 1, 1, 1, 1, 1
   \              01010101    
   \   000004E2   010101010101       DC8 1, 1, 1, 1, 1, 1, 1, 1, 1, 1
   \              01010101    
   \   000004EC   010101010101       DC8 1, 1, 1, 1, 1, 1, 1, 1, 1, 1
   \              01010101    
   \   000004F6   010101010101       DC8 1, 1, 1, 1, 1, 1, 1, 1, 1, 1
   \              01010101    
   \   00000500   010101010101       DC8 1, 1, 1, 1, 1, 1, 1, 1, 1, 1
   \              01010101    
   \   0000050A   010101010101       DC8 1, 1, 1, 1, 1, 1, 1, 1, 1, 1
   \              01010101    
   \   00000514   010101010101       DC8 1, 1, 1, 1, 1, 1, 1, 1, 1, 1
   \              01010101    
   \   0000051E   010101010101       DC8 1, 1, 1, 1, 1, 1, 1, 1, 1, 1
   \              01010101    
   \   00000528   010101010101       DC8 1, 1, 1, 1, 1, 1, 1, 1, 1, 1
   \              01010101    
   \   00000532   0000               DC8 0, 0
    113            0x02, 0x02, 0x02, 0x02, 0x02, 0x02, 0x02, 0x02, 0x02, 0x02, 0x02, 0x02, 0x02, 0x02, 0x02, 0x02, 0x02, 0x02, 0x02, 0x02, 0x02, 0x02, 0x02, 0x02, 0x02, 0x02, 0x02, 0x02, 0x02, 0x02, 0x02, 0x02, 0x02, 0x02, 0x02, 0x02, 0x02, 0x02,
    114            0x02, 0x02, 0x02, 0x02, 0x02, 0x02, 0x02, 0x02, 0x02, 0x02, 0x02, 0x02, 0x02, 0x02, 0x02, 0x02, 0x02, 0x02, 0x02, 0x02, 0x02, 0x02, 0x02, 0x02, 0x02, 0x02, 0x02, 0x02, 0x02, 0x02, 0x02, 0x02, 0x02, 0x02, 0x02, 0x02, 0x02, 0x02,
    115            0x06, 0x06, 0x06, 0x06, 0x06, 0x06, 0x06, 0x06, 0x06, 0x06, 0x06, 0x06, 0x06, 0x06, 0x06, 0x06, 0x06, 0x06, 0x06, 0x06, 0x06, 0x06, 0x06, 0x06, 0x06, 0x06, 0x06, 0x06, 0x06, 0x06, 0x06, 0x06, 0x06, 0x06, 0x06, 0x06, 0x06, 0x06,
    116            0x03, 0x03, 0x03, 0x03, 0x03, 0x03, 0x03, 0x03, 0x03, 0x03, 0x03, 0x03, 0x03, 0x03, 0x03, 0x03, 0x03, 0x03, 0x03, 0x03, 0x03, 0x03, 0x03, 0x03, 0x03, 0x03, 0x03, 0x03, 0x03, 0x03, 0x03, 0x03, 0x03, 0x03, 0x03, 0x03, 0x03, 0x03,
    117            0x05, 0x05, 0x05, 0x05, 0x05, 0x05, 0x05, 0x05, 0x05, 0x05, 0x05, 0x05, 0x05, 0x05, 0x05, 0x05, 0x05, 0x05, 0x05, 0x05, 0x05, 0x05, 0x05, 0x05, 0x05, 0x05, 0x05, 0x05, 0x05, 0x05, 0x05, 0x05, 0x05, 0x05, 0x05, 0x05, 0x05, 0x05,
    118            0x0A, 0x0A, 0x0A, 0x0A, 0x0A, 0x0A, 0x0A, 0x0A, 0x0A, 0x0A, 0x0A, 0x0A, 0x0A, 0x0A, 0x0A, 0x0A, 0x0A, 0x0A, 0x0A, 0x0A, 0x0A, 0x0A, 0x0A, 0x0A, 0x0A, 0x0A, 0x0A, 0x0A, 0x0A, 0x0A, 0x0A, 0x0A, 0x0A, 0x0A, 0x0A, 0x0A, 0x0A, 0x0A,
    119            0x05, 0x05, 0x05, 0x05, 0x05, 0x05, 0x05, 0x05, 0x05, 0x05, 0x05, 0x05, 0x05, 0x05, 0x05, 0x05, 0x05, 0x05, 0x05, 0x05, 0x05, 0x05, 0x05, 0x05, 0x05, 0x05, 0x05, 0x05, 0x05, 0x05, 0x05, 0x05, 0x05, 0x05, 0x05, 0x05, 0x05, 0x05,
    120            0x04, 0x04, 0x04, 0x04, 0x04, 0x04, 0x04, 0x04, 0x04, 0x04, 0x04, 0x04, 0x04, 0x04, 0x04, 0x04, 0x04, 0x04, 0x04, 0x04, 0x04, 0x04, 0x04, 0x04, 0x04, 0x04, 0x04, 0x04, 0x04, 0x04, 0x04, 0x04, 0x04, 0x04, 0x04, 0x04, 0x04, 0x04,
    121            0x04, 0x04, 0x04, 0x04, 0x04, 0x04, 0x04, 0x04, 0x04, 0x04, 0x04, 0x04, 0x04, 0x04, 0x04, 0x04, 0x04, 0x04, 0x04, 0x04, 0x04, 0x04, 0x04, 0x04, 0x04, 0x04, 0x04, 0x04, 0x04, 0x04, 0x04, 0x04, 0x04, 0x04, 0x04, 0x04, 0x04, 0x04,
    122            0x09, 0x09, 0x09, 0x09, 0x09, 0x09, 0x09, 0x09, 0x09, 0x09, 0x09, 0x09, 0x09, 0x09, 0x09, 0x09, 0x09, 0x09, 0x09, 0x09, 0x09, 0x09, 0x09, 0x09, 0x09, 0x09, 0x09, 0x09, 0x09, 0x09, 0x09, 0x09, 0x09, 0x09, 0x09, 0x09, 0x09, 0x09,
    123            0x03, 0x03, 0x03, 0x03, 0x03, 0x03, 0x03, 0x03, 0x03, 0x03, 0x03, 0x03, 0x03, 0x03, 0x03, 0x03, 0x03, 0x03, 0x03, 0x03, 0x03, 0x03, 0x03, 0x03, 0x03, 0x03, 0x03, 0x03, 0x03, 0x03, 0x03, 0x03, 0x03, 0x03, 0x03, 0x03, 0x03, 0x03,
    124            0x08, 0x08, 0x08, 0x08, 0x08, 0x08, 0x08, 0x08, 0x08, 0x08, 0x08, 0x08, 0x08, 0x08, 0x08, 0x08, 0x08, 0x08, 0x08, 0x08, 0x08, 0x08, 0x08, 0x08, 0x08, 0x08, 0x08, 0x08, 0x08, 0x08, 0x08, 0x08, 0x08, 0x08, 0x08, 0x08, 0x08, 0x08,
    125            0x07, 0x07, 0x07, 0x07, 0x07, 0x07, 0x07, 0x07, 0x07, 0x07, 0x07, 0x07, 0x07, 0x07, 0x07, 0x07, 0x07, 0x07, 0x07, 0x07, 0x07, 0x07, 0x07, 0x07, 0x07, 0x07, 0x07, 0x07, 0x07, 0x07, 0x07, 0x07, 0x07, 0x07, 0x07, 0x07, 0x07, 0x07,
    126            0x0C, 0x0C, 0x0C, 0x0C, 0x0C, 0x0C, 0x0C, 0x0C, 0x0C, 0x0C, 0x0C, 0x0C, 0x0C, 0x0C, 0x0C, 0x0C, 0x0C, 0x25, 0x24, 0x25, 0x24, 0x65, 0x0C, 0x0C, 0x0C, 0x0C, 0x0C, 0x0C, 0x0C, 0x0C, 0x0C, 0x0C, 0x0C, 0x0C, 0x0C, 0x0C, 0x0C, 0x0C,
    127            0x0D, 0x0D, 0x0D, 0x0D, 0x0D, 0x0D, 0x0D, 0x0D, 0x0D, 0x0D, 0x0D, 0x0D, 0x0D, 0x0D, 0x0D, 0x0D, 0x64, 0x7F, 0x81, 0x80, 0x87, 0x72, 0x63, 0x0D, 0x0D, 0x0D, 0x0D, 0x0D, 0x0D, 0x0D, 0x0D, 0x0D, 0x0D, 0x0D, 0x0D, 0x0D, 0x0D, 0x0D,
    128            0x0E, 0x0E, 0x0E, 0x0E, 0x0E, 0x0E, 0x0E, 0x0E, 0x0E, 0x0E, 0x0E, 0x0E, 0x0E, 0x0E, 0x0E, 0x60, 0x69, 0xC2, 0xAC, 0xA1, 0xC4, 0xAB, 0x5F, 0x0E, 0x0E, 0x0E, 0x0E, 0x0E, 0x0E, 0x0E, 0x0E, 0x0E, 0x0E, 0x0E, 0x0E, 0x0E, 0x0E, 0x0E,
    129            0x02, 0x02, 0x02, 0x02, 0x02, 0x02, 0x02, 0x02, 0x02, 0x02, 0x02, 0x02, 0x02, 0x02, 0x02, 0x5D, 0x68, 0xBF, 0x9B, 0x94, 0xAF, 0xB1, 0x59, 0x5E, 0x02, 0x02, 0x02, 0x02, 0x02, 0x02, 0x02, 0x02, 0x02, 0x02, 0x02, 0x02, 0x02, 0x02,
    130            0x0F, 0x0F, 0x0F, 0x0F, 0x0F, 0x0F, 0x0F, 0x0F, 0x0F, 0x0F, 0x0F, 0x18, 0x18, 0x18, 0x18, 0x18, 0x67, 0xA8, 0x75, 0x28, 0xB2, 0xBD, 0x57, 0x52, 0x0F, 0x0F, 0x0F, 0x0F, 0x0F, 0x0F, 0x0F, 0x0F, 0x0F, 0x0F, 0x0F, 0x0F, 0x0F, 0x0F,
    131            0x10, 0x10, 0x10, 0x10, 0x10, 0x10, 0x10, 0x10, 0x10, 0x10, 0x4F, 0x5B, 0x61, 0x62, 0x5A, 0x22, 0x66, 0x7C, 0x73, 0x29, 0xC5, 0xC1, 0x4E, 0x50, 0x10, 0x10, 0x10, 0x10, 0x10, 0x10, 0x10, 0x10, 0x10, 0x10, 0x10, 0x10, 0x10, 0x10,
    132            0x12, 0x12, 0x12, 0x12, 0x12, 0x12, 0x12, 0x12, 0x12, 0x47, 0x77, 0xB0, 0x9E, 0xA9, 0xCD, 0x71, 0x58, 0x7A, 0x7B, 0x9A, 0xD0, 0xCC, 0x4C, 0x22, 0x12, 0x12, 0x12, 0x12, 0x12, 0x12, 0x12, 0x12, 0x12, 0x12, 0x12, 0x12, 0x12, 0x12,
    133            0x11, 0x11, 0x11, 0x11, 0x11, 0x11, 0x11, 0x11, 0x11, 0x3E, 0x26, 0xC0, 0xA0, 0xAD, 0xDE, 0x26, 0x4B, 0x7D, 0x8E, 0x2A, 0xD9, 0xCE, 0x49, 0x48, 0x11, 0x11, 0x11, 0x11, 0x11, 0x11, 0x11, 0x11, 0x11, 0x11, 0x11, 0x11, 0x11, 0x11,
    134            0x13, 0x13, 0x13, 0x13, 0x13, 0x1B, 0x1B, 0x1B, 0x13, 0x3B, 0x83, 0x9F, 0x8D, 0xA3, 0xE0, 0x86, 0x4A, 0x8F, 0x29, 0xB8, 0xE4, 0xD1, 0x20, 0x3F, 0x13, 0x13, 0x13, 0x13, 0x13, 0x13, 0x13, 0x13, 0x13, 0x13, 0x13, 0x13, 0x13, 0x13,
    135            0x14, 0x14, 0x14, 0x14, 0x32, 0x3C, 0x38, 0x1E, 0x2F, 0x30, 0x70, 0x76, 0x90, 0xB6, 0xE7, 0x88, 0x46, 0x92, 0x99, 0xC6, 0xE9, 0xD4, 0x42, 0x15, 0x14, 0x14, 0x14, 0x14, 0x14, 0x14, 0x14, 0x14, 0x14, 0x14, 0x14, 0x14, 0x14, 0x14,
    136            0x15, 0x15, 0x33, 0x3D, 0x78, 0x89, 0x8A, 0xA7, 0x8B, 0x3A, 0x6C, 0x8C, 0x98, 0xC8, 0xF2, 0x27, 0x45, 0x97, 0x2A, 0x2B, 0xF1, 0xD5, 0x39, 0x31, 0x15, 0x15, 0x15, 0x15, 0x15, 0x15, 0x15, 0x15, 0x15, 0x15, 0x15, 0x15, 0x15, 0x15,
    137            0x17, 0x17, 0x1C, 0x20, 0xBC, 0xBE, 0xBB, 0xDF, 0xF0, 0x51, 0x6A, 0x91, 0xA5, 0xD2, 0xF8, 0x27, 0x43, 0x9C, 0xB9, 0xD8, 0xF7, 0x2C, 0x37, 0x1C, 0x17, 0x17, 0x17, 0x17, 0x17, 0x17, 0x17, 0x17, 0x17, 0x17, 0x17, 0x17, 0x17, 0x17,
    138            0x16, 0x16, 0x01, 0x44, 0x9D, 0x93, 0xA2, 0xDA, 0xED, 0x4D, 0x6B, 0x96, 0xB7, 0xDD, 0xFB, 0x84, 0x1F, 0xA6, 0xC7, 0xE2, 0xFA, 0x2C, 0x35, 0x01, 0x16, 0x16, 0x16, 0x16, 0x16, 0x16, 0x16, 0x16, 0x16, 0x16, 0x16, 0x16, 0x16, 0x16,
    139            0x01, 0x01, 0x01, 0x1A, 0x74, 0x28, 0xB3, 0xE5, 0xEF, 0x23, 0x6D, 0xA4, 0xC9, 0xE6, 0xFD, 0x82, 0x40, 0xB5, 0x2B, 0xE8, 0xFC, 0xD6, 0x2E, 0x01, 0x01, 0x01, 0x01, 0x01, 0x01, 0x01, 0x01, 0x01, 0x01, 0x01, 0x01, 0x01, 0x01, 0x01,
    140            0x01, 0x01, 0x01, 0x1A, 0x7E, 0x95, 0xCB, 0xF4, 0xF9, 0x23, 0x6F, 0xBA, 0xD7, 0xF3, 0xFF, 0x85, 0x43, 0xCA, 0xDB, 0xF5, 0xFE, 0xE1, 0x34, 0x01, 0x01, 0x01, 0x01, 0x01, 0x01, 0x01, 0x01, 0x01, 0x01, 0x01, 0x01, 0x01, 0x01, 0x01,
    141            0x01, 0x01, 0x01, 0x2D, 0x79, 0xAE, 0xD3, 0xEE, 0xCF, 0x1E, 0x5C, 0xC3, 0xDC, 0xEC, 0xEB, 0x6E, 0x1D, 0xB4, 0xE3, 0xEA, 0xF6, 0xAA, 0x01, 0x01, 0x01, 0x01, 0x01, 0x01, 0x01, 0x01, 0x01, 0x01, 0x01, 0x01, 0x01, 0x01, 0x01, 0x01,
    142            0x01, 0x01, 0x01, 0x01, 0x36, 0x53, 0x55, 0x19, 0x41, 0x01, 0x01, 0x21, 0x19, 0x19, 0x21, 0x01, 0x01, 0x1A, 0x56, 0x19, 0x54, 0x1D, 0x01, 0x01, 0x01, 0x01, 0x01, 0x01, 0x01, 0x01, 0x01, 0x01, 0x01, 0x01, 0x01, 0x01, 0x01, 0x01,
    143            0x01, 0x01, 0x01, 0x01, 0x01, 0x01, 0x01, 0x01, 0x01, 0x01, 0x01, 0x01, 0x01, 0x01, 0x01, 0x01, 0x01, 0x01, 0x01, 0x01, 0x01, 0x01, 0x01, 0x01, 0x01, 0x01, 0x01, 0x01, 0x01, 0x01, 0x01, 0x01, 0x01, 0x01, 0x01, 0x01, 0x01, 0x01,
    144            0x01, 0x01, 0x01, 0x01, 0x01, 0x01, 0x01, 0x01, 0x01, 0x01, 0x01, 0x01, 0x01, 0x01, 0x01, 0x01, 0x01, 0x01, 0x01, 0x01, 0x01, 0x01, 0x01, 0x01, 0x01, 0x01, 0x01, 0x01, 0x01, 0x01, 0x01, 0x01, 0x01, 0x01, 0x01, 0x01, 0x01, 0x01,
    145            0x01, 0x01, 0x01, 0x01, 0x01, 0x01, 0x01, 0x01, 0x01, 0x01, 0x01, 0x01, 0x01, 0x01, 0x01, 0x01, 0x01, 0x01, 0x01, 0x01, 0x01, 0x01, 0x01, 0x01, 0x01, 0x01, 0x01, 0x01, 0x01, 0x01, 0x01, 0x01, 0x01, 0x01, 0x01, 0x01, 0x01, 0x01,
    146            0x01, 0x01, 0x01, 0x01, 0x01, 0x01, 0x01, 0x01, 0x01, 0x01, 0x01, 0x01, 0x01, 0x01, 0x01, 0x01, 0x01, 0x01, 0x01, 0x01, 0x01, 0x01, 0x01, 0x01, 0x01, 0x01, 0x01, 0x01, 0x01, 0x01, 0x01, 0x01, 0x01, 0x01, 0x01, 0x01, 0x01, 0x01,
    147            0x01, 0x01, 0x01, 0x01, 0x01, 0x01, 0x01, 0x01, 0x01, 0x01, 0x01, 0x01, 0x01, 0x01, 0x01, 0x01, 0x01, 0x01, 0x01, 0x01, 0x01, 0x01, 0x01, 0x01, 0x01, 0x01, 0x01, 0x01, 0x01, 0x01, 0x01, 0x01, 0x01, 0x01, 0x01, 0x01, 0x01, 0x01
    148          };
    149          

   \                                 In section .rodata, align 4, keep-with-next
    150          GUI_CONST_STORAGE GUI_BITMAP bmSignal3 = {
   \                     bmSignal3:
   \   00000000                      ; Initializer data, 20 bytes
   \   00000000   260023002600       DC16 38, 35, 38, 8
   \              0800        
   \   00000008   ............       DC32 acSignal3, PalSignal3
   \              ....        
   \   00000010   00000000           DC8 0, 0, 0, 0
    151            38, /* XSize */
    152            35, /* YSize */
    153            38, /* BytesPerLine */
    154            8, /* BitsPerPixel */
    155            acSignal3,  /* Pointer to picture data (indices) */
    156            &PalSignal3  /* Pointer to palette */
    157          };
    158          
    159          /* *** End of file *** */


   Section sizes:

     Function/Label Bytes
     -------------- -----
     ColorsSignal3  1024
     PalSignal3       12
     acSignal3      1332
     bmSignal3        20

 
 2 388 bytes in section .rodata
 
 2 388 bytes of CONST memory

Errors: none
Warnings: none
