###############################################################################
#                                                                             #
# IAR ANSI C/C++ Compiler V6.10.2.52244/W32 for ARM     19/Nov/2015  13:12:46 #
# Copyright 1999-2010 IAR Systems AB.                                         #
#                                                                             #
#    Cpu mode     =  arm                                                      #
#    Endian       =  little                                                   #
#    Source file  =  C:\DUII\DUII\Graphics\SmallYellowButton.c                #
#    Command line =  C:\DUII\DUII\Graphics\SmallYellowButton.c -D DEBUG=1 -D  #
#                    SDRAM_TARGET=1 -D USB_IS_HIGH_SPEED -D NOPROFILER -D     #
#                    OS_TRACE=0 -D OS_VIEW_ENABLE=0 -lCN                      #
#                    C:\DUII\TargetHW\Release\List\ -o                        #
#                    C:\DUII\TargetHW\Release\Obj\ --endian=little            #
#                    --cpu=ARM926EJ-S -e --fpu=None --dlib_config             #
#                    "C:\Program Files (x86)\IAR Systems\Embedded Workbench   #
#                    6.0\arm\INC\c\DLib_Config_Normal.h" -I                   #
#                    C:\DUII\TargetHW\Application\SEGGERDEMO\ -I              #
#                    C:\DUII\TargetHW\Application\SEGGERDEMO\Src\ -I          #
#                    C:\DUII\TargetHW\Config\ -I C:\DUII\TargetHW\FS\ -I      #
#                    C:\DUII\TargetHW\GUI\ -I C:\DUII\TargetHW\Inc\ -I        #
#                    C:\DUII\TargetHW\OS\ -I C:\DUII\TargetHW\Setup\ -I       #
#                    \DUII\DUII\ -I \DUII\DUII\Graphics\ --cpu_mode arm -Ohs  #
#                    --use_c++_inline --require_prototypes                    #
#    List file    =  C:\DUII\TargetHW\Release\List\SmallYellowButton.lst      #
#    Object file  =  C:\DUII\TargetHW\Release\Obj\SmallYellowButton.o         #
#                                                                             #
#                                                                             #
###############################################################################

C:\DUII\DUII\Graphics\SmallYellowButton.c
      1          /*********************************************************************
      2          *                SEGGER MICROCONTROLLER SYSTEME GmbH                 *
      3          *        Solutions for real time microcontroller applications        *
      4          *                           www.segger.com                           *
      5          **********************************************************************
      6          *
      7          * C-file generated by
      8          *
      9          *        Bitmap converter for emWin V5.04.
     10          *        Compiled Jan  8 2010, 16:37:17
     11          *        (C) 1998 - 2005 Segger Microcontroller Systeme GmbH
     12          *
     13          **********************************************************************
     14          *
     15          * Source file: SmallYellowButton
     16          * Dimensions:  80 * 40
     17          * NumColors:   162
     18          *
     19          **********************************************************************
     20          */
     21          
     22          #include <stdlib.h>
     23          
     24          #include "GUI.h"
     25          
     26          #ifndef GUI_CONST_STORAGE
     27            #define GUI_CONST_STORAGE const
     28          #endif
     29          
     30          /*   Palette
     31          The following are the entries of the palette table.
     32          Every entry is a 32-bit value (of which 24 bits are actually used)
     33          the lower   8 bits represent the Red component,
     34          the middle  8 bits represent the Green component,
     35          the highest 8 bits (of the 24 bits used) represent the Blue component
     36          as follows:   0xBBGGRR
     37          */
     38          

   \                                 In section .rodata, align 4, keep-with-next
     39          static GUI_CONST_STORAGE GUI_COLOR ColorsSmallYellowButton[] = {
   \                     ColorsSmallYellowButton:
   \   00000000                      ; Initializer data, 648 bytes
   \   00000000   F6EC1300F7E7       DC32 1305846, 1107959, 711930, 250110, 316413, 447996, 448508, 580091, 777978, 844281
   \              1000FADC0A00
   \              FED00300FDD3
   \              0400FCD50600
   \              FCD70600FBD9
   \              0800FADE0B00
   \              F9E10C00    
   \   00000028   F8E30E00F8E5       DC32 975864, 1041912, 1174007, 1239798, 1240054, 910073, 184318, 118527, 448252, 50935
   \              0F00F7E91100
   \              F6EA1200F6EB
   \              1200F9E20D00
   \              FECF0200FFCE
   \              0100FCD60600
   \              F7C60000    
   \   00000050   FFDD03008066       DC32 253439, 26240, 100777, 0, 755083, 1237996, 1238767, 1306103, 1306360, 253183
   \              0000A9890100
   \              000000008B85
   \              0B00ECE31200
   \              EFE61200F7ED
   \              1300F8EE1300
   \              FFDC0300    
   \   00000078   FBDD0A000302       DC32 712187, 515, 24695, 26753, 101033, 451839, 1108216, 1240312, 1801, 2573
   \              000077600000
   \              81680000A98A
   \              0100FFE40600
   \              F8E81000F8EC
   \              120009070000
   \              0D0A0000    
   \   000000A0   100D00001510       DC32 3344, 4117, 70422, 4887, 6687, 206892, 10804, 13376, 13890, 80456
   \              000016130100
   \              171300001F1A
   \              00002C280300
   \              342A00004034
   \              000042360000
   \              483A0100    
   \   000000C8   493B00004D3D       DC32 15177, 15693, 150876, 19808, 86370, 23666, 287344, 485744, 91002, 92546
   \              00005C4D0200
   \              604D00006251
   \              0100725C0000
   \              706204007069
   \              07007A630100
   \              82690100    
   \   000000F0   8C7604008D7A       DC32 292492, 359053, 293519, 425101, 425357, 491404, 360078, 30098, 98204, 623243
   \              05008F7A0400
   \              8D7C06008D7D
   \              06008C7F0700
   \              8E7E05009275
   \              00009C7F0100
   \              8B820900    
   \   00000118   8B830A008B84       DC32 689035, 689291, 557196, 557452, 755084, 164508, 98976, 169139, 103604, 366771
   \              0A008C800800
   \              8C8108008C85
   \              0B009C820200
   \              A0820100B394
   \              0200B4940100
   \              B3980500    
   \   00000140   BB9B0000CAA5       DC32 39867, 42442, 372686, 701382, 175570, 310240, 773858, 1037796, 841967, 908014
   \              0000CEAF0500
   \              C6B30A00D2AD
   \              0200E0BB0400
   \              E2CE0B00E4D5
   \              0F00EFD80C00
   \              EEDA0D00    
   \   00000168   EDDE0F00EEDC       DC32 1040109, 974062, 50162, 50419, 50678, 50934, 445425, 446450, 314869, 446454
   \              0E00F2C30000
   \              F3C40000F6C5
   \              0000F6C60000
   \              F1CB0600F2CF
   \              0600F5CD0400
   \              F6CF0600    
   \   00000190   FECE0200F5D1       DC32 184062, 446965, 578033, 709616, 710128, 710387, 578548, 776435, 842738, 974321
   \              0600F1D10800
   \              F0D30A00F0D5
   \              0A00F3D60A00
   \              F4D30800F3D8
   \              0B00F2DB0C00
   \              F1DD0E00    
   \   000001B8   F1DF0F00FDD2       DC32 1040369, 250621, 119294, 185086, 185087, 185343, 120063, 120575, 251647, 251903
   \              0300FED10100
   \              FED20200FFD2
   \              0200FFD30200
   \              FFD40100FFD6
   \              0100FFD60300
   \              FFD70300    
   \   000001E0   FDD60600FDD7       DC32 448253, 448509, 316670, 317439, 448510, 121087, 187135, 252671, 252927, 448765
   \              0600FED40400
   \              FFD70400FED7
   \              0600FFD80100
   \              FFDA0200FFDA
   \              0300FFDB0300
   \              FDD80600    
   \   00000208   FED80600FED9       DC32 448766, 449022, 778235, 580348, 580349, 712444, 1171948, 1106157, 1172204, 1172719
   \              0600FBDF0B00
   \              FCDA0800FDDA
   \              0800FCDE0A00
   \              ECE11100EDE0
   \              1000ECE21100
   \              EFE41100    
   \   00000230   F1E10F00F8E2       DC32 1040881, 910072, 844538, 844795, 976121, 1042169, 910843, 976378, 1042426, 778492
   \              0D00FAE20C00
   \              FBE30C00F9E4
   \              0E00F9E60F00
   \              FBE50D00FAE5
   \              0E00FAE70F00
   \              FCE00B00    
   \   00000258   FFEA0A00FFEB       DC32 715519, 715775, 912383, 1106416, 1172464, 1238256, 1240055, 1240311, 1108473, 1174264
   \              0A00FFEB0D00
   \              F0E11000F0E3
   \              1100F0E41200
   \              F7EB1200F7EC
   \              1200F9E91000
   \              F8EA1100    
   \   00000280   F9EB1100FBEA       DC32 1174521, 1108731
   \              1000        
     40               0x13ECF6,0x10E7F7,0x0ADCFA,0x03D0FE
     41              ,0x04D3FD,0x06D5FC,0x06D7FC,0x08D9FB
     42              ,0x0BDEFA,0x0CE1F9,0x0EE3F8,0x0FE5F8
     43              ,0x11E9F7,0x12EAF6,0x12EBF6,0x0DE2F9
     44              ,0x02CFFE,0x01CEFF,0x06D6FC,0x00C6F7
     45              ,0x03DDFF,0x006680,0x0189A9,0x000000
     46              ,0x0B858B,0x12E3EC,0x12E6EF,0x13EDF7
     47              ,0x13EEF8,0x03DCFF,0x0ADDFB,0x000203
     48              ,0x006077,0x006881,0x018AA9,0x06E4FF
     49              ,0x10E8F8,0x12ECF8,0x000709,0x000A0D
     50              ,0x000D10,0x001015,0x011316,0x001317
     51              ,0x001A1F,0x03282C,0x002A34,0x003440
     52              ,0x003642,0x013A48,0x003B49,0x003D4D
     53              ,0x024D5C,0x004D60,0x015162,0x005C72
     54              ,0x046270,0x076970,0x01637A,0x016982
     55              ,0x04768C,0x057A8D,0x047A8F,0x067C8D
     56              ,0x067D8D,0x077F8C,0x057E8E,0x007592
     57              ,0x017F9C,0x09828B,0x0A838B,0x0A848B
     58              ,0x08808C,0x08818C,0x0B858C,0x02829C
     59              ,0x0182A0,0x0294B3,0x0194B4,0x0598B3
     60              ,0x009BBB,0x00A5CA,0x05AFCE,0x0AB3C6
     61              ,0x02ADD2,0x04BBE0,0x0BCEE2,0x0FD5E4
     62              ,0x0CD8EF,0x0DDAEE,0x0FDEED,0x0EDCEE
     63              ,0x00C3F2,0x00C4F3,0x00C5F6,0x00C6F6
     64              ,0x06CBF1,0x06CFF2,0x04CDF5,0x06CFF6
     65              ,0x02CEFE,0x06D1F5,0x08D1F1,0x0AD3F0
     66              ,0x0AD5F0,0x0AD6F3,0x08D3F4,0x0BD8F3
     67              ,0x0CDBF2,0x0EDDF1,0x0FDFF1,0x03D2FD
     68              ,0x01D1FE,0x02D2FE,0x02D2FF,0x02D3FF
     69              ,0x01D4FF,0x01D6FF,0x03D6FF,0x03D7FF
     70              ,0x06D6FD,0x06D7FD,0x04D4FE,0x04D7FF
     71              ,0x06D7FE,0x01D8FF,0x02DAFF,0x03DAFF
     72              ,0x03DBFF,0x06D8FD,0x06D8FE,0x06D9FE
     73              ,0x0BDFFB,0x08DAFC,0x08DAFD,0x0ADEFC
     74              ,0x11E1EC,0x10E0ED,0x11E2EC,0x11E4EF
     75              ,0x0FE1F1,0x0DE2F8,0x0CE2FA,0x0CE3FB
     76              ,0x0EE4F9,0x0FE6F9,0x0DE5FB,0x0EE5FA
     77              ,0x0FE7FA,0x0BE0FC,0x0AEAFF,0x0AEBFF
     78              ,0x0DEBFF,0x10E1F0,0x11E3F0,0x12E4F0
     79              ,0x12EBF7,0x12ECF7,0x10E9F9,0x11EAF8
     80              ,0x11EBF9,0x10EAFB
     81          };
     82          

   \                                 In section .rodata, align 4, keep-with-next
     83          static GUI_CONST_STORAGE GUI_LOGPALETTE PalSmallYellowButton = {
   \                     PalSmallYellowButton:
   \   00000000                      ; Initializer data, 12 bytes
   \   00000000   A2000000           DC32 162
   \   00000004   00000000           DC8 0, 0, 0, 0
   \   00000008   ........           DC32 ColorsSmallYellowButton
     84            162,	/* number of entries */
     85            0, 	/* No transparency */
     86            &ColorsSmallYellowButton[0]
     87          };
     88          

   \                                 In section .rodata, align 4, keep-with-next
     89          static GUI_CONST_STORAGE unsigned char acSmallYellowButton[] = {
   \                     acSmallYellowButton:
   \   00000000                      ; Initializer data, 3200 bytes
   \   00000000   171717172932       DC8 23, 23, 23, 23, 41, 50, 32, 33, 21, 21
   \              20211515    
   \   0000000A   151515151515       DC8 21, 21, 21, 21, 21, 21, 21, 21, 21, 21
   \              15151515    
   \   00000014   151515151515       DC8 21, 21, 21, 21, 21, 21, 21, 21, 21, 21
   \              15151515    
   \   0000001E   151515151515       DC8 21, 21, 21, 21, 21, 21, 21, 21, 21, 21
   \              15151515    
   \   00000028   151515151515       DC8 21, 21, 21, 21, 21, 21, 21, 21, 21, 21
   \              15151515    
   \   00000032   151515151515       DC8 21, 21, 21, 21, 21, 21, 21, 21, 21, 21
   \              15151515    
   \   0000003C   151515151515       DC8 21, 21, 21, 21, 21, 21, 21, 21, 21, 21
   \              15151515    
   \   00000046   15151521372F       DC8 21, 21, 21, 33, 55, 47, 39, 23, 23, 23
   \              27171717    
   \   00000050   17171735515D       DC8 23, 23, 23, 53, 81, 93, 95, 19, 19, 19
   \              5F131313    
   \   0000005A   131313131313       DC8 19, 19, 19, 19, 19, 19, 19, 19, 19, 19
   \              13131313    
   \   00000064   131313131313       DC8 19, 19, 19, 19, 19, 19, 19, 19, 19, 19
   \              13131313    
   \   0000006E   131313131313       DC8 19, 19, 19, 19, 19, 19, 19, 19, 19, 19
   \              13131313    
   \   00000078   131313131313       DC8 19, 19, 19, 19, 19, 19, 19, 19, 19, 19
   \              13131313    
   \   00000082   131313131313       DC8 19, 19, 19, 19, 19, 19, 19, 19, 19, 19
   \              13131313    
   \   0000008C   131313131313       DC8 19, 19, 19, 19, 19, 19, 19, 19, 19, 19
   \              13131313    
   \   00000096   131313135E5C       DC8 19, 19, 19, 19, 94, 92, 80, 51, 23, 23
   \              50331717    
   \   000000A0   171F437D7411       DC8 23, 31, 67, 125, 116, 17, 17, 17, 17, 17
   \              11111111    
   \   000000AA   111111111111       DC8 17, 17, 17, 17, 17, 17, 17, 17, 17, 17
   \              11111111    
   \   000000B4   111111111111       DC8 17, 17, 17, 17, 17, 17, 17, 17, 17, 17
   \              11111111    
   \   000000BE   111111111111       DC8 17, 17, 17, 17, 17, 17, 17, 17, 17, 17
   \              11111111    
   \   000000C8   111111111111       DC8 17, 17, 17, 17, 17, 17, 17, 17, 17, 17
   \              11111111    
   \   000000D2   111111111111       DC8 17, 17, 17, 17, 17, 17, 17, 17, 17, 17
   \              11111111    
   \   000000DC   111111111111       DC8 17, 17, 17, 17, 17, 17, 17, 17, 17, 17
   \              11111111    
   \   000000E6   111111111111       DC8 17, 17, 17, 17, 17, 17, 117, 112, 32, 23
   \              75702017    
   \   000000F0   17367E721010       DC8 23, 54, 126, 114, 16, 16, 16, 16, 16, 16
   \              10101010    
   \   000000FA   101010101010       DC8 16, 16, 16, 16, 16, 16, 16, 16, 16, 16
   \              10101010    
   \   00000104   101010101010       DC8 16, 16, 16, 16, 16, 16, 16, 16, 16, 16
   \              10101010    
   \   0000010E   101010101010       DC8 16, 16, 16, 16, 16, 16, 16, 16, 16, 16
   \              10101010    
   \   00000118   101010101010       DC8 16, 16, 16, 16, 16, 16, 16, 16, 16, 16
   \              10101010    
   \   00000122   101010101010       DC8 16, 16, 16, 16, 16, 16, 16, 16, 16, 16
   \              10101010    
   \   0000012C   101010101010       DC8 16, 16, 16, 16, 16, 16, 16, 16, 16, 16
   \              10101010    
   \   00000136   101010101010       DC8 16, 16, 16, 16, 16, 16, 100, 115, 113, 49
   \              64737131    
   \   00000140   2B5477030303       DC8 43, 84, 119, 3, 3, 3, 3, 3, 3, 3
   \              03030303    
   \   0000014A   030303030303       DC8 3, 3, 3, 3, 3, 3, 3, 3, 3, 3
   \              03030303    
   \   00000154   030303030303       DC8 3, 3, 3, 3, 3, 3, 3, 3, 3, 3
   \              03030303    
   \   0000015E   030303030303       DC8 3, 3, 3, 3, 3, 3, 3, 3, 3, 3
   \              03030303    
   \   00000168   030303030303       DC8 3, 3, 3, 3, 3, 3, 3, 3, 3, 3
   \              03030303    
   \   00000172   030303030303       DC8 3, 3, 3, 3, 3, 3, 3, 3, 3, 3
   \              03030303    
   \   0000017C   030303030303       DC8 3, 3, 3, 3, 3, 3, 3, 3, 3, 3
   \              03030303    
   \   00000186   030303030303       DC8 3, 3, 3, 3, 3, 3, 3, 3, 29, 78
   \              03031D4E    
   \   00000190   34627A040404       DC8 52, 98, 122, 4, 4, 4, 4, 4, 4, 4
   \              04040404    
   \   0000019A   040404040404       DC8 4, 4, 4, 4, 4, 4, 4, 4, 4, 4
   \              04040404    
   \   000001A4   040404040404       DC8 4, 4, 4, 4, 4, 4, 4, 4, 4, 4
   \              04040404    
   \   000001AE   040404040404       DC8 4, 4, 4, 4, 4, 4, 4, 4, 4, 4
   \              04040404    
   \   000001B8   040404040404       DC8 4, 4, 4, 4, 4, 4, 4, 4, 4, 4
   \              04040404    
   \   000001C2   040404040404       DC8 4, 4, 4, 4, 4, 4, 4, 4, 4, 4
   \              04040404    
   \   000001CC   040404040404       DC8 4, 4, 4, 4, 4, 4, 4, 4, 4, 4
   \              04040404    
   \   000001D6   040404040404       DC8 4, 4, 4, 4, 4, 4, 4, 4, 123, 85
   \              04047B55    
   \   000001E0   3C6378050505       DC8 60, 99, 120, 5, 5, 5, 5, 5, 5, 5
   \              05050505    
   \   000001EA   050505050505       DC8 5, 5, 5, 5, 5, 5, 5, 5, 5, 5
   \              05050505    
   \   000001F4   050505050505       DC8 5, 5, 5, 5, 5, 5, 5, 5, 5, 5
   \              05050505    
   \   000001FE   050505050505       DC8 5, 5, 5, 5, 5, 5, 5, 5, 5, 5
   \              05050505    
   \   00000208   050505050505       DC8 5, 5, 5, 5, 5, 5, 5, 5, 5, 5
   \              05050505    
   \   00000212   050505050505       DC8 5, 5, 5, 5, 5, 5, 5, 5, 5, 5
   \              05050505    
   \   0000021C   050505050505       DC8 5, 5, 5, 5, 5, 5, 5, 5, 5, 5
   \              05050505    
   \   00000226   050505050505       DC8 5, 5, 5, 5, 5, 5, 5, 5, 124, 96
   \              05057C60    
   \   00000230   3E6581060606       DC8 62, 101, 129, 6, 6, 6, 6, 6, 6, 6
   \              06060606    
   \   0000023A   060606060606       DC8 6, 6, 6, 6, 6, 6, 6, 6, 6, 6
   \              06060606    
   \   00000244   060606060606       DC8 6, 6, 6, 6, 6, 6, 6, 6, 6, 6
   \              06060606    
   \   0000024E   060606060606       DC8 6, 6, 6, 6, 6, 6, 6, 6, 6, 6
   \              06060606    
   \   00000258   060606060606       DC8 6, 6, 6, 6, 6, 6, 6, 6, 6, 6
   \              06060606    
   \   00000262   060606060606       DC8 6, 6, 6, 6, 6, 6, 6, 6, 6, 6
   \              06060606    
   \   0000026C   060606060606       DC8 6, 6, 6, 6, 6, 6, 6, 6, 6, 6
   \              06060606    
   \   00000276   060606060606       DC8 6, 6, 6, 6, 6, 6, 6, 6, 131, 97
   \              06068361    
   \   00000280   3D6A85070707       DC8 61, 106, 133, 7, 7, 7, 7, 7, 7, 7
   \              07070707    
   \   0000028A   070707070707       DC8 7, 7, 7, 7, 7, 7, 7, 7, 7, 7
   \              07070707    
   \   00000294   070707070707       DC8 7, 7, 7, 7, 7, 7, 7, 7, 7, 7
   \              07070707    
   \   0000029E   070707070707       DC8 7, 7, 7, 7, 7, 7, 7, 7, 7, 7
   \              07070707    
   \   000002A8   070707070707       DC8 7, 7, 7, 7, 7, 7, 7, 7, 7, 7
   \              07070707    
   \   000002B2   070707070707       DC8 7, 7, 7, 7, 7, 7, 7, 7, 7, 7
   \              07070707    
   \   000002BC   070707070707       DC8 7, 7, 7, 7, 7, 7, 7, 7, 7, 7
   \              07070707    
   \   000002C6   070707070707       DC8 7, 7, 7, 7, 7, 7, 7, 7, 134, 102
   \              07078666    
   \   000002D0   3F691E020202       DC8 63, 105, 30, 2, 2, 2, 2, 2, 2, 2
   \              02020202    
   \   000002DA   020202020202       DC8 2, 2, 2, 2, 2, 2, 2, 2, 2, 2
   \              02020202    
   \   000002E4   020202020202       DC8 2, 2, 2, 2, 2, 2, 2, 2, 2, 2
   \              02020202    
   \   000002EE   020202020202       DC8 2, 2, 2, 2, 2, 2, 2, 2, 2, 2
   \              02020202    
   \   000002F8   020202020202       DC8 2, 2, 2, 2, 2, 2, 2, 2, 2, 2
   \              02020202    
   \   00000302   020202020202       DC8 2, 2, 2, 2, 2, 2, 2, 2, 2, 2
   \              02020202    
   \   0000030C   020202020202       DC8 2, 2, 2, 2, 2, 2, 2, 2, 2, 2
   \              02020202    
   \   00000316   020202020202       DC8 2, 2, 2, 2, 2, 2, 2, 2, 135, 103
   \              02028767    
   \   00000320   406B84080808       DC8 64, 107, 132, 8, 8, 8, 8, 8, 8, 8
   \              08080808    
   \   0000032A   080808080808       DC8 8, 8, 8, 8, 8, 8, 8, 8, 8, 8
   \              08080808    
   \   00000334   080808080808       DC8 8, 8, 8, 8, 8, 8, 8, 8, 8, 8
   \              08080808    
   \   0000033E   080808080808       DC8 8, 8, 8, 8, 8, 8, 8, 8, 8, 8
   \              08080808    
   \   00000348   080808080808       DC8 8, 8, 8, 8, 8, 8, 8, 8, 8, 8
   \              08080808    
   \   00000352   080808080808       DC8 8, 8, 8, 8, 8, 8, 8, 8, 8, 8
   \              08080808    
   \   0000035C   080808080808       DC8 8, 8, 8, 8, 8, 8, 8, 8, 8, 8
   \              08080808    
   \   00000366   080808080808       DC8 8, 8, 8, 8, 8, 8, 8, 8, 149, 104
   \              08089568    
   \   00000370   416C8E090909       DC8 65, 108, 142, 9, 9, 9, 9, 9, 9, 9
   \              09090909    
   \   0000037A   090909090909       DC8 9, 9, 9, 9, 9, 9, 9, 9, 9, 9
   \              09090909    
   \   00000384   090909090909       DC8 9, 9, 9, 9, 9, 9, 9, 9, 9, 9
   \              09090909    
   \   0000038E   090909090909       DC8 9, 9, 9, 9, 9, 9, 9, 9, 9, 9
   \              09090909    
   \   00000398   090909090909       DC8 9, 9, 9, 9, 9, 9, 9, 9, 9, 9
   \              09090909    
   \   000003A2   090909090909       DC8 9, 9, 9, 9, 9, 9, 9, 9, 9, 9
   \              09090909    
   \   000003AC   090909090909       DC8 9, 9, 9, 9, 9, 9, 9, 9, 9, 9
   \              09090909    
   \   000003B6   090909090909       DC8 9, 9, 9, 9, 9, 9, 9, 9, 143, 88
   \              09098F58    
   \   000003C0   486D900A0A0A       DC8 72, 109, 144, 10, 10, 10, 10, 10, 10, 10
   \              0A0A0A0A    
   \   000003CA   0A0A0A0A0A0A       DC8 10, 10, 10, 10, 10, 10, 10, 10, 10, 10
   \              0A0A0A0A    
   \   000003D4   0A0A0A0A0A0A       DC8 10, 10, 10, 10, 10, 10, 10, 10, 10, 10
   \              0A0A0A0A    
   \   000003DE   0A0A0A0A0A0A       DC8 10, 10, 10, 10, 10, 10, 10, 10, 10, 10
   \              0A0A0A0A    
   \   000003E8   0A0A0A0A0A0A       DC8 10, 10, 10, 10, 10, 10, 10, 10, 10, 10
   \              0A0A0A0A    
   \   000003F2   0A0A0A0A0A0A       DC8 10, 10, 10, 10, 10, 10, 10, 10, 10, 10
   \              0A0A0A0A    
   \   000003FC   0A0A0A0A0A0A       DC8 10, 10, 10, 10, 10, 10, 10, 10, 10, 10
   \              0A0A0A0A    
   \   00000406   0A0A0A0A0A0A       DC8 10, 10, 10, 10, 10, 10, 10, 10, 147, 89
   \              0A0A9359    
   \   00000410   496E910B0B0B       DC8 73, 110, 145, 11, 11, 11, 11, 11, 11, 11
   \              0B0B0B0B    
   \   0000041A   0B0B0B0B0B0B       DC8 11, 11, 11, 11, 11, 11, 11, 11, 11, 11
   \              0B0B0B0B    
   \   00000424   0B0B0B0B0B0B       DC8 11, 11, 11, 11, 11, 11, 11, 11, 11, 11
   \              0B0B0B0B    
   \   0000042E   0B0B0B0B0B0B       DC8 11, 11, 11, 11, 11, 11, 11, 11, 11, 11
   \              0B0B0B0B    
   \   00000438   0B0B0B0B0B0B       DC8 11, 11, 11, 11, 11, 11, 11, 11, 11, 11
   \              0B0B0B0B    
   \   00000442   0B0B0B0B0B0B       DC8 11, 11, 11, 11, 11, 11, 11, 11, 11, 11
   \              0B0B0B0B    
   \   0000044C   0B0B0B0B0B0B       DC8 11, 11, 11, 11, 11, 11, 11, 11, 11, 11
   \              0B0B0B0B    
   \   00000456   0B0B0B0B0B0B       DC8 11, 11, 11, 11, 11, 11, 11, 11, 148, 91
   \              0B0B945B    
   \   00000460   459924010101       DC8 69, 153, 36, 1, 1, 1, 1, 1, 1, 1
   \              01010101    
   \   0000046A   010101010101       DC8 1, 1, 1, 1, 1, 1, 1, 1, 1, 1
   \              01010101    
   \   00000474   010101010101       DC8 1, 1, 1, 1, 1, 1, 1, 1, 1, 1
   \              01010101    
   \   0000047E   010101010101       DC8 1, 1, 1, 1, 1, 1, 1, 1, 1, 1
   \              01010101    
   \   00000488   010101010101       DC8 1, 1, 1, 1, 1, 1, 1, 1, 1, 1
   \              01010101    
   \   00000492   010101010101       DC8 1, 1, 1, 1, 1, 1, 1, 1, 1, 1
   \              01010101    
   \   0000049C   010101010101       DC8 1, 1, 1, 1, 1, 1, 1, 1, 1, 1
   \              01010101    
   \   000004A6   010101010101       DC8 1, 1, 1, 1, 1, 1, 1, 1, 158, 90
   \              01019E5A    
   \   000004B0   469A9F0C0C0C       DC8 70, 154, 159, 12, 12, 12, 12, 12, 12, 12
   \              0C0C0C0C    
   \   000004BA   0C0C0C0C0C0C       DC8 12, 12, 12, 12, 12, 12, 12, 12, 12, 12
   \              0C0C0C0C    
   \   000004C4   0C0C0C0C0C0C       DC8 12, 12, 12, 12, 12, 12, 12, 12, 12, 12
   \              0C0C0C0C    
   \   000004CE   0C0C0C0C0C0C       DC8 12, 12, 12, 12, 12, 12, 12, 12, 12, 12
   \              0C0C0C0C    
   \   000004D8   0C0C0C0C0C0C       DC8 12, 12, 12, 12, 12, 12, 12, 12, 12, 12
   \              0C0C0C0C    
   \   000004E2   0C0C0C0C0C0C       DC8 12, 12, 12, 12, 12, 12, 12, 12, 12, 12
   \              0C0C0C0C    
   \   000004EC   0C0C0C0C0C0C       DC8 12, 12, 12, 12, 12, 12, 12, 12, 12, 12
   \              0C0C0C0C    
   \   000004F6   0C0C0C0C0C0C       DC8 12, 12, 12, 12, 12, 12, 12, 12, 160, 137
   \              0C0CA089    
   \   00000500   478B9C0D0D0D       DC8 71, 139, 156, 13, 13, 13, 13, 13, 13, 13
   \              0D0D0D0D    
   \   0000050A   0D0D0D0D0D0D       DC8 13, 13, 13, 13, 13, 13, 13, 13, 13, 13
   \              0D0D0D0D    
   \   00000514   0D0D0D0D0D0D       DC8 13, 13, 13, 13, 13, 13, 13, 13, 13, 13
   \              0D0D0D0D    
   \   0000051E   0D0D0D0D0D0D       DC8 13, 13, 13, 13, 13, 13, 13, 13, 13, 13
   \              0D0D0D0D    
   \   00000528   0D0D0D0D0D0D       DC8 13, 13, 13, 13, 13, 13, 13, 13, 13, 13
   \              0D0D0D0D    
   \   00000532   0D0D0D0D0D0D       DC8 13, 13, 13, 13, 13, 13, 13, 13, 13, 13
   \              0D0D0D0D    
   \   0000053C   0D0D0D0D0D0D       DC8 13, 13, 13, 13, 13, 13, 13, 13, 13, 13
   \              0D0D0D0D    
   \   00000546   0D0D0D0D0D0D       DC8 13, 13, 13, 13, 13, 13, 13, 13, 37, 136
   \              0D0D2588    
   \   00000550   181A1B000000       DC8 24, 26, 27, 0, 0, 0, 0, 0, 0, 0
   \              00000000    
   \   0000055A   000000000000       DC8 0, 0, 0, 0, 0, 0, 0, 0, 0, 0
   \              00000000    
   \   00000564   000000000000       DC8 0, 0, 0, 0, 0, 0, 0, 0, 0, 0
   \              00000000    
   \   0000056E   000000000000       DC8 0, 0, 0, 0, 0, 0, 0, 0, 0, 0
   \              00000000    
   \   00000578   000000000000       DC8 0, 0, 0, 0, 0, 0, 0, 0, 0, 0
   \              00000000    
   \   00000582   000000000000       DC8 0, 0, 0, 0, 0, 0, 0, 0, 0, 0
   \              00000000    
   \   0000058C   000000000000       DC8 0, 0, 0, 0, 0, 0, 0, 0, 0, 0
   \              00000000    
   \   00000596   000000000000       DC8 0, 0, 0, 0, 0, 0, 0, 0, 28, 25
   \              00001C19    
   \   000005A0   181A1B000000       DC8 24, 26, 27, 0, 0, 0, 0, 0, 0, 0
   \              00000000    
   \   000005AA   000000000000       DC8 0, 0, 0, 0, 0, 0, 0, 0, 0, 0
   \              00000000    
   \   000005B4   000000000000       DC8 0, 0, 0, 0, 0, 0, 0, 0, 0, 0
   \              00000000    
   \   000005BE   000000000000       DC8 0, 0, 0, 0, 0, 0, 0, 0, 0, 0
   \              00000000    
   \   000005C8   000000000000       DC8 0, 0, 0, 0, 0, 0, 0, 0, 0, 0
   \              00000000    
   \   000005D2   000000000000       DC8 0, 0, 0, 0, 0, 0, 0, 0, 0, 0
   \              00000000    
   \   000005DC   000000000000       DC8 0, 0, 0, 0, 0, 0, 0, 0, 0, 0
   \              00000000    
   \   000005E6   000000000000       DC8 0, 0, 0, 0, 0, 0, 0, 0, 28, 25
   \              00001C19    
   \   000005F0   181A1B000000       DC8 24, 26, 27, 0, 0, 0, 0, 0, 0, 0
   \              00000000    
   \   000005FA   000000000000       DC8 0, 0, 0, 0, 0, 0, 0, 0, 0, 0
   \              00000000    
   \   00000604   000000000000       DC8 0, 0, 0, 0, 0, 0, 0, 0, 0, 0
   \              00000000    
   \   0000060E   000000000000       DC8 0, 0, 0, 0, 0, 0, 0, 0, 0, 0
   \              00000000    
   \   00000618   000000000000       DC8 0, 0, 0, 0, 0, 0, 0, 0, 0, 0
   \              00000000    
   \   00000622   000000000000       DC8 0, 0, 0, 0, 0, 0, 0, 0, 0, 0
   \              00000000    
   \   0000062C   000000000000       DC8 0, 0, 0, 0, 0, 0, 0, 0, 0, 0
   \              00000000    
   \   00000636   000000000000       DC8 0, 0, 0, 0, 0, 0, 0, 0, 28, 25
   \              00001C19    
   \   00000640   181A1B000000       DC8 24, 26, 27, 0, 0, 0, 0, 0, 0, 0
   \              00000000    
   \   0000064A   000000000000       DC8 0, 0, 0, 0, 0, 0, 0, 0, 0, 0
   \              00000000    
   \   00000654   000000000000       DC8 0, 0, 0, 0, 0, 0, 0, 0, 0, 0
   \              00000000    
   \   0000065E   000000000000       DC8 0, 0, 0, 0, 0, 0, 0, 0, 0, 0
   \              00000000    
   \   00000668   000000000000       DC8 0, 0, 0, 0, 0, 0, 0, 0, 0, 0
   \              00000000    
   \   00000672   000000000000       DC8 0, 0, 0, 0, 0, 0, 0, 0, 0, 0
   \              00000000    
   \   0000067C   000000000000       DC8 0, 0, 0, 0, 0, 0, 0, 0, 0, 0
   \              00000000    
   \   00000686   000000000000       DC8 0, 0, 0, 0, 0, 0, 0, 0, 28, 25
   \              00001C19    
   \   00000690   181A1B000000       DC8 24, 26, 27, 0, 0, 0, 0, 0, 0, 0
   \              00000000    
   \   0000069A   000000000000       DC8 0, 0, 0, 0, 0, 0, 0, 0, 0, 0
   \              00000000    
   \   000006A4   000000000000       DC8 0, 0, 0, 0, 0, 0, 0, 0, 0, 0
   \              00000000    
   \   000006AE   000000000000       DC8 0, 0, 0, 0, 0, 0, 0, 0, 0, 0
   \              00000000    
   \   000006B8   000000000000       DC8 0, 0, 0, 0, 0, 0, 0, 0, 0, 0
   \              00000000    
   \   000006C2   000000000000       DC8 0, 0, 0, 0, 0, 0, 0, 0, 0, 0
   \              00000000    
   \   000006CC   000000000000       DC8 0, 0, 0, 0, 0, 0, 0, 0, 0, 0
   \              00000000    
   \   000006D6   000000000000       DC8 0, 0, 0, 0, 0, 0, 0, 0, 28, 25
   \              00001C19    
   \   000006E0   181A1B000000       DC8 24, 26, 27, 0, 0, 0, 0, 0, 0, 0
   \              00000000    
   \   000006EA   000000000000       DC8 0, 0, 0, 0, 0, 0, 0, 0, 0, 0
   \              00000000    
   \   000006F4   000000000000       DC8 0, 0, 0, 0, 0, 0, 0, 0, 0, 0
   \              00000000    
   \   000006FE   000000000000       DC8 0, 0, 0, 0, 0, 0, 0, 0, 0, 0
   \              00000000    
   \   00000708   000000000000       DC8 0, 0, 0, 0, 0, 0, 0, 0, 0, 0
   \              00000000    
   \   00000712   000000000000       DC8 0, 0, 0, 0, 0, 0, 0, 0, 0, 0
   \              00000000    
   \   0000071C   000000000000       DC8 0, 0, 0, 0, 0, 0, 0, 0, 0, 0
   \              00000000    
   \   00000726   000000000000       DC8 0, 0, 0, 0, 0, 0, 0, 0, 28, 25
   \              00001C19    
   \   00000730   181A1B000000       DC8 24, 26, 27, 0, 0, 0, 0, 0, 0, 0
   \              00000000    
   \   0000073A   000000000000       DC8 0, 0, 0, 0, 0, 0, 0, 0, 0, 0
   \              00000000    
   \   00000744   000000000000       DC8 0, 0, 0, 0, 0, 0, 0, 0, 0, 0
   \              00000000    
   \   0000074E   000000000000       DC8 0, 0, 0, 0, 0, 0, 0, 0, 0, 0
   \              00000000    
   \   00000758   000000000000       DC8 0, 0, 0, 0, 0, 0, 0, 0, 0, 0
   \              00000000    
   \   00000762   000000000000       DC8 0, 0, 0, 0, 0, 0, 0, 0, 0, 0
   \              00000000    
   \   0000076C   000000000000       DC8 0, 0, 0, 0, 0, 0, 0, 0, 0, 0
   \              00000000    
   \   00000776   000000000000       DC8 0, 0, 0, 0, 0, 0, 0, 0, 28, 25
   \              00001C19    
   \   00000780   181A1B000000       DC8 24, 26, 27, 0, 0, 0, 0, 0, 0, 0
   \              00000000    
   \   0000078A   000000000000       DC8 0, 0, 0, 0, 0, 0, 0, 0, 0, 0
   \              00000000    
   \   00000794   000000000000       DC8 0, 0, 0, 0, 0, 0, 0, 0, 0, 0
   \              00000000    
   \   0000079E   000000000000       DC8 0, 0, 0, 0, 0, 0, 0, 0, 0, 0
   \              00000000    
   \   000007A8   000000000000       DC8 0, 0, 0, 0, 0, 0, 0, 0, 0, 0
   \              00000000    
   \   000007B2   000000000000       DC8 0, 0, 0, 0, 0, 0, 0, 0, 0, 0
   \              00000000    
   \   000007BC   000000000000       DC8 0, 0, 0, 0, 0, 0, 0, 0, 0, 0
   \              00000000    
   \   000007C6   000000000000       DC8 0, 0, 0, 0, 0, 0, 0, 0, 28, 25
   \              00001C19    
   \   000007D0   181A1B000000       DC8 24, 26, 27, 0, 0, 0, 0, 0, 0, 0
   \              00000000    
   \   000007DA   000000000000       DC8 0, 0, 0, 0, 0, 0, 0, 0, 0, 0
   \              00000000    
   \   000007E4   000000000000       DC8 0, 0, 0, 0, 0, 0, 0, 0, 0, 0
   \              00000000    
   \   000007EE   000000000000       DC8 0, 0, 0, 0, 0, 0, 0, 0, 0, 0
   \              00000000    
   \   000007F8   000000000000       DC8 0, 0, 0, 0, 0, 0, 0, 0, 0, 0
   \              00000000    
   \   00000802   000000000000       DC8 0, 0, 0, 0, 0, 0, 0, 0, 0, 0
   \              00000000    
   \   0000080C   000000000000       DC8 0, 0, 0, 0, 0, 0, 0, 0, 0, 0
   \              00000000    
   \   00000816   000000000000       DC8 0, 0, 0, 0, 0, 0, 0, 0, 28, 25
   \              00001C19    
   \   00000820   181A1B000000       DC8 24, 26, 27, 0, 0, 0, 0, 0, 0, 0
   \              00000000    
   \   0000082A   000000000000       DC8 0, 0, 0, 0, 0, 0, 0, 0, 0, 0
   \              00000000    
   \   00000834   000000000000       DC8 0, 0, 0, 0, 0, 0, 0, 0, 0, 0
   \              00000000    
   \   0000083E   000000000000       DC8 0, 0, 0, 0, 0, 0, 0, 0, 0, 0
   \              00000000    
   \   00000848   000000000000       DC8 0, 0, 0, 0, 0, 0, 0, 0, 0, 0
   \              00000000    
   \   00000852   000000000000       DC8 0, 0, 0, 0, 0, 0, 0, 0, 0, 0
   \              00000000    
   \   0000085C   000000000000       DC8 0, 0, 0, 0, 0, 0, 0, 0, 0, 0
   \              00000000    
   \   00000866   000000000000       DC8 0, 0, 0, 0, 0, 0, 0, 0, 28, 25
   \              00001C19    
   \   00000870   181A1B000000       DC8 24, 26, 27, 0, 0, 0, 0, 0, 0, 0
   \              00000000    
   \   0000087A   000000000000       DC8 0, 0, 0, 0, 0, 0, 0, 0, 0, 0
   \              00000000    
   \   00000884   000000000000       DC8 0, 0, 0, 0, 0, 0, 0, 0, 0, 0
   \              00000000    
   \   0000088E   000000000000       DC8 0, 0, 0, 0, 0, 0, 0, 0, 0, 0
   \              00000000    
   \   00000898   000000000000       DC8 0, 0, 0, 0, 0, 0, 0, 0, 0, 0
   \              00000000    
   \   000008A2   000000000000       DC8 0, 0, 0, 0, 0, 0, 0, 0, 0, 0
   \              00000000    
   \   000008AC   000000000000       DC8 0, 0, 0, 0, 0, 0, 0, 0, 0, 0
   \              00000000    
   \   000008B6   000000000000       DC8 0, 0, 0, 0, 0, 0, 0, 0, 28, 25
   \              00001C19    
   \   000008C0   181A1B000000       DC8 24, 26, 27, 0, 0, 0, 0, 0, 0, 0
   \              00000000    
   \   000008CA   000000000000       DC8 0, 0, 0, 0, 0, 0, 0, 0, 0, 0
   \              00000000    
   \   000008D4   000000000000       DC8 0, 0, 0, 0, 0, 0, 0, 0, 0, 0
   \              00000000    
   \   000008DE   000000000000       DC8 0, 0, 0, 0, 0, 0, 0, 0, 0, 0
   \              00000000    
   \   000008E8   000000000000       DC8 0, 0, 0, 0, 0, 0, 0, 0, 0, 0
   \              00000000    
   \   000008F2   000000000000       DC8 0, 0, 0, 0, 0, 0, 0, 0, 0, 0
   \              00000000    
   \   000008FC   000000000000       DC8 0, 0, 0, 0, 0, 0, 0, 0, 0, 0
   \              00000000    
   \   00000906   000000000000       DC8 0, 0, 0, 0, 0, 0, 0, 0, 28, 25
   \              00001C19    
   \   00000910   181A1B000000       DC8 24, 26, 27, 0, 0, 0, 0, 0, 0, 0
   \              00000000    
   \   0000091A   000000000000       DC8 0, 0, 0, 0, 0, 0, 0, 0, 0, 0
   \              00000000    
   \   00000924   000000000000       DC8 0, 0, 0, 0, 0, 0, 0, 0, 0, 0
   \              00000000    
   \   0000092E   000000000000       DC8 0, 0, 0, 0, 0, 0, 0, 0, 0, 0
   \              00000000    
   \   00000938   000000000000       DC8 0, 0, 0, 0, 0, 0, 0, 0, 0, 0
   \              00000000    
   \   00000942   000000000000       DC8 0, 0, 0, 0, 0, 0, 0, 0, 0, 0
   \              00000000    
   \   0000094C   000000000000       DC8 0, 0, 0, 0, 0, 0, 0, 0, 0, 0
   \              00000000    
   \   00000956   000000000000       DC8 0, 0, 0, 0, 0, 0, 0, 0, 28, 25
   \              00001C19    
   \   00000960   181A1B000000       DC8 24, 26, 27, 0, 0, 0, 0, 0, 0, 0
   \              00000000    
   \   0000096A   000000000000       DC8 0, 0, 0, 0, 0, 0, 0, 0, 0, 0
   \              00000000    
   \   00000974   000000000000       DC8 0, 0, 0, 0, 0, 0, 0, 0, 0, 0
   \              00000000    
   \   0000097E   000000000000       DC8 0, 0, 0, 0, 0, 0, 0, 0, 0, 0
   \              00000000    
   \   00000988   000000000000       DC8 0, 0, 0, 0, 0, 0, 0, 0, 0, 0
   \              00000000    
   \   00000992   000000000000       DC8 0, 0, 0, 0, 0, 0, 0, 0, 0, 0
   \              00000000    
   \   0000099C   000000000000       DC8 0, 0, 0, 0, 0, 0, 0, 0, 0, 0
   \              00000000    
   \   000009A6   000000000000       DC8 0, 0, 0, 0, 0, 0, 0, 0, 28, 25
   \              00001C19    
   \   000009B0   181A1B000000       DC8 24, 26, 27, 0, 0, 0, 0, 0, 0, 0
   \              00000000    
   \   000009BA   000000000000       DC8 0, 0, 0, 0, 0, 0, 0, 0, 0, 0
   \              00000000    
   \   000009C4   000000000000       DC8 0, 0, 0, 0, 0, 0, 0, 0, 0, 0
   \              00000000    
   \   000009CE   000000000000       DC8 0, 0, 0, 0, 0, 0, 0, 0, 0, 0
   \              00000000    
   \   000009D8   000000000000       DC8 0, 0, 0, 0, 0, 0, 0, 0, 0, 0
   \              00000000    
   \   000009E2   000000000000       DC8 0, 0, 0, 0, 0, 0, 0, 0, 0, 0
   \              00000000    
   \   000009EC   000000000000       DC8 0, 0, 0, 0, 0, 0, 0, 0, 0, 0
   \              00000000    
   \   000009F6   000000000000       DC8 0, 0, 0, 0, 0, 0, 0, 0, 28, 25
   \              00001C19    
   \   00000A00   181A1B000000       DC8 24, 26, 27, 0, 0, 0, 0, 0, 0, 0
   \              00000000    
   \   00000A0A   000000000000       DC8 0, 0, 0, 0, 0, 0, 0, 0, 0, 0
   \              00000000    
   \   00000A14   000000000000       DC8 0, 0, 0, 0, 0, 0, 0, 0, 0, 0
   \              00000000    
   \   00000A1E   000000000000       DC8 0, 0, 0, 0, 0, 0, 0, 0, 0, 0
   \              00000000    
   \   00000A28   000000000000       DC8 0, 0, 0, 0, 0, 0, 0, 0, 0, 0
   \              00000000    
   \   00000A32   000000000000       DC8 0, 0, 0, 0, 0, 0, 0, 0, 0, 0
   \              00000000    
   \   00000A3C   000000000000       DC8 0, 0, 0, 0, 0, 0, 0, 0, 0, 0
   \              00000000    
   \   00000A46   000000000000       DC8 0, 0, 0, 0, 0, 0, 0, 0, 28, 25
   \              00001C19    
   \   00000A50   4A9B9D0E0E0E       DC8 74, 155, 157, 14, 14, 14, 14, 14, 14, 14
   \              0E0E0E0E    
   \   00000A5A   0E0E0E0E0E0E       DC8 14, 14, 14, 14, 14, 14, 14, 14, 14, 14
   \              0E0E0E0E    
   \   00000A64   0E0E0E0E0E0E       DC8 14, 14, 14, 14, 14, 14, 14, 14, 14, 14
   \              0E0E0E0E    
   \   00000A6E   0E0E0E0E0E0E       DC8 14, 14, 14, 14, 14, 14, 14, 14, 14, 14
   \              0E0E0E0E    
   \   00000A78   0E0E0E0E0E0E       DC8 14, 14, 14, 14, 14, 14, 14, 14, 14, 14
   \              0E0E0E0E    
   \   00000A82   0E0E0E0E0E0E       DC8 14, 14, 14, 14, 14, 14, 14, 14, 14, 14
   \              0E0E0E0E    
   \   00000A8C   0E0E0E0E0E0E       DC8 14, 14, 14, 14, 14, 14, 14, 14, 14, 14
   \              0E0E0E0E    
   \   00000A96   0E0E0E0E0E0E       DC8 14, 14, 14, 14, 14, 14, 14, 14, 37, 138
   \              0E0E258A    
   \   00000AA0   398C24010101       DC8 57, 140, 36, 1, 1, 1, 1, 1, 1, 1
   \              01010101    
   \   00000AAA   010101010101       DC8 1, 1, 1, 1, 1, 1, 1, 1, 1, 1
   \              01010101    
   \   00000AB4   010101010101       DC8 1, 1, 1, 1, 1, 1, 1, 1, 1, 1
   \              01010101    
   \   00000ABE   010101010101       DC8 1, 1, 1, 1, 1, 1, 1, 1, 1, 1
   \              01010101    
   \   00000AC8   010101010101       DC8 1, 1, 1, 1, 1, 1, 1, 1, 1, 1
   \              01010101    
   \   00000AD2   010101010101       DC8 1, 1, 1, 1, 1, 1, 1, 1, 1, 1
   \              01010101    
   \   00000ADC   010101010101       DC8 1, 1, 1, 1, 1, 1, 1, 1, 1, 1
   \              01010101    
   \   00000AE6   010101010101       DC8 1, 1, 1, 1, 1, 1, 1, 1, 161, 87
   \              0101A157    
   \   00000AF0   2D56928D0F0F       DC8 45, 86, 146, 141, 15, 15, 15, 15, 15, 15
   \              0F0F0F0F    
   \   00000AFA   0F0F0F0F0F0F       DC8 15, 15, 15, 15, 15, 15, 15, 15, 15, 15
   \              0F0F0F0F    
   \   00000B04   0F0F0F0F0F0F       DC8 15, 15, 15, 15, 15, 15, 15, 15, 15, 15
   \              0F0F0F0F    
   \   00000B0E   0F0F0F0F0F0F       DC8 15, 15, 15, 15, 15, 15, 15, 15, 15, 15
   \              0F0F0F0F    
   \   00000B18   0F0F0F0F0F0F       DC8 15, 15, 15, 15, 15, 15, 15, 15, 15, 15
   \              0F0F0F0F    
   \   00000B22   0F0F0F0F0F0F       DC8 15, 15, 15, 15, 15, 15, 15, 15, 15, 15
   \              0F0F0F0F    
   \   00000B2C   0F0F0F0F0F0F       DC8 15, 15, 15, 15, 15, 15, 15, 15, 15, 15
   \              0F0F0F0F    
   \   00000B36   0F0F0F0F0F0F       DC8 15, 15, 15, 15, 15, 15, 15, 15, 152, 83
   \              0F0F9853    
   \   00000B40   1742971E0202       DC8 23, 66, 151, 30, 2, 2, 2, 2, 2, 2
   \              02020202    
   \   00000B4A   020202020202       DC8 2, 2, 2, 2, 2, 2, 2, 2, 2, 2
   \              02020202    
   \   00000B54   020202020202       DC8 2, 2, 2, 2, 2, 2, 2, 2, 2, 2
   \              02020202    
   \   00000B5E   020202020202       DC8 2, 2, 2, 2, 2, 2, 2, 2, 2, 2
   \              02020202    
   \   00000B68   020202020202       DC8 2, 2, 2, 2, 2, 2, 2, 2, 2, 2
   \              02020202    
   \   00000B72   020202020202       DC8 2, 2, 2, 2, 2, 2, 2, 2, 2, 2
   \              02020202    
   \   00000B7C   020202020202       DC8 2, 2, 2, 2, 2, 2, 2, 2, 2, 2
   \              02020202    
   \   00000B86   020202020202       DC8 2, 2, 2, 2, 2, 2, 2, 30, 150, 56
   \              021E9638    
   \   00000B90   172A52237912       DC8 23, 42, 82, 35, 121, 18, 18, 18, 18, 18
   \              12121212    
   \   00000B9A   121212121212       DC8 18, 18, 18, 18, 18, 18, 18, 18, 18, 18
   \              12121212    
   \   00000BA4   121212121212       DC8 18, 18, 18, 18, 18, 18, 18, 18, 18, 18
   \              12121212    
   \   00000BAE   121212121212       DC8 18, 18, 18, 18, 18, 18, 18, 18, 18, 18
   \              12121212    
   \   00000BB8   121212121212       DC8 18, 18, 18, 18, 18, 18, 18, 18, 18, 18
   \              12121212    
   \   00000BC2   121212121212       DC8 18, 18, 18, 18, 18, 18, 18, 18, 18, 18
   \              12121212    
   \   00000BCC   121212121212       DC8 18, 18, 18, 18, 18, 18, 18, 18, 18, 18
   \              12121212    
   \   00000BD6   121212121212       DC8 18, 18, 18, 18, 18, 18, 130, 35, 79, 38
   \              82234F26    
   \   00000BE0   17172C4D767F       DC8 23, 23, 44, 77, 118, 127, 29, 20, 20, 20
   \              1D141414    
   \   00000BEA   141414141414       DC8 20, 20, 20, 20, 20, 20, 20, 20, 20, 20
   \              14141414    
   \   00000BF4   141414141414       DC8 20, 20, 20, 20, 20, 20, 20, 20, 20, 20
   \              14141414    
   \   00000BFE   141414141414       DC8 20, 20, 20, 20, 20, 20, 20, 20, 20, 20
   \              14141414    
   \   00000C08   141414141414       DC8 20, 20, 20, 20, 20, 20, 20, 20, 20, 20
   \              14141414    
   \   00000C12   141414141414       DC8 20, 20, 20, 20, 20, 20, 20, 20, 20, 20
   \              14141414    
   \   00000C1C   141414141414       DC8 20, 20, 20, 20, 20, 20, 20, 20, 20, 20
   \              14141414    
   \   00000C26   141414141D80       DC8 20, 20, 20, 20, 29, 128, 111, 75, 40, 23
   \              6F4B2817    
   \   00000C30   1717171F303B       DC8 23, 23, 23, 31, 48, 59, 76, 34, 22, 22
   \              4C221616    
   \   00000C3A   161616161616       DC8 22, 22, 22, 22, 22, 22, 22, 22, 22, 22
   \              16161616    
   \   00000C44   161616161616       DC8 22, 22, 22, 22, 22, 22, 22, 22, 22, 22
   \              16161616    
   \   00000C4E   161616161616       DC8 22, 22, 22, 22, 22, 22, 22, 22, 22, 22
   \              16161616    
   \   00000C58   161616161616       DC8 22, 22, 22, 22, 22, 22, 22, 22, 22, 22
   \              16161616    
   \   00000C62   161616161616       DC8 22, 22, 22, 22, 22, 22, 22, 22, 22, 22
   \              16161616    
   \   00000C6C   161616161616       DC8 22, 22, 22, 22, 22, 22, 22, 22, 22, 22
   \              16161616    
   \   00000C76   16161622443A       DC8 22, 22, 22, 34, 68, 58, 46, 23, 23, 23
   \              2E171717    
     90            0x17, 0x17, 0x17, 0x17, 0x29, 0x32, 0x20, 0x21, 0x15, 0x15, 0x15, 0x15, 0x15, 0x15, 0x15, 0x15, 0x15, 0x15, 0x15, 0x15, 0x15, 0x15, 0x15, 0x15, 0x15, 0x15, 0x15, 0x15, 0x15, 0x15, 0x15, 0x15, 0x15, 0x15, 0x15, 0x15, 0x15, 0x15, 0x15, 0x15, 0x15, 0x15, 
     91                  0x15, 0x15, 0x15, 0x15, 0x15, 0x15, 0x15, 0x15, 0x15, 0x15, 0x15, 0x15, 0x15, 0x15, 0x15, 0x15, 0x15, 0x15, 0x15, 0x15, 0x15, 0x15, 0x15, 0x15, 0x15, 0x15, 0x15, 0x15, 0x15, 0x15, 0x15, 0x21, 0x37, 0x2F, 0x27, 0x17, 0x17, 0x17,
     92            0x17, 0x17, 0x17, 0x35, 0x51, 0x5D, 0x5F, 0x13, 0x13, 0x13, 0x13, 0x13, 0x13, 0x13, 0x13, 0x13, 0x13, 0x13, 0x13, 0x13, 0x13, 0x13, 0x13, 0x13, 0x13, 0x13, 0x13, 0x13, 0x13, 0x13, 0x13, 0x13, 0x13, 0x13, 0x13, 0x13, 0x13, 0x13, 0x13, 0x13, 0x13, 0x13, 
     93                  0x13, 0x13, 0x13, 0x13, 0x13, 0x13, 0x13, 0x13, 0x13, 0x13, 0x13, 0x13, 0x13, 0x13, 0x13, 0x13, 0x13, 0x13, 0x13, 0x13, 0x13, 0x13, 0x13, 0x13, 0x13, 0x13, 0x13, 0x13, 0x13, 0x13, 0x13, 0x13, 0x5E, 0x5C, 0x50, 0x33, 0x17, 0x17,
     94            0x17, 0x1F, 0x43, 0x7D, 0x74, 0x11, 0x11, 0x11, 0x11, 0x11, 0x11, 0x11, 0x11, 0x11, 0x11, 0x11, 0x11, 0x11, 0x11, 0x11, 0x11, 0x11, 0x11, 0x11, 0x11, 0x11, 0x11, 0x11, 0x11, 0x11, 0x11, 0x11, 0x11, 0x11, 0x11, 0x11, 0x11, 0x11, 0x11, 0x11, 0x11, 0x11, 
     95                  0x11, 0x11, 0x11, 0x11, 0x11, 0x11, 0x11, 0x11, 0x11, 0x11, 0x11, 0x11, 0x11, 0x11, 0x11, 0x11, 0x11, 0x11, 0x11, 0x11, 0x11, 0x11, 0x11, 0x11, 0x11, 0x11, 0x11, 0x11, 0x11, 0x11, 0x11, 0x11, 0x11, 0x11, 0x75, 0x70, 0x20, 0x17,
     96            0x17, 0x36, 0x7E, 0x72, 0x10, 0x10, 0x10, 0x10, 0x10, 0x10, 0x10, 0x10, 0x10, 0x10, 0x10, 0x10, 0x10, 0x10, 0x10, 0x10, 0x10, 0x10, 0x10, 0x10, 0x10, 0x10, 0x10, 0x10, 0x10, 0x10, 0x10, 0x10, 0x10, 0x10, 0x10, 0x10, 0x10, 0x10, 0x10, 0x10, 0x10, 0x10, 
     97                  0x10, 0x10, 0x10, 0x10, 0x10, 0x10, 0x10, 0x10, 0x10, 0x10, 0x10, 0x10, 0x10, 0x10, 0x10, 0x10, 0x10, 0x10, 0x10, 0x10, 0x10, 0x10, 0x10, 0x10, 0x10, 0x10, 0x10, 0x10, 0x10, 0x10, 0x10, 0x10, 0x10, 0x10, 0x64, 0x73, 0x71, 0x31,
     98            0x2B, 0x54, 0x77, 0x03, 0x03, 0x03, 0x03, 0x03, 0x03, 0x03, 0x03, 0x03, 0x03, 0x03, 0x03, 0x03, 0x03, 0x03, 0x03, 0x03, 0x03, 0x03, 0x03, 0x03, 0x03, 0x03, 0x03, 0x03, 0x03, 0x03, 0x03, 0x03, 0x03, 0x03, 0x03, 0x03, 0x03, 0x03, 0x03, 0x03, 0x03, 0x03, 
     99                  0x03, 0x03, 0x03, 0x03, 0x03, 0x03, 0x03, 0x03, 0x03, 0x03, 0x03, 0x03, 0x03, 0x03, 0x03, 0x03, 0x03, 0x03, 0x03, 0x03, 0x03, 0x03, 0x03, 0x03, 0x03, 0x03, 0x03, 0x03, 0x03, 0x03, 0x03, 0x03, 0x03, 0x03, 0x03, 0x03, 0x1D, 0x4E,
    100            0x34, 0x62, 0x7A, 0x04, 0x04, 0x04, 0x04, 0x04, 0x04, 0x04, 0x04, 0x04, 0x04, 0x04, 0x04, 0x04, 0x04, 0x04, 0x04, 0x04, 0x04, 0x04, 0x04, 0x04, 0x04, 0x04, 0x04, 0x04, 0x04, 0x04, 0x04, 0x04, 0x04, 0x04, 0x04, 0x04, 0x04, 0x04, 0x04, 0x04, 0x04, 0x04, 
    101                  0x04, 0x04, 0x04, 0x04, 0x04, 0x04, 0x04, 0x04, 0x04, 0x04, 0x04, 0x04, 0x04, 0x04, 0x04, 0x04, 0x04, 0x04, 0x04, 0x04, 0x04, 0x04, 0x04, 0x04, 0x04, 0x04, 0x04, 0x04, 0x04, 0x04, 0x04, 0x04, 0x04, 0x04, 0x04, 0x04, 0x7B, 0x55,
    102            0x3C, 0x63, 0x78, 0x05, 0x05, 0x05, 0x05, 0x05, 0x05, 0x05, 0x05, 0x05, 0x05, 0x05, 0x05, 0x05, 0x05, 0x05, 0x05, 0x05, 0x05, 0x05, 0x05, 0x05, 0x05, 0x05, 0x05, 0x05, 0x05, 0x05, 0x05, 0x05, 0x05, 0x05, 0x05, 0x05, 0x05, 0x05, 0x05, 0x05, 0x05, 0x05, 
    103                  0x05, 0x05, 0x05, 0x05, 0x05, 0x05, 0x05, 0x05, 0x05, 0x05, 0x05, 0x05, 0x05, 0x05, 0x05, 0x05, 0x05, 0x05, 0x05, 0x05, 0x05, 0x05, 0x05, 0x05, 0x05, 0x05, 0x05, 0x05, 0x05, 0x05, 0x05, 0x05, 0x05, 0x05, 0x05, 0x05, 0x7C, 0x60,
    104            0x3E, 0x65, 0x81, 0x06, 0x06, 0x06, 0x06, 0x06, 0x06, 0x06, 0x06, 0x06, 0x06, 0x06, 0x06, 0x06, 0x06, 0x06, 0x06, 0x06, 0x06, 0x06, 0x06, 0x06, 0x06, 0x06, 0x06, 0x06, 0x06, 0x06, 0x06, 0x06, 0x06, 0x06, 0x06, 0x06, 0x06, 0x06, 0x06, 0x06, 0x06, 0x06, 
    105                  0x06, 0x06, 0x06, 0x06, 0x06, 0x06, 0x06, 0x06, 0x06, 0x06, 0x06, 0x06, 0x06, 0x06, 0x06, 0x06, 0x06, 0x06, 0x06, 0x06, 0x06, 0x06, 0x06, 0x06, 0x06, 0x06, 0x06, 0x06, 0x06, 0x06, 0x06, 0x06, 0x06, 0x06, 0x06, 0x06, 0x83, 0x61,
    106            0x3D, 0x6A, 0x85, 0x07, 0x07, 0x07, 0x07, 0x07, 0x07, 0x07, 0x07, 0x07, 0x07, 0x07, 0x07, 0x07, 0x07, 0x07, 0x07, 0x07, 0x07, 0x07, 0x07, 0x07, 0x07, 0x07, 0x07, 0x07, 0x07, 0x07, 0x07, 0x07, 0x07, 0x07, 0x07, 0x07, 0x07, 0x07, 0x07, 0x07, 0x07, 0x07, 
    107                  0x07, 0x07, 0x07, 0x07, 0x07, 0x07, 0x07, 0x07, 0x07, 0x07, 0x07, 0x07, 0x07, 0x07, 0x07, 0x07, 0x07, 0x07, 0x07, 0x07, 0x07, 0x07, 0x07, 0x07, 0x07, 0x07, 0x07, 0x07, 0x07, 0x07, 0x07, 0x07, 0x07, 0x07, 0x07, 0x07, 0x86, 0x66,
    108            0x3F, 0x69, 0x1E, 0x02, 0x02, 0x02, 0x02, 0x02, 0x02, 0x02, 0x02, 0x02, 0x02, 0x02, 0x02, 0x02, 0x02, 0x02, 0x02, 0x02, 0x02, 0x02, 0x02, 0x02, 0x02, 0x02, 0x02, 0x02, 0x02, 0x02, 0x02, 0x02, 0x02, 0x02, 0x02, 0x02, 0x02, 0x02, 0x02, 0x02, 0x02, 0x02, 
    109                  0x02, 0x02, 0x02, 0x02, 0x02, 0x02, 0x02, 0x02, 0x02, 0x02, 0x02, 0x02, 0x02, 0x02, 0x02, 0x02, 0x02, 0x02, 0x02, 0x02, 0x02, 0x02, 0x02, 0x02, 0x02, 0x02, 0x02, 0x02, 0x02, 0x02, 0x02, 0x02, 0x02, 0x02, 0x02, 0x02, 0x87, 0x67,
    110            0x40, 0x6B, 0x84, 0x08, 0x08, 0x08, 0x08, 0x08, 0x08, 0x08, 0x08, 0x08, 0x08, 0x08, 0x08, 0x08, 0x08, 0x08, 0x08, 0x08, 0x08, 0x08, 0x08, 0x08, 0x08, 0x08, 0x08, 0x08, 0x08, 0x08, 0x08, 0x08, 0x08, 0x08, 0x08, 0x08, 0x08, 0x08, 0x08, 0x08, 0x08, 0x08, 
    111                  0x08, 0x08, 0x08, 0x08, 0x08, 0x08, 0x08, 0x08, 0x08, 0x08, 0x08, 0x08, 0x08, 0x08, 0x08, 0x08, 0x08, 0x08, 0x08, 0x08, 0x08, 0x08, 0x08, 0x08, 0x08, 0x08, 0x08, 0x08, 0x08, 0x08, 0x08, 0x08, 0x08, 0x08, 0x08, 0x08, 0x95, 0x68,
    112            0x41, 0x6C, 0x8E, 0x09, 0x09, 0x09, 0x09, 0x09, 0x09, 0x09, 0x09, 0x09, 0x09, 0x09, 0x09, 0x09, 0x09, 0x09, 0x09, 0x09, 0x09, 0x09, 0x09, 0x09, 0x09, 0x09, 0x09, 0x09, 0x09, 0x09, 0x09, 0x09, 0x09, 0x09, 0x09, 0x09, 0x09, 0x09, 0x09, 0x09, 0x09, 0x09, 
    113                  0x09, 0x09, 0x09, 0x09, 0x09, 0x09, 0x09, 0x09, 0x09, 0x09, 0x09, 0x09, 0x09, 0x09, 0x09, 0x09, 0x09, 0x09, 0x09, 0x09, 0x09, 0x09, 0x09, 0x09, 0x09, 0x09, 0x09, 0x09, 0x09, 0x09, 0x09, 0x09, 0x09, 0x09, 0x09, 0x09, 0x8F, 0x58,
    114            0x48, 0x6D, 0x90, 0x0A, 0x0A, 0x0A, 0x0A, 0x0A, 0x0A, 0x0A, 0x0A, 0x0A, 0x0A, 0x0A, 0x0A, 0x0A, 0x0A, 0x0A, 0x0A, 0x0A, 0x0A, 0x0A, 0x0A, 0x0A, 0x0A, 0x0A, 0x0A, 0x0A, 0x0A, 0x0A, 0x0A, 0x0A, 0x0A, 0x0A, 0x0A, 0x0A, 0x0A, 0x0A, 0x0A, 0x0A, 0x0A, 0x0A, 
    115                  0x0A, 0x0A, 0x0A, 0x0A, 0x0A, 0x0A, 0x0A, 0x0A, 0x0A, 0x0A, 0x0A, 0x0A, 0x0A, 0x0A, 0x0A, 0x0A, 0x0A, 0x0A, 0x0A, 0x0A, 0x0A, 0x0A, 0x0A, 0x0A, 0x0A, 0x0A, 0x0A, 0x0A, 0x0A, 0x0A, 0x0A, 0x0A, 0x0A, 0x0A, 0x0A, 0x0A, 0x93, 0x59,
    116            0x49, 0x6E, 0x91, 0x0B, 0x0B, 0x0B, 0x0B, 0x0B, 0x0B, 0x0B, 0x0B, 0x0B, 0x0B, 0x0B, 0x0B, 0x0B, 0x0B, 0x0B, 0x0B, 0x0B, 0x0B, 0x0B, 0x0B, 0x0B, 0x0B, 0x0B, 0x0B, 0x0B, 0x0B, 0x0B, 0x0B, 0x0B, 0x0B, 0x0B, 0x0B, 0x0B, 0x0B, 0x0B, 0x0B, 0x0B, 0x0B, 0x0B, 
    117                  0x0B, 0x0B, 0x0B, 0x0B, 0x0B, 0x0B, 0x0B, 0x0B, 0x0B, 0x0B, 0x0B, 0x0B, 0x0B, 0x0B, 0x0B, 0x0B, 0x0B, 0x0B, 0x0B, 0x0B, 0x0B, 0x0B, 0x0B, 0x0B, 0x0B, 0x0B, 0x0B, 0x0B, 0x0B, 0x0B, 0x0B, 0x0B, 0x0B, 0x0B, 0x0B, 0x0B, 0x94, 0x5B,
    118            0x45, 0x99, 0x24, 0x01, 0x01, 0x01, 0x01, 0x01, 0x01, 0x01, 0x01, 0x01, 0x01, 0x01, 0x01, 0x01, 0x01, 0x01, 0x01, 0x01, 0x01, 0x01, 0x01, 0x01, 0x01, 0x01, 0x01, 0x01, 0x01, 0x01, 0x01, 0x01, 0x01, 0x01, 0x01, 0x01, 0x01, 0x01, 0x01, 0x01, 0x01, 0x01, 
    119                  0x01, 0x01, 0x01, 0x01, 0x01, 0x01, 0x01, 0x01, 0x01, 0x01, 0x01, 0x01, 0x01, 0x01, 0x01, 0x01, 0x01, 0x01, 0x01, 0x01, 0x01, 0x01, 0x01, 0x01, 0x01, 0x01, 0x01, 0x01, 0x01, 0x01, 0x01, 0x01, 0x01, 0x01, 0x01, 0x01, 0x9E, 0x5A,
    120            0x46, 0x9A, 0x9F, 0x0C, 0x0C, 0x0C, 0x0C, 0x0C, 0x0C, 0x0C, 0x0C, 0x0C, 0x0C, 0x0C, 0x0C, 0x0C, 0x0C, 0x0C, 0x0C, 0x0C, 0x0C, 0x0C, 0x0C, 0x0C, 0x0C, 0x0C, 0x0C, 0x0C, 0x0C, 0x0C, 0x0C, 0x0C, 0x0C, 0x0C, 0x0C, 0x0C, 0x0C, 0x0C, 0x0C, 0x0C, 0x0C, 0x0C, 
    121                  0x0C, 0x0C, 0x0C, 0x0C, 0x0C, 0x0C, 0x0C, 0x0C, 0x0C, 0x0C, 0x0C, 0x0C, 0x0C, 0x0C, 0x0C, 0x0C, 0x0C, 0x0C, 0x0C, 0x0C, 0x0C, 0x0C, 0x0C, 0x0C, 0x0C, 0x0C, 0x0C, 0x0C, 0x0C, 0x0C, 0x0C, 0x0C, 0x0C, 0x0C, 0x0C, 0x0C, 0xA0, 0x89,
    122            0x47, 0x8B, 0x9C, 0x0D, 0x0D, 0x0D, 0x0D, 0x0D, 0x0D, 0x0D, 0x0D, 0x0D, 0x0D, 0x0D, 0x0D, 0x0D, 0x0D, 0x0D, 0x0D, 0x0D, 0x0D, 0x0D, 0x0D, 0x0D, 0x0D, 0x0D, 0x0D, 0x0D, 0x0D, 0x0D, 0x0D, 0x0D, 0x0D, 0x0D, 0x0D, 0x0D, 0x0D, 0x0D, 0x0D, 0x0D, 0x0D, 0x0D, 
    123                  0x0D, 0x0D, 0x0D, 0x0D, 0x0D, 0x0D, 0x0D, 0x0D, 0x0D, 0x0D, 0x0D, 0x0D, 0x0D, 0x0D, 0x0D, 0x0D, 0x0D, 0x0D, 0x0D, 0x0D, 0x0D, 0x0D, 0x0D, 0x0D, 0x0D, 0x0D, 0x0D, 0x0D, 0x0D, 0x0D, 0x0D, 0x0D, 0x0D, 0x0D, 0x0D, 0x0D, 0x25, 0x88,
    124            0x18, 0x1A, 0x1B, 0x00, 0x00, 0x00, 0x00, 0x00, 0x00, 0x00, 0x00, 0x00, 0x00, 0x00, 0x00, 0x00, 0x00, 0x00, 0x00, 0x00, 0x00, 0x00, 0x00, 0x00, 0x00, 0x00, 0x00, 0x00, 0x00, 0x00, 0x00, 0x00, 0x00, 0x00, 0x00, 0x00, 0x00, 0x00, 0x00, 0x00, 0x00, 0x00, 
    125                  0x00, 0x00, 0x00, 0x00, 0x00, 0x00, 0x00, 0x00, 0x00, 0x00, 0x00, 0x00, 0x00, 0x00, 0x00, 0x00, 0x00, 0x00, 0x00, 0x00, 0x00, 0x00, 0x00, 0x00, 0x00, 0x00, 0x00, 0x00, 0x00, 0x00, 0x00, 0x00, 0x00, 0x00, 0x00, 0x00, 0x1C, 0x19,
    126            0x18, 0x1A, 0x1B, 0x00, 0x00, 0x00, 0x00, 0x00, 0x00, 0x00, 0x00, 0x00, 0x00, 0x00, 0x00, 0x00, 0x00, 0x00, 0x00, 0x00, 0x00, 0x00, 0x00, 0x00, 0x00, 0x00, 0x00, 0x00, 0x00, 0x00, 0x00, 0x00, 0x00, 0x00, 0x00, 0x00, 0x00, 0x00, 0x00, 0x00, 0x00, 0x00, 
    127                  0x00, 0x00, 0x00, 0x00, 0x00, 0x00, 0x00, 0x00, 0x00, 0x00, 0x00, 0x00, 0x00, 0x00, 0x00, 0x00, 0x00, 0x00, 0x00, 0x00, 0x00, 0x00, 0x00, 0x00, 0x00, 0x00, 0x00, 0x00, 0x00, 0x00, 0x00, 0x00, 0x00, 0x00, 0x00, 0x00, 0x1C, 0x19,
    128            0x18, 0x1A, 0x1B, 0x00, 0x00, 0x00, 0x00, 0x00, 0x00, 0x00, 0x00, 0x00, 0x00, 0x00, 0x00, 0x00, 0x00, 0x00, 0x00, 0x00, 0x00, 0x00, 0x00, 0x00, 0x00, 0x00, 0x00, 0x00, 0x00, 0x00, 0x00, 0x00, 0x00, 0x00, 0x00, 0x00, 0x00, 0x00, 0x00, 0x00, 0x00, 0x00, 
    129                  0x00, 0x00, 0x00, 0x00, 0x00, 0x00, 0x00, 0x00, 0x00, 0x00, 0x00, 0x00, 0x00, 0x00, 0x00, 0x00, 0x00, 0x00, 0x00, 0x00, 0x00, 0x00, 0x00, 0x00, 0x00, 0x00, 0x00, 0x00, 0x00, 0x00, 0x00, 0x00, 0x00, 0x00, 0x00, 0x00, 0x1C, 0x19,
    130            0x18, 0x1A, 0x1B, 0x00, 0x00, 0x00, 0x00, 0x00, 0x00, 0x00, 0x00, 0x00, 0x00, 0x00, 0x00, 0x00, 0x00, 0x00, 0x00, 0x00, 0x00, 0x00, 0x00, 0x00, 0x00, 0x00, 0x00, 0x00, 0x00, 0x00, 0x00, 0x00, 0x00, 0x00, 0x00, 0x00, 0x00, 0x00, 0x00, 0x00, 0x00, 0x00, 
    131                  0x00, 0x00, 0x00, 0x00, 0x00, 0x00, 0x00, 0x00, 0x00, 0x00, 0x00, 0x00, 0x00, 0x00, 0x00, 0x00, 0x00, 0x00, 0x00, 0x00, 0x00, 0x00, 0x00, 0x00, 0x00, 0x00, 0x00, 0x00, 0x00, 0x00, 0x00, 0x00, 0x00, 0x00, 0x00, 0x00, 0x1C, 0x19,
    132            0x18, 0x1A, 0x1B, 0x00, 0x00, 0x00, 0x00, 0x00, 0x00, 0x00, 0x00, 0x00, 0x00, 0x00, 0x00, 0x00, 0x00, 0x00, 0x00, 0x00, 0x00, 0x00, 0x00, 0x00, 0x00, 0x00, 0x00, 0x00, 0x00, 0x00, 0x00, 0x00, 0x00, 0x00, 0x00, 0x00, 0x00, 0x00, 0x00, 0x00, 0x00, 0x00, 
    133                  0x00, 0x00, 0x00, 0x00, 0x00, 0x00, 0x00, 0x00, 0x00, 0x00, 0x00, 0x00, 0x00, 0x00, 0x00, 0x00, 0x00, 0x00, 0x00, 0x00, 0x00, 0x00, 0x00, 0x00, 0x00, 0x00, 0x00, 0x00, 0x00, 0x00, 0x00, 0x00, 0x00, 0x00, 0x00, 0x00, 0x1C, 0x19,
    134            0x18, 0x1A, 0x1B, 0x00, 0x00, 0x00, 0x00, 0x00, 0x00, 0x00, 0x00, 0x00, 0x00, 0x00, 0x00, 0x00, 0x00, 0x00, 0x00, 0x00, 0x00, 0x00, 0x00, 0x00, 0x00, 0x00, 0x00, 0x00, 0x00, 0x00, 0x00, 0x00, 0x00, 0x00, 0x00, 0x00, 0x00, 0x00, 0x00, 0x00, 0x00, 0x00, 
    135                  0x00, 0x00, 0x00, 0x00, 0x00, 0x00, 0x00, 0x00, 0x00, 0x00, 0x00, 0x00, 0x00, 0x00, 0x00, 0x00, 0x00, 0x00, 0x00, 0x00, 0x00, 0x00, 0x00, 0x00, 0x00, 0x00, 0x00, 0x00, 0x00, 0x00, 0x00, 0x00, 0x00, 0x00, 0x00, 0x00, 0x1C, 0x19,
    136            0x18, 0x1A, 0x1B, 0x00, 0x00, 0x00, 0x00, 0x00, 0x00, 0x00, 0x00, 0x00, 0x00, 0x00, 0x00, 0x00, 0x00, 0x00, 0x00, 0x00, 0x00, 0x00, 0x00, 0x00, 0x00, 0x00, 0x00, 0x00, 0x00, 0x00, 0x00, 0x00, 0x00, 0x00, 0x00, 0x00, 0x00, 0x00, 0x00, 0x00, 0x00, 0x00, 
    137                  0x00, 0x00, 0x00, 0x00, 0x00, 0x00, 0x00, 0x00, 0x00, 0x00, 0x00, 0x00, 0x00, 0x00, 0x00, 0x00, 0x00, 0x00, 0x00, 0x00, 0x00, 0x00, 0x00, 0x00, 0x00, 0x00, 0x00, 0x00, 0x00, 0x00, 0x00, 0x00, 0x00, 0x00, 0x00, 0x00, 0x1C, 0x19,
    138            0x18, 0x1A, 0x1B, 0x00, 0x00, 0x00, 0x00, 0x00, 0x00, 0x00, 0x00, 0x00, 0x00, 0x00, 0x00, 0x00, 0x00, 0x00, 0x00, 0x00, 0x00, 0x00, 0x00, 0x00, 0x00, 0x00, 0x00, 0x00, 0x00, 0x00, 0x00, 0x00, 0x00, 0x00, 0x00, 0x00, 0x00, 0x00, 0x00, 0x00, 0x00, 0x00, 
    139                  0x00, 0x00, 0x00, 0x00, 0x00, 0x00, 0x00, 0x00, 0x00, 0x00, 0x00, 0x00, 0x00, 0x00, 0x00, 0x00, 0x00, 0x00, 0x00, 0x00, 0x00, 0x00, 0x00, 0x00, 0x00, 0x00, 0x00, 0x00, 0x00, 0x00, 0x00, 0x00, 0x00, 0x00, 0x00, 0x00, 0x1C, 0x19,
    140            0x18, 0x1A, 0x1B, 0x00, 0x00, 0x00, 0x00, 0x00, 0x00, 0x00, 0x00, 0x00, 0x00, 0x00, 0x00, 0x00, 0x00, 0x00, 0x00, 0x00, 0x00, 0x00, 0x00, 0x00, 0x00, 0x00, 0x00, 0x00, 0x00, 0x00, 0x00, 0x00, 0x00, 0x00, 0x00, 0x00, 0x00, 0x00, 0x00, 0x00, 0x00, 0x00, 
    141                  0x00, 0x00, 0x00, 0x00, 0x00, 0x00, 0x00, 0x00, 0x00, 0x00, 0x00, 0x00, 0x00, 0x00, 0x00, 0x00, 0x00, 0x00, 0x00, 0x00, 0x00, 0x00, 0x00, 0x00, 0x00, 0x00, 0x00, 0x00, 0x00, 0x00, 0x00, 0x00, 0x00, 0x00, 0x00, 0x00, 0x1C, 0x19,
    142            0x18, 0x1A, 0x1B, 0x00, 0x00, 0x00, 0x00, 0x00, 0x00, 0x00, 0x00, 0x00, 0x00, 0x00, 0x00, 0x00, 0x00, 0x00, 0x00, 0x00, 0x00, 0x00, 0x00, 0x00, 0x00, 0x00, 0x00, 0x00, 0x00, 0x00, 0x00, 0x00, 0x00, 0x00, 0x00, 0x00, 0x00, 0x00, 0x00, 0x00, 0x00, 0x00, 
    143                  0x00, 0x00, 0x00, 0x00, 0x00, 0x00, 0x00, 0x00, 0x00, 0x00, 0x00, 0x00, 0x00, 0x00, 0x00, 0x00, 0x00, 0x00, 0x00, 0x00, 0x00, 0x00, 0x00, 0x00, 0x00, 0x00, 0x00, 0x00, 0x00, 0x00, 0x00, 0x00, 0x00, 0x00, 0x00, 0x00, 0x1C, 0x19,
    144            0x18, 0x1A, 0x1B, 0x00, 0x00, 0x00, 0x00, 0x00, 0x00, 0x00, 0x00, 0x00, 0x00, 0x00, 0x00, 0x00, 0x00, 0x00, 0x00, 0x00, 0x00, 0x00, 0x00, 0x00, 0x00, 0x00, 0x00, 0x00, 0x00, 0x00, 0x00, 0x00, 0x00, 0x00, 0x00, 0x00, 0x00, 0x00, 0x00, 0x00, 0x00, 0x00, 
    145                  0x00, 0x00, 0x00, 0x00, 0x00, 0x00, 0x00, 0x00, 0x00, 0x00, 0x00, 0x00, 0x00, 0x00, 0x00, 0x00, 0x00, 0x00, 0x00, 0x00, 0x00, 0x00, 0x00, 0x00, 0x00, 0x00, 0x00, 0x00, 0x00, 0x00, 0x00, 0x00, 0x00, 0x00, 0x00, 0x00, 0x1C, 0x19,
    146            0x18, 0x1A, 0x1B, 0x00, 0x00, 0x00, 0x00, 0x00, 0x00, 0x00, 0x00, 0x00, 0x00, 0x00, 0x00, 0x00, 0x00, 0x00, 0x00, 0x00, 0x00, 0x00, 0x00, 0x00, 0x00, 0x00, 0x00, 0x00, 0x00, 0x00, 0x00, 0x00, 0x00, 0x00, 0x00, 0x00, 0x00, 0x00, 0x00, 0x00, 0x00, 0x00, 
    147                  0x00, 0x00, 0x00, 0x00, 0x00, 0x00, 0x00, 0x00, 0x00, 0x00, 0x00, 0x00, 0x00, 0x00, 0x00, 0x00, 0x00, 0x00, 0x00, 0x00, 0x00, 0x00, 0x00, 0x00, 0x00, 0x00, 0x00, 0x00, 0x00, 0x00, 0x00, 0x00, 0x00, 0x00, 0x00, 0x00, 0x1C, 0x19,
    148            0x18, 0x1A, 0x1B, 0x00, 0x00, 0x00, 0x00, 0x00, 0x00, 0x00, 0x00, 0x00, 0x00, 0x00, 0x00, 0x00, 0x00, 0x00, 0x00, 0x00, 0x00, 0x00, 0x00, 0x00, 0x00, 0x00, 0x00, 0x00, 0x00, 0x00, 0x00, 0x00, 0x00, 0x00, 0x00, 0x00, 0x00, 0x00, 0x00, 0x00, 0x00, 0x00, 
    149                  0x00, 0x00, 0x00, 0x00, 0x00, 0x00, 0x00, 0x00, 0x00, 0x00, 0x00, 0x00, 0x00, 0x00, 0x00, 0x00, 0x00, 0x00, 0x00, 0x00, 0x00, 0x00, 0x00, 0x00, 0x00, 0x00, 0x00, 0x00, 0x00, 0x00, 0x00, 0x00, 0x00, 0x00, 0x00, 0x00, 0x1C, 0x19,
    150            0x18, 0x1A, 0x1B, 0x00, 0x00, 0x00, 0x00, 0x00, 0x00, 0x00, 0x00, 0x00, 0x00, 0x00, 0x00, 0x00, 0x00, 0x00, 0x00, 0x00, 0x00, 0x00, 0x00, 0x00, 0x00, 0x00, 0x00, 0x00, 0x00, 0x00, 0x00, 0x00, 0x00, 0x00, 0x00, 0x00, 0x00, 0x00, 0x00, 0x00, 0x00, 0x00, 
    151                  0x00, 0x00, 0x00, 0x00, 0x00, 0x00, 0x00, 0x00, 0x00, 0x00, 0x00, 0x00, 0x00, 0x00, 0x00, 0x00, 0x00, 0x00, 0x00, 0x00, 0x00, 0x00, 0x00, 0x00, 0x00, 0x00, 0x00, 0x00, 0x00, 0x00, 0x00, 0x00, 0x00, 0x00, 0x00, 0x00, 0x1C, 0x19,
    152            0x18, 0x1A, 0x1B, 0x00, 0x00, 0x00, 0x00, 0x00, 0x00, 0x00, 0x00, 0x00, 0x00, 0x00, 0x00, 0x00, 0x00, 0x00, 0x00, 0x00, 0x00, 0x00, 0x00, 0x00, 0x00, 0x00, 0x00, 0x00, 0x00, 0x00, 0x00, 0x00, 0x00, 0x00, 0x00, 0x00, 0x00, 0x00, 0x00, 0x00, 0x00, 0x00, 
    153                  0x00, 0x00, 0x00, 0x00, 0x00, 0x00, 0x00, 0x00, 0x00, 0x00, 0x00, 0x00, 0x00, 0x00, 0x00, 0x00, 0x00, 0x00, 0x00, 0x00, 0x00, 0x00, 0x00, 0x00, 0x00, 0x00, 0x00, 0x00, 0x00, 0x00, 0x00, 0x00, 0x00, 0x00, 0x00, 0x00, 0x1C, 0x19,
    154            0x18, 0x1A, 0x1B, 0x00, 0x00, 0x00, 0x00, 0x00, 0x00, 0x00, 0x00, 0x00, 0x00, 0x00, 0x00, 0x00, 0x00, 0x00, 0x00, 0x00, 0x00, 0x00, 0x00, 0x00, 0x00, 0x00, 0x00, 0x00, 0x00, 0x00, 0x00, 0x00, 0x00, 0x00, 0x00, 0x00, 0x00, 0x00, 0x00, 0x00, 0x00, 0x00, 
    155                  0x00, 0x00, 0x00, 0x00, 0x00, 0x00, 0x00, 0x00, 0x00, 0x00, 0x00, 0x00, 0x00, 0x00, 0x00, 0x00, 0x00, 0x00, 0x00, 0x00, 0x00, 0x00, 0x00, 0x00, 0x00, 0x00, 0x00, 0x00, 0x00, 0x00, 0x00, 0x00, 0x00, 0x00, 0x00, 0x00, 0x1C, 0x19,
    156            0x4A, 0x9B, 0x9D, 0x0E, 0x0E, 0x0E, 0x0E, 0x0E, 0x0E, 0x0E, 0x0E, 0x0E, 0x0E, 0x0E, 0x0E, 0x0E, 0x0E, 0x0E, 0x0E, 0x0E, 0x0E, 0x0E, 0x0E, 0x0E, 0x0E, 0x0E, 0x0E, 0x0E, 0x0E, 0x0E, 0x0E, 0x0E, 0x0E, 0x0E, 0x0E, 0x0E, 0x0E, 0x0E, 0x0E, 0x0E, 0x0E, 0x0E, 
    157                  0x0E, 0x0E, 0x0E, 0x0E, 0x0E, 0x0E, 0x0E, 0x0E, 0x0E, 0x0E, 0x0E, 0x0E, 0x0E, 0x0E, 0x0E, 0x0E, 0x0E, 0x0E, 0x0E, 0x0E, 0x0E, 0x0E, 0x0E, 0x0E, 0x0E, 0x0E, 0x0E, 0x0E, 0x0E, 0x0E, 0x0E, 0x0E, 0x0E, 0x0E, 0x0E, 0x0E, 0x25, 0x8A,
    158            0x39, 0x8C, 0x24, 0x01, 0x01, 0x01, 0x01, 0x01, 0x01, 0x01, 0x01, 0x01, 0x01, 0x01, 0x01, 0x01, 0x01, 0x01, 0x01, 0x01, 0x01, 0x01, 0x01, 0x01, 0x01, 0x01, 0x01, 0x01, 0x01, 0x01, 0x01, 0x01, 0x01, 0x01, 0x01, 0x01, 0x01, 0x01, 0x01, 0x01, 0x01, 0x01, 
    159                  0x01, 0x01, 0x01, 0x01, 0x01, 0x01, 0x01, 0x01, 0x01, 0x01, 0x01, 0x01, 0x01, 0x01, 0x01, 0x01, 0x01, 0x01, 0x01, 0x01, 0x01, 0x01, 0x01, 0x01, 0x01, 0x01, 0x01, 0x01, 0x01, 0x01, 0x01, 0x01, 0x01, 0x01, 0x01, 0x01, 0xA1, 0x57,
    160            0x2D, 0x56, 0x92, 0x8D, 0x0F, 0x0F, 0x0F, 0x0F, 0x0F, 0x0F, 0x0F, 0x0F, 0x0F, 0x0F, 0x0F, 0x0F, 0x0F, 0x0F, 0x0F, 0x0F, 0x0F, 0x0F, 0x0F, 0x0F, 0x0F, 0x0F, 0x0F, 0x0F, 0x0F, 0x0F, 0x0F, 0x0F, 0x0F, 0x0F, 0x0F, 0x0F, 0x0F, 0x0F, 0x0F, 0x0F, 0x0F, 0x0F, 
    161                  0x0F, 0x0F, 0x0F, 0x0F, 0x0F, 0x0F, 0x0F, 0x0F, 0x0F, 0x0F, 0x0F, 0x0F, 0x0F, 0x0F, 0x0F, 0x0F, 0x0F, 0x0F, 0x0F, 0x0F, 0x0F, 0x0F, 0x0F, 0x0F, 0x0F, 0x0F, 0x0F, 0x0F, 0x0F, 0x0F, 0x0F, 0x0F, 0x0F, 0x0F, 0x0F, 0x0F, 0x98, 0x53,
    162            0x17, 0x42, 0x97, 0x1E, 0x02, 0x02, 0x02, 0x02, 0x02, 0x02, 0x02, 0x02, 0x02, 0x02, 0x02, 0x02, 0x02, 0x02, 0x02, 0x02, 0x02, 0x02, 0x02, 0x02, 0x02, 0x02, 0x02, 0x02, 0x02, 0x02, 0x02, 0x02, 0x02, 0x02, 0x02, 0x02, 0x02, 0x02, 0x02, 0x02, 0x02, 0x02, 
    163                  0x02, 0x02, 0x02, 0x02, 0x02, 0x02, 0x02, 0x02, 0x02, 0x02, 0x02, 0x02, 0x02, 0x02, 0x02, 0x02, 0x02, 0x02, 0x02, 0x02, 0x02, 0x02, 0x02, 0x02, 0x02, 0x02, 0x02, 0x02, 0x02, 0x02, 0x02, 0x02, 0x02, 0x02, 0x02, 0x1E, 0x96, 0x38,
    164            0x17, 0x2A, 0x52, 0x23, 0x79, 0x12, 0x12, 0x12, 0x12, 0x12, 0x12, 0x12, 0x12, 0x12, 0x12, 0x12, 0x12, 0x12, 0x12, 0x12, 0x12, 0x12, 0x12, 0x12, 0x12, 0x12, 0x12, 0x12, 0x12, 0x12, 0x12, 0x12, 0x12, 0x12, 0x12, 0x12, 0x12, 0x12, 0x12, 0x12, 0x12, 0x12, 
    165                  0x12, 0x12, 0x12, 0x12, 0x12, 0x12, 0x12, 0x12, 0x12, 0x12, 0x12, 0x12, 0x12, 0x12, 0x12, 0x12, 0x12, 0x12, 0x12, 0x12, 0x12, 0x12, 0x12, 0x12, 0x12, 0x12, 0x12, 0x12, 0x12, 0x12, 0x12, 0x12, 0x12, 0x12, 0x82, 0x23, 0x4F, 0x26,
    166            0x17, 0x17, 0x2C, 0x4D, 0x76, 0x7F, 0x1D, 0x14, 0x14, 0x14, 0x14, 0x14, 0x14, 0x14, 0x14, 0x14, 0x14, 0x14, 0x14, 0x14, 0x14, 0x14, 0x14, 0x14, 0x14, 0x14, 0x14, 0x14, 0x14, 0x14, 0x14, 0x14, 0x14, 0x14, 0x14, 0x14, 0x14, 0x14, 0x14, 0x14, 0x14, 0x14, 
    167                  0x14, 0x14, 0x14, 0x14, 0x14, 0x14, 0x14, 0x14, 0x14, 0x14, 0x14, 0x14, 0x14, 0x14, 0x14, 0x14, 0x14, 0x14, 0x14, 0x14, 0x14, 0x14, 0x14, 0x14, 0x14, 0x14, 0x14, 0x14, 0x14, 0x14, 0x14, 0x14, 0x1D, 0x80, 0x6F, 0x4B, 0x28, 0x17,
    168            0x17, 0x17, 0x17, 0x1F, 0x30, 0x3B, 0x4C, 0x22, 0x16, 0x16, 0x16, 0x16, 0x16, 0x16, 0x16, 0x16, 0x16, 0x16, 0x16, 0x16, 0x16, 0x16, 0x16, 0x16, 0x16, 0x16, 0x16, 0x16, 0x16, 0x16, 0x16, 0x16, 0x16, 0x16, 0x16, 0x16, 0x16, 0x16, 0x16, 0x16, 0x16, 0x16, 
    169                  0x16, 0x16, 0x16, 0x16, 0x16, 0x16, 0x16, 0x16, 0x16, 0x16, 0x16, 0x16, 0x16, 0x16, 0x16, 0x16, 0x16, 0x16, 0x16, 0x16, 0x16, 0x16, 0x16, 0x16, 0x16, 0x16, 0x16, 0x16, 0x16, 0x16, 0x16, 0x22, 0x44, 0x3A, 0x2E, 0x17, 0x17, 0x17
    170          };
    171          

   \                                 In section .rodata, align 4, keep-with-next
    172          GUI_CONST_STORAGE GUI_BITMAP bmSmallYellowButton = {
   \                     bmSmallYellowButton:
   \   00000000                      ; Initializer data, 20 bytes
   \   00000000   500028005000       DC16 80, 40, 80, 8
   \              0800        
   \   00000008   ............       DC32 acSmallYellowButton, PalSmallYellowButton
   \              ....        
   \   00000010   00000000           DC8 0, 0, 0, 0
    173            80, /* XSize */
    174            40, /* YSize */
    175            80, /* BytesPerLine */
    176            8, /* BitsPerPixel */
    177            acSmallYellowButton,  /* Pointer to picture data (indices) */
    178            &PalSmallYellowButton  /* Pointer to palette */
    179          };
    180          
    181          /* *** End of file *** */


   Section sizes:

     Function/Label          Bytes
     --------------          -----
     ColorsSmallYellowButton  648
     PalSmallYellowButton      12
     acSmallYellowButton     3200
     bmSmallYellowButton       20

 
 3 880 bytes in section .rodata
 
 3 880 bytes of CONST memory

Errors: none
Warnings: none
