###############################################################################
#                                                                             #
# IAR ANSI C/C++ Compiler V6.10.2.52244/W32 for ARM     19/Nov/2015  13:08:41 #
# Copyright 1999-2010 IAR Systems AB.                                         #
#                                                                             #
#    Cpu mode     =  arm                                                      #
#    Endian       =  little                                                   #
#    Source file  =  C:\DUII\TargetHW\GUI\TEXT_SetBkColor.c                   #
#    Command line =  C:\DUII\TargetHW\GUI\TEXT_SetBkColor.c -D DEBUG=1 -D     #
#                    SDRAM_TARGET=1 -D USB_IS_HIGH_SPEED -D NOPROFILER -D     #
#                    OS_TRACE=0 -D OS_VIEW_ENABLE=0 -lCN                      #
#                    C:\DUII\TargetHW\Release\List\ -o                        #
#                    C:\DUII\TargetHW\Release\Obj\ --endian=little            #
#                    --cpu=ARM926EJ-S -e --fpu=None --dlib_config             #
#                    "C:\Program Files (x86)\IAR Systems\Embedded Workbench   #
#                    6.0\arm\INC\c\DLib_Config_Normal.h" -I                   #
#                    C:\DUII\TargetHW\Application\SEGGERDEMO\ -I              #
#                    C:\DUII\TargetHW\Application\SEGGERDEMO\Src\ -I          #
#                    C:\DUII\TargetHW\Config\ -I C:\DUII\TargetHW\FS\ -I      #
#                    C:\DUII\TargetHW\GUI\ -I C:\DUII\TargetHW\Inc\ -I        #
#                    C:\DUII\TargetHW\OS\ -I C:\DUII\TargetHW\Setup\ -I       #
#                    \DUII\DUII\ -I \DUII\DUII\Graphics\ --cpu_mode arm -Ohs  #
#                    --use_c++_inline --require_prototypes                    #
#    List file    =  C:\DUII\TargetHW\Release\List\TEXT_SetBkColor.lst        #
#    Object file  =  C:\DUII\TargetHW\Release\Obj\TEXT_SetBkColor.o           #
#                                                                             #
#                                                                             #
###############################################################################

C:\DUII\TargetHW\GUI\TEXT_SetBkColor.c
      1          /*********************************************************************
      2          *                SEGGER Microcontroller GmbH & Co. KG                *
      3          *        Solutions for real time microcontroller applications        *
      4          **********************************************************************
      5          *                                                                    *
      6          *        (c) 1996 - 2010  SEGGER Microcontroller GmbH & Co. KG       *
      7          *                                                                    *
      8          *        Internet: www.segger.com    Support:  support@segger.com    *
      9          *                                                                    *
     10          **********************************************************************
     11          
     12          ** emWin V5.06 - Graphical user interface for embedded applications **
     13          emWin is protected by international copyright laws.   Knowledge of the
     14          source code may not be used to write a similar product.  This file may
     15          only be used in accordance with a license and should not be re-
     16          distributed in any way. We appreciate your understanding and fairness.
     17          ----------------------------------------------------------------------
     18          File        : TEXT_SetBkColor.c
     19          Purpose     : Implementation of TEXT_SetBkColor
     20          ---------------------------END-OF-HEADER------------------------------
     21          */
     22          
     23          #include "TEXT_Private.h"
     24          #include "GUI_Private.h"
     25          
     26          #if GUI_WINSUPPORT
     27          
     28          /*********************************************************************
     29          *
     30          *       Public code
     31          *
     32          **********************************************************************
     33          */
     34          
     35          /*********************************************************************
     36          *
     37          *       TEXT_SetBkColor
     38          */

   \                                 In section .text, align 4, keep-with-next
     39          void TEXT_SetBkColor(TEXT_Handle hObj, GUI_COLOR Color) {
   \                     TEXT_SetBkColor:
   \   00000000   30402DE9           PUSH     {R4,R5,LR}
   \   00000004   0040A0E1           MOV      R4,R0
   \   00000008   04D04DE2           SUB      SP,SP,#+4
   \   0000000C   0150A0E1           MOV      R5,R1
     40            if (hObj) {
   \   00000010   000054E3           CMP      R4,#+0
   \   00000014   1000000A           BEQ      ??TEXT_SetBkColor_0
     41              TEXT_Obj * pObj;
     42              WM_LOCK();
   \   00000018   ........           BL       GUI_Lock
     43              pObj = TEXT_LOCK_H(hObj);
   \   0000001C   0400A0E1           MOV      R0,R4
   \   00000020   ........           BL       GUI_ALLOC_LockH
     44              if (pObj->Props.BkColor != Color) {
   \   00000024   3C1090E5           LDR      R1,[R0, #+60]
   \   00000028   050051E1           CMP      R1,R5
   \   0000002C   0800000A           BEQ      ??TEXT_SetBkColor_1
     45                pObj->Props.BkColor = Color;
   \   00000030   3C5080E5           STR      R5,[R0, #+60]
     46                #if TEXT_SUPPORT_TRANSPARENCY
     47                  if (Color <= 0xFFFFFF) {
   \   00000034   400755E3           CMP      R5,#+16777216
   \   00000038   0400A0E1           MOV      R0,R4
   \   0000003C   0100002A           BCS      ??TEXT_SetBkColor_2
     48                    WM_ClrHasTrans(hObj);
   \   00000040   ........           BL       WM_ClrHasTrans
   \   00000044   000000EA           B        ??TEXT_SetBkColor_3
     49                  } else {
     50                    WM_SetHasTrans(hObj);
   \                     ??TEXT_SetBkColor_2:
   \   00000048   ........           BL       WM_SetHasTrans
     51                  }
     52                #endif
     53                WM_Invalidate(hObj);
   \                     ??TEXT_SetBkColor_3:
   \   0000004C   0400A0E1           MOV      R0,R4
   \   00000050   ........           BL       WM_InvalidateWindow
     54              }
     55              GUI_UNLOCK_H(pObj);
   \                     ??TEXT_SetBkColor_1:
   \   00000054   ........           BL       GUI_ALLOC_UnlockH
     56              WM_UNLOCK();
   \   00000058   ........           BL       GUI_Unlock
     57            }
     58          }
   \                     ??TEXT_SetBkColor_0:
   \   0000005C   04D08DE2           ADD      SP,SP,#+4        ;; stack cleaning
   \   00000060   3080BDE8           POP      {R4,R5,PC}       ;; return
     59          
     60          
     61          #else  /* avoid empty object files */
     62          
     63          void TEXT_SetBkColor_c(void);
     64          void TEXT_SetBkColor_c(void){}
     65          
     66          #endif  /* #if GUI_WINSUPPORT */
     67          
     68          

   Maximum stack usage in bytes:

     Function        .cstack
     --------        -------
     TEXT_SetBkColor     16


   Section sizes:

     Function/Label  Bytes
     --------------  -----
     TEXT_SetBkColor  100

 
 100 bytes in section .text
 
 100 bytes of CODE memory

Errors: none
Warnings: none
