###############################################################################
#                                                                             #
# IAR ANSI C/C++ Compiler V6.10.2.52244/W32 for ARM     19/Nov/2015  13:13:42 #
# Copyright 1999-2010 IAR Systems AB.                                         #
#                                                                             #
#    Cpu mode     =  arm                                                      #
#    Endian       =  little                                                   #
#    Source file  =  C:\DUII\TargetHW\GUI\TEXT_SetWrapMode.c                  #
#    Command line =  C:\DUII\TargetHW\GUI\TEXT_SetWrapMode.c -D DEBUG=1 -D    #
#                    SDRAM_TARGET=1 -D USB_IS_HIGH_SPEED -D NOPROFILER -D     #
#                    OS_TRACE=0 -D OS_VIEW_ENABLE=0 -lCN                      #
#                    C:\DUII\TargetHW\Release\List\ -o                        #
#                    C:\DUII\TargetHW\Release\Obj\ --endian=little            #
#                    --cpu=ARM926EJ-S -e --fpu=None --dlib_config             #
#                    "C:\Program Files (x86)\IAR Systems\Embedded Workbench   #
#                    6.0\arm\INC\c\DLib_Config_Normal.h" -I                   #
#                    C:\DUII\TargetHW\Application\SEGGERDEMO\ -I              #
#                    C:\DUII\TargetHW\Application\SEGGERDEMO\Src\ -I          #
#                    C:\DUII\TargetHW\Config\ -I C:\DUII\TargetHW\FS\ -I      #
#                    C:\DUII\TargetHW\GUI\ -I C:\DUII\TargetHW\Inc\ -I        #
#                    C:\DUII\TargetHW\OS\ -I C:\DUII\TargetHW\Setup\ -I       #
#                    \DUII\DUII\ -I \DUII\DUII\Graphics\ --cpu_mode arm -Ohs  #
#                    --use_c++_inline --require_prototypes                    #
#    List file    =  C:\DUII\TargetHW\Release\List\TEXT_SetWrapMode.lst       #
#    Object file  =  C:\DUII\TargetHW\Release\Obj\TEXT_SetWrapMode.o          #
#                                                                             #
#                                                                             #
###############################################################################

C:\DUII\TargetHW\GUI\TEXT_SetWrapMode.c
      1          /*********************************************************************
      2          *                SEGGER Microcontroller GmbH & Co. KG                *
      3          *        Solutions for real time microcontroller applications        *
      4          **********************************************************************
      5          *                                                                    *
      6          *        (c) 1996 - 2010  SEGGER Microcontroller GmbH & Co. KG       *
      7          *                                                                    *
      8          *        Internet: www.segger.com    Support:  support@segger.com    *
      9          *                                                                    *
     10          **********************************************************************
     11          
     12          ** emWin V5.06 - Graphical user interface for embedded applications **
     13          emWin is protected by international copyright laws.   Knowledge of the
     14          source code may not be used to write a similar product.  This file may
     15          only be used in accordance with a license and should not be re-
     16          distributed in any way. We appreciate your understanding and fairness.
     17          ----------------------------------------------------------------------
     18          File        : TEXT_SetWrapMode.c
     19          Purpose     : Implementation of TEXT_SetWrapMode
     20          ---------------------------END-OF-HEADER------------------------------
     21          */
     22          
     23          #include "TEXT_Private.h"
     24          
     25          #if GUI_WINSUPPORT
     26          
     27          /*********************************************************************
     28          *
     29          *       Public code
     30          *
     31          **********************************************************************
     32          */
     33          /*********************************************************************
     34          *
     35          *       TEXT_SetWrapMode
     36          */

   \                                 In section .text, align 4, keep-with-next
     37          void TEXT_SetWrapMode(TEXT_Handle hObj, GUI_WRAPMODE WrapMode) {
   \                     TEXT_SetWrapMode:
   \   00000000   30402DE9           PUSH     {R4,R5,LR}
   \   00000004   0040A0E1           MOV      R4,R0
   \   00000008   04D04DE2           SUB      SP,SP,#+4
   \   0000000C   0150A0E1           MOV      R5,R1
     38            if (hObj) {
   \   00000010   000054E3           CMP      R4,#+0
   \   00000014   0A00000A           BEQ      ??TEXT_SetWrapMode_0
     39              TEXT_Obj * pObj;
     40              WM_LOCK();
   \   00000018   ........           BL       GUI_Lock
     41              pObj = TEXT_LOCK_H(hObj);
   \   0000001C   0400A0E1           MOV      R0,R4
   \   00000020   ........           BL       GUI_ALLOC_LockH
     42              if (pObj->Props.WrapMode != WrapMode) {
   \   00000024   4010D0E5           LDRB     R1,[R0, #+64]
   \   00000028   050051E1           CMP      R1,R5
   \   0000002C   0200000A           BEQ      ??TEXT_SetWrapMode_1
     43                pObj->Props.WrapMode = WrapMode;
   \   00000030   4050C0E5           STRB     R5,[R0, #+64]
     44                WM_Invalidate(hObj);
   \   00000034   0400A0E1           MOV      R0,R4
   \   00000038   ........           BL       WM_InvalidateWindow
     45              }
     46              GUI_UNLOCK_H(pObj);
   \                     ??TEXT_SetWrapMode_1:
   \   0000003C   ........           BL       GUI_ALLOC_UnlockH
     47              WM_UNLOCK();
   \   00000040   ........           BL       GUI_Unlock
     48            }
     49          }
   \                     ??TEXT_SetWrapMode_0:
   \   00000044   04D08DE2           ADD      SP,SP,#+4        ;; stack cleaning
   \   00000048   3080BDE8           POP      {R4,R5,PC}       ;; return
     50          
     51          #else  /* avoid empty object files */
     52          
     53          void TEXT_SetWrapMode_C(void);
     54          void TEXT_SetWrapMode_C(void){}
     55          
     56          #endif  /* #if GUI_WINSUPPORT */
     57          
     58          

   Maximum stack usage in bytes:

     Function         .cstack
     --------         -------
     TEXT_SetWrapMode     16


   Section sizes:

     Function/Label   Bytes
     --------------   -----
     TEXT_SetWrapMode   76

 
 76 bytes in section .text
 
 76 bytes of CODE memory

Errors: none
Warnings: none
