###############################################################################
#                                                                             #
# IAR ANSI C/C++ Compiler V6.10.2.52244/W32 for ARM     19/Nov/2015  13:12:25 #
# Copyright 1999-2010 IAR Systems AB.                                         #
#                                                                             #
#    Cpu mode     =  arm                                                      #
#    Endian       =  little                                                   #
#    Source file  =  C:\DUII\TargetHW\GUI\TREEVIEW_Default.c                  #
#    Command line =  C:\DUII\TargetHW\GUI\TREEVIEW_Default.c -D DEBUG=1 -D    #
#                    SDRAM_TARGET=1 -D USB_IS_HIGH_SPEED -D NOPROFILER -D     #
#                    OS_TRACE=0 -D OS_VIEW_ENABLE=0 -lCN                      #
#                    C:\DUII\TargetHW\Release\List\ -o                        #
#                    C:\DUII\TargetHW\Release\Obj\ --endian=little            #
#                    --cpu=ARM926EJ-S -e --fpu=None --dlib_config             #
#                    "C:\Program Files (x86)\IAR Systems\Embedded Workbench   #
#                    6.0\arm\INC\c\DLib_Config_Normal.h" -I                   #
#                    C:\DUII\TargetHW\Application\SEGGERDEMO\ -I              #
#                    C:\DUII\TargetHW\Application\SEGGERDEMO\Src\ -I          #
#                    C:\DUII\TargetHW\Config\ -I C:\DUII\TargetHW\FS\ -I      #
#                    C:\DUII\TargetHW\GUI\ -I C:\DUII\TargetHW\Inc\ -I        #
#                    C:\DUII\TargetHW\OS\ -I C:\DUII\TargetHW\Setup\ -I       #
#                    \DUII\DUII\ -I \DUII\DUII\Graphics\ --cpu_mode arm -Ohs  #
#                    --use_c++_inline --require_prototypes                    #
#    List file    =  C:\DUII\TargetHW\Release\List\TREEVIEW_Default.lst       #
#    Object file  =  C:\DUII\TargetHW\Release\Obj\TREEVIEW_Default.o          #
#                                                                             #
#                                                                             #
###############################################################################

C:\DUII\TargetHW\GUI\TREEVIEW_Default.c
      1          /*********************************************************************
      2          *                SEGGER Microcontroller GmbH & Co. KG                *
      3          *        Solutions for real time microcontroller applications        *
      4          **********************************************************************
      5          *                                                                    *
      6          *        (c) 1996 - 2010  SEGGER Microcontroller GmbH & Co. KG       *
      7          *                                                                    *
      8          *        Internet: www.segger.com    Support:  support@segger.com    *
      9          *                                                                    *
     10          **********************************************************************
     11          
     12          ** emWin V5.06 - Graphical user interface for embedded applications **
     13          emWin is protected by international copyright laws.   Knowledge of the
     14          source code may not be used to write a similar product.  This file may
     15          only be used in accordance with a license and should not be re-
     16          distributed in any way. We appreciate your understanding and fairness.
     17          ----------------------------------------------------------------------
     18          File        : TREEVIEW_Default.c
     19          Purpose     : Implementation of TREEVIEW widget
     20          ---------------------------END-OF-HEADER------------------------------
     21          */
     22          
     23          #include "TREEVIEW_Private.h"
     24          #include "GUI_Private.h"
     25          
     26          #if GUI_WINSUPPORT
     27          
     28          /*********************************************************************
     29          *
     30          *       Static code
     31          *
     32          **********************************************************************
     33          */
     34          /*********************************************************************
     35          *
     36          *       _SetDefaultColor
     37          */
     38          static void _SetDefaultColor(int Index, GUI_COLOR Color, int ArrayIndex) {
     39            if (Index < GUI_COUNTOF(TREEVIEW__DefaultProps.aBkColor)) {
     40              switch (ArrayIndex) {
     41              case TREEVIEW_COLORS_BK:
     42                TREEVIEW__DefaultProps.aBkColor[Index] = Color;
     43                break;
     44              case TREEVIEW_COLORS_TEXT:
     45                TREEVIEW__DefaultProps.aTextColor[Index] = Color;
     46                break;
     47              case TREEVIEW_COLORS_LINE:
     48                TREEVIEW__DefaultProps.aLineColor[Index] = Color;
     49                break;
     50              }
     51            }
     52          }
     53          
     54          /*********************************************************************
     55          *
     56          *       _GetDefaultColor
     57          */
     58          static GUI_COLOR _GetDefaultColor(int Index, int ArrayIndex) {
     59            GUI_COLOR Color = 0;
     60            if (Index < GUI_COUNTOF(TREEVIEW__DefaultProps.aBkColor)) {
     61              switch (ArrayIndex) {
     62              case TREEVIEW_COLORS_BK:
     63                Color = TREEVIEW__DefaultProps.aBkColor[Index];
     64                break;
     65              case TREEVIEW_COLORS_TEXT:
     66                Color = TREEVIEW__DefaultProps.aTextColor[Index];
     67                break;
     68              case TREEVIEW_COLORS_LINE:
     69                Color = TREEVIEW__DefaultProps.aLineColor[Index];
     70                break;
     71              }
     72            }
     73            return Color;
     74          }
     75          
     76          /*********************************************************************
     77          *
     78          *       Public code
     79          *
     80          **********************************************************************
     81          */
     82          /*********************************************************************
     83          *
     84          *       TREEVIEW_SetDefaultFont
     85          */

   \                                 In section .text, align 4, keep-with-next
     86          void TREEVIEW_SetDefaultFont(const GUI_FONT GUI_UNI_PTR * pFont) {
     87            TREEVIEW__DefaultProps.pFont = pFont;
   \                     TREEVIEW_SetDefaultFont:
   \   00000000   ........           LDR      R1,??DataTable7
   \   00000004   000081E5           STR      R0,[R1, #+0]
     88          }
   \   00000008   1EFF2FE1           BX       LR               ;; return
     89          
     90          /*********************************************************************
     91          *
     92          *       TREEVIEW_GetDefaultFont
     93          */

   \                                 In section .text, align 4, keep-with-next
     94          const GUI_FONT GUI_UNI_PTR * TREEVIEW_GetDefaultFont(void) {
     95            return TREEVIEW__DefaultProps.pFont;
   \                     TREEVIEW_GetDefaultFont:
   \   00000000   ........           LDR      R0,??DataTable7
   \   00000004   000090E5           LDR      R0,[R0, #+0]
   \   00000008   1EFF2FE1           BX       LR               ;; return
     96          }
     97          
     98          /*********************************************************************
     99          *
    100          *       TREEVIEW_SetDefaultBkColor
    101          */

   \                                 In section .text, align 4, keep-with-next
    102          void TREEVIEW_SetDefaultBkColor(int Index, GUI_COLOR Color) {
    103            _SetDefaultColor(Index, Color, TREEVIEW_COLORS_BK);
   \                     TREEVIEW_SetDefaultBkColor:
   \   00000000   030050E3           CMP      R0,#+3
   \   00000004   ........           LDRCC    R2,??DataTable7
   \   00000008   00018230           ADDCC    R0,R2,R0, LSL #+2
   \   0000000C   04108035           STRCC    R1,[R0, #+4]
    104          }
   \   00000010   1EFF2FE1           BX       LR               ;; return
    105          
    106          /*********************************************************************
    107          *
    108          *       TREEVIEW_SetDefaultTextColor
    109          */

   \                                 In section .text, align 4, keep-with-next
    110          void TREEVIEW_SetDefaultTextColor(int Index, GUI_COLOR Color) {
    111            _SetDefaultColor(Index, Color, TREEVIEW_COLORS_TEXT);
   \                     TREEVIEW_SetDefaultTextColor:
   \   00000000   030050E3           CMP      R0,#+3
   \   00000004   ........           LDRCC    R2,??DataTable7
   \   00000008   00018230           ADDCC    R0,R2,R0, LSL #+2
   \   0000000C   10108035           STRCC    R1,[R0, #+16]
    112          }
   \   00000010   1EFF2FE1           BX       LR               ;; return
    113          
    114          /*********************************************************************
    115          *
    116          *       TREEVIEW_SetDefaultLineColor
    117          */

   \                                 In section .text, align 4, keep-with-next
    118          void TREEVIEW_SetDefaultLineColor(int Index, GUI_COLOR Color) {
    119            _SetDefaultColor(Index, Color, TREEVIEW_COLORS_LINE);
   \                     TREEVIEW_SetDefaultLineColor:
   \   00000000   030050E3           CMP      R0,#+3
   \   00000004   ........           LDRCC    R2,??DataTable7
   \   00000008   00018230           ADDCC    R0,R2,R0, LSL #+2
   \   0000000C   1C108035           STRCC    R1,[R0, #+28]
    120          }
   \   00000010   1EFF2FE1           BX       LR               ;; return
    121          
    122          /*********************************************************************
    123          *
    124          *       TREEVIEW_GetDefaultBkColor
    125          */

   \                                 In section .text, align 4, keep-with-next
    126          GUI_COLOR TREEVIEW_GetDefaultBkColor(int Index) {
    127            return _GetDefaultColor(Index, TREEVIEW_COLORS_BK);
   \                     TREEVIEW_GetDefaultBkColor:
   \   00000000   0010A0E3           MOV      R1,#+0
   \   00000004   030050E3           CMP      R0,#+3
   \   00000008   ........           LDRCC    R1,??DataTable7
   \   0000000C   00018130           ADDCC    R0,R1,R0, LSL #+2
   \   00000010   04109035           LDRCC    R1,[R0, #+4]
   \   00000014   0100A0E1           MOV      R0,R1
   \   00000018   1EFF2FE1           BX       LR               ;; return
    128          }
    129          
    130          /*********************************************************************
    131          *
    132          *       TREEVIEW_GetDefaultTextColor
    133          */

   \                                 In section .text, align 4, keep-with-next
    134          GUI_COLOR TREEVIEW_GetDefaultTextColor(int Index) {
    135            return _GetDefaultColor(Index, TREEVIEW_COLORS_TEXT);
   \                     TREEVIEW_GetDefaultTextColor:
   \   00000000   0010A0E3           MOV      R1,#+0
   \   00000004   030050E3           CMP      R0,#+3
   \   00000008   ........           LDRCC    R1,??DataTable7
   \   0000000C   00018130           ADDCC    R0,R1,R0, LSL #+2
   \   00000010   10109035           LDRCC    R1,[R0, #+16]
   \   00000014   0100A0E1           MOV      R0,R1
   \   00000018   1EFF2FE1           BX       LR               ;; return
    136          }
    137          
    138          /*********************************************************************
    139          *
    140          *       TREEVIEW_GetDefaultLineColor
    141          */

   \                                 In section .text, align 4, keep-with-next
    142          GUI_COLOR TREEVIEW_GetDefaultLineColor(int Index) {
    143            return _GetDefaultColor(Index, TREEVIEW_COLORS_LINE);
   \                     TREEVIEW_GetDefaultLineColor:
   \   00000000   0010A0E3           MOV      R1,#+0
   \   00000004   030050E3           CMP      R0,#+3
   \   00000008   ........           LDRCC    R1,??DataTable7
   \   0000000C   00018130           ADDCC    R0,R1,R0, LSL #+2
   \   00000010   1C109035           LDRCC    R1,[R0, #+28]
   \   00000014   0100A0E1           MOV      R0,R1
   \   00000018   1EFF2FE1           BX       LR               ;; return
    144          }

   \                                 In section .text, align 4, keep-with-next
   \                     ??DataTable7:
   \   00000000   ........           DC32     TREEVIEW__DefaultProps
    145          
    146          #else  /* avoid empty object files */
    147          
    148          void TREEVIEW_Default_c(void);
    149          void TREEVIEW_Default_c(void){}
    150          
    151          #endif  /* #if GUI_WINSUPPORT */
    152          
    153          /*************************** End of file ****************************/

   Maximum stack usage in bytes:

     Function                     .cstack
     --------                     -------
     TREEVIEW_GetDefaultBkColor        0
     TREEVIEW_GetDefaultFont           0
     TREEVIEW_GetDefaultLineColor      0
     TREEVIEW_GetDefaultTextColor      0
     TREEVIEW_SetDefaultBkColor        0
     TREEVIEW_SetDefaultFont           0
     TREEVIEW_SetDefaultLineColor      0
     TREEVIEW_SetDefaultTextColor      0


   Section sizes:

     Function/Label               Bytes
     --------------               -----
     TREEVIEW_SetDefaultFont        12
     TREEVIEW_GetDefaultFont        12
     TREEVIEW_SetDefaultBkColor     20
     TREEVIEW_SetDefaultTextColor   20
     TREEVIEW_SetDefaultLineColor   20
     TREEVIEW_GetDefaultBkColor     28
     TREEVIEW_GetDefaultTextColor   28
     TREEVIEW_GetDefaultLineColor   28
     ??DataTable7                    4

 
 172 bytes in section .text
 
 172 bytes of CODE memory

Errors: none
Warnings: none
