###############################################################################
#                                                                             #
# IAR ANSI C/C++ Compiler V6.10.2.52244/W32 for ARM     19/Nov/2015  13:11:19 #
# Copyright 1999-2010 IAR Systems AB.                                         #
#                                                                             #
#    Cpu mode     =  arm                                                      #
#    Endian       =  little                                                   #
#    Source file  =  C:\DUII\DUII\Graphics\USBCamIcon.c                       #
#    Command line =  C:\DUII\DUII\Graphics\USBCamIcon.c -D DEBUG=1 -D         #
#                    SDRAM_TARGET=1 -D USB_IS_HIGH_SPEED -D NOPROFILER -D     #
#                    OS_TRACE=0 -D OS_VIEW_ENABLE=0 -lCN                      #
#                    C:\DUII\TargetHW\Release\List\ -o                        #
#                    C:\DUII\TargetHW\Release\Obj\ --endian=little            #
#                    --cpu=ARM926EJ-S -e --fpu=None --dlib_config             #
#                    "C:\Program Files (x86)\IAR Systems\Embedded Workbench   #
#                    6.0\arm\INC\c\DLib_Config_Normal.h" -I                   #
#                    C:\DUII\TargetHW\Application\SEGGERDEMO\ -I              #
#                    C:\DUII\TargetHW\Application\SEGGERDEMO\Src\ -I          #
#                    C:\DUII\TargetHW\Config\ -I C:\DUII\TargetHW\FS\ -I      #
#                    C:\DUII\TargetHW\GUI\ -I C:\DUII\TargetHW\Inc\ -I        #
#                    C:\DUII\TargetHW\OS\ -I C:\DUII\TargetHW\Setup\ -I       #
#                    \DUII\DUII\ -I \DUII\DUII\Graphics\ --cpu_mode arm -Ohs  #
#                    --use_c++_inline --require_prototypes                    #
#    List file    =  C:\DUII\TargetHW\Release\List\USBCamIcon.lst             #
#    Object file  =  C:\DUII\TargetHW\Release\Obj\USBCamIcon.o                #
#                                                                             #
#                                                                             #
###############################################################################

C:\DUII\DUII\Graphics\USBCamIcon.c
      1          /*********************************************************************
      2          *                SEGGER MICROCONTROLLER SYSTEME GmbH                 *
      3          *        Solutions for real time microcontroller applications        *
      4          *                           www.segger.com                           *
      5          **********************************************************************
      6          *
      7          * C-file generated by
      8          *
      9          *        Bitmap converter for emWin V5.04.
     10          *        Compiled Jan  8 2010, 16:37:17
     11          *        (C) 1998 - 2005 Segger Microcontroller Systeme GmbH
     12          *
     13          **********************************************************************
     14          *
     15          * Source file: USBCamIcon
     16          * Dimensions:  60 * 60
     17          * NumColors:   63
     18          *
     19          **********************************************************************
     20          */
     21          
     22          #include <stdlib.h>
     23          
     24          #include "GUI.h"
     25          
     26          #ifndef GUI_CONST_STORAGE
     27            #define GUI_CONST_STORAGE const
     28          #endif
     29          
     30          /*   Palette
     31          The following are the entries of the palette table.
     32          Every entry is a 32-bit value (of which 24 bits are actually used)
     33          the lower   8 bits represent the Red component,
     34          the middle  8 bits represent the Green component,
     35          the highest 8 bits (of the 24 bits used) represent the Blue component
     36          as follows:   0xBBGGRR
     37          */
     38          

   \                                 In section .rodata, align 4, keep-with-next
     39          static GUI_CONST_STORAGE GUI_COLOR ColorsUSBCamIcon[] = {
   \                     ColorsUSBCamIcon:
   \   00000000                      ; Initializer data, 252 bytes
   \   00000000   000000003939       DC32 0, 3750201, 3289650, 3684408, 3618615, 3552822, 3223857, 3421236, 3158064, 3815994
   \              390032323200
   \              383838003737
   \              370036363600
   \              313131003434
   \              340030303000
   \              3A3A3A00    
   \   00000028   2D2D2D003535       DC32 2960685, 3487029, 2500134, 2565927, 3355443, 2763306, 3092271, 3026478, 2894892, 2829099
   \              350026262600
   \              272727003333
   \              33002A2A2A00
   \              2F2F2F002E2E
   \              2E002C2C2C00
   \              2B2B2B00    
   \   00000050   1D1D1D001414       DC32 1907997, 1315860, 1447446, 2434341, 2631720, 2697513, 2368548, 1842204, 986895, 2105376
   \              140016161600
   \              252525002828
   \              280029292900
   \              242424001C1C
   \              1C000F0F0F00
   \              20202000    
   \   00000078   212121000101       DC32 2171169, 65793, 1776411, 197379, 263172, 1381653, 1973790, 2039583, 2302755, 3881787
   \              01001B1B1B00
   \              030303000404
   \              040015151500
   \              1E1E1E001F1F
   \              1F0023232300
   \              3B3B3B00    
   \   000000A0   3E3E3E000505       DC32 4079166, 328965, 394758, 460551, 131586, 723723, 789516, 1052688, 1579032, 1644825
   \              050006060600
   \              070707000202
   \              02000B0B0B00
   \              0C0C0C001010
   \              100018181800
   \              19191900    
   \   000000C8   222222000909       DC32 2236962, 592137, 855309, 1118481, 1250067, 1513239, 1710618, 4144959, 526344, 657930
   \              09000D0D0D00
   \              111111001313
   \              130017171700
   \              1A1A1A003F3F
   \              3F0008080800
   \              0A0A0A00    
   \   000000F0   121212003C3C       DC32 1184274, 3947580, 4013373
   \              3C003D3D3D00
     40               0x000000,0x393939,0x323232,0x383838
     41              ,0x373737,0x363636,0x313131,0x343434
     42              ,0x303030,0x3A3A3A,0x2D2D2D,0x353535
     43              ,0x262626,0x272727,0x333333,0x2A2A2A
     44              ,0x2F2F2F,0x2E2E2E,0x2C2C2C,0x2B2B2B
     45              ,0x1D1D1D,0x141414,0x161616,0x252525
     46              ,0x282828,0x292929,0x242424,0x1C1C1C
     47              ,0x0F0F0F,0x202020,0x212121,0x010101
     48              ,0x1B1B1B,0x030303,0x040404,0x151515
     49              ,0x1E1E1E,0x1F1F1F,0x232323,0x3B3B3B
     50              ,0x3E3E3E,0x050505,0x060606,0x070707
     51              ,0x020202,0x0B0B0B,0x0C0C0C,0x101010
     52              ,0x181818,0x191919,0x222222,0x090909
     53              ,0x0D0D0D,0x111111,0x131313,0x171717
     54              ,0x1A1A1A,0x3F3F3F,0x080808,0x0A0A0A
     55              ,0x121212,0x3C3C3C,0x3D3D3D
     56          };
     57          

   \                                 In section .rodata, align 4, keep-with-next
     58          static GUI_CONST_STORAGE GUI_LOGPALETTE PalUSBCamIcon = {
   \                     PalUSBCamIcon:
   \   00000000                      ; Initializer data, 12 bytes
   \   00000000   3F000000           DC32 63
   \   00000004   00000000           DC8 0, 0, 0, 0
   \   00000008   ........           DC32 ColorsUSBCamIcon
     59            63,	/* number of entries */
     60            0, 	/* No transparency */
     61            &ColorsUSBCamIcon[0]
     62          };
     63          

   \                                 In section .rodata, align 4, keep-with-next
     64          static GUI_CONST_STORAGE unsigned char acUSBCamIcon[] = {
   \                     acUSBCamIcon:
   \   00000000                      ; Initializer data, 3600 bytes
   \   00000000   000000002D25       DC8 0, 0, 0, 0, 45, 37, 12, 12, 12, 12
   \              0C0C0C0C    
   \   0000000A   0C0C0C0C0C0C       DC8 12, 12, 12, 12, 12, 12, 12, 12, 12, 12
   \              0C0C0C0C    
   \   00000014   0C0C0C0C0C0C       DC8 12, 12, 12, 12, 12, 12, 12, 12, 12, 12
   \              0C0C0C0C    
   \   0000001E   0C0C0C0C0C0C       DC8 12, 12, 12, 12, 12, 12, 12, 12, 12, 12
   \              0C0C0C0C    
   \   00000028   0C0C0C0C0C0C       DC8 12, 12, 12, 12, 12, 12, 12, 12, 12, 12
   \              0C0C0C0C    
   \   00000032   0C0C0C0C242E       DC8 12, 12, 12, 12, 36, 46, 0, 0, 0, 0
   \              00000000    
   \   0000003C   0000221A2704       DC8 0, 0, 34, 26, 39, 4, 10, 24, 13, 13
   \              0A180D0D    
   \   00000046   0D0D0D0D0D0D       DC8 13, 13, 13, 13, 13, 13, 13, 13, 13, 13
   \              0D0D0D0D    
   \   00000050   0D0D0D0D0D0D       DC8 13, 13, 13, 13, 13, 13, 13, 13, 13, 13
   \              0D0D0D0D    
   \   0000005A   0D0D0D0D0D0D       DC8 13, 13, 13, 13, 13, 13, 13, 13, 13, 13
   \              0D0D0D0D    
   \   00000064   0D0D0D0D0D0D       DC8 13, 13, 13, 13, 13, 13, 13, 13, 13, 13
   \              0D0D0D0D    
   \   0000006E   0D0D180A0427       DC8 13, 13, 24, 10, 4, 39, 12, 41, 0, 0
   \              0C290000    
   \   00000078   002210281A30       DC8 0, 34, 16, 40, 26, 48, 56, 27, 27, 20
   \              381B1B14    
   \   00000082   141414141414       DC8 20, 20, 20, 20, 20, 20, 20, 20, 20, 20
   \              14141414    
   \   0000008C   141414141414       DC8 20, 20, 20, 20, 20, 20, 20, 20, 20, 20
   \              14141414    
   \   00000096   141414141414       DC8 20, 20, 20, 20, 20, 20, 20, 20, 20, 20
   \              14141414    
   \   000000A0   141414141414       DC8 20, 20, 20, 20, 20, 20, 20, 20, 20, 20
   \              14141414    
   \   000000AA   141B1B383026       DC8 20, 27, 27, 56, 48, 38, 62, 7, 43, 0
   \              3E072B00    
   \   000000B4   001A28142026       DC8 0, 26, 40, 20, 32, 38, 13, 24, 15, 15
   \              0D180F0F    
   \   000000BE   0F0F0F0F0F0F       DC8 15, 15, 15, 15, 15, 15, 15, 15, 15, 15
   \              0F0F0F0F    
   \   000000C8   0F0F0F0F0F0F       DC8 15, 15, 15, 15, 15, 15, 15, 15, 15, 15
   \              0F0F0F0F    
   \   000000D2   0F0F0F0F0F0F       DC8 15, 15, 15, 15, 15, 15, 15, 15, 15, 15
   \              0F0F0F0F    
   \   000000DC   0F0F0F0F0F0F       DC8 15, 15, 15, 15, 15, 15, 15, 15, 15, 15
   \              0F0F0F0F    
   \   000000E6   0F0F190D2620       DC8 15, 15, 25, 13, 38, 32, 32, 61, 18, 0
   \              203D1200    
   \   000000F0   2D271A1B0D13       DC8 45, 39, 26, 27, 13, 19, 17, 6, 6, 2
   \              11060602    
   \   000000FA   020202020202       DC8 2, 2, 2, 2, 2, 2, 2, 2, 2, 2
   \              02020202    
   \   00000104   020202020202       DC8 2, 2, 2, 2, 2, 2, 2, 2, 2, 2
   \              02020202    
   \   0000010E   020202020202       DC8 2, 2, 2, 2, 2, 2, 2, 2, 2, 2
   \              02020202    
   \   00000118   020202020202       DC8 2, 2, 2, 2, 2, 2, 2, 2, 2, 2
   \              02020202    
   \   00000122   02060610130D       DC8 2, 6, 6, 16, 19, 13, 20, 29, 40, 53
   \              141D2835    
   \   0000012C   2504200C0A02       DC8 37, 4, 32, 12, 10, 2, 11, 5, 5, 4
   \              0B050504    
   \   00000136   040404040404       DC8 4, 4, 4, 4, 4, 4, 4, 4, 4, 4
   \              04040404    
   \   00000140   040404040404       DC8 4, 4, 4, 4, 4, 4, 4, 4, 4, 4
   \              04040404    
   \   0000014A   040404040404       DC8 4, 4, 4, 4, 4, 4, 4, 4, 4, 4
   \              04040404    
   \   00000154   040404040404       DC8 4, 4, 4, 4, 4, 4, 4, 4, 4, 4
   \              04040404    
   \   0000015E   0405050B020A       DC8 4, 5, 5, 11, 2, 10, 13, 32, 14, 12
   \              0D200E0C    
   \   00000168   0D0A25120205       DC8 13, 10, 37, 18, 2, 5, 1, 1, 1, 9
   \              01010109    
   \   00000172   090909090909       DC8 9, 9, 9, 9, 9, 9, 9, 9, 9, 9
   \              09090909    
   \   0000017C   090909090909       DC8 9, 9, 9, 9, 9, 9, 9, 9, 9, 9
   \              09090909    
   \   00000186   090909090909       DC8 9, 9, 9, 9, 9, 9, 9, 9, 9, 9
   \              09090909    
   \   00000190   090909090909       DC8 9, 9, 9, 9, 9, 9, 9, 9, 9, 9
   \              09090909    
   \   0000019A   09010101050E       DC8 9, 1, 1, 1, 5, 14, 18, 30, 24, 17
   \              121E1811    
   \   000001A4   0C181A100B01       DC8 12, 24, 26, 16, 11, 1, 9, 9, 9, 9
   \              09090909    
   \   000001AE   090909090909       DC8 9, 9, 9, 9, 9, 9, 9, 9, 9, 9
   \              09090909    
   \   000001B8   090909090909       DC8 9, 9, 9, 9, 9, 9, 9, 9, 9, 9
   \              09090909    
   \   000001C2   090909090909       DC8 9, 9, 9, 9, 9, 9, 9, 9, 9, 9
   \              09090909    
   \   000001CC   090909090909       DC8 9, 9, 9, 9, 9, 9, 9, 9, 9, 9
   \              09090909    
   \   000001D6   090909090105       DC8 9, 9, 9, 9, 1, 5, 8, 12, 26, 6
   \              080C1A06    
   \   000001E0   17190C060501       DC8 23, 25, 12, 6, 5, 1, 1, 1, 1, 1
   \              01010101    
   \   000001EA   010101010101       DC8 1, 1, 1, 1, 1, 1, 1, 1, 1, 1
   \              01010101    
   \   000001F4   010101010101       DC8 1, 1, 1, 1, 1, 1, 1, 1, 1, 1
   \              01010101    
   \   000001FE   010101010101       DC8 1, 1, 1, 1, 1, 1, 1, 1, 1, 1
   \              01010101    
   \   00000208   010101010101       DC8 1, 1, 1, 1, 1, 1, 1, 1, 1, 1
   \              01010101    
   \   00000212   010101010105       DC8 1, 1, 1, 1, 1, 5, 6, 25, 23, 8
   \              06191708    
   \   0000021C   17190D060501       DC8 23, 25, 13, 6, 5, 1, 1, 1, 1, 1
   \              01010101    
   \   00000226   010101010101       DC8 1, 1, 1, 1, 1, 1, 1, 1, 1, 1
   \              01010101    
   \   00000230   010101010101       DC8 1, 1, 1, 1, 1, 1, 1, 1, 1, 1
   \              01010101    
   \   0000023A   010101010101       DC8 1, 1, 1, 1, 1, 1, 1, 1, 1, 1
   \              01010101    
   \   00000244   010101010101       DC8 1, 1, 1, 1, 1, 1, 1, 1, 1, 1
   \              01010101    
   \   0000024E   010101010104       DC8 1, 1, 1, 1, 1, 4, 2, 15, 23, 8
   \              020F1708    
   \   00000258   17190D020501       DC8 23, 25, 13, 2, 5, 1, 1, 1, 1, 1
   \              01010101    
   \   00000262   010101010101       DC8 1, 1, 1, 1, 1, 1, 1, 1, 1, 1
   \              01010101    
   \   0000026C   010101010101       DC8 1, 1, 1, 1, 1, 1, 1, 1, 1, 1
   \              01010101    
   \   00000276   010101010101       DC8 1, 1, 1, 1, 1, 1, 1, 1, 1, 1
   \              01010101    
   \   00000280   010101010101       DC8 1, 1, 1, 1, 1, 1, 1, 1, 1, 1
   \              01010101    
   \   0000028A   010101010104       DC8 1, 1, 1, 1, 1, 4, 2, 15, 12, 8
   \              020F0C08    
   \   00000294   17190D020401       DC8 23, 25, 13, 2, 4, 1, 1, 1, 1, 1
   \              01010101    
   \   0000029E   010101010101       DC8 1, 1, 1, 1, 1, 1, 1, 1, 1, 1
   \              01010101    
   \   000002A8   010101010101       DC8 1, 1, 1, 1, 1, 1, 1, 1, 1, 1
   \              01010101    
   \   000002B2   010101010101       DC8 1, 1, 1, 1, 1, 1, 1, 1, 1, 1
   \              01010101    
   \   000002BC   010101010101       DC8 1, 1, 1, 1, 1, 1, 1, 1, 1, 1
   \              01010101    
   \   000002C6   010101010103       DC8 1, 1, 1, 1, 1, 3, 11, 18, 13, 8
   \              0B120D08    
   \   000002D0   17190D060503       DC8 23, 25, 13, 6, 5, 3, 3, 3, 3, 3
   \              03030303    
   \   000002DA   030303030303       DC8 3, 3, 3, 3, 3, 3, 3, 3, 3, 3
   \              03030303    
   \   000002E4   030303030303       DC8 3, 3, 3, 3, 3, 3, 3, 3, 3, 3
   \              03030303    
   \   000002EE   030303030303       DC8 3, 3, 3, 3, 3, 3, 3, 3, 3, 3
   \              03030303    
   \   000002F8   030303030303       DC8 3, 3, 3, 3, 3, 3, 3, 3, 3, 3
   \              03030303    
   \   00000302   030309270106       DC8 3, 3, 9, 39, 1, 6, 12, 27, 29, 6
   \              0C1B1D06    
   \   0000030C   17190D060503       DC8 23, 25, 13, 6, 5, 3, 3, 3, 3, 3
   \              03030303    
   \   00000316   030303030303       DC8 3, 3, 3, 3, 3, 3, 3, 3, 3, 3
   \              03030303    
   \   00000320   030303030303       DC8 3, 3, 3, 3, 3, 3, 3, 3, 3, 3
   \              03030303    
   \   0000032A   030303030303       DC8 3, 3, 3, 3, 3, 3, 3, 3, 3, 3
   \              03030303    
   \   00000334   030303030303       DC8 3, 3, 3, 3, 3, 3, 3, 3, 3, 3
   \              03030303    
   \   0000033E   092708243421       DC8 9, 39, 8, 36, 52, 33, 0, 0, 35, 2
   \              00002302    
   \   00000348   17190D060503       DC8 23, 25, 13, 6, 5, 3, 3, 3, 3, 3
   \              03030303    
   \   00000352   030303030303       DC8 3, 3, 3, 3, 3, 3, 3, 3, 3, 3
   \              03030303    
   \   0000035C   030303030303       DC8 3, 3, 3, 3, 3, 3, 3, 3, 3, 3
   \              03030303    
   \   00000366   030303030303       DC8 3, 3, 3, 3, 3, 3, 3, 3, 3, 3
   \              03030303    
   \   00000370   030303030303       DC8 3, 3, 3, 3, 3, 3, 3, 4, 1, 39
   \              03040127    
   \   0000037A   0A152C000000       DC8 10, 21, 44, 0, 0, 0, 0, 0, 22, 2
   \              00001602    
   \   00000384   17190C080B04       DC8 23, 25, 12, 8, 11, 4, 4, 4, 4, 4
   \              04040404    
   \   0000038E   040404040404       DC8 4, 4, 4, 4, 4, 4, 4, 4, 4, 4
   \              04040404    
   \   00000398   040404040404       DC8 4, 4, 4, 4, 4, 4, 4, 4, 4, 4
   \              04040404    
   \   000003A2   040404040404       DC8 4, 4, 4, 4, 4, 4, 4, 4, 4, 4
   \              04040404    
   \   000003AC   040404040404       DC8 4, 4, 4, 4, 4, 4, 4, 9, 14, 55
   \              04090E37    
   \   000003B6   1F0000000000       DC8 31, 0, 0, 0, 0, 0, 0, 0, 22, 2
   \              00001602    
   \   000003C0   17190C080B04       DC8 23, 25, 12, 8, 11, 4, 4, 4, 4, 4
   \              04040404    
   \   000003CA   040404040404       DC8 4, 4, 4, 4, 4, 4, 4, 4, 4, 4
   \              04040404    
   \   000003D4   040404040404       DC8 4, 4, 4, 4, 4, 4, 4, 4, 4, 4
   \              04040404    
   \   000003DE   040404040404       DC8 4, 4, 4, 4, 4, 4, 4, 4, 4, 4
   \              04040404    
   \   000003E8   040404040403       DC8 4, 4, 4, 4, 4, 3, 9, 26, 42, 0
   \              091A2A00    
   \   000003F2   000000000000       DC8 0, 0, 0, 0, 0, 0, 0, 0, 22, 2
   \              00001602    
   \   000003FC   171917100705       DC8 23, 25, 23, 16, 7, 5, 5, 5, 5, 5
   \              05050505    
   \   00000406   050505050505       DC8 5, 5, 5, 5, 5, 5, 5, 5, 5, 5
   \              05050505    
   \   00000410   050505050505       DC8 5, 5, 5, 5, 5, 5, 5, 5, 5, 5
   \              05050505    
   \   0000041A   050505050505       DC8 5, 5, 5, 5, 5, 5, 5, 5, 5, 5
   \              05050505    
   \   00000424   05050505030B       DC8 5, 5, 5, 5, 3, 11, 22, 0, 0, 0
   \              16000000    
   \   0000042E   000000000000       DC8 0, 0, 0, 0, 0, 0, 0, 0, 22, 2
   \              00001602    
   \   00000438   171917100705       DC8 23, 25, 23, 16, 7, 5, 5, 5, 5, 5
   \              05050505    
   \   00000442   050505050505       DC8 5, 5, 5, 5, 5, 5, 5, 5, 5, 5
   \              05050505    
   \   0000044C   050505050505       DC8 5, 5, 5, 5, 5, 5, 5, 5, 5, 5
   \              05050505    
   \   00000456   050505050505       DC8 5, 5, 5, 5, 5, 5, 5, 5, 5, 5
   \              05050505    
   \   00000460   05050501082E       DC8 5, 5, 5, 1, 8, 46, 0, 0, 0, 0
   \              00000000    
   \   0000046A   000000000000       DC8 0, 0, 0, 0, 0, 0, 0, 0, 22, 2
   \              00001602    
   \   00000474   171917100705       DC8 23, 25, 23, 16, 7, 5, 5, 5, 5, 5
   \              05050505    
   \   0000047E   050505050505       DC8 5, 5, 5, 5, 5, 5, 5, 5, 5, 5
   \              05050505    
   \   00000488   050505050505       DC8 5, 5, 5, 5, 5, 5, 5, 5, 5, 5
   \              05050505    
   \   00000492   050505050505       DC8 5, 5, 5, 5, 5, 5, 5, 5, 5, 5
   \              05050505    
   \   0000049C   050501122B00       DC8 5, 5, 1, 18, 43, 0, 0, 0, 0, 0
   \              00000000    
   \   000004A6   000000000000       DC8 0, 0, 0, 0, 0, 0, 0, 0, 22, 2
   \              00001602    
   \   000004B0   17191A110E0B       DC8 23, 25, 26, 17, 14, 11, 11, 11, 11, 11
   \              0B0B0B0B    
   \   000004BA   0B0B0B0B0B0B       DC8 11, 11, 11, 11, 11, 11, 11, 11, 11, 11
   \              0B0B0B0B    
   \   000004C4   0B0B0B0B0B0B       DC8 11, 11, 11, 11, 11, 11, 11, 11, 11, 11
   \              0B0B0B0B    
   \   000004CE   0B0B0B0B0B0B       DC8 11, 11, 11, 11, 11, 11, 11, 11, 11, 11
   \              0B0B0B0B    
   \   000004D8   0B0319220000       DC8 11, 3, 25, 34, 0, 0, 0, 0, 0, 0
   \              00000000    
   \   000004E2   000000000000       DC8 0, 0, 0, 0, 0, 0, 0, 0, 22, 2
   \              00001602    
   \   000004EC   17191A110E0B       DC8 23, 25, 26, 17, 14, 11, 11, 11, 11, 11
   \              0B0B0B0B    
   \   000004F6   0B0B0B0B0B0B       DC8 11, 11, 11, 11, 11, 11, 11, 11, 11, 11
   \              0B0B0B0B    
   \   00000500   0B0B0B0B0B0B       DC8 11, 11, 11, 11, 11, 11, 11, 11, 11, 11
   \              0B0B0B0B    
   \   0000050A   0B0B0B0B0B0B       DC8 11, 11, 11, 11, 11, 11, 11, 11, 11, 11
   \              0B0B0B0B    
   \   00000514   031921000000       DC8 3, 25, 33, 0, 0, 0, 0, 0, 0, 0
   \              00000000    
   \   0000051E   000000000000       DC8 0, 0, 0, 0, 0, 0, 0, 0, 22, 2
   \              00001602    
   \   00000528   17181A0A0207       DC8 23, 24, 26, 10, 2, 7, 7, 7, 7, 7
   \              07070707    
   \   00000532   070707070707       DC8 7, 7, 7, 7, 7, 7, 7, 7, 7, 7
   \              07070707    
   \   0000053C   070707070707       DC8 7, 7, 7, 7, 7, 7, 7, 7, 7, 7
   \              07070707    
   \   00000546   070707070707       DC8 7, 7, 7, 7, 7, 7, 7, 7, 7, 4
   \              07070704    
   \   00000550   0F2200000000       DC8 15, 34, 0, 0, 0, 0, 0, 0, 0, 0
   \              00000000    
   \   0000055A   000000000000       DC8 0, 0, 0, 0, 0, 0, 0, 0, 22, 2
   \              00001602    
   \   00000564   17181A0A0207       DC8 23, 24, 26, 10, 2, 7, 7, 7, 7, 7
   \              07070707    
   \   0000056E   070707070707       DC8 7, 7, 7, 7, 7, 7, 7, 7, 7, 7
   \              07070707    
   \   00000578   070707070707       DC8 7, 7, 7, 7, 7, 7, 7, 7, 7, 7
   \              07070707    
   \   00000582   070707070707       DC8 7, 7, 7, 7, 7, 7, 7, 7, 5, 17
   \              07070511    
   \   0000058C   290000000000       DC8 41, 0, 0, 0, 0, 0, 0, 0, 0, 0
   \              00000000    
   \   00000596   000000000000       DC8 0, 0, 0, 0, 0, 0, 0, 0, 22, 2
   \              00001602    
   \   000005A0   17181A0A0207       DC8 23, 24, 26, 10, 2, 7, 7, 7, 7, 7
   \              07070707    
   \   000005AA   070707070707       DC8 7, 7, 7, 7, 7, 7, 7, 7, 7, 7
   \              07070707    
   \   000005B4   070707070707       DC8 7, 7, 7, 7, 7, 7, 7, 7, 7, 7
   \              07070707    
   \   000005BE   070707070707       DC8 7, 7, 7, 7, 7, 7, 14, 11, 2, 51
   \              0E0B0233    
   \   000005C8   000000000000       DC8 0, 0, 0, 0, 0, 0, 0, 0, 0, 0
   \              00000000    
   \   000005D2   000000000000       DC8 0, 0, 0, 0, 0, 0, 0, 0, 22, 2
   \              00001602    
   \   000005DC   1718260A060E       DC8 23, 24, 38, 10, 6, 14, 14, 14, 14, 14
   \              0E0E0E0E    
   \   000005E6   0E0E0E0E0E0E       DC8 14, 14, 14, 14, 14, 14, 14, 14, 14, 14
   \              0E0E0E0E    
   \   000005F0   0E0E0E0E0E0E       DC8 14, 14, 14, 14, 14, 14, 14, 14, 14, 14
   \              0E0E0E0E    
   \   000005FA   0E0E0E0E0E0E       DC8 14, 14, 14, 14, 14, 14, 7, 7, 47, 0
   \              07072F00    
   \   00000604   000000000000       DC8 0, 0, 0, 0, 0, 0, 0, 0, 0, 0
   \              00000000    
   \   0000060E   000000000000       DC8 0, 0, 0, 0, 0, 0, 0, 0, 22, 2
   \              00001602    
   \   00000618   1718260A060E       DC8 23, 24, 38, 10, 6, 14, 14, 14, 14, 14
   \              0E0E0E0E    
   \   00000622   0E0E0E0E0E0E       DC8 14, 14, 14, 14, 14, 14, 14, 14, 14, 14
   \              0E0E0E0E    
   \   0000062C   0E0E0E0E0E0E       DC8 14, 14, 14, 14, 14, 14, 14, 14, 14, 14
   \              0E0E0E0E    
   \   00000636   0E0E0E0E0E0E       DC8 14, 14, 14, 14, 14, 14, 5, 49, 0, 0
   \              05310000    
   \   00000640   000000000000       DC8 0, 0, 0, 0, 0, 0, 0, 0, 0, 0
   \              00000000    
   \   0000064A   000000000000       DC8 0, 0, 0, 0, 0, 0, 0, 0, 22, 2
   \              00001602    
   \   00000654   171832120802       DC8 23, 24, 50, 18, 8, 2, 2, 2, 2, 2
   \              02020202    
   \   0000065E   020202020202       DC8 2, 2, 2, 2, 2, 2, 2, 2, 2, 2
   \              02020202    
   \   00000668   020202020202       DC8 2, 2, 2, 2, 2, 2, 2, 2, 2, 2
   \              02020202    
   \   00000672   02020202020B       DC8 2, 2, 2, 2, 2, 11, 38, 0, 0, 0
   \              26000000    
   \   0000067C   000000000000       DC8 0, 0, 0, 0, 0, 0, 0, 0, 0, 0
   \              00000000    
   \   00000686   000000000000       DC8 0, 0, 0, 0, 0, 0, 0, 0, 22, 2
   \              00001602    
   \   00000690   171832120802       DC8 23, 24, 50, 18, 8, 2, 2, 2, 2, 2
   \              02020202    
   \   0000069A   020202020202       DC8 2, 2, 2, 2, 2, 2, 2, 2, 2, 2
   \              02020202    
   \   000006A4   020202020202       DC8 2, 2, 2, 2, 2, 2, 2, 2, 2, 2
   \              02020202    
   \   000006AE   02020202070A       DC8 2, 2, 2, 2, 7, 10, 41, 0, 0, 0
   \              29000000    
   \   000006B8   000000000000       DC8 0, 0, 0, 0, 0, 0, 0, 0, 0, 0
   \              00000000    
   \   000006C2   000000000000       DC8 0, 0, 0, 0, 0, 0, 0, 0, 22, 2
   \              00001602    
   \   000006CC   17181E131006       DC8 23, 24, 30, 19, 16, 6, 6, 6, 6, 6
   \              06060606    
   \   000006D6   060606060606       DC8 6, 6, 6, 6, 6, 6, 6, 6, 6, 6
   \              06060606    
   \   000006E0   060606060606       DC8 6, 6, 6, 6, 6, 6, 6, 6, 6, 6
   \              06060606    
   \   000006EA   060606020E1C       DC8 6, 6, 6, 2, 14, 28, 0, 0, 0, 0
   \              00000000    
   \   000006F4   000000000000       DC8 0, 0, 0, 0, 0, 0, 0, 0, 0, 0
   \              00000000    
   \   000006FE   000000000000       DC8 0, 0, 0, 0, 0, 0, 0, 0, 22, 2
   \              00001602    
   \   00000708   17181E131006       DC8 23, 24, 30, 19, 16, 6, 6, 6, 6, 6
   \              06060606    
   \   00000712   060606060606       DC8 6, 6, 6, 6, 6, 6, 6, 6, 6, 6
   \              06060606    
   \   0000071C   060606060606       DC8 6, 6, 6, 6, 6, 6, 6, 6, 6, 6
   \              06060606    
   \   00000726   060606071400       DC8 6, 6, 6, 7, 20, 0, 0, 0, 0, 0
   \              00000000    
   \   00000730   000000000000       DC8 0, 0, 0, 0, 0, 0, 0, 0, 0, 0
   \              00000000    
   \   0000073A   000000000000       DC8 0, 0, 0, 0, 0, 0, 0, 0, 22, 2
   \              00001602    
   \   00000744   0C181E0F1108       DC8 12, 24, 30, 15, 17, 8, 8, 8, 8, 8
   \              08080808    
   \   0000074E   080808080808       DC8 8, 8, 8, 8, 8, 8, 8, 8, 8, 8
   \              08080808    
   \   00000758   080808080808       DC8 8, 8, 8, 8, 8, 8, 8, 8, 8, 8
   \              08080808    
   \   00000762   0808020F2100       DC8 8, 8, 2, 15, 33, 0, 0, 0, 0, 0
   \              00000000    
   \   0000076C   000000000000       DC8 0, 0, 0, 0, 0, 0, 0, 0, 0, 0
   \              00000000    
   \   00000776   000000000000       DC8 0, 0, 0, 0, 0, 0, 0, 0, 22, 2
   \              00001602    
   \   00000780   0C181E0F1108       DC8 12, 24, 30, 15, 17, 8, 8, 8, 8, 8
   \              08080808    
   \   0000078A   080808080808       DC8 8, 8, 8, 8, 8, 8, 8, 8, 8, 8
   \              08080808    
   \   00000794   080808080808       DC8 8, 8, 8, 8, 8, 8, 8, 8, 8, 8
   \              08080808    
   \   0000079E   0808021C0000       DC8 8, 8, 2, 28, 0, 0, 0, 0, 0, 0
   \              00000000    
   \   000007A8   000000000000       DC8 0, 0, 0, 0, 0, 0, 0, 0, 0, 0
   \              00000000    
   \   000007B2   000000000000       DC8 0, 0, 0, 0, 0, 0, 0, 0, 22, 2
   \              00001602    
   \   000007BC   0C181E0F1108       DC8 12, 24, 30, 15, 17, 8, 8, 8, 8, 8
   \              08080808    
   \   000007C6   080808080808       DC8 8, 8, 8, 8, 8, 8, 8, 8, 8, 8
   \              08080808    
   \   000007D0   080808080808       DC8 8, 8, 8, 8, 8, 8, 8, 8, 8, 8
   \              08080808    
   \   000007DA   080E1D000000       DC8 8, 14, 29, 0, 0, 0, 0, 0, 0, 0
   \              00000000    
   \   000007E4   000000000000       DC8 0, 0, 0, 0, 0, 0, 0, 0, 0, 0
   \              00000000    
   \   000007EE   000000000000       DC8 0, 0, 0, 0, 0, 0, 0, 0, 22, 2
   \              00001602    
   \   000007F8   0C181D190A10       DC8 12, 24, 29, 25, 10, 16, 16, 16, 16, 16
   \              10101010    
   \   00000802   101010101010       DC8 16, 16, 16, 16, 16, 16, 16, 16, 16, 16
   \              10101010    
   \   0000080C   101010101010       DC8 16, 16, 16, 16, 16, 16, 16, 16, 16, 16
   \              10101010    
   \   00000816   080A2A000000       DC8 8, 10, 42, 0, 0, 0, 0, 0, 0, 0
   \              00000000    
   \   00000820   000000000000       DC8 0, 0, 0, 0, 0, 0, 0, 0, 0, 0
   \              00000000    
   \   0000082A   000000000000       DC8 0, 0, 0, 0, 0, 0, 0, 0, 22, 2
   \              00001602    
   \   00000834   0C181D190A10       DC8 12, 24, 29, 25, 10, 16, 16, 16, 16, 16
   \              10101010    
   \   0000083E   101010101010       DC8 16, 16, 16, 16, 16, 16, 16, 16, 16, 16
   \              10101010    
   \   00000848   101010101010       DC8 16, 16, 16, 16, 16, 16, 16, 16, 16, 16
   \              10101010    
   \   00000852   021600000000       DC8 2, 22, 0, 0, 0, 0, 0, 0, 0, 0
   \              00000000    
   \   0000085C   000000000000       DC8 0, 0, 0, 0, 0, 0, 0, 0, 0, 0
   \              00000000    
   \   00000866   000000000000       DC8 0, 0, 0, 0, 0, 0, 0, 0, 22, 2
   \              00001602    
   \   00000870   0C1825181211       DC8 12, 24, 37, 24, 18, 17, 17, 17, 17, 17
   \              11111111    
   \   0000087A   111111111111       DC8 17, 17, 17, 17, 17, 17, 17, 17, 17, 17
   \              11111111    
   \   00000884   111111111111       DC8 17, 17, 17, 17, 17, 17, 17, 17, 17, 8
   \              11111108    
   \   0000088E   171F00000000       DC8 23, 31, 0, 0, 0, 0, 0, 0, 0, 0
   \              00000000    
   \   00000898   000000000000       DC8 0, 0, 0, 0, 0, 0, 0, 0, 0, 0
   \              00000000    
   \   000008A2   000000000000       DC8 0, 0, 0, 0, 0, 0, 0, 0, 22, 2
   \              00001602    
   \   000008AC   0C1825181211       DC8 12, 24, 37, 24, 18, 17, 17, 17, 17, 17
   \              11111111    
   \   000008B6   111111111111       DC8 17, 17, 17, 17, 17, 17, 17, 17, 17, 17
   \              11111111    
   \   000008C0   111111111111       DC8 17, 17, 17, 17, 17, 17, 17, 17, 16, 10
   \              1111100A    
   \   000008CA   330000000000       DC8 51, 0, 0, 0, 0, 0, 0, 0, 0, 0
   \              00000000    
   \   000008D4   000000000000       DC8 0, 0, 0, 0, 0, 0, 0, 0, 0, 0
   \              00000000    
   \   000008DE   000000000000       DC8 0, 0, 0, 0, 0, 0, 0, 0, 22, 2
   \              00001602    
   \   000008E8   0C0D240D130A       DC8 12, 13, 36, 13, 19, 10, 10, 10, 10, 10
   \              0A0A0A0A    
   \   000008F2   0A0A0A0A0A0A       DC8 10, 10, 10, 10, 10, 10, 10, 10, 10, 10
   \              0A0A0A0A    
   \   000008FC   0A0A0A0A0A0A       DC8 10, 10, 10, 10, 10, 10, 10, 17, 8, 53
   \              0A110835    
   \   00000906   000000000000       DC8 0, 0, 0, 0, 0, 0, 0, 0, 0, 0
   \              00000000    
   \   00000910   000000000000       DC8 0, 0, 0, 0, 0, 0, 0, 0, 0, 0
   \              00000000    
   \   0000091A   000000000000       DC8 0, 0, 0, 0, 0, 0, 0, 0, 22, 2
   \              00001602    
   \   00000924   0C0D240D130A       DC8 12, 13, 36, 13, 19, 10, 10, 10, 10, 10
   \              0A0A0A0A    
   \   0000092E   0A0A0A0A0A0A       DC8 10, 10, 10, 10, 10, 10, 10, 10, 10, 10
   \              0A0A0A0A    
   \   00000938   0A0A0A0A0A0A       DC8 10, 10, 10, 10, 10, 10, 10, 8, 55, 0
   \              0A083700    
   \   00000942   000000000000       DC8 0, 0, 0, 0, 0, 0, 0, 0, 0, 0
   \              00000000    
   \   0000094C   000000000000       DC8 0, 0, 0, 0, 0, 0, 0, 0, 0, 0
   \              00000000    
   \   00000956   000000000000       DC8 0, 0, 0, 0, 0, 0, 0, 0, 22, 2
   \              00001602    
   \   00000960   0C0D240D130A       DC8 12, 13, 36, 13, 19, 10, 10, 10, 10, 10
   \              0A0A0A0A    
   \   0000096A   0A0A0A0A0A0A       DC8 10, 10, 10, 10, 10, 10, 10, 10, 10, 10
   \              0A0A0A0A    
   \   00000974   0A0A0A0A0A0A       DC8 10, 10, 10, 10, 10, 10, 8, 49, 0, 0
   \              08310000    
   \   0000097E   000000000000       DC8 0, 0, 0, 0, 0, 0, 0, 0, 0, 0
   \              00000000    
   \   00000988   000000000000       DC8 0, 0, 0, 0, 0, 0, 0, 0, 0, 0
   \              00000000    
   \   00000992   000000000000       DC8 0, 0, 0, 0, 0, 0, 0, 0, 22, 2
   \              00001602    
   \   0000099C   0C0D140C0F12       DC8 12, 13, 20, 12, 15, 18, 18, 18, 18, 18
   \              12121212    
   \   000009A6   121212121212       DC8 18, 18, 18, 18, 18, 18, 18, 18, 18, 18
   \              12121212    
   \   000009B0   121212120A11       DC8 18, 18, 18, 18, 10, 17, 35, 0, 0, 0
   \              23000000    
   \   000009BA   000000000000       DC8 0, 0, 0, 0, 0, 0, 0, 0, 0, 0
   \              00000000    
   \   000009C4   000000000000       DC8 0, 0, 0, 0, 0, 0, 0, 0, 0, 0
   \              00000000    
   \   000009CE   000000000000       DC8 0, 0, 0, 0, 0, 0, 0, 0, 22, 2
   \              00001602    
   \   000009D8   0C0D140C0F12       DC8 12, 13, 20, 12, 15, 18, 18, 18, 18, 18
   \              12121212    
   \   000009E2   121212121212       DC8 18, 18, 18, 18, 18, 18, 18, 18, 18, 18
   \              12121212    
   \   000009EC   121212100F1C       DC8 18, 18, 18, 16, 15, 28, 0, 0, 0, 0
   \              00000000    
   \   000009F6   000000000000       DC8 0, 0, 0, 0, 0, 0, 0, 0, 0, 0
   \              00000000    
   \   00000A00   000000000000       DC8 0, 0, 0, 0, 0, 0, 0, 0, 0, 0
   \              00000000    
   \   00000A0A   000000000000       DC8 0, 0, 0, 0, 0, 0, 0, 0, 22, 2
   \              00001602    
   \   00000A14   0C0D140C1913       DC8 12, 13, 20, 12, 25, 19, 19, 19, 19, 19
   \              13131313    
   \   00000A1E   131313131313       DC8 19, 19, 19, 19, 19, 19, 19, 19, 19, 19
   \              13131313    
   \   00000A28   130A11252A00       DC8 19, 10, 17, 37, 42, 0, 0, 0, 0, 0
   \              00000000    
   \   00000A32   000000000000       DC8 0, 0, 0, 0, 0, 0, 0, 0, 0, 0
   \              00000000    
   \   00000A3C   000000000000       DC8 0, 0, 0, 0, 0, 0, 0, 0, 0, 0
   \              00000000    
   \   00000A46   000000000000       DC8 0, 0, 0, 0, 0, 0, 0, 0, 22, 2
   \              00001602    
   \   00000A50   0C0D140C1913       DC8 12, 13, 20, 12, 25, 19, 19, 19, 19, 19
   \              13131313    
   \   00000A5A   131313131313       DC8 19, 19, 19, 19, 19, 19, 19, 19, 19, 10
   \              1313130A    
   \   00000A64   11172F000000       DC8 17, 23, 47, 0, 0, 0, 0, 0, 0, 0
   \              00000000    
   \   00000A6E   000000000000       DC8 0, 0, 0, 0, 0, 0, 0, 0, 0, 0
   \              00000000    
   \   00000A78   000000000000       DC8 0, 0, 0, 0, 0, 0, 0, 0, 0, 0
   \              00000000    
   \   00000A82   000000000000       DC8 0, 0, 0, 0, 0, 0, 0, 0, 22, 2
   \              00001602    
   \   00000A8C   0C0D140C1913       DC8 12, 13, 20, 12, 25, 19, 19, 19, 19, 19
   \              13131313    
   \   00000A96   131313131313       DC8 19, 19, 19, 19, 19, 19, 18, 10, 10, 23
   \              120A0A17    
   \   00000AA0   3C2C00000000       DC8 60, 44, 0, 0, 0, 0, 0, 0, 0, 0
   \              00000000    
   \   00000AAA   000000000000       DC8 0, 0, 0, 0, 0, 0, 0, 0, 0, 0
   \              00000000    
   \   00000AB4   000000000000       DC8 0, 0, 0, 0, 0, 0, 0, 0, 0, 0
   \              00000000    
   \   00000ABE   000000000000       DC8 0, 0, 0, 0, 0, 0, 0, 0, 22, 2
   \              00001602    
   \   00000AC8   0C0D1B17180F       DC8 12, 13, 27, 23, 24, 15, 15, 15, 15, 15
   \              0F0F0F0F    
   \   00000AD2   0F0F0F131212       DC8 15, 15, 15, 19, 18, 18, 24, 20, 52, 31
   \              1814341F    
   \   00000ADC   000000000000       DC8 0, 0, 0, 0, 0, 0, 0, 0, 0, 0
   \              00000000    
   \   00000AE6   000000000000       DC8 0, 0, 0, 0, 0, 0, 0, 0, 0, 0
   \              00000000    
   \   00000AF0   000000000000       DC8 0, 0, 0, 0, 0, 0, 0, 0, 0, 0
   \              00000000    
   \   00000AFA   000000000000       DC8 0, 0, 0, 0, 0, 0, 0, 0, 22, 2
   \              00001602    
   \   00000B04   0C0D1B171813       DC8 12, 13, 27, 23, 24, 19, 19, 19, 18, 18
   \              13131212    
   \   00000B0E   0A120F17201C       DC8 10, 18, 15, 23, 32, 28, 41, 0, 0, 0
   \              29000000    
   \   00000B18   000000000000       DC8 0, 0, 0, 0, 0, 0, 0, 0, 0, 0
   \              00000000    
   \   00000B22   000000000000       DC8 0, 0, 0, 0, 0, 0, 0, 0, 0, 0
   \              00000000    
   \   00000B2C   000000000000       DC8 0, 0, 0, 0, 0, 0, 0, 0, 0, 0
   \              00000000    
   \   00000B36   000000000000       DC8 0, 0, 0, 0, 0, 0, 0, 0, 22, 2
   \              00001602    
   \   00000B40   0C0D201A0D18       DC8 12, 13, 32, 26, 13, 24, 13, 23, 30, 20
   \              0D171E14    
   \   00000B4A   161C2B2C0000       DC8 22, 28, 43, 44, 0, 0, 0, 0, 0, 0
   \              00000000    
   \   00000B54   000000000000       DC8 0, 0, 0, 0, 0, 0, 0, 0, 0, 0
   \              00000000    
   \   00000B5E   000000000000       DC8 0, 0, 0, 0, 0, 0, 0, 0, 0, 0
   \              00000000    
   \   00000B68   000000000000       DC8 0, 0, 0, 0, 0, 0, 0, 0, 0, 0
   \              00000000    
   \   00000B72   000000000000       DC8 0, 0, 0, 0, 0, 0, 0, 0, 22, 2
   \              00001602    
   \   00000B7C   0D1E222A2A29       DC8 13, 30, 34, 42, 42, 41, 34, 31, 0, 0
   \              221F0000    
   \   00000B86   000000000000       DC8 0, 0, 0, 0, 0, 0, 0, 0, 0, 0
   \              00000000    
   \   00000B90   000000000000       DC8 0, 0, 0, 0, 0, 0, 0, 0, 0, 0
   \              00000000    
   \   00000B9A   000000000000       DC8 0, 0, 0, 0, 0, 0, 0, 0, 0, 0
   \              00000000    
   \   00000BA4   000000000000       DC8 0, 0, 0, 0, 0, 0, 0, 0, 0, 0
   \              00000000    
   \   00000BAE   000000000000       DC8 0, 0, 0, 0, 0, 0, 0, 0, 22, 2
   \              00001602    
   \   00000BB8   0D1D00000000       DC8 13, 29, 0, 0, 0, 0, 0, 0, 0, 0
   \              00000000    
   \   00000BC2   000000000000       DC8 0, 0, 0, 0, 0, 0, 0, 0, 0, 0
   \              00000000    
   \   00000BCC   000000000000       DC8 0, 0, 0, 0, 0, 0, 0, 0, 0, 0
   \              00000000    
   \   00000BD6   000000000000       DC8 0, 0, 0, 0, 0, 0, 0, 0, 0, 0
   \              00000000    
   \   00000BE0   000000000000       DC8 0, 0, 0, 0, 0, 0, 0, 0, 0, 0
   \              00000000    
   \   00000BEA   000000000000       DC8 0, 0, 0, 0, 0, 0, 0, 0, 22, 2
   \              00001602    
   \   00000BF4   0D1D00000000       DC8 13, 29, 0, 0, 0, 0, 0, 0, 0, 0
   \              00000000    
   \   00000BFE   000000000000       DC8 0, 0, 0, 0, 0, 0, 0, 0, 0, 0
   \              00000000    
   \   00000C08   000000000000       DC8 0, 0, 0, 0, 0, 0, 0, 0, 0, 0
   \              00000000    
   \   00000C12   000000000000       DC8 0, 0, 0, 0, 0, 0, 0, 0, 0, 0
   \              00000000    
   \   00000C1C   000000000000       DC8 0, 0, 0, 0, 0, 0, 0, 0, 0, 0
   \              00000000    
   \   00000C26   000000000000       DC8 0, 0, 0, 0, 0, 0, 0, 0, 22, 2
   \              00001602    
   \   00000C30   0D1D00000000       DC8 13, 29, 0, 0, 0, 0, 0, 0, 0, 0
   \              00000000    
   \   00000C3A   000000000000       DC8 0, 0, 0, 0, 0, 0, 0, 0, 0, 0
   \              00000000    
   \   00000C44   000000000000       DC8 0, 0, 0, 0, 0, 0, 0, 0, 0, 0
   \              00000000    
   \   00000C4E   000000000000       DC8 0, 0, 0, 0, 0, 0, 0, 0, 0, 0
   \              00000000    
   \   00000C58   000000000000       DC8 0, 0, 0, 0, 0, 0, 0, 0, 0, 0
   \              00000000    
   \   00000C62   000000000000       DC8 0, 0, 0, 0, 0, 0, 0, 0, 22, 2
   \              00001602    
   \   00000C6C   180C00000000       DC8 24, 12, 0, 0, 0, 0, 0, 0, 0, 0
   \              00000000    
   \   00000C76   000000000000       DC8 0, 0, 0, 0, 0, 0, 0, 0, 0, 0
   \              00000000    
   \   00000C80   000000000000       DC8 0, 0, 0, 0, 0, 0, 0, 0, 0, 0
   \              00000000    
   \   00000C8A   000000000000       DC8 0, 0, 0, 0, 0, 0, 0, 0, 0, 0
   \              00000000    
   \   00000C94   000000000000       DC8 0, 0, 0, 0, 0, 0, 0, 0, 0, 0
   \              00000000    
   \   00000C9E   000000000000       DC8 0, 0, 0, 0, 0, 0, 0, 0, 27, 6
   \              00001B06    
   \   00000CA8   320B1F000000       DC8 50, 11, 31, 0, 0, 0, 0, 0, 0, 0
   \              00000000    
   \   00000CB2   000000000000       DC8 0, 0, 0, 0, 0, 0, 0, 0, 0, 0
   \              00000000    
   \   00000CBC   000000000000       DC8 0, 0, 0, 0, 0, 0, 0, 0, 0, 0
   \              00000000    
   \   00000CC6   000000000000       DC8 0, 0, 0, 0, 0, 0, 0, 0, 0, 0
   \              00000000    
   \   00000CD0   000000000000       DC8 0, 0, 0, 0, 0, 0, 0, 0, 0, 0
   \              00000000    
   \   00000CDA   000000000000       DC8 0, 0, 0, 0, 0, 0, 0, 0, 10, 15
   \              00000A0F    
   \   00000CE4   1C2823000000       DC8 28, 40, 35, 0, 0, 0, 0, 0, 0, 0
   \              00000000    
   \   00000CEE   000000000000       DC8 0, 0, 0, 0, 0, 0, 0, 0, 0, 0
   \              00000000    
   \   00000CF8   000000000000       DC8 0, 0, 0, 0, 0, 0, 0, 0, 0, 0
   \              00000000    
   \   00000D02   000000000000       DC8 0, 0, 0, 0, 0, 0, 0, 0, 0, 0
   \              00000000    
   \   00000D0C   000000000000       DC8 0, 0, 0, 0, 0, 0, 0, 0, 0, 0
   \              00000000    
   \   00000D16   000000000000       DC8 0, 0, 0, 0, 0, 0, 0, 45, 40, 48
   \              002D2830    
   \   00000D20   1F13092B0000       DC8 31, 19, 9, 43, 0, 0, 0, 0, 0, 0
   \              00000000    
   \   00000D2A   000000000000       DC8 0, 0, 0, 0, 0, 0, 0, 0, 0, 0
   \              00000000    
   \   00000D34   000000000000       DC8 0, 0, 0, 0, 0, 0, 0, 0, 0, 0
   \              00000000    
   \   00000D3E   000000000000       DC8 0, 0, 0, 0, 0, 0, 0, 0, 0, 0
   \              00000000    
   \   00000D48   000000000000       DC8 0, 0, 0, 0, 0, 0, 0, 0, 0, 0
   \              00000000    
   \   00000D52   000000000000       DC8 0, 0, 0, 0, 0, 0, 33, 2, 11, 33
   \              21020B21    
   \   00000D5C   003A01042F00       DC8 0, 58, 1, 4, 47, 0, 0, 0, 0, 0
   \              00000000    
   \   00000D66   000000000000       DC8 0, 0, 0, 0, 0, 0, 0, 0, 0, 0
   \              00000000    
   \   00000D70   000000000000       DC8 0, 0, 0, 0, 0, 0, 0, 0, 0, 0
   \              00000000    
   \   00000D7A   000000000000       DC8 0, 0, 0, 0, 0, 0, 0, 0, 0, 0
   \              00000000    
   \   00000D84   000000000000       DC8 0, 0, 0, 0, 0, 0, 0, 0, 0, 0
   \              00000000    
   \   00000D8E   00000000002E       DC8 0, 0, 0, 0, 0, 46, 6, 57, 28, 0
   \              06391C00    
   \   00000D98   00003B083910       DC8 0, 0, 59, 8, 57, 16, 36, 35, 54, 21
   \              24233615    
   \   00000DA2   151515151515       DC8 21, 21, 21, 21, 21, 21, 21, 21, 21, 21
   \              15151515    
   \   00000DAC   151515151515       DC8 21, 21, 21, 21, 21, 21, 21, 21, 21, 21
   \              15151515    
   \   00000DB6   151515151515       DC8 21, 21, 21, 21, 21, 21, 21, 21, 21, 21
   \              15151515    
   \   00000DC0   151515151515       DC8 21, 21, 21, 21, 21, 21, 21, 21, 21, 21
   \              15151515    
   \   00000DCA   1536231B1228       DC8 21, 54, 35, 27, 18, 40, 11, 28, 0, 0
   \              0B1C0000    
   \   00000DD4   0000001F2319       DC8 0, 0, 0, 31, 35, 25, 2, 2, 6, 6
   \              02020606    
   \   00000DDE   060606060606       DC8 6, 6, 6, 6, 6, 6, 6, 6, 6, 6
   \              06060606    
   \   00000DE8   060606060606       DC8 6, 6, 6, 6, 6, 6, 6, 6, 6, 6
   \              06060606    
   \   00000DF2   060606060606       DC8 6, 6, 6, 6, 6, 6, 6, 6, 6, 6
   \              06060606    
   \   00000DFC   060606060606       DC8 6, 6, 6, 6, 6, 6, 6, 6, 6, 6
   \              06060606    
   \   00000E06   060602021231       DC8 6, 6, 2, 2, 18, 49, 33, 0, 0, 0
   \              21000000    
     65            0x00, 0x00, 0x00, 0x00, 0x2D, 0x25, 0x0C, 0x0C, 0x0C, 0x0C, 0x0C, 0x0C, 0x0C, 0x0C, 0x0C, 0x0C, 0x0C, 0x0C, 0x0C, 0x0C, 0x0C, 0x0C, 0x0C, 0x0C, 0x0C, 0x0C, 0x0C, 0x0C, 0x0C, 0x0C, 0x0C, 0x0C, 0x0C, 0x0C, 0x0C, 0x0C, 0x0C, 0x0C, 0x0C, 0x0C, 0x0C, 0x0C, 
     66                  0x0C, 0x0C, 0x0C, 0x0C, 0x0C, 0x0C, 0x0C, 0x0C, 0x0C, 0x0C, 0x0C, 0x0C, 0x24, 0x2E, 0x00, 0x00, 0x00, 0x00,
     67            0x00, 0x00, 0x22, 0x1A, 0x27, 0x04, 0x0A, 0x18, 0x0D, 0x0D, 0x0D, 0x0D, 0x0D, 0x0D, 0x0D, 0x0D, 0x0D, 0x0D, 0x0D, 0x0D, 0x0D, 0x0D, 0x0D, 0x0D, 0x0D, 0x0D, 0x0D, 0x0D, 0x0D, 0x0D, 0x0D, 0x0D, 0x0D, 0x0D, 0x0D, 0x0D, 0x0D, 0x0D, 0x0D, 0x0D, 0x0D, 0x0D, 
     68                  0x0D, 0x0D, 0x0D, 0x0D, 0x0D, 0x0D, 0x0D, 0x0D, 0x0D, 0x0D, 0x18, 0x0A, 0x04, 0x27, 0x0C, 0x29, 0x00, 0x00,
     69            0x00, 0x22, 0x10, 0x28, 0x1A, 0x30, 0x38, 0x1B, 0x1B, 0x14, 0x14, 0x14, 0x14, 0x14, 0x14, 0x14, 0x14, 0x14, 0x14, 0x14, 0x14, 0x14, 0x14, 0x14, 0x14, 0x14, 0x14, 0x14, 0x14, 0x14, 0x14, 0x14, 0x14, 0x14, 0x14, 0x14, 0x14, 0x14, 0x14, 0x14, 0x14, 0x14, 
     70                  0x14, 0x14, 0x14, 0x14, 0x14, 0x14, 0x14, 0x14, 0x14, 0x1B, 0x1B, 0x38, 0x30, 0x26, 0x3E, 0x07, 0x2B, 0x00,
     71            0x00, 0x1A, 0x28, 0x14, 0x20, 0x26, 0x0D, 0x18, 0x0F, 0x0F, 0x0F, 0x0F, 0x0F, 0x0F, 0x0F, 0x0F, 0x0F, 0x0F, 0x0F, 0x0F, 0x0F, 0x0F, 0x0F, 0x0F, 0x0F, 0x0F, 0x0F, 0x0F, 0x0F, 0x0F, 0x0F, 0x0F, 0x0F, 0x0F, 0x0F, 0x0F, 0x0F, 0x0F, 0x0F, 0x0F, 0x0F, 0x0F, 
     72                  0x0F, 0x0F, 0x0F, 0x0F, 0x0F, 0x0F, 0x0F, 0x0F, 0x0F, 0x0F, 0x19, 0x0D, 0x26, 0x20, 0x20, 0x3D, 0x12, 0x00,
     73            0x2D, 0x27, 0x1A, 0x1B, 0x0D, 0x13, 0x11, 0x06, 0x06, 0x02, 0x02, 0x02, 0x02, 0x02, 0x02, 0x02, 0x02, 0x02, 0x02, 0x02, 0x02, 0x02, 0x02, 0x02, 0x02, 0x02, 0x02, 0x02, 0x02, 0x02, 0x02, 0x02, 0x02, 0x02, 0x02, 0x02, 0x02, 0x02, 0x02, 0x02, 0x02, 0x02, 
     74                  0x02, 0x02, 0x02, 0x02, 0x02, 0x02, 0x02, 0x02, 0x02, 0x06, 0x06, 0x10, 0x13, 0x0D, 0x14, 0x1D, 0x28, 0x35,
     75            0x25, 0x04, 0x20, 0x0C, 0x0A, 0x02, 0x0B, 0x05, 0x05, 0x04, 0x04, 0x04, 0x04, 0x04, 0x04, 0x04, 0x04, 0x04, 0x04, 0x04, 0x04, 0x04, 0x04, 0x04, 0x04, 0x04, 0x04, 0x04, 0x04, 0x04, 0x04, 0x04, 0x04, 0x04, 0x04, 0x04, 0x04, 0x04, 0x04, 0x04, 0x04, 0x04, 
     76                  0x04, 0x04, 0x04, 0x04, 0x04, 0x04, 0x04, 0x04, 0x04, 0x05, 0x05, 0x0B, 0x02, 0x0A, 0x0D, 0x20, 0x0E, 0x0C,
     77            0x0D, 0x0A, 0x25, 0x12, 0x02, 0x05, 0x01, 0x01, 0x01, 0x09, 0x09, 0x09, 0x09, 0x09, 0x09, 0x09, 0x09, 0x09, 0x09, 0x09, 0x09, 0x09, 0x09, 0x09, 0x09, 0x09, 0x09, 0x09, 0x09, 0x09, 0x09, 0x09, 0x09, 0x09, 0x09, 0x09, 0x09, 0x09, 0x09, 0x09, 0x09, 0x09, 
     78                  0x09, 0x09, 0x09, 0x09, 0x09, 0x09, 0x09, 0x09, 0x09, 0x01, 0x01, 0x01, 0x05, 0x0E, 0x12, 0x1E, 0x18, 0x11,
     79            0x0C, 0x18, 0x1A, 0x10, 0x0B, 0x01, 0x09, 0x09, 0x09, 0x09, 0x09, 0x09, 0x09, 0x09, 0x09, 0x09, 0x09, 0x09, 0x09, 0x09, 0x09, 0x09, 0x09, 0x09, 0x09, 0x09, 0x09, 0x09, 0x09, 0x09, 0x09, 0x09, 0x09, 0x09, 0x09, 0x09, 0x09, 0x09, 0x09, 0x09, 0x09, 0x09, 
     80                  0x09, 0x09, 0x09, 0x09, 0x09, 0x09, 0x09, 0x09, 0x09, 0x09, 0x09, 0x09, 0x01, 0x05, 0x08, 0x0C, 0x1A, 0x06,
     81            0x17, 0x19, 0x0C, 0x06, 0x05, 0x01, 0x01, 0x01, 0x01, 0x01, 0x01, 0x01, 0x01, 0x01, 0x01, 0x01, 0x01, 0x01, 0x01, 0x01, 0x01, 0x01, 0x01, 0x01, 0x01, 0x01, 0x01, 0x01, 0x01, 0x01, 0x01, 0x01, 0x01, 0x01, 0x01, 0x01, 0x01, 0x01, 0x01, 0x01, 0x01, 0x01, 
     82                  0x01, 0x01, 0x01, 0x01, 0x01, 0x01, 0x01, 0x01, 0x01, 0x01, 0x01, 0x01, 0x01, 0x05, 0x06, 0x19, 0x17, 0x08,
     83            0x17, 0x19, 0x0D, 0x06, 0x05, 0x01, 0x01, 0x01, 0x01, 0x01, 0x01, 0x01, 0x01, 0x01, 0x01, 0x01, 0x01, 0x01, 0x01, 0x01, 0x01, 0x01, 0x01, 0x01, 0x01, 0x01, 0x01, 0x01, 0x01, 0x01, 0x01, 0x01, 0x01, 0x01, 0x01, 0x01, 0x01, 0x01, 0x01, 0x01, 0x01, 0x01, 
     84                  0x01, 0x01, 0x01, 0x01, 0x01, 0x01, 0x01, 0x01, 0x01, 0x01, 0x01, 0x01, 0x01, 0x04, 0x02, 0x0F, 0x17, 0x08,
     85            0x17, 0x19, 0x0D, 0x02, 0x05, 0x01, 0x01, 0x01, 0x01, 0x01, 0x01, 0x01, 0x01, 0x01, 0x01, 0x01, 0x01, 0x01, 0x01, 0x01, 0x01, 0x01, 0x01, 0x01, 0x01, 0x01, 0x01, 0x01, 0x01, 0x01, 0x01, 0x01, 0x01, 0x01, 0x01, 0x01, 0x01, 0x01, 0x01, 0x01, 0x01, 0x01, 
     86                  0x01, 0x01, 0x01, 0x01, 0x01, 0x01, 0x01, 0x01, 0x01, 0x01, 0x01, 0x01, 0x01, 0x04, 0x02, 0x0F, 0x0C, 0x08,
     87            0x17, 0x19, 0x0D, 0x02, 0x04, 0x01, 0x01, 0x01, 0x01, 0x01, 0x01, 0x01, 0x01, 0x01, 0x01, 0x01, 0x01, 0x01, 0x01, 0x01, 0x01, 0x01, 0x01, 0x01, 0x01, 0x01, 0x01, 0x01, 0x01, 0x01, 0x01, 0x01, 0x01, 0x01, 0x01, 0x01, 0x01, 0x01, 0x01, 0x01, 0x01, 0x01, 
     88                  0x01, 0x01, 0x01, 0x01, 0x01, 0x01, 0x01, 0x01, 0x01, 0x01, 0x01, 0x01, 0x01, 0x03, 0x0B, 0x12, 0x0D, 0x08,
     89            0x17, 0x19, 0x0D, 0x06, 0x05, 0x03, 0x03, 0x03, 0x03, 0x03, 0x03, 0x03, 0x03, 0x03, 0x03, 0x03, 0x03, 0x03, 0x03, 0x03, 0x03, 0x03, 0x03, 0x03, 0x03, 0x03, 0x03, 0x03, 0x03, 0x03, 0x03, 0x03, 0x03, 0x03, 0x03, 0x03, 0x03, 0x03, 0x03, 0x03, 0x03, 0x03, 
     90                  0x03, 0x03, 0x03, 0x03, 0x03, 0x03, 0x03, 0x03, 0x03, 0x03, 0x09, 0x27, 0x01, 0x06, 0x0C, 0x1B, 0x1D, 0x06,
     91            0x17, 0x19, 0x0D, 0x06, 0x05, 0x03, 0x03, 0x03, 0x03, 0x03, 0x03, 0x03, 0x03, 0x03, 0x03, 0x03, 0x03, 0x03, 0x03, 0x03, 0x03, 0x03, 0x03, 0x03, 0x03, 0x03, 0x03, 0x03, 0x03, 0x03, 0x03, 0x03, 0x03, 0x03, 0x03, 0x03, 0x03, 0x03, 0x03, 0x03, 0x03, 0x03, 
     92                  0x03, 0x03, 0x03, 0x03, 0x03, 0x03, 0x03, 0x03, 0x09, 0x27, 0x08, 0x24, 0x34, 0x21, 0x00, 0x00, 0x23, 0x02,
     93            0x17, 0x19, 0x0D, 0x06, 0x05, 0x03, 0x03, 0x03, 0x03, 0x03, 0x03, 0x03, 0x03, 0x03, 0x03, 0x03, 0x03, 0x03, 0x03, 0x03, 0x03, 0x03, 0x03, 0x03, 0x03, 0x03, 0x03, 0x03, 0x03, 0x03, 0x03, 0x03, 0x03, 0x03, 0x03, 0x03, 0x03, 0x03, 0x03, 0x03, 0x03, 0x03, 
     94                  0x03, 0x03, 0x03, 0x03, 0x03, 0x04, 0x01, 0x27, 0x0A, 0x15, 0x2C, 0x00, 0x00, 0x00, 0x00, 0x00, 0x16, 0x02,
     95            0x17, 0x19, 0x0C, 0x08, 0x0B, 0x04, 0x04, 0x04, 0x04, 0x04, 0x04, 0x04, 0x04, 0x04, 0x04, 0x04, 0x04, 0x04, 0x04, 0x04, 0x04, 0x04, 0x04, 0x04, 0x04, 0x04, 0x04, 0x04, 0x04, 0x04, 0x04, 0x04, 0x04, 0x04, 0x04, 0x04, 0x04, 0x04, 0x04, 0x04, 0x04, 0x04, 
     96                  0x04, 0x04, 0x04, 0x04, 0x04, 0x09, 0x0E, 0x37, 0x1F, 0x00, 0x00, 0x00, 0x00, 0x00, 0x00, 0x00, 0x16, 0x02,
     97            0x17, 0x19, 0x0C, 0x08, 0x0B, 0x04, 0x04, 0x04, 0x04, 0x04, 0x04, 0x04, 0x04, 0x04, 0x04, 0x04, 0x04, 0x04, 0x04, 0x04, 0x04, 0x04, 0x04, 0x04, 0x04, 0x04, 0x04, 0x04, 0x04, 0x04, 0x04, 0x04, 0x04, 0x04, 0x04, 0x04, 0x04, 0x04, 0x04, 0x04, 0x04, 0x04, 
     98                  0x04, 0x04, 0x04, 0x03, 0x09, 0x1A, 0x2A, 0x00, 0x00, 0x00, 0x00, 0x00, 0x00, 0x00, 0x00, 0x00, 0x16, 0x02,
     99            0x17, 0x19, 0x17, 0x10, 0x07, 0x05, 0x05, 0x05, 0x05, 0x05, 0x05, 0x05, 0x05, 0x05, 0x05, 0x05, 0x05, 0x05, 0x05, 0x05, 0x05, 0x05, 0x05, 0x05, 0x05, 0x05, 0x05, 0x05, 0x05, 0x05, 0x05, 0x05, 0x05, 0x05, 0x05, 0x05, 0x05, 0x05, 0x05, 0x05, 0x05, 0x05, 
    100                  0x05, 0x05, 0x03, 0x0B, 0x16, 0x00, 0x00, 0x00, 0x00, 0x00, 0x00, 0x00, 0x00, 0x00, 0x00, 0x00, 0x16, 0x02,
    101            0x17, 0x19, 0x17, 0x10, 0x07, 0x05, 0x05, 0x05, 0x05, 0x05, 0x05, 0x05, 0x05, 0x05, 0x05, 0x05, 0x05, 0x05, 0x05, 0x05, 0x05, 0x05, 0x05, 0x05, 0x05, 0x05, 0x05, 0x05, 0x05, 0x05, 0x05, 0x05, 0x05, 0x05, 0x05, 0x05, 0x05, 0x05, 0x05, 0x05, 0x05, 0x05, 
    102                  0x05, 0x01, 0x08, 0x2E, 0x00, 0x00, 0x00, 0x00, 0x00, 0x00, 0x00, 0x00, 0x00, 0x00, 0x00, 0x00, 0x16, 0x02,
    103            0x17, 0x19, 0x17, 0x10, 0x07, 0x05, 0x05, 0x05, 0x05, 0x05, 0x05, 0x05, 0x05, 0x05, 0x05, 0x05, 0x05, 0x05, 0x05, 0x05, 0x05, 0x05, 0x05, 0x05, 0x05, 0x05, 0x05, 0x05, 0x05, 0x05, 0x05, 0x05, 0x05, 0x05, 0x05, 0x05, 0x05, 0x05, 0x05, 0x05, 0x05, 0x05, 
    104                  0x01, 0x12, 0x2B, 0x00, 0x00, 0x00, 0x00, 0x00, 0x00, 0x00, 0x00, 0x00, 0x00, 0x00, 0x00, 0x00, 0x16, 0x02,
    105            0x17, 0x19, 0x1A, 0x11, 0x0E, 0x0B, 0x0B, 0x0B, 0x0B, 0x0B, 0x0B, 0x0B, 0x0B, 0x0B, 0x0B, 0x0B, 0x0B, 0x0B, 0x0B, 0x0B, 0x0B, 0x0B, 0x0B, 0x0B, 0x0B, 0x0B, 0x0B, 0x0B, 0x0B, 0x0B, 0x0B, 0x0B, 0x0B, 0x0B, 0x0B, 0x0B, 0x0B, 0x0B, 0x0B, 0x0B, 0x0B, 0x03, 
    106                  0x19, 0x22, 0x00, 0x00, 0x00, 0x00, 0x00, 0x00, 0x00, 0x00, 0x00, 0x00, 0x00, 0x00, 0x00, 0x00, 0x16, 0x02,
    107            0x17, 0x19, 0x1A, 0x11, 0x0E, 0x0B, 0x0B, 0x0B, 0x0B, 0x0B, 0x0B, 0x0B, 0x0B, 0x0B, 0x0B, 0x0B, 0x0B, 0x0B, 0x0B, 0x0B, 0x0B, 0x0B, 0x0B, 0x0B, 0x0B, 0x0B, 0x0B, 0x0B, 0x0B, 0x0B, 0x0B, 0x0B, 0x0B, 0x0B, 0x0B, 0x0B, 0x0B, 0x0B, 0x0B, 0x0B, 0x03, 0x19, 
    108                  0x21, 0x00, 0x00, 0x00, 0x00, 0x00, 0x00, 0x00, 0x00, 0x00, 0x00, 0x00, 0x00, 0x00, 0x00, 0x00, 0x16, 0x02,
    109            0x17, 0x18, 0x1A, 0x0A, 0x02, 0x07, 0x07, 0x07, 0x07, 0x07, 0x07, 0x07, 0x07, 0x07, 0x07, 0x07, 0x07, 0x07, 0x07, 0x07, 0x07, 0x07, 0x07, 0x07, 0x07, 0x07, 0x07, 0x07, 0x07, 0x07, 0x07, 0x07, 0x07, 0x07, 0x07, 0x07, 0x07, 0x07, 0x07, 0x04, 0x0F, 0x22, 
    110                  0x00, 0x00, 0x00, 0x00, 0x00, 0x00, 0x00, 0x00, 0x00, 0x00, 0x00, 0x00, 0x00, 0x00, 0x00, 0x00, 0x16, 0x02,
    111            0x17, 0x18, 0x1A, 0x0A, 0x02, 0x07, 0x07, 0x07, 0x07, 0x07, 0x07, 0x07, 0x07, 0x07, 0x07, 0x07, 0x07, 0x07, 0x07, 0x07, 0x07, 0x07, 0x07, 0x07, 0x07, 0x07, 0x07, 0x07, 0x07, 0x07, 0x07, 0x07, 0x07, 0x07, 0x07, 0x07, 0x07, 0x07, 0x05, 0x11, 0x29, 0x00, 
    112                  0x00, 0x00, 0x00, 0x00, 0x00, 0x00, 0x00, 0x00, 0x00, 0x00, 0x00, 0x00, 0x00, 0x00, 0x00, 0x00, 0x16, 0x02,
    113            0x17, 0x18, 0x1A, 0x0A, 0x02, 0x07, 0x07, 0x07, 0x07, 0x07, 0x07, 0x07, 0x07, 0x07, 0x07, 0x07, 0x07, 0x07, 0x07, 0x07, 0x07, 0x07, 0x07, 0x07, 0x07, 0x07, 0x07, 0x07, 0x07, 0x07, 0x07, 0x07, 0x07, 0x07, 0x07, 0x07, 0x0E, 0x0B, 0x02, 0x33, 0x00, 0x00, 
    114                  0x00, 0x00, 0x00, 0x00, 0x00, 0x00, 0x00, 0x00, 0x00, 0x00, 0x00, 0x00, 0x00, 0x00, 0x00, 0x00, 0x16, 0x02,
    115            0x17, 0x18, 0x26, 0x0A, 0x06, 0x0E, 0x0E, 0x0E, 0x0E, 0x0E, 0x0E, 0x0E, 0x0E, 0x0E, 0x0E, 0x0E, 0x0E, 0x0E, 0x0E, 0x0E, 0x0E, 0x0E, 0x0E, 0x0E, 0x0E, 0x0E, 0x0E, 0x0E, 0x0E, 0x0E, 0x0E, 0x0E, 0x0E, 0x0E, 0x0E, 0x0E, 0x07, 0x07, 0x2F, 0x00, 0x00, 0x00, 
    116                  0x00, 0x00, 0x00, 0x00, 0x00, 0x00, 0x00, 0x00, 0x00, 0x00, 0x00, 0x00, 0x00, 0x00, 0x00, 0x00, 0x16, 0x02,
    117            0x17, 0x18, 0x26, 0x0A, 0x06, 0x0E, 0x0E, 0x0E, 0x0E, 0x0E, 0x0E, 0x0E, 0x0E, 0x0E, 0x0E, 0x0E, 0x0E, 0x0E, 0x0E, 0x0E, 0x0E, 0x0E, 0x0E, 0x0E, 0x0E, 0x0E, 0x0E, 0x0E, 0x0E, 0x0E, 0x0E, 0x0E, 0x0E, 0x0E, 0x0E, 0x0E, 0x05, 0x31, 0x00, 0x00, 0x00, 0x00, 
    118                  0x00, 0x00, 0x00, 0x00, 0x00, 0x00, 0x00, 0x00, 0x00, 0x00, 0x00, 0x00, 0x00, 0x00, 0x00, 0x00, 0x16, 0x02,
    119            0x17, 0x18, 0x32, 0x12, 0x08, 0x02, 0x02, 0x02, 0x02, 0x02, 0x02, 0x02, 0x02, 0x02, 0x02, 0x02, 0x02, 0x02, 0x02, 0x02, 0x02, 0x02, 0x02, 0x02, 0x02, 0x02, 0x02, 0x02, 0x02, 0x02, 0x02, 0x02, 0x02, 0x02, 0x02, 0x0B, 0x26, 0x00, 0x00, 0x00, 0x00, 0x00, 
    120                  0x00, 0x00, 0x00, 0x00, 0x00, 0x00, 0x00, 0x00, 0x00, 0x00, 0x00, 0x00, 0x00, 0x00, 0x00, 0x00, 0x16, 0x02,
    121            0x17, 0x18, 0x32, 0x12, 0x08, 0x02, 0x02, 0x02, 0x02, 0x02, 0x02, 0x02, 0x02, 0x02, 0x02, 0x02, 0x02, 0x02, 0x02, 0x02, 0x02, 0x02, 0x02, 0x02, 0x02, 0x02, 0x02, 0x02, 0x02, 0x02, 0x02, 0x02, 0x02, 0x02, 0x07, 0x0A, 0x29, 0x00, 0x00, 0x00, 0x00, 0x00, 
    122                  0x00, 0x00, 0x00, 0x00, 0x00, 0x00, 0x00, 0x00, 0x00, 0x00, 0x00, 0x00, 0x00, 0x00, 0x00, 0x00, 0x16, 0x02,
    123            0x17, 0x18, 0x1E, 0x13, 0x10, 0x06, 0x06, 0x06, 0x06, 0x06, 0x06, 0x06, 0x06, 0x06, 0x06, 0x06, 0x06, 0x06, 0x06, 0x06, 0x06, 0x06, 0x06, 0x06, 0x06, 0x06, 0x06, 0x06, 0x06, 0x06, 0x06, 0x06, 0x06, 0x02, 0x0E, 0x1C, 0x00, 0x00, 0x00, 0x00, 0x00, 0x00, 
    124                  0x00, 0x00, 0x00, 0x00, 0x00, 0x00, 0x00, 0x00, 0x00, 0x00, 0x00, 0x00, 0x00, 0x00, 0x00, 0x00, 0x16, 0x02,
    125            0x17, 0x18, 0x1E, 0x13, 0x10, 0x06, 0x06, 0x06, 0x06, 0x06, 0x06, 0x06, 0x06, 0x06, 0x06, 0x06, 0x06, 0x06, 0x06, 0x06, 0x06, 0x06, 0x06, 0x06, 0x06, 0x06, 0x06, 0x06, 0x06, 0x06, 0x06, 0x06, 0x06, 0x07, 0x14, 0x00, 0x00, 0x00, 0x00, 0x00, 0x00, 0x00, 
    126                  0x00, 0x00, 0x00, 0x00, 0x00, 0x00, 0x00, 0x00, 0x00, 0x00, 0x00, 0x00, 0x00, 0x00, 0x00, 0x00, 0x16, 0x02,
    127            0x0C, 0x18, 0x1E, 0x0F, 0x11, 0x08, 0x08, 0x08, 0x08, 0x08, 0x08, 0x08, 0x08, 0x08, 0x08, 0x08, 0x08, 0x08, 0x08, 0x08, 0x08, 0x08, 0x08, 0x08, 0x08, 0x08, 0x08, 0x08, 0x08, 0x08, 0x08, 0x08, 0x02, 0x0F, 0x21, 0x00, 0x00, 0x00, 0x00, 0x00, 0x00, 0x00, 
    128                  0x00, 0x00, 0x00, 0x00, 0x00, 0x00, 0x00, 0x00, 0x00, 0x00, 0x00, 0x00, 0x00, 0x00, 0x00, 0x00, 0x16, 0x02,
    129            0x0C, 0x18, 0x1E, 0x0F, 0x11, 0x08, 0x08, 0x08, 0x08, 0x08, 0x08, 0x08, 0x08, 0x08, 0x08, 0x08, 0x08, 0x08, 0x08, 0x08, 0x08, 0x08, 0x08, 0x08, 0x08, 0x08, 0x08, 0x08, 0x08, 0x08, 0x08, 0x08, 0x02, 0x1C, 0x00, 0x00, 0x00, 0x00, 0x00, 0x00, 0x00, 0x00, 
    130                  0x00, 0x00, 0x00, 0x00, 0x00, 0x00, 0x00, 0x00, 0x00, 0x00, 0x00, 0x00, 0x00, 0x00, 0x00, 0x00, 0x16, 0x02,
    131            0x0C, 0x18, 0x1E, 0x0F, 0x11, 0x08, 0x08, 0x08, 0x08, 0x08, 0x08, 0x08, 0x08, 0x08, 0x08, 0x08, 0x08, 0x08, 0x08, 0x08, 0x08, 0x08, 0x08, 0x08, 0x08, 0x08, 0x08, 0x08, 0x08, 0x08, 0x08, 0x0E, 0x1D, 0x00, 0x00, 0x00, 0x00, 0x00, 0x00, 0x00, 0x00, 0x00, 
    132                  0x00, 0x00, 0x00, 0x00, 0x00, 0x00, 0x00, 0x00, 0x00, 0x00, 0x00, 0x00, 0x00, 0x00, 0x00, 0x00, 0x16, 0x02,
    133            0x0C, 0x18, 0x1D, 0x19, 0x0A, 0x10, 0x10, 0x10, 0x10, 0x10, 0x10, 0x10, 0x10, 0x10, 0x10, 0x10, 0x10, 0x10, 0x10, 0x10, 0x10, 0x10, 0x10, 0x10, 0x10, 0x10, 0x10, 0x10, 0x10, 0x10, 0x08, 0x0A, 0x2A, 0x00, 0x00, 0x00, 0x00, 0x00, 0x00, 0x00, 0x00, 0x00, 
    134                  0x00, 0x00, 0x00, 0x00, 0x00, 0x00, 0x00, 0x00, 0x00, 0x00, 0x00, 0x00, 0x00, 0x00, 0x00, 0x00, 0x16, 0x02,
    135            0x0C, 0x18, 0x1D, 0x19, 0x0A, 0x10, 0x10, 0x10, 0x10, 0x10, 0x10, 0x10, 0x10, 0x10, 0x10, 0x10, 0x10, 0x10, 0x10, 0x10, 0x10, 0x10, 0x10, 0x10, 0x10, 0x10, 0x10, 0x10, 0x10, 0x10, 0x02, 0x16, 0x00, 0x00, 0x00, 0x00, 0x00, 0x00, 0x00, 0x00, 0x00, 0x00, 
    136                  0x00, 0x00, 0x00, 0x00, 0x00, 0x00, 0x00, 0x00, 0x00, 0x00, 0x00, 0x00, 0x00, 0x00, 0x00, 0x00, 0x16, 0x02,
    137            0x0C, 0x18, 0x25, 0x18, 0x12, 0x11, 0x11, 0x11, 0x11, 0x11, 0x11, 0x11, 0x11, 0x11, 0x11, 0x11, 0x11, 0x11, 0x11, 0x11, 0x11, 0x11, 0x11, 0x11, 0x11, 0x11, 0x11, 0x11, 0x11, 0x08, 0x17, 0x1F, 0x00, 0x00, 0x00, 0x00, 0x00, 0x00, 0x00, 0x00, 0x00, 0x00, 
    138                  0x00, 0x00, 0x00, 0x00, 0x00, 0x00, 0x00, 0x00, 0x00, 0x00, 0x00, 0x00, 0x00, 0x00, 0x00, 0x00, 0x16, 0x02,
    139            0x0C, 0x18, 0x25, 0x18, 0x12, 0x11, 0x11, 0x11, 0x11, 0x11, 0x11, 0x11, 0x11, 0x11, 0x11, 0x11, 0x11, 0x11, 0x11, 0x11, 0x11, 0x11, 0x11, 0x11, 0x11, 0x11, 0x11, 0x11, 0x10, 0x0A, 0x33, 0x00, 0x00, 0x00, 0x00, 0x00, 0x00, 0x00, 0x00, 0x00, 0x00, 0x00, 
    140                  0x00, 0x00, 0x00, 0x00, 0x00, 0x00, 0x00, 0x00, 0x00, 0x00, 0x00, 0x00, 0x00, 0x00, 0x00, 0x00, 0x16, 0x02,
    141            0x0C, 0x0D, 0x24, 0x0D, 0x13, 0x0A, 0x0A, 0x0A, 0x0A, 0x0A, 0x0A, 0x0A, 0x0A, 0x0A, 0x0A, 0x0A, 0x0A, 0x0A, 0x0A, 0x0A, 0x0A, 0x0A, 0x0A, 0x0A, 0x0A, 0x0A, 0x0A, 0x11, 0x08, 0x35, 0x00, 0x00, 0x00, 0x00, 0x00, 0x00, 0x00, 0x00, 0x00, 0x00, 0x00, 0x00, 
    142                  0x00, 0x00, 0x00, 0x00, 0x00, 0x00, 0x00, 0x00, 0x00, 0x00, 0x00, 0x00, 0x00, 0x00, 0x00, 0x00, 0x16, 0x02,
    143            0x0C, 0x0D, 0x24, 0x0D, 0x13, 0x0A, 0x0A, 0x0A, 0x0A, 0x0A, 0x0A, 0x0A, 0x0A, 0x0A, 0x0A, 0x0A, 0x0A, 0x0A, 0x0A, 0x0A, 0x0A, 0x0A, 0x0A, 0x0A, 0x0A, 0x0A, 0x0A, 0x08, 0x37, 0x00, 0x00, 0x00, 0x00, 0x00, 0x00, 0x00, 0x00, 0x00, 0x00, 0x00, 0x00, 0x00, 
    144                  0x00, 0x00, 0x00, 0x00, 0x00, 0x00, 0x00, 0x00, 0x00, 0x00, 0x00, 0x00, 0x00, 0x00, 0x00, 0x00, 0x16, 0x02,
    145            0x0C, 0x0D, 0x24, 0x0D, 0x13, 0x0A, 0x0A, 0x0A, 0x0A, 0x0A, 0x0A, 0x0A, 0x0A, 0x0A, 0x0A, 0x0A, 0x0A, 0x0A, 0x0A, 0x0A, 0x0A, 0x0A, 0x0A, 0x0A, 0x0A, 0x0A, 0x08, 0x31, 0x00, 0x00, 0x00, 0x00, 0x00, 0x00, 0x00, 0x00, 0x00, 0x00, 0x00, 0x00, 0x00, 0x00, 
    146                  0x00, 0x00, 0x00, 0x00, 0x00, 0x00, 0x00, 0x00, 0x00, 0x00, 0x00, 0x00, 0x00, 0x00, 0x00, 0x00, 0x16, 0x02,
    147            0x0C, 0x0D, 0x14, 0x0C, 0x0F, 0x12, 0x12, 0x12, 0x12, 0x12, 0x12, 0x12, 0x12, 0x12, 0x12, 0x12, 0x12, 0x12, 0x12, 0x12, 0x12, 0x12, 0x12, 0x12, 0x0A, 0x11, 0x23, 0x00, 0x00, 0x00, 0x00, 0x00, 0x00, 0x00, 0x00, 0x00, 0x00, 0x00, 0x00, 0x00, 0x00, 0x00, 
    148                  0x00, 0x00, 0x00, 0x00, 0x00, 0x00, 0x00, 0x00, 0x00, 0x00, 0x00, 0x00, 0x00, 0x00, 0x00, 0x00, 0x16, 0x02,
    149            0x0C, 0x0D, 0x14, 0x0C, 0x0F, 0x12, 0x12, 0x12, 0x12, 0x12, 0x12, 0x12, 0x12, 0x12, 0x12, 0x12, 0x12, 0x12, 0x12, 0x12, 0x12, 0x12, 0x12, 0x10, 0x0F, 0x1C, 0x00, 0x00, 0x00, 0x00, 0x00, 0x00, 0x00, 0x00, 0x00, 0x00, 0x00, 0x00, 0x00, 0x00, 0x00, 0x00, 
    150                  0x00, 0x00, 0x00, 0x00, 0x00, 0x00, 0x00, 0x00, 0x00, 0x00, 0x00, 0x00, 0x00, 0x00, 0x00, 0x00, 0x16, 0x02,
    151            0x0C, 0x0D, 0x14, 0x0C, 0x19, 0x13, 0x13, 0x13, 0x13, 0x13, 0x13, 0x13, 0x13, 0x13, 0x13, 0x13, 0x13, 0x13, 0x13, 0x13, 0x13, 0x0A, 0x11, 0x25, 0x2A, 0x00, 0x00, 0x00, 0x00, 0x00, 0x00, 0x00, 0x00, 0x00, 0x00, 0x00, 0x00, 0x00, 0x00, 0x00, 0x00, 0x00, 
    152                  0x00, 0x00, 0x00, 0x00, 0x00, 0x00, 0x00, 0x00, 0x00, 0x00, 0x00, 0x00, 0x00, 0x00, 0x00, 0x00, 0x16, 0x02,
    153            0x0C, 0x0D, 0x14, 0x0C, 0x19, 0x13, 0x13, 0x13, 0x13, 0x13, 0x13, 0x13, 0x13, 0x13, 0x13, 0x13, 0x13, 0x13, 0x13, 0x0A, 0x11, 0x17, 0x2F, 0x00, 0x00, 0x00, 0x00, 0x00, 0x00, 0x00, 0x00, 0x00, 0x00, 0x00, 0x00, 0x00, 0x00, 0x00, 0x00, 0x00, 0x00, 0x00, 
    154                  0x00, 0x00, 0x00, 0x00, 0x00, 0x00, 0x00, 0x00, 0x00, 0x00, 0x00, 0x00, 0x00, 0x00, 0x00, 0x00, 0x16, 0x02,
    155            0x0C, 0x0D, 0x14, 0x0C, 0x19, 0x13, 0x13, 0x13, 0x13, 0x13, 0x13, 0x13, 0x13, 0x13, 0x13, 0x13, 0x12, 0x0A, 0x0A, 0x17, 0x3C, 0x2C, 0x00, 0x00, 0x00, 0x00, 0x00, 0x00, 0x00, 0x00, 0x00, 0x00, 0x00, 0x00, 0x00, 0x00, 0x00, 0x00, 0x00, 0x00, 0x00, 0x00, 
    156                  0x00, 0x00, 0x00, 0x00, 0x00, 0x00, 0x00, 0x00, 0x00, 0x00, 0x00, 0x00, 0x00, 0x00, 0x00, 0x00, 0x16, 0x02,
    157            0x0C, 0x0D, 0x1B, 0x17, 0x18, 0x0F, 0x0F, 0x0F, 0x0F, 0x0F, 0x0F, 0x0F, 0x0F, 0x13, 0x12, 0x12, 0x18, 0x14, 0x34, 0x1F, 0x00, 0x00, 0x00, 0x00, 0x00, 0x00, 0x00, 0x00, 0x00, 0x00, 0x00, 0x00, 0x00, 0x00, 0x00, 0x00, 0x00, 0x00, 0x00, 0x00, 0x00, 0x00, 
    158                  0x00, 0x00, 0x00, 0x00, 0x00, 0x00, 0x00, 0x00, 0x00, 0x00, 0x00, 0x00, 0x00, 0x00, 0x00, 0x00, 0x16, 0x02,
    159            0x0C, 0x0D, 0x1B, 0x17, 0x18, 0x13, 0x13, 0x13, 0x12, 0x12, 0x0A, 0x12, 0x0F, 0x17, 0x20, 0x1C, 0x29, 0x00, 0x00, 0x00, 0x00, 0x00, 0x00, 0x00, 0x00, 0x00, 0x00, 0x00, 0x00, 0x00, 0x00, 0x00, 0x00, 0x00, 0x00, 0x00, 0x00, 0x00, 0x00, 0x00, 0x00, 0x00, 
    160                  0x00, 0x00, 0x00, 0x00, 0x00, 0x00, 0x00, 0x00, 0x00, 0x00, 0x00, 0x00, 0x00, 0x00, 0x00, 0x00, 0x16, 0x02,
    161            0x0C, 0x0D, 0x20, 0x1A, 0x0D, 0x18, 0x0D, 0x17, 0x1E, 0x14, 0x16, 0x1C, 0x2B, 0x2C, 0x00, 0x00, 0x00, 0x00, 0x00, 0x00, 0x00, 0x00, 0x00, 0x00, 0x00, 0x00, 0x00, 0x00, 0x00, 0x00, 0x00, 0x00, 0x00, 0x00, 0x00, 0x00, 0x00, 0x00, 0x00, 0x00, 0x00, 0x00, 
    162                  0x00, 0x00, 0x00, 0x00, 0x00, 0x00, 0x00, 0x00, 0x00, 0x00, 0x00, 0x00, 0x00, 0x00, 0x00, 0x00, 0x16, 0x02,
    163            0x0D, 0x1E, 0x22, 0x2A, 0x2A, 0x29, 0x22, 0x1F, 0x00, 0x00, 0x00, 0x00, 0x00, 0x00, 0x00, 0x00, 0x00, 0x00, 0x00, 0x00, 0x00, 0x00, 0x00, 0x00, 0x00, 0x00, 0x00, 0x00, 0x00, 0x00, 0x00, 0x00, 0x00, 0x00, 0x00, 0x00, 0x00, 0x00, 0x00, 0x00, 0x00, 0x00, 
    164                  0x00, 0x00, 0x00, 0x00, 0x00, 0x00, 0x00, 0x00, 0x00, 0x00, 0x00, 0x00, 0x00, 0x00, 0x00, 0x00, 0x16, 0x02,
    165            0x0D, 0x1D, 0x00, 0x00, 0x00, 0x00, 0x00, 0x00, 0x00, 0x00, 0x00, 0x00, 0x00, 0x00, 0x00, 0x00, 0x00, 0x00, 0x00, 0x00, 0x00, 0x00, 0x00, 0x00, 0x00, 0x00, 0x00, 0x00, 0x00, 0x00, 0x00, 0x00, 0x00, 0x00, 0x00, 0x00, 0x00, 0x00, 0x00, 0x00, 0x00, 0x00, 
    166                  0x00, 0x00, 0x00, 0x00, 0x00, 0x00, 0x00, 0x00, 0x00, 0x00, 0x00, 0x00, 0x00, 0x00, 0x00, 0x00, 0x16, 0x02,
    167            0x0D, 0x1D, 0x00, 0x00, 0x00, 0x00, 0x00, 0x00, 0x00, 0x00, 0x00, 0x00, 0x00, 0x00, 0x00, 0x00, 0x00, 0x00, 0x00, 0x00, 0x00, 0x00, 0x00, 0x00, 0x00, 0x00, 0x00, 0x00, 0x00, 0x00, 0x00, 0x00, 0x00, 0x00, 0x00, 0x00, 0x00, 0x00, 0x00, 0x00, 0x00, 0x00, 
    168                  0x00, 0x00, 0x00, 0x00, 0x00, 0x00, 0x00, 0x00, 0x00, 0x00, 0x00, 0x00, 0x00, 0x00, 0x00, 0x00, 0x16, 0x02,
    169            0x0D, 0x1D, 0x00, 0x00, 0x00, 0x00, 0x00, 0x00, 0x00, 0x00, 0x00, 0x00, 0x00, 0x00, 0x00, 0x00, 0x00, 0x00, 0x00, 0x00, 0x00, 0x00, 0x00, 0x00, 0x00, 0x00, 0x00, 0x00, 0x00, 0x00, 0x00, 0x00, 0x00, 0x00, 0x00, 0x00, 0x00, 0x00, 0x00, 0x00, 0x00, 0x00, 
    170                  0x00, 0x00, 0x00, 0x00, 0x00, 0x00, 0x00, 0x00, 0x00, 0x00, 0x00, 0x00, 0x00, 0x00, 0x00, 0x00, 0x16, 0x02,
    171            0x18, 0x0C, 0x00, 0x00, 0x00, 0x00, 0x00, 0x00, 0x00, 0x00, 0x00, 0x00, 0x00, 0x00, 0x00, 0x00, 0x00, 0x00, 0x00, 0x00, 0x00, 0x00, 0x00, 0x00, 0x00, 0x00, 0x00, 0x00, 0x00, 0x00, 0x00, 0x00, 0x00, 0x00, 0x00, 0x00, 0x00, 0x00, 0x00, 0x00, 0x00, 0x00, 
    172                  0x00, 0x00, 0x00, 0x00, 0x00, 0x00, 0x00, 0x00, 0x00, 0x00, 0x00, 0x00, 0x00, 0x00, 0x00, 0x00, 0x1B, 0x06,
    173            0x32, 0x0B, 0x1F, 0x00, 0x00, 0x00, 0x00, 0x00, 0x00, 0x00, 0x00, 0x00, 0x00, 0x00, 0x00, 0x00, 0x00, 0x00, 0x00, 0x00, 0x00, 0x00, 0x00, 0x00, 0x00, 0x00, 0x00, 0x00, 0x00, 0x00, 0x00, 0x00, 0x00, 0x00, 0x00, 0x00, 0x00, 0x00, 0x00, 0x00, 0x00, 0x00, 
    174                  0x00, 0x00, 0x00, 0x00, 0x00, 0x00, 0x00, 0x00, 0x00, 0x00, 0x00, 0x00, 0x00, 0x00, 0x00, 0x00, 0x0A, 0x0F,
    175            0x1C, 0x28, 0x23, 0x00, 0x00, 0x00, 0x00, 0x00, 0x00, 0x00, 0x00, 0x00, 0x00, 0x00, 0x00, 0x00, 0x00, 0x00, 0x00, 0x00, 0x00, 0x00, 0x00, 0x00, 0x00, 0x00, 0x00, 0x00, 0x00, 0x00, 0x00, 0x00, 0x00, 0x00, 0x00, 0x00, 0x00, 0x00, 0x00, 0x00, 0x00, 0x00, 
    176                  0x00, 0x00, 0x00, 0x00, 0x00, 0x00, 0x00, 0x00, 0x00, 0x00, 0x00, 0x00, 0x00, 0x00, 0x00, 0x2D, 0x28, 0x30,
    177            0x1F, 0x13, 0x09, 0x2B, 0x00, 0x00, 0x00, 0x00, 0x00, 0x00, 0x00, 0x00, 0x00, 0x00, 0x00, 0x00, 0x00, 0x00, 0x00, 0x00, 0x00, 0x00, 0x00, 0x00, 0x00, 0x00, 0x00, 0x00, 0x00, 0x00, 0x00, 0x00, 0x00, 0x00, 0x00, 0x00, 0x00, 0x00, 0x00, 0x00, 0x00, 0x00, 
    178                  0x00, 0x00, 0x00, 0x00, 0x00, 0x00, 0x00, 0x00, 0x00, 0x00, 0x00, 0x00, 0x00, 0x00, 0x21, 0x02, 0x0B, 0x21,
    179            0x00, 0x3A, 0x01, 0x04, 0x2F, 0x00, 0x00, 0x00, 0x00, 0x00, 0x00, 0x00, 0x00, 0x00, 0x00, 0x00, 0x00, 0x00, 0x00, 0x00, 0x00, 0x00, 0x00, 0x00, 0x00, 0x00, 0x00, 0x00, 0x00, 0x00, 0x00, 0x00, 0x00, 0x00, 0x00, 0x00, 0x00, 0x00, 0x00, 0x00, 0x00, 0x00, 
    180                  0x00, 0x00, 0x00, 0x00, 0x00, 0x00, 0x00, 0x00, 0x00, 0x00, 0x00, 0x00, 0x00, 0x2E, 0x06, 0x39, 0x1C, 0x00,
    181            0x00, 0x00, 0x3B, 0x08, 0x39, 0x10, 0x24, 0x23, 0x36, 0x15, 0x15, 0x15, 0x15, 0x15, 0x15, 0x15, 0x15, 0x15, 0x15, 0x15, 0x15, 0x15, 0x15, 0x15, 0x15, 0x15, 0x15, 0x15, 0x15, 0x15, 0x15, 0x15, 0x15, 0x15, 0x15, 0x15, 0x15, 0x15, 0x15, 0x15, 0x15, 0x15, 
    182                  0x15, 0x15, 0x15, 0x15, 0x15, 0x15, 0x15, 0x15, 0x15, 0x36, 0x23, 0x1B, 0x12, 0x28, 0x0B, 0x1C, 0x00, 0x00,
    183            0x00, 0x00, 0x00, 0x1F, 0x23, 0x19, 0x02, 0x02, 0x06, 0x06, 0x06, 0x06, 0x06, 0x06, 0x06, 0x06, 0x06, 0x06, 0x06, 0x06, 0x06, 0x06, 0x06, 0x06, 0x06, 0x06, 0x06, 0x06, 0x06, 0x06, 0x06, 0x06, 0x06, 0x06, 0x06, 0x06, 0x06, 0x06, 0x06, 0x06, 0x06, 0x06, 
    184                  0x06, 0x06, 0x06, 0x06, 0x06, 0x06, 0x06, 0x06, 0x06, 0x06, 0x02, 0x02, 0x12, 0x31, 0x21, 0x00, 0x00, 0x00
    185          };
    186          

   \                                 In section .rodata, align 4, keep-with-next
    187          GUI_CONST_STORAGE GUI_BITMAP bmUSBCamIcon = {
   \                     bmUSBCamIcon:
   \   00000000                      ; Initializer data, 20 bytes
   \   00000000   3C003C003C00       DC16 60, 60, 60, 8
   \              0800        
   \   00000008   ............       DC32 acUSBCamIcon, PalUSBCamIcon
   \              ....        
   \   00000010   00000000           DC8 0, 0, 0, 0
    188            60, /* XSize */
    189            60, /* YSize */
    190            60, /* BytesPerLine */
    191            8, /* BitsPerPixel */
    192            acUSBCamIcon,  /* Pointer to picture data (indices) */
    193            &PalUSBCamIcon  /* Pointer to palette */
    194          };
    195          
    196          /* *** End of file *** */


   Section sizes:

     Function/Label   Bytes
     --------------   -----
     ColorsUSBCamIcon  252
     PalUSBCamIcon      12
     acUSBCamIcon     3600
     bmUSBCamIcon       20

 
 3 884 bytes in section .rodata
 
 3 884 bytes of CONST memory

Errors: none
Warnings: none
