###############################################################################
#                                                                             #
# IAR ANSI C/C++ Compiler V6.10.2.52244/W32 for ARM     19/Nov/2015  13:12:17 #
# Copyright 1999-2010 IAR Systems AB.                                         #
#                                                                             #
#    Cpu mode     =  arm                                                      #
#    Endian       =  little                                                   #
#    Source file  =  C:\DUII\DUII\Graphics\WiFiEnabledIcon.c                  #
#    Command line =  C:\DUII\DUII\Graphics\WiFiEnabledIcon.c -D DEBUG=1 -D    #
#                    SDRAM_TARGET=1 -D USB_IS_HIGH_SPEED -D NOPROFILER -D     #
#                    OS_TRACE=0 -D OS_VIEW_ENABLE=0 -lCN                      #
#                    C:\DUII\TargetHW\Release\List\ -o                        #
#                    C:\DUII\TargetHW\Release\Obj\ --endian=little            #
#                    --cpu=ARM926EJ-S -e --fpu=None --dlib_config             #
#                    "C:\Program Files (x86)\IAR Systems\Embedded Workbench   #
#                    6.0\arm\INC\c\DLib_Config_Normal.h" -I                   #
#                    C:\DUII\TargetHW\Application\SEGGERDEMO\ -I              #
#                    C:\DUII\TargetHW\Application\SEGGERDEMO\Src\ -I          #
#                    C:\DUII\TargetHW\Config\ -I C:\DUII\TargetHW\FS\ -I      #
#                    C:\DUII\TargetHW\GUI\ -I C:\DUII\TargetHW\Inc\ -I        #
#                    C:\DUII\TargetHW\OS\ -I C:\DUII\TargetHW\Setup\ -I       #
#                    \DUII\DUII\ -I \DUII\DUII\Graphics\ --cpu_mode arm -Ohs  #
#                    --use_c++_inline --require_prototypes                    #
#    List file    =  C:\DUII\TargetHW\Release\List\WiFiEnabledIcon.lst        #
#    Object file  =  C:\DUII\TargetHW\Release\Obj\WiFiEnabledIcon.o           #
#                                                                             #
#                                                                             #
###############################################################################

C:\DUII\DUII\Graphics\WiFiEnabledIcon.c
      1          /*********************************************************************
      2          *                SEGGER MICROCONTROLLER SYSTEME GmbH                 *
      3          *        Solutions for real time microcontroller applications        *
      4          *                           www.segger.com                           *
      5          **********************************************************************
      6          *
      7          * C-file generated by
      8          *
      9          *        Bitmap converter for emWin V5.04.
     10          *        Compiled Jan  8 2010, 16:37:17
     11          *        (C) 1998 - 2005 Segger Microcontroller Systeme GmbH
     12          *
     13          **********************************************************************
     14          *
     15          * Source file: WiFiEnabledIcon
     16          * Dimensions:  60 * 60
     17          * NumColors:   256
     18          *
     19          **********************************************************************
     20          */
     21          
     22          #include <stdlib.h>
     23          
     24          #include "GUI.h"
     25          
     26          #ifndef GUI_CONST_STORAGE
     27            #define GUI_CONST_STORAGE const
     28          #endif
     29          
     30          /*   Palette
     31          The following are the entries of the palette table.
     32          Every entry is a 32-bit value (of which 24 bits are actually used)
     33          the lower   8 bits represent the Red component,
     34          the middle  8 bits represent the Green component,
     35          the highest 8 bits (of the 24 bits used) represent the Blue component
     36          as follows:   0xBBGGRR
     37          */
     38          

   \                                 In section .rodata, align 4, keep-with-next
     39          static GUI_CONST_STORAGE GUI_COLOR ColorsWiFiEnabledIcon[] = {
   \                     ColorsWiFiEnabledIcon:
   \   00000000                      ; Initializer data, 1024 bytes
   \   00000000   00000000FFFF       DC32 0, 16777215, 3750201, 3289650, 3815994, 2500134, 2565927, 3618615, 3684408, 2763306
   \              FF0039393900
   \              323232003A3A
   \              3A0026262600
   \              272727003737
   \              370038383800
   \              2A2A2A00    
   \   00000028   313131001D1D       DC32 3223857, 1907997, 1315860, 2829099, 1447446, 2434341, 2631720, 2697513, 3552822, 65280
   \              1D0014141400
   \              2B2B2B001616
   \              160025252500
   \              282828002929
   \              290036363600
   \              00FF0000    
   \   00000050   2C2C2C000D0D       DC32 2894892, 855309, 1381653, 2960685, 15000804, 3026478, 65793, 3487029, 921102, 1842204
   \              0D0015151500
   \              2D2D2D00E4E4
   \              E4002E2E2E00
   \              010101003535
   \              35000E0E0E00
   \              1C1C1C00    
   \   00000078   242424003030       DC32 2368548, 3158064, 3421236, 1118481, 1776411, 2105376, 3092271, 16514043, 131586, 9737364
   \              300034343400
   \              111111001B1B
   \              1B0020202000
   \              2F2F2F00FBFB
   \              FB0002020200
   \              94949400    
   \   000000A0   A6A6A600B8B8       DC32 10921638, 12105912, 12500670, 16579836, 2039583, 2302755, 3881787, 4079166, 263172, 394758
   \              B800BEBEBE00
   \              FCFCFC001F1F
   \              1F0023232300
   \              3B3B3B003E3E
   \              3E0004040400
   \              06060600    
   \   000000C8   0B0B0B001010       DC32 723723, 1052688, 1973790, 2171169, 3355443, 8224125, 10395294, 10855845, 11119017, 15856113
   \              10001E1E1E00
   \              212121003333
   \              33007D7D7D00
   \              9E9E9E00A5A5
   \              A500A9A9A900
   \              F1F1F100    
   \   000000F0   F4F4F400F7F7       DC32 16053492, 16250871, 16711422, 328965, 6052956, 6645093, 6776679, 7237230, 7368816, 8355711
   \              F700FEFEFE00
   \              050505005C5C
   \              5C0065656500
   \              676767006E6E
   \              6E0070707000
   \              7F7F7F00    
   \   00000118   969696009898       DC32 9868950, 10000536, 11974326, 16316664, 16448250, 197379, 460551, 789516, 1250067, 1579032
   \              9800B6B6B600
   \              F8F8F800FAFA
   \              FA0003030300
   \              070707000C0C
   \              0C0013131300
   \              18181800    
   \   00000140   3D3D3D005656       DC32 4013373, 5658198, 5723991, 7895160, 9934743, 13619151, 14211288, 14474460, 15198183, 16119285
   \              560057575700
   \              787878009797
   \              9700CFCFCF00
   \              D8D8D800DCDC
   \              DC00E7E7E700
   \              F5F5F500    
   \   00000168   FDFDFD000808       DC32 16645629, 526344, 657930, 1513239, 1710618, 2236962, 4276545, 5987163, 6316128, 7697781
   \              08000A0A0A00
   \              171717001A1A
   \              1A0022222200
   \              414141005B5B
   \              5B0060606000
   \              75757500    
   \   00000190   848484008888       DC32 8684676, 8947848, 9145227, 9211020, 11053224, 11316396, 11447982, 11513775, 11579568, 11711154
   \              88008B8B8B00
   \              8C8C8C00A8A8
   \              A800ACACAC00
   \              AEAEAE00AFAF
   \              AF00B0B0B000
   \              B2B2B200    
   \   000001B8   B7B7B700C3C3       DC32 12040119, 12829635, 13158600, 13553358, 13948116, 15066597, 15790320, 4608, 5632, 1184274
   \              C300C8C8C800
   \              CECECE00D4D4
   \              D400E5E5E500
   \              F0F0F0000012
   \              000000160000
   \              12121200    
   \   000001E0   191919000030       DC32 1644825, 12288, 4144959, 4539717, 4737096, 4802889, 5197647, 5329233, 5395026, 5855577
   \              00003F3F3F00
   \              454545004848
   \              480049494900
   \              4F4F4F005151
   \              510052525200
   \              59595900    
   \   00000208   5E5E5E006262       DC32 6184542, 6447714, 6579300, 6974058, 7105644, 7171437, 7763574, 50432, 56064, 8487297
   \              620064646400
   \              6A6A6A006C6C
   \              6C006D6D6D00
   \              7676760000C5
   \              000000DB0000
   \              81818100    
   \   00000230   909090009191       DC32 9474192, 9539985, 9605778, 10197915, 10724259, 11184810, 11645361, 11776947, 11908533, 12171705
   \              910092929200
   \              9B9B9B00A3A3
   \              A300AAAAAA00
   \              B1B1B100B3B3
   \              B300B5B5B500
   \              B9B9B900    
   \   00000258   BBBBBB00C0C0       DC32 12303291, 12632256, 13092807, 13487565, 13750737, 13816530, 13882323, 14277081, 14342874, 14671839
   \              C000C7C7C700
   \              CDCDCD00D1D1
   \              D100D2D2D200
   \              D3D3D300D9D9
   \              D900DADADA00
   \              DFDFDF00    
   \   00000280   E0E0E000E3E3       DC32 14737632, 14935011, 15395562, 15658734, 16185078, 256, 768, 1536, 2048, 3072
   \              E300EAEAEA00
   \              EEEEEE00F6F6
   \              F60000010000
   \              000300000006
   \              000000080000
   \              000C0000    
   \   000002A8   090909000019       DC32 592137, 6400, 8448, 8960, 10752, 12800, 14080, 15872, 3947580, 18944
   \              000000210000
   \              00230000002A
   \              000000320000
   \              00370000003E
   \              00003C3C3C00
   \              004A0000    
   \   000002D0   005400000067       DC32 21504, 26368, 30976, 32000, 32512, 4473924, 4868682, 4934475, 5000268, 5131854
   \              000000790000
   \              007D0000007F
   \              000044444400
   \              4A4A4A004B4B
   \              4B004C4C4C00
   \              4E4E4E00    
   \   000002F8   505050005454       DC32 5263440, 5526612, 5592405, 5921370, 6513507, 6710886, 6842472, 6908265, 7303023, 7434609
   \              540055555500
   \              5A5A5A006363
   \              630066666600
   \              686868006969
   \              69006F6F6F00
   \              71717100    
   \   00000320   737373007474       DC32 7566195, 7631988, 8092539, 8289918, 33024, 33536, 34048, 35584, 36864, 41984
   \              74007B7B7B00
   \              7E7E7E000081
   \              000000830000
   \              00850000008B
   \              000000900000
   \              00A40000    
   \   00000348   00AA000000AC       DC32 43520, 44032, 44800, 47616, 48128, 50688, 52992, 54272, 56832, 58880
   \              000000AF0000
   \              00BA000000BC
   \              000000C60000
   \              00CF000000D4
   \              000000DE0000
   \              00E60000    
   \   00000370   00EC000000F4       DC32 60416, 62464, 63232, 63488, 8421504, 8618883, 8750469, 9671571, 10132122, 10329501
   \              000000F70000
   \              00F800008080
   \              800083838300
   \              858585009393
   \              93009A9A9A00
   \              9D9D9D00    
   \   00000398   A0A0A000A4A4       DC32 10526880, 10790052, 11250603, 11382189, 11842740, 12237498, 12698049, 12763842, 12895428, 12961221
   \              A400ABABAB00
   \              ADADAD00B4B4
   \              B400BABABA00
   \              C1C1C100C2C2
   \              C200C4C4C400
   \              C5C5C500    
   \   000003C0   C6C6C600C9C9       DC32 13027014, 13224393, 13355979, 13684944, 14013909, 14145495, 14408667, 14803425, 14869218, 15132390
   \              C900CBCBCB00
   \              D0D0D000D5D5
   \              D500D7D7D700
   \              DBDBDB00E1E1
   \              E100E2E2E200
   \              E6E6E600    
   \   000003E8   E9E9E900EBEB       DC32 15329769, 15461355, 15527148, 15592941, 15921906, 15987699
   \              EB00ECECEC00
   \              EDEDED00F2F2
   \              F200F3F3F300
     40               0x000000,0xFFFFFF,0x393939,0x323232
     41              ,0x3A3A3A,0x262626,0x272727,0x373737
     42              ,0x383838,0x2A2A2A,0x313131,0x1D1D1D
     43              ,0x141414,0x2B2B2B,0x161616,0x252525
     44              ,0x282828,0x292929,0x363636,0x00FF00
     45              ,0x2C2C2C,0x0D0D0D,0x151515,0x2D2D2D
     46              ,0xE4E4E4,0x2E2E2E,0x010101,0x353535
     47              ,0x0E0E0E,0x1C1C1C,0x242424,0x303030
     48              ,0x343434,0x111111,0x1B1B1B,0x202020
     49              ,0x2F2F2F,0xFBFBFB,0x020202,0x949494
     50              ,0xA6A6A6,0xB8B8B8,0xBEBEBE,0xFCFCFC
     51              ,0x1F1F1F,0x232323,0x3B3B3B,0x3E3E3E
     52              ,0x040404,0x060606,0x0B0B0B,0x101010
     53              ,0x1E1E1E,0x212121,0x333333,0x7D7D7D
     54              ,0x9E9E9E,0xA5A5A5,0xA9A9A9,0xF1F1F1
     55              ,0xF4F4F4,0xF7F7F7,0xFEFEFE,0x050505
     56              ,0x5C5C5C,0x656565,0x676767,0x6E6E6E
     57              ,0x707070,0x7F7F7F,0x969696,0x989898
     58              ,0xB6B6B6,0xF8F8F8,0xFAFAFA,0x030303
     59              ,0x070707,0x0C0C0C,0x131313,0x181818
     60              ,0x3D3D3D,0x565656,0x575757,0x787878
     61              ,0x979797,0xCFCFCF,0xD8D8D8,0xDCDCDC
     62              ,0xE7E7E7,0xF5F5F5,0xFDFDFD,0x080808
     63              ,0x0A0A0A,0x171717,0x1A1A1A,0x222222
     64              ,0x414141,0x5B5B5B,0x606060,0x757575
     65              ,0x848484,0x888888,0x8B8B8B,0x8C8C8C
     66              ,0xA8A8A8,0xACACAC,0xAEAEAE,0xAFAFAF
     67              ,0xB0B0B0,0xB2B2B2,0xB7B7B7,0xC3C3C3
     68              ,0xC8C8C8,0xCECECE,0xD4D4D4,0xE5E5E5
     69              ,0xF0F0F0,0x001200,0x001600,0x121212
     70              ,0x191919,0x003000,0x3F3F3F,0x454545
     71              ,0x484848,0x494949,0x4F4F4F,0x515151
     72              ,0x525252,0x595959,0x5E5E5E,0x626262
     73              ,0x646464,0x6A6A6A,0x6C6C6C,0x6D6D6D
     74              ,0x767676,0x00C500,0x00DB00,0x818181
     75              ,0x909090,0x919191,0x929292,0x9B9B9B
     76              ,0xA3A3A3,0xAAAAAA,0xB1B1B1,0xB3B3B3
     77              ,0xB5B5B5,0xB9B9B9,0xBBBBBB,0xC0C0C0
     78              ,0xC7C7C7,0xCDCDCD,0xD1D1D1,0xD2D2D2
     79              ,0xD3D3D3,0xD9D9D9,0xDADADA,0xDFDFDF
     80              ,0xE0E0E0,0xE3E3E3,0xEAEAEA,0xEEEEEE
     81              ,0xF6F6F6,0x000100,0x000300,0x000600
     82              ,0x000800,0x000C00,0x090909,0x001900
     83              ,0x002100,0x002300,0x002A00,0x003200
     84              ,0x003700,0x003E00,0x3C3C3C,0x004A00
     85              ,0x005400,0x006700,0x007900,0x007D00
     86              ,0x007F00,0x444444,0x4A4A4A,0x4B4B4B
     87              ,0x4C4C4C,0x4E4E4E,0x505050,0x545454
     88              ,0x555555,0x5A5A5A,0x636363,0x666666
     89              ,0x686868,0x696969,0x6F6F6F,0x717171
     90              ,0x737373,0x747474,0x7B7B7B,0x7E7E7E
     91              ,0x008100,0x008300,0x008500,0x008B00
     92              ,0x009000,0x00A400,0x00AA00,0x00AC00
     93              ,0x00AF00,0x00BA00,0x00BC00,0x00C600
     94              ,0x00CF00,0x00D400,0x00DE00,0x00E600
     95              ,0x00EC00,0x00F400,0x00F700,0x00F800
     96              ,0x808080,0x838383,0x858585,0x939393
     97              ,0x9A9A9A,0x9D9D9D,0xA0A0A0,0xA4A4A4
     98              ,0xABABAB,0xADADAD,0xB4B4B4,0xBABABA
     99              ,0xC1C1C1,0xC2C2C2,0xC4C4C4,0xC5C5C5
    100              ,0xC6C6C6,0xC9C9C9,0xCBCBCB,0xD0D0D0
    101              ,0xD5D5D5,0xD7D7D7,0xDBDBDB,0xE1E1E1
    102              ,0xE2E2E2,0xE6E6E6,0xE9E9E9,0xEBEBEB
    103              ,0xECECEC,0xEDEDED,0xF2F2F2,0xF3F3F3
    104          };
    105          

   \                                 In section .rodata, align 4, keep-with-next
    106          static GUI_CONST_STORAGE GUI_LOGPALETTE PalWiFiEnabledIcon = {
   \                     PalWiFiEnabledIcon:
   \   00000000                      ; Initializer data, 12 bytes
   \   00000000   00010000           DC32 256
   \   00000004   00000000           DC8 0, 0, 0, 0
   \   00000008   ........           DC32 ColorsWiFiEnabledIcon
    107            256,	/* number of entries */
    108            0, 	/* No transparency */
    109            &ColorsWiFiEnabledIcon[0]
    110          };
    111          

   \                                 In section .rodata, align 4, keep-with-next
    112          static GUI_CONST_STORAGE unsigned char acWiFiEnabledIcon[] = {
   \                     acWiFiEnabledIcon:
   \   00000000                      ; Initializer data, 3600 bytes
   \   00000000   00000000322C       DC8 0, 0, 0, 0, 50, 44, 5, 5, 5, 5
   \              05050505    
   \   0000000A   050505050505       DC8 5, 5, 5, 5, 5, 5, 5, 5, 5, 5
   \              05050505    
   \   00000014   050505050505       DC8 5, 5, 5, 5, 5, 5, 5, 5, 5, 5
   \              05050505    
   \   0000001E   050505050505       DC8 5, 5, 5, 5, 5, 5, 5, 5, 5, 5
   \              05050505    
   \   00000028   050505050505       DC8 5, 5, 5, 5, 5, 5, 5, 5, 5, 5
   \              05050505    
   \   00000032   05050505344D       DC8 5, 5, 5, 5, 52, 77, 0, 0, 0, 0
   \              00000000    
   \   0000003C   0000301E2E07       DC8 0, 0, 48, 30, 46, 7, 23, 16, 6, 6
   \              17100606    
   \   00000046   060606060606       DC8 6, 6, 6, 6, 6, 6, 6, 6, 6, 6
   \              06060606    
   \   00000050   060606060606       DC8 6, 6, 6, 6, 6, 6, 6, 6, 6, 6
   \              06060606    
   \   0000005A   060606060606       DC8 6, 6, 6, 6, 6, 6, 6, 6, 6, 6
   \              06060606    
   \   00000064   060606060606       DC8 6, 6, 6, 6, 6, 6, 6, 6, 6, 6
   \              06060606    
   \   0000006E   06061017072E       DC8 6, 6, 16, 23, 7, 46, 5, 63, 0, 0
   \              053F0000    
   \   00000078   0030242F1E4F       DC8 0, 48, 36, 47, 30, 79, 94, 29, 29, 11
   \              5E1D1D0B    
   \   00000082   0B0B0B0B0B0B       DC8 11, 11, 11, 11, 11, 11, 11, 11, 11, 11
   \              0B0B0B0B    
   \   0000008C   0B0B0B0B0B0B       DC8 11, 11, 11, 11, 11, 11, 11, 11, 11, 11
   \              0B0B0B0B    
   \   00000096   0B0B0B0B0B0B       DC8 11, 11, 11, 11, 11, 11, 11, 11, 11, 11
   \              0B0B0B0B    
   \   000000A0   0B0B0B0B0B0B       DC8 11, 11, 11, 11, 11, 11, 11, 11, 11, 11
   \              0B0B0B0B    
   \   000000AA   0B1D1D5E4F2D       DC8 11, 29, 29, 94, 79, 45, 80, 32, 76, 0
   \              50204C00    
   \   000000B4   001E2F0B222D       DC8 0, 30, 47, 11, 34, 45, 6, 16, 9, 9
   \              06100909    
   \   000000BE   090909090909       DC8 9, 9, 9, 9, 9, 9, 9, 9, 9, 9
   \              09090909    
   \   000000C8   090909090909       DC8 9, 9, 9, 9, 9, 9, 9, 9, 9, 9
   \              09090909    
   \   000000D2   090909090909       DC8 9, 9, 9, 9, 9, 9, 9, 9, 9, 9
   \              09090909    
   \   000000DC   090909090909       DC8 9, 9, 9, 9, 9, 9, 9, 9, 9, 9
   \              09090909    
   \   000000E6   090911062D22       DC8 9, 9, 17, 6, 45, 34, 34, 178, 20, 0
   \              22B21400    
   \   000000F0   322E1E1D060D       DC8 50, 46, 30, 29, 6, 13, 25, 10, 10, 3
   \              190A0A03    
   \   000000FA   030303030303       DC8 3, 3, 3, 3, 3, 3, 3, 3, 3, 3
   \              03030303    
   \   00000104   030303030303       DC8 3, 3, 3, 3, 3, 3, 3, 3, 3, 3
   \              03030303    
   \   0000010E   030303030303       DC8 3, 3, 3, 3, 3, 3, 3, 3, 3, 3
   \              03030303    
   \   00000118   030303030303       DC8 3, 3, 3, 3, 3, 3, 3, 3, 3, 3
   \              03030303    
   \   00000122   030A0A240D06       DC8 3, 10, 10, 36, 13, 6, 11, 35, 47, 33
   \              0B232F21    
   \   0000012C   2C0722051703       DC8 44, 7, 34, 5, 23, 3, 27, 18, 18, 7
   \              1B121207    
   \   00000136   070707070707       DC8 7, 7, 7, 7, 7, 7, 7, 7, 7, 7
   \              07070707    
   \   00000140   070707070707       DC8 7, 7, 7, 7, 7, 7, 7, 7, 7, 7
   \              07070707    
   \   0000014A   070707070707       DC8 7, 7, 7, 7, 7, 7, 7, 7, 7, 7
   \              07070707    
   \   00000154   070707070707       DC8 7, 7, 7, 7, 7, 7, 7, 7, 7, 7
   \              07070707    
   \   0000015E   0712121B0317       DC8 7, 18, 18, 27, 3, 23, 6, 34, 54, 5
   \              06223605    
   \   00000168   06172C140312       DC8 6, 23, 44, 20, 3, 18, 2, 2, 2, 4
   \              02020204    
   \   00000172   040404040404       DC8 4, 4, 4, 4, 4, 4, 4, 4, 4, 4
   \              04040404    
   \   0000017C   040404040404       DC8 4, 4, 4, 4, 4, 4, 4, 4, 4, 4
   \              04040404    
   \   00000186   040404040404       DC8 4, 4, 4, 4, 4, 4, 4, 4, 4, 4
   \              04040404    
   \   00000190   040404040404       DC8 4, 4, 4, 4, 4, 4, 4, 4, 4, 4
   \              04040404    
   \   0000019A   040202021236       DC8 4, 2, 2, 2, 18, 54, 20, 53, 16, 25
   \              14351019    
   \   000001A4   05101E241B02       DC8 5, 16, 30, 36, 27, 2, 4, 4, 4, 4
   \              04040404    
   \   000001AE   040404040404       DC8 4, 4, 4, 4, 4, 4, 4, 4, 4, 4
   \              04040404    
   \   000001B8   040404040404       DC8 4, 4, 4, 4, 4, 4, 4, 4, 4, 4
   \              04040404    
   \   000001C2   040404040404       DC8 4, 4, 4, 4, 4, 4, 4, 4, 4, 4
   \              04040404    
   \   000001CC   040404040404       DC8 4, 4, 4, 4, 4, 4, 4, 4, 4, 4
   \              04040404    
   \   000001D6   040404040212       DC8 4, 4, 4, 4, 2, 18, 31, 5, 30, 10
   \              1F051E0A    
   \   000001E0   0F11050A1202       DC8 15, 17, 5, 10, 18, 2, 2, 2, 2, 2
   \              02020202    
   \   000001EA   020202020202       DC8 2, 2, 2, 2, 2, 2, 2, 2, 2, 2
   \              02020202    
   \   000001F4   020202020202       DC8 2, 2, 2, 2, 2, 2, 2, 2, 2, 2
   \              02020202    
   \   000001FE   020202020202       DC8 2, 2, 2, 2, 2, 2, 2, 2, 2, 2
   \              02020202    
   \   00000208   020202020202       DC8 2, 2, 2, 2, 2, 2, 2, 2, 2, 2
   \              02020202    
   \   00000212   020202020212       DC8 2, 2, 2, 2, 2, 18, 10, 17, 15, 31
   \              0A110F1F    
   \   0000021C   0F11060A1202       DC8 15, 17, 6, 10, 18, 2, 2, 2, 2, 2
   \              02020202    
   \   00000226   020202020202       DC8 2, 2, 2, 2, 2, 2, 2, 2, 2, 2
   \              02020202    
   \   00000230   020202020202       DC8 2, 2, 2, 2, 2, 2, 2, 2, 2, 8
   \              02020208    
   \   0000023A   080202020202       DC8 8, 2, 2, 2, 2, 2, 2, 2, 2, 2
   \              02020202    
   \   00000244   020202020202       DC8 2, 2, 2, 2, 2, 2, 2, 2, 2, 2
   \              02020202    
   \   0000024E   020202020207       DC8 2, 2, 2, 2, 2, 7, 3, 9, 15, 31
   \              03090F1F    
   \   00000258   0F1106031202       DC8 15, 17, 6, 3, 18, 2, 2, 2, 2, 2
   \              02020202    
   \   00000262   020202020202       DC8 2, 2, 2, 2, 2, 2, 2, 2, 2, 2
   \              02020202    
   \   0000026C   02020202120A       DC8 2, 2, 2, 2, 18, 10, 23, 25, 3, 32
   \              17190320    
   \   00000276   200A19170A07       DC8 32, 10, 25, 23, 10, 7, 2, 2, 2, 2
   \              02020202    
   \   00000280   020202020202       DC8 2, 2, 2, 2, 2, 2, 2, 2, 2, 2
   \              02020202    
   \   0000028A   020202020207       DC8 2, 2, 2, 2, 2, 7, 3, 9, 5, 31
   \              0309051F    
   \   00000294   0F1106030702       DC8 15, 17, 6, 3, 7, 2, 2, 2, 2, 2
   \              02020202    
   \   0000029E   020202020202       DC8 2, 2, 2, 2, 2, 2, 2, 2, 2, 2
   \              02020202    
   \   000002A8   02080A1760C4       DC8 2, 8, 10, 23, 96, 196, 142, 146, 239, 243
   \              8E92EFF3    
   \   000002B2   55ED69678350       DC8 85, 237, 105, 103, 131, 80, 23, 3, 8, 2
   \              17030802    
   \   000002BC   020202020202       DC8 2, 2, 2, 2, 2, 2, 2, 2, 2, 2
   \              02020202    
   \   000002C6   020202020208       DC8 2, 2, 2, 2, 2, 8, 27, 20, 6, 31
   \              1B14061F    
   \   000002D0   0F11060A1208       DC8 15, 17, 6, 10, 18, 8, 8, 8, 8, 8
   \              08080808    
   \   000002DA   080808080808       DC8 8, 8, 8, 8, 8, 8, 8, 8, 8, 8
   \              08080808    
   \   000002E4   0319613AF901       DC8 3, 25, 97, 58, 249, 1, 1, 1, 1, 1
   \              01010101    
   \   000002EE   0101010101F8       DC8 1, 1, 1, 1, 1, 248, 231, 193, 36, 10
   \              E7C1240A    
   \   000002F8   080808080808       DC8 8, 8, 8, 8, 8, 8, 8, 8, 8, 8
   \              08080808    
   \   00000302   0808042E020A       DC8 8, 8, 4, 46, 2, 10, 5, 29, 35, 10
   \              051D230A    
   \   0000030C   0F11060A1208       DC8 15, 17, 6, 10, 18, 8, 8, 8, 8, 8
   \              08080808    
   \   00000316   080808080808       DC8 8, 8, 8, 8, 8, 8, 8, 8, 7, 20
   \              08080714    
   \   00000320   BE482B010101       DC8 190, 72, 43, 1, 1, 1, 1, 1, 1, 1
   \              01010101    
   \   0000032A   010101010101       DC8 1, 1, 1, 1, 1, 1, 1, 37, 41, 81
   \              01252951    
   \   00000334   141208080808       DC8 20, 18, 8, 8, 8, 8, 8, 8, 8, 8
   \              08080808    
   \   0000033E   042E1F34154B       DC8 4, 46, 31, 52, 21, 75, 0, 0, 22, 3
   \              00001603    
   \   00000348   0F11060A1208       DC8 15, 17, 6, 10, 18, 8, 8, 8, 8, 8
   \              08080808    
   \   00000352   080808080808       DC8 8, 8, 8, 8, 8, 8, 8, 32, 25, 100
   \              08201964    
   \   0000035C   3B0101010101       DC8 59, 1, 1, 1, 1, 1, 1, 1, 1, 1
   \              01010101    
   \   00000366   010101010101       DC8 1, 1, 1, 1, 1, 1, 1, 1, 1, 61
   \              0101013D    
   \   00000370   461B0A080808       DC8 70, 27, 10, 8, 8, 8, 8, 7, 2, 46
   \              0807022E    
   \   0000037A   170C26000000       DC8 23, 12, 38, 0, 0, 0, 0, 0, 14, 3
   \              00000E03    
   \   00000384   0F11051F1B07       DC8 15, 17, 5, 31, 27, 7, 7, 7, 7, 7
   \              07070707    
   \   0000038E   070707070707       DC8 7, 7, 7, 7, 7, 7, 54, 32, 105, 1
   \              36206901    
   \   00000398   010101010101       DC8 1, 1, 1, 1, 1, 1, 1, 1, 1, 1
   \              01010101    
   \   000003A2   010101010101       DC8 1, 1, 1, 1, 1, 1, 1, 1, 1, 1
   \              01010101    
   \   000003AC   01F17C170807       DC8 1, 241, 124, 23, 8, 7, 7, 4, 54, 93
   \              0704365D    
   \   000003B6   1A0000000000       DC8 26, 0, 0, 0, 0, 0, 0, 0, 14, 3
   \              00000E03    
   \   000003C0   0F11051F1B07       DC8 15, 17, 5, 31, 27, 7, 7, 7, 7, 7
   \              07070707    
   \   000003CA   070707070720       DC8 7, 7, 7, 7, 7, 32, 32, 150, 1, 1
   \              20960101    
   \   000003D4   010101010101       DC8 1, 1, 1, 1, 1, 1, 1, 1, 1, 1
   \              01010101    
   \   000003DE   010101010101       DC8 1, 1, 1, 1, 1, 1, 1, 1, 1, 1
   \              01010101    
   \   000003E8   0101A1511408       DC8 1, 1, 161, 81, 20, 8, 2, 45, 63, 0
   \              022D3F00    
   \   000003F2   000000000000       DC8 0, 0, 0, 0, 0, 0, 0, 0, 14, 3
   \              00000E03    
   \   000003FC   0F110F242012       DC8 15, 17, 15, 36, 32, 18, 18, 18, 27, 25
   \              12121B19    
   \   00000406   090D0D0D090D       DC8 9, 13, 13, 13, 9, 13, 146, 1, 1, 1
   \              92010101    
   \   00000410   010101010101       DC8 1, 1, 1, 1, 1, 1, 1, 1, 1, 1
   \              01010101    
   \   0000041A   010101010101       DC8 1, 1, 1, 1, 1, 1, 1, 1, 1, 1
   \              01010101    
   \   00000424   010101A2BF1E       DC8 1, 1, 1, 162, 191, 30, 50, 0, 0, 0
   \              32000000    
   \   0000042E   000000000000       DC8 0, 0, 0, 0, 0, 0, 0, 0, 14, 3
   \              00000E03    
   \   00000438   0F110F242012       DC8 15, 17, 15, 36, 32, 18, 18, 25, 10, 131
   \              12190A83    
   \   00000442   476D936D6CEC       DC8 71, 109, 147, 109, 108, 236, 1, 1, 1, 1
   \              01010101    
   \   0000044C   010101010101       DC8 1, 1, 1, 1, 1, 1, 1, 1, 1, 1
   \              01010101    
   \   00000456   010101010101       DC8 1, 1, 1, 1, 1, 1, 1, 1, 1, 1
   \              01010101    
   \   00000460   01010101A3EB       DC8 1, 1, 1, 1, 163, 235, 147, 148, 72, 105
   \              93944869    
   \   0000046A   632300000000       DC8 99, 35, 0, 0, 0, 0, 0, 0, 14, 3
   \              00000E03    
   \   00000474   0F110F242012       DC8 15, 17, 15, 36, 32, 18, 9, 82, 240, 1
   \              0952F001    
   \   0000047E   010101010101       DC8 1, 1, 1, 1, 1, 1, 1, 1, 1, 1
   \              01010101    
   \   00000488   010101010101       DC8 1, 1, 1, 1, 1, 1, 1, 1, 1, 1
   \              01010101    
   \   00000492   010101010101       DC8 1, 1, 1, 1, 1, 1, 1, 62, 37, 37
   \              013E2525    
   \   0000049C   2525254A0101       DC8 37, 37, 37, 74, 1, 1, 1, 1, 1, 1
   \              01010101    
   \   000004A6   0159453F0000       DC8 1, 89, 69, 63, 0, 0, 0, 0, 14, 3
   \              00000E03    
   \   000004B0   0F111E193611       DC8 15, 17, 30, 25, 54, 17, 99, 89, 1, 1
   \              63590101    
   \   000004BA   010101010101       DC8 1, 1, 1, 1, 1, 1, 1, 1, 1, 1
   \              01010101    
   \   000004C4   010101010101       DC8 1, 1, 1, 1, 1, 1, 1, 1, 1, 1
   \              01010101    
   \   000004CE   0101010101E9       DC8 1, 1, 1, 1, 1, 233, 126, 23, 6, 16
   \              7E170610    
   \   000004D8   101010050505       DC8 16, 16, 16, 5, 5, 5, 5, 9, 9, 80
   \              05090950    
   \   000004E2   377301291500       DC8 55, 115, 1, 41, 21, 0, 0, 0, 14, 3
   \              00000E03    
   \   000004EC   0F111E190644       DC8 15, 17, 30, 25, 6, 68, 43, 1, 1, 1
   \              2B010101    
   \   000004F6   010101010101       DC8 1, 1, 1, 1, 1, 1, 1, 1, 1, 1
   \              01010101    
   \   00000500   010101010101       DC8 1, 1, 1, 1, 1, 1, 1, 1, 1, 1
   \              01010101    
   \   0000050A   010101FE5200       DC8 1, 1, 1, 254, 82, 0, 0, 0, 0, 0
   \              00000000    
   \   00000514   000000000000       DC8 0, 0, 0, 0, 0, 0, 0, 0, 0, 0
   \              00000000    
   \   0000051E   000C39016B1A       DC8 0, 12, 57, 1, 107, 26, 0, 0, 14, 3
   \              00000E03    
   \   00000528   0F101E067D74       DC8 15, 16, 30, 6, 125, 116, 1, 1, 1, 1
   \              01010101    
   \   00000532   010101010101       DC8 1, 1, 1, 1, 1, 1, 1, 1, 1, 1
   \              01010101    
   \   0000053C   010101010101       DC8 1, 1, 1, 1, 1, 1, 1, 1, 1, 1
   \              01010101    
   \   00000546   01013D7B0000       DC8 1, 1, 61, 123, 0, 0, 0, 0, 0, 0
   \              00000000    
   \   00000550   000000000000       DC8 0, 0, 0, 0, 0, 0, 0, 0, 0, 0
   \              00000000    
   \   0000055A   000000E601C5       DC8 0, 0, 0, 230, 1, 197, 0, 0, 14, 3
   \              00000E03    
   \   00000564   0F102D2D6E01       DC8 15, 16, 45, 45, 110, 1, 1, 62, 156, 85
   \              013E9C55    
   \   0000056E   55A301FF729C       DC8 85, 163, 1, 255, 114, 156, 24, 1, 37, 246
   \              180125F6    
   \   00000578   9D564AFBC37C       DC8 157, 86, 74, 251, 195, 124, 107, 1, 1, 1
   \              6B010101    
   \   00000582   01014300000B       DC8 1, 1, 67, 0, 0, 11, 25, 23, 23, 20
   \              19171714    
   \   0000058C   11111111114F       DC8 17, 17, 17, 17, 17, 79, 0, 23, 232, 106
   \              0017E86A    
   \   00000596   36000032A0FC       DC8 54, 0, 0, 50, 160, 252, 119, 0, 14, 3
   \              77000E03    
   \   000005A0   0F100BBB2501       DC8 15, 16, 11, 187, 37, 1, 1, 62, 46, 0
   \              013E2E00    
   \   000005AA   006601542626       DC8 0, 102, 1, 84, 38, 38, 96, 1, 114, 91
   \              6001725B    
   \   000005B4   314E3CE00000       DC8 49, 78, 60, 224, 0, 0, 91, 253, 1, 1
   \              5BFD0101    
   \   000005BE   0171260000E4       DC8 1, 113, 38, 0, 0, 228, 62, 62, 62, 90
   \              3E3E3E5A    
   \   000005C8   2B2B2B2B2B8D       DC8 43, 43, 43, 43, 43, 141, 0, 111, 1, 1
   \              006F0101    
   \   000005D2   990000008601       DC8 153, 0, 0, 0, 134, 1, 132, 0, 14, 3
   \              84000E03    
   \   000005DC   0F105D640101       DC8 15, 16, 93, 100, 1, 1, 1, 1, 200, 0
   \              0101C800    
   \   000005E6   008401620000       DC8 0, 132, 1, 98, 0, 0, 12, 74, 72, 0
   \              0C4A4800    
   \   000005F0   000301960E30       DC8 0, 3, 1, 150, 14, 48, 129, 73, 1, 1
   \              81490101    
   \   000005FA   015300000047       DC8 1, 83, 0, 0, 0, 71, 1, 1, 1, 1
   \              01010101    
   \   00000604   0101010101E5       DC8 1, 1, 1, 1, 1, 229, 0, 99, 61, 73
   \              00633D49    
   \   0000060E   CB0000000F01       DC8 203, 0, 0, 0, 15, 1, 58, 0, 14, 3
   \              3A000E03    
   \   00000618   0F105D280101       DC8 15, 16, 93, 40, 1, 1, 1, 1, 107, 0
   \              01016B00    
   \   00000622   006001030000       DC8 0, 96, 1, 3, 0, 0, 0, 158, 71, 0
   \              009E4700    
   \   0000062C   00860101F799       DC8 0, 134, 1, 1, 247, 153, 90, 1, 1, 1
   \              5A010101    
   \   00000636   014000000047       DC8 1, 64, 0, 0, 0, 71, 1, 1, 86, 227
   \              010156E3    
   \   00000640   272727272751       DC8 39, 39, 39, 39, 39, 81, 0, 0, 36, 31
   \              0000241F    
   \   0000064A   00000000213D       DC8 0, 0, 0, 0, 33, 61, 151, 0, 22, 3
   \              97001603    
   \   00000654   0F100E910101       DC8 15, 16, 14, 145, 1, 1, 1, 1, 160, 170
   \              0101A0AA    
   \   0000065E   00069F210000       DC8 0, 6, 159, 33, 0, 0, 0, 40, 136, 0
   \              00288800    
   \   00000668   002801EE191F       DC8 0, 40, 1, 238, 25, 31, 69, 1, 1, 1
   \              45010101    
   \   00000672   014000000046       DC8 1, 64, 0, 0, 0, 70, 1, 1, 56, 0
   \              01013800    
   \   0000067C   000000000000       DC8 0, 0, 0, 0, 0, 0, 0, 133, 155, 154
   \              00859B9A    
   \   00000686   52000000333C       DC8 82, 0, 0, 0, 51, 60, 42, 0, 22, 3
   \              2A001603    
   \   00000690   0F100E3A0101       DC8 15, 16, 14, 58, 1, 1, 1, 1, 90, 25
   \              01015A19    
   \   0000069A   000E3800001A       DC8 0, 14, 56, 0, 0, 26, 0, 135, 128, 0
   \              00878000    
   \   000006A4   319E01480000       DC8 49, 158, 1, 72, 0, 0, 98, 1, 1, 1
   \              62010101    
   \   000006AE   014000000054       DC8 1, 64, 0, 0, 0, 84, 1, 1, 56, 0
   \              01013800    
   \   000006B8   000000000000       DC8 0, 0, 0, 0, 0, 0, 0, 139, 1, 1
   \              008B0101    
   \   000006C2   85000000213C       DC8 133, 0, 0, 0, 33, 60, 42, 0, 22, 3
   \              2A001603    
   \   000006CC   0F1016680101       DC8 15, 16, 22, 104, 1, 1, 1, 1, 1, 194
   \              010101C2    
   \   000006D6   005C7E00231B       DC8 0, 92, 126, 0, 35, 27, 0, 25, 16, 0
   \              00191000    
   \   000006E0   062501290000       DC8 6, 37, 1, 41, 0, 0, 65, 1, 1, 1
   \              41010101    
   \   000006EA   014000000054       DC8 1, 64, 0, 0, 0, 84, 1, 1, 159, 57
   \              01019F39    
   \   000006F4   282828288B00       DC8 40, 40, 40, 40, 139, 0, 0, 55, 1, 1
   \              00370101    
   \   000006FE   420000002159       DC8 66, 0, 0, 0, 33, 89, 42, 0, 22, 3
   \              2A001603    
   \   00000708   0F1016680101       DC8 15, 16, 22, 104, 1, 1, 1, 1, 1, 56
   \              01010138    
   \   00000712   001A3100BD53       DC8 0, 26, 49, 0, 189, 83, 0, 38, 38, 0
   \              00262600    
   \   0000071C   610101290000       DC8 97, 1, 1, 41, 0, 0, 65, 1, 1, 1
   \              41010101    
   \   00000726   014000000054       DC8 1, 64, 0, 0, 0, 84, 1, 1, 1, 1
   \              01010101    
   \   00000730   010101017200       DC8 1, 1, 1, 1, 114, 0, 0, 55, 1, 1
   \              00370101    
   \   0000073A   420000002159       DC8 66, 0, 0, 0, 33, 89, 42, 0, 22, 3
   \              2A001603    
   \   00000744   05100C680101       DC8 5, 16, 12, 104, 1, 1, 1, 1, 1, 155
   \              0101019B    
   \   0000074E   26000000CA6C       DC8 38, 0, 0, 0, 202, 108, 0, 0, 0, 0
   \              00000000    
   \   00000758   460101290000       DC8 70, 1, 1, 41, 0, 0, 65, 1, 1, 1
   \              41010101    
   \   00000762   018100000046       DC8 1, 129, 0, 0, 0, 70, 1, 1, 164, 115
   \              0101A473    
   \   0000076C   585858586D00       DC8 88, 88, 88, 88, 109, 0, 0, 55, 1, 1
   \              00370101    
   \   00000776   42000000213C       DC8 66, 0, 0, 0, 33, 60, 42, 0, 22, 3
   \              2A001603    
   \   00000780   05100C3A0101       DC8 5, 16, 12, 58, 1, 1, 1, 1, 1, 61
   \              0101013D    
   \   0000078A   230000003A57       DC8 35, 0, 0, 0, 58, 87, 26, 0, 0, 26
   \              1A00001A    
   \   00000794   F20101290000       DC8 242, 1, 1, 41, 0, 0, 65, 1, 1, 1
   \              41010101    
   \   0000079E   015200000027       DC8 1, 82, 0, 0, 0, 39, 1, 1, 145, 28
   \              0101911C    
   \   000007A8   1C1C1C334D00       DC8 28, 28, 28, 51, 77, 0, 0, 55, 1, 1
   \              00370101    
   \   000007B2   42000000333C       DC8 66, 0, 0, 0, 51, 60, 42, 0, 22, 3
   \              2A001603    
   \   000007BC   05100C280101       DC8 5, 16, 12, 40, 1, 1, 1, 1, 1, 1
   \              01010101    
   \   000007C6   8000001A9A49       DC8 128, 0, 0, 26, 154, 73, 22, 0, 0, 34
   \              16000022    
   \   000007D0   3C0101290000       DC8 60, 1, 1, 41, 0, 0, 65, 1, 1, 1
   \              41010101    
   \   000007DA   017F00000027       DC8 1, 127, 0, 0, 0, 39, 1, 1, 144, 0
   \              01019000    
   \   000007E4   000000000000       DC8 0, 0, 0, 0, 0, 0, 0, 55, 1, 1
   \              00370101    
   \   000007EE   42000000213D       DC8 66, 0, 0, 0, 33, 61, 42, 0, 22, 3
   \              2A001603    
   \   000007F8   05104E8E0101       DC8 5, 16, 78, 142, 1, 1, 1, 1, 1, 1
   \              01010101    
   \   00000802   6500004D3B01       DC8 101, 0, 0, 77, 59, 1, 3, 0, 0, 123
   \              0300007B    
   \   0000080C   010101EA0000       DC8 1, 1, 1, 234, 0, 0, 97, 1, 1, 1
   \              61010101    
   \   00000816   012F00000038       DC8 1, 47, 0, 0, 0, 56, 1, 1, 106, 0
   \              01016A00    
   \   00000820   000000000000       DC8 0, 0, 0, 0, 0, 0, 0, 226, 1, 1
   \              00E20101    
   \   0000082A   870000005F01       DC8 135, 0, 0, 0, 95, 1, 42, 0, 22, 3
   \              2A001603    
   \   00000834   05100E620101       DC8 5, 16, 14, 98, 1, 1, 1, 1, 1, 1
   \              01010101    
   \   0000083E   9DC6438C0101       DC8 157, 198, 67, 140, 1, 1, 57, 67, 67, 148
   \              39434394    
   \   00000848   01010156C744       DC8 1, 1, 1, 86, 199, 68, 58, 1, 1, 1
   \              3A010101    
   \   00000852   A2210000007D       DC8 162, 33, 0, 0, 0, 125, 69, 69, 127, 0
   \              45457F00    
   \   0000085C   000000000000       DC8 0, 0, 0, 0, 0, 0, 0, 185, 102, 102
   \              00B96666    
   \   00000866   080000008201       DC8 8, 0, 0, 0, 130, 1, 57, 0, 14, 3
   \              39000E03    
   \   00000870   05100B095701       DC8 5, 16, 11, 9, 87, 1, 1, 1, 1, 1
   \              01010101    
   \   0000087A   010101010101       DC8 1, 1, 1, 1, 1, 1, 1, 1, 1, 1
   \              01010101    
   \   00000884   010101010101       DC8 1, 1, 1, 1, 1, 1, 1, 1, 1, 1
   \              01010101    
   \   0000088E   8C0000000000       DC8 140, 0, 0, 0, 0, 0, 0, 0, 0, 0
   \              00000000    
   \   00000898   000000000000       DC8 0, 0, 0, 0, 0, 0, 0, 0, 0, 0
   \              00000000    
   \   000008A2   000000307101       DC8 0, 0, 0, 48, 113, 1, 188, 0, 14, 3
   \              BC000E03    
   \   000008AC   05102C0B4401       DC8 5, 16, 44, 11, 68, 1, 1, 1, 1, 1
   \              01010101    
   \   000008B6   010101010101       DC8 1, 1, 1, 1, 1, 1, 1, 1, 1, 1
   \              01010101    
   \   000008C0   010101010101       DC8 1, 1, 1, 1, 1, 1, 1, 1, 1, 250
   \              010101FA    
   \   000008CA   780000000000       DC8 120, 0, 0, 0, 0, 0, 0, 0, 0, 0
   \              00000000    
   \   000008D4   000000000000       DC8 0, 0, 0, 0, 0, 0, 0, 0, 0, 0
   \              00000000    
   \   000008DE   0000008D016A       DC8 0, 0, 0, 141, 1, 106, 26, 0, 14, 3
   \              1A000E03    
   \   000008E8   050634063590       DC8 5, 6, 52, 6, 53, 144, 1, 1, 1, 1
   \              01010101    
   \   000008F2   010101010101       DC8 1, 1, 1, 1, 1, 1, 1, 1, 1, 1
   \              01010101    
   \   000008FC   010101010101       DC8 1, 1, 1, 1, 1, 1, 1, 1, 74, 186
   \              01014ABA    
   \   00000906   000000000000       DC8 0, 0, 0, 0, 0, 0, 0, 0, 0, 0
   \              00000000    
   \   00000910   000000000000       DC8 0, 0, 0, 0, 0, 0, 0, 0, 0, 0
   \              00000000    
   \   0000091A   00328F015577       DC8 0, 50, 143, 1, 85, 119, 0, 0, 14, 3
   \              00000E03    
   \   00000924   050634061006       DC8 5, 6, 52, 6, 16, 6, 57, 1, 1, 1
   \              39010101    
   \   0000092E   010101010101       DC8 1, 1, 1, 1, 1, 1, 1, 1, 1, 1
   \              01010101    
   \   00000938   010101010101       DC8 1, 1, 1, 1, 1, 1, 1, 73, 68, 49
   \              01494431    
   \   00000942   151515151515       DC8 21, 21, 21, 21, 21, 21, 21, 21, 21, 21
   \              15151515    
   \   0000094C   151515151515       DC8 21, 21, 21, 21, 21, 21, 21, 28, 21, 29
   \              151C151D    
   \   00000956   82F401712200       DC8 130, 244, 1, 113, 34, 0, 0, 0, 14, 3
   \              00000E03    
   \   00000960   050634060D09       DC8 5, 6, 52, 6, 13, 9, 45, 83, 161, 1
   \              2D53A101    
   \   0000096A   010101010101       DC8 1, 1, 1, 1, 1, 1, 1, 1, 1, 1
   \              01010101    
   \   00000974   010101010101       DC8 1, 1, 1, 1, 1, 1, 1, 74, 87, 24
   \              014A5718    
   \   0000097E   181818181818       DC8 24, 24, 24, 24, 24, 24, 24, 24, 24, 24
   \              18181818    
   \   00000988   18181873743B       DC8 24, 24, 24, 115, 116, 59, 59, 59, 59, 1
   \              3B3B3B01    
   \   00000992   015A27330000       DC8 1, 90, 39, 51, 0, 0, 0, 0, 14, 3
   \              00000E03    
   \   0000099C   05060B050914       DC8 5, 6, 11, 5, 9, 20, 13, 35, 18, 83
   \              0D231253    
   \   000009A6   6C9870707098       DC8 108, 152, 112, 112, 112, 152, 73, 1, 1, 1
   \              49010101    
   \   000009B0   010101010101       DC8 1, 1, 1, 1, 1, 1, 1, 1, 1, 1
   \              01010101    
   \   000009BA   010101010101       DC8 1, 1, 1, 1, 1, 1, 1, 1, 1, 1
   \              01010101    
   \   000009C4   010101019748       DC8 1, 1, 1, 1, 151, 72, 110, 110, 149, 57
   \              6E6E9539    
   \   000009CE   430F00000000       DC8 67, 15, 0, 0, 0, 0, 0, 0, 14, 3
   \              00000E03    
   \   000009D8   05060B050914       DC8 5, 6, 11, 5, 9, 20, 20, 20, 17, 53
   \              14141135    
   \   000009E2   350F0505050B       DC8 53, 15, 5, 5, 5, 11, 83, 1, 1, 1
   \              53010101    
   \   000009EC   010101010101       DC8 1, 1, 1, 1, 1, 1, 1, 1, 1, 1
   \              01010101    
   \   000009F6   010101010101       DC8 1, 1, 1, 1, 1, 1, 1, 1, 1, 1
   \              01010101    
   \   00000A00   010101670000       DC8 1, 1, 1, 103, 0, 0, 0, 0, 0, 0
   \              00000000    
   \   00000A0A   000000000000       DC8 0, 0, 0, 0, 0, 0, 0, 0, 14, 3
   \              00000E03    
   \   00000A14   05060B05110D       DC8 5, 6, 11, 5, 17, 13, 13, 13, 13, 13
   \              0D0D0D0D    
   \   00000A1E   0D0D0D0D0D09       DC8 13, 13, 13, 13, 13, 9, 44, 101, 1, 1
   \              2C650101    
   \   00000A28   010101010101       DC8 1, 1, 1, 1, 1, 1, 1, 1, 1, 1
   \              01010101    
   \   00000A32   010101010101       DC8 1, 1, 1, 1, 1, 1, 1, 1, 1, 1
   \              01010101    
   \   00000A3C   010147000000       DC8 1, 1, 71, 0, 0, 0, 0, 0, 0, 0
   \              00000000    
   \   00000A46   000000000000       DC8 0, 0, 0, 0, 0, 0, 0, 0, 14, 3
   \              00000E03    
   \   00000A50   05060B05110D       DC8 5, 6, 11, 5, 17, 13, 13, 13, 13, 13
   \              0D0D0D0D    
   \   00000A5A   0D0D0D0D0D0D       DC8 13, 13, 13, 13, 13, 13, 9, 44, 69, 43
   \              092C452B    
   \   00000A64   010101010101       DC8 1, 1, 1, 1, 1, 1, 1, 1, 1, 1
   \              01010101    
   \   00000A6E   010101010101       DC8 1, 1, 1, 1, 1, 1, 1, 1, 1, 1
   \              01010101    
   \   00000A78   016400000000       DC8 1, 100, 0, 0, 0, 0, 0, 0, 0, 0
   \              00000000    
   \   00000A82   0000000076B4       DC8 0, 0, 0, 0, 118, 180, 165, 0, 14, 3
   \              A5000E03    
   \   00000A8C   05060B05110D       DC8 5, 6, 11, 5, 17, 13, 13, 13, 13, 13
   \              0D0D0D0D    
   \   00000A96   0D0D0D0D0D0D       DC8 13, 13, 13, 13, 13, 13, 20, 20, 44, 81
   \              14142C51    
   \   00000AA0   F50101010101       DC8 245, 1, 1, 1, 1, 1, 1, 1, 1, 1
   \              01010101    
   \   00000AAA   010101010101       DC8 1, 1, 1, 1, 1, 1, 1, 1, 1, 24
   \              01010118    
   \   00000AB4   C00000000000       DC8 192, 0, 0, 0, 0, 0, 0, 0, 0, 0
   \              00000000    
   \   00000ABE   000000AFDAD2       DC8 0, 0, 0, 175, 218, 210, 0, 0, 14, 3
   \              00000E03    
   \   00000AC8   05061D0F1009       DC8 5, 6, 29, 15, 16, 9, 9, 9, 9, 9
   \              09090909    
   \   00000AD2   0909090D1414       DC8 9, 9, 9, 13, 20, 20, 16, 11, 28, 0
   \              100B1C00    
   \   00000ADC   336574010101       DC8 51, 101, 116, 1, 1, 1, 1, 1, 1, 1
   \              01010101    
   \   00000AE6   010101010101       DC8 1, 1, 1, 1, 1, 1, 1, 164, 70, 94
   \              01A4465E    
   \   00000AF0   000000000000       DC8 0, 0, 0, 0, 0, 0, 0, 0, 0, 0
   \              00000000    
   \   00000AFA   0000B0DC13CD       DC8 0, 0, 176, 220, 19, 205, 0, 0, 14, 3
   \              00000E03    
   \   00000B04   05061D0F100D       DC8 5, 6, 29, 15, 16, 13, 13, 13, 20, 20
   \              0D0D1414    
   \   00000B0E   1714090F221C       DC8 23, 20, 9, 15, 34, 28, 63, 0, 0, 0
   \              3F000000    
   \   00000B18   00005FE15601       DC8 0, 0, 95, 225, 86, 1, 1, 1, 1, 1
   \              01010101    
   \   00000B22   010101010157       DC8 1, 1, 1, 1, 1, 87, 103, 17, 0, 0
   \              67110000    
   \   00000B2C   000000000000       DC8 0, 0, 0, 0, 0, 0, 0, 0, 0, 0
   \              00000000    
   \   00000B36   00ACDB1313D0       DC8 0, 172, 219, 19, 19, 208, 0, 0, 14, 3
   \              00000E03    
   \   00000B40   0506221E0610       DC8 5, 6, 34, 30, 6, 16, 6, 15, 53, 11
   \              060F350B    
   \   00000B4A   0E1C4C260000       DC8 14, 28, 76, 38, 0, 0, 0, 0, 0, 0
   \              00000000    
   \   00000B54   000000004C02       DC8 0, 0, 0, 0, 76, 2, 68, 143, 41, 111
   \              448F296F    
   \   00000B5E   6F9538C9505C       DC8 111, 149, 56, 201, 80, 92, 0, 0, 0, 0
   \              00000000    
   \   00000B68   000000000000       DC8 0, 0, 0, 0, 0, 0, 0, 0, 0, 0
   \              00000000    
   \   00000B72   A789131313D6       DC8 167, 137, 19, 19, 19, 214, 0, 0, 14, 3
   \              00000E03    
   \   00000B7C   06353031313F       DC8 6, 53, 48, 49, 49, 63, 48, 26, 0, 0
   \              301A0000    
   \   00000B86   000000000000       DC8 0, 0, 0, 0, 0, 0, 0, 0, 0, 0
   \              00000000    
   \   00000B90   000000000000       DC8 0, 0, 0, 0, 0, 0, 0, 0, 0, 0
   \              00000000    
   \   00000B9A   000000000000       DC8 0, 0, 0, 0, 0, 0, 0, 0, 0, 0
   \              00000000    
   \   00000BA4   000000000000       DC8 0, 0, 0, 0, 0, 0, 169, 0, 0, 0
   \              A9000000    
   \   00000BAE   B8131313D1AD       DC8 184, 19, 19, 19, 209, 173, 0, 0, 14, 3
   \              00000E03    
   \   00000BB8   062300000000       DC8 6, 35, 0, 0, 0, 0, 0, 0, 0, 0
   \              00000000    
   \   00000BC2   000000000000       DC8 0, 0, 0, 0, 0, 0, 0, 0, 0, 0
   \              00000000    
   \   00000BCC   000000000000       DC8 0, 0, 0, 0, 0, 0, 0, 0, 0, 0
   \              00000000    
   \   00000BD6   000000000000       DC8 0, 0, 0, 0, 0, 0, 0, 0, 0, 0
   \              00000000    
   \   00000BE0   00000000A6B5       DC8 0, 0, 0, 0, 166, 181, 138, 177, 0, 174
   \              8AB100AE    
   \   00000BEA   DE1313B70000       DC8 222, 19, 19, 183, 0, 0, 0, 0, 14, 3
   \              00000E03    
   \   00000BF4   062300000000       DC8 6, 35, 0, 0, 0, 0, 0, 0, 0, 0
   \              00000000    
   \   00000BFE   000000000000       DC8 0, 0, 0, 0, 0, 0, 0, 0, 0, 0
   \              00000000    
   \   00000C08   000000000000       DC8 0, 0, 0, 0, 0, 0, 0, 0, 0, 0
   \              00000000    
   \   00000C12   000000000000       DC8 0, 0, 0, 0, 0, 0, 0, 0, 0, 0
   \              00000000    
   \   00000C1C   00000079D813       DC8 0, 0, 0, 121, 216, 19, 19, 213, 0, 211
   \              13D500D3    
   \   00000C26   1313B6000000       DC8 19, 19, 182, 0, 0, 0, 0, 0, 14, 3
   \              00000E03    
   \   00000C30   062300000000       DC8 6, 35, 0, 0, 0, 0, 0, 0, 0, 0
   \              00000000    
   \   00000C3A   000000000000       DC8 0, 0, 0, 0, 0, 0, 0, 0, 0, 0
   \              00000000    
   \   00000C44   000000000000       DC8 0, 0, 0, 0, 0, 0, 0, 0, 0, 0
   \              00000000    
   \   00000C4E   000000000000       DC8 0, 0, 0, 0, 0, 0, 0, 0, 0, 0
   \              00000000    
   \   00000C58   000000ABCCDD       DC8 0, 0, 0, 171, 204, 221, 19, 19, 206, 223
   \              1313CEDF    
   \   00000C62   13CF00000000       DC8 19, 207, 0, 0, 0, 0, 0, 0, 14, 3
   \              00000E03    
   \   00000C6C   100500000000       DC8 16, 5, 0, 0, 0, 0, 0, 0, 0, 0
   \              00000000    
   \   00000C76   000000000000       DC8 0, 0, 0, 0, 0, 0, 0, 0, 0, 0
   \              00000000    
   \   00000C80   000000000000       DC8 0, 0, 0, 0, 0, 0, 0, 0, 0, 0
   \              00000000    
   \   00000C8A   000000000000       DC8 0, 0, 0, 0, 0, 0, 0, 0, 0, 0
   \              00000000    
   \   00000C94   000000000079       DC8 0, 0, 0, 0, 0, 121, 217, 19, 19, 19
   \              D9131313    
   \   00000C9E   D40000000000       DC8 212, 0, 0, 0, 0, 0, 0, 0, 29, 10
   \              00001D0A    
   \   00000CA8   5F1B1A000000       DC8 95, 27, 26, 0, 0, 0, 0, 0, 0, 0
   \              00000000    
   \   00000CB2   000000000000       DC8 0, 0, 0, 0, 0, 0, 0, 0, 0, 0
   \              00000000    
   \   00000CBC   000000000000       DC8 0, 0, 0, 0, 0, 0, 0, 0, 0, 0
   \              00000000    
   \   00000CC6   000000000000       DC8 0, 0, 0, 0, 0, 0, 0, 0, 0, 0
   \              00000000    
   \   00000CD0   000000000000       DC8 0, 0, 0, 0, 0, 0, 118, 215, 19, 138
   \              76D7138A    
   \   00000CDA   750000000000       DC8 117, 0, 0, 0, 0, 0, 0, 0, 23, 9
   \              00001709    
   \   00000CE4   1C2F16000000       DC8 28, 47, 22, 0, 0, 0, 0, 0, 0, 0
   \              00000000    
   \   00000CEE   000000000000       DC8 0, 0, 0, 0, 0, 0, 0, 0, 0, 0
   \              00000000    
   \   00000CF8   000000000000       DC8 0, 0, 0, 0, 0, 0, 0, 0, 0, 0
   \              00000000    
   \   00000D02   000000000000       DC8 0, 0, 0, 0, 0, 0, 0, 0, 0, 0
   \              00000000    
   \   00000D0C   000000000000       DC8 0, 0, 0, 0, 0, 0, 0, 117, 137, 179
   \              007589B3    
   \   00000D16   000000000000       DC8 0, 0, 0, 0, 0, 0, 0, 50, 47, 79
   \              00322F4F    
   \   00000D20   1A0D044C0000       DC8 26, 13, 4, 76, 0, 0, 0, 0, 0, 0
   \              00000000    
   \   00000D2A   000000000000       DC8 0, 0, 0, 0, 0, 0, 0, 0, 0, 0
   \              00000000    
   \   00000D34   000000000000       DC8 0, 0, 0, 0, 0, 0, 0, 0, 0, 0
   \              00000000    
   \   00000D3E   000000000000       DC8 0, 0, 0, 0, 0, 0, 0, 0, 0, 0
   \              00000000    
   \   00000D48   000000000000       DC8 0, 0, 0, 0, 0, 0, 0, 0, 168, 0
   \              0000A800    
   \   00000D52   000000000000       DC8 0, 0, 0, 0, 0, 0, 75, 3, 27, 75
   \              4B031B4B    
   \   00000D5C   005B02073300       DC8 0, 91, 2, 7, 51, 0, 0, 0, 0, 0
   \              00000000    
   \   00000D66   000000000000       DC8 0, 0, 0, 0, 0, 0, 0, 0, 0, 0
   \              00000000    
   \   00000D70   000000000000       DC8 0, 0, 0, 0, 0, 0, 0, 0, 0, 0
   \              00000000    
   \   00000D7A   000000000000       DC8 0, 0, 0, 0, 0, 0, 0, 0, 0, 0
   \              00000000    
   \   00000D84   000000000000       DC8 0, 0, 0, 0, 0, 0, 0, 0, 0, 0
   \              00000000    
   \   00000D8E   00000000004D       DC8 0, 0, 0, 0, 0, 77, 10, 122, 28, 0
   \              0A7A1C00    
   \   00000D98   00005C1F7A24       DC8 0, 0, 92, 31, 122, 36, 52, 22, 78, 12
   \              34164E0C    
   \   00000DA2   0C0C0C0C0C0C       DC8 12, 12, 12, 12, 12, 12, 12, 12, 12, 12
   \              0C0C0C0C    
   \   00000DAC   0C0C0C0C0C0C       DC8 12, 12, 12, 12, 12, 12, 12, 12, 12, 12
   \              0C0C0C0C    
   \   00000DB6   0C0C0C0C0C0C       DC8 12, 12, 12, 12, 12, 12, 12, 12, 12, 12
   \              0C0C0C0C    
   \   00000DC0   0C0C0C0C0C0C       DC8 12, 12, 12, 12, 12, 12, 12, 12, 12, 12
   \              0C0C0C0C    
   \   00000DCA   0C4E161D142F       DC8 12, 78, 22, 29, 20, 47, 27, 28, 0, 0
   \              1B1C0000    
   \   00000DD4   0000001A1611       DC8 0, 0, 0, 26, 22, 17, 3, 3, 10, 10
   \              03030A0A    
   \   00000DDE   0A0A0A0A0A0A       DC8 10, 10, 10, 10, 10, 10, 10, 10, 10, 10
   \              0A0A0A0A    
   \   00000DE8   0A0A0A0A0A0A       DC8 10, 10, 10, 10, 10, 10, 10, 10, 10, 10
   \              0A0A0A0A    
   \   00000DF2   0A0A0A0A0A0A       DC8 10, 10, 10, 10, 10, 10, 10, 10, 10, 10
   \              0A0A0A0A    
   \   00000DFC   0A0A0A0A0A0A       DC8 10, 10, 10, 10, 10, 10, 10, 10, 10, 10
   \              0A0A0A0A    
   \   00000E06   0A0A03031478       DC8 10, 10, 3, 3, 20, 120, 75, 0, 0, 0
   \              4B000000    
    113            0x00, 0x00, 0x00, 0x00, 0x32, 0x2C, 0x05, 0x05, 0x05, 0x05, 0x05, 0x05, 0x05, 0x05, 0x05, 0x05, 0x05, 0x05, 0x05, 0x05, 0x05, 0x05, 0x05, 0x05, 0x05, 0x05, 0x05, 0x05, 0x05, 0x05, 0x05, 0x05, 0x05, 0x05, 0x05, 0x05, 0x05, 0x05, 0x05, 0x05, 0x05, 0x05, 
    114                  0x05, 0x05, 0x05, 0x05, 0x05, 0x05, 0x05, 0x05, 0x05, 0x05, 0x05, 0x05, 0x34, 0x4D, 0x00, 0x00, 0x00, 0x00,
    115            0x00, 0x00, 0x30, 0x1E, 0x2E, 0x07, 0x17, 0x10, 0x06, 0x06, 0x06, 0x06, 0x06, 0x06, 0x06, 0x06, 0x06, 0x06, 0x06, 0x06, 0x06, 0x06, 0x06, 0x06, 0x06, 0x06, 0x06, 0x06, 0x06, 0x06, 0x06, 0x06, 0x06, 0x06, 0x06, 0x06, 0x06, 0x06, 0x06, 0x06, 0x06, 0x06, 
    116                  0x06, 0x06, 0x06, 0x06, 0x06, 0x06, 0x06, 0x06, 0x06, 0x06, 0x10, 0x17, 0x07, 0x2E, 0x05, 0x3F, 0x00, 0x00,
    117            0x00, 0x30, 0x24, 0x2F, 0x1E, 0x4F, 0x5E, 0x1D, 0x1D, 0x0B, 0x0B, 0x0B, 0x0B, 0x0B, 0x0B, 0x0B, 0x0B, 0x0B, 0x0B, 0x0B, 0x0B, 0x0B, 0x0B, 0x0B, 0x0B, 0x0B, 0x0B, 0x0B, 0x0B, 0x0B, 0x0B, 0x0B, 0x0B, 0x0B, 0x0B, 0x0B, 0x0B, 0x0B, 0x0B, 0x0B, 0x0B, 0x0B, 
    118                  0x0B, 0x0B, 0x0B, 0x0B, 0x0B, 0x0B, 0x0B, 0x0B, 0x0B, 0x1D, 0x1D, 0x5E, 0x4F, 0x2D, 0x50, 0x20, 0x4C, 0x00,
    119            0x00, 0x1E, 0x2F, 0x0B, 0x22, 0x2D, 0x06, 0x10, 0x09, 0x09, 0x09, 0x09, 0x09, 0x09, 0x09, 0x09, 0x09, 0x09, 0x09, 0x09, 0x09, 0x09, 0x09, 0x09, 0x09, 0x09, 0x09, 0x09, 0x09, 0x09, 0x09, 0x09, 0x09, 0x09, 0x09, 0x09, 0x09, 0x09, 0x09, 0x09, 0x09, 0x09, 
    120                  0x09, 0x09, 0x09, 0x09, 0x09, 0x09, 0x09, 0x09, 0x09, 0x09, 0x11, 0x06, 0x2D, 0x22, 0x22, 0xB2, 0x14, 0x00,
    121            0x32, 0x2E, 0x1E, 0x1D, 0x06, 0x0D, 0x19, 0x0A, 0x0A, 0x03, 0x03, 0x03, 0x03, 0x03, 0x03, 0x03, 0x03, 0x03, 0x03, 0x03, 0x03, 0x03, 0x03, 0x03, 0x03, 0x03, 0x03, 0x03, 0x03, 0x03, 0x03, 0x03, 0x03, 0x03, 0x03, 0x03, 0x03, 0x03, 0x03, 0x03, 0x03, 0x03, 
    122                  0x03, 0x03, 0x03, 0x03, 0x03, 0x03, 0x03, 0x03, 0x03, 0x0A, 0x0A, 0x24, 0x0D, 0x06, 0x0B, 0x23, 0x2F, 0x21,
    123            0x2C, 0x07, 0x22, 0x05, 0x17, 0x03, 0x1B, 0x12, 0x12, 0x07, 0x07, 0x07, 0x07, 0x07, 0x07, 0x07, 0x07, 0x07, 0x07, 0x07, 0x07, 0x07, 0x07, 0x07, 0x07, 0x07, 0x07, 0x07, 0x07, 0x07, 0x07, 0x07, 0x07, 0x07, 0x07, 0x07, 0x07, 0x07, 0x07, 0x07, 0x07, 0x07, 
    124                  0x07, 0x07, 0x07, 0x07, 0x07, 0x07, 0x07, 0x07, 0x07, 0x12, 0x12, 0x1B, 0x03, 0x17, 0x06, 0x22, 0x36, 0x05,
    125            0x06, 0x17, 0x2C, 0x14, 0x03, 0x12, 0x02, 0x02, 0x02, 0x04, 0x04, 0x04, 0x04, 0x04, 0x04, 0x04, 0x04, 0x04, 0x04, 0x04, 0x04, 0x04, 0x04, 0x04, 0x04, 0x04, 0x04, 0x04, 0x04, 0x04, 0x04, 0x04, 0x04, 0x04, 0x04, 0x04, 0x04, 0x04, 0x04, 0x04, 0x04, 0x04, 
    126                  0x04, 0x04, 0x04, 0x04, 0x04, 0x04, 0x04, 0x04, 0x04, 0x02, 0x02, 0x02, 0x12, 0x36, 0x14, 0x35, 0x10, 0x19,
    127            0x05, 0x10, 0x1E, 0x24, 0x1B, 0x02, 0x04, 0x04, 0x04, 0x04, 0x04, 0x04, 0x04, 0x04, 0x04, 0x04, 0x04, 0x04, 0x04, 0x04, 0x04, 0x04, 0x04, 0x04, 0x04, 0x04, 0x04, 0x04, 0x04, 0x04, 0x04, 0x04, 0x04, 0x04, 0x04, 0x04, 0x04, 0x04, 0x04, 0x04, 0x04, 0x04, 
    128                  0x04, 0x04, 0x04, 0x04, 0x04, 0x04, 0x04, 0x04, 0x04, 0x04, 0x04, 0x04, 0x02, 0x12, 0x1F, 0x05, 0x1E, 0x0A,
    129            0x0F, 0x11, 0x05, 0x0A, 0x12, 0x02, 0x02, 0x02, 0x02, 0x02, 0x02, 0x02, 0x02, 0x02, 0x02, 0x02, 0x02, 0x02, 0x02, 0x02, 0x02, 0x02, 0x02, 0x02, 0x02, 0x02, 0x02, 0x02, 0x02, 0x02, 0x02, 0x02, 0x02, 0x02, 0x02, 0x02, 0x02, 0x02, 0x02, 0x02, 0x02, 0x02, 
    130                  0x02, 0x02, 0x02, 0x02, 0x02, 0x02, 0x02, 0x02, 0x02, 0x02, 0x02, 0x02, 0x02, 0x12, 0x0A, 0x11, 0x0F, 0x1F,
    131            0x0F, 0x11, 0x06, 0x0A, 0x12, 0x02, 0x02, 0x02, 0x02, 0x02, 0x02, 0x02, 0x02, 0x02, 0x02, 0x02, 0x02, 0x02, 0x02, 0x02, 0x02, 0x02, 0x02, 0x02, 0x02, 0x02, 0x02, 0x02, 0x02, 0x08, 0x08, 0x02, 0x02, 0x02, 0x02, 0x02, 0x02, 0x02, 0x02, 0x02, 0x02, 0x02, 
    132                  0x02, 0x02, 0x02, 0x02, 0x02, 0x02, 0x02, 0x02, 0x02, 0x02, 0x02, 0x02, 0x02, 0x07, 0x03, 0x09, 0x0F, 0x1F,
    133            0x0F, 0x11, 0x06, 0x03, 0x12, 0x02, 0x02, 0x02, 0x02, 0x02, 0x02, 0x02, 0x02, 0x02, 0x02, 0x02, 0x02, 0x02, 0x02, 0x02, 0x02, 0x02, 0x02, 0x02, 0x12, 0x0A, 0x17, 0x19, 0x03, 0x20, 0x20, 0x0A, 0x19, 0x17, 0x0A, 0x07, 0x02, 0x02, 0x02, 0x02, 0x02, 0x02, 
    134                  0x02, 0x02, 0x02, 0x02, 0x02, 0x02, 0x02, 0x02, 0x02, 0x02, 0x02, 0x02, 0x02, 0x07, 0x03, 0x09, 0x05, 0x1F,
    135            0x0F, 0x11, 0x06, 0x03, 0x07, 0x02, 0x02, 0x02, 0x02, 0x02, 0x02, 0x02, 0x02, 0x02, 0x02, 0x02, 0x02, 0x02, 0x02, 0x02, 0x02, 0x08, 0x0A, 0x17, 0x60, 0xC4, 0x8E, 0x92, 0xEF, 0xF3, 0x55, 0xED, 0x69, 0x67, 0x83, 0x50, 0x17, 0x03, 0x08, 0x02, 0x02, 0x02, 
    136                  0x02, 0x02, 0x02, 0x02, 0x02, 0x02, 0x02, 0x02, 0x02, 0x02, 0x02, 0x02, 0x02, 0x08, 0x1B, 0x14, 0x06, 0x1F,
    137            0x0F, 0x11, 0x06, 0x0A, 0x12, 0x08, 0x08, 0x08, 0x08, 0x08, 0x08, 0x08, 0x08, 0x08, 0x08, 0x08, 0x08, 0x08, 0x08, 0x08, 0x03, 0x19, 0x61, 0x3A, 0xF9, 0x01, 0x01, 0x01, 0x01, 0x01, 0x01, 0x01, 0x01, 0x01, 0x01, 0xF8, 0xE7, 0xC1, 0x24, 0x0A, 0x08, 0x08, 
    138                  0x08, 0x08, 0x08, 0x08, 0x08, 0x08, 0x08, 0x08, 0x08, 0x08, 0x04, 0x2E, 0x02, 0x0A, 0x05, 0x1D, 0x23, 0x0A,
    139            0x0F, 0x11, 0x06, 0x0A, 0x12, 0x08, 0x08, 0x08, 0x08, 0x08, 0x08, 0x08, 0x08, 0x08, 0x08, 0x08, 0x08, 0x08, 0x07, 0x14, 0xBE, 0x48, 0x2B, 0x01, 0x01, 0x01, 0x01, 0x01, 0x01, 0x01, 0x01, 0x01, 0x01, 0x01, 0x01, 0x01, 0x01, 0x25, 0x29, 0x51, 0x14, 0x12, 
    140                  0x08, 0x08, 0x08, 0x08, 0x08, 0x08, 0x08, 0x08, 0x04, 0x2E, 0x1F, 0x34, 0x15, 0x4B, 0x00, 0x00, 0x16, 0x03,
    141            0x0F, 0x11, 0x06, 0x0A, 0x12, 0x08, 0x08, 0x08, 0x08, 0x08, 0x08, 0x08, 0x08, 0x08, 0x08, 0x08, 0x08, 0x20, 0x19, 0x64, 0x3B, 0x01, 0x01, 0x01, 0x01, 0x01, 0x01, 0x01, 0x01, 0x01, 0x01, 0x01, 0x01, 0x01, 0x01, 0x01, 0x01, 0x01, 0x01, 0x3D, 0x46, 0x1B, 
    142                  0x0A, 0x08, 0x08, 0x08, 0x08, 0x07, 0x02, 0x2E, 0x17, 0x0C, 0x26, 0x00, 0x00, 0x00, 0x00, 0x00, 0x0E, 0x03,
    143            0x0F, 0x11, 0x05, 0x1F, 0x1B, 0x07, 0x07, 0x07, 0x07, 0x07, 0x07, 0x07, 0x07, 0x07, 0x07, 0x07, 0x36, 0x20, 0x69, 0x01, 0x01, 0x01, 0x01, 0x01, 0x01, 0x01, 0x01, 0x01, 0x01, 0x01, 0x01, 0x01, 0x01, 0x01, 0x01, 0x01, 0x01, 0x01, 0x01, 0x01, 0x01, 0xF1, 
    144                  0x7C, 0x17, 0x08, 0x07, 0x07, 0x04, 0x36, 0x5D, 0x1A, 0x00, 0x00, 0x00, 0x00, 0x00, 0x00, 0x00, 0x0E, 0x03,
    145            0x0F, 0x11, 0x05, 0x1F, 0x1B, 0x07, 0x07, 0x07, 0x07, 0x07, 0x07, 0x07, 0x07, 0x07, 0x07, 0x20, 0x20, 0x96, 0x01, 0x01, 0x01, 0x01, 0x01, 0x01, 0x01, 0x01, 0x01, 0x01, 0x01, 0x01, 0x01, 0x01, 0x01, 0x01, 0x01, 0x01, 0x01, 0x01, 0x01, 0x01, 0x01, 0x01, 
    146                  0xA1, 0x51, 0x14, 0x08, 0x02, 0x2D, 0x3F, 0x00, 0x00, 0x00, 0x00, 0x00, 0x00, 0x00, 0x00, 0x00, 0x0E, 0x03,
    147            0x0F, 0x11, 0x0F, 0x24, 0x20, 0x12, 0x12, 0x12, 0x1B, 0x19, 0x09, 0x0D, 0x0D, 0x0D, 0x09, 0x0D, 0x92, 0x01, 0x01, 0x01, 0x01, 0x01, 0x01, 0x01, 0x01, 0x01, 0x01, 0x01, 0x01, 0x01, 0x01, 0x01, 0x01, 0x01, 0x01, 0x01, 0x01, 0x01, 0x01, 0x01, 0x01, 0x01, 
    148                  0x01, 0xA2, 0xBF, 0x1E, 0x32, 0x00, 0x00, 0x00, 0x00, 0x00, 0x00, 0x00, 0x00, 0x00, 0x00, 0x00, 0x0E, 0x03,
    149            0x0F, 0x11, 0x0F, 0x24, 0x20, 0x12, 0x12, 0x19, 0x0A, 0x83, 0x47, 0x6D, 0x93, 0x6D, 0x6C, 0xEC, 0x01, 0x01, 0x01, 0x01, 0x01, 0x01, 0x01, 0x01, 0x01, 0x01, 0x01, 0x01, 0x01, 0x01, 0x01, 0x01, 0x01, 0x01, 0x01, 0x01, 0x01, 0x01, 0x01, 0x01, 0x01, 0x01, 
    150                  0x01, 0x01, 0xA3, 0xEB, 0x93, 0x94, 0x48, 0x69, 0x63, 0x23, 0x00, 0x00, 0x00, 0x00, 0x00, 0x00, 0x0E, 0x03,
    151            0x0F, 0x11, 0x0F, 0x24, 0x20, 0x12, 0x09, 0x52, 0xF0, 0x01, 0x01, 0x01, 0x01, 0x01, 0x01, 0x01, 0x01, 0x01, 0x01, 0x01, 0x01, 0x01, 0x01, 0x01, 0x01, 0x01, 0x01, 0x01, 0x01, 0x01, 0x01, 0x01, 0x01, 0x01, 0x01, 0x01, 0x01, 0x3E, 0x25, 0x25, 0x25, 0x25, 
    152                  0x25, 0x4A, 0x01, 0x01, 0x01, 0x01, 0x01, 0x01, 0x01, 0x59, 0x45, 0x3F, 0x00, 0x00, 0x00, 0x00, 0x0E, 0x03,
    153            0x0F, 0x11, 0x1E, 0x19, 0x36, 0x11, 0x63, 0x59, 0x01, 0x01, 0x01, 0x01, 0x01, 0x01, 0x01, 0x01, 0x01, 0x01, 0x01, 0x01, 0x01, 0x01, 0x01, 0x01, 0x01, 0x01, 0x01, 0x01, 0x01, 0x01, 0x01, 0x01, 0x01, 0x01, 0x01, 0xE9, 0x7E, 0x17, 0x06, 0x10, 0x10, 0x10, 
    154                  0x10, 0x05, 0x05, 0x05, 0x05, 0x09, 0x09, 0x50, 0x37, 0x73, 0x01, 0x29, 0x15, 0x00, 0x00, 0x00, 0x0E, 0x03,
    155            0x0F, 0x11, 0x1E, 0x19, 0x06, 0x44, 0x2B, 0x01, 0x01, 0x01, 0x01, 0x01, 0x01, 0x01, 0x01, 0x01, 0x01, 0x01, 0x01, 0x01, 0x01, 0x01, 0x01, 0x01, 0x01, 0x01, 0x01, 0x01, 0x01, 0x01, 0x01, 0x01, 0x01, 0xFE, 0x52, 0x00, 0x00, 0x00, 0x00, 0x00, 0x00, 0x00, 
    156                  0x00, 0x00, 0x00, 0x00, 0x00, 0x00, 0x00, 0x00, 0x00, 0x0C, 0x39, 0x01, 0x6B, 0x1A, 0x00, 0x00, 0x0E, 0x03,
    157            0x0F, 0x10, 0x1E, 0x06, 0x7D, 0x74, 0x01, 0x01, 0x01, 0x01, 0x01, 0x01, 0x01, 0x01, 0x01, 0x01, 0x01, 0x01, 0x01, 0x01, 0x01, 0x01, 0x01, 0x01, 0x01, 0x01, 0x01, 0x01, 0x01, 0x01, 0x01, 0x01, 0x3D, 0x7B, 0x00, 0x00, 0x00, 0x00, 0x00, 0x00, 0x00, 0x00, 
    158                  0x00, 0x00, 0x00, 0x00, 0x00, 0x00, 0x00, 0x00, 0x00, 0x00, 0x00, 0xE6, 0x01, 0xC5, 0x00, 0x00, 0x0E, 0x03,
    159            0x0F, 0x10, 0x2D, 0x2D, 0x6E, 0x01, 0x01, 0x3E, 0x9C, 0x55, 0x55, 0xA3, 0x01, 0xFF, 0x72, 0x9C, 0x18, 0x01, 0x25, 0xF6, 0x9D, 0x56, 0x4A, 0xFB, 0xC3, 0x7C, 0x6B, 0x01, 0x01, 0x01, 0x01, 0x01, 0x43, 0x00, 0x00, 0x0B, 0x19, 0x17, 0x17, 0x14, 0x11, 0x11, 
    160                  0x11, 0x11, 0x11, 0x4F, 0x00, 0x17, 0xE8, 0x6A, 0x36, 0x00, 0x00, 0x32, 0xA0, 0xFC, 0x77, 0x00, 0x0E, 0x03,
    161            0x0F, 0x10, 0x0B, 0xBB, 0x25, 0x01, 0x01, 0x3E, 0x2E, 0x00, 0x00, 0x66, 0x01, 0x54, 0x26, 0x26, 0x60, 0x01, 0x72, 0x5B, 0x31, 0x4E, 0x3C, 0xE0, 0x00, 0x00, 0x5B, 0xFD, 0x01, 0x01, 0x01, 0x71, 0x26, 0x00, 0x00, 0xE4, 0x3E, 0x3E, 0x3E, 0x5A, 0x2B, 0x2B, 
    162                  0x2B, 0x2B, 0x2B, 0x8D, 0x00, 0x6F, 0x01, 0x01, 0x99, 0x00, 0x00, 0x00, 0x86, 0x01, 0x84, 0x00, 0x0E, 0x03,
    163            0x0F, 0x10, 0x5D, 0x64, 0x01, 0x01, 0x01, 0x01, 0xC8, 0x00, 0x00, 0x84, 0x01, 0x62, 0x00, 0x00, 0x0C, 0x4A, 0x48, 0x00, 0x00, 0x03, 0x01, 0x96, 0x0E, 0x30, 0x81, 0x49, 0x01, 0x01, 0x01, 0x53, 0x00, 0x00, 0x00, 0x47, 0x01, 0x01, 0x01, 0x01, 0x01, 0x01, 
    164                  0x01, 0x01, 0x01, 0xE5, 0x00, 0x63, 0x3D, 0x49, 0xCB, 0x00, 0x00, 0x00, 0x0F, 0x01, 0x3A, 0x00, 0x0E, 0x03,
    165            0x0F, 0x10, 0x5D, 0x28, 0x01, 0x01, 0x01, 0x01, 0x6B, 0x00, 0x00, 0x60, 0x01, 0x03, 0x00, 0x00, 0x00, 0x9E, 0x47, 0x00, 0x00, 0x86, 0x01, 0x01, 0xF7, 0x99, 0x5A, 0x01, 0x01, 0x01, 0x01, 0x40, 0x00, 0x00, 0x00, 0x47, 0x01, 0x01, 0x56, 0xE3, 0x27, 0x27, 
    166                  0x27, 0x27, 0x27, 0x51, 0x00, 0x00, 0x24, 0x1F, 0x00, 0x00, 0x00, 0x00, 0x21, 0x3D, 0x97, 0x00, 0x16, 0x03,
    167            0x0F, 0x10, 0x0E, 0x91, 0x01, 0x01, 0x01, 0x01, 0xA0, 0xAA, 0x00, 0x06, 0x9F, 0x21, 0x00, 0x00, 0x00, 0x28, 0x88, 0x00, 0x00, 0x28, 0x01, 0xEE, 0x19, 0x1F, 0x45, 0x01, 0x01, 0x01, 0x01, 0x40, 0x00, 0x00, 0x00, 0x46, 0x01, 0x01, 0x38, 0x00, 0x00, 0x00, 
    168                  0x00, 0x00, 0x00, 0x00, 0x00, 0x85, 0x9B, 0x9A, 0x52, 0x00, 0x00, 0x00, 0x33, 0x3C, 0x2A, 0x00, 0x16, 0x03,
    169            0x0F, 0x10, 0x0E, 0x3A, 0x01, 0x01, 0x01, 0x01, 0x5A, 0x19, 0x00, 0x0E, 0x38, 0x00, 0x00, 0x1A, 0x00, 0x87, 0x80, 0x00, 0x31, 0x9E, 0x01, 0x48, 0x00, 0x00, 0x62, 0x01, 0x01, 0x01, 0x01, 0x40, 0x00, 0x00, 0x00, 0x54, 0x01, 0x01, 0x38, 0x00, 0x00, 0x00, 
    170                  0x00, 0x00, 0x00, 0x00, 0x00, 0x8B, 0x01, 0x01, 0x85, 0x00, 0x00, 0x00, 0x21, 0x3C, 0x2A, 0x00, 0x16, 0x03,
    171            0x0F, 0x10, 0x16, 0x68, 0x01, 0x01, 0x01, 0x01, 0x01, 0xC2, 0x00, 0x5C, 0x7E, 0x00, 0x23, 0x1B, 0x00, 0x19, 0x10, 0x00, 0x06, 0x25, 0x01, 0x29, 0x00, 0x00, 0x41, 0x01, 0x01, 0x01, 0x01, 0x40, 0x00, 0x00, 0x00, 0x54, 0x01, 0x01, 0x9F, 0x39, 0x28, 0x28, 
    172                  0x28, 0x28, 0x8B, 0x00, 0x00, 0x37, 0x01, 0x01, 0x42, 0x00, 0x00, 0x00, 0x21, 0x59, 0x2A, 0x00, 0x16, 0x03,
    173            0x0F, 0x10, 0x16, 0x68, 0x01, 0x01, 0x01, 0x01, 0x01, 0x38, 0x00, 0x1A, 0x31, 0x00, 0xBD, 0x53, 0x00, 0x26, 0x26, 0x00, 0x61, 0x01, 0x01, 0x29, 0x00, 0x00, 0x41, 0x01, 0x01, 0x01, 0x01, 0x40, 0x00, 0x00, 0x00, 0x54, 0x01, 0x01, 0x01, 0x01, 0x01, 0x01, 
    174                  0x01, 0x01, 0x72, 0x00, 0x00, 0x37, 0x01, 0x01, 0x42, 0x00, 0x00, 0x00, 0x21, 0x59, 0x2A, 0x00, 0x16, 0x03,
    175            0x05, 0x10, 0x0C, 0x68, 0x01, 0x01, 0x01, 0x01, 0x01, 0x9B, 0x26, 0x00, 0x00, 0x00, 0xCA, 0x6C, 0x00, 0x00, 0x00, 0x00, 0x46, 0x01, 0x01, 0x29, 0x00, 0x00, 0x41, 0x01, 0x01, 0x01, 0x01, 0x81, 0x00, 0x00, 0x00, 0x46, 0x01, 0x01, 0xA4, 0x73, 0x58, 0x58, 
    176                  0x58, 0x58, 0x6D, 0x00, 0x00, 0x37, 0x01, 0x01, 0x42, 0x00, 0x00, 0x00, 0x21, 0x3C, 0x2A, 0x00, 0x16, 0x03,
    177            0x05, 0x10, 0x0C, 0x3A, 0x01, 0x01, 0x01, 0x01, 0x01, 0x3D, 0x23, 0x00, 0x00, 0x00, 0x3A, 0x57, 0x1A, 0x00, 0x00, 0x1A, 0xF2, 0x01, 0x01, 0x29, 0x00, 0x00, 0x41, 0x01, 0x01, 0x01, 0x01, 0x52, 0x00, 0x00, 0x00, 0x27, 0x01, 0x01, 0x91, 0x1C, 0x1C, 0x1C, 
    178                  0x1C, 0x33, 0x4D, 0x00, 0x00, 0x37, 0x01, 0x01, 0x42, 0x00, 0x00, 0x00, 0x33, 0x3C, 0x2A, 0x00, 0x16, 0x03,
    179            0x05, 0x10, 0x0C, 0x28, 0x01, 0x01, 0x01, 0x01, 0x01, 0x01, 0x80, 0x00, 0x00, 0x1A, 0x9A, 0x49, 0x16, 0x00, 0x00, 0x22, 0x3C, 0x01, 0x01, 0x29, 0x00, 0x00, 0x41, 0x01, 0x01, 0x01, 0x01, 0x7F, 0x00, 0x00, 0x00, 0x27, 0x01, 0x01, 0x90, 0x00, 0x00, 0x00, 
    180                  0x00, 0x00, 0x00, 0x00, 0x00, 0x37, 0x01, 0x01, 0x42, 0x00, 0x00, 0x00, 0x21, 0x3D, 0x2A, 0x00, 0x16, 0x03,
    181            0x05, 0x10, 0x4E, 0x8E, 0x01, 0x01, 0x01, 0x01, 0x01, 0x01, 0x65, 0x00, 0x00, 0x4D, 0x3B, 0x01, 0x03, 0x00, 0x00, 0x7B, 0x01, 0x01, 0x01, 0xEA, 0x00, 0x00, 0x61, 0x01, 0x01, 0x01, 0x01, 0x2F, 0x00, 0x00, 0x00, 0x38, 0x01, 0x01, 0x6A, 0x00, 0x00, 0x00, 
    182                  0x00, 0x00, 0x00, 0x00, 0x00, 0xE2, 0x01, 0x01, 0x87, 0x00, 0x00, 0x00, 0x5F, 0x01, 0x2A, 0x00, 0x16, 0x03,
    183            0x05, 0x10, 0x0E, 0x62, 0x01, 0x01, 0x01, 0x01, 0x01, 0x01, 0x9D, 0xC6, 0x43, 0x8C, 0x01, 0x01, 0x39, 0x43, 0x43, 0x94, 0x01, 0x01, 0x01, 0x56, 0xC7, 0x44, 0x3A, 0x01, 0x01, 0x01, 0xA2, 0x21, 0x00, 0x00, 0x00, 0x7D, 0x45, 0x45, 0x7F, 0x00, 0x00, 0x00, 
    184                  0x00, 0x00, 0x00, 0x00, 0x00, 0xB9, 0x66, 0x66, 0x08, 0x00, 0x00, 0x00, 0x82, 0x01, 0x39, 0x00, 0x0E, 0x03,
    185            0x05, 0x10, 0x0B, 0x09, 0x57, 0x01, 0x01, 0x01, 0x01, 0x01, 0x01, 0x01, 0x01, 0x01, 0x01, 0x01, 0x01, 0x01, 0x01, 0x01, 0x01, 0x01, 0x01, 0x01, 0x01, 0x01, 0x01, 0x01, 0x01, 0x01, 0x8C, 0x00, 0x00, 0x00, 0x00, 0x00, 0x00, 0x00, 0x00, 0x00, 0x00, 0x00, 
    186                  0x00, 0x00, 0x00, 0x00, 0x00, 0x00, 0x00, 0x00, 0x00, 0x00, 0x00, 0x30, 0x71, 0x01, 0xBC, 0x00, 0x0E, 0x03,
    187            0x05, 0x10, 0x2C, 0x0B, 0x44, 0x01, 0x01, 0x01, 0x01, 0x01, 0x01, 0x01, 0x01, 0x01, 0x01, 0x01, 0x01, 0x01, 0x01, 0x01, 0x01, 0x01, 0x01, 0x01, 0x01, 0x01, 0x01, 0x01, 0x01, 0xFA, 0x78, 0x00, 0x00, 0x00, 0x00, 0x00, 0x00, 0x00, 0x00, 0x00, 0x00, 0x00, 
    188                  0x00, 0x00, 0x00, 0x00, 0x00, 0x00, 0x00, 0x00, 0x00, 0x00, 0x00, 0x8D, 0x01, 0x6A, 0x1A, 0x00, 0x0E, 0x03,
    189            0x05, 0x06, 0x34, 0x06, 0x35, 0x90, 0x01, 0x01, 0x01, 0x01, 0x01, 0x01, 0x01, 0x01, 0x01, 0x01, 0x01, 0x01, 0x01, 0x01, 0x01, 0x01, 0x01, 0x01, 0x01, 0x01, 0x01, 0x01, 0x4A, 0xBA, 0x00, 0x00, 0x00, 0x00, 0x00, 0x00, 0x00, 0x00, 0x00, 0x00, 0x00, 0x00, 
    190                  0x00, 0x00, 0x00, 0x00, 0x00, 0x00, 0x00, 0x00, 0x00, 0x32, 0x8F, 0x01, 0x55, 0x77, 0x00, 0x00, 0x0E, 0x03,
    191            0x05, 0x06, 0x34, 0x06, 0x10, 0x06, 0x39, 0x01, 0x01, 0x01, 0x01, 0x01, 0x01, 0x01, 0x01, 0x01, 0x01, 0x01, 0x01, 0x01, 0x01, 0x01, 0x01, 0x01, 0x01, 0x01, 0x01, 0x49, 0x44, 0x31, 0x15, 0x15, 0x15, 0x15, 0x15, 0x15, 0x15, 0x15, 0x15, 0x15, 0x15, 0x15, 
    192                  0x15, 0x15, 0x15, 0x15, 0x15, 0x1C, 0x15, 0x1D, 0x82, 0xF4, 0x01, 0x71, 0x22, 0x00, 0x00, 0x00, 0x0E, 0x03,
    193            0x05, 0x06, 0x34, 0x06, 0x0D, 0x09, 0x2D, 0x53, 0xA1, 0x01, 0x01, 0x01, 0x01, 0x01, 0x01, 0x01, 0x01, 0x01, 0x01, 0x01, 0x01, 0x01, 0x01, 0x01, 0x01, 0x01, 0x01, 0x4A, 0x57, 0x18, 0x18, 0x18, 0x18, 0x18, 0x18, 0x18, 0x18, 0x18, 0x18, 0x18, 0x18, 0x18, 
    194                  0x18, 0x73, 0x74, 0x3B, 0x3B, 0x3B, 0x3B, 0x01, 0x01, 0x5A, 0x27, 0x33, 0x00, 0x00, 0x00, 0x00, 0x0E, 0x03,
    195            0x05, 0x06, 0x0B, 0x05, 0x09, 0x14, 0x0D, 0x23, 0x12, 0x53, 0x6C, 0x98, 0x70, 0x70, 0x70, 0x98, 0x49, 0x01, 0x01, 0x01, 0x01, 0x01, 0x01, 0x01, 0x01, 0x01, 0x01, 0x01, 0x01, 0x01, 0x01, 0x01, 0x01, 0x01, 0x01, 0x01, 0x01, 0x01, 0x01, 0x01, 0x01, 0x01, 
    196                  0x01, 0x01, 0x97, 0x48, 0x6E, 0x6E, 0x95, 0x39, 0x43, 0x0F, 0x00, 0x00, 0x00, 0x00, 0x00, 0x00, 0x0E, 0x03,
    197            0x05, 0x06, 0x0B, 0x05, 0x09, 0x14, 0x14, 0x14, 0x11, 0x35, 0x35, 0x0F, 0x05, 0x05, 0x05, 0x0B, 0x53, 0x01, 0x01, 0x01, 0x01, 0x01, 0x01, 0x01, 0x01, 0x01, 0x01, 0x01, 0x01, 0x01, 0x01, 0x01, 0x01, 0x01, 0x01, 0x01, 0x01, 0x01, 0x01, 0x01, 0x01, 0x01, 
    198                  0x01, 0x67, 0x00, 0x00, 0x00, 0x00, 0x00, 0x00, 0x00, 0x00, 0x00, 0x00, 0x00, 0x00, 0x00, 0x00, 0x0E, 0x03,
    199            0x05, 0x06, 0x0B, 0x05, 0x11, 0x0D, 0x0D, 0x0D, 0x0D, 0x0D, 0x0D, 0x0D, 0x0D, 0x0D, 0x0D, 0x09, 0x2C, 0x65, 0x01, 0x01, 0x01, 0x01, 0x01, 0x01, 0x01, 0x01, 0x01, 0x01, 0x01, 0x01, 0x01, 0x01, 0x01, 0x01, 0x01, 0x01, 0x01, 0x01, 0x01, 0x01, 0x01, 0x01, 
    200                  0x47, 0x00, 0x00, 0x00, 0x00, 0x00, 0x00, 0x00, 0x00, 0x00, 0x00, 0x00, 0x00, 0x00, 0x00, 0x00, 0x0E, 0x03,
    201            0x05, 0x06, 0x0B, 0x05, 0x11, 0x0D, 0x0D, 0x0D, 0x0D, 0x0D, 0x0D, 0x0D, 0x0D, 0x0D, 0x0D, 0x0D, 0x09, 0x2C, 0x45, 0x2B, 0x01, 0x01, 0x01, 0x01, 0x01, 0x01, 0x01, 0x01, 0x01, 0x01, 0x01, 0x01, 0x01, 0x01, 0x01, 0x01, 0x01, 0x01, 0x01, 0x01, 0x01, 0x64, 
    202                  0x00, 0x00, 0x00, 0x00, 0x00, 0x00, 0x00, 0x00, 0x00, 0x00, 0x00, 0x00, 0x76, 0xB4, 0xA5, 0x00, 0x0E, 0x03,
    203            0x05, 0x06, 0x0B, 0x05, 0x11, 0x0D, 0x0D, 0x0D, 0x0D, 0x0D, 0x0D, 0x0D, 0x0D, 0x0D, 0x0D, 0x0D, 0x14, 0x14, 0x2C, 0x51, 0xF5, 0x01, 0x01, 0x01, 0x01, 0x01, 0x01, 0x01, 0x01, 0x01, 0x01, 0x01, 0x01, 0x01, 0x01, 0x01, 0x01, 0x01, 0x01, 0x18, 0xC0, 0x00, 
    204                  0x00, 0x00, 0x00, 0x00, 0x00, 0x00, 0x00, 0x00, 0x00, 0x00, 0x00, 0xAF, 0xDA, 0xD2, 0x00, 0x00, 0x0E, 0x03,
    205            0x05, 0x06, 0x1D, 0x0F, 0x10, 0x09, 0x09, 0x09, 0x09, 0x09, 0x09, 0x09, 0x09, 0x0D, 0x14, 0x14, 0x10, 0x0B, 0x1C, 0x00, 0x33, 0x65, 0x74, 0x01, 0x01, 0x01, 0x01, 0x01, 0x01, 0x01, 0x01, 0x01, 0x01, 0x01, 0x01, 0x01, 0x01, 0xA4, 0x46, 0x5E, 0x00, 0x00, 
    206                  0x00, 0x00, 0x00, 0x00, 0x00, 0x00, 0x00, 0x00, 0x00, 0x00, 0xB0, 0xDC, 0x13, 0xCD, 0x00, 0x00, 0x0E, 0x03,
    207            0x05, 0x06, 0x1D, 0x0F, 0x10, 0x0D, 0x0D, 0x0D, 0x14, 0x14, 0x17, 0x14, 0x09, 0x0F, 0x22, 0x1C, 0x3F, 0x00, 0x00, 0x00, 0x00, 0x00, 0x5F, 0xE1, 0x56, 0x01, 0x01, 0x01, 0x01, 0x01, 0x01, 0x01, 0x01, 0x01, 0x01, 0x57, 0x67, 0x11, 0x00, 0x00, 0x00, 0x00, 
    208                  0x00, 0x00, 0x00, 0x00, 0x00, 0x00, 0x00, 0x00, 0x00, 0xAC, 0xDB, 0x13, 0x13, 0xD0, 0x00, 0x00, 0x0E, 0x03,
    209            0x05, 0x06, 0x22, 0x1E, 0x06, 0x10, 0x06, 0x0F, 0x35, 0x0B, 0x0E, 0x1C, 0x4C, 0x26, 0x00, 0x00, 0x00, 0x00, 0x00, 0x00, 0x00, 0x00, 0x00, 0x00, 0x4C, 0x02, 0x44, 0x8F, 0x29, 0x6F, 0x6F, 0x95, 0x38, 0xC9, 0x50, 0x5C, 0x00, 0x00, 0x00, 0x00, 0x00, 0x00, 
    210                  0x00, 0x00, 0x00, 0x00, 0x00, 0x00, 0x00, 0x00, 0xA7, 0x89, 0x13, 0x13, 0x13, 0xD6, 0x00, 0x00, 0x0E, 0x03,
    211            0x06, 0x35, 0x30, 0x31, 0x31, 0x3F, 0x30, 0x1A, 0x00, 0x00, 0x00, 0x00, 0x00, 0x00, 0x00, 0x00, 0x00, 0x00, 0x00, 0x00, 0x00, 0x00, 0x00, 0x00, 0x00, 0x00, 0x00, 0x00, 0x00, 0x00, 0x00, 0x00, 0x00, 0x00, 0x00, 0x00, 0x00, 0x00, 0x00, 0x00, 0x00, 0x00, 
    212                  0x00, 0x00, 0x00, 0x00, 0xA9, 0x00, 0x00, 0x00, 0xB8, 0x13, 0x13, 0x13, 0xD1, 0xAD, 0x00, 0x00, 0x0E, 0x03,
    213            0x06, 0x23, 0x00, 0x00, 0x00, 0x00, 0x00, 0x00, 0x00, 0x00, 0x00, 0x00, 0x00, 0x00, 0x00, 0x00, 0x00, 0x00, 0x00, 0x00, 0x00, 0x00, 0x00, 0x00, 0x00, 0x00, 0x00, 0x00, 0x00, 0x00, 0x00, 0x00, 0x00, 0x00, 0x00, 0x00, 0x00, 0x00, 0x00, 0x00, 0x00, 0x00, 
    214                  0x00, 0x00, 0xA6, 0xB5, 0x8A, 0xB1, 0x00, 0xAE, 0xDE, 0x13, 0x13, 0xB7, 0x00, 0x00, 0x00, 0x00, 0x0E, 0x03,
    215            0x06, 0x23, 0x00, 0x00, 0x00, 0x00, 0x00, 0x00, 0x00, 0x00, 0x00, 0x00, 0x00, 0x00, 0x00, 0x00, 0x00, 0x00, 0x00, 0x00, 0x00, 0x00, 0x00, 0x00, 0x00, 0x00, 0x00, 0x00, 0x00, 0x00, 0x00, 0x00, 0x00, 0x00, 0x00, 0x00, 0x00, 0x00, 0x00, 0x00, 0x00, 0x00, 
    216                  0x00, 0x79, 0xD8, 0x13, 0x13, 0xD5, 0x00, 0xD3, 0x13, 0x13, 0xB6, 0x00, 0x00, 0x00, 0x00, 0x00, 0x0E, 0x03,
    217            0x06, 0x23, 0x00, 0x00, 0x00, 0x00, 0x00, 0x00, 0x00, 0x00, 0x00, 0x00, 0x00, 0x00, 0x00, 0x00, 0x00, 0x00, 0x00, 0x00, 0x00, 0x00, 0x00, 0x00, 0x00, 0x00, 0x00, 0x00, 0x00, 0x00, 0x00, 0x00, 0x00, 0x00, 0x00, 0x00, 0x00, 0x00, 0x00, 0x00, 0x00, 0x00, 
    218                  0x00, 0xAB, 0xCC, 0xDD, 0x13, 0x13, 0xCE, 0xDF, 0x13, 0xCF, 0x00, 0x00, 0x00, 0x00, 0x00, 0x00, 0x0E, 0x03,
    219            0x10, 0x05, 0x00, 0x00, 0x00, 0x00, 0x00, 0x00, 0x00, 0x00, 0x00, 0x00, 0x00, 0x00, 0x00, 0x00, 0x00, 0x00, 0x00, 0x00, 0x00, 0x00, 0x00, 0x00, 0x00, 0x00, 0x00, 0x00, 0x00, 0x00, 0x00, 0x00, 0x00, 0x00, 0x00, 0x00, 0x00, 0x00, 0x00, 0x00, 0x00, 0x00, 
    220                  0x00, 0x00, 0x00, 0x79, 0xD9, 0x13, 0x13, 0x13, 0xD4, 0x00, 0x00, 0x00, 0x00, 0x00, 0x00, 0x00, 0x1D, 0x0A,
    221            0x5F, 0x1B, 0x1A, 0x00, 0x00, 0x00, 0x00, 0x00, 0x00, 0x00, 0x00, 0x00, 0x00, 0x00, 0x00, 0x00, 0x00, 0x00, 0x00, 0x00, 0x00, 0x00, 0x00, 0x00, 0x00, 0x00, 0x00, 0x00, 0x00, 0x00, 0x00, 0x00, 0x00, 0x00, 0x00, 0x00, 0x00, 0x00, 0x00, 0x00, 0x00, 0x00, 
    222                  0x00, 0x00, 0x00, 0x00, 0x76, 0xD7, 0x13, 0x8A, 0x75, 0x00, 0x00, 0x00, 0x00, 0x00, 0x00, 0x00, 0x17, 0x09,
    223            0x1C, 0x2F, 0x16, 0x00, 0x00, 0x00, 0x00, 0x00, 0x00, 0x00, 0x00, 0x00, 0x00, 0x00, 0x00, 0x00, 0x00, 0x00, 0x00, 0x00, 0x00, 0x00, 0x00, 0x00, 0x00, 0x00, 0x00, 0x00, 0x00, 0x00, 0x00, 0x00, 0x00, 0x00, 0x00, 0x00, 0x00, 0x00, 0x00, 0x00, 0x00, 0x00, 
    224                  0x00, 0x00, 0x00, 0x00, 0x00, 0x75, 0x89, 0xB3, 0x00, 0x00, 0x00, 0x00, 0x00, 0x00, 0x00, 0x32, 0x2F, 0x4F,
    225            0x1A, 0x0D, 0x04, 0x4C, 0x00, 0x00, 0x00, 0x00, 0x00, 0x00, 0x00, 0x00, 0x00, 0x00, 0x00, 0x00, 0x00, 0x00, 0x00, 0x00, 0x00, 0x00, 0x00, 0x00, 0x00, 0x00, 0x00, 0x00, 0x00, 0x00, 0x00, 0x00, 0x00, 0x00, 0x00, 0x00, 0x00, 0x00, 0x00, 0x00, 0x00, 0x00, 
    226                  0x00, 0x00, 0x00, 0x00, 0x00, 0x00, 0xA8, 0x00, 0x00, 0x00, 0x00, 0x00, 0x00, 0x00, 0x4B, 0x03, 0x1B, 0x4B,
    227            0x00, 0x5B, 0x02, 0x07, 0x33, 0x00, 0x00, 0x00, 0x00, 0x00, 0x00, 0x00, 0x00, 0x00, 0x00, 0x00, 0x00, 0x00, 0x00, 0x00, 0x00, 0x00, 0x00, 0x00, 0x00, 0x00, 0x00, 0x00, 0x00, 0x00, 0x00, 0x00, 0x00, 0x00, 0x00, 0x00, 0x00, 0x00, 0x00, 0x00, 0x00, 0x00, 
    228                  0x00, 0x00, 0x00, 0x00, 0x00, 0x00, 0x00, 0x00, 0x00, 0x00, 0x00, 0x00, 0x00, 0x4D, 0x0A, 0x7A, 0x1C, 0x00,
    229            0x00, 0x00, 0x5C, 0x1F, 0x7A, 0x24, 0x34, 0x16, 0x4E, 0x0C, 0x0C, 0x0C, 0x0C, 0x0C, 0x0C, 0x0C, 0x0C, 0x0C, 0x0C, 0x0C, 0x0C, 0x0C, 0x0C, 0x0C, 0x0C, 0x0C, 0x0C, 0x0C, 0x0C, 0x0C, 0x0C, 0x0C, 0x0C, 0x0C, 0x0C, 0x0C, 0x0C, 0x0C, 0x0C, 0x0C, 0x0C, 0x0C, 
    230                  0x0C, 0x0C, 0x0C, 0x0C, 0x0C, 0x0C, 0x0C, 0x0C, 0x0C, 0x4E, 0x16, 0x1D, 0x14, 0x2F, 0x1B, 0x1C, 0x00, 0x00,
    231            0x00, 0x00, 0x00, 0x1A, 0x16, 0x11, 0x03, 0x03, 0x0A, 0x0A, 0x0A, 0x0A, 0x0A, 0x0A, 0x0A, 0x0A, 0x0A, 0x0A, 0x0A, 0x0A, 0x0A, 0x0A, 0x0A, 0x0A, 0x0A, 0x0A, 0x0A, 0x0A, 0x0A, 0x0A, 0x0A, 0x0A, 0x0A, 0x0A, 0x0A, 0x0A, 0x0A, 0x0A, 0x0A, 0x0A, 0x0A, 0x0A, 
    232                  0x0A, 0x0A, 0x0A, 0x0A, 0x0A, 0x0A, 0x0A, 0x0A, 0x0A, 0x0A, 0x03, 0x03, 0x14, 0x78, 0x4B, 0x00, 0x00, 0x00
    233          };
    234          

   \                                 In section .rodata, align 4, keep-with-next
    235          GUI_CONST_STORAGE GUI_BITMAP bmWiFiEnabledIcon = {
   \                     bmWiFiEnabledIcon:
   \   00000000                      ; Initializer data, 20 bytes
   \   00000000   3C003C003C00       DC16 60, 60, 60, 8
   \              0800        
   \   00000008   ............       DC32 acWiFiEnabledIcon, PalWiFiEnabledIcon
   \              ....        
   \   00000010   00000000           DC8 0, 0, 0, 0
    236            60, /* XSize */
    237            60, /* YSize */
    238            60, /* BytesPerLine */
    239            8, /* BitsPerPixel */
    240            acWiFiEnabledIcon,  /* Pointer to picture data (indices) */
    241            &PalWiFiEnabledIcon  /* Pointer to palette */
    242          };
    243          
    244          /* *** End of file *** */


   Section sizes:

     Function/Label        Bytes
     --------------        -----
     ColorsWiFiEnabledIcon 1024
     PalWiFiEnabledIcon      12
     acWiFiEnabledIcon     3600
     bmWiFiEnabledIcon       20

 
 4 656 bytes in section .rodata
 
 4 656 bytes of CONST memory

Errors: none
Warnings: none
