###############################################################################
#                                                                             #
# IAR ANSI C/C++ Compiler V6.10.2.52244/W32 for ARM     19/Nov/2015  13:09:15 #
# Copyright 1999-2010 IAR Systems AB.                                         #
#                                                                             #
#    Cpu mode     =  arm                                                      #
#    Endian       =  little                                                   #
#    Source file  =  C:\DUII\TargetHW\GUI\WM__GetFocussedChild.c              #
#    Command line =  C:\DUII\TargetHW\GUI\WM__GetFocussedChild.c -D DEBUG=1   #
#                    -D SDRAM_TARGET=1 -D USB_IS_HIGH_SPEED -D NOPROFILER -D  #
#                    OS_TRACE=0 -D OS_VIEW_ENABLE=0 -lCN                      #
#                    C:\DUII\TargetHW\Release\List\ -o                        #
#                    C:\DUII\TargetHW\Release\Obj\ --endian=little            #
#                    --cpu=ARM926EJ-S -e --fpu=None --dlib_config             #
#                    "C:\Program Files (x86)\IAR Systems\Embedded Workbench   #
#                    6.0\arm\INC\c\DLib_Config_Normal.h" -I                   #
#                    C:\DUII\TargetHW\Application\SEGGERDEMO\ -I              #
#                    C:\DUII\TargetHW\Application\SEGGERDEMO\Src\ -I          #
#                    C:\DUII\TargetHW\Config\ -I C:\DUII\TargetHW\FS\ -I      #
#                    C:\DUII\TargetHW\GUI\ -I C:\DUII\TargetHW\Inc\ -I        #
#                    C:\DUII\TargetHW\OS\ -I C:\DUII\TargetHW\Setup\ -I       #
#                    \DUII\DUII\ -I \DUII\DUII\Graphics\ --cpu_mode arm -Ohs  #
#                    --use_c++_inline --require_prototypes                    #
#    List file    =  C:\DUII\TargetHW\Release\List\WM__GetFocussedChild.lst   #
#    Object file  =  C:\DUII\TargetHW\Release\Obj\WM__GetFocussedChild.o      #
#                                                                             #
#                                                                             #
###############################################################################

C:\DUII\TargetHW\GUI\WM__GetFocussedChild.c
      1          /*********************************************************************
      2          *                SEGGER Microcontroller GmbH & Co. KG                *
      3          *        Solutions for real time microcontroller applications        *
      4          **********************************************************************
      5          *                                                                    *
      6          *        (c) 1996 - 2010  SEGGER Microcontroller GmbH & Co. KG       *
      7          *                                                                    *
      8          *        Internet: www.segger.com    Support:  support@segger.com    *
      9          *                                                                    *
     10          **********************************************************************
     11          
     12          ** emWin V5.06 - Graphical user interface for embedded applications **
     13          emWin is protected by international copyright laws.   Knowledge of the
     14          source code may not be used to write a similar product.  This file may
     15          only be used in accordance with a license and should not be re-
     16          distributed in any way. We appreciate your understanding and fairness.
     17          ----------------------------------------------------------------------
     18          File        : WM__GetFocussedChild.c
     19          Purpose     : Implementation of WM__GetFocussedChild
     20          ----------------------------------------------------------------------
     21          */
     22          
     23          #include "WM_Intern.h"
     24          
     25          #if GUI_WINSUPPORT    /* If 0, WM will not generate any code */
     26          
     27          /*********************************************************************
     28          *
     29          *       Public code
     30          *
     31          **********************************************************************
     32          */
     33          /*********************************************************************
     34          *
     35          *       WM__GetFocussedChild
     36          */

   \                                 In section .text, align 4, keep-with-next
     37          WM_HWIN WM__GetFocussedChild(WM_HWIN hWin) {
   \                     WM__GetFocussedChild:
   \   00000000   70402DE9           PUSH     {R4-R6,LR}
     38            WM_HWIN r = 0;
     39            if (WM__IsChild(WM__ahWinFocus[WM__TOUCHED_LAYER] , hWin)) {
   \   00000004   28509FE5           LDR      R5,??WM__GetFocussedChild_0
   \   00000008   0010A0E1           MOV      R1,R0
   \   0000000C   24609FE5           LDR      R6,??WM__GetFocussedChild_0+0x4
   \   00000010   000095E5           LDR      R0,[R5, #+0]
   \   00000014   0040A0E3           MOV      R4,#+0
   \   00000018   000196E7           LDR      R0,[R6, +R0, LSL #+2]
   \   0000001C   ........           BL       WM__IsChild
   \   00000020   000050E3           CMP      R0,#+0
     40              r = WM__ahWinFocus[WM__TOUCHED_LAYER] ;
   \   00000024   00009515           LDRNE    R0,[R5, #+0]
   \   00000028   00419617           LDRNE    R4,[R6, +R0, LSL #+2]
     41            }
     42            return r;
   \   0000002C   0400A0E1           MOV      R0,R4
   \   00000030   7080BDE8           POP      {R4-R6,PC}       ;; return
   \                     ??WM__GetFocussedChild_0:
   \   00000034   ........           DC32     WM__TouchedLayer
   \   00000038   ........           DC32     WM__ahWinFocus
     43          }
     44          
     45          #else
     46            void WM__GetFocussedChild_C(void) {} /* avoid empty object files */
     47          #endif
     48          
     49          /*************************** End of file ****************************/

   Maximum stack usage in bytes:

     Function             .cstack
     --------             -------
     WM__GetFocussedChild     16


   Section sizes:

     Function/Label       Bytes
     --------------       -----
     WM__GetFocussedChild   60

 
 60 bytes in section .text
 
 60 bytes of CODE memory

Errors: none
Warnings: none
