###############################################################################
#                                                                             #
# IAR ANSI C/C++ Compiler V6.10.2.52244/W32 for ARM     19/Nov/2015  13:12:23 #
# Copyright 1999-2010 IAR Systems AB.                                         #
#                                                                             #
#    Cpu mode     =  arm                                                      #
#    Endian       =  little                                                   #
#    Source file  =  C:\DUII\TargetHW\GUI\WM__SendMessageNoPara.c             #
#    Command line =  C:\DUII\TargetHW\GUI\WM__SendMessageNoPara.c -D DEBUG=1  #
#                    -D SDRAM_TARGET=1 -D USB_IS_HIGH_SPEED -D NOPROFILER -D  #
#                    OS_TRACE=0 -D OS_VIEW_ENABLE=0 -lCN                      #
#                    C:\DUII\TargetHW\Release\List\ -o                        #
#                    C:\DUII\TargetHW\Release\Obj\ --endian=little            #
#                    --cpu=ARM926EJ-S -e --fpu=None --dlib_config             #
#                    "C:\Program Files (x86)\IAR Systems\Embedded Workbench   #
#                    6.0\arm\INC\c\DLib_Config_Normal.h" -I                   #
#                    C:\DUII\TargetHW\Application\SEGGERDEMO\ -I              #
#                    C:\DUII\TargetHW\Application\SEGGERDEMO\Src\ -I          #
#                    C:\DUII\TargetHW\Config\ -I C:\DUII\TargetHW\FS\ -I      #
#                    C:\DUII\TargetHW\GUI\ -I C:\DUII\TargetHW\Inc\ -I        #
#                    C:\DUII\TargetHW\OS\ -I C:\DUII\TargetHW\Setup\ -I       #
#                    \DUII\DUII\ -I \DUII\DUII\Graphics\ --cpu_mode arm -Ohs  #
#                    --use_c++_inline --require_prototypes                    #
#    List file    =  C:\DUII\TargetHW\Release\List\WM__SendMessageNoPara.lst  #
#    Object file  =  C:\DUII\TargetHW\Release\Obj\WM__SendMessageNoPara.o     #
#                                                                             #
#                                                                             #
###############################################################################

C:\DUII\TargetHW\GUI\WM__SendMessageNoPara.c
      1          /*********************************************************************
      2          *                SEGGER Microcontroller GmbH & Co. KG                *
      3          *        Solutions for real time microcontroller applications        *
      4          **********************************************************************
      5          *                                                                    *
      6          *        (c) 1996 - 2010  SEGGER Microcontroller GmbH & Co. KG       *
      7          *                                                                    *
      8          *        Internet: www.segger.com    Support:  support@segger.com    *
      9          *                                                                    *
     10          **********************************************************************
     11          
     12          ** emWin V5.06 - Graphical user interface for embedded applications **
     13          emWin is protected by international copyright laws.   Knowledge of the
     14          source code may not be used to write a similar product.  This file may
     15          only be used in accordance with a license and should not be re-
     16          distributed in any way. We appreciate your understanding and fairness.
     17          ----------------------------------------------------------------------
     18          File        : WM__SendMessageNoPara.c
     19          Purpose     : Implementation of WM__SendMessageNoPara
     20          ----------------------------------------------------------------------
     21          */
     22          
     23          #include <stddef.h>           /* needed for definition of NULL */
     24          #include "WM_Intern.h"
     25          
     26          #if GUI_WINSUPPORT    /* If 0, WM will not generate any code */
     27          
     28          /*********************************************************************
     29          *
     30          *       Public code
     31          *
     32          **********************************************************************
     33          */
     34          /*********************************************************************
     35          *
     36          *       WM__SendMessageNoPara
     37          */

   \                                 In section .text, align 4, keep-with-next
     38          void WM__SendMessageNoPara(WM_HWIN hWin, int MsgId) {
   \                     WM__SendMessageNoPara:
   \   00000000   30402DE9           PUSH     {R4,R5,LR}
   \   00000004   14D04DE2           SUB      SP,SP,#+20
   \   00000008   0040A0E1           MOV      R4,R0
   \   0000000C   0150A0E1           MOV      R5,R1
     39            WM_MESSAGE Msg = {0};
   \   00000010   0D00A0E1           MOV      R0,SP
   \   00000014   0010A0E3           MOV      R1,#+0
   \   00000018   0020A0E3           MOV      R2,#+0
   \   0000001C   0030A0E3           MOV      R3,#+0
   \   00000020   00C0A0E3           MOV      R12,#+0
   \   00000024   0E10A0E8           STM      R0!,{R1-R3,R12}
     40            WM_Obj* pWin = WM_HANDLE2PTR(hWin);
   \   00000028   0400A0E1           MOV      R0,R4
   \   0000002C   ........           BL       GUI_ALLOC_h2p
     41            if (pWin->cb != NULL) {
   \   00000030   101090E5           LDR      R1,[R0, #+16]
   \   00000034   000051E3           CMP      R1,#+0
   \   00000038   0300000A           BEQ      ??WM__SendMessageNoPara_0
     42              Msg.hWin  = hWin;
   \   0000003C   04408DE5           STR      R4,[SP, #+4]
     43              Msg.MsgId = MsgId;
   \   00000040   00508DE5           STR      R5,[SP, #+0]
     44              (*pWin->cb)(&Msg);
   \   00000044   0D00A0E1           MOV      R0,SP
   \   00000048   31FF2FE1           BLX      R1
     45            }
     46          }
   \                     ??WM__SendMessageNoPara_0:
   \   0000004C   14D08DE2           ADD      SP,SP,#+20       ;; stack cleaning
   \   00000050   3080BDE8           POP      {R4,R5,PC}       ;; return

   \                                 In section .rodata, align 4, keep-with-next
   \                     `?<Constant {0}>`:
   \   00000000                      ; Initializer data, 16 bytes
   \   00000000   00000000           DC32 0
   \   00000004   000000000000       DC8 0, 0, 0, 0, 0, 0, 0, 0, 0, 0
   \              00000000    
   \   0000000E   0000               DC8 0, 0
     47          
     48          #else
     49            void WM__SendMessageNoPara_c(void);
     50            void WM__SendMessageNoPara_c(void) {} /* avoid empty object files */
     51          #endif
     52          
     53          /*************************** End of file ****************************/

   Maximum stack usage in bytes:

     Function              .cstack
     --------              -------
     WM__SendMessageNoPara     32


   Section sizes:

     Function/Label        Bytes
     --------------        -----
     WM__SendMessageNoPara   84
     ?<Constant {0}>         16

 
 16 bytes in section .rodata
 84 bytes in section .text
 
 84 bytes of CODE  memory
 16 bytes of CONST memory

Errors: none
Warnings: none
