###############################################################################
#                                                                             #
# IAR ANSI C/C++ Compiler V6.10.2.52244/W32 for ARM     19/Nov/2015  13:16:41 #
# Copyright 1999-2010 IAR Systems AB.                                         #
#                                                                             #
#    Cpu mode     =  arm                                                      #
#    Endian       =  little                                                   #
#    Source file  =  C:\DUII\TargetHW\GUI\WM_HasFocus.c                       #
#    Command line =  C:\DUII\TargetHW\GUI\WM_HasFocus.c -D DEBUG=1 -D         #
#                    SDRAM_TARGET=1 -D USB_IS_HIGH_SPEED -D NOPROFILER -D     #
#                    OS_TRACE=0 -D OS_VIEW_ENABLE=0 -lCN                      #
#                    C:\DUII\TargetHW\Release\List\ -o                        #
#                    C:\DUII\TargetHW\Release\Obj\ --endian=little            #
#                    --cpu=ARM926EJ-S -e --fpu=None --dlib_config             #
#                    "C:\Program Files (x86)\IAR Systems\Embedded Workbench   #
#                    6.0\arm\INC\c\DLib_Config_Normal.h" -I                   #
#                    C:\DUII\TargetHW\Application\SEGGERDEMO\ -I              #
#                    C:\DUII\TargetHW\Application\SEGGERDEMO\Src\ -I          #
#                    C:\DUII\TargetHW\Config\ -I C:\DUII\TargetHW\FS\ -I      #
#                    C:\DUII\TargetHW\GUI\ -I C:\DUII\TargetHW\Inc\ -I        #
#                    C:\DUII\TargetHW\OS\ -I C:\DUII\TargetHW\Setup\ -I       #
#                    \DUII\DUII\ -I \DUII\DUII\Graphics\ --cpu_mode arm -Ohs  #
#                    --use_c++_inline --require_prototypes                    #
#    List file    =  C:\DUII\TargetHW\Release\List\WM_HasFocus.lst            #
#    Object file  =  C:\DUII\TargetHW\Release\Obj\WM_HasFocus.o               #
#                                                                             #
#                                                                             #
###############################################################################

C:\DUII\TargetHW\GUI\WM_HasFocus.c
      1          /*********************************************************************
      2          *                SEGGER Microcontroller GmbH & Co. KG                *
      3          *        Solutions for real time microcontroller applications        *
      4          **********************************************************************
      5          *                                                                    *
      6          *        (c) 1996 - 2010  SEGGER Microcontroller GmbH & Co. KG       *
      7          *                                                                    *
      8          *        Internet: www.segger.com    Support:  support@segger.com    *
      9          *                                                                    *
     10          **********************************************************************
     11          
     12          ** emWin V5.06 - Graphical user interface for embedded applications **
     13          emWin is protected by international copyright laws.   Knowledge of the
     14          source code may not be used to write a similar product.  This file may
     15          only be used in accordance with a license and should not be re-
     16          distributed in any way. We appreciate your understanding and fairness.
     17          ----------------------------------------------------------------------
     18          File        : WM_HasFocus.c
     19          Purpose     : Windows manager, add. module
     20          ----------------------------------------------------------------------
     21          */
     22          
     23          #include "WM_Intern.h"
     24          
     25          #if GUI_WINSUPPORT    /* If 0, WM will not generate any code */
     26          
     27          /*********************************************************************
     28          *
     29          *       Public code
     30          *
     31          **********************************************************************
     32          */
     33          /*********************************************************************
     34          *
     35          *       WM_HasFocus
     36          */

   \                                 In section .text, align 4, keep-with-next
     37          int WM_HasFocus(WM_HWIN hWin) {
     38            return hWin == WM__ahWinFocus[WM__TOUCHED_LAYER] ;
   \                     WM_HasFocus:
   \   00000000   20109FE5           LDR      R1,??WM_HasFocus_0
   \   00000004   20209FE5           LDR      R2,??WM_HasFocus_0+0x4
   \   00000008   001091E5           LDR      R1,[R1, #+0]
   \   0000000C   011192E7           LDR      R1,[R2, +R1, LSL #+2]
   \   00000010   010050E1           CMP      R0,R1
   \   00000014   0100001A           BNE      ??WM_HasFocus_1
   \   00000018   0100A0E3           MOV      R0,#+1
   \   0000001C   1EFF2FE1           BX       LR
   \                     ??WM_HasFocus_1:
   \   00000020   0000A0E3           MOV      R0,#+0
   \   00000024   1EFF2FE1           BX       LR               ;; return
   \                     ??WM_HasFocus_0:
   \   00000028   ........           DC32     WM__TouchedLayer
   \   0000002C   ........           DC32     WM__ahWinFocus
     39          }
     40          
     41          #else
     42            void WM_HasFocus_C(void) {} /* avoid empty object files */
     43          #endif   /* GUI_WINSUPPORT */
     44          
     45          /*************************** End of file ****************************/

   Maximum stack usage in bytes:

     Function    .cstack
     --------    -------
     WM_HasFocus      0


   Section sizes:

     Function/Label Bytes
     -------------- -----
     WM_HasFocus      48

 
 48 bytes in section .text
 
 48 bytes of CODE memory

Errors: none
Warnings: none
