###############################################################################
#                                                                             #
# IAR ANSI C/C++ Compiler V6.10.2.52244/W32 for ARM     19/Nov/2015  13:16:42 #
# Copyright 1999-2010 IAR Systems AB.                                         #
#                                                                             #
#    Cpu mode     =  arm                                                      #
#    Endian       =  little                                                   #
#    Source file  =  C:\DUII\TargetHW\GUI\WM_IsFocussable.c                   #
#    Command line =  C:\DUII\TargetHW\GUI\WM_IsFocussable.c -D DEBUG=1 -D     #
#                    SDRAM_TARGET=1 -D USB_IS_HIGH_SPEED -D NOPROFILER -D     #
#                    OS_TRACE=0 -D OS_VIEW_ENABLE=0 -lCN                      #
#                    C:\DUII\TargetHW\Release\List\ -o                        #
#                    C:\DUII\TargetHW\Release\Obj\ --endian=little            #
#                    --cpu=ARM926EJ-S -e --fpu=None --dlib_config             #
#                    "C:\Program Files (x86)\IAR Systems\Embedded Workbench   #
#                    6.0\arm\INC\c\DLib_Config_Normal.h" -I                   #
#                    C:\DUII\TargetHW\Application\SEGGERDEMO\ -I              #
#                    C:\DUII\TargetHW\Application\SEGGERDEMO\Src\ -I          #
#                    C:\DUII\TargetHW\Config\ -I C:\DUII\TargetHW\FS\ -I      #
#                    C:\DUII\TargetHW\GUI\ -I C:\DUII\TargetHW\Inc\ -I        #
#                    C:\DUII\TargetHW\OS\ -I C:\DUII\TargetHW\Setup\ -I       #
#                    \DUII\DUII\ -I \DUII\DUII\Graphics\ --cpu_mode arm -Ohs  #
#                    --use_c++_inline --require_prototypes                    #
#    List file    =  C:\DUII\TargetHW\Release\List\WM_IsFocussable.lst        #
#    Object file  =  C:\DUII\TargetHW\Release\Obj\WM_IsFocussable.o           #
#                                                                             #
#                                                                             #
###############################################################################

C:\DUII\TargetHW\GUI\WM_IsFocussable.c
      1          /*********************************************************************
      2          *                SEGGER Microcontroller GmbH & Co. KG                *
      3          *        Solutions for real time microcontroller applications        *
      4          **********************************************************************
      5          *                                                                    *
      6          *        (c) 1996 - 2010  SEGGER Microcontroller GmbH & Co. KG       *
      7          *                                                                    *
      8          *        Internet: www.segger.com    Support:  support@segger.com    *
      9          *                                                                    *
     10          **********************************************************************
     11          
     12          ** emWin V5.06 - Graphical user interface for embedded applications **
     13          emWin is protected by international copyright laws.   Knowledge of the
     14          source code may not be used to write a similar product.  This file may
     15          only be used in accordance with a license and should not be re-
     16          distributed in any way. We appreciate your understanding and fairness.
     17          ----------------------------------------------------------------------
     18          File        : WM_IsFocussable.c
     19          Purpose     : Windows manager, implementation of WM_IsFocussable
     20          ----------------------------------------------------------------------
     21          */
     22          
     23          #include "WM_Intern.h"
     24          
     25          #if GUI_WINSUPPORT    /* If 0, WM will not generate any code */
     26          
     27          /*********************************************************************
     28          *
     29          *       Public code
     30          *
     31          **********************************************************************
     32          */
     33          /*********************************************************************
     34          *
     35          *       WM_IsFocussable
     36          */

   \                                 In section .text, align 4, keep-with-next
     37          int WM_IsFocussable(WM_HWIN hWin) {
   \                     WM_IsFocussable:
   \   00000000   00402DE9           PUSH     {LR}
   \   00000004   14D04DE2           SUB      SP,SP,#+20
     38            int r = 0;
   \   00000008   0010A0E3           MOV      R1,#+0
     39            if (hWin) {
   \   0000000C   000050E3           CMP      R0,#+0
   \   00000010   0500000A           BEQ      ??WM_IsFocussable_0
     40              WM_MESSAGE Msg;
     41              Msg.Data.v = 0;
   \   00000014   0C108DE5           STR      R1,[SP, #+12]
     42              Msg.MsgId  = WM_GET_ACCEPT_FOCUS;
   \   00000018   1F20A0E3           MOV      R2,#+31
   \   0000001C   00208DE5           STR      R2,[SP, #+0]
     43              WM_SendMessage(hWin, &Msg);
   \   00000020   0D10A0E1           MOV      R1,SP
   \   00000024   ........           BL       WM_SendMessage
     44              r = Msg.Data.v;
   \   00000028   0C109DE5           LDR      R1,[SP, #+12]
     45            }
     46            return r;
   \                     ??WM_IsFocussable_0:
   \   0000002C   0100A0E1           MOV      R0,R1
   \   00000030   14D08DE2           ADD      SP,SP,#+20
   \   00000034   0080BDE8           POP      {PC}             ;; return
     47          }
     48          
     49          #else
     50            void WM_IsFocussable_C(void) {} /* avoid empty object files */
     51          #endif
     52          
     53          /*************************** End of file ****************************/

   Maximum stack usage in bytes:

     Function        .cstack
     --------        -------
     WM_IsFocussable     24


   Section sizes:

     Function/Label  Bytes
     --------------  -----
     WM_IsFocussable   56

 
 56 bytes in section .text
 
 56 bytes of CODE memory

Errors: none
Warnings: none
