###############################################################################
#                                                                             #
# IAR ANSI C/C++ Compiler V6.10.2.52244/W32 for ARM     19/Nov/2015  13:16:43 #
# Copyright 1999-2010 IAR Systems AB.                                         #
#                                                                             #
#    Cpu mode     =  arm                                                      #
#    Endian       =  little                                                   #
#    Source file  =  C:\DUII\TargetHW\GUI\WM_UpdateWindowAndDescs.c           #
#    Command line =  C:\DUII\TargetHW\GUI\WM_UpdateWindowAndDescs.c -D        #
#                    DEBUG=1 -D SDRAM_TARGET=1 -D USB_IS_HIGH_SPEED -D        #
#                    NOPROFILER -D OS_TRACE=0 -D OS_VIEW_ENABLE=0 -lCN        #
#                    C:\DUII\TargetHW\Release\List\ -o                        #
#                    C:\DUII\TargetHW\Release\Obj\ --endian=little            #
#                    --cpu=ARM926EJ-S -e --fpu=None --dlib_config             #
#                    "C:\Program Files (x86)\IAR Systems\Embedded Workbench   #
#                    6.0\arm\INC\c\DLib_Config_Normal.h" -I                   #
#                    C:\DUII\TargetHW\Application\SEGGERDEMO\ -I              #
#                    C:\DUII\TargetHW\Application\SEGGERDEMO\Src\ -I          #
#                    C:\DUII\TargetHW\Config\ -I C:\DUII\TargetHW\FS\ -I      #
#                    C:\DUII\TargetHW\GUI\ -I C:\DUII\TargetHW\Inc\ -I        #
#                    C:\DUII\TargetHW\OS\ -I C:\DUII\TargetHW\Setup\ -I       #
#                    \DUII\DUII\ -I \DUII\DUII\Graphics\ --cpu_mode arm -Ohs  #
#                    --use_c++_inline --require_prototypes                    #
#    List file    =  C:\DUII\TargetHW\Release\List\WM_UpdateWindowAndDescs.ls #
#                    t                                                        #
#    Object file  =  C:\DUII\TargetHW\Release\Obj\WM_UpdateWindowAndDescs.o   #
#                                                                             #
#                                                                             #
###############################################################################

C:\DUII\TargetHW\GUI\WM_UpdateWindowAndDescs.c
      1          /*********************************************************************
      2          *                SEGGER Microcontroller GmbH & Co. KG                *
      3          *        Solutions for real time microcontroller applications        *
      4          **********************************************************************
      5          *                                                                    *
      6          *        (c) 1996 - 2010  SEGGER Microcontroller GmbH & Co. KG       *
      7          *                                                                    *
      8          *        Internet: www.segger.com    Support:  support@segger.com    *
      9          *                                                                    *
     10          **********************************************************************
     11          
     12          ** emWin V5.06 - Graphical user interface for embedded applications **
     13          emWin is protected by international copyright laws.   Knowledge of the
     14          source code may not be used to write a similar product.  This file may
     15          only be used in accordance with a license and should not be re-
     16          distributed in any way. We appreciate your understanding and fairness.
     17          ----------------------------------------------------------------------
     18          File        : WM_UpdateWindowAndDescs.c
     19          Purpose     : Windows manager, add. module
     20          ----------------------------------------------------------------------
     21          */
     22          
     23          #include <stddef.h>
     24          #include "WM_Intern.h"
     25          
     26          #if GUI_WINSUPPORT
     27          
     28          /*********************************************************************
     29          *
     30          *       Static code
     31          *
     32          **********************************************************************
     33          */
     34          /*********************************************************************
     35          *
     36          *       _cbUpdateWindowAndDescs
     37          */

   \                                 In section .text, align 4, keep-with-next
     38          static void _cbUpdateWindowAndDescs(WM_HWIN hWin, void* pData) {
     39            GUI_USE_PARA(pData);
     40            WM_Update(hWin);
   \                     _cbUpdateWindowAndDescs:
   \   00000000   ........           B        WM_Update        ;; tailcall
     41          }
     42          
     43          /*********************************************************************
     44          *
     45          *       Public code
     46          *
     47          **********************************************************************
     48          */
     49          /*********************************************************************
     50          *
     51          *       WM_UpdateWindowAndDescs
     52          */

   \                                 In section .text, align 4, keep-with-next
     53          void WM_UpdateWindowAndDescs(WM_HWIN hWin) {
   \                     WM_UpdateWindowAndDescs:
   \   00000000   10402DE9           PUSH     {R4,LR}
   \   00000004   0040A0E1           MOV      R4,R0
     54            WM_Update(hWin);
   \   00000008   ........           BL       WM_Update
     55            WM__ForEachDesc(hWin, _cbUpdateWindowAndDescs, NULL);
   \   0000000C   0400A0E1           MOV      R0,R4
   \   00000010   1040BDE8           POP      {R4,LR}
   \   00000014   0020A0E3           MOV      R2,#+0
   \   00000018   ........           LDR      R1,??DataTable0
   \   0000001C   ........           B        WM__ForEachDesc  ;; tailcall
     56          }

   \                                 In section .text, align 4, keep-with-next
   \                     ??DataTable0:
   \   00000000   ........           DC32     _cbUpdateWindowAndDescs
     57          
     58          #else
     59            void WM_UpdateWindowAndDescs(void) {} /* avoid empty object files */
     60          #endif /* GUI_WINSUPPORT */
     61          
     62          /*************************** End of file ****************************/

   Maximum stack usage in bytes:

     Function                .cstack
     --------                -------
     WM_UpdateWindowAndDescs      8
     _cbUpdateWindowAndDescs      8


   Section sizes:

     Function/Label          Bytes
     --------------          -----
     _cbUpdateWindowAndDescs    4
     WM_UpdateWindowAndDescs   32
     ??DataTable0               4

 
 40 bytes in section .text
 
 40 bytes of CODE memory

Errors: none
Warnings: none
