
BL51 BANKED LINKER/LOCATER V6.00 - SN: D1F8C-X1185U
COPYRIGHT KEIL ELEKTRONIK GmbH 1987 - 2005
C:\Keil\Traqmate\132micro\CommonFiles\crc.obj,
C:\Keil\Traqmate\132micro\DU\display.obj,
C:\Keil\Traqmate\132micro\DU\displayunit.obj,
C:\Keil\Traqmate\132micro\CommonFiles\message.obj,
C:\Keil\Traqmate\132micro\DU\menu.obj,
C:\Keil\Traqmate\132micro\DU\formatgps.obj,
C:\Keil\Traqmate\132micro\DU\timer.obj,
C:\Keil\Traqmate\132micro\CommonFiles\dataflash.obj,
C:\Keil\Traqmate\132micro\CommonFiles\cygfx120.obj,
C:\Keil\Traqmate\132micro\CommonFiles\session.obj,
C:\Keil\Traqmate\132micro\CommonFiles\cygnalflash.obj,
C:\Keil\Traqmate\132micro\CommonFiles\fdl.obj,
C:\Keil\Traqmate\132micro\CommonFiles\roadblock.obj,
C:\Keil\Traqmate\132micro\CommonFiles\factorytest.obj  TO C:\Keil\Traqmate\132micro\DU\displayunit RS(256) PL(68) PW(78) RECURSIONS (20) CODE (?PR?*FDL (0XFE02))  

*** WARNING L13: RECURSIVE CALL TO SEGMENT
    SEGMENT: ?CO?DISPLAYUNIT
    CALLER:  ?PR?_INFO_SCREEN?DISPLAY

*** WARNING L13: RECURSIVE CALL TO SEGMENT
    SEGMENT: ?CO?DISPLAYUNIT
    CALLER:  ?PR?_WRITE_BIG_TEXT?DISPLAY

*** WARNING L13: RECURSIVE CALL TO SEGMENT
    SEGMENT: ?CO?DISPLAYUNIT
    CALLER:  ?PR?WRITE_TIMER?TIMER

*** WARNING L13: RECURSIVE CALL TO SEGMENT
    SEGMENT: ?CO?DISPLAYUNIT
    CALLER:  ?PR?_WRITE_MED_TEXT?DISPLAY

*** WARNING L13: RECURSIVE CALL TO SEGMENT
    SEGMENT: ?CO?DISPLAYUNIT
    CALLER:  ?PR?_WRITE_FLAG?TIMER

*** WARNING L13: RECURSIVE CALL TO SEGMENT
    SEGMENT: ?CO?DISPLAYUNIT
    CALLER:  ?PR?_SHOWLAPS?MENU

*** WARNING L13: RECURSIVE CALL TO SEGMENT
    SEGMENT: ?CO?DISPLAYUNIT
    CALLER:  ?PR?_WRITE_SIGSTRENGTH?TIMER

*** WARNING L13: RECURSIVE CALL TO SEGMENT
    SEGMENT: ?CO?DISPLAYUNIT
    CALLER:  ?PR?_WRITE_BIG_LINE?DISPLAY

*** WARNING L13: RECURSIVE CALL TO SEGMENT
    SEGMENT: ?CO?DISPLAYUNIT
    CALLER:  ?PR?_COLLECTDATA?MENU

*** WARNING L13: RECURSIVE CALL TO SEGMENT
    SEGMENT: ?CO?DISPLAYUNIT
    CALLER:  ?PR?_SENDMESSAGE?MESSAGE

*** WARNING L13: RECURSIVE CALL TO SEGMENT
    SEGMENT: ?CO?DISPLAYUNIT
    CALLER:  ?PR?_CRC16?CRC

*** WARNING L13: RECURSIVE CALL TO SEGMENT
    SEGMENT: ?CO?DISPLAYUNIT
    CALLER:  ?PR?_LAP_CHECK?TIMER

*** WARNING L13: RECURSIVE CALL TO SEGMENT
    SEGMENT: ?CO?DISPLAYUNIT
    CALLER:  ?PR?_WRITE_ARROW?TIMER

*** WARNING L13: RECURSIVE CALL TO SEGMENT
    SEGMENT: ?CO?DISPLAYUNIT
    CALLER:  ?PR?_MARKSTART?MENU

*** WARNING L13: RECURSIVE CALL TO SEGMENT
    SEGMENT: ?CO?DISPLAYUNIT
    CALLER:  ?PR?_IDLE?MENU

*** WARNING L13: RECURSIVE CALL TO SEGMENT
    SEGMENT: ?PR?_CLEARMENU?MENU
    CALLER:  ?PR?_DONTCLEAR?MENU

*** WARNING L13: RECURSIVE CALL TO SEGMENT
    SEGMENT: ?CO?DISPLAYUNIT
    CALLER:  ?PR?_NEXTINPUT?MENU

*** WARNING L13: RECURSIVE CALL TO SEGMENT
    SEGMENT: ?CO?DISPLAYUNIT
    CALLER:  ?PR?_WRITE_TEXT?DISPLAY

Program Size: data=128.1 xdata=8074 code=54547
LINK/LOCATE RUN COMPLETE.  18 WARNING(S),  0 ERROR(S)
