Build started 2/9/2016 6:21:01 PM.
     1>Project "C:\DUII\Simulation\Simulation.vcxproj" on node 2 (build target(s)).
     1>InitializeBuildStatus:
         Creating ".\Output\WIN32_MSVC60\Debug\DUII.unsuccessfulbuild" because "AlwaysCreate" was specified.
       ClCompile:
         All outputs are up-to-date.
         All outputs are up-to-date.
       ResourceCompile:
         All outputs are up-to-date.
       ManifestResourceCompile:
         All outputs are up-to-date.
       Link:
         All outputs are up-to-date.
       Manifest:
         All outputs are up-to-date.
       BscMake:
         All outputs are up-to-date.
       FinalizeBuildStatus:
         Deleting file ".\Output\WIN32_MSVC60\Debug\DUII.unsuccessfulbuild".
         Touching ".\Output\WIN32_MSVC60\Debug\DUII.lastbuildstate".
     1>Done Building Project "C:\DUII\Simulation\Simulation.vcxproj" (build target(s)).

Build succeeded.

Time Elapsed 00:00:01.51
