C51 COMPILER V8.02   ROADBLOCK                                                             01/19/2010 11:35:23 PAGE 1   


C51 COMPILER V8.02, COMPILATION OF MODULE ROADBLOCK
OBJECT MODULE PLACED IN ..\CommonFiles\roadblock.OBJ
COMPILER INVOKED BY: C:\Keil\C51\BIN\C51.EXE ..\CommonFiles\roadblock.c OPTIMIZE(SIZE) BROWSE INCDIR(C:\Keil\C51\INC\;C:
                    -\Keil\Traqmate\132micro\CommonFiles\;C:\Keil\Traqmate\132micro\Superflash\;C:\Keil\Traqmate\132micro\DU\;C:\Keil\Traqmat
                    -e\132micro\SU) DB OE DEFINE(DISPLAY,EXTCLK6,NODEBUG) DEBUG OBJECTEXTEND PRINT(.\roadblock.lst) SRC(.\roadblock.SRC)

line level    source

   1          //
   2          // Part of traqmate SU and DU
   3          //
   4          // This infinite loop is placed before the code reflash routine in order to stop runaway
   5          // software or a random program counter startup load from killing the code.
   6          #pragma ASM
   7          ROADBLOCK       SEGMENT CODE
   8                  RSEG    ROADBLOCK
   9                  JMP     $       // endless loop to protect against accidental code erase
  10          #pragma ENDASM


MODULE INFORMATION:   STATIC OVERLAYABLE
   CODE SIZE        =   ----    ----
   CONSTANT SIZE    =   ----    ----
   XDATA SIZE       =   ----    ----
   PDATA SIZE       =   ----    ----
   DATA SIZE        =   ----    ----
   IDATA SIZE       =   ----    ----
   BIT SIZE         =   ----    ----
END OF MODULE INFORMATION.


C51 COMPILATION COMPLETE.  0 WARNING(S),  0 ERROR(S)
